07:42:57.863 [main                     ] DEBUG Logger               - Configured Logger
07:42:57.886 [main                     ] DEBUG GameApplication      - Logging settings
Title: Pokemon
Version: 0.1
Width: 1024
Height: 800
Fullscreen: false
Intro: false
Profiling: false
Single step:false
App Mode: DEVELOPER
Menu Key: ESCAPE
Stage Style: DECORATED
Scene Factory: class org.example.pokemon.map.GameApp$1

07:42:58.121 [JavaFX Application Thread] DEBUG FXGLApplication      - Initializing FXGL
07:42:58.123 [JavaFX Application Thread] INFO  Engine               - FXGL-21 (28.12.2023 13.35) on WINDOWS (J:21.0.4 FX:21)
07:42:58.124 [JavaFX Application Thread] DEBUG Engine               - JRE Vendor Name: Oracle Corporation
07:42:58.124 [JavaFX Application Thread] DEBUG Engine               - Running on OS: Windows 11 version 10.0
07:42:58.124 [JavaFX Application Thread] DEBUG Engine               - Architecture: amd64
07:42:58.124 [JavaFX Application Thread] INFO  Engine               - Source code and latest versions at: https://github.com/AlmasB/FXGL
07:42:58.124 [JavaFX Application Thread] INFO  Engine               -       Ask questions and discuss at: https://github.com/AlmasB/FXGL/discussions
07:42:58.124 [JavaFX Application Thread] INFO  Engine               -              Join the FXGL chat at: https://gitter.im/AlmasB/FXGL
07:42:58.183 [JavaFX Application Thread] DEBUG PrimaryStageWindow   - Creating a JavaFX scene
07:42:58.208 [JavaFX Application Thread] DEBUG PrimaryStageWindow   - Target settings size: 1024.0 x 800.0
07:42:58.208 [JavaFX Application Thread] DEBUG PrimaryStageWindow   - Scaled scene size:    1024.0 x 800.0
07:42:58.208 [JavaFX Application Thread] DEBUG PrimaryStageWindow   - Scaled ratio: (1.0, 1.0)
07:42:58.210 [JavaFX Application Thread] DEBUG PrimaryStageWindow   - Set initial scene to FXGLStartupScene
07:42:58.212 [JavaFX Application Thread] DEBUG PrimaryStageWindow   - Opening main window
07:42:58.277 [JavaFX Application Thread] DEBUG PrimaryStageWindow   - Window border size: (14.6666259765625, 37.33331298828125)
07:42:58.277 [JavaFX Application Thread] DEBUG PrimaryStageWindow   - Scaled size: 1024.0 x 800.0
07:42:58.277 [JavaFX Application Thread] DEBUG PrimaryStageWindow   - Scaled ratio: (1.0, 1.0)
07:42:58.277 [JavaFX Application Thread] DEBUG PrimaryStageWindow   - Scene size: 1024.0 x 800.0
07:42:58.277 [JavaFX Application Thread] DEBUG PrimaryStageWindow   - Stage size: 1038.6666259765625 x 837.3333129882812
07:42:58.282 [FXGL Background Thread 1 ] DEBUG Engine               - Initializing environment variables
07:42:58.318 [FXGL Background Thread 1 ] DEBUG FXGLAssetLoaderServi - User app class for loading assets: class org.example.pokemon.map.GameApp
07:42:58.318 [FXGL Background Thread 1 ] DEBUG GameApplicationServi - Applying CSS: fxgl_dark.css
07:42:58.320 [FXGL Background Thread 1 ] DEBUG FXGLAssetLoaderServi - Loading from file system: jar:file:///C:/Java%20Lib/apache-maven-3.8.8/repo/com/github/almasb/fxgl/21/fxgl-21.jar!/fxglassets/ui/css/fxgl_dark.css
07:42:58.368 [FXGL Background Thread 1 ] DEBUG GameApplicationServi - Initializing application scenes
07:42:58.446 [FXGL Background Thread 1 ] DEBUG GameWorld            - Game world initialized
07:42:58.484 [FXGL Background Thread 1 ] DEBUG PhysicsWorld         - Physics world initialized: appHeight=800, physics.ppm=50.0
07:42:58.485 [FXGL Background Thread 1 ] DEBUG PhysicsWorld         - Using strategy: BRUTE_FORCE
07:42:58.488 [FXGL Background Thread 1 ] DEBUG GameScene            - Game scene initialized: 1024x800
07:42:58.675 [FXGL Background Thread 1 ] DEBUG FXGL.DefaultMenu     - createMenuBodyGameMenu()
07:42:58.681 [FXGL Background Thread 1 ] DEBUG FXGL.DefaultMenu     - createOptionsMenu()
07:42:58.686 [FXGL Background Thread 1 ] DEBUG FXGLAssetLoaderServi - Loading from file system: jar:file:///C:/Java%20Lib/apache-maven-3.8.8/repo/com/github/almasb/fxgl/21/fxgl-21.jar!/fxglassets/textures/particles/smoke.png
07:42:58.785 [FXGL Background Thread 1 ] DEBUG FXGLAssetLoaderServi - Loading from file system: jar:file:///C:/Java%20Lib/apache-maven-3.8.8/repo/com/github/almasb/fxgl/21/fxgl-21.jar!/fxglassets/textures/particles/trace_horizontal.png
07:42:58.793 [FXGL Background Thread 1 ] DEBUG GameApplicationServi - Application scenes initialized
07:42:58.805 [FXGL Background Thread 1 ] DEBUG SystemBundleService  - Loading FXGL system data
07:42:58.807 [FXGL Background Thread 1 ] DEBUG FileSystemAccess     - Reading from: D:\Repo\Pokemon\system\fxgl.bundle
07:42:58.812 [FXGL Background Thread 1 ] DEBUG SystemBundleService  - Bundle FXGL: {}
07:42:58.812 [FXGL Background Thread 1 ] DEBUG UpdaterService       - Checking for updates
07:42:58.814 [FXGL Background Thread 4 ] DEBUG FXGLApplication      - Loading fonts
07:42:58.814 [FXGL Background Thread 4 ] DEBUG FXGLAssetLoaderServi - Loading from file system: jar:file:///C:/Java%20Lib/apache-maven-3.8.8/repo/com/github/almasb/fxgl/21/fxgl-21.jar!/fxglassets/ui/fonts/VarelaRound-Regular.ttf
07:42:58.814 [FXGL Background Thread 1 ] DEBUG FXGLApplication      - Loading default localization
07:42:58.814 [FXGL Background Thread 1 ] DEBUG FXGLAssetLoaderServi - Loading from file system: jar:file:///C:/Java%20Lib/apache-maven-3.8.8/repo/com/github/almasb/fxgl/21/fxgl-21.jar!/fxglassets/languages/english.lang
07:42:58.842 [FXGL Background Thread 4 ] DEBUG FXGLAssetLoaderServi - Loading from file system: jar:file:///C:/Java%20Lib/apache-maven-3.8.8/repo/com/github/almasb/fxgl/21/fxgl-21.jar!/fxglassets/ui/fonts/Abel-Regular.ttf
07:42:58.845 [FXGL Background Thread 4 ] DEBUG FXGLAssetLoaderServi - Loading from file system: jar:file:///C:/Java%20Lib/apache-maven-3.8.8/repo/com/github/almasb/fxgl/21/fxgl-21.jar!/fxglassets/ui/fonts/TerminalLandMono-Regular.otf
07:42:58.853 [FXGL Background Thread 4 ] DEBUG FXGLAssetLoaderServi - Loading from file system: jar:file:///C:/Java%20Lib/apache-maven-3.8.8/repo/com/github/almasb/fxgl/21/fxgl-21.jar!/fxglassets/ui/fonts/Courier-Prime.ttf
07:42:58.867 [JavaFX Application Thread] DEBUG FXGLApplication      - Registering font factories with UI factory
07:42:58.906 [FXGL Background Thread 1 ] INFO  FXGLApplication      - FXGL initialization took: 0.624 sec
07:42:58.930 [JavaFX Application Thread] DEBUG Input                - Registered new binding: action0 - W
07:42:58.932 [JavaFX Application Thread] DEBUG Input                - Registered new binding: action1 - A
07:42:58.933 [JavaFX Application Thread] DEBUG Input                - Registered new binding: action2 - S
07:42:58.933 [JavaFX Application Thread] DEBUG Input                - Registered new binding: action3 - D
07:42:58.934 [JavaFX Application Thread] DEBUG Input                - Registered new binding: action4 - Up
07:42:58.934 [JavaFX Application Thread] DEBUG Input                - Registered new binding: action5 - Left
07:42:58.934 [JavaFX Application Thread] DEBUG Input                - Registered new binding: action6 - Down
07:42:58.935 [JavaFX Application Thread] DEBUG Input                - Registered new binding: action7 - Right
07:42:58.935 [JavaFX Application Thread] DEBUG Input                - Registered new binding: action8 - J
07:42:58.935 [JavaFX Application Thread] DEBUG FXGLAssetLoaderServi - Loading from file system: file:/D:/Repo/Pokemon/target/classes/assets/music/BGM.mp3
07:42:59.037 [JavaFX Application Thread] DEBUG AudioPlayer          - Playing music com.almasb.fxgl.audio.Music@73562f13
07:42:59.037 [JavaFX Application Thread] DEBUG FXGLAssetLoaderServi - Loading from file system: jar:file:///C:/Java%20Lib/apache-maven-3.8.8/repo/com/github/almasb/fxgl/21/fxgl-21.jar!/fxglassets/textures/fxgl_icon.png
07:42:59.059 [JavaFX Application Thread] DEBUG FXGLAssetLoaderServi - Loading from file system: jar:file:///C:/Java%20Lib/apache-maven-3.8.8/repo/com/github/almasb/fxgl/21/fxgl-21.jar!/fxglassets/textures/fxgl_default_cursor.png
07:42:59.064 [JavaFX Application Thread] DEBUG Input                - Registered new binding: Screenshot - CTRL+8
07:42:59.065 [JavaFX Application Thread] DEBUG Input                - Registered new binding: System info dump - CTRL+9
07:42:59.066 [JavaFX Application Thread] DEBUG Input                - Registered new binding: Restart - CTRL+R
07:42:59.068 [JavaFX Application Thread] DEBUG Input                - Registered new binding: Toggle Debug Camera - CTRL+7
07:42:59.076 [JavaFX Application Thread] DEBUG LoopRunner           - Starting loop
07:42:59.076 [JavaFX Application Thread] DEBUG LoopRunner           - Initializing JavaFX AnimationTimerLoop
07:42:59.082 [JavaFX Application Thread] DEBUG Input                - Clearing active input actions
07:42:59.090 [JavaFX Application Thread] DEBUG GameApplicationServi - Removing overlay from FXGLStartupScene and adding to FXGLMainMenuDummyScene
07:42:59.091 [JavaFX Application Thread] DEBUG PrimaryStageWindow   - FXGLStartupScene -> FXGLMainMenuDummyScene
07:42:59.091 [JavaFX Application Thread] DEBUG PrimaryStageWindow   - Push state: TestMainMenu
07:42:59.093 [JavaFX Application Thread] DEBUG Input                - Clearing active input actions
07:42:59.097 [JavaFX Application Thread] DEBUG GameApplicationServi - Removing overlay from FXGLMainMenuDummyScene and adding to TestMainMenu
07:42:59.097 [JavaFX Application Thread] DEBUG PrimaryStageWindow   - FXGLMainMenuDummyScene -> TestMainMenu
07:43:01.358 [FXGL Background Thread 2 ] INFO  UpdaterService       - Your current version:  21
07:43:01.358 [FXGL Background Thread 2 ] INFO  UpdaterService       - Latest stable version: 21.1
07:43:01.815 [FXGL Background Thread 3 ] DEBUG Engine               - Logging environment variables
07:43:01.815 [FXGL Background Thread 3 ] DEBUG Engine               - achievements: []
07:43:01.815 [FXGL Background Thread 3 ] DEBUG Engine               - actualHeight: 800.0
07:43:01.815 [FXGL Background Thread 3 ] DEBUG Engine               - actualHeightProperty: ReadOnlyDoubleProperty [value: 800.0]
07:43:01.815 [FXGL Background Thread 3 ] DEBUG Engine               - actualWidth: 1024.0
07:43:01.815 [FXGL Background Thread 3 ] DEBUG Engine               - actualWidthProperty: ReadOnlyDoubleProperty [value: 1024.0]
07:43:01.815 [FXGL Background Thread 3 ] DEBUG Engine               - appIcon: fxgl_icon.png
07:43:01.815 [FXGL Background Thread 3 ] DEBUG Engine               - applicationMode: DEVELOPER
07:43:01.816 [FXGL Background Thread 3 ] DEBUG Engine               - cSSList: [fxgl_dark.css]
07:43:01.816 [FXGL Background Thread 3 ] DEBUG Engine               - collisionDetectionStrategy: BRUTE_FORCE
07:43:01.816 [FXGL Background Thread 3 ] DEBUG Engine               - configClass: Optional.empty
07:43:01.816 [FXGL Background Thread 3 ] DEBUG Engine               - credits: []
07:43:01.816 [FXGL Background Thread 3 ] DEBUG Engine               - defaultCursor: CursorInfo(imageName=fxgl_default_cursor.png, hotspotX=7.0, hotspotY=6.0)
07:43:01.816 [FXGL Background Thread 3 ] DEBUG Engine               - devBBoxColorProperty: ObjectProperty [value: 0xff0000ff]
07:43:01.816 [FXGL Background Thread 3 ] DEBUG Engine               - devEnableDebugCameraProperty: BooleanProperty [value: false]
07:43:01.816 [FXGL Background Thread 3 ] DEBUG Engine               - devSensorColorProperty: ObjectProperty [value: 0xffff00ff]
07:43:01.816 [FXGL Background Thread 3 ] DEBUG Engine               - devShowBBoxProperty: BooleanProperty [value: false]
07:43:01.816 [FXGL Background Thread 3 ] DEBUG Engine               - devShowPositionProperty: BooleanProperty [value: false]
07:43:01.816 [FXGL Background Thread 3 ] DEBUG Engine               - enabledMenuItems: []
07:43:01.816 [FXGL Background Thread 3 ] DEBUG Engine               - engineServices: [class com.almasb.fxgl.app.services.FXGLAssetLoaderService, class com.almasb.fxgl.app.FXGLApplication$GameApplicationService, class com.almasb.fxgl.app.services.FXGLDialogService, class com.almasb.fxgl.app.services.IOTaskExecutorService, class com.almasb.fxgl.io.FileSystemService, class com.almasb.fxgl.localization.LocalizationService, class com.almasb.fxgl.app.services.SystemBundleService, class com.almasb.fxgl.profile.SaveLoadService, class com.almasb.fxgl.ui.FXGLUIFactoryServiceProvider, class com.almasb.fxgl.ui.FXGLDialogFactoryServiceProvider, class com.almasb.fxgl.audio.AudioPlayer, class com.almasb.fxgl.notification.impl.NotificationServiceProvider, class com.almasb.fxgl.achievement.AchievementService, class com.almasb.fxgl.cutscene.CutsceneService, class com.almasb.fxgl.minigames.MiniGameService, class com.almasb.fxgl.net.NetService, class com.almasb.fxgl.app.services.UpdaterService, class com.almasb.fxgl.dev.DevService]
07:43:01.816 [FXGL Background Thread 3 ] DEBUG Engine               - fontGame: Abel-Regular.ttf
07:43:01.816 [FXGL Background Thread 3 ] DEBUG Engine               - fontMono: TerminalLandMono-Regular.otf
07:43:01.816 [FXGL Background Thread 3 ] DEBUG Engine               - fontSizeScaleUI: 1.0
07:43:01.816 [FXGL Background Thread 3 ] DEBUG Engine               - fontText: Courier-Prime.ttf
07:43:01.816 [FXGL Background Thread 3 ] DEBUG Engine               - fontUI: VarelaRound-Regular.ttf
07:43:01.816 [FXGL Background Thread 3 ] DEBUG Engine               - fullScreen: BooleanProperty [value: false]
07:43:01.816 [FXGL Background Thread 3 ] DEBUG Engine               - gameDifficulty: MEDIUM
07:43:01.816 [FXGL Background Thread 3 ] DEBUG Engine               - gameDifficultyProperty: ObjectProperty [value: MEDIUM]
07:43:01.816 [FXGL Background Thread 3 ] DEBUG Engine               - globalMusicVolume: 0.5
07:43:01.816 [FXGL Background Thread 3 ] DEBUG Engine               - globalMusicVolumeProperty: DoubleProperty [value: 0.2]
07:43:01.816 [FXGL Background Thread 3 ] DEBUG Engine               - globalSoundVolume: 0.5
07:43:01.817 [FXGL Background Thread 3 ] DEBUG Engine               - globalSoundVolumeProperty: DoubleProperty [value: 0.5]
07:43:01.817 [FXGL Background Thread 3 ] DEBUG Engine               - height: 800
07:43:01.817 [FXGL Background Thread 3 ] DEBUG Engine               - is3D: false
07:43:01.817 [FXGL Background Thread 3 ] DEBUG Engine               - isAndroid: false
07:43:01.817 [FXGL Background Thread 3 ] DEBUG Engine               - isBrowser: false
07:43:01.817 [FXGL Background Thread 3 ] DEBUG Engine               - isClickFeedbackEnabled: false
07:43:01.817 [FXGL Background Thread 3 ] DEBUG Engine               - isCloseConfirmation: false
07:43:01.817 [FXGL Background Thread 3 ] DEBUG Engine               - isDesktop: true
07:43:01.817 [FXGL Background Thread 3 ] DEBUG Engine               - isDeveloperMenuEnabled: false
07:43:01.817 [FXGL Background Thread 3 ] DEBUG Engine               - isEmbedded: false
07:43:01.817 [FXGL Background Thread 3 ] DEBUG Engine               - isEntityPreloadEnabled: true
07:43:01.817 [FXGL Background Thread 3 ] DEBUG Engine               - isExperimentalTiledLargeMap: false
07:43:01.817 [FXGL Background Thread 3 ] DEBUG Engine               - isFileSystemWriteAllowed: true
07:43:01.817 [FXGL Background Thread 3 ] DEBUG Engine               - isFullScreenAllowed: false
07:43:01.817 [FXGL Background Thread 3 ] DEBUG Engine               - isFullScreenFromStart: false
07:43:01.817 [FXGL Background Thread 3 ] DEBUG Engine               - isGameMenuEnabled: true
07:43:01.817 [FXGL Background Thread 3 ] DEBUG Engine               - isIOS: false
07:43:01.817 [FXGL Background Thread 3 ] DEBUG Engine               - isIntroEnabled: false
07:43:01.817 [FXGL Background Thread 3 ] DEBUG Engine               - isLinux: false
07:43:01.817 [FXGL Background Thread 3 ] DEBUG Engine               - isMac: false
07:43:01.817 [FXGL Background Thread 3 ] DEBUG Engine               - isMainMenuEnabled: true
07:43:01.817 [FXGL Background Thread 3 ] DEBUG Engine               - isManualResizeEnabled: false
07:43:01.817 [FXGL Background Thread 3 ] DEBUG Engine               - isMobile: false
07:43:01.817 [FXGL Background Thread 3 ] DEBUG Engine               - isNative: false
07:43:01.817 [FXGL Background Thread 3 ] DEBUG Engine               - isPauseMusicWhenMinimized: true
07:43:01.817 [FXGL Background Thread 3 ] DEBUG Engine               - isPreserveResizeRatio: false
07:43:01.817 [FXGL Background Thread 3 ] DEBUG Engine               - isProfilingEnabled: false
07:43:01.817 [FXGL Background Thread 3 ] DEBUG Engine               - isScaleAffectedOnResize: true
07:43:01.817 [FXGL Background Thread 3 ] DEBUG Engine               - isSingleStep: false
07:43:01.817 [FXGL Background Thread 3 ] DEBUG Engine               - isUserProfileEnabled: false
07:43:01.817 [FXGL Background Thread 3 ] DEBUG Engine               - isWindows: true
07:43:01.817 [FXGL Background Thread 3 ] DEBUG Engine               - language: ObjectProperty [value: ENGLISH]
07:43:01.817 [FXGL Background Thread 3 ] DEBUG Engine               - menuKey: ESCAPE
07:43:01.817 [FXGL Background Thread 3 ] DEBUG Engine               - mouseSensitivity: 0.2
07:43:01.817 [FXGL Background Thread 3 ] DEBUG Engine               - notificationViewClass: class com.almasb.fxgl.notification.view.XboxNotificationView
07:43:01.817 [FXGL Background Thread 3 ] DEBUG Engine               - pixelsPerMeter: 50.0
07:43:01.817 [FXGL Background Thread 3 ] DEBUG Engine               - platform: WINDOWS
07:43:01.817 [FXGL Background Thread 3 ] DEBUG Engine               - prefHeightProperty: ReadOnlyDoubleProperty [value: 800.0]
07:43:01.817 [FXGL Background Thread 3 ] DEBUG Engine               - prefWidthProperty: ReadOnlyDoubleProperty [value: 1024.0]
07:43:01.817 [FXGL Background Thread 3 ] DEBUG Engine               - profileDir: profiles/
07:43:01.817 [FXGL Background Thread 3 ] DEBUG Engine               - profileName: StringProperty [value: DEFAULT]
07:43:01.817 [FXGL Background Thread 3 ] DEBUG Engine               - randomSeed: -1
07:43:01.817 [FXGL Background Thread 3 ] DEBUG Engine               - runtimeInfo: RuntimeInfo(platform=WINDOWS, version=21, build=28.12.2023 13.35)
07:43:01.817 [FXGL Background Thread 3 ] DEBUG Engine               - saveFileExt: sav
07:43:01.817 [FXGL Background Thread 3 ] DEBUG Engine               - scaledHeightProp$fxgl: DoubleProperty [bound, value: 800.0]
07:43:01.817 [FXGL Background Thread 3 ] DEBUG Engine               - scaledWidthProp$fxgl: DoubleProperty [bound, value: 1024.0]
07:43:01.817 [FXGL Background Thread 3 ] DEBUG Engine               - sceneFactory: org.example.pokemon.map.GameApp$1@252772a2
07:43:01.817 [FXGL Background Thread 3 ] DEBUG Engine               - secondsIn24h: 60
07:43:01.818 [FXGL Background Thread 3 ] DEBUG Engine               - soundMenuBack: menu/back.wav
07:43:01.818 [FXGL Background Thread 3 ] DEBUG Engine               - soundMenuPress: menu/press.wav
07:43:01.818 [FXGL Background Thread 3 ] DEBUG Engine               - soundMenuSelect: menu/select.wav
07:43:01.818 [FXGL Background Thread 3 ] DEBUG Engine               - soundNotification: core/notification.wav
07:43:01.818 [FXGL Background Thread 3 ] DEBUG Engine               - stageStyle: DECORATED
07:43:01.818 [FXGL Background Thread 3 ] DEBUG Engine               - supportedLanguages: [ENGLISH, FRENCH, GERMAN, HUNGARIAN, RUSSIAN]
07:43:01.818 [FXGL Background Thread 3 ] DEBUG Engine               - ticksPerSecond: -1
07:43:01.818 [FXGL Background Thread 3 ] DEBUG Engine               - title: Pokemon
07:43:01.818 [FXGL Background Thread 3 ] DEBUG Engine               - urlGithub: https://github.com/AlmasB/FXGL
07:43:01.818 [FXGL Background Thread 3 ] DEBUG Engine               - urlLeaderboard: http://fxgl-top.herokuapp.com/
07:43:01.818 [FXGL Background Thread 3 ] DEBUG Engine               - urlPOM: https://raw.githubusercontent.com/AlmasB/FXGL/release/README.md
07:43:01.818 [FXGL Background Thread 3 ] DEBUG Engine               - userAppClass: class org.example.pokemon.map.GameApp
07:43:01.818 [FXGL Background Thread 3 ] DEBUG Engine               - version: 0.1
07:43:01.818 [FXGL Background Thread 3 ] DEBUG Engine               - versionCheckDays: 7
07:43:01.818 [FXGL Background Thread 3 ] DEBUG Engine               - width: 1024
07:43:01.818 [FXGL Background Thread 3 ] DEBUG Engine               - Logging services
07:43:01.818 [FXGL Background Thread 3 ] DEBUG Engine               - class com.almasb.fxgl.app.services.FXGLAssetLoaderService
07:43:01.818 [FXGL Background Thread 3 ] DEBUG Engine               - class com.almasb.fxgl.app.FXGLApplication$GameApplicationService
07:43:01.818 [FXGL Background Thread 3 ] DEBUG Engine               - class com.almasb.fxgl.app.services.FXGLDialogService
07:43:01.818 [FXGL Background Thread 3 ] DEBUG Engine               - class com.almasb.fxgl.app.services.IOTaskExecutorService
07:43:01.818 [FXGL Background Thread 3 ] DEBUG Engine               - class com.almasb.fxgl.io.FileSystemService
07:43:01.818 [FXGL Background Thread 3 ] DEBUG Engine               - class com.almasb.fxgl.localization.LocalizationService
07:43:01.818 [FXGL Background Thread 3 ] DEBUG Engine               - class com.almasb.fxgl.app.services.SystemBundleService
07:43:01.818 [FXGL Background Thread 3 ] DEBUG Engine               - class com.almasb.fxgl.profile.SaveLoadService
07:43:01.818 [FXGL Background Thread 3 ] DEBUG Engine               - class com.almasb.fxgl.ui.FXGLUIFactoryServiceProvider
07:43:01.818 [FXGL Background Thread 3 ] DEBUG Engine               - class com.almasb.fxgl.ui.FXGLDialogFactoryServiceProvider
07:43:01.818 [FXGL Background Thread 3 ] DEBUG Engine               - class com.almasb.fxgl.audio.AudioPlayer
07:43:01.818 [FXGL Background Thread 3 ] DEBUG Engine               - class com.almasb.fxgl.notification.impl.NotificationServiceProvider
07:43:01.818 [FXGL Background Thread 3 ] DEBUG Engine               - class com.almasb.fxgl.achievement.AchievementService
07:43:01.818 [FXGL Background Thread 3 ] DEBUG Engine               - class com.almasb.fxgl.cutscene.CutsceneService
07:43:01.818 [FXGL Background Thread 3 ] DEBUG Engine               - class com.almasb.fxgl.minigames.MiniGameService
07:43:01.818 [FXGL Background Thread 3 ] DEBUG Engine               - class com.almasb.fxgl.net.NetService
07:43:01.818 [FXGL Background Thread 3 ] DEBUG Engine               - class com.almasb.fxgl.app.services.UpdaterService
07:43:01.818 [FXGL Background Thread 3 ] DEBUG Engine               - class com.almasb.fxgl.dev.DevService
07:43:36.919 [JavaFX Application Thread] DEBUG FXGLApplication      - Exiting FXGL
07:43:36.919 [JavaFX Application Thread] DEBUG LoopRunner           - Stopping loop
07:43:36.920 [JavaFX Application Thread] DEBUG SystemBundleService  - Saving FXGL system data
07:43:36.921 [JavaFX Application Thread] DEBUG FileSystemAccess     - Writing to: D:\Repo\Pokemon\system\fxgl.bundle
07:43:36.922 [JavaFX Application Thread] DEBUG Async                - Shutting down background threads
07:43:36.922 [JavaFX Application Thread] DEBUG PrimaryStageWindow   - Closing main window
07:43:36.936 [JavaFX Application Thread] DEBUG Logger               - Closing Logger
