00:22:33.244 [main                     ] DEBUG Logger               - Configured Logger
00:22:33.274 [main                     ] DEBUG GameApplication      - Logging settings
Title: Pokemon
Version: 0.1
Width: 1024
Height: 800
Fullscreen: false
Intro: false
Profiling: false
Single step:false
App Mode: DEVELOPER
Menu Key: ESCAPE
Stage Style: DECORATED
Scene Factory: class org.example.pokemon.map.GameApp$1

00:22:33.543 [JavaFX Application Thread] DEBUG FXGLApplication      - Initializing FXGL
00:22:33.546 [JavaFX Application Thread] INFO  Engine               - FXGL-21 (28.12.2023 13.35) on WINDOWS (J:21.0.4 FX:21)
00:22:33.547 [JavaFX Application Thread] DEBUG Engine               - JRE Vendor Name: Oracle Corporation
00:22:33.547 [JavaFX Application Thread] DEBUG Engine               - Running on OS: Windows 11 version 10.0
00:22:33.547 [JavaFX Application Thread] DEBUG Engine               - Architecture: amd64
00:22:33.548 [JavaFX Application Thread] INFO  Engine               - Source code and latest versions at: https://github.com/AlmasB/FXGL
00:22:33.548 [JavaFX Application Thread] INFO  Engine               -       Ask questions and discuss at: https://github.com/AlmasB/FXGL/discussions
00:22:33.548 [JavaFX Application Thread] INFO  Engine               -              Join the FXGL chat at: https://gitter.im/AlmasB/FXGL
00:22:33.612 [JavaFX Application Thread] DEBUG PrimaryStageWindow   - Creating a JavaFX scene
00:22:33.652 [JavaFX Application Thread] DEBUG PrimaryStageWindow   - Target settings size: 1024.0 x 800.0
00:22:33.652 [JavaFX Application Thread] DEBUG PrimaryStageWindow   - Scaled scene size:    1024.0 x 800.0
00:22:33.652 [JavaFX Application Thread] DEBUG PrimaryStageWindow   - Scaled ratio: (1.0, 1.0)
00:22:33.653 [JavaFX Application Thread] DEBUG PrimaryStageWindow   - Set initial scene to FXGLStartupScene
00:22:33.655 [JavaFX Application Thread] DEBUG PrimaryStageWindow   - Opening main window
00:22:33.729 [JavaFX Application Thread] DEBUG PrimaryStageWindow   - Window border size: (14.6666259765625, 37.33331298828125)
00:22:33.729 [JavaFX Application Thread] DEBUG PrimaryStageWindow   - Scaled size: 1024.0 x 800.0
00:22:33.729 [JavaFX Application Thread] DEBUG PrimaryStageWindow   - Scaled ratio: (1.0, 1.0)
00:22:33.729 [JavaFX Application Thread] DEBUG PrimaryStageWindow   - Scene size: 1024.0 x 800.0
00:22:33.730 [JavaFX Application Thread] DEBUG PrimaryStageWindow   - Stage size: 1038.6666259765625 x 837.3333129882812
00:22:33.736 [FXGL Background Thread 1 ] DEBUG Engine               - Initializing environment variables
00:22:33.779 [FXGL Background Thread 1 ] DEBUG FXGLAssetLoaderServi - User app class for loading assets: class org.example.pokemon.map.GameApp
00:22:33.779 [FXGL Background Thread 1 ] DEBUG GameApplicationServi - Applying CSS: fxgl_dark.css
00:22:33.779 [FXGL Background Thread 1 ] DEBUG FXGLAssetLoaderServi - Loading from file system: jar:file:///C:/Java%20Lib/apache-maven-3.8.8/repo/com/github/almasb/fxgl/21/fxgl-21.jar!/fxglassets/ui/css/fxgl_dark.css
00:22:33.828 [FXGL Background Thread 1 ] DEBUG GameApplicationServi - Initializing application scenes
00:22:33.904 [FXGL Background Thread 1 ] DEBUG GameWorld            - Game world initialized
00:22:33.950 [FXGL Background Thread 1 ] DEBUG PhysicsWorld         - Physics world initialized: appHeight=800, physics.ppm=50.0
00:22:33.951 [FXGL Background Thread 1 ] DEBUG PhysicsWorld         - Using strategy: BRUTE_FORCE
00:22:33.954 [FXGL Background Thread 1 ] DEBUG GameScene            - Game scene initialized: 1024x800
00:22:34.111 [FXGL Background Thread 1 ] DEBUG FXGL.DefaultMenu     - createMenuBodyGameMenu()
00:22:34.117 [FXGL Background Thread 1 ] DEBUG FXGL.DefaultMenu     - createOptionsMenu()
00:22:34.123 [FXGL Background Thread 1 ] DEBUG FXGLAssetLoaderServi - Loading from file system: jar:file:///C:/Java%20Lib/apache-maven-3.8.8/repo/com/github/almasb/fxgl/21/fxgl-21.jar!/fxglassets/textures/particles/smoke.png
00:22:34.228 [FXGL Background Thread 1 ] DEBUG FXGLAssetLoaderServi - Loading from file system: jar:file:///C:/Java%20Lib/apache-maven-3.8.8/repo/com/github/almasb/fxgl/21/fxgl-21.jar!/fxglassets/textures/particles/trace_horizontal.png
00:22:34.248 [FXGL Background Thread 1 ] DEBUG GameApplicationServi - Application scenes initialized
00:22:34.257 [FXGL Background Thread 1 ] DEBUG SystemBundleService  - Loading FXGL system data
00:22:34.261 [FXGL Background Thread 1 ] DEBUG FileSystemAccess     - Reading from: C:\Users\19871\Desktop\Pokemon\system\fxgl.bundle
00:22:34.267 [FXGL Background Thread 1 ] DEBUG SystemBundleService  - Bundle FXGL: {}
00:22:34.267 [FXGL Background Thread 1 ] DEBUG UpdaterService       - Checking for updates
00:22:34.270 [FXGL Background Thread 4 ] DEBUG FXGLApplication      - Loading fonts
00:22:34.271 [FXGL Background Thread 4 ] DEBUG FXGLAssetLoaderServi - Loading from file system: jar:file:///C:/Java%20Lib/apache-maven-3.8.8/repo/com/github/almasb/fxgl/21/fxgl-21.jar!/fxglassets/ui/fonts/VarelaRound-Regular.ttf
00:22:34.271 [FXGL Background Thread 1 ] DEBUG FXGLApplication      - Loading default localization
00:22:34.271 [FXGL Background Thread 1 ] DEBUG FXGLAssetLoaderServi - Loading from file system: jar:file:///C:/Java%20Lib/apache-maven-3.8.8/repo/com/github/almasb/fxgl/21/fxgl-21.jar!/fxglassets/languages/english.lang
00:22:34.301 [FXGL Background Thread 4 ] DEBUG FXGLAssetLoaderServi - Loading from file system: jar:file:///C:/Java%20Lib/apache-maven-3.8.8/repo/com/github/almasb/fxgl/21/fxgl-21.jar!/fxglassets/ui/fonts/Abel-Regular.ttf
00:22:34.304 [FXGL Background Thread 4 ] DEBUG FXGLAssetLoaderServi - Loading from file system: jar:file:///C:/Java%20Lib/apache-maven-3.8.8/repo/com/github/almasb/fxgl/21/fxgl-21.jar!/fxglassets/ui/fonts/TerminalLandMono-Regular.otf
00:22:34.306 [FXGL Background Thread 4 ] DEBUG FXGLAssetLoaderServi - Loading from file system: jar:file:///C:/Java%20Lib/apache-maven-3.8.8/repo/com/github/almasb/fxgl/21/fxgl-21.jar!/fxglassets/ui/fonts/Courier-Prime.ttf
00:22:34.315 [JavaFX Application Thread] DEBUG FXGLApplication      - Registering font factories with UI factory
00:22:34.330 [FXGL Background Thread 1 ] INFO  FXGLApplication      - FXGL initialization took: 0.594 sec
00:22:34.357 [JavaFX Application Thread] DEBUG Input                - Registered new binding: action0 - W
00:22:34.358 [JavaFX Application Thread] DEBUG Input                - Registered new binding: action1 - A
00:22:34.359 [JavaFX Application Thread] DEBUG Input                - Registered new binding: action2 - S
00:22:34.360 [JavaFX Application Thread] DEBUG Input                - Registered new binding: action3 - D
00:22:34.361 [JavaFX Application Thread] DEBUG Input                - Registered new binding: action4 - Up
00:22:34.362 [JavaFX Application Thread] DEBUG Input                - Registered new binding: action5 - Left
00:22:34.363 [JavaFX Application Thread] DEBUG Input                - Registered new binding: action6 - Down
00:22:34.364 [JavaFX Application Thread] DEBUG Input                - Registered new binding: action7 - Right
00:22:34.365 [JavaFX Application Thread] DEBUG Input                - Registered new binding: action8 - J
00:22:34.365 [JavaFX Application Thread] DEBUG FXGLAssetLoaderServi - Loading from file system: file:/C:/Users/19871/Desktop/Pokemon/target/classes/assets/music/BGM.mp3
00:22:34.486 [JavaFX Application Thread] DEBUG AudioPlayer          - Playing music com.almasb.fxgl.audio.Music@85e93a
00:22:34.487 [JavaFX Application Thread] DEBUG FXGLAssetLoaderServi - Loading from file system: file:/C:/Users/19871/Desktop/Pokemon/target/classes/assets/textures/icon.png
00:22:34.500 [JavaFX Application Thread] DEBUG FXGLAssetLoaderServi - Loading from file system: jar:file:///C:/Java%20Lib/apache-maven-3.8.8/repo/com/github/almasb/fxgl/21/fxgl-21.jar!/fxglassets/textures/fxgl_default_cursor.png
00:22:34.506 [JavaFX Application Thread] DEBUG Input                - Registered new binding: Screenshot - CTRL+8
00:22:34.507 [JavaFX Application Thread] DEBUG Input                - Registered new binding: System info dump - CTRL+9
00:22:34.507 [JavaFX Application Thread] DEBUG Input                - Registered new binding: Restart - CTRL+R
00:22:34.509 [JavaFX Application Thread] DEBUG Input                - Registered new binding: Toggle Debug Camera - CTRL+7
00:22:34.517 [JavaFX Application Thread] DEBUG LoopRunner           - Starting loop
00:22:34.517 [JavaFX Application Thread] DEBUG LoopRunner           - Initializing JavaFX AnimationTimerLoop
00:22:34.520 [JavaFX Application Thread] DEBUG Input                - Clearing active input actions
00:22:34.526 [JavaFX Application Thread] DEBUG GameApplicationServi - Removing overlay from FXGLStartupScene and adding to FXGLMainMenuDummyScene
00:22:34.527 [JavaFX Application Thread] DEBUG PrimaryStageWindow   - FXGLStartupScene -> FXGLMainMenuDummyScene
00:22:34.527 [JavaFX Application Thread] DEBUG PrimaryStageWindow   - Push state: TestMainMenu
00:22:34.528 [JavaFX Application Thread] DEBUG Input                - Clearing active input actions
00:22:34.540 [JavaFX Application Thread] DEBUG GameApplicationServi - Removing overlay from FXGLMainMenuDummyScene and adding to TestMainMenu
00:22:34.541 [JavaFX Application Thread] DEBUG PrimaryStageWindow   - FXGLMainMenuDummyScene -> TestMainMenu
00:22:37.270 [FXGL Background Thread 3 ] DEBUG Engine               - Logging environment variables
00:22:37.270 [FXGL Background Thread 3 ] DEBUG Engine               - achievements: []
00:22:37.270 [FXGL Background Thread 3 ] DEBUG Engine               - actualHeight: 800.0
00:22:37.271 [FXGL Background Thread 3 ] DEBUG Engine               - actualHeightProperty: ReadOnlyDoubleProperty [value: 800.0]
00:22:37.271 [FXGL Background Thread 3 ] DEBUG Engine               - actualWidth: 1024.0
00:22:37.271 [FXGL Background Thread 3 ] DEBUG Engine               - actualWidthProperty: ReadOnlyDoubleProperty [value: 1024.0]
00:22:37.271 [FXGL Background Thread 3 ] DEBUG Engine               - appIcon: icon.png
00:22:37.271 [FXGL Background Thread 3 ] DEBUG Engine               - applicationMode: DEVELOPER
00:22:37.271 [FXGL Background Thread 3 ] DEBUG Engine               - cSSList: [fxgl_dark.css]
00:22:37.271 [FXGL Background Thread 3 ] DEBUG Engine               - collisionDetectionStrategy: BRUTE_FORCE
00:22:37.271 [FXGL Background Thread 3 ] DEBUG Engine               - configClass: Optional.empty
00:22:37.271 [FXGL Background Thread 3 ] DEBUG Engine               - credits: []
00:22:37.271 [FXGL Background Thread 3 ] DEBUG Engine               - defaultCursor: CursorInfo(imageName=fxgl_default_cursor.png, hotspotX=7.0, hotspotY=6.0)
00:22:37.271 [FXGL Background Thread 3 ] DEBUG Engine               - devBBoxColorProperty: ObjectProperty [value: 0xff0000ff]
00:22:37.271 [FXGL Background Thread 3 ] DEBUG Engine               - devEnableDebugCameraProperty: BooleanProperty [value: false]
00:22:37.271 [FXGL Background Thread 3 ] DEBUG Engine               - devSensorColorProperty: ObjectProperty [value: 0xffff00ff]
00:22:37.271 [FXGL Background Thread 3 ] DEBUG Engine               - devShowBBoxProperty: BooleanProperty [value: false]
00:22:37.271 [FXGL Background Thread 3 ] DEBUG Engine               - devShowPositionProperty: BooleanProperty [value: false]
00:22:37.271 [FXGL Background Thread 3 ] DEBUG Engine               - enabledMenuItems: []
00:22:37.271 [FXGL Background Thread 3 ] DEBUG Engine               - engineServices: [class com.almasb.fxgl.app.services.FXGLAssetLoaderService, class com.almasb.fxgl.app.FXGLApplication$GameApplicationService, class com.almasb.fxgl.app.services.FXGLDialogService, class com.almasb.fxgl.app.services.IOTaskExecutorService, class com.almasb.fxgl.io.FileSystemService, class com.almasb.fxgl.localization.LocalizationService, class com.almasb.fxgl.app.services.SystemBundleService, class com.almasb.fxgl.profile.SaveLoadService, class com.almasb.fxgl.ui.FXGLUIFactoryServiceProvider, class com.almasb.fxgl.ui.FXGLDialogFactoryServiceProvider, class com.almasb.fxgl.audio.AudioPlayer, class com.almasb.fxgl.notification.impl.NotificationServiceProvider, class com.almasb.fxgl.achievement.AchievementService, class com.almasb.fxgl.cutscene.CutsceneService, class com.almasb.fxgl.minigames.MiniGameService, class com.almasb.fxgl.net.NetService, class com.almasb.fxgl.app.services.UpdaterService, class com.almasb.fxgl.dev.DevService]
00:22:37.271 [FXGL Background Thread 3 ] DEBUG Engine               - fontGame: Abel-Regular.ttf
00:22:37.271 [FXGL Background Thread 3 ] DEBUG Engine               - fontMono: TerminalLandMono-Regular.otf
00:22:37.271 [FXGL Background Thread 3 ] DEBUG Engine               - fontSizeScaleUI: 1.0
00:22:37.271 [FXGL Background Thread 3 ] DEBUG Engine               - fontText: Courier-Prime.ttf
00:22:37.271 [FXGL Background Thread 3 ] DEBUG Engine               - fontUI: VarelaRound-Regular.ttf
00:22:37.271 [FXGL Background Thread 3 ] DEBUG Engine               - fullScreen: BooleanProperty [value: false]
00:22:37.271 [FXGL Background Thread 3 ] DEBUG Engine               - gameDifficulty: MEDIUM
00:22:37.271 [FXGL Background Thread 3 ] DEBUG Engine               - gameDifficultyProperty: ObjectProperty [value: MEDIUM]
00:22:37.271 [FXGL Background Thread 3 ] DEBUG Engine               - globalMusicVolume: 0.5
00:22:37.271 [FXGL Background Thread 3 ] DEBUG Engine               - globalMusicVolumeProperty: DoubleProperty [value: 0.1]
00:22:37.271 [FXGL Background Thread 3 ] DEBUG Engine               - globalSoundVolume: 0.5
00:22:37.271 [FXGL Background Thread 3 ] DEBUG Engine               - globalSoundVolumeProperty: DoubleProperty [value: 0.5]
00:22:37.271 [FXGL Background Thread 3 ] DEBUG Engine               - height: 800
00:22:37.272 [FXGL Background Thread 3 ] DEBUG Engine               - is3D: false
00:22:37.272 [FXGL Background Thread 3 ] DEBUG Engine               - isAndroid: false
00:22:37.272 [FXGL Background Thread 3 ] DEBUG Engine               - isBrowser: false
00:22:37.272 [FXGL Background Thread 3 ] DEBUG Engine               - isClickFeedbackEnabled: false
00:22:37.272 [FXGL Background Thread 3 ] DEBUG Engine               - isCloseConfirmation: false
00:22:37.272 [FXGL Background Thread 3 ] DEBUG Engine               - isDesktop: true
00:22:37.272 [FXGL Background Thread 3 ] DEBUG Engine               - isDeveloperMenuEnabled: false
00:22:37.272 [FXGL Background Thread 3 ] DEBUG Engine               - isEmbedded: false
00:22:37.272 [FXGL Background Thread 3 ] DEBUG Engine               - isEntityPreloadEnabled: true
00:22:37.272 [FXGL Background Thread 3 ] DEBUG Engine               - isExperimentalTiledLargeMap: false
00:22:37.272 [FXGL Background Thread 3 ] DEBUG Engine               - isFileSystemWriteAllowed: true
00:22:37.272 [FXGL Background Thread 3 ] DEBUG Engine               - isFullScreenAllowed: false
00:22:37.272 [FXGL Background Thread 3 ] DEBUG Engine               - isFullScreenFromStart: false
00:22:37.272 [FXGL Background Thread 3 ] DEBUG Engine               - isGameMenuEnabled: true
00:22:37.272 [FXGL Background Thread 3 ] DEBUG Engine               - isIOS: false
00:22:37.272 [FXGL Background Thread 3 ] DEBUG Engine               - isIntroEnabled: false
00:22:37.272 [FXGL Background Thread 3 ] DEBUG Engine               - isLinux: false
00:22:37.272 [FXGL Background Thread 3 ] DEBUG Engine               - isMac: false
00:22:37.272 [FXGL Background Thread 3 ] DEBUG Engine               - isMainMenuEnabled: true
00:22:37.272 [FXGL Background Thread 3 ] DEBUG Engine               - isManualResizeEnabled: false
00:22:37.272 [FXGL Background Thread 3 ] DEBUG Engine               - isMobile: false
00:22:37.272 [FXGL Background Thread 3 ] DEBUG Engine               - isNative: false
00:22:37.272 [FXGL Background Thread 3 ] DEBUG Engine               - isPauseMusicWhenMinimized: true
00:22:37.272 [FXGL Background Thread 3 ] DEBUG Engine               - isPreserveResizeRatio: false
00:22:37.272 [FXGL Background Thread 3 ] DEBUG Engine               - isProfilingEnabled: false
00:22:37.272 [FXGL Background Thread 3 ] DEBUG Engine               - isScaleAffectedOnResize: true
00:22:37.272 [FXGL Background Thread 3 ] DEBUG Engine               - isSingleStep: false
00:22:37.272 [FXGL Background Thread 3 ] DEBUG Engine               - isUserProfileEnabled: false
00:22:37.272 [FXGL Background Thread 3 ] DEBUG Engine               - isWindows: true
00:22:37.272 [FXGL Background Thread 3 ] DEBUG Engine               - language: ObjectProperty [value: ENGLISH]
00:22:37.272 [FXGL Background Thread 3 ] DEBUG Engine               - menuKey: ESCAPE
00:22:37.272 [FXGL Background Thread 3 ] DEBUG Engine               - mouseSensitivity: 0.2
00:22:37.272 [FXGL Background Thread 3 ] DEBUG Engine               - notificationViewClass: class com.almasb.fxgl.notification.view.XboxNotificationView
00:22:37.272 [FXGL Background Thread 3 ] DEBUG Engine               - pixelsPerMeter: 50.0
00:22:37.272 [FXGL Background Thread 3 ] DEBUG Engine               - platform: WINDOWS
00:22:37.272 [FXGL Background Thread 3 ] DEBUG Engine               - prefHeightProperty: ReadOnlyDoubleProperty [value: 800.0]
00:22:37.272 [FXGL Background Thread 3 ] DEBUG Engine               - prefWidthProperty: ReadOnlyDoubleProperty [value: 1024.0]
00:22:37.272 [FXGL Background Thread 3 ] DEBUG Engine               - profileDir: profiles/
00:22:37.272 [FXGL Background Thread 3 ] DEBUG Engine               - profileName: StringProperty [value: DEFAULT]
00:22:37.272 [FXGL Background Thread 3 ] DEBUG Engine               - randomSeed: -1
00:22:37.272 [FXGL Background Thread 3 ] DEBUG Engine               - runtimeInfo: RuntimeInfo(platform=WINDOWS, version=21, build=28.12.2023 13.35)
00:22:37.272 [FXGL Background Thread 3 ] DEBUG Engine               - saveFileExt: sav
00:22:37.272 [FXGL Background Thread 3 ] DEBUG Engine               - scaledHeightProp$fxgl: DoubleProperty [bound, value: 800.0]
00:22:37.272 [FXGL Background Thread 3 ] DEBUG Engine               - scaledWidthProp$fxgl: DoubleProperty [bound, value: 1024.0]
00:22:37.272 [FXGL Background Thread 3 ] DEBUG Engine               - sceneFactory: org.example.pokemon.map.GameApp$1@17933f80
00:22:37.272 [FXGL Background Thread 3 ] DEBUG Engine               - secondsIn24h: 60
00:22:37.272 [FXGL Background Thread 3 ] DEBUG Engine               - soundMenuBack: menu/back.wav
00:22:37.272 [FXGL Background Thread 3 ] DEBUG Engine               - soundMenuPress: menu/press.wav
00:22:37.272 [FXGL Background Thread 3 ] DEBUG Engine               - soundMenuSelect: menu/select.wav
00:22:37.272 [FXGL Background Thread 3 ] DEBUG Engine               - soundNotification: core/notification.wav
00:22:37.272 [FXGL Background Thread 3 ] DEBUG Engine               - stageStyle: DECORATED
00:22:37.272 [FXGL Background Thread 3 ] DEBUG Engine               - supportedLanguages: [ENGLISH, FRENCH, GERMAN, HUNGARIAN, RUSSIAN]
00:22:37.272 [FXGL Background Thread 3 ] DEBUG Engine               - ticksPerSecond: -1
00:22:37.272 [FXGL Background Thread 3 ] DEBUG Engine               - title: Pokemon
00:22:37.272 [FXGL Background Thread 3 ] DEBUG Engine               - urlGithub: https://github.com/AlmasB/FXGL
00:22:37.272 [FXGL Background Thread 3 ] DEBUG Engine               - urlLeaderboard: http://fxgl-top.herokuapp.com/
00:22:37.272 [FXGL Background Thread 3 ] DEBUG Engine               - urlPOM: https://raw.githubusercontent.com/AlmasB/FXGL/release/README.md
00:22:37.272 [FXGL Background Thread 3 ] DEBUG Engine               - userAppClass: class org.example.pokemon.map.GameApp
00:22:37.272 [FXGL Background Thread 3 ] DEBUG Engine               - version: 0.1
00:22:37.272 [FXGL Background Thread 3 ] DEBUG Engine               - versionCheckDays: 7
00:22:37.273 [FXGL Background Thread 3 ] DEBUG Engine               - width: 1024
00:22:37.273 [FXGL Background Thread 3 ] DEBUG Engine               - Logging services
00:22:37.273 [FXGL Background Thread 3 ] DEBUG Engine               - class com.almasb.fxgl.app.services.FXGLAssetLoaderService
00:22:37.273 [FXGL Background Thread 3 ] DEBUG Engine               - class com.almasb.fxgl.app.FXGLApplication$GameApplicationService
00:22:37.273 [FXGL Background Thread 3 ] DEBUG Engine               - class com.almasb.fxgl.app.services.FXGLDialogService
00:22:37.273 [FXGL Background Thread 3 ] DEBUG Engine               - class com.almasb.fxgl.app.services.IOTaskExecutorService
00:22:37.273 [FXGL Background Thread 3 ] DEBUG Engine               - class com.almasb.fxgl.io.FileSystemService
00:22:37.273 [FXGL Background Thread 3 ] DEBUG Engine               - class com.almasb.fxgl.localization.LocalizationService
00:22:37.273 [FXGL Background Thread 3 ] DEBUG Engine               - class com.almasb.fxgl.app.services.SystemBundleService
00:22:37.273 [FXGL Background Thread 3 ] DEBUG Engine               - class com.almasb.fxgl.profile.SaveLoadService
00:22:37.273 [FXGL Background Thread 3 ] DEBUG Engine               - class com.almasb.fxgl.ui.FXGLUIFactoryServiceProvider
00:22:37.273 [FXGL Background Thread 3 ] DEBUG Engine               - class com.almasb.fxgl.ui.FXGLDialogFactoryServiceProvider
00:22:37.273 [FXGL Background Thread 3 ] DEBUG Engine               - class com.almasb.fxgl.audio.AudioPlayer
00:22:37.273 [FXGL Background Thread 3 ] DEBUG Engine               - class com.almasb.fxgl.notification.impl.NotificationServiceProvider
00:22:37.273 [FXGL Background Thread 3 ] DEBUG Engine               - class com.almasb.fxgl.achievement.AchievementService
00:22:37.273 [FXGL Background Thread 3 ] DEBUG Engine               - class com.almasb.fxgl.cutscene.CutsceneService
00:22:37.273 [FXGL Background Thread 3 ] DEBUG Engine               - class com.almasb.fxgl.minigames.MiniGameService
00:22:37.273 [FXGL Background Thread 3 ] DEBUG Engine               - class com.almasb.fxgl.net.NetService
00:22:37.273 [FXGL Background Thread 3 ] DEBUG Engine               - class com.almasb.fxgl.app.services.UpdaterService
00:22:37.273 [FXGL Background Thread 3 ] DEBUG Engine               - class com.almasb.fxgl.dev.DevService
00:22:37.651 [FXGL Background Thread 2 ] INFO  UpdaterService       - Your current version:  21
00:22:37.651 [FXGL Background Thread 2 ] INFO  UpdaterService       - Latest stable version: 21.1
00:22:39.446 [JavaFX Application Thread] DEBUG GameApplicationServi - Starting new game
00:22:39.447 [JavaFX Application Thread] DEBUG PrimaryStageWindow   - Pop state: TestMainMenu
00:22:39.447 [JavaFX Application Thread] DEBUG Input                - Clearing active input actions
00:22:39.448 [JavaFX Application Thread] DEBUG GameApplicationServi - Removing overlay from TestMainMenu and adding to FXGLMainMenuDummyScene
00:22:39.448 [JavaFX Application Thread] DEBUG PrimaryStageWindow   - FXGLMainMenuDummyScene <- TestMainMenu
00:22:39.448 [JavaFX Application Thread] DEBUG Input                - Clearing active input actions
00:22:39.451 [JavaFX Application Thread] DEBUG GameApplicationServi - Removing overlay from FXGLMainMenuDummyScene and adding to FXGLLoadingScene
00:22:39.451 [JavaFX Application Thread] DEBUG PrimaryStageWindow   - FXGLMainMenuDummyScene -> FXGLLoadingScene
00:22:39.451 [JavaFX Application Thread] DEBUG GameApplicationServi - Clearing previous game
00:22:39.451 [JavaFX Application Thread] DEBUG GameScene            - Clearing game scene
00:22:39.451 [JavaFX Application Thread] DEBUG GameWorld            - Clearing game world
00:22:39.451 [JavaFX Application Thread] DEBUG PhysicsWorld         - Clearing physics world
00:22:39.452 [FXGL Background Thread 2 ] DEBUG FXGLApplication      - Initializing game
00:22:39.465 [FXGL Background Thread 2 ] WARN  TMXLevelLoader       - TiledMap generated from 1.8.4. Supported version: 1.9.0. Some features may not be parsed fully.
00:22:39.485 [FXGL Background Thread 2 ] DEBUG TMXLevelLoader       - Parsed TiledMap: file:/C:/Users/19871/Desktop/Pokemon/target/classes/assets/levels/level1.tmx
00:22:39.486 [FXGL Background Thread 2 ] DEBUG TMXLevelLoader       - Creating tile layer entities
00:22:39.490 [FXGL Background Thread 2 ] DEBUG TilesetLoader        - Loading view for layer 图块层 1
00:22:39.490 [FXGL Background Thread 2 ] DEBUG TilesetLoader        - Created buffer with size 1024.0x800.0
00:22:39.503 [FXGL Background Thread 2 ] DEBUG TMXLevelLoader       - Creating object layer entities
00:22:39.560 [FXGL Background Thread 2 ] DEBUG FXGLAssetLoaderServi - Loading from file system: file:/C:/Users/19871/Desktop/Pokemon/target/classes/assets/textures/flower.png
00:22:39.589 [FXGL Background Thread 2 ] DEBUG GameWorld            - Clearing removable entities
00:22:39.591 [FXGL Background Thread 2 ] DEBUG GameWorld            - Setting level: com.almasb.fxgl.entity.level.Level@66921fc1
00:22:39.606 [FXGL Background Thread 2 ] DEBUG FXGLAssetLoaderServi - Loading from file system: file:/C:/Users/19871/Desktop/Pokemon/target/classes/assets/textures/buLunDan2.png
00:22:39.611 [FXGL Background Thread 2 ] DEBUG FXGLAssetLoaderServi - Loading from file system: file:/C:/Users/19871/Desktop/Pokemon/target/classes/assets/textures/RacketTeam.png
00:22:39.612 [FXGL Background Thread 2 ] INFO  FXGLApplication      - Game initialization took: 0.160 sec
00:22:39.613 [JavaFX Application Thread] DEBUG Input                - Clearing active input actions
00:22:39.618 [JavaFX Application Thread] DEBUG GameApplicationServi - Removing overlay from FXGLLoadingScene and adding to GameScene
00:22:39.618 [JavaFX Application Thread] DEBUG PrimaryStageWindow   - FXGLLoadingScene -> GameScene
00:23:01.216 [JavaFX Application Thread] DEBUG FXGLAssetLoaderServi - Loading from file system: file:/C:/Users/19871/Desktop/Pokemon/target/classes/assets/textures/hint.png
00:23:02.030 [JavaFX Application Thread] WARN  TMXLevelLoader       - TiledMap generated from 1.8.4. Supported version: 1.9.0. Some features may not be parsed fully.
00:23:02.032 [JavaFX Application Thread] DEBUG TMXLevelLoader       - Parsed TiledMap: file:/C:/Users/19871/Desktop/Pokemon/target/classes/assets/levels/level3.tmx
00:23:02.032 [JavaFX Application Thread] DEBUG TMXLevelLoader       - Creating tile layer entities
00:23:02.032 [JavaFX Application Thread] DEBUG TilesetLoader        - Loading view for layer 图块层 1
00:23:02.033 [JavaFX Application Thread] DEBUG TilesetLoader        - Created buffer with size 1024.0x800.0
00:23:02.035 [JavaFX Application Thread] DEBUG TMXLevelLoader       - Creating object layer entities
00:23:02.048 [JavaFX Application Thread] DEBUG GameWorld            - Clearing removable entities
00:23:02.062 [JavaFX Application Thread] DEBUG GameWorld            - Setting level: com.almasb.fxgl.entity.level.Level@140cab0d
00:23:02.065 [JavaFX Application Thread] DEBUG FXGLAssetLoaderServi - Loading from file system: file:/C:/Users/19871/Desktop/Pokemon/target/classes/assets/textures/Nurse2.png
00:23:02.068 [JavaFX Application Thread] DEBUG FXGLAssetLoaderServi - Loading from file system: file:/C:/Users/19871/Desktop/Pokemon/target/classes/assets/textures/Nurse_stand.png
00:23:13.344 [JavaFX Application Thread] DEBUG PrimaryStageWindow   - Push state: DialogSubScene
00:23:13.344 [JavaFX Application Thread] DEBUG Input                - Clearing active input actions
00:23:13.344 [JavaFX Application Thread] DEBUG GameApplicationServi - Removing overlay from GameScene and adding to DialogSubScene
00:23:13.345 [JavaFX Application Thread] DEBUG PrimaryStageWindow   - GameScene -> DialogSubScene
00:23:25.818 [JavaFX Application Thread] DEBUG PrimaryStageWindow   - Pop state: DialogSubScene
00:23:25.818 [JavaFX Application Thread] DEBUG Input                - Clearing active input actions
00:23:25.819 [JavaFX Application Thread] DEBUG GameApplicationServi - Removing overlay from DialogSubScene and adding to GameScene
00:23:25.819 [JavaFX Application Thread] DEBUG PrimaryStageWindow   - GameScene <- DialogSubScene
00:24:03.852 [JavaFX Application Thread] WARN  TMXLevelLoader       - TiledMap generated from 1.8.4. Supported version: 1.9.0. Some features may not be parsed fully.
00:24:03.854 [JavaFX Application Thread] DEBUG TMXLevelLoader       - Parsed TiledMap: file:/C:/Users/19871/Desktop/Pokemon/target/classes/assets/levels/level1.tmx
00:24:03.855 [JavaFX Application Thread] DEBUG TMXLevelLoader       - Creating tile layer entities
00:24:03.855 [JavaFX Application Thread] DEBUG TilesetLoader        - Loading view for layer 图块层 1
00:24:03.856 [JavaFX Application Thread] DEBUG TilesetLoader        - Created buffer with size 1024.0x800.0
00:24:03.862 [JavaFX Application Thread] DEBUG TMXLevelLoader       - Creating object layer entities
00:24:03.877 [JavaFX Application Thread] DEBUG GameWorld            - Clearing removable entities
00:24:03.878 [JavaFX Application Thread] DEBUG GameWorld            - Setting level: com.almasb.fxgl.entity.level.Level@24203514
00:24:06.761 [JavaFX Application Thread] DEBUG FXGLAssetLoaderServi - Loading from file system: file:/C:/Users/19871/Desktop/Pokemon/target/classes/assets/textures/hint2.png
00:24:07.411 [JavaFX Application Thread] WARN  TMXLevelLoader       - TiledMap generated from 1.8.4. Supported version: 1.9.0. Some features may not be parsed fully.
00:24:07.414 [JavaFX Application Thread] DEBUG TMXLevelLoader       - Parsed TiledMap: file:/C:/Users/19871/Desktop/Pokemon/target/classes/assets/levels/level2.tmx
00:24:07.414 [JavaFX Application Thread] DEBUG TMXLevelLoader       - Creating tile layer entities
00:24:07.415 [JavaFX Application Thread] DEBUG TilesetLoader        - Loading view for layer 图块层 1
00:24:07.415 [JavaFX Application Thread] DEBUG TilesetLoader        - Created buffer with size 1024.0x800.0
00:24:07.418 [JavaFX Application Thread] DEBUG TMXLevelLoader       - Creating object layer entities
00:24:07.418 [JavaFX Application Thread] DEBUG FXGLAssetLoaderServi - Loading from file system: file:/C:/Users/19871/Desktop/Pokemon/target/classes/assets/textures/ocean.png
00:24:07.482 [JavaFX Application Thread] DEBUG FXGLAssetLoaderServi - Loading from file system: file:/C:/Users/19871/Desktop/Pokemon/target/classes/assets/textures/sandTree2.png
00:24:07.484 [JavaFX Application Thread] DEBUG GameWorld            - Clearing removable entities
00:24:07.488 [JavaFX Application Thread] DEBUG GameWorld            - Setting level: com.almasb.fxgl.entity.level.Level@4a71b44c
00:24:09.756 [JavaFX Application Thread] DEBUG PrimaryStageWindow   - Push state: DialogSubScene
00:24:09.756 [JavaFX Application Thread] DEBUG Input                - Clearing active input actions
00:24:09.756 [JavaFX Application Thread] DEBUG GameApplicationServi - Removing overlay from GameScene and adding to DialogSubScene
00:24:09.756 [JavaFX Application Thread] DEBUG PrimaryStageWindow   - GameScene -> DialogSubScene
00:24:11.218 [JavaFX Application Thread] DEBUG PrimaryStageWindow   - Pop state: DialogSubScene
00:24:11.219 [JavaFX Application Thread] DEBUG Input                - Clearing active input actions
00:24:11.219 [JavaFX Application Thread] DEBUG GameApplicationServi - Removing overlay from DialogSubScene and adding to GameScene
00:24:11.219 [JavaFX Application Thread] DEBUG PrimaryStageWindow   - GameScene <- DialogSubScene
00:24:18.723 [JavaFX Application Thread] DEBUG FXGLApplication      - Exiting FXGL
00:24:18.724 [JavaFX Application Thread] DEBUG LoopRunner           - Stopping loop
00:24:18.724 [JavaFX Application Thread] DEBUG SystemBundleService  - Saving FXGL system data
00:24:18.724 [JavaFX Application Thread] DEBUG FileSystemAccess     - Writing to: C:\Users\19871\Desktop\Pokemon\system\fxgl.bundle
00:24:18.727 [JavaFX Application Thread] DEBUG Async                - Shutting down background threads
00:24:18.727 [JavaFX Application Thread] DEBUG PrimaryStageWindow   - Closing main window
00:24:18.740 [JavaFX Application Thread] DEBUG Logger               - Closing Logger
