08:12:50.922 [main                     ] DEBUG Logger               - Configured Logger
08:12:50.947 [main                     ] DEBUG GameApplication      - Logging settings
Title: Pokemon
Version: 0.1
Width: 1024
Height: 800
Fullscreen: false
Intro: false
Profiling: false
Single step:false
App Mode: DEVELOPER
Menu Key: ESCAPE
Stage Style: DECORATED
Scene Factory: class org.example.pokemon.map.GameApp$1

08:12:51.191 [JavaFX Application Thread] DEBUG FXGLApplication      - Initializing FXGL
08:12:51.194 [JavaFX Application Thread] INFO  Engine               - FXGL-21 (28.12.2023 13.35) on WINDOWS (J:21.0.4 FX:21)
08:12:51.195 [JavaFX Application Thread] DEBUG Engine               - JRE Vendor Name: Oracle Corporation
08:12:51.195 [JavaFX Application Thread] DEBUG Engine               - Running on OS: Windows 11 version 10.0
08:12:51.195 [JavaFX Application Thread] DEBUG Engine               - Architecture: amd64
08:12:51.195 [JavaFX Application Thread] INFO  Engine               - Source code and latest versions at: https://github.com/AlmasB/FXGL
08:12:51.195 [JavaFX Application Thread] INFO  Engine               -       Ask questions and discuss at: https://github.com/AlmasB/FXGL/discussions
08:12:51.195 [JavaFX Application Thread] INFO  Engine               -              Join the FXGL chat at: https://gitter.im/AlmasB/FXGL
08:12:51.248 [JavaFX Application Thread] DEBUG PrimaryStageWindow   - Creating a JavaFX scene
08:12:51.273 [JavaFX Application Thread] DEBUG PrimaryStageWindow   - Target settings size: 1024.0 x 800.0
08:12:51.274 [JavaFX Application Thread] DEBUG PrimaryStageWindow   - Scaled scene size:    1024.0 x 800.0
08:12:51.274 [JavaFX Application Thread] DEBUG PrimaryStageWindow   - Scaled ratio: (1.0, 1.0)
08:12:51.274 [JavaFX Application Thread] DEBUG PrimaryStageWindow   - Set initial scene to FXGLStartupScene
08:12:51.277 [JavaFX Application Thread] DEBUG PrimaryStageWindow   - Opening main window
08:12:51.340 [JavaFX Application Thread] DEBUG PrimaryStageWindow   - Window border size: (14.6666259765625, 37.33331298828125)
08:12:51.340 [JavaFX Application Thread] DEBUG PrimaryStageWindow   - Scaled size: 1024.0 x 800.0
08:12:51.340 [JavaFX Application Thread] DEBUG PrimaryStageWindow   - Scaled ratio: (1.0, 1.0)
08:12:51.340 [JavaFX Application Thread] DEBUG PrimaryStageWindow   - Scene size: 1024.0 x 800.0
08:12:51.340 [JavaFX Application Thread] DEBUG PrimaryStageWindow   - Stage size: 1038.6666259765625 x 837.3333129882812
08:12:51.344 [FXGL Background Thread 1 ] DEBUG Engine               - Initializing environment variables
08:12:51.393 [FXGL Background Thread 1 ] DEBUG FXGLAssetLoaderServi - User app class for loading assets: class org.example.pokemon.map.GameApp
08:12:51.393 [FXGL Background Thread 1 ] DEBUG GameApplicationServi - Applying CSS: fxgl_dark.css
08:12:51.394 [FXGL Background Thread 1 ] DEBUG FXGLAssetLoaderServi - Loading from file system: jar:file:///C:/Java%20Lib/apache-maven-3.8.8/repo/com/github/almasb/fxgl/21/fxgl-21.jar!/fxglassets/ui/css/fxgl_dark.css
08:12:51.431 [FXGL Background Thread 1 ] DEBUG GameApplicationServi - Initializing application scenes
08:12:51.506 [FXGL Background Thread 1 ] DEBUG GameWorld            - Game world initialized
08:12:51.549 [FXGL Background Thread 1 ] DEBUG PhysicsWorld         - Physics world initialized: appHeight=800, physics.ppm=50.0
08:12:51.549 [FXGL Background Thread 1 ] DEBUG PhysicsWorld         - Using strategy: BRUTE_FORCE
08:12:51.555 [FXGL Background Thread 1 ] DEBUG GameScene            - Game scene initialized: 1024x800
08:12:51.715 [FXGL Background Thread 1 ] DEBUG FXGL.DefaultMenu     - createMenuBodyGameMenu()
08:12:51.721 [FXGL Background Thread 1 ] DEBUG FXGL.DefaultMenu     - createOptionsMenu()
08:12:51.725 [FXGL Background Thread 1 ] DEBUG FXGLAssetLoaderServi - Loading from file system: jar:file:///C:/Java%20Lib/apache-maven-3.8.8/repo/com/github/almasb/fxgl/21/fxgl-21.jar!/fxglassets/textures/particles/smoke.png
08:12:51.838 [FXGL Background Thread 1 ] DEBUG FXGLAssetLoaderServi - Loading from file system: jar:file:///C:/Java%20Lib/apache-maven-3.8.8/repo/com/github/almasb/fxgl/21/fxgl-21.jar!/fxglassets/textures/particles/trace_horizontal.png
08:12:51.857 [FXGL Background Thread 1 ] DEBUG GameApplicationServi - Application scenes initialized
08:12:51.862 [FXGL Background Thread 1 ] DEBUG SystemBundleService  - Loading FXGL system data
08:12:51.865 [FXGL Background Thread 1 ] DEBUG FileSystemAccess     - Reading from: D:\Repo\Pokemon\system\fxgl.bundle
08:12:51.870 [FXGL Background Thread 1 ] DEBUG SystemBundleService  - Bundle FXGL: {}
08:12:51.870 [FXGL Background Thread 1 ] DEBUG UpdaterService       - Checking for updates
08:12:51.873 [FXGL Background Thread 4 ] DEBUG FXGLApplication      - Loading fonts
08:12:51.873 [FXGL Background Thread 4 ] DEBUG FXGLAssetLoaderServi - Loading from file system: jar:file:///C:/Java%20Lib/apache-maven-3.8.8/repo/com/github/almasb/fxgl/21/fxgl-21.jar!/fxglassets/ui/fonts/VarelaRound-Regular.ttf
08:12:51.874 [FXGL Background Thread 1 ] DEBUG FXGLApplication      - Loading default localization
08:12:51.875 [FXGL Background Thread 1 ] DEBUG FXGLAssetLoaderServi - Loading from file system: jar:file:///C:/Java%20Lib/apache-maven-3.8.8/repo/com/github/almasb/fxgl/21/fxgl-21.jar!/fxglassets/languages/english.lang
08:12:51.905 [FXGL Background Thread 4 ] DEBUG FXGLAssetLoaderServi - Loading from file system: jar:file:///C:/Java%20Lib/apache-maven-3.8.8/repo/com/github/almasb/fxgl/21/fxgl-21.jar!/fxglassets/ui/fonts/Abel-Regular.ttf
08:12:51.908 [FXGL Background Thread 4 ] DEBUG FXGLAssetLoaderServi - Loading from file system: jar:file:///C:/Java%20Lib/apache-maven-3.8.8/repo/com/github/almasb/fxgl/21/fxgl-21.jar!/fxglassets/ui/fonts/TerminalLandMono-Regular.otf
08:12:51.910 [FXGL Background Thread 4 ] DEBUG FXGLAssetLoaderServi - Loading from file system: jar:file:///C:/Java%20Lib/apache-maven-3.8.8/repo/com/github/almasb/fxgl/21/fxgl-21.jar!/fxglassets/ui/fonts/Courier-Prime.ttf
08:12:51.918 [JavaFX Application Thread] DEBUG FXGLApplication      - Registering font factories with UI factory
08:12:51.937 [FXGL Background Thread 1 ] INFO  FXGLApplication      - FXGL initialization took: 0.592 sec
08:12:51.960 [JavaFX Application Thread] DEBUG Input                - Registered new binding: action0 - W
08:12:51.961 [JavaFX Application Thread] DEBUG Input                - Registered new binding: action1 - A
08:12:51.963 [JavaFX Application Thread] DEBUG Input                - Registered new binding: action2 - S
08:12:51.964 [JavaFX Application Thread] DEBUG Input                - Registered new binding: action3 - D
08:12:51.964 [JavaFX Application Thread] DEBUG Input                - Registered new binding: action4 - Up
08:12:51.965 [JavaFX Application Thread] DEBUG Input                - Registered new binding: action5 - Left
08:12:51.966 [JavaFX Application Thread] DEBUG Input                - Registered new binding: action6 - Down
08:12:51.967 [JavaFX Application Thread] DEBUG Input                - Registered new binding: action7 - Right
08:12:51.967 [JavaFX Application Thread] DEBUG Input                - Registered new binding: action8 - J
08:12:51.967 [JavaFX Application Thread] DEBUG FXGLAssetLoaderServi - Loading from file system: file:/D:/Repo/Pokemon/target/classes/assets/music/BGM.mp3
08:12:52.075 [JavaFX Application Thread] DEBUG AudioPlayer          - Playing music com.almasb.fxgl.audio.Music@3c10b0ca
08:12:52.075 [JavaFX Application Thread] DEBUG FXGLAssetLoaderServi - Loading from file system: jar:file:///C:/Java%20Lib/apache-maven-3.8.8/repo/com/github/almasb/fxgl/21/fxgl-21.jar!/fxglassets/textures/fxgl_icon.png
08:12:52.098 [JavaFX Application Thread] DEBUG FXGLAssetLoaderServi - Loading from file system: jar:file:///C:/Java%20Lib/apache-maven-3.8.8/repo/com/github/almasb/fxgl/21/fxgl-21.jar!/fxglassets/textures/fxgl_default_cursor.png
08:12:52.108 [JavaFX Application Thread] DEBUG Input                - Registered new binding: Screenshot - CTRL+8
08:12:52.110 [JavaFX Application Thread] DEBUG Input                - Registered new binding: System info dump - CTRL+9
08:12:52.111 [JavaFX Application Thread] DEBUG Input                - Registered new binding: Restart - CTRL+R
08:12:52.114 [JavaFX Application Thread] DEBUG Input                - Registered new binding: Toggle Debug Camera - CTRL+7
08:12:52.121 [JavaFX Application Thread] DEBUG LoopRunner           - Starting loop
08:12:52.121 [JavaFX Application Thread] DEBUG LoopRunner           - Initializing JavaFX AnimationTimerLoop
08:12:52.127 [JavaFX Application Thread] DEBUG Input                - Clearing active input actions
08:12:52.134 [JavaFX Application Thread] DEBUG GameApplicationServi - Removing overlay from FXGLStartupScene and adding to FXGLMainMenuDummyScene
08:12:52.134 [JavaFX Application Thread] DEBUG PrimaryStageWindow   - FXGLStartupScene -> FXGLMainMenuDummyScene
08:12:52.134 [JavaFX Application Thread] DEBUG PrimaryStageWindow   - Push state: TestMainMenu
08:12:52.135 [JavaFX Application Thread] DEBUG Input                - Clearing active input actions
08:12:52.147 [JavaFX Application Thread] DEBUG GameApplicationServi - Removing overlay from FXGLMainMenuDummyScene and adding to TestMainMenu
08:12:52.148 [JavaFX Application Thread] DEBUG PrimaryStageWindow   - FXGLMainMenuDummyScene -> TestMainMenu
08:12:54.872 [FXGL Background Thread 3 ] DEBUG Engine               - Logging environment variables
08:12:54.873 [FXGL Background Thread 3 ] DEBUG Engine               - achievements: []
08:12:54.873 [FXGL Background Thread 3 ] DEBUG Engine               - actualHeight: 800.0
08:12:54.873 [FXGL Background Thread 3 ] DEBUG Engine               - actualHeightProperty: ReadOnlyDoubleProperty [value: 800.0]
08:12:54.873 [FXGL Background Thread 3 ] DEBUG Engine               - actualWidth: 1024.0
08:12:54.873 [FXGL Background Thread 3 ] DEBUG Engine               - actualWidthProperty: ReadOnlyDoubleProperty [value: 1024.0]
08:12:54.873 [FXGL Background Thread 3 ] DEBUG Engine               - appIcon: fxgl_icon.png
08:12:54.873 [FXGL Background Thread 3 ] DEBUG Engine               - applicationMode: DEVELOPER
08:12:54.873 [FXGL Background Thread 3 ] DEBUG Engine               - cSSList: [fxgl_dark.css]
08:12:54.873 [FXGL Background Thread 3 ] DEBUG Engine               - collisionDetectionStrategy: BRUTE_FORCE
08:12:54.873 [FXGL Background Thread 3 ] DEBUG Engine               - configClass: Optional.empty
08:12:54.873 [FXGL Background Thread 3 ] DEBUG Engine               - credits: []
08:12:54.873 [FXGL Background Thread 3 ] DEBUG Engine               - defaultCursor: CursorInfo(imageName=fxgl_default_cursor.png, hotspotX=7.0, hotspotY=6.0)
08:12:54.873 [FXGL Background Thread 3 ] DEBUG Engine               - devBBoxColorProperty: ObjectProperty [value: 0xff0000ff]
08:12:54.873 [FXGL Background Thread 3 ] DEBUG Engine               - devEnableDebugCameraProperty: BooleanProperty [value: false]
08:12:54.873 [FXGL Background Thread 3 ] DEBUG Engine               - devSensorColorProperty: ObjectProperty [value: 0xffff00ff]
08:12:54.874 [FXGL Background Thread 3 ] DEBUG Engine               - devShowBBoxProperty: BooleanProperty [value: false]
08:12:54.874 [FXGL Background Thread 3 ] DEBUG Engine               - devShowPositionProperty: BooleanProperty [value: false]
08:12:54.874 [FXGL Background Thread 3 ] DEBUG Engine               - enabledMenuItems: []
08:12:54.874 [FXGL Background Thread 3 ] DEBUG Engine               - engineServices: [class com.almasb.fxgl.app.services.FXGLAssetLoaderService, class com.almasb.fxgl.app.FXGLApplication$GameApplicationService, class com.almasb.fxgl.app.services.FXGLDialogService, class com.almasb.fxgl.app.services.IOTaskExecutorService, class com.almasb.fxgl.io.FileSystemService, class com.almasb.fxgl.localization.LocalizationService, class com.almasb.fxgl.app.services.SystemBundleService, class com.almasb.fxgl.profile.SaveLoadService, class com.almasb.fxgl.ui.FXGLUIFactoryServiceProvider, class com.almasb.fxgl.ui.FXGLDialogFactoryServiceProvider, class com.almasb.fxgl.audio.AudioPlayer, class com.almasb.fxgl.notification.impl.NotificationServiceProvider, class com.almasb.fxgl.achievement.AchievementService, class com.almasb.fxgl.cutscene.CutsceneService, class com.almasb.fxgl.minigames.MiniGameService, class com.almasb.fxgl.net.NetService, class com.almasb.fxgl.app.services.UpdaterService, class com.almasb.fxgl.dev.DevService]
08:12:54.874 [FXGL Background Thread 3 ] DEBUG Engine               - fontGame: Abel-Regular.ttf
08:12:54.874 [FXGL Background Thread 3 ] DEBUG Engine               - fontMono: TerminalLandMono-Regular.otf
08:12:54.874 [FXGL Background Thread 3 ] DEBUG Engine               - fontSizeScaleUI: 1.0
08:12:54.874 [FXGL Background Thread 3 ] DEBUG Engine               - fontText: Courier-Prime.ttf
08:12:54.874 [FXGL Background Thread 3 ] DEBUG Engine               - fontUI: VarelaRound-Regular.ttf
08:12:54.874 [FXGL Background Thread 3 ] DEBUG Engine               - fullScreen: BooleanProperty [value: false]
08:12:54.874 [FXGL Background Thread 3 ] DEBUG Engine               - gameDifficulty: MEDIUM
08:12:54.874 [FXGL Background Thread 3 ] DEBUG Engine               - gameDifficultyProperty: ObjectProperty [value: MEDIUM]
08:12:54.874 [FXGL Background Thread 3 ] DEBUG Engine               - globalMusicVolume: 0.5
08:12:54.874 [FXGL Background Thread 3 ] DEBUG Engine               - globalMusicVolumeProperty: DoubleProperty [value: 0.2]
08:12:54.874 [FXGL Background Thread 3 ] DEBUG Engine               - globalSoundVolume: 0.5
08:12:54.874 [FXGL Background Thread 3 ] DEBUG Engine               - globalSoundVolumeProperty: DoubleProperty [value: 0.5]
08:12:54.874 [FXGL Background Thread 3 ] DEBUG Engine               - height: 800
08:12:54.874 [FXGL Background Thread 3 ] DEBUG Engine               - is3D: false
08:12:54.874 [FXGL Background Thread 3 ] DEBUG Engine               - isAndroid: false
08:12:54.874 [FXGL Background Thread 3 ] DEBUG Engine               - isBrowser: false
08:12:54.874 [FXGL Background Thread 3 ] DEBUG Engine               - isClickFeedbackEnabled: false
08:12:54.874 [FXGL Background Thread 3 ] DEBUG Engine               - isCloseConfirmation: false
08:12:54.874 [FXGL Background Thread 3 ] DEBUG Engine               - isDesktop: true
08:12:54.874 [FXGL Background Thread 3 ] DEBUG Engine               - isDeveloperMenuEnabled: false
08:12:54.874 [FXGL Background Thread 3 ] DEBUG Engine               - isEmbedded: false
08:12:54.874 [FXGL Background Thread 3 ] DEBUG Engine               - isEntityPreloadEnabled: true
08:12:54.874 [FXGL Background Thread 3 ] DEBUG Engine               - isExperimentalTiledLargeMap: false
08:12:54.874 [FXGL Background Thread 3 ] DEBUG Engine               - isFileSystemWriteAllowed: true
08:12:54.874 [FXGL Background Thread 3 ] DEBUG Engine               - isFullScreenAllowed: false
08:12:54.874 [FXGL Background Thread 3 ] DEBUG Engine               - isFullScreenFromStart: false
08:12:54.874 [FXGL Background Thread 3 ] DEBUG Engine               - isGameMenuEnabled: true
08:12:54.874 [FXGL Background Thread 3 ] DEBUG Engine               - isIOS: false
08:12:54.874 [FXGL Background Thread 3 ] DEBUG Engine               - isIntroEnabled: false
08:12:54.874 [FXGL Background Thread 3 ] DEBUG Engine               - isLinux: false
08:12:54.874 [FXGL Background Thread 3 ] DEBUG Engine               - isMac: false
08:12:54.875 [FXGL Background Thread 3 ] DEBUG Engine               - isMainMenuEnabled: true
08:12:54.875 [FXGL Background Thread 3 ] DEBUG Engine               - isManualResizeEnabled: false
08:12:54.875 [FXGL Background Thread 3 ] DEBUG Engine               - isMobile: false
08:12:54.875 [FXGL Background Thread 3 ] DEBUG Engine               - isNative: false
08:12:54.875 [FXGL Background Thread 3 ] DEBUG Engine               - isPauseMusicWhenMinimized: true
08:12:54.875 [FXGL Background Thread 3 ] DEBUG Engine               - isPreserveResizeRatio: false
08:12:54.875 [FXGL Background Thread 3 ] DEBUG Engine               - isProfilingEnabled: false
08:12:54.875 [FXGL Background Thread 3 ] DEBUG Engine               - isScaleAffectedOnResize: true
08:12:54.875 [FXGL Background Thread 3 ] DEBUG Engine               - isSingleStep: false
08:12:54.875 [FXGL Background Thread 3 ] DEBUG Engine               - isUserProfileEnabled: false
08:12:54.875 [FXGL Background Thread 3 ] DEBUG Engine               - isWindows: true
08:12:54.875 [FXGL Background Thread 3 ] DEBUG Engine               - language: ObjectProperty [value: ENGLISH]
08:12:54.875 [FXGL Background Thread 3 ] DEBUG Engine               - menuKey: ESCAPE
08:12:54.875 [FXGL Background Thread 3 ] DEBUG Engine               - mouseSensitivity: 0.2
08:12:54.875 [FXGL Background Thread 3 ] DEBUG Engine               - notificationViewClass: class com.almasb.fxgl.notification.view.XboxNotificationView
08:12:54.875 [FXGL Background Thread 3 ] DEBUG Engine               - pixelsPerMeter: 50.0
08:12:54.875 [FXGL Background Thread 3 ] DEBUG Engine               - platform: WINDOWS
08:12:54.875 [FXGL Background Thread 3 ] DEBUG Engine               - prefHeightProperty: ReadOnlyDoubleProperty [value: 800.0]
08:12:54.875 [FXGL Background Thread 3 ] DEBUG Engine               - prefWidthProperty: ReadOnlyDoubleProperty [value: 1024.0]
08:12:54.875 [FXGL Background Thread 3 ] DEBUG Engine               - profileDir: profiles/
08:12:54.875 [FXGL Background Thread 3 ] DEBUG Engine               - profileName: StringProperty [value: DEFAULT]
08:12:54.875 [FXGL Background Thread 3 ] DEBUG Engine               - randomSeed: -1
08:12:54.875 [FXGL Background Thread 3 ] DEBUG Engine               - runtimeInfo: RuntimeInfo(platform=WINDOWS, version=21, build=28.12.2023 13.35)
08:12:54.875 [FXGL Background Thread 3 ] DEBUG Engine               - saveFileExt: sav
08:12:54.875 [FXGL Background Thread 3 ] DEBUG Engine               - scaledHeightProp$fxgl: DoubleProperty [bound, value: 800.0]
08:12:54.875 [FXGL Background Thread 3 ] DEBUG Engine               - scaledWidthProp$fxgl: DoubleProperty [bound, value: 1024.0]
08:12:54.875 [FXGL Background Thread 3 ] DEBUG Engine               - sceneFactory: org.example.pokemon.map.GameApp$1@2cc77aed
08:12:54.875 [FXGL Background Thread 3 ] DEBUG Engine               - secondsIn24h: 60
08:12:54.875 [FXGL Background Thread 3 ] DEBUG Engine               - soundMenuBack: menu/back.wav
08:12:54.875 [FXGL Background Thread 3 ] DEBUG Engine               - soundMenuPress: menu/press.wav
08:12:54.875 [FXGL Background Thread 3 ] DEBUG Engine               - soundMenuSelect: menu/select.wav
08:12:54.875 [FXGL Background Thread 3 ] DEBUG Engine               - soundNotification: core/notification.wav
08:12:54.875 [FXGL Background Thread 3 ] DEBUG Engine               - stageStyle: DECORATED
08:12:54.875 [FXGL Background Thread 3 ] DEBUG Engine               - supportedLanguages: [ENGLISH, FRENCH, GERMAN, HUNGARIAN, RUSSIAN]
08:12:54.875 [FXGL Background Thread 3 ] DEBUG Engine               - ticksPerSecond: -1
08:12:54.875 [FXGL Background Thread 3 ] DEBUG Engine               - title: Pokemon
08:12:54.875 [FXGL Background Thread 3 ] DEBUG Engine               - urlGithub: https://github.com/AlmasB/FXGL
08:12:54.875 [FXGL Background Thread 3 ] DEBUG Engine               - urlLeaderboard: http://fxgl-top.herokuapp.com/
08:12:54.875 [FXGL Background Thread 3 ] DEBUG Engine               - urlPOM: https://raw.githubusercontent.com/AlmasB/FXGL/release/README.md
08:12:54.875 [FXGL Background Thread 3 ] DEBUG Engine               - userAppClass: class org.example.pokemon.map.GameApp
08:12:54.875 [FXGL Background Thread 3 ] DEBUG Engine               - version: 0.1
08:12:54.875 [FXGL Background Thread 3 ] DEBUG Engine               - versionCheckDays: 7
08:12:54.875 [FXGL Background Thread 3 ] DEBUG Engine               - width: 1024
08:12:54.875 [FXGL Background Thread 3 ] DEBUG Engine               - Logging services
08:12:54.875 [FXGL Background Thread 3 ] DEBUG Engine               - class com.almasb.fxgl.app.services.FXGLAssetLoaderService
08:12:54.876 [FXGL Background Thread 3 ] DEBUG Engine               - class com.almasb.fxgl.app.FXGLApplication$GameApplicationService
08:12:54.876 [FXGL Background Thread 3 ] DEBUG Engine               - class com.almasb.fxgl.app.services.FXGLDialogService
08:12:54.876 [FXGL Background Thread 3 ] DEBUG Engine               - class com.almasb.fxgl.app.services.IOTaskExecutorService
08:12:54.876 [FXGL Background Thread 3 ] DEBUG Engine               - class com.almasb.fxgl.io.FileSystemService
08:12:54.876 [FXGL Background Thread 3 ] DEBUG Engine               - class com.almasb.fxgl.localization.LocalizationService
08:12:54.876 [FXGL Background Thread 3 ] DEBUG Engine               - class com.almasb.fxgl.app.services.SystemBundleService
08:12:54.876 [FXGL Background Thread 3 ] DEBUG Engine               - class com.almasb.fxgl.profile.SaveLoadService
08:12:54.876 [FXGL Background Thread 3 ] DEBUG Engine               - class com.almasb.fxgl.ui.FXGLUIFactoryServiceProvider
08:12:54.876 [FXGL Background Thread 3 ] DEBUG Engine               - class com.almasb.fxgl.ui.FXGLDialogFactoryServiceProvider
08:12:54.876 [FXGL Background Thread 3 ] DEBUG Engine               - class com.almasb.fxgl.audio.AudioPlayer
08:12:54.876 [FXGL Background Thread 3 ] DEBUG Engine               - class com.almasb.fxgl.notification.impl.NotificationServiceProvider
08:12:54.876 [FXGL Background Thread 3 ] DEBUG Engine               - class com.almasb.fxgl.achievement.AchievementService
08:12:54.876 [FXGL Background Thread 3 ] DEBUG Engine               - class com.almasb.fxgl.cutscene.CutsceneService
08:12:54.876 [FXGL Background Thread 3 ] DEBUG Engine               - class com.almasb.fxgl.minigames.MiniGameService
08:12:54.876 [FXGL Background Thread 3 ] DEBUG Engine               - class com.almasb.fxgl.net.NetService
08:12:54.876 [FXGL Background Thread 3 ] DEBUG Engine               - class com.almasb.fxgl.app.services.UpdaterService
08:12:54.876 [FXGL Background Thread 3 ] DEBUG Engine               - class com.almasb.fxgl.dev.DevService
08:12:58.029 [JavaFX Application Thread] DEBUG LoopRunner           - Stopping loop
08:12:58.030 [JavaFX Application Thread] FATAL FXGLApplication      - Uncaught Exception:
java.lang.IllegalStateException: Location is not set.
	at javafx.fxml@21/javafx.fxml.FXMLLoader.loadImpl(FXMLLoader.java:2556)
	at javafx.fxml@21/javafx.fxml.FXMLLoader.load(FXMLLoader.java:2531)
	at org.example.pokemon/org.example.pokemon.ui.TestMainMenu.Load(TestMainMenu.java:52)
	at org.example.pokemon/org.example.pokemon.ui.TestMainMenu.lambda$Load$1(TestMainMenu.java:66)
	at javafx.base@21/com.sun.javafx.event.CompositeEventHandler.dispatchBubblingEvent(CompositeEventHandler.java:86)
	at javafx.base@21/com.sun.javafx.event.EventHandlerManager.dispatchBubblingEvent(EventHandlerManager.java:232)
	at javafx.base@21/com.sun.javafx.event.EventHandlerManager.dispatchBubblingEvent(EventHandlerManager.java:189)
	at javafx.base@21/com.sun.javafx.event.CompositeEventDispatcher.dispatchBubblingEvent(CompositeEventDispatcher.java:59)
	at javafx.base@21/com.sun.javafx.event.BasicEventDispatcher.dispatchEvent(BasicEventDispatcher.java:58)
	at javafx.base@21/com.sun.javafx.event.EventDispatchChainImpl.dispatchEvent(EventDispatchChainImpl.java:114)
	at javafx.base@21/com.sun.javafx.event.BasicEventDispatcher.dispatchEvent(BasicEventDispatcher.java:56)
	at javafx.base@21/com.sun.javafx.event.EventDispatchChainImpl.dispatchEvent(EventDispatchChainImpl.java:114)
	at javafx.base@21/com.sun.javafx.event.BasicEventDispatcher.dispatchEvent(BasicEventDispatcher.java:56)
	at javafx.base@21/com.sun.javafx.event.EventDispatchChainImpl.dispatchEvent(EventDispatchChainImpl.java:114)
	at javafx.base@21/com.sun.javafx.event.EventUtil.fireEventImpl(EventUtil.java:74)
	at javafx.base@21/com.sun.javafx.event.EventUtil.fireEvent(EventUtil.java:49)
	at javafx.base@21/javafx.event.Event.fireEvent(Event.java:198)
	at javafx.graphics@21/javafx.scene.Node.fireEvent(Node.java:8875)
	at javafx.controls@21/javafx.scene.control.Button.fire(Button.java:203)
	at javafx.controls@21/com.sun.javafx.scene.control.behavior.ButtonBehavior.mouseReleased(ButtonBehavior.java:207)
	at javafx.controls@21/com.sun.javafx.scene.control.inputmap.InputMap.handle(InputMap.java:274)
	at javafx.base@21/com.sun.javafx.event.CompositeEventHandler$NormalEventHandlerRecord.handleBubblingEvent(CompositeEventHandler.java:247)
	at javafx.base@21/com.sun.javafx.event.CompositeEventHandler.dispatchBubblingEvent(CompositeEventHandler.java:80)
	at javafx.base@21/com.sun.javafx.event.EventHandlerManager.dispatchBubblingEvent(EventHandlerManager.java:232)
	at javafx.base@21/com.sun.javafx.event.EventHandlerManager.dispatchBubblingEvent(EventHandlerManager.java:189)
	at javafx.base@21/com.sun.javafx.event.CompositeEventDispatcher.dispatchBubblingEvent(CompositeEventDispatcher.java:59)
	at javafx.base@21/com.sun.javafx.event.BasicEventDispatcher.dispatchEvent(BasicEventDispatcher.java:58)
	at javafx.base@21/com.sun.javafx.event.EventDispatchChainImpl.dispatchEvent(EventDispatchChainImpl.java:114)
	at javafx.base@21/com.sun.javafx.event.BasicEventDispatcher.dispatchEvent(BasicEventDispatcher.java:56)
	at javafx.base@21/com.sun.javafx.event.EventDispatchChainImpl.dispatchEvent(EventDispatchChainImpl.java:114)
	at javafx.base@21/com.sun.javafx.event.BasicEventDispatcher.dispatchEvent(BasicEventDispatcher.java:56)
	at javafx.base@21/com.sun.javafx.event.EventDispatchChainImpl.dispatchEvent(EventDispatchChainImpl.java:114)
	at javafx.base@21/com.sun.javafx.event.EventUtil.fireEventImpl(EventUtil.java:74)
	at javafx.base@21/com.sun.javafx.event.EventUtil.fireEvent(EventUtil.java:54)
	at javafx.base@21/javafx.event.Event.fireEvent(Event.java:198)
	at javafx.graphics@21/javafx.scene.Scene$MouseHandler.process(Scene.java:3984)
	at javafx.graphics@21/javafx.scene.Scene.processMouseEvent(Scene.java:1890)
	at javafx.graphics@21/javafx.scene.Scene$ScenePeerListener.mouseEvent(Scene.java:2708)
	at javafx.graphics@21/com.sun.javafx.tk.quantum.GlassViewEventHandler$MouseEventNotification.run(GlassViewEventHandler.java:411)
	at javafx.graphics@21/com.sun.javafx.tk.quantum.GlassViewEventHandler$MouseEventNotification.run(GlassViewEventHandler.java:301)
	at java.base/java.security.AccessController.doPrivileged(AccessController.java:400)
	at javafx.graphics@21/com.sun.javafx.tk.quantum.GlassViewEventHandler.lambda$handleMouseEvent$2(GlassViewEventHandler.java:450)
	at javafx.graphics@21/com.sun.javafx.tk.quantum.QuantumToolkit.runWithoutRenderLock(QuantumToolkit.java:424)
	at javafx.graphics@21/com.sun.javafx.tk.quantum.GlassViewEventHandler.handleMouseEvent(GlassViewEventHandler.java:449)
	at javafx.graphics@21/com.sun.glass.ui.View.handleMouseEvent(View.java:551)
	at javafx.graphics@21/com.sun.glass.ui.View.notifyMouse(View.java:937)
	at javafx.graphics@21/com.sun.glass.ui.win.WinApplication._runLoop(Native Method)
	at javafx.graphics@21/com.sun.glass.ui.win.WinApplication.lambda$runLoop$3(WinApplication.java:185)
	at java.base/java.lang.Thread.run(Thread.java:1583)

08:12:58.031 [JavaFX Application Thread] FATAL FXGLApplication      - Application will now exit
08:12:58.038 [JavaFX Application Thread] DEBUG PrimaryStageWindow   - Push state: ErrorSubScene
08:12:58.038 [JavaFX Application Thread] DEBUG Input                - Clearing active input actions
08:12:58.039 [JavaFX Application Thread] DEBUG GameApplicationServi - Removing overlay from TestMainMenu and adding to ErrorSubScene
08:12:58.040 [JavaFX Application Thread] DEBUG PrimaryStageWindow   - TestMainMenu -> ErrorSubScene
08:13:06.359 [JavaFX Application Thread] DEBUG FXGLApplication      - Exiting FXGL
08:13:06.359 [JavaFX Application Thread] DEBUG Async                - Shutting down background threads
08:13:06.359 [JavaFX Application Thread] DEBUG PrimaryStageWindow   - Closing main window
08:13:06.371 [JavaFX Application Thread] DEBUG Logger               - Closing Logger
