23:18:11.769 [main                     ] DEBUG Logger               - Configured Logger
23:18:11.797 [main                     ] DEBUG GameApplication      - Logging settings
Title: Pokemon
Version: 0.1
Width: 1024
Height: 800
Fullscreen: false
Intro: false
Profiling: false
Single step:false
App Mode: DEVELOPER
Menu Key: ESCAPE
Stage Style: DECORATED
Scene Factory: class org.example.pokemon.map.GameApp$1

23:18:12.136 [JavaFX Application Thread] DEBUG FXGLApplication      - Initializing FXGL
23:18:12.140 [JavaFX Application Thread] INFO  Engine               - FXGL-21 (28.12.2023 13.35) on WINDOWS (J:21.0.4 FX:21)
23:18:12.140 [JavaFX Application Thread] DEBUG Engine               - JRE Vendor Name: Oracle Corporation
23:18:12.140 [JavaFX Application Thread] DEBUG Engine               - Running on OS: Windows 11 version 10.0
23:18:12.140 [JavaFX Application Thread] DEBUG Engine               - Architecture: amd64
23:18:12.141 [JavaFX Application Thread] INFO  Engine               - Source code and latest versions at: https://github.com/AlmasB/FXGL
23:18:12.141 [JavaFX Application Thread] INFO  Engine               -       Ask questions and discuss at: https://github.com/AlmasB/FXGL/discussions
23:18:12.141 [JavaFX Application Thread] INFO  Engine               -              Join the FXGL chat at: https://gitter.im/AlmasB/FXGL
23:18:12.213 [JavaFX Application Thread] DEBUG PrimaryStageWindow   - Creating a JavaFX scene
23:18:12.249 [JavaFX Application Thread] DEBUG PrimaryStageWindow   - Target settings size: 1024.0 x 800.0
23:18:12.249 [JavaFX Application Thread] DEBUG PrimaryStageWindow   - Scaled scene size:    1024.0 x 800.0
23:18:12.249 [JavaFX Application Thread] DEBUG PrimaryStageWindow   - Scaled ratio: (1.0, 1.0)
23:18:12.250 [JavaFX Application Thread] DEBUG PrimaryStageWindow   - Set initial scene to FXGLStartupScene
23:18:12.252 [JavaFX Application Thread] DEBUG PrimaryStageWindow   - Opening main window
23:18:12.335 [JavaFX Application Thread] DEBUG PrimaryStageWindow   - Window border size: (14.6666259765625, 37.33331298828125)
23:18:12.335 [JavaFX Application Thread] DEBUG PrimaryStageWindow   - Scaled size: 1024.0 x 800.0
23:18:12.336 [JavaFX Application Thread] DEBUG PrimaryStageWindow   - Scaled ratio: (1.0, 1.0)
23:18:12.336 [JavaFX Application Thread] DEBUG PrimaryStageWindow   - Scene size: 1024.0 x 800.0
23:18:12.336 [JavaFX Application Thread] DEBUG PrimaryStageWindow   - Stage size: 1038.6666259765625 x 837.3333129882812
23:18:12.342 [FXGL Background Thread 1 ] DEBUG Engine               - Initializing environment variables
23:18:12.385 [FXGL Background Thread 1 ] DEBUG FXGLAssetLoaderServi - User app class for loading assets: class org.example.pokemon.map.GameApp
23:18:12.385 [FXGL Background Thread 1 ] DEBUG GameApplicationServi - Applying CSS: fxgl_dark.css
23:18:12.386 [FXGL Background Thread 1 ] DEBUG FXGLAssetLoaderServi - Loading from file system: jar:file:///C:/Java%20Lib/apache-maven-3.8.8/repo/com/github/almasb/fxgl/21/fxgl-21.jar!/fxglassets/ui/css/fxgl_dark.css
23:18:12.433 [FXGL Background Thread 1 ] DEBUG GameApplicationServi - Initializing application scenes
23:18:12.520 [FXGL Background Thread 1 ] DEBUG GameWorld            - Game world initialized
23:18:12.570 [FXGL Background Thread 1 ] DEBUG PhysicsWorld         - Physics world initialized: appHeight=800, physics.ppm=50.0
23:18:12.570 [FXGL Background Thread 1 ] DEBUG PhysicsWorld         - Using strategy: BRUTE_FORCE
23:18:12.573 [FXGL Background Thread 1 ] DEBUG GameScene            - Game scene initialized: 1024x800
23:18:12.755 [FXGL Background Thread 1 ] DEBUG FXGL.DefaultMenu     - createMenuBodyGameMenu()
23:18:12.762 [FXGL Background Thread 1 ] DEBUG FXGL.DefaultMenu     - createOptionsMenu()
23:18:12.769 [FXGL Background Thread 1 ] DEBUG FXGLAssetLoaderServi - Loading from file system: jar:file:///C:/Java%20Lib/apache-maven-3.8.8/repo/com/github/almasb/fxgl/21/fxgl-21.jar!/fxglassets/textures/particles/smoke.png
23:18:12.876 [FXGL Background Thread 1 ] DEBUG FXGLAssetLoaderServi - Loading from file system: jar:file:///C:/Java%20Lib/apache-maven-3.8.8/repo/com/github/almasb/fxgl/21/fxgl-21.jar!/fxglassets/textures/particles/trace_horizontal.png
23:18:12.900 [FXGL Background Thread 1 ] DEBUG GameApplicationServi - Application scenes initialized
23:18:12.910 [FXGL Background Thread 1 ] DEBUG SystemBundleService  - Loading FXGL system data
23:18:12.913 [FXGL Background Thread 1 ] DEBUG FileSystemAccess     - Reading from: D:\Repo\Pokemon\system\fxgl.bundle
23:18:12.920 [FXGL Background Thread 1 ] DEBUG SystemBundleService  - Bundle FXGL: {}
23:18:12.921 [FXGL Background Thread 1 ] DEBUG UpdaterService       - Checking for updates
23:18:12.925 [FXGL Background Thread 4 ] DEBUG FXGLApplication      - Loading fonts
23:18:12.925 [FXGL Background Thread 4 ] DEBUG FXGLAssetLoaderServi - Loading from file system: jar:file:///C:/Java%20Lib/apache-maven-3.8.8/repo/com/github/almasb/fxgl/21/fxgl-21.jar!/fxglassets/ui/fonts/VarelaRound-Regular.ttf
23:18:12.925 [FXGL Background Thread 1 ] DEBUG FXGLApplication      - Loading default localization
23:18:12.925 [FXGL Background Thread 1 ] DEBUG FXGLAssetLoaderServi - Loading from file system: jar:file:///C:/Java%20Lib/apache-maven-3.8.8/repo/com/github/almasb/fxgl/21/fxgl-21.jar!/fxglassets/languages/english.lang
23:18:12.955 [FXGL Background Thread 4 ] DEBUG FXGLAssetLoaderServi - Loading from file system: jar:file:///C:/Java%20Lib/apache-maven-3.8.8/repo/com/github/almasb/fxgl/21/fxgl-21.jar!/fxglassets/ui/fonts/Abel-Regular.ttf
23:18:12.958 [FXGL Background Thread 4 ] DEBUG FXGLAssetLoaderServi - Loading from file system: jar:file:///C:/Java%20Lib/apache-maven-3.8.8/repo/com/github/almasb/fxgl/21/fxgl-21.jar!/fxglassets/ui/fonts/TerminalLandMono-Regular.otf
23:18:12.960 [FXGL Background Thread 4 ] DEBUG FXGLAssetLoaderServi - Loading from file system: jar:file:///C:/Java%20Lib/apache-maven-3.8.8/repo/com/github/almasb/fxgl/21/fxgl-21.jar!/fxglassets/ui/fonts/Courier-Prime.ttf
23:18:12.969 [JavaFX Application Thread] DEBUG FXGLApplication      - Registering font factories with UI factory
23:18:12.970 [FXGL Background Thread 1 ] INFO  FXGLApplication      - FXGL initialization took: 0.629 sec
23:18:12.997 [JavaFX Application Thread] DEBUG Input                - Registered new binding: action0 - W
23:18:12.997 [JavaFX Application Thread] DEBUG Input                - Registered new binding: action1 - A
23:18:12.998 [JavaFX Application Thread] DEBUG Input                - Registered new binding: action2 - S
23:18:12.999 [JavaFX Application Thread] DEBUG Input                - Registered new binding: action3 - D
23:18:13.001 [JavaFX Application Thread] DEBUG Input                - Registered new binding: action4 - Up
23:18:13.001 [JavaFX Application Thread] DEBUG Input                - Registered new binding: action5 - Left
23:18:13.002 [JavaFX Application Thread] DEBUG Input                - Registered new binding: action6 - Down
23:18:13.004 [JavaFX Application Thread] DEBUG Input                - Registered new binding: action7 - Right
23:18:13.004 [JavaFX Application Thread] DEBUG Input                - Registered new binding: action8 - J
23:18:13.004 [JavaFX Application Thread] DEBUG FXGLAssetLoaderServi - Loading from file system: file:/D:/Repo/Pokemon/target/classes/assets/music/BGM.mp3
23:18:13.137 [JavaFX Application Thread] DEBUG AudioPlayer          - Playing music com.almasb.fxgl.audio.Music@10434cff
23:18:13.137 [JavaFX Application Thread] DEBUG FXGLAssetLoaderServi - Loading from file system: file:/D:/Repo/Pokemon/target/classes/assets/textures/icon.png
23:18:13.146 [JavaFX Application Thread] DEBUG FXGLAssetLoaderServi - Loading from file system: jar:file:///C:/Java%20Lib/apache-maven-3.8.8/repo/com/github/almasb/fxgl/21/fxgl-21.jar!/fxglassets/textures/fxgl_default_cursor.png
23:18:13.150 [JavaFX Application Thread] DEBUG Input                - Registered new binding: Screenshot - CTRL+8
23:18:13.152 [JavaFX Application Thread] DEBUG Input                - Registered new binding: System info dump - CTRL+9
23:18:13.153 [JavaFX Application Thread] DEBUG Input                - Registered new binding: Restart - CTRL+R
23:18:13.155 [JavaFX Application Thread] DEBUG Input                - Registered new binding: Toggle Debug Camera - CTRL+7
23:18:13.163 [JavaFX Application Thread] DEBUG LoopRunner           - Starting loop
23:18:13.163 [JavaFX Application Thread] DEBUG LoopRunner           - Initializing JavaFX AnimationTimerLoop
23:18:13.170 [JavaFX Application Thread] DEBUG Input                - Clearing active input actions
23:18:13.180 [JavaFX Application Thread] DEBUG GameApplicationServi - Removing overlay from FXGLStartupScene and adding to FXGLMainMenuDummyScene
23:18:13.180 [JavaFX Application Thread] DEBUG PrimaryStageWindow   - FXGLStartupScene -> FXGLMainMenuDummyScene
23:18:13.180 [JavaFX Application Thread] DEBUG PrimaryStageWindow   - Push state: TestMainMenu
23:18:13.181 [JavaFX Application Thread] DEBUG Input                - Clearing active input actions
23:18:13.198 [JavaFX Application Thread] DEBUG GameApplicationServi - Removing overlay from FXGLMainMenuDummyScene and adding to TestMainMenu
23:18:13.198 [JavaFX Application Thread] DEBUG PrimaryStageWindow   - FXGLMainMenuDummyScene -> TestMainMenu
23:18:15.924 [FXGL Background Thread 3 ] DEBUG Engine               - Logging environment variables
23:18:15.924 [FXGL Background Thread 3 ] DEBUG Engine               - achievements: []
23:18:15.924 [FXGL Background Thread 3 ] DEBUG Engine               - actualHeight: 800.0
23:18:15.924 [FXGL Background Thread 3 ] DEBUG Engine               - actualHeightProperty: ReadOnlyDoubleProperty [value: 800.0]
23:18:15.924 [FXGL Background Thread 3 ] DEBUG Engine               - actualWidth: 1024.0
23:18:15.924 [FXGL Background Thread 3 ] DEBUG Engine               - actualWidthProperty: ReadOnlyDoubleProperty [value: 1024.0]
23:18:15.924 [FXGL Background Thread 3 ] DEBUG Engine               - appIcon: icon.png
23:18:15.925 [FXGL Background Thread 3 ] DEBUG Engine               - applicationMode: DEVELOPER
23:18:15.925 [FXGL Background Thread 3 ] DEBUG Engine               - cSSList: [fxgl_dark.css]
23:18:15.925 [FXGL Background Thread 3 ] DEBUG Engine               - collisionDetectionStrategy: BRUTE_FORCE
23:18:15.925 [FXGL Background Thread 3 ] DEBUG Engine               - configClass: Optional.empty
23:18:15.925 [FXGL Background Thread 3 ] DEBUG Engine               - credits: []
23:18:15.925 [FXGL Background Thread 3 ] DEBUG Engine               - defaultCursor: CursorInfo(imageName=fxgl_default_cursor.png, hotspotX=7.0, hotspotY=6.0)
23:18:15.925 [FXGL Background Thread 3 ] DEBUG Engine               - devBBoxColorProperty: ObjectProperty [value: 0xff0000ff]
23:18:15.925 [FXGL Background Thread 3 ] DEBUG Engine               - devEnableDebugCameraProperty: BooleanProperty [value: false]
23:18:15.925 [FXGL Background Thread 3 ] DEBUG Engine               - devSensorColorProperty: ObjectProperty [value: 0xffff00ff]
23:18:15.925 [FXGL Background Thread 3 ] DEBUG Engine               - devShowBBoxProperty: BooleanProperty [value: false]
23:18:15.925 [FXGL Background Thread 3 ] DEBUG Engine               - devShowPositionProperty: BooleanProperty [value: false]
23:18:15.926 [FXGL Background Thread 3 ] DEBUG Engine               - enabledMenuItems: []
23:18:15.926 [FXGL Background Thread 3 ] DEBUG Engine               - engineServices: [class com.almasb.fxgl.app.services.FXGLAssetLoaderService, class com.almasb.fxgl.app.FXGLApplication$GameApplicationService, class com.almasb.fxgl.app.services.FXGLDialogService, class com.almasb.fxgl.app.services.IOTaskExecutorService, class com.almasb.fxgl.io.FileSystemService, class com.almasb.fxgl.localization.LocalizationService, class com.almasb.fxgl.app.services.SystemBundleService, class com.almasb.fxgl.profile.SaveLoadService, class com.almasb.fxgl.ui.FXGLUIFactoryServiceProvider, class com.almasb.fxgl.ui.FXGLDialogFactoryServiceProvider, class com.almasb.fxgl.audio.AudioPlayer, class com.almasb.fxgl.notification.impl.NotificationServiceProvider, class com.almasb.fxgl.achievement.AchievementService, class com.almasb.fxgl.cutscene.CutsceneService, class com.almasb.fxgl.minigames.MiniGameService, class com.almasb.fxgl.net.NetService, class com.almasb.fxgl.app.services.UpdaterService, class com.almasb.fxgl.dev.DevService]
23:18:15.926 [FXGL Background Thread 3 ] DEBUG Engine               - fontGame: Abel-Regular.ttf
23:18:15.926 [FXGL Background Thread 3 ] DEBUG Engine               - fontMono: TerminalLandMono-Regular.otf
23:18:15.926 [FXGL Background Thread 3 ] DEBUG Engine               - fontSizeScaleUI: 1.0
23:18:15.926 [FXGL Background Thread 3 ] DEBUG Engine               - fontText: Courier-Prime.ttf
23:18:15.926 [FXGL Background Thread 3 ] DEBUG Engine               - fontUI: VarelaRound-Regular.ttf
23:18:15.926 [FXGL Background Thread 3 ] DEBUG Engine               - fullScreen: BooleanProperty [value: false]
23:18:15.926 [FXGL Background Thread 3 ] DEBUG Engine               - gameDifficulty: MEDIUM
23:18:15.926 [FXGL Background Thread 3 ] DEBUG Engine               - gameDifficultyProperty: ObjectProperty [value: MEDIUM]
23:18:15.926 [FXGL Background Thread 3 ] DEBUG Engine               - globalMusicVolume: 0.5
23:18:15.926 [FXGL Background Thread 3 ] DEBUG Engine               - globalMusicVolumeProperty: DoubleProperty [value: 0.1]
23:18:15.926 [FXGL Background Thread 3 ] DEBUG Engine               - globalSoundVolume: 0.5
23:18:15.926 [FXGL Background Thread 3 ] DEBUG Engine               - globalSoundVolumeProperty: DoubleProperty [value: 0.5]
23:18:15.926 [FXGL Background Thread 3 ] DEBUG Engine               - height: 800
23:18:15.926 [FXGL Background Thread 3 ] DEBUG Engine               - is3D: false
23:18:15.926 [FXGL Background Thread 3 ] DEBUG Engine               - isAndroid: false
23:18:15.926 [FXGL Background Thread 3 ] DEBUG Engine               - isBrowser: false
23:18:15.926 [FXGL Background Thread 3 ] DEBUG Engine               - isClickFeedbackEnabled: false
23:18:15.927 [FXGL Background Thread 3 ] DEBUG Engine               - isCloseConfirmation: false
23:18:15.927 [FXGL Background Thread 3 ] DEBUG Engine               - isDesktop: true
23:18:15.927 [FXGL Background Thread 3 ] DEBUG Engine               - isDeveloperMenuEnabled: false
23:18:15.927 [FXGL Background Thread 3 ] DEBUG Engine               - isEmbedded: false
23:18:15.927 [FXGL Background Thread 3 ] DEBUG Engine               - isEntityPreloadEnabled: true
23:18:15.927 [FXGL Background Thread 3 ] DEBUG Engine               - isExperimentalTiledLargeMap: false
23:18:15.927 [FXGL Background Thread 3 ] DEBUG Engine               - isFileSystemWriteAllowed: true
23:18:15.927 [FXGL Background Thread 3 ] DEBUG Engine               - isFullScreenAllowed: false
23:18:15.927 [FXGL Background Thread 3 ] DEBUG Engine               - isFullScreenFromStart: false
23:18:15.927 [FXGL Background Thread 3 ] DEBUG Engine               - isGameMenuEnabled: true
23:18:15.927 [FXGL Background Thread 3 ] DEBUG Engine               - isIOS: false
23:18:15.927 [FXGL Background Thread 3 ] DEBUG Engine               - isIntroEnabled: false
23:18:15.927 [FXGL Background Thread 3 ] DEBUG Engine               - isLinux: false
23:18:15.927 [FXGL Background Thread 3 ] DEBUG Engine               - isMac: false
23:18:15.927 [FXGL Background Thread 3 ] DEBUG Engine               - isMainMenuEnabled: true
23:18:15.927 [FXGL Background Thread 3 ] DEBUG Engine               - isManualResizeEnabled: false
23:18:15.927 [FXGL Background Thread 3 ] DEBUG Engine               - isMobile: false
23:18:15.927 [FXGL Background Thread 3 ] DEBUG Engine               - isNative: false
23:18:15.927 [FXGL Background Thread 3 ] DEBUG Engine               - isPauseMusicWhenMinimized: true
23:18:15.927 [FXGL Background Thread 3 ] DEBUG Engine               - isPreserveResizeRatio: false
23:18:15.927 [FXGL Background Thread 3 ] DEBUG Engine               - isProfilingEnabled: false
23:18:15.927 [FXGL Background Thread 3 ] DEBUG Engine               - isScaleAffectedOnResize: true
23:18:15.927 [FXGL Background Thread 3 ] DEBUG Engine               - isSingleStep: false
23:18:15.927 [FXGL Background Thread 3 ] DEBUG Engine               - isUserProfileEnabled: false
23:18:15.927 [FXGL Background Thread 3 ] DEBUG Engine               - isWindows: true
23:18:15.927 [FXGL Background Thread 3 ] DEBUG Engine               - language: ObjectProperty [value: ENGLISH]
23:18:15.927 [FXGL Background Thread 3 ] DEBUG Engine               - menuKey: ESCAPE
23:18:15.927 [FXGL Background Thread 3 ] DEBUG Engine               - mouseSensitivity: 0.2
23:18:15.927 [FXGL Background Thread 3 ] DEBUG Engine               - notificationViewClass: class com.almasb.fxgl.notification.view.XboxNotificationView
23:18:15.927 [FXGL Background Thread 3 ] DEBUG Engine               - pixelsPerMeter: 50.0
23:18:15.927 [FXGL Background Thread 3 ] DEBUG Engine               - platform: WINDOWS
23:18:15.927 [FXGL Background Thread 3 ] DEBUG Engine               - prefHeightProperty: ReadOnlyDoubleProperty [value: 800.0]
23:18:15.927 [FXGL Background Thread 3 ] DEBUG Engine               - prefWidthProperty: ReadOnlyDoubleProperty [value: 1024.0]
23:18:15.927 [FXGL Background Thread 3 ] DEBUG Engine               - profileDir: profiles/
23:18:15.927 [FXGL Background Thread 3 ] DEBUG Engine               - profileName: StringProperty [value: DEFAULT]
23:18:15.927 [FXGL Background Thread 3 ] DEBUG Engine               - randomSeed: -1
23:18:15.927 [FXGL Background Thread 3 ] DEBUG Engine               - runtimeInfo: RuntimeInfo(platform=WINDOWS, version=21, build=28.12.2023 13.35)
23:18:15.927 [FXGL Background Thread 3 ] DEBUG Engine               - saveFileExt: sav
23:18:15.927 [FXGL Background Thread 3 ] DEBUG Engine               - scaledHeightProp$fxgl: DoubleProperty [bound, value: 800.0]
23:18:15.927 [FXGL Background Thread 3 ] DEBUG Engine               - scaledWidthProp$fxgl: DoubleProperty [bound, value: 1024.0]
23:18:15.927 [FXGL Background Thread 3 ] DEBUG Engine               - sceneFactory: org.example.pokemon.map.GameApp$1@7168dc50
23:18:15.927 [FXGL Background Thread 3 ] DEBUG Engine               - secondsIn24h: 60
23:18:15.927 [FXGL Background Thread 3 ] DEBUG Engine               - soundMenuBack: menu/back.wav
23:18:15.927 [FXGL Background Thread 3 ] DEBUG Engine               - soundMenuPress: menu/press.wav
23:18:15.927 [FXGL Background Thread 3 ] DEBUG Engine               - soundMenuSelect: menu/select.wav
23:18:15.927 [FXGL Background Thread 3 ] DEBUG Engine               - soundNotification: core/notification.wav
23:18:15.927 [FXGL Background Thread 3 ] DEBUG Engine               - stageStyle: DECORATED
23:18:15.927 [FXGL Background Thread 3 ] DEBUG Engine               - supportedLanguages: [ENGLISH, FRENCH, GERMAN, HUNGARIAN, RUSSIAN]
23:18:15.927 [FXGL Background Thread 3 ] DEBUG Engine               - ticksPerSecond: -1
23:18:15.927 [FXGL Background Thread 3 ] DEBUG Engine               - title: Pokemon
23:18:15.928 [FXGL Background Thread 3 ] DEBUG Engine               - urlGithub: https://github.com/AlmasB/FXGL
23:18:15.928 [FXGL Background Thread 3 ] DEBUG Engine               - urlLeaderboard: http://fxgl-top.herokuapp.com/
23:18:15.928 [FXGL Background Thread 3 ] DEBUG Engine               - urlPOM: https://raw.githubusercontent.com/AlmasB/FXGL/release/README.md
23:18:15.928 [FXGL Background Thread 3 ] DEBUG Engine               - userAppClass: class org.example.pokemon.map.GameApp
23:18:15.928 [FXGL Background Thread 3 ] DEBUG Engine               - version: 0.1
23:18:15.928 [FXGL Background Thread 3 ] DEBUG Engine               - versionCheckDays: 7
23:18:15.928 [FXGL Background Thread 3 ] DEBUG Engine               - width: 1024
23:18:15.928 [FXGL Background Thread 3 ] DEBUG Engine               - Logging services
23:18:15.928 [FXGL Background Thread 3 ] DEBUG Engine               - class com.almasb.fxgl.app.services.FXGLAssetLoaderService
23:18:15.928 [FXGL Background Thread 3 ] DEBUG Engine               - class com.almasb.fxgl.app.FXGLApplication$GameApplicationService
23:18:15.928 [FXGL Background Thread 3 ] DEBUG Engine               - class com.almasb.fxgl.app.services.FXGLDialogService
23:18:15.928 [FXGL Background Thread 3 ] DEBUG Engine               - class com.almasb.fxgl.app.services.IOTaskExecutorService
23:18:15.928 [FXGL Background Thread 3 ] DEBUG Engine               - class com.almasb.fxgl.io.FileSystemService
23:18:15.928 [FXGL Background Thread 3 ] DEBUG Engine               - class com.almasb.fxgl.localization.LocalizationService
23:18:15.928 [FXGL Background Thread 3 ] DEBUG Engine               - class com.almasb.fxgl.app.services.SystemBundleService
23:18:15.928 [FXGL Background Thread 3 ] DEBUG Engine               - class com.almasb.fxgl.profile.SaveLoadService
23:18:15.928 [FXGL Background Thread 3 ] DEBUG Engine               - class com.almasb.fxgl.ui.FXGLUIFactoryServiceProvider
23:18:15.928 [FXGL Background Thread 3 ] DEBUG Engine               - class com.almasb.fxgl.ui.FXGLDialogFactoryServiceProvider
23:18:15.928 [FXGL Background Thread 3 ] DEBUG Engine               - class com.almasb.fxgl.audio.AudioPlayer
23:18:15.928 [FXGL Background Thread 3 ] DEBUG Engine               - class com.almasb.fxgl.notification.impl.NotificationServiceProvider
23:18:15.928 [FXGL Background Thread 3 ] DEBUG Engine               - class com.almasb.fxgl.achievement.AchievementService
23:18:15.928 [FXGL Background Thread 3 ] DEBUG Engine               - class com.almasb.fxgl.cutscene.CutsceneService
23:18:15.928 [FXGL Background Thread 3 ] DEBUG Engine               - class com.almasb.fxgl.minigames.MiniGameService
23:18:15.928 [FXGL Background Thread 3 ] DEBUG Engine               - class com.almasb.fxgl.net.NetService
23:18:15.928 [FXGL Background Thread 3 ] DEBUG Engine               - class com.almasb.fxgl.app.services.UpdaterService
23:18:15.928 [FXGL Background Thread 3 ] DEBUG Engine               - class com.almasb.fxgl.dev.DevService
23:18:50.350 [JavaFX Application Thread] DEBUG FXGLApplication      - Exiting FXGL
23:18:50.350 [JavaFX Application Thread] DEBUG LoopRunner           - Stopping loop
23:18:50.350 [JavaFX Application Thread] DEBUG SystemBundleService  - Saving FXGL system data
23:18:50.351 [JavaFX Application Thread] DEBUG FileSystemAccess     - Writing to: D:\Repo\Pokemon\system\fxgl.bundle
23:18:50.353 [JavaFX Application Thread] DEBUG Async                - Shutting down background threads
23:18:50.353 [JavaFX Application Thread] DEBUG PrimaryStageWindow   - Closing main window
23:18:50.363 [JavaFX Application Thread] DEBUG Logger               - Closing Logger
