09:32:01.179 [main                     ] DEBUG Logger               - Configured Logger
09:32:01.201 [main                     ] DEBUG GameApplication      - Logging settings
Title: Pokemon
Version: 0.1
Width: 1120
Height: 800
Fullscreen: false
Intro: false
Profiling: false
Single step:false
App Mode: DEVELOPER
Menu Key: ESCAPE
Stage Style: DECORATED
Scene Factory: class com.almasb.fxgl.app.scene.SceneFactory

09:32:01.513 [JavaFX Application Thread] DEBUG FXGLApplication      - Initializing FXGL
09:32:01.517 [JavaFX Application Thread] INFO  Engine               - FXGL-21 (28.12.2023 13.35) on WINDOWS (J:21.0.4 FX:21)
09:32:01.518 [JavaFX Application Thread] DEBUG Engine               - JRE Vendor Name: Oracle Corporation
09:32:01.518 [JavaFX Application Thread] DEBUG Engine               - Running on OS: Windows 11 version 10.0
09:32:01.518 [JavaFX Application Thread] DEBUG Engine               - Architecture: amd64
09:32:01.518 [JavaFX Application Thread] INFO  Engine               - Source code and latest versions at: https://github.com/AlmasB/FXGL
09:32:01.518 [JavaFX Application Thread] INFO  Engine               -       Ask questions and discuss at: https://github.com/AlmasB/FXGL/discussions
09:32:01.518 [JavaFX Application Thread] INFO  Engine               -              Join the FXGL chat at: https://gitter.im/AlmasB/FXGL
09:32:01.582 [JavaFX Application Thread] DEBUG PrimaryStageWindow   - Creating a JavaFX scene
09:32:01.624 [JavaFX Application Thread] DEBUG PrimaryStageWindow   - Target settings size: 1120.0 x 800.0
09:32:01.624 [JavaFX Application Thread] DEBUG PrimaryStageWindow   - Scaled scene size:    1120.0 x 800.0
09:32:01.624 [JavaFX Application Thread] DEBUG PrimaryStageWindow   - Scaled ratio: (1.0, 1.0)
09:32:01.625 [JavaFX Application Thread] DEBUG PrimaryStageWindow   - Set initial scene to FXGLStartupScene
09:32:01.628 [JavaFX Application Thread] DEBUG PrimaryStageWindow   - Opening main window
09:32:01.692 [JavaFX Application Thread] DEBUG PrimaryStageWindow   - Window border size: (13.7142333984375, 36.5714111328125)
09:32:01.692 [JavaFX Application Thread] DEBUG PrimaryStageWindow   - Scaled size: 1120.0 x 800.0
09:32:01.692 [JavaFX Application Thread] DEBUG PrimaryStageWindow   - Scaled ratio: (1.0, 1.0)
09:32:01.692 [JavaFX Application Thread] DEBUG PrimaryStageWindow   - Scene size: 1120.0 x 800.0
09:32:01.692 [JavaFX Application Thread] DEBUG PrimaryStageWindow   - Stage size: 1133.7142333984375 x 836.5714111328125
09:32:01.701 [FXGL Background Thread 1 ] DEBUG Engine               - Initializing environment variables
09:32:01.747 [FXGL Background Thread 1 ] DEBUG FXGLAssetLoaderServi - User app class for loading assets: class org.example.pokemon.map.GameApp
09:32:01.747 [FXGL Background Thread 1 ] DEBUG GameApplicationServi - Applying CSS: fxgl_dark.css
09:32:01.748 [FXGL Background Thread 1 ] DEBUG FXGLAssetLoaderServi - Loading from file system: jar:file:///D:/Maven/apache-maven-3.8.8/mavenRepository/com/github/almasb/fxgl/21/fxgl-21.jar!/fxglassets/ui/css/fxgl_dark.css
09:32:01.785 [FXGL Background Thread 1 ] DEBUG GameApplicationServi - Initializing application scenes
09:32:01.834 [FXGL Background Thread 1 ] DEBUG GameWorld            - Game world initialized
09:32:01.873 [FXGL Background Thread 1 ] DEBUG PhysicsWorld         - Physics world initialized: appHeight=800, physics.ppm=50.0
09:32:01.873 [FXGL Background Thread 1 ] DEBUG PhysicsWorld         - Using strategy: BRUTE_FORCE
09:32:01.876 [FXGL Background Thread 1 ] DEBUG GameScene            - Game scene initialized: 1120x800
09:32:01.883 [FXGL Background Thread 1 ] DEBUG FXGL.DefaultMenu     - createMenuBodyGameMenu()
09:32:01.892 [FXGL Background Thread 1 ] DEBUG FXGL.DefaultMenu     - createOptionsMenu()
09:32:01.899 [FXGL Background Thread 1 ] DEBUG FXGLAssetLoaderServi - Loading from file system: jar:file:///D:/Maven/apache-maven-3.8.8/mavenRepository/com/github/almasb/fxgl/21/fxgl-21.jar!/fxglassets/textures/particles/smoke.png
09:32:01.970 [FXGL Background Thread 1 ] DEBUG FXGLAssetLoaderServi - Loading from file system: jar:file:///D:/Maven/apache-maven-3.8.8/mavenRepository/com/github/almasb/fxgl/21/fxgl-21.jar!/fxglassets/textures/particles/trace_horizontal.png
09:32:01.989 [FXGL Background Thread 1 ] DEBUG GameApplicationServi - Application scenes initialized
09:32:02.001 [FXGL Background Thread 1 ] DEBUG SystemBundleService  - Loading FXGL system data
09:32:02.006 [FXGL Background Thread 1 ] DEBUG FileSystemAccess     - Reading from: C:\Users\Kilig\Desktop\Pokemon\system\fxgl.bundle
09:32:02.014 [FXGL Background Thread 1 ] DEBUG SystemBundleService  - Bundle FXGL: {}
09:32:02.014 [FXGL Background Thread 1 ] DEBUG UpdaterService       - Checking for updates
09:32:02.017 [FXGL Background Thread 4 ] DEBUG FXGLApplication      - Loading fonts
09:32:02.018 [FXGL Background Thread 1 ] DEBUG FXGLApplication      - Loading default localization
09:32:02.018 [FXGL Background Thread 4 ] DEBUG FXGLAssetLoaderServi - Loading from file system: jar:file:///D:/Maven/apache-maven-3.8.8/mavenRepository/com/github/almasb/fxgl/21/fxgl-21.jar!/fxglassets/ui/fonts/VarelaRound-Regular.ttf
09:32:02.018 [FXGL Background Thread 1 ] DEBUG FXGLAssetLoaderServi - Loading from file system: jar:file:///D:/Maven/apache-maven-3.8.8/mavenRepository/com/github/almasb/fxgl/21/fxgl-21.jar!/fxglassets/languages/english.lang
09:32:02.045 [FXGL Background Thread 1 ] INFO  FXGLApplication      - FXGL initialization took: 0.344 sec
09:32:02.054 [JavaFX Application Thread] DEBUG Input                - Registered new binding: action0 - W
09:32:02.054 [FXGL Background Thread 4 ] DEBUG FXGLAssetLoaderServi - Loading from file system: jar:file:///D:/Maven/apache-maven-3.8.8/mavenRepository/com/github/almasb/fxgl/21/fxgl-21.jar!/fxglassets/ui/fonts/Abel-Regular.ttf
09:32:02.054 [JavaFX Application Thread] DEBUG Input                - Registered new binding: action1 - A
09:32:02.054 [JavaFX Application Thread] DEBUG Input                - Registered new binding: action2 - S
09:32:02.056 [JavaFX Application Thread] DEBUG Input                - Registered new binding: action3 - D
09:32:02.056 [JavaFX Application Thread] DEBUG Input                - Registered new binding: action4 - Up
09:32:02.056 [JavaFX Application Thread] DEBUG Input                - Registered new binding: action5 - Left
09:32:02.056 [JavaFX Application Thread] DEBUG Input                - Registered new binding: action6 - Down
09:32:02.057 [JavaFX Application Thread] DEBUG Input                - Registered new binding: action7 - Right
09:32:02.057 [JavaFX Application Thread] DEBUG FXGLAssetLoaderServi - Loading from file system: jar:file:///D:/Maven/apache-maven-3.8.8/mavenRepository/com/github/almasb/fxgl/21/fxgl-21.jar!/fxglassets/textures/fxgl_icon.png
09:32:02.065 [FXGL Background Thread 4 ] DEBUG FXGLAssetLoaderServi - Loading from file system: jar:file:///D:/Maven/apache-maven-3.8.8/mavenRepository/com/github/almasb/fxgl/21/fxgl-21.jar!/fxglassets/ui/fonts/TerminalLandMono-Regular.otf
09:32:02.069 [JavaFX Application Thread] DEBUG FXGLAssetLoaderServi - Loading from file system: jar:file:///D:/Maven/apache-maven-3.8.8/mavenRepository/com/github/almasb/fxgl/21/fxgl-21.jar!/fxglassets/textures/fxgl_default_cursor.png
09:32:02.071 [JavaFX Application Thread] DEBUG Input                - Registered new binding: Screenshot - CTRL+8
09:32:02.072 [JavaFX Application Thread] DEBUG Input                - Registered new binding: System info dump - CTRL+9
09:32:02.072 [JavaFX Application Thread] DEBUG Input                - Registered new binding: Restart - CTRL+R
09:32:02.073 [JavaFX Application Thread] DEBUG Input                - Registered new binding: Toggle Debug Camera - CTRL+7
09:32:02.076 [FXGL Background Thread 4 ] DEBUG FXGLAssetLoaderServi - Loading from file system: jar:file:///D:/Maven/apache-maven-3.8.8/mavenRepository/com/github/almasb/fxgl/21/fxgl-21.jar!/fxglassets/ui/fonts/Courier-Prime.ttf
09:32:02.076 [JavaFX Application Thread] DEBUG LoopRunner           - Starting loop
09:32:02.076 [JavaFX Application Thread] DEBUG LoopRunner           - Initializing JavaFX AnimationTimerLoop
09:32:02.080 [JavaFX Application Thread] DEBUG GameApplicationServi - Starting new game
09:32:02.081 [JavaFX Application Thread] DEBUG Input                - Clearing active input actions
09:32:02.093 [JavaFX Application Thread] DEBUG GameApplicationServi - Removing overlay from FXGLStartupScene and adding to FXGLLoadingScene
09:32:02.095 [JavaFX Application Thread] DEBUG PrimaryStageWindow   - FXGLStartupScene -> FXGLLoadingScene
09:32:02.095 [JavaFX Application Thread] DEBUG GameApplicationServi - Clearing previous game
09:32:02.095 [JavaFX Application Thread] DEBUG GameScene            - Clearing game scene
09:32:02.095 [JavaFX Application Thread] DEBUG GameWorld            - Clearing game world
09:32:02.095 [JavaFX Application Thread] DEBUG PhysicsWorld         - Clearing physics world
09:32:02.097 [FXGL Background Thread 4 ] DEBUG FXGLApplication      - Initializing game
09:32:02.137 [JavaFX Application Thread] DEBUG FXGLApplication      - Registering font factories with UI factory
09:32:02.165 [FXGL Background Thread 4 ] WARN  TMXLevelLoader       - TiledMap generated from 1.8.4. Supported version: 1.9.0. Some features may not be parsed fully.
09:32:02.178 [FXGL Background Thread 4 ] DEBUG TMXLevelLoader       - Parsed TiledMap: file:/C:/Users/Kilig/Desktop/Pokemon/target/classes/assets/levels/level1.tmx
09:32:02.180 [FXGL Background Thread 4 ] DEBUG TMXLevelLoader       - Creating tile layer entities
09:32:02.182 [FXGL Background Thread 4 ] DEBUG TilesetLoader        - Loading view for layer 图块层 1
09:32:02.184 [FXGL Background Thread 4 ] DEBUG TilesetLoader        - Created buffer with size 1024.0x800.0
09:32:02.197 [FXGL Background Thread 4 ] DEBUG TMXLevelLoader       - Creating object layer entities
09:32:02.242 [FXGL Background Thread 4 ] DEBUG GameWorld            - Clearing removable entities
09:32:02.242 [FXGL Background Thread 4 ] DEBUG GameWorld            - Setting level: com.almasb.fxgl.entity.level.Level@6eed1893
09:32:02.252 [FXGL Background Thread 4 ] DEBUG FXGLAssetLoaderServi - Loading from file system: file:/C:/Users/Kilig/Desktop/Pokemon/target/classes/assets/textures/BuLunDan.png
09:32:02.262 [FXGL Background Thread 4 ] INFO  FXGLApplication      - Game initialization took: 0.166 sec
09:32:02.263 [JavaFX Application Thread] DEBUG Input                - Clearing active input actions
09:32:02.269 [JavaFX Application Thread] DEBUG GameApplicationServi - Removing overlay from FXGLLoadingScene and adding to GameScene
09:32:02.269 [JavaFX Application Thread] DEBUG PrimaryStageWindow   - FXGLLoadingScene -> GameScene
09:32:02.925 [FXGL Background Thread 2 ] INFO  UpdaterService       - Your current version:  21
09:32:02.926 [FXGL Background Thread 2 ] INFO  UpdaterService       - Latest stable version: 21.1
09:32:05.016 [FXGL Background Thread 3 ] DEBUG Engine               - Logging environment variables
09:32:05.017 [FXGL Background Thread 3 ] DEBUG Engine               - achievements: []
09:32:05.017 [FXGL Background Thread 3 ] DEBUG Engine               - actualHeight: 800.0
09:32:05.017 [FXGL Background Thread 3 ] DEBUG Engine               - actualHeightProperty: ReadOnlyDoubleProperty [value: 800.0]
09:32:05.017 [FXGL Background Thread 3 ] DEBUG Engine               - actualWidth: 1120.0
09:32:05.017 [FXGL Background Thread 3 ] DEBUG Engine               - actualWidthProperty: ReadOnlyDoubleProperty [value: 1120.0]
09:32:05.017 [FXGL Background Thread 3 ] DEBUG Engine               - appIcon: fxgl_icon.png
09:32:05.017 [FXGL Background Thread 3 ] DEBUG Engine               - applicationMode: DEVELOPER
09:32:05.017 [FXGL Background Thread 3 ] DEBUG Engine               - cSSList: [fxgl_dark.css]
09:32:05.017 [FXGL Background Thread 3 ] DEBUG Engine               - collisionDetectionStrategy: BRUTE_FORCE
09:32:05.017 [FXGL Background Thread 3 ] DEBUG Engine               - configClass: Optional.empty
09:32:05.017 [FXGL Background Thread 3 ] DEBUG Engine               - credits: []
09:32:05.018 [FXGL Background Thread 3 ] DEBUG Engine               - defaultCursor: CursorInfo(imageName=fxgl_default_cursor.png, hotspotX=7.0, hotspotY=6.0)
09:32:05.018 [FXGL Background Thread 3 ] DEBUG Engine               - devBBoxColorProperty: ObjectProperty [value: 0xff0000ff]
09:32:05.019 [FXGL Background Thread 3 ] DEBUG Engine               - devEnableDebugCameraProperty: BooleanProperty [value: false]
09:32:05.019 [FXGL Background Thread 3 ] DEBUG Engine               - devSensorColorProperty: ObjectProperty [value: 0xffff00ff]
09:32:05.019 [FXGL Background Thread 3 ] DEBUG Engine               - devShowBBoxProperty: BooleanProperty [value: false]
09:32:05.019 [FXGL Background Thread 3 ] DEBUG Engine               - devShowPositionProperty: BooleanProperty [value: false]
09:32:05.019 [FXGL Background Thread 3 ] DEBUG Engine               - enabledMenuItems: []
09:32:05.019 [FXGL Background Thread 3 ] DEBUG Engine               - engineServices: [class com.almasb.fxgl.app.services.FXGLAssetLoaderService, class com.almasb.fxgl.app.FXGLApplication$GameApplicationService, class com.almasb.fxgl.app.services.FXGLDialogService, class com.almasb.fxgl.app.services.IOTaskExecutorService, class com.almasb.fxgl.io.FileSystemService, class com.almasb.fxgl.localization.LocalizationService, class com.almasb.fxgl.app.services.SystemBundleService, class com.almasb.fxgl.profile.SaveLoadService, class com.almasb.fxgl.ui.FXGLUIFactoryServiceProvider, class com.almasb.fxgl.ui.FXGLDialogFactoryServiceProvider, class com.almasb.fxgl.audio.AudioPlayer, class com.almasb.fxgl.notification.impl.NotificationServiceProvider, class com.almasb.fxgl.achievement.AchievementService, class com.almasb.fxgl.cutscene.CutsceneService, class com.almasb.fxgl.minigames.MiniGameService, class com.almasb.fxgl.net.NetService, class com.almasb.fxgl.app.services.UpdaterService, class com.almasb.fxgl.dev.DevService]
09:32:05.019 [FXGL Background Thread 3 ] DEBUG Engine               - fontGame: Abel-Regular.ttf
09:32:05.019 [FXGL Background Thread 3 ] DEBUG Engine               - fontMono: TerminalLandMono-Regular.otf
09:32:05.020 [FXGL Background Thread 3 ] DEBUG Engine               - fontSizeScaleUI: 1.0
09:32:05.020 [FXGL Background Thread 3 ] DEBUG Engine               - fontText: Courier-Prime.ttf
09:32:05.020 [FXGL Background Thread 3 ] DEBUG Engine               - fontUI: VarelaRound-Regular.ttf
09:32:05.020 [FXGL Background Thread 3 ] DEBUG Engine               - fullScreen: BooleanProperty [value: false]
09:32:05.020 [FXGL Background Thread 3 ] DEBUG Engine               - gameDifficulty: MEDIUM
09:32:05.020 [FXGL Background Thread 3 ] DEBUG Engine               - gameDifficultyProperty: ObjectProperty [value: MEDIUM]
09:32:05.020 [FXGL Background Thread 3 ] DEBUG Engine               - globalMusicVolume: 0.5
09:32:05.020 [FXGL Background Thread 3 ] DEBUG Engine               - globalMusicVolumeProperty: DoubleProperty [value: 0.5]
09:32:05.020 [FXGL Background Thread 3 ] DEBUG Engine               - globalSoundVolume: 0.5
09:32:05.020 [FXGL Background Thread 3 ] DEBUG Engine               - globalSoundVolumeProperty: DoubleProperty [value: 0.5]
09:32:05.020 [FXGL Background Thread 3 ] DEBUG Engine               - height: 800
09:32:05.020 [FXGL Background Thread 3 ] DEBUG Engine               - is3D: false
09:32:05.020 [FXGL Background Thread 3 ] DEBUG Engine               - isAndroid: false
09:32:05.020 [FXGL Background Thread 3 ] DEBUG Engine               - isBrowser: false
09:32:05.020 [FXGL Background Thread 3 ] DEBUG Engine               - isClickFeedbackEnabled: false
09:32:05.022 [FXGL Background Thread 3 ] DEBUG Engine               - isCloseConfirmation: false
09:32:05.023 [FXGL Background Thread 3 ] DEBUG Engine               - isDesktop: true
09:32:05.023 [FXGL Background Thread 3 ] DEBUG Engine               - isDeveloperMenuEnabled: false
09:32:05.023 [FXGL Background Thread 3 ] DEBUG Engine               - isEmbedded: false
09:32:05.023 [FXGL Background Thread 3 ] DEBUG Engine               - isEntityPreloadEnabled: true
09:32:05.023 [FXGL Background Thread 3 ] DEBUG Engine               - isExperimentalTiledLargeMap: false
09:32:05.023 [FXGL Background Thread 3 ] DEBUG Engine               - isFileSystemWriteAllowed: true
09:32:05.023 [FXGL Background Thread 3 ] DEBUG Engine               - isFullScreenAllowed: false
09:32:05.023 [FXGL Background Thread 3 ] DEBUG Engine               - isFullScreenFromStart: false
09:32:05.023 [FXGL Background Thread 3 ] DEBUG Engine               - isGameMenuEnabled: true
09:32:05.023 [FXGL Background Thread 3 ] DEBUG Engine               - isIOS: false
09:32:05.024 [FXGL Background Thread 3 ] DEBUG Engine               - isIntroEnabled: false
09:32:05.024 [FXGL Background Thread 3 ] DEBUG Engine               - isLinux: false
09:32:05.024 [FXGL Background Thread 3 ] DEBUG Engine               - isMac: false
09:32:05.024 [FXGL Background Thread 3 ] DEBUG Engine               - isMainMenuEnabled: false
09:32:05.024 [FXGL Background Thread 3 ] DEBUG Engine               - isManualResizeEnabled: false
09:32:05.024 [FXGL Background Thread 3 ] DEBUG Engine               - isMobile: false
09:32:05.024 [FXGL Background Thread 3 ] DEBUG Engine               - isNative: false
09:32:05.024 [FXGL Background Thread 3 ] DEBUG Engine               - isPauseMusicWhenMinimized: true
09:32:05.024 [FXGL Background Thread 3 ] DEBUG Engine               - isPreserveResizeRatio: false
09:32:05.024 [FXGL Background Thread 3 ] DEBUG Engine               - isProfilingEnabled: false
09:32:05.024 [FXGL Background Thread 3 ] DEBUG Engine               - isScaleAffectedOnResize: true
09:32:05.024 [FXGL Background Thread 3 ] DEBUG Engine               - isSingleStep: false
09:32:05.024 [FXGL Background Thread 3 ] DEBUG Engine               - isUserProfileEnabled: false
09:32:05.024 [FXGL Background Thread 3 ] DEBUG Engine               - isWindows: true
09:32:05.024 [FXGL Background Thread 3 ] DEBUG Engine               - language: ObjectProperty [value: ENGLISH]
09:32:05.024 [FXGL Background Thread 3 ] DEBUG Engine               - menuKey: ESCAPE
09:32:05.024 [FXGL Background Thread 3 ] DEBUG Engine               - mouseSensitivity: 0.2
09:32:05.024 [FXGL Background Thread 3 ] DEBUG Engine               - notificationViewClass: class com.almasb.fxgl.notification.view.XboxNotificationView
09:32:05.024 [FXGL Background Thread 3 ] DEBUG Engine               - pixelsPerMeter: 50.0
09:32:05.024 [FXGL Background Thread 3 ] DEBUG Engine               - platform: WINDOWS
09:32:05.024 [FXGL Background Thread 3 ] DEBUG Engine               - prefHeightProperty: ReadOnlyDoubleProperty [value: 800.0]
09:32:05.024 [FXGL Background Thread 3 ] DEBUG Engine               - prefWidthProperty: ReadOnlyDoubleProperty [value: 1120.0]
09:32:05.024 [FXGL Background Thread 3 ] DEBUG Engine               - profileDir: profiles/
09:32:05.024 [FXGL Background Thread 3 ] DEBUG Engine               - profileName: StringProperty [value: DEFAULT]
09:32:05.024 [FXGL Background Thread 3 ] DEBUG Engine               - randomSeed: -1
09:32:05.024 [FXGL Background Thread 3 ] DEBUG Engine               - runtimeInfo: RuntimeInfo(platform=WINDOWS, version=21, build=28.12.2023 13.35)
09:32:05.024 [FXGL Background Thread 3 ] DEBUG Engine               - saveFileExt: sav
09:32:05.024 [FXGL Background Thread 3 ] DEBUG Engine               - scaledHeightProp$fxgl: DoubleProperty [bound, value: 800.0]
09:32:05.024 [FXGL Background Thread 3 ] DEBUG Engine               - scaledWidthProp$fxgl: DoubleProperty [bound, value: 1120.0]
09:32:05.025 [FXGL Background Thread 3 ] DEBUG Engine               - sceneFactory: com.almasb.fxgl.app.scene.SceneFactory@35b842f3
09:32:05.025 [FXGL Background Thread 3 ] DEBUG Engine               - secondsIn24h: 60
09:32:05.025 [FXGL Background Thread 3 ] DEBUG Engine               - soundMenuBack: menu/back.wav
09:32:05.025 [FXGL Background Thread 3 ] DEBUG Engine               - soundMenuPress: menu/press.wav
09:32:05.025 [FXGL Background Thread 3 ] DEBUG Engine               - soundMenuSelect: menu/select.wav
09:32:05.025 [FXGL Background Thread 3 ] DEBUG Engine               - soundNotification: core/notification.wav
09:32:05.025 [FXGL Background Thread 3 ] DEBUG Engine               - stageStyle: DECORATED
09:32:05.025 [FXGL Background Thread 3 ] DEBUG Engine               - supportedLanguages: [ENGLISH, FRENCH, GERMAN, HUNGARIAN, RUSSIAN]
09:32:05.025 [FXGL Background Thread 3 ] DEBUG Engine               - ticksPerSecond: -1
09:32:05.025 [FXGL Background Thread 3 ] DEBUG Engine               - title: Pokemon
09:32:05.025 [FXGL Background Thread 3 ] DEBUG Engine               - urlGithub: https://github.com/AlmasB/FXGL
09:32:05.025 [FXGL Background Thread 3 ] DEBUG Engine               - urlLeaderboard: http://fxgl-top.herokuapp.com/
09:32:05.025 [FXGL Background Thread 3 ] DEBUG Engine               - urlPOM: https://raw.githubusercontent.com/AlmasB/FXGL/release/README.md
09:32:05.025 [FXGL Background Thread 3 ] DEBUG Engine               - userAppClass: class org.example.pokemon.map.GameApp
09:32:05.025 [FXGL Background Thread 3 ] DEBUG Engine               - version: 0.1
09:32:05.025 [FXGL Background Thread 3 ] DEBUG Engine               - versionCheckDays: 7
09:32:05.025 [FXGL Background Thread 3 ] DEBUG Engine               - width: 1120
09:32:05.025 [FXGL Background Thread 3 ] DEBUG Engine               - Logging services
09:32:05.025 [FXGL Background Thread 3 ] DEBUG Engine               - class com.almasb.fxgl.app.services.FXGLAssetLoaderService
09:32:05.025 [FXGL Background Thread 3 ] DEBUG Engine               - class com.almasb.fxgl.app.FXGLApplication$GameApplicationService
09:32:05.025 [FXGL Background Thread 3 ] DEBUG Engine               - class com.almasb.fxgl.app.services.FXGLDialogService
09:32:05.025 [FXGL Background Thread 3 ] DEBUG Engine               - class com.almasb.fxgl.app.services.IOTaskExecutorService
09:32:05.025 [FXGL Background Thread 3 ] DEBUG Engine               - class com.almasb.fxgl.io.FileSystemService
09:32:05.025 [FXGL Background Thread 3 ] DEBUG Engine               - class com.almasb.fxgl.localization.LocalizationService
09:32:05.025 [FXGL Background Thread 3 ] DEBUG Engine               - class com.almasb.fxgl.app.services.SystemBundleService
09:32:05.025 [FXGL Background Thread 3 ] DEBUG Engine               - class com.almasb.fxgl.profile.SaveLoadService
09:32:05.025 [FXGL Background Thread 3 ] DEBUG Engine               - class com.almasb.fxgl.ui.FXGLUIFactoryServiceProvider
09:32:05.025 [FXGL Background Thread 3 ] DEBUG Engine               - class com.almasb.fxgl.ui.FXGLDialogFactoryServiceProvider
09:32:05.025 [FXGL Background Thread 3 ] DEBUG Engine               - class com.almasb.fxgl.audio.AudioPlayer
09:32:05.025 [FXGL Background Thread 3 ] DEBUG Engine               - class com.almasb.fxgl.notification.impl.NotificationServiceProvider
09:32:05.025 [FXGL Background Thread 3 ] DEBUG Engine               - class com.almasb.fxgl.achievement.AchievementService
09:32:05.025 [FXGL Background Thread 3 ] DEBUG Engine               - class com.almasb.fxgl.cutscene.CutsceneService
09:32:05.025 [FXGL Background Thread 3 ] DEBUG Engine               - class com.almasb.fxgl.minigames.MiniGameService
09:32:05.025 [FXGL Background Thread 3 ] DEBUG Engine               - class com.almasb.fxgl.net.NetService
09:32:05.026 [FXGL Background Thread 3 ] DEBUG Engine               - class com.almasb.fxgl.app.services.UpdaterService
09:32:05.026 [FXGL Background Thread 3 ] DEBUG Engine               - class com.almasb.fxgl.dev.DevService
09:32:08.008 [JavaFX Application Thread] DEBUG FXGLApplication      - Exiting FXGL
09:32:08.008 [JavaFX Application Thread] DEBUG LoopRunner           - Stopping loop
09:32:08.008 [JavaFX Application Thread] DEBUG SystemBundleService  - Saving FXGL system data
09:32:08.012 [JavaFX Application Thread] DEBUG FileSystemAccess     - Writing to: C:\Users\Kilig\Desktop\Pokemon\system\fxgl.bundle
09:32:08.016 [JavaFX Application Thread] DEBUG Async                - Shutting down background threads
09:32:08.016 [JavaFX Application Thread] DEBUG PrimaryStageWindow   - Closing main window
09:32:08.032 [JavaFX Application Thread] DEBUG Logger               - Closing Logger
