00:15:03.224 [main                     ] DEBUG Logger               - Configured Logger
00:15:03.251 [main                     ] DEBUG GameApplication      - Logging settings
Title: Pokemon
Version: 0.1
Width: 1024
Height: 800
Fullscreen: false
Intro: false
Profiling: false
Single step:false
App Mode: DEVELOPER
Menu Key: ESCAPE
Stage Style: DECORATED
Scene Factory: class org.example.pokemon.map.GameApp$1

00:15:03.534 [JavaFX Application Thread] DEBUG FXGLApplication      - Initializing FXGL
00:15:03.538 [JavaFX Application Thread] INFO  Engine               - FXGL-21 (28.12.2023 13.35) on WINDOWS (J:21.0.4 FX:21)
00:15:03.539 [JavaFX Application Thread] DEBUG Engine               - JRE Vendor Name: Oracle Corporation
00:15:03.539 [JavaFX Application Thread] DEBUG Engine               - Running on OS: Windows 11 version 10.0
00:15:03.539 [JavaFX Application Thread] DEBUG Engine               - Architecture: amd64
00:15:03.539 [JavaFX Application Thread] INFO  Engine               - Source code and latest versions at: https://github.com/AlmasB/FXGL
00:15:03.539 [JavaFX Application Thread] INFO  Engine               -       Ask questions and discuss at: https://github.com/AlmasB/FXGL/discussions
00:15:03.539 [JavaFX Application Thread] INFO  Engine               -              Join the FXGL chat at: https://gitter.im/AlmasB/FXGL
00:15:03.602 [JavaFX Application Thread] DEBUG PrimaryStageWindow   - Creating a JavaFX scene
00:15:03.639 [JavaFX Application Thread] DEBUG PrimaryStageWindow   - Target settings size: 1024.0 x 800.0
00:15:03.641 [JavaFX Application Thread] DEBUG PrimaryStageWindow   - Scaled scene size:    1024.0 x 800.0
00:15:03.641 [JavaFX Application Thread] DEBUG PrimaryStageWindow   - Scaled ratio: (1.0, 1.0)
00:15:03.643 [JavaFX Application Thread] DEBUG PrimaryStageWindow   - Set initial scene to FXGLStartupScene
00:15:03.651 [JavaFX Application Thread] DEBUG PrimaryStageWindow   - Opening main window
00:15:03.723 [JavaFX Application Thread] DEBUG PrimaryStageWindow   - Window border size: (14.6666259765625, 37.33331298828125)
00:15:03.724 [JavaFX Application Thread] DEBUG PrimaryStageWindow   - Scaled size: 1024.0 x 800.0
00:15:03.724 [JavaFX Application Thread] DEBUG PrimaryStageWindow   - Scaled ratio: (1.0, 1.0)
00:15:03.724 [JavaFX Application Thread] DEBUG PrimaryStageWindow   - Scene size: 1024.0 x 800.0
00:15:03.724 [JavaFX Application Thread] DEBUG PrimaryStageWindow   - Stage size: 1038.6666259765625 x 837.3333129882812
00:15:03.729 [FXGL Background Thread 1 ] DEBUG Engine               - Initializing environment variables
00:15:03.775 [FXGL Background Thread 1 ] DEBUG FXGLAssetLoaderServi - User app class for loading assets: class org.example.pokemon.map.GameApp
00:15:03.775 [FXGL Background Thread 1 ] DEBUG GameApplicationServi - Applying CSS: fxgl_dark.css
00:15:03.775 [FXGL Background Thread 1 ] DEBUG FXGLAssetLoaderServi - Loading from file system: jar:file:///C:/Java%20Lib/apache-maven-3.8.8/repo/com/github/almasb/fxgl/21/fxgl-21.jar!/fxglassets/ui/css/fxgl_dark.css
00:15:03.825 [FXGL Background Thread 1 ] DEBUG GameApplicationServi - Initializing application scenes
00:15:03.899 [FXGL Background Thread 1 ] DEBUG GameWorld            - Game world initialized
00:15:03.951 [FXGL Background Thread 1 ] DEBUG PhysicsWorld         - Physics world initialized: appHeight=800, physics.ppm=50.0
00:15:03.952 [FXGL Background Thread 1 ] DEBUG PhysicsWorld         - Using strategy: BRUTE_FORCE
00:15:03.955 [FXGL Background Thread 1 ] DEBUG GameScene            - Game scene initialized: 1024x800
00:15:04.117 [FXGL Background Thread 1 ] DEBUG FXGL.DefaultMenu     - createMenuBodyGameMenu()
00:15:04.123 [FXGL Background Thread 1 ] DEBUG FXGL.DefaultMenu     - createOptionsMenu()
00:15:04.131 [FXGL Background Thread 1 ] DEBUG FXGLAssetLoaderServi - Loading from file system: jar:file:///C:/Java%20Lib/apache-maven-3.8.8/repo/com/github/almasb/fxgl/21/fxgl-21.jar!/fxglassets/textures/particles/smoke.png
00:15:04.243 [FXGL Background Thread 1 ] DEBUG FXGLAssetLoaderServi - Loading from file system: jar:file:///C:/Java%20Lib/apache-maven-3.8.8/repo/com/github/almasb/fxgl/21/fxgl-21.jar!/fxglassets/textures/particles/trace_horizontal.png
00:15:04.263 [FXGL Background Thread 1 ] DEBUG GameApplicationServi - Application scenes initialized
00:15:04.271 [FXGL Background Thread 1 ] DEBUG SystemBundleService  - Loading FXGL system data
00:15:04.274 [FXGL Background Thread 1 ] DEBUG FileSystemAccess     - Reading from: C:\Users\19871\Desktop\Pokemon\system\fxgl.bundle
00:15:04.279 [FXGL Background Thread 1 ] DEBUG SystemBundleService  - Bundle FXGL: {}
00:15:04.279 [FXGL Background Thread 1 ] DEBUG UpdaterService       - Checking for updates
00:15:04.281 [FXGL Background Thread 4 ] DEBUG FXGLApplication      - Loading fonts
00:15:04.283 [FXGL Background Thread 4 ] DEBUG FXGLAssetLoaderServi - Loading from file system: jar:file:///C:/Java%20Lib/apache-maven-3.8.8/repo/com/github/almasb/fxgl/21/fxgl-21.jar!/fxglassets/ui/fonts/VarelaRound-Regular.ttf
00:15:04.284 [FXGL Background Thread 1 ] DEBUG FXGLApplication      - Loading default localization
00:15:04.284 [FXGL Background Thread 1 ] DEBUG FXGLAssetLoaderServi - Loading from file system: jar:file:///C:/Java%20Lib/apache-maven-3.8.8/repo/com/github/almasb/fxgl/21/fxgl-21.jar!/fxglassets/languages/english.lang
00:15:04.314 [FXGL Background Thread 4 ] DEBUG FXGLAssetLoaderServi - Loading from file system: jar:file:///C:/Java%20Lib/apache-maven-3.8.8/repo/com/github/almasb/fxgl/21/fxgl-21.jar!/fxglassets/ui/fonts/Abel-Regular.ttf
00:15:04.318 [FXGL Background Thread 4 ] DEBUG FXGLAssetLoaderServi - Loading from file system: jar:file:///C:/Java%20Lib/apache-maven-3.8.8/repo/com/github/almasb/fxgl/21/fxgl-21.jar!/fxglassets/ui/fonts/TerminalLandMono-Regular.otf
00:15:04.320 [FXGL Background Thread 4 ] DEBUG FXGLAssetLoaderServi - Loading from file system: jar:file:///C:/Java%20Lib/apache-maven-3.8.8/repo/com/github/almasb/fxgl/21/fxgl-21.jar!/fxglassets/ui/fonts/Courier-Prime.ttf
00:15:04.328 [JavaFX Application Thread] DEBUG FXGLApplication      - Registering font factories with UI factory
00:15:04.352 [FXGL Background Thread 1 ] INFO  FXGLApplication      - FXGL initialization took: 0.623 sec
00:15:04.378 [JavaFX Application Thread] DEBUG Input                - Registered new binding: action0 - W
00:15:04.378 [JavaFX Application Thread] DEBUG Input                - Registered new binding: action1 - A
00:15:04.380 [JavaFX Application Thread] DEBUG Input                - Registered new binding: action2 - S
00:15:04.380 [JavaFX Application Thread] DEBUG Input                - Registered new binding: action3 - D
00:15:04.381 [JavaFX Application Thread] DEBUG Input                - Registered new binding: action4 - Up
00:15:04.381 [JavaFX Application Thread] DEBUG Input                - Registered new binding: action5 - Left
00:15:04.381 [JavaFX Application Thread] DEBUG Input                - Registered new binding: action6 - Down
00:15:04.383 [JavaFX Application Thread] DEBUG Input                - Registered new binding: action7 - Right
00:15:04.384 [JavaFX Application Thread] DEBUG Input                - Registered new binding: action8 - J
00:15:04.384 [JavaFX Application Thread] DEBUG FXGLAssetLoaderServi - Loading from file system: file:/C:/Users/19871/Desktop/Pokemon/target/classes/assets/music/BGM.mp3
00:15:04.503 [JavaFX Application Thread] DEBUG AudioPlayer          - Playing music com.almasb.fxgl.audio.Music@1fab3d58
00:15:04.504 [JavaFX Application Thread] DEBUG FXGLAssetLoaderServi - Loading from file system: file:/C:/Users/19871/Desktop/Pokemon/target/classes/assets/textures/icon.png
00:15:04.515 [JavaFX Application Thread] DEBUG FXGLAssetLoaderServi - Loading from file system: jar:file:///C:/Java%20Lib/apache-maven-3.8.8/repo/com/github/almasb/fxgl/21/fxgl-21.jar!/fxglassets/textures/fxgl_default_cursor.png
00:15:04.520 [JavaFX Application Thread] DEBUG Input                - Registered new binding: Screenshot - CTRL+8
00:15:04.521 [JavaFX Application Thread] DEBUG Input                - Registered new binding: System info dump - CTRL+9
00:15:04.521 [JavaFX Application Thread] DEBUG Input                - Registered new binding: Restart - CTRL+R
00:15:04.527 [JavaFX Application Thread] DEBUG Input                - Registered new binding: Toggle Debug Camera - CTRL+7
00:15:04.531 [JavaFX Application Thread] DEBUG LoopRunner           - Starting loop
00:15:04.531 [JavaFX Application Thread] DEBUG LoopRunner           - Initializing JavaFX AnimationTimerLoop
00:15:04.534 [JavaFX Application Thread] DEBUG Input                - Clearing active input actions
00:15:04.541 [JavaFX Application Thread] DEBUG GameApplicationServi - Removing overlay from FXGLStartupScene and adding to FXGLMainMenuDummyScene
00:15:04.541 [JavaFX Application Thread] DEBUG PrimaryStageWindow   - FXGLStartupScene -> FXGLMainMenuDummyScene
00:15:04.541 [JavaFX Application Thread] DEBUG PrimaryStageWindow   - Push state: TestMainMenu
00:15:04.544 [JavaFX Application Thread] DEBUG Input                - Clearing active input actions
00:15:04.554 [JavaFX Application Thread] DEBUG GameApplicationServi - Removing overlay from FXGLMainMenuDummyScene and adding to TestMainMenu
00:15:04.554 [JavaFX Application Thread] DEBUG PrimaryStageWindow   - FXGLMainMenuDummyScene -> TestMainMenu
00:15:07.282 [FXGL Background Thread 3 ] DEBUG Engine               - Logging environment variables
00:15:07.282 [FXGL Background Thread 3 ] DEBUG Engine               - achievements: []
00:15:07.282 [FXGL Background Thread 3 ] DEBUG Engine               - actualHeight: 800.0
00:15:07.282 [FXGL Background Thread 3 ] DEBUG Engine               - actualHeightProperty: ReadOnlyDoubleProperty [value: 800.0]
00:15:07.282 [FXGL Background Thread 3 ] DEBUG Engine               - actualWidth: 1024.0
00:15:07.282 [FXGL Background Thread 3 ] DEBUG Engine               - actualWidthProperty: ReadOnlyDoubleProperty [value: 1024.0]
00:15:07.282 [FXGL Background Thread 3 ] DEBUG Engine               - appIcon: icon.png
00:15:07.282 [FXGL Background Thread 3 ] DEBUG Engine               - applicationMode: DEVELOPER
00:15:07.282 [FXGL Background Thread 3 ] DEBUG Engine               - cSSList: [fxgl_dark.css]
00:15:07.282 [FXGL Background Thread 3 ] DEBUG Engine               - collisionDetectionStrategy: BRUTE_FORCE
00:15:07.283 [FXGL Background Thread 3 ] DEBUG Engine               - configClass: Optional.empty
00:15:07.283 [FXGL Background Thread 3 ] DEBUG Engine               - credits: []
00:15:07.283 [FXGL Background Thread 3 ] DEBUG Engine               - defaultCursor: CursorInfo(imageName=fxgl_default_cursor.png, hotspotX=7.0, hotspotY=6.0)
00:15:07.283 [FXGL Background Thread 3 ] DEBUG Engine               - devBBoxColorProperty: ObjectProperty [value: 0xff0000ff]
00:15:07.283 [FXGL Background Thread 3 ] DEBUG Engine               - devEnableDebugCameraProperty: BooleanProperty [value: false]
00:15:07.283 [FXGL Background Thread 3 ] DEBUG Engine               - devSensorColorProperty: ObjectProperty [value: 0xffff00ff]
00:15:07.283 [FXGL Background Thread 3 ] DEBUG Engine               - devShowBBoxProperty: BooleanProperty [value: false]
00:15:07.283 [FXGL Background Thread 3 ] DEBUG Engine               - devShowPositionProperty: BooleanProperty [value: false]
00:15:07.284 [FXGL Background Thread 3 ] DEBUG Engine               - enabledMenuItems: []
00:15:07.284 [FXGL Background Thread 3 ] DEBUG Engine               - engineServices: [class com.almasb.fxgl.app.services.FXGLAssetLoaderService, class com.almasb.fxgl.app.FXGLApplication$GameApplicationService, class com.almasb.fxgl.app.services.FXGLDialogService, class com.almasb.fxgl.app.services.IOTaskExecutorService, class com.almasb.fxgl.io.FileSystemService, class com.almasb.fxgl.localization.LocalizationService, class com.almasb.fxgl.app.services.SystemBundleService, class com.almasb.fxgl.profile.SaveLoadService, class com.almasb.fxgl.ui.FXGLUIFactoryServiceProvider, class com.almasb.fxgl.ui.FXGLDialogFactoryServiceProvider, class com.almasb.fxgl.audio.AudioPlayer, class com.almasb.fxgl.notification.impl.NotificationServiceProvider, class com.almasb.fxgl.achievement.AchievementService, class com.almasb.fxgl.cutscene.CutsceneService, class com.almasb.fxgl.minigames.MiniGameService, class com.almasb.fxgl.net.NetService, class com.almasb.fxgl.app.services.UpdaterService, class com.almasb.fxgl.dev.DevService]
00:15:07.284 [FXGL Background Thread 3 ] DEBUG Engine               - fontGame: Abel-Regular.ttf
00:15:07.284 [FXGL Background Thread 3 ] DEBUG Engine               - fontMono: TerminalLandMono-Regular.otf
00:15:07.284 [FXGL Background Thread 3 ] DEBUG Engine               - fontSizeScaleUI: 1.0
00:15:07.284 [FXGL Background Thread 3 ] DEBUG Engine               - fontText: Courier-Prime.ttf
00:15:07.284 [FXGL Background Thread 3 ] DEBUG Engine               - fontUI: VarelaRound-Regular.ttf
00:15:07.284 [FXGL Background Thread 3 ] DEBUG Engine               - fullScreen: BooleanProperty [value: false]
00:15:07.284 [FXGL Background Thread 3 ] DEBUG Engine               - gameDifficulty: MEDIUM
00:15:07.284 [FXGL Background Thread 3 ] DEBUG Engine               - gameDifficultyProperty: ObjectProperty [value: MEDIUM]
00:15:07.284 [FXGL Background Thread 3 ] DEBUG Engine               - globalMusicVolume: 0.5
00:15:07.284 [FXGL Background Thread 3 ] DEBUG Engine               - globalMusicVolumeProperty: DoubleProperty [value: 0.1]
00:15:07.284 [FXGL Background Thread 3 ] DEBUG Engine               - globalSoundVolume: 0.5
00:15:07.284 [FXGL Background Thread 3 ] DEBUG Engine               - globalSoundVolumeProperty: DoubleProperty [value: 0.5]
00:15:07.284 [FXGL Background Thread 3 ] DEBUG Engine               - height: 800
00:15:07.284 [FXGL Background Thread 3 ] DEBUG Engine               - is3D: false
00:15:07.284 [FXGL Background Thread 3 ] DEBUG Engine               - isAndroid: false
00:15:07.284 [FXGL Background Thread 3 ] DEBUG Engine               - isBrowser: false
00:15:07.284 [FXGL Background Thread 3 ] DEBUG Engine               - isClickFeedbackEnabled: false
00:15:07.284 [FXGL Background Thread 3 ] DEBUG Engine               - isCloseConfirmation: false
00:15:07.284 [FXGL Background Thread 3 ] DEBUG Engine               - isDesktop: true
00:15:07.284 [FXGL Background Thread 3 ] DEBUG Engine               - isDeveloperMenuEnabled: false
00:15:07.284 [FXGL Background Thread 3 ] DEBUG Engine               - isEmbedded: false
00:15:07.284 [FXGL Background Thread 3 ] DEBUG Engine               - isEntityPreloadEnabled: true
00:15:07.284 [FXGL Background Thread 3 ] DEBUG Engine               - isExperimentalTiledLargeMap: false
00:15:07.284 [FXGL Background Thread 3 ] DEBUG Engine               - isFileSystemWriteAllowed: true
00:15:07.284 [FXGL Background Thread 3 ] DEBUG Engine               - isFullScreenAllowed: false
00:15:07.284 [FXGL Background Thread 3 ] DEBUG Engine               - isFullScreenFromStart: false
00:15:07.284 [FXGL Background Thread 3 ] DEBUG Engine               - isGameMenuEnabled: true
00:15:07.284 [FXGL Background Thread 3 ] DEBUG Engine               - isIOS: false
00:15:07.284 [FXGL Background Thread 3 ] DEBUG Engine               - isIntroEnabled: false
00:15:07.284 [FXGL Background Thread 3 ] DEBUG Engine               - isLinux: false
00:15:07.284 [FXGL Background Thread 3 ] DEBUG Engine               - isMac: false
00:15:07.284 [FXGL Background Thread 3 ] DEBUG Engine               - isMainMenuEnabled: true
00:15:07.284 [FXGL Background Thread 3 ] DEBUG Engine               - isManualResizeEnabled: false
00:15:07.284 [FXGL Background Thread 3 ] DEBUG Engine               - isMobile: false
00:15:07.284 [FXGL Background Thread 3 ] DEBUG Engine               - isNative: false
00:15:07.284 [FXGL Background Thread 3 ] DEBUG Engine               - isPauseMusicWhenMinimized: true
00:15:07.284 [FXGL Background Thread 3 ] DEBUG Engine               - isPreserveResizeRatio: false
00:15:07.284 [FXGL Background Thread 3 ] DEBUG Engine               - isProfilingEnabled: false
00:15:07.284 [FXGL Background Thread 3 ] DEBUG Engine               - isScaleAffectedOnResize: true
00:15:07.284 [FXGL Background Thread 3 ] DEBUG Engine               - isSingleStep: false
00:15:07.284 [FXGL Background Thread 3 ] DEBUG Engine               - isUserProfileEnabled: false
00:15:07.284 [FXGL Background Thread 3 ] DEBUG Engine               - isWindows: true
00:15:07.284 [FXGL Background Thread 3 ] DEBUG Engine               - language: ObjectProperty [value: ENGLISH]
00:15:07.284 [FXGL Background Thread 3 ] DEBUG Engine               - menuKey: ESCAPE
00:15:07.285 [FXGL Background Thread 3 ] DEBUG Engine               - mouseSensitivity: 0.2
00:15:07.285 [FXGL Background Thread 3 ] DEBUG Engine               - notificationViewClass: class com.almasb.fxgl.notification.view.XboxNotificationView
00:15:07.285 [FXGL Background Thread 3 ] DEBUG Engine               - pixelsPerMeter: 50.0
00:15:07.285 [FXGL Background Thread 3 ] DEBUG Engine               - platform: WINDOWS
00:15:07.285 [FXGL Background Thread 3 ] DEBUG Engine               - prefHeightProperty: ReadOnlyDoubleProperty [value: 800.0]
00:15:07.285 [FXGL Background Thread 3 ] DEBUG Engine               - prefWidthProperty: ReadOnlyDoubleProperty [value: 1024.0]
00:15:07.285 [FXGL Background Thread 3 ] DEBUG Engine               - profileDir: profiles/
00:15:07.285 [FXGL Background Thread 3 ] DEBUG Engine               - profileName: StringProperty [value: DEFAULT]
00:15:07.285 [FXGL Background Thread 3 ] DEBUG Engine               - randomSeed: -1
00:15:07.285 [FXGL Background Thread 3 ] DEBUG Engine               - runtimeInfo: RuntimeInfo(platform=WINDOWS, version=21, build=28.12.2023 13.35)
00:15:07.285 [FXGL Background Thread 3 ] DEBUG Engine               - saveFileExt: sav
00:15:07.285 [FXGL Background Thread 3 ] DEBUG Engine               - scaledHeightProp$fxgl: DoubleProperty [bound, value: 800.0]
00:15:07.285 [FXGL Background Thread 3 ] DEBUG Engine               - scaledWidthProp$fxgl: DoubleProperty [bound, value: 1024.0]
00:15:07.285 [FXGL Background Thread 3 ] DEBUG Engine               - sceneFactory: org.example.pokemon.map.GameApp$1@7cd8b4c
00:15:07.285 [FXGL Background Thread 3 ] DEBUG Engine               - secondsIn24h: 60
00:15:07.285 [FXGL Background Thread 3 ] DEBUG Engine               - soundMenuBack: menu/back.wav
00:15:07.285 [FXGL Background Thread 3 ] DEBUG Engine               - soundMenuPress: menu/press.wav
00:15:07.285 [FXGL Background Thread 3 ] DEBUG Engine               - soundMenuSelect: menu/select.wav
00:15:07.285 [FXGL Background Thread 3 ] DEBUG Engine               - soundNotification: core/notification.wav
00:15:07.285 [FXGL Background Thread 3 ] DEBUG Engine               - stageStyle: DECORATED
00:15:07.285 [FXGL Background Thread 3 ] DEBUG Engine               - supportedLanguages: [ENGLISH, FRENCH, GERMAN, HUNGARIAN, RUSSIAN]
00:15:07.285 [FXGL Background Thread 3 ] DEBUG Engine               - ticksPerSecond: -1
00:15:07.285 [FXGL Background Thread 3 ] DEBUG Engine               - title: Pokemon
00:15:07.285 [FXGL Background Thread 3 ] DEBUG Engine               - urlGithub: https://github.com/AlmasB/FXGL
00:15:07.285 [FXGL Background Thread 3 ] DEBUG Engine               - urlLeaderboard: http://fxgl-top.herokuapp.com/
00:15:07.285 [FXGL Background Thread 3 ] DEBUG Engine               - urlPOM: https://raw.githubusercontent.com/AlmasB/FXGL/release/README.md
00:15:07.285 [FXGL Background Thread 3 ] DEBUG Engine               - userAppClass: class org.example.pokemon.map.GameApp
00:15:07.285 [FXGL Background Thread 3 ] DEBUG Engine               - version: 0.1
00:15:07.285 [FXGL Background Thread 3 ] DEBUG Engine               - versionCheckDays: 7
00:15:07.285 [FXGL Background Thread 3 ] DEBUG Engine               - width: 1024
00:15:07.285 [FXGL Background Thread 3 ] DEBUG Engine               - Logging services
00:15:07.285 [FXGL Background Thread 3 ] DEBUG Engine               - class com.almasb.fxgl.app.services.FXGLAssetLoaderService
00:15:07.285 [FXGL Background Thread 3 ] DEBUG Engine               - class com.almasb.fxgl.app.FXGLApplication$GameApplicationService
00:15:07.285 [FXGL Background Thread 3 ] DEBUG Engine               - class com.almasb.fxgl.app.services.FXGLDialogService
00:15:07.285 [FXGL Background Thread 3 ] DEBUG Engine               - class com.almasb.fxgl.app.services.IOTaskExecutorService
00:15:07.285 [FXGL Background Thread 3 ] DEBUG Engine               - class com.almasb.fxgl.io.FileSystemService
00:15:07.285 [FXGL Background Thread 3 ] DEBUG Engine               - class com.almasb.fxgl.localization.LocalizationService
00:15:07.285 [FXGL Background Thread 3 ] DEBUG Engine               - class com.almasb.fxgl.app.services.SystemBundleService
00:15:07.285 [FXGL Background Thread 3 ] DEBUG Engine               - class com.almasb.fxgl.profile.SaveLoadService
00:15:07.285 [FXGL Background Thread 3 ] DEBUG Engine               - class com.almasb.fxgl.ui.FXGLUIFactoryServiceProvider
00:15:07.285 [FXGL Background Thread 3 ] DEBUG Engine               - class com.almasb.fxgl.ui.FXGLDialogFactoryServiceProvider
00:15:07.285 [FXGL Background Thread 3 ] DEBUG Engine               - class com.almasb.fxgl.audio.AudioPlayer
00:15:07.285 [FXGL Background Thread 3 ] DEBUG Engine               - class com.almasb.fxgl.notification.impl.NotificationServiceProvider
00:15:07.285 [FXGL Background Thread 3 ] DEBUG Engine               - class com.almasb.fxgl.achievement.AchievementService
00:15:07.285 [FXGL Background Thread 3 ] DEBUG Engine               - class com.almasb.fxgl.cutscene.CutsceneService
00:15:07.285 [FXGL Background Thread 3 ] DEBUG Engine               - class com.almasb.fxgl.minigames.MiniGameService
00:15:07.285 [FXGL Background Thread 3 ] DEBUG Engine               - class com.almasb.fxgl.net.NetService
00:15:07.285 [FXGL Background Thread 3 ] DEBUG Engine               - class com.almasb.fxgl.app.services.UpdaterService
00:15:07.285 [FXGL Background Thread 3 ] DEBUG Engine               - class com.almasb.fxgl.dev.DevService
00:15:10.157 [JavaFX Application Thread] DEBUG GameApplicationServi - Starting new game
00:15:10.158 [JavaFX Application Thread] DEBUG PrimaryStageWindow   - Pop state: TestMainMenu
00:15:10.158 [JavaFX Application Thread] DEBUG Input                - Clearing active input actions
00:15:10.159 [JavaFX Application Thread] DEBUG GameApplicationServi - Removing overlay from TestMainMenu and adding to FXGLMainMenuDummyScene
00:15:10.159 [JavaFX Application Thread] DEBUG PrimaryStageWindow   - FXGLMainMenuDummyScene <- TestMainMenu
00:15:10.159 [JavaFX Application Thread] DEBUG Input                - Clearing active input actions
00:15:10.162 [JavaFX Application Thread] DEBUG GameApplicationServi - Removing overlay from FXGLMainMenuDummyScene and adding to FXGLLoadingScene
00:15:10.162 [JavaFX Application Thread] DEBUG PrimaryStageWindow   - FXGLMainMenuDummyScene -> FXGLLoadingScene
00:15:10.162 [JavaFX Application Thread] DEBUG GameApplicationServi - Clearing previous game
00:15:10.162 [JavaFX Application Thread] DEBUG GameScene            - Clearing game scene
00:15:10.162 [JavaFX Application Thread] DEBUG GameWorld            - Clearing game world
00:15:10.162 [JavaFX Application Thread] DEBUG PhysicsWorld         - Clearing physics world
00:15:10.165 [FXGL Background Thread 1 ] DEBUG FXGLApplication      - Initializing game
00:15:10.177 [FXGL Background Thread 1 ] WARN  TMXLevelLoader       - TiledMap generated from 1.8.4. Supported version: 1.9.0. Some features may not be parsed fully.
00:15:10.195 [FXGL Background Thread 1 ] DEBUG TMXLevelLoader       - Parsed TiledMap: file:/C:/Users/19871/Desktop/Pokemon/target/classes/assets/levels/level1.tmx
00:15:10.196 [FXGL Background Thread 1 ] DEBUG TMXLevelLoader       - Creating tile layer entities
00:15:10.198 [FXGL Background Thread 1 ] DEBUG TilesetLoader        - Loading view for layer 图块层 1
00:15:10.200 [FXGL Background Thread 1 ] DEBUG TilesetLoader        - Created buffer with size 1024.0x800.0
00:15:10.209 [FXGL Background Thread 1 ] DEBUG TMXLevelLoader       - Creating object layer entities
00:15:10.267 [FXGL Background Thread 1 ] DEBUG FXGLAssetLoaderServi - Loading from file system: file:/C:/Users/19871/Desktop/Pokemon/target/classes/assets/textures/flower.png
00:15:10.287 [FXGL Background Thread 1 ] DEBUG GameWorld            - Clearing removable entities
00:15:10.288 [FXGL Background Thread 1 ] DEBUG GameWorld            - Setting level: com.almasb.fxgl.entity.level.Level@1b18848a
00:15:10.301 [FXGL Background Thread 1 ] DEBUG FXGLAssetLoaderServi - Loading from file system: file:/C:/Users/19871/Desktop/Pokemon/target/classes/assets/textures/buLunDan2.png
00:15:10.306 [FXGL Background Thread 1 ] DEBUG FXGLAssetLoaderServi - Loading from file system: file:/C:/Users/19871/Desktop/Pokemon/target/classes/assets/textures/RacketTeam.png
00:15:10.307 [FXGL Background Thread 1 ] INFO  FXGLApplication      - Game initialization took: 0.142 sec
00:15:10.308 [JavaFX Application Thread] DEBUG Input                - Clearing active input actions
00:15:10.314 [JavaFX Application Thread] DEBUG GameApplicationServi - Removing overlay from FXGLLoadingScene and adding to GameScene
00:15:10.314 [JavaFX Application Thread] DEBUG PrimaryStageWindow   - FXGLLoadingScene -> GameScene
00:15:15.464 [JavaFX Application Thread] DEBUG FXGLAssetLoaderServi - Loading from file system: file:/C:/Users/19871/Desktop/Pokemon/target/classes/assets/textures/hint.png
00:15:16.453 [JavaFX Application Thread] WARN  TMXLevelLoader       - TiledMap generated from 1.8.4. Supported version: 1.9.0. Some features may not be parsed fully.
00:15:16.455 [JavaFX Application Thread] DEBUG TMXLevelLoader       - Parsed TiledMap: file:/C:/Users/19871/Desktop/Pokemon/target/classes/assets/levels/level3.tmx
00:15:16.455 [JavaFX Application Thread] DEBUG TMXLevelLoader       - Creating tile layer entities
00:15:16.456 [JavaFX Application Thread] DEBUG TilesetLoader        - Loading view for layer 图块层 1
00:15:16.457 [JavaFX Application Thread] DEBUG TilesetLoader        - Created buffer with size 1024.0x800.0
00:15:16.461 [JavaFX Application Thread] DEBUG TMXLevelLoader       - Creating object layer entities
00:15:16.475 [JavaFX Application Thread] DEBUG GameWorld            - Clearing removable entities
00:15:16.483 [JavaFX Application Thread] DEBUG GameWorld            - Setting level: com.almasb.fxgl.entity.level.Level@29c249c0
00:15:16.486 [JavaFX Application Thread] DEBUG FXGLAssetLoaderServi - Loading from file system: file:/C:/Users/19871/Desktop/Pokemon/target/classes/assets/textures/Nurse2.png
00:15:16.488 [JavaFX Application Thread] DEBUG FXGLAssetLoaderServi - Loading from file system: file:/C:/Users/19871/Desktop/Pokemon/target/classes/assets/textures/Nurse_stand.png
00:15:21.222 [JavaFX Application Thread] DEBUG PrimaryStageWindow   - Push state: DialogSubScene
00:15:21.222 [JavaFX Application Thread] DEBUG Input                - Clearing active input actions
00:15:21.223 [JavaFX Application Thread] DEBUG GameApplicationServi - Removing overlay from GameScene and adding to DialogSubScene
00:15:21.224 [JavaFX Application Thread] DEBUG PrimaryStageWindow   - GameScene -> DialogSubScene
00:15:25.524 [JavaFX Application Thread] DEBUG PrimaryStageWindow   - Pop state: DialogSubScene
00:15:25.524 [JavaFX Application Thread] DEBUG Input                - Clearing active input actions
00:15:25.524 [JavaFX Application Thread] DEBUG GameApplicationServi - Removing overlay from DialogSubScene and adding to GameScene
00:15:25.525 [JavaFX Application Thread] DEBUG PrimaryStageWindow   - GameScene <- DialogSubScene
00:15:28.772 [JavaFX Application Thread] WARN  TMXLevelLoader       - TiledMap generated from 1.8.4. Supported version: 1.9.0. Some features may not be parsed fully.
00:15:28.776 [JavaFX Application Thread] DEBUG TMXLevelLoader       - Parsed TiledMap: file:/C:/Users/19871/Desktop/Pokemon/target/classes/assets/levels/level1.tmx
00:15:28.776 [JavaFX Application Thread] DEBUG TMXLevelLoader       - Creating tile layer entities
00:15:28.777 [JavaFX Application Thread] DEBUG TilesetLoader        - Loading view for layer 图块层 1
00:15:28.778 [JavaFX Application Thread] DEBUG TilesetLoader        - Created buffer with size 1024.0x800.0
00:15:28.783 [JavaFX Application Thread] DEBUG TMXLevelLoader       - Creating object layer entities
00:15:28.807 [JavaFX Application Thread] DEBUG GameWorld            - Clearing removable entities
00:15:28.809 [JavaFX Application Thread] DEBUG GameWorld            - Setting level: com.almasb.fxgl.entity.level.Level@70f5c467
00:15:31.847 [JavaFX Application Thread] DEBUG FXGLAssetLoaderServi - Loading from file system: file:/C:/Users/19871/Desktop/Pokemon/target/classes/assets/textures/hint2.png
00:15:32.162 [JavaFX Application Thread] WARN  TMXLevelLoader       - TiledMap generated from 1.8.4. Supported version: 1.9.0. Some features may not be parsed fully.
00:15:32.165 [JavaFX Application Thread] DEBUG TMXLevelLoader       - Parsed TiledMap: file:/C:/Users/19871/Desktop/Pokemon/target/classes/assets/levels/level2.tmx
00:15:32.165 [JavaFX Application Thread] DEBUG TMXLevelLoader       - Creating tile layer entities
00:15:32.165 [JavaFX Application Thread] DEBUG TilesetLoader        - Loading view for layer 图块层 1
00:15:32.165 [JavaFX Application Thread] DEBUG TilesetLoader        - Created buffer with size 1024.0x800.0
00:15:32.167 [JavaFX Application Thread] DEBUG TMXLevelLoader       - Creating object layer entities
00:15:32.168 [JavaFX Application Thread] DEBUG FXGLAssetLoaderServi - Loading from file system: file:/C:/Users/19871/Desktop/Pokemon/target/classes/assets/textures/ocean.png
00:15:32.226 [JavaFX Application Thread] DEBUG FXGLAssetLoaderServi - Loading from file system: file:/C:/Users/19871/Desktop/Pokemon/target/classes/assets/textures/sandTree2.png
00:15:32.228 [JavaFX Application Thread] DEBUG GameWorld            - Clearing removable entities
00:15:32.234 [JavaFX Application Thread] DEBUG GameWorld            - Setting level: com.almasb.fxgl.entity.level.Level@35e55d2a
00:15:37.543 [JavaFX Application Thread] DEBUG PrimaryStageWindow   - Push state: DialogSubScene
00:15:37.543 [JavaFX Application Thread] DEBUG Input                - Clearing active input actions
00:15:37.543 [JavaFX Application Thread] DEBUG GameApplicationServi - Removing overlay from GameScene and adding to DialogSubScene
00:15:37.543 [JavaFX Application Thread] DEBUG PrimaryStageWindow   - GameScene -> DialogSubScene
00:15:38.952 [JavaFX Application Thread] DEBUG PrimaryStageWindow   - Pop state: DialogSubScene
00:15:38.954 [JavaFX Application Thread] DEBUG Input                - Clearing active input actions
00:15:38.954 [JavaFX Application Thread] DEBUG GameApplicationServi - Removing overlay from DialogSubScene and adding to GameScene
00:15:38.954 [JavaFX Application Thread] DEBUG PrimaryStageWindow   - GameScene <- DialogSubScene
00:16:06.590 [FXGL Background Thread 2 ] WARN  UpdaterService       - Failed to find updates: java.net.SocketException: 由于连接方在一段时间后没有正确答复或连接的主机没有反应，连接尝试失败。
00:16:22.212 [JavaFX Application Thread] WARN  TMXLevelLoader       - TiledMap generated from 1.8.4. Supported version: 1.9.0. Some features may not be parsed fully.
00:16:22.214 [JavaFX Application Thread] DEBUG TMXLevelLoader       - Parsed TiledMap: file:/C:/Users/19871/Desktop/Pokemon/target/classes/assets/levels/level1.tmx
00:16:22.214 [JavaFX Application Thread] DEBUG TMXLevelLoader       - Creating tile layer entities
00:16:22.214 [JavaFX Application Thread] DEBUG TilesetLoader        - Loading view for layer 图块层 1
00:16:22.214 [JavaFX Application Thread] DEBUG TilesetLoader        - Created buffer with size 1024.0x800.0
00:16:22.218 [JavaFX Application Thread] DEBUG TMXLevelLoader       - Creating object layer entities
00:16:22.228 [JavaFX Application Thread] DEBUG GameWorld            - Clearing removable entities
00:16:22.234 [JavaFX Application Thread] DEBUG GameWorld            - Setting level: com.almasb.fxgl.entity.level.Level@e8d5dd6
00:16:29.243 [JavaFX Application Thread] WARN  TMXLevelLoader       - TiledMap generated from 1.8.4. Supported version: 1.9.0. Some features may not be parsed fully.
00:16:29.245 [JavaFX Application Thread] DEBUG TMXLevelLoader       - Parsed TiledMap: file:/C:/Users/19871/Desktop/Pokemon/target/classes/assets/levels/level4.tmx
00:16:29.245 [JavaFX Application Thread] DEBUG TMXLevelLoader       - Creating tile layer entities
00:16:29.245 [JavaFX Application Thread] DEBUG TilesetLoader        - Loading view for layer 图块层 1
00:16:29.246 [JavaFX Application Thread] DEBUG TilesetLoader        - Created buffer with size 1024.0x800.0
00:16:29.248 [JavaFX Application Thread] DEBUG TMXLevelLoader       - Creating object layer entities
00:16:29.253 [JavaFX Application Thread] DEBUG GameWorld            - Clearing removable entities
00:16:29.258 [JavaFX Application Thread] DEBUG GameWorld            - Setting level: com.almasb.fxgl.entity.level.Level@44915f7a
00:16:29.259 [JavaFX Application Thread] DEBUG FXGLAssetLoaderServi - Loading from file system: file:/C:/Users/19871/Desktop/Pokemon/target/classes/assets/textures/bigWood.png
00:16:31.169 [JavaFX Application Thread] DEBUG PrimaryStageWindow   - Push state: DialogSubScene
00:16:31.169 [JavaFX Application Thread] DEBUG Input                - Clearing active input actions
00:16:31.169 [JavaFX Application Thread] DEBUG GameApplicationServi - Removing overlay from GameScene and adding to DialogSubScene
00:16:31.169 [JavaFX Application Thread] DEBUG PrimaryStageWindow   - GameScene -> DialogSubScene
00:16:32.867 [JavaFX Application Thread] DEBUG PrimaryStageWindow   - Pop state: DialogSubScene
00:16:32.867 [JavaFX Application Thread] DEBUG Input                - Clearing active input actions
00:16:32.867 [JavaFX Application Thread] DEBUG GameApplicationServi - Removing overlay from DialogSubScene and adding to GameScene
00:16:32.867 [JavaFX Application Thread] DEBUG PrimaryStageWindow   - GameScene <- DialogSubScene
00:16:34.501 [JavaFX Application Thread] DEBUG PrimaryStageWindow   - Push state: DialogSubScene
00:16:34.501 [JavaFX Application Thread] DEBUG Input                - Clearing active input actions
00:16:34.501 [JavaFX Application Thread] DEBUG GameApplicationServi - Removing overlay from GameScene and adding to DialogSubScene
00:16:34.501 [JavaFX Application Thread] DEBUG PrimaryStageWindow   - GameScene -> DialogSubScene
00:16:35.148 [JavaFX Application Thread] DEBUG PrimaryStageWindow   - Pop state: DialogSubScene
00:16:35.148 [JavaFX Application Thread] DEBUG Input                - Clearing active input actions
00:16:35.148 [JavaFX Application Thread] DEBUG GameApplicationServi - Removing overlay from DialogSubScene and adding to GameScene
00:16:35.148 [JavaFX Application Thread] DEBUG PrimaryStageWindow   - GameScene <- DialogSubScene
00:16:37.261 [JavaFX Application Thread] WARN  TMXLevelLoader       - TiledMap generated from 1.8.4. Supported version: 1.9.0. Some features may not be parsed fully.
00:16:37.263 [JavaFX Application Thread] DEBUG TMXLevelLoader       - Parsed TiledMap: file:/C:/Users/19871/Desktop/Pokemon/target/classes/assets/levels/level1.tmx
00:16:37.263 [JavaFX Application Thread] DEBUG TMXLevelLoader       - Creating tile layer entities
00:16:37.263 [JavaFX Application Thread] DEBUG TilesetLoader        - Loading view for layer 图块层 1
00:16:37.263 [JavaFX Application Thread] DEBUG TilesetLoader        - Created buffer with size 1024.0x800.0
00:16:37.270 [JavaFX Application Thread] DEBUG TMXLevelLoader       - Creating object layer entities
00:16:37.276 [JavaFX Application Thread] DEBUG GameWorld            - Clearing removable entities
00:16:37.278 [JavaFX Application Thread] DEBUG GameWorld            - Setting level: com.almasb.fxgl.entity.level.Level@1662b98b
00:17:01.856 [JavaFX Application Thread] WARN  TMXLevelLoader       - TiledMap generated from 1.8.4. Supported version: 1.9.0. Some features may not be parsed fully.
00:17:01.857 [JavaFX Application Thread] DEBUG TMXLevelLoader       - Parsed TiledMap: file:/C:/Users/19871/Desktop/Pokemon/target/classes/assets/levels/level3.tmx
00:17:01.857 [JavaFX Application Thread] DEBUG TMXLevelLoader       - Creating tile layer entities
00:17:01.857 [JavaFX Application Thread] DEBUG TilesetLoader        - Loading view for layer 图块层 1
00:17:01.860 [JavaFX Application Thread] DEBUG TilesetLoader        - Created buffer with size 1024.0x800.0
00:17:01.864 [JavaFX Application Thread] DEBUG TMXLevelLoader       - Creating object layer entities
00:17:01.867 [JavaFX Application Thread] DEBUG GameWorld            - Clearing removable entities
00:17:01.871 [JavaFX Application Thread] DEBUG GameWorld            - Setting level: com.almasb.fxgl.entity.level.Level@3217d751
00:17:04.352 [JavaFX Application Thread] DEBUG PrimaryStageWindow   - Push state: DialogSubScene
00:17:04.353 [JavaFX Application Thread] DEBUG Input                - Clearing active input actions
00:17:04.353 [JavaFX Application Thread] DEBUG GameApplicationServi - Removing overlay from GameScene and adding to DialogSubScene
00:17:04.353 [JavaFX Application Thread] DEBUG PrimaryStageWindow   - GameScene -> DialogSubScene
00:17:14.286 [JavaFX Application Thread] DEBUG PrimaryStageWindow   - Pop state: DialogSubScene
00:17:14.286 [JavaFX Application Thread] DEBUG Input                - Clearing active input actions
00:17:14.288 [JavaFX Application Thread] DEBUG GameApplicationServi - Removing overlay from DialogSubScene and adding to GameScene
00:17:14.288 [JavaFX Application Thread] DEBUG PrimaryStageWindow   - GameScene <- DialogSubScene
00:17:15.605 [JavaFX Application Thread] DEBUG FXGLApplication      - Exiting FXGL
00:17:15.605 [JavaFX Application Thread] DEBUG LoopRunner           - Stopping loop
00:17:15.605 [JavaFX Application Thread] DEBUG SystemBundleService  - Saving FXGL system data
00:17:15.607 [JavaFX Application Thread] DEBUG FileSystemAccess     - Writing to: C:\Users\19871\Desktop\Pokemon\system\fxgl.bundle
00:17:15.609 [JavaFX Application Thread] DEBUG Async                - Shutting down background threads
00:17:15.609 [JavaFX Application Thread] DEBUG PrimaryStageWindow   - Closing main window
00:17:15.620 [JavaFX Application Thread] DEBUG Logger               - Closing Logger
