09:03:45.026 [main                     ] DEBUG Logger               - Configured Logger
09:03:45.046 [main                     ] DEBUG GameApplication      - Logging settings
Title: Pokemon
Version: 0.1
Width: 1120
Height: 800
Fullscreen: false
Intro: false
Profiling: false
Single step:false
App Mode: DEVELOPER
Menu Key: ESCAPE
Stage Style: DECORATED
Scene Factory: class com.almasb.fxgl.app.scene.SceneFactory

09:03:45.371 [JavaFX Application Thread] DEBUG FXGLApplication      - Initializing FXGL
09:03:45.376 [JavaFX Application Thread] INFO  Engine               - FXGL-21 (28.12.2023 13.35) on WINDOWS (J:21.0.4 FX:21)
09:03:45.376 [JavaFX Application Thread] DEBUG Engine               - JRE Vendor Name: Oracle Corporation
09:03:45.376 [JavaFX Application Thread] DEBUG Engine               - Running on OS: Windows 11 version 10.0
09:03:45.376 [JavaFX Application Thread] DEBUG Engine               - Architecture: amd64
09:03:45.376 [JavaFX Application Thread] INFO  Engine               - Source code and latest versions at: https://github.com/AlmasB/FXGL
09:03:45.376 [JavaFX Application Thread] INFO  Engine               -       Ask questions and discuss at: https://github.com/AlmasB/FXGL/discussions
09:03:45.377 [JavaFX Application Thread] INFO  Engine               -              Join the FXGL chat at: https://gitter.im/AlmasB/FXGL
09:03:45.443 [JavaFX Application Thread] DEBUG PrimaryStageWindow   - Creating a JavaFX scene
09:03:45.483 [JavaFX Application Thread] DEBUG PrimaryStageWindow   - Target settings size: 1120.0 x 800.0
09:03:45.484 [JavaFX Application Thread] DEBUG PrimaryStageWindow   - Scaled scene size:    1120.0 x 800.0
09:03:45.484 [JavaFX Application Thread] DEBUG PrimaryStageWindow   - Scaled ratio: (1.0, 1.0)
09:03:45.486 [JavaFX Application Thread] DEBUG PrimaryStageWindow   - Set initial scene to FXGLStartupScene
09:03:45.488 [JavaFX Application Thread] DEBUG PrimaryStageWindow   - Opening main window
09:03:45.554 [JavaFX Application Thread] DEBUG PrimaryStageWindow   - Window border size: (13.7142333984375, 36.5714111328125)
09:03:45.555 [JavaFX Application Thread] DEBUG PrimaryStageWindow   - Scaled size: 1120.0 x 800.0
09:03:45.555 [JavaFX Application Thread] DEBUG PrimaryStageWindow   - Scaled ratio: (1.0, 1.0)
09:03:45.555 [JavaFX Application Thread] DEBUG PrimaryStageWindow   - Scene size: 1120.0 x 800.0
09:03:45.555 [JavaFX Application Thread] DEBUG PrimaryStageWindow   - Stage size: 1133.7142333984375 x 836.5714111328125
09:03:45.561 [FXGL Background Thread 1 ] DEBUG Engine               - Initializing environment variables
09:03:45.602 [FXGL Background Thread 1 ] DEBUG FXGLAssetLoaderServi - User app class for loading assets: class org.example.pokemon.map.GameApp
09:03:45.602 [FXGL Background Thread 1 ] DEBUG GameApplicationServi - Applying CSS: fxgl_dark.css
09:03:45.603 [FXGL Background Thread 1 ] DEBUG FXGLAssetLoaderServi - Loading from file system: jar:file:///D:/Maven/apache-maven-3.8.8/mavenRepository/com/github/almasb/fxgl/21/fxgl-21.jar!/fxglassets/ui/css/fxgl_dark.css
09:03:45.644 [FXGL Background Thread 1 ] DEBUG GameApplicationServi - Initializing application scenes
09:03:45.691 [FXGL Background Thread 1 ] DEBUG GameWorld            - Game world initialized
09:03:45.731 [FXGL Background Thread 1 ] DEBUG PhysicsWorld         - Physics world initialized: appHeight=800, physics.ppm=50.0
09:03:45.731 [FXGL Background Thread 1 ] DEBUG PhysicsWorld         - Using strategy: BRUTE_FORCE
09:03:45.734 [FXGL Background Thread 1 ] DEBUG GameScene            - Game scene initialized: 1120x800
09:03:45.742 [FXGL Background Thread 1 ] DEBUG FXGL.DefaultMenu     - createMenuBodyGameMenu()
09:03:45.751 [FXGL Background Thread 1 ] DEBUG FXGL.DefaultMenu     - createOptionsMenu()
09:03:45.756 [FXGL Background Thread 1 ] DEBUG FXGLAssetLoaderServi - Loading from file system: jar:file:///D:/Maven/apache-maven-3.8.8/mavenRepository/com/github/almasb/fxgl/21/fxgl-21.jar!/fxglassets/textures/particles/smoke.png
09:03:45.828 [FXGL Background Thread 1 ] DEBUG FXGLAssetLoaderServi - Loading from file system: jar:file:///D:/Maven/apache-maven-3.8.8/mavenRepository/com/github/almasb/fxgl/21/fxgl-21.jar!/fxglassets/textures/particles/trace_horizontal.png
09:03:45.851 [FXGL Background Thread 1 ] DEBUG GameApplicationServi - Application scenes initialized
09:03:45.862 [FXGL Background Thread 1 ] DEBUG SystemBundleService  - Loading FXGL system data
09:03:45.867 [FXGL Background Thread 1 ] DEBUG FileSystemAccess     - Reading from: C:\Users\Kilig\Desktop\Pokemon\system\fxgl.bundle
09:03:45.877 [FXGL Background Thread 1 ] DEBUG SystemBundleService  - Bundle FXGL: {}
09:03:45.877 [FXGL Background Thread 1 ] DEBUG UpdaterService       - Checking for updates
09:03:45.881 [FXGL Background Thread 4 ] DEBUG FXGLApplication      - Loading fonts
09:03:45.882 [FXGL Background Thread 1 ] DEBUG FXGLApplication      - Loading default localization
09:03:45.882 [FXGL Background Thread 4 ] DEBUG FXGLAssetLoaderServi - Loading from file system: jar:file:///D:/Maven/apache-maven-3.8.8/mavenRepository/com/github/almasb/fxgl/21/fxgl-21.jar!/fxglassets/ui/fonts/VarelaRound-Regular.ttf
09:03:45.882 [FXGL Background Thread 1 ] DEBUG FXGLAssetLoaderServi - Loading from file system: jar:file:///D:/Maven/apache-maven-3.8.8/mavenRepository/com/github/almasb/fxgl/21/fxgl-21.jar!/fxglassets/languages/english.lang
09:03:45.910 [FXGL Background Thread 1 ] INFO  FXGLApplication      - FXGL initialization took: 0.348 sec
09:03:45.917 [FXGL Background Thread 4 ] DEBUG FXGLAssetLoaderServi - Loading from file system: jar:file:///D:/Maven/apache-maven-3.8.8/mavenRepository/com/github/almasb/fxgl/21/fxgl-21.jar!/fxglassets/ui/fonts/Abel-Regular.ttf
09:03:45.918 [JavaFX Application Thread] DEBUG Input                - Registered new binding: action0 - W
09:03:45.919 [JavaFX Application Thread] DEBUG Input                - Registered new binding: action1 - A
09:03:45.919 [JavaFX Application Thread] DEBUG Input                - Registered new binding: action2 - S
09:03:45.919 [JavaFX Application Thread] DEBUG Input                - Registered new binding: action3 - D
09:03:45.919 [JavaFX Application Thread] DEBUG Input                - Registered new binding: action4 - Up
09:03:45.920 [JavaFX Application Thread] DEBUG Input                - Registered new binding: action5 - Left
09:03:45.920 [JavaFX Application Thread] DEBUG Input                - Registered new binding: action6 - Down
09:03:45.921 [JavaFX Application Thread] DEBUG Input                - Registered new binding: action7 - Right
09:03:45.921 [JavaFX Application Thread] DEBUG FXGLAssetLoaderServi - Loading from file system: jar:file:///D:/Maven/apache-maven-3.8.8/mavenRepository/com/github/almasb/fxgl/21/fxgl-21.jar!/fxglassets/textures/fxgl_icon.png
09:03:45.927 [FXGL Background Thread 4 ] DEBUG FXGLAssetLoaderServi - Loading from file system: jar:file:///D:/Maven/apache-maven-3.8.8/mavenRepository/com/github/almasb/fxgl/21/fxgl-21.jar!/fxglassets/ui/fonts/TerminalLandMono-Regular.otf
09:03:45.934 [JavaFX Application Thread] DEBUG FXGLAssetLoaderServi - Loading from file system: jar:file:///D:/Maven/apache-maven-3.8.8/mavenRepository/com/github/almasb/fxgl/21/fxgl-21.jar!/fxglassets/textures/fxgl_default_cursor.png
09:03:45.938 [JavaFX Application Thread] DEBUG Input                - Registered new binding: Screenshot - CTRL+8
09:03:45.938 [JavaFX Application Thread] DEBUG Input                - Registered new binding: System info dump - CTRL+9
09:03:45.939 [JavaFX Application Thread] DEBUG Input                - Registered new binding: Restart - CTRL+R
09:03:45.940 [FXGL Background Thread 4 ] DEBUG FXGLAssetLoaderServi - Loading from file system: jar:file:///D:/Maven/apache-maven-3.8.8/mavenRepository/com/github/almasb/fxgl/21/fxgl-21.jar!/fxglassets/ui/fonts/Courier-Prime.ttf
09:03:45.940 [JavaFX Application Thread] DEBUG Input                - Registered new binding: Toggle Debug Camera - CTRL+7
09:03:45.944 [JavaFX Application Thread] DEBUG LoopRunner           - Starting loop
09:03:45.944 [JavaFX Application Thread] DEBUG LoopRunner           - Initializing JavaFX AnimationTimerLoop
09:03:45.946 [JavaFX Application Thread] DEBUG GameApplicationServi - Starting new game
09:03:45.946 [JavaFX Application Thread] DEBUG Input                - Clearing active input actions
09:03:45.958 [JavaFX Application Thread] DEBUG GameApplicationServi - Removing overlay from FXGLStartupScene and adding to FXGLLoadingScene
09:03:45.958 [JavaFX Application Thread] DEBUG PrimaryStageWindow   - FXGLStartupScene -> FXGLLoadingScene
09:03:45.958 [JavaFX Application Thread] DEBUG GameApplicationServi - Clearing previous game
09:03:45.958 [JavaFX Application Thread] DEBUG GameScene            - Clearing game scene
09:03:45.958 [JavaFX Application Thread] DEBUG GameWorld            - Clearing game world
09:03:45.959 [JavaFX Application Thread] DEBUG PhysicsWorld         - Clearing physics world
09:03:45.961 [JavaFX Application Thread] DEBUG FXGLApplication      - Registering font factories with UI factory
09:03:45.961 [FXGL Background Thread 4 ] DEBUG FXGLApplication      - Initializing game
09:03:46.011 [FXGL Background Thread 4 ] WARN  TMXLevelLoader       - TiledMap generated from 1.8.4. Supported version: 1.9.0. Some features may not be parsed fully.
09:03:46.025 [FXGL Background Thread 4 ] DEBUG TMXLevelLoader       - Parsed TiledMap: file:/C:/Users/Kilig/Desktop/Pokemon/target/classes/assets/levels/level1.tmx
09:03:46.027 [FXGL Background Thread 4 ] DEBUG TMXLevelLoader       - Creating tile layer entities
09:03:46.028 [FXGL Background Thread 4 ] DEBUG TilesetLoader        - Loading view for layer 图块层 1
09:03:46.030 [FXGL Background Thread 4 ] DEBUG TilesetLoader        - Created buffer with size 1024.0x800.0
09:03:46.039 [FXGL Background Thread 4 ] DEBUG TMXLevelLoader       - Creating object layer entities
09:03:46.082 [FXGL Background Thread 4 ] DEBUG GameWorld            - Clearing removable entities
09:03:46.083 [FXGL Background Thread 4 ] DEBUG GameWorld            - Setting level: com.almasb.fxgl.entity.level.Level@4180b57d
09:03:46.093 [FXGL Background Thread 4 ] DEBUG FXGLAssetLoaderServi - Loading from file system: file:/C:/Users/Kilig/Desktop/Pokemon/target/classes/assets/textures/BuLunDan.png
09:03:46.105 [FXGL Background Thread 4 ] INFO  FXGLApplication      - Game initialization took: 0.143 sec
09:03:46.114 [JavaFX Application Thread] DEBUG Input                - Clearing active input actions
09:03:46.122 [JavaFX Application Thread] DEBUG GameApplicationServi - Removing overlay from FXGLLoadingScene and adding to GameScene
09:03:46.122 [JavaFX Application Thread] DEBUG PrimaryStageWindow   - FXGLLoadingScene -> GameScene
09:03:48.881 [FXGL Background Thread 3 ] DEBUG Engine               - Logging environment variables
09:03:48.882 [FXGL Background Thread 3 ] DEBUG Engine               - achievements: []
09:03:48.882 [FXGL Background Thread 3 ] DEBUG Engine               - actualHeight: 800.0
09:03:48.882 [FXGL Background Thread 3 ] DEBUG Engine               - actualHeightProperty: ReadOnlyDoubleProperty [value: 800.0]
09:03:48.882 [FXGL Background Thread 3 ] DEBUG Engine               - actualWidth: 1120.0
09:03:48.882 [FXGL Background Thread 3 ] DEBUG Engine               - actualWidthProperty: ReadOnlyDoubleProperty [value: 1120.0]
09:03:48.882 [FXGL Background Thread 3 ] DEBUG Engine               - appIcon: fxgl_icon.png
09:03:48.882 [FXGL Background Thread 3 ] DEBUG Engine               - applicationMode: DEVELOPER
09:03:48.882 [FXGL Background Thread 3 ] DEBUG Engine               - cSSList: [fxgl_dark.css]
09:03:48.882 [FXGL Background Thread 3 ] DEBUG Engine               - collisionDetectionStrategy: BRUTE_FORCE
09:03:48.882 [FXGL Background Thread 3 ] DEBUG Engine               - configClass: Optional.empty
09:03:48.882 [FXGL Background Thread 3 ] DEBUG Engine               - credits: []
09:03:48.883 [FXGL Background Thread 3 ] DEBUG Engine               - defaultCursor: CursorInfo(imageName=fxgl_default_cursor.png, hotspotX=7.0, hotspotY=6.0)
09:03:48.883 [FXGL Background Thread 3 ] DEBUG Engine               - devBBoxColorProperty: ObjectProperty [value: 0xff0000ff]
09:03:48.883 [FXGL Background Thread 3 ] DEBUG Engine               - devEnableDebugCameraProperty: BooleanProperty [value: false]
09:03:48.883 [FXGL Background Thread 3 ] DEBUG Engine               - devSensorColorProperty: ObjectProperty [value: 0xffff00ff]
09:03:48.883 [FXGL Background Thread 3 ] DEBUG Engine               - devShowBBoxProperty: BooleanProperty [value: false]
09:03:48.883 [FXGL Background Thread 3 ] DEBUG Engine               - devShowPositionProperty: BooleanProperty [value: false]
09:03:48.884 [FXGL Background Thread 3 ] DEBUG Engine               - enabledMenuItems: []
09:03:48.884 [FXGL Background Thread 3 ] DEBUG Engine               - engineServices: [class com.almasb.fxgl.app.services.FXGLAssetLoaderService, class com.almasb.fxgl.app.FXGLApplication$GameApplicationService, class com.almasb.fxgl.app.services.FXGLDialogService, class com.almasb.fxgl.app.services.IOTaskExecutorService, class com.almasb.fxgl.io.FileSystemService, class com.almasb.fxgl.localization.LocalizationService, class com.almasb.fxgl.app.services.SystemBundleService, class com.almasb.fxgl.profile.SaveLoadService, class com.almasb.fxgl.ui.FXGLUIFactoryServiceProvider, class com.almasb.fxgl.ui.FXGLDialogFactoryServiceProvider, class com.almasb.fxgl.audio.AudioPlayer, class com.almasb.fxgl.notification.impl.NotificationServiceProvider, class com.almasb.fxgl.achievement.AchievementService, class com.almasb.fxgl.cutscene.CutsceneService, class com.almasb.fxgl.minigames.MiniGameService, class com.almasb.fxgl.net.NetService, class com.almasb.fxgl.app.services.UpdaterService, class com.almasb.fxgl.dev.DevService]
09:03:48.884 [FXGL Background Thread 3 ] DEBUG Engine               - fontGame: Abel-Regular.ttf
09:03:48.884 [FXGL Background Thread 3 ] DEBUG Engine               - fontMono: TerminalLandMono-Regular.otf
09:03:48.884 [FXGL Background Thread 3 ] DEBUG Engine               - fontSizeScaleUI: 1.0
09:03:48.884 [FXGL Background Thread 3 ] DEBUG Engine               - fontText: Courier-Prime.ttf
09:03:48.884 [FXGL Background Thread 3 ] DEBUG Engine               - fontUI: VarelaRound-Regular.ttf
09:03:48.884 [FXGL Background Thread 3 ] DEBUG Engine               - fullScreen: BooleanProperty [value: false]
09:03:48.884 [FXGL Background Thread 3 ] DEBUG Engine               - gameDifficulty: MEDIUM
09:03:48.884 [FXGL Background Thread 3 ] DEBUG Engine               - gameDifficultyProperty: ObjectProperty [value: MEDIUM]
09:03:48.884 [FXGL Background Thread 3 ] DEBUG Engine               - globalMusicVolume: 0.5
09:03:48.884 [FXGL Background Thread 3 ] DEBUG Engine               - globalMusicVolumeProperty: DoubleProperty [value: 0.5]
09:03:48.884 [FXGL Background Thread 3 ] DEBUG Engine               - globalSoundVolume: 0.5
09:03:48.884 [FXGL Background Thread 3 ] DEBUG Engine               - globalSoundVolumeProperty: DoubleProperty [value: 0.5]
09:03:48.884 [FXGL Background Thread 3 ] DEBUG Engine               - height: 800
09:03:48.884 [FXGL Background Thread 3 ] DEBUG Engine               - is3D: false
09:03:48.884 [FXGL Background Thread 3 ] DEBUG Engine               - isAndroid: false
09:03:48.884 [FXGL Background Thread 3 ] DEBUG Engine               - isBrowser: false
09:03:48.884 [FXGL Background Thread 3 ] DEBUG Engine               - isClickFeedbackEnabled: false
09:03:48.884 [FXGL Background Thread 3 ] DEBUG Engine               - isCloseConfirmation: false
09:03:48.884 [FXGL Background Thread 3 ] DEBUG Engine               - isDesktop: true
09:03:48.884 [FXGL Background Thread 3 ] DEBUG Engine               - isDeveloperMenuEnabled: false
09:03:48.886 [FXGL Background Thread 3 ] DEBUG Engine               - isEmbedded: false
09:03:48.886 [FXGL Background Thread 3 ] DEBUG Engine               - isEntityPreloadEnabled: true
09:03:48.886 [FXGL Background Thread 3 ] DEBUG Engine               - isExperimentalTiledLargeMap: false
09:03:48.887 [FXGL Background Thread 3 ] DEBUG Engine               - isFileSystemWriteAllowed: true
09:03:48.887 [FXGL Background Thread 3 ] DEBUG Engine               - isFullScreenAllowed: false
09:03:48.887 [FXGL Background Thread 3 ] DEBUG Engine               - isFullScreenFromStart: false
09:03:48.887 [FXGL Background Thread 3 ] DEBUG Engine               - isGameMenuEnabled: true
09:03:48.887 [FXGL Background Thread 3 ] DEBUG Engine               - isIOS: false
09:03:48.887 [FXGL Background Thread 3 ] DEBUG Engine               - isIntroEnabled: false
09:03:48.887 [FXGL Background Thread 3 ] DEBUG Engine               - isLinux: false
09:03:48.887 [FXGL Background Thread 3 ] DEBUG Engine               - isMac: false
09:03:48.887 [FXGL Background Thread 3 ] DEBUG Engine               - isMainMenuEnabled: false
09:03:48.887 [FXGL Background Thread 3 ] DEBUG Engine               - isManualResizeEnabled: false
09:03:48.887 [FXGL Background Thread 3 ] DEBUG Engine               - isMobile: false
09:03:48.887 [FXGL Background Thread 3 ] DEBUG Engine               - isNative: false
09:03:48.887 [FXGL Background Thread 3 ] DEBUG Engine               - isPauseMusicWhenMinimized: true
09:03:48.887 [FXGL Background Thread 3 ] DEBUG Engine               - isPreserveResizeRatio: false
09:03:48.887 [FXGL Background Thread 3 ] DEBUG Engine               - isProfilingEnabled: false
09:03:48.887 [FXGL Background Thread 3 ] DEBUG Engine               - isScaleAffectedOnResize: true
09:03:48.887 [FXGL Background Thread 3 ] DEBUG Engine               - isSingleStep: false
09:03:48.887 [FXGL Background Thread 3 ] DEBUG Engine               - isUserProfileEnabled: false
09:03:48.887 [FXGL Background Thread 3 ] DEBUG Engine               - isWindows: true
09:03:48.887 [FXGL Background Thread 3 ] DEBUG Engine               - language: ObjectProperty [value: ENGLISH]
09:03:48.887 [FXGL Background Thread 3 ] DEBUG Engine               - menuKey: ESCAPE
09:03:48.887 [FXGL Background Thread 3 ] DEBUG Engine               - mouseSensitivity: 0.2
09:03:48.887 [FXGL Background Thread 3 ] DEBUG Engine               - notificationViewClass: class com.almasb.fxgl.notification.view.XboxNotificationView
09:03:48.887 [FXGL Background Thread 3 ] DEBUG Engine               - pixelsPerMeter: 50.0
09:03:48.887 [FXGL Background Thread 3 ] DEBUG Engine               - platform: WINDOWS
09:03:48.887 [FXGL Background Thread 3 ] DEBUG Engine               - prefHeightProperty: ReadOnlyDoubleProperty [value: 800.0]
09:03:48.887 [FXGL Background Thread 3 ] DEBUG Engine               - prefWidthProperty: ReadOnlyDoubleProperty [value: 1120.0]
09:03:48.887 [FXGL Background Thread 3 ] DEBUG Engine               - profileDir: profiles/
09:03:48.887 [FXGL Background Thread 3 ] DEBUG Engine               - profileName: StringProperty [value: DEFAULT]
09:03:48.887 [FXGL Background Thread 3 ] DEBUG Engine               - randomSeed: -1
09:03:48.888 [FXGL Background Thread 3 ] DEBUG Engine               - runtimeInfo: RuntimeInfo(platform=WINDOWS, version=21, build=28.12.2023 13.35)
09:03:48.888 [FXGL Background Thread 3 ] DEBUG Engine               - saveFileExt: sav
09:03:48.888 [FXGL Background Thread 3 ] DEBUG Engine               - scaledHeightProp$fxgl: DoubleProperty [bound, value: 800.0]
09:03:48.888 [FXGL Background Thread 3 ] DEBUG Engine               - scaledWidthProp$fxgl: DoubleProperty [bound, value: 1120.0]
09:03:48.888 [FXGL Background Thread 3 ] DEBUG Engine               - sceneFactory: com.almasb.fxgl.app.scene.SceneFactory@684e3a3d
09:03:48.888 [FXGL Background Thread 3 ] DEBUG Engine               - secondsIn24h: 60
09:03:48.888 [FXGL Background Thread 3 ] DEBUG Engine               - soundMenuBack: menu/back.wav
09:03:48.888 [FXGL Background Thread 3 ] DEBUG Engine               - soundMenuPress: menu/press.wav
09:03:48.888 [FXGL Background Thread 3 ] DEBUG Engine               - soundMenuSelect: menu/select.wav
09:03:48.888 [FXGL Background Thread 3 ] DEBUG Engine               - soundNotification: core/notification.wav
09:03:48.888 [FXGL Background Thread 3 ] DEBUG Engine               - stageStyle: DECORATED
09:03:48.888 [FXGL Background Thread 3 ] DEBUG Engine               - supportedLanguages: [ENGLISH, FRENCH, GERMAN, HUNGARIAN, RUSSIAN]
09:03:48.888 [FXGL Background Thread 3 ] DEBUG Engine               - ticksPerSecond: -1
09:03:48.888 [FXGL Background Thread 3 ] DEBUG Engine               - title: Pokemon
09:03:48.888 [FXGL Background Thread 3 ] DEBUG Engine               - urlGithub: https://github.com/AlmasB/FXGL
09:03:48.888 [FXGL Background Thread 3 ] DEBUG Engine               - urlLeaderboard: http://fxgl-top.herokuapp.com/
09:03:48.888 [FXGL Background Thread 3 ] DEBUG Engine               - urlPOM: https://raw.githubusercontent.com/AlmasB/FXGL/release/README.md
09:03:48.888 [FXGL Background Thread 3 ] DEBUG Engine               - userAppClass: class org.example.pokemon.map.GameApp
09:03:48.888 [FXGL Background Thread 3 ] DEBUG Engine               - version: 0.1
09:03:48.888 [FXGL Background Thread 3 ] DEBUG Engine               - versionCheckDays: 7
09:03:48.888 [FXGL Background Thread 3 ] DEBUG Engine               - width: 1120
09:03:48.888 [FXGL Background Thread 3 ] DEBUG Engine               - Logging services
09:03:48.888 [FXGL Background Thread 3 ] DEBUG Engine               - class com.almasb.fxgl.app.services.FXGLAssetLoaderService
09:03:48.888 [FXGL Background Thread 3 ] DEBUG Engine               - class com.almasb.fxgl.app.FXGLApplication$GameApplicationService
09:03:48.888 [FXGL Background Thread 3 ] DEBUG Engine               - class com.almasb.fxgl.app.services.FXGLDialogService
09:03:48.889 [FXGL Background Thread 3 ] DEBUG Engine               - class com.almasb.fxgl.app.services.IOTaskExecutorService
09:03:48.889 [FXGL Background Thread 3 ] DEBUG Engine               - class com.almasb.fxgl.io.FileSystemService
09:03:48.889 [FXGL Background Thread 3 ] DEBUG Engine               - class com.almasb.fxgl.localization.LocalizationService
09:03:48.889 [FXGL Background Thread 3 ] DEBUG Engine               - class com.almasb.fxgl.app.services.SystemBundleService
09:03:48.889 [FXGL Background Thread 3 ] DEBUG Engine               - class com.almasb.fxgl.profile.SaveLoadService
09:03:48.889 [FXGL Background Thread 3 ] DEBUG Engine               - class com.almasb.fxgl.ui.FXGLUIFactoryServiceProvider
09:03:48.889 [FXGL Background Thread 3 ] DEBUG Engine               - class com.almasb.fxgl.ui.FXGLDialogFactoryServiceProvider
09:03:48.889 [FXGL Background Thread 3 ] DEBUG Engine               - class com.almasb.fxgl.audio.AudioPlayer
09:03:48.889 [FXGL Background Thread 3 ] DEBUG Engine               - class com.almasb.fxgl.notification.impl.NotificationServiceProvider
09:03:48.889 [FXGL Background Thread 3 ] DEBUG Engine               - class com.almasb.fxgl.achievement.AchievementService
09:03:48.889 [FXGL Background Thread 3 ] DEBUG Engine               - class com.almasb.fxgl.cutscene.CutsceneService
09:03:48.889 [FXGL Background Thread 3 ] DEBUG Engine               - class com.almasb.fxgl.minigames.MiniGameService
09:03:48.889 [FXGL Background Thread 3 ] DEBUG Engine               - class com.almasb.fxgl.net.NetService
09:03:48.889 [FXGL Background Thread 3 ] DEBUG Engine               - class com.almasb.fxgl.app.services.UpdaterService
09:03:48.890 [FXGL Background Thread 3 ] DEBUG Engine               - class com.almasb.fxgl.dev.DevService
09:04:03.667 [JavaFX Application Thread] DEBUG FXGLApplication      - Exiting FXGL
09:04:03.667 [JavaFX Application Thread] DEBUG LoopRunner           - Stopping loop
09:04:03.667 [JavaFX Application Thread] DEBUG SystemBundleService  - Saving FXGL system data
09:04:03.670 [JavaFX Application Thread] DEBUG FileSystemAccess     - Writing to: C:\Users\Kilig\Desktop\Pokemon\system\fxgl.bundle
09:04:03.673 [JavaFX Application Thread] DEBUG Async                - Shutting down background threads
09:04:03.673 [JavaFX Application Thread] DEBUG PrimaryStageWindow   - Closing main window
09:04:03.688 [JavaFX Application Thread] DEBUG Logger               - Closing Logger
