19:08:13.661 [main                     ] DEBUG Logger               - Configured Logger
19:08:13.693 [main                     ] DEBUG GameApplication      - Logging settings
Title: Pokemon
Version: 0.1
Width: 1024
Height: 800
Fullscreen: false
Intro: false
Profiling: false
Single step:false
App Mode: DEVELOPER
Menu Key: ESCAPE
Stage Style: DECORATED
Scene Factory: class org.example.pokemon.map.GameApp$1

19:08:14.051 [JavaFX Application Thread] DEBUG FXGLApplication      - Initializing FXGL
19:08:14.055 [JavaFX Application Thread] INFO  Engine               - FXGL-21 (28.12.2023 13.35) on WINDOWS (J:21.0.4 FX:21)
19:08:14.056 [JavaFX Application Thread] DEBUG Engine               - JRE Vendor Name: Oracle Corporation
19:08:14.056 [JavaFX Application Thread] DEBUG Engine               - Running on OS: Windows 11 version 10.0
19:08:14.056 [JavaFX Application Thread] DEBUG Engine               - Architecture: amd64
19:08:14.056 [JavaFX Application Thread] INFO  Engine               - Source code and latest versions at: https://github.com/AlmasB/FXGL
19:08:14.056 [JavaFX Application Thread] INFO  Engine               -       Ask questions and discuss at: https://github.com/AlmasB/FXGL/discussions
19:08:14.057 [JavaFX Application Thread] INFO  Engine               -              Join the FXGL chat at: https://gitter.im/AlmasB/FXGL
19:08:14.129 [JavaFX Application Thread] DEBUG PrimaryStageWindow   - Creating a JavaFX scene
19:08:14.167 [JavaFX Application Thread] DEBUG PrimaryStageWindow   - Target settings size: 1024.0 x 800.0
19:08:14.168 [JavaFX Application Thread] DEBUG PrimaryStageWindow   - Scaled scene size:    1024.0 x 800.0
19:08:14.168 [JavaFX Application Thread] DEBUG PrimaryStageWindow   - Scaled ratio: (1.0, 1.0)
19:08:14.169 [JavaFX Application Thread] DEBUG PrimaryStageWindow   - Set initial scene to FXGLStartupScene
19:08:14.172 [JavaFX Application Thread] DEBUG PrimaryStageWindow   - Opening main window
19:08:14.260 [JavaFX Application Thread] DEBUG PrimaryStageWindow   - Window border size: (14.6666259765625, 37.33331298828125)
19:08:14.260 [JavaFX Application Thread] DEBUG PrimaryStageWindow   - Scaled size: 1024.0 x 800.0
19:08:14.261 [JavaFX Application Thread] DEBUG PrimaryStageWindow   - Scaled ratio: (1.0, 1.0)
19:08:14.261 [JavaFX Application Thread] DEBUG PrimaryStageWindow   - Scene size: 1024.0 x 800.0
19:08:14.261 [JavaFX Application Thread] DEBUG PrimaryStageWindow   - Stage size: 1038.6666259765625 x 837.3333129882812
19:08:14.266 [FXGL Background Thread 1 ] DEBUG Engine               - Initializing environment variables
19:08:14.311 [FXGL Background Thread 1 ] DEBUG FXGLAssetLoaderServi - User app class for loading assets: class org.example.pokemon.map.GameApp
19:08:14.311 [FXGL Background Thread 1 ] DEBUG GameApplicationServi - Applying CSS: fxgl_dark.css
19:08:14.312 [FXGL Background Thread 1 ] DEBUG FXGLAssetLoaderServi - Loading from file system: jar:file:///C:/Java%20Lib/apache-maven-3.8.8/repo/com/github/almasb/fxgl/21/fxgl-21.jar!/fxglassets/ui/css/fxgl_dark.css
19:08:14.361 [FXGL Background Thread 1 ] DEBUG GameApplicationServi - Initializing application scenes
19:08:14.440 [FXGL Background Thread 1 ] DEBUG GameWorld            - Game world initialized
19:08:14.480 [FXGL Background Thread 1 ] DEBUG PhysicsWorld         - Physics world initialized: appHeight=800, physics.ppm=50.0
19:08:14.481 [FXGL Background Thread 1 ] DEBUG PhysicsWorld         - Using strategy: BRUTE_FORCE
19:08:14.484 [FXGL Background Thread 1 ] DEBUG GameScene            - Game scene initialized: 1024x800
19:08:14.659 [FXGL Background Thread 1 ] DEBUG FXGL.DefaultMenu     - createMenuBodyGameMenu()
19:08:14.667 [FXGL Background Thread 1 ] DEBUG FXGL.DefaultMenu     - createOptionsMenu()
19:08:14.673 [FXGL Background Thread 1 ] DEBUG FXGLAssetLoaderServi - Loading from file system: jar:file:///C:/Java%20Lib/apache-maven-3.8.8/repo/com/github/almasb/fxgl/21/fxgl-21.jar!/fxglassets/textures/particles/smoke.png
19:08:14.790 [FXGL Background Thread 1 ] DEBUG FXGLAssetLoaderServi - Loading from file system: jar:file:///C:/Java%20Lib/apache-maven-3.8.8/repo/com/github/almasb/fxgl/21/fxgl-21.jar!/fxglassets/textures/particles/trace_horizontal.png
19:08:14.810 [FXGL Background Thread 1 ] DEBUG GameApplicationServi - Application scenes initialized
19:08:14.818 [FXGL Background Thread 1 ] DEBUG SystemBundleService  - Loading FXGL system data
19:08:14.820 [FXGL Background Thread 1 ] DEBUG FileSystemAccess     - Reading from: D:\Repo\Pokemon\system\fxgl.bundle
19:08:14.829 [FXGL Background Thread 1 ] DEBUG SystemBundleService  - Bundle FXGL: {}
19:08:14.829 [FXGL Background Thread 1 ] DEBUG UpdaterService       - Checking for updates
19:08:14.832 [FXGL Background Thread 4 ] DEBUG FXGLApplication      - Loading fonts
19:08:14.832 [FXGL Background Thread 4 ] DEBUG FXGLAssetLoaderServi - Loading from file system: jar:file:///C:/Java%20Lib/apache-maven-3.8.8/repo/com/github/almasb/fxgl/21/fxgl-21.jar!/fxglassets/ui/fonts/VarelaRound-Regular.ttf
19:08:14.832 [FXGL Background Thread 1 ] DEBUG FXGLApplication      - Loading default localization
19:08:14.833 [FXGL Background Thread 1 ] DEBUG FXGLAssetLoaderServi - Loading from file system: jar:file:///C:/Java%20Lib/apache-maven-3.8.8/repo/com/github/almasb/fxgl/21/fxgl-21.jar!/fxglassets/languages/english.lang
19:08:14.869 [FXGL Background Thread 4 ] DEBUG FXGLAssetLoaderServi - Loading from file system: jar:file:///C:/Java%20Lib/apache-maven-3.8.8/repo/com/github/almasb/fxgl/21/fxgl-21.jar!/fxglassets/ui/fonts/Abel-Regular.ttf
19:08:14.874 [FXGL Background Thread 4 ] DEBUG FXGLAssetLoaderServi - Loading from file system: jar:file:///C:/Java%20Lib/apache-maven-3.8.8/repo/com/github/almasb/fxgl/21/fxgl-21.jar!/fxglassets/ui/fonts/TerminalLandMono-Regular.otf
19:08:14.878 [FXGL Background Thread 4 ] DEBUG FXGLAssetLoaderServi - Loading from file system: jar:file:///C:/Java%20Lib/apache-maven-3.8.8/repo/com/github/almasb/fxgl/21/fxgl-21.jar!/fxglassets/ui/fonts/Courier-Prime.ttf
19:08:14.888 [JavaFX Application Thread] DEBUG FXGLApplication      - Registering font factories with UI factory
19:08:14.908 [FXGL Background Thread 1 ] INFO  FXGLApplication      - FXGL initialization took: 0.642 sec
19:08:14.936 [JavaFX Application Thread] DEBUG Input                - Registered new binding: action0 - W
19:08:14.938 [JavaFX Application Thread] DEBUG Input                - Registered new binding: action1 - A
19:08:14.938 [JavaFX Application Thread] DEBUG Input                - Registered new binding: action2 - S
19:08:14.939 [JavaFX Application Thread] DEBUG Input                - Registered new binding: action3 - D
19:08:14.940 [JavaFX Application Thread] DEBUG Input                - Registered new binding: action4 - Up
19:08:14.941 [JavaFX Application Thread] DEBUG Input                - Registered new binding: action5 - Left
19:08:14.941 [JavaFX Application Thread] DEBUG Input                - Registered new binding: action6 - Down
19:08:14.943 [JavaFX Application Thread] DEBUG Input                - Registered new binding: action7 - Right
19:08:14.944 [JavaFX Application Thread] DEBUG Input                - Registered new binding: action8 - J
19:08:14.944 [JavaFX Application Thread] DEBUG FXGLAssetLoaderServi - Loading from file system: file:/D:/Repo/Pokemon/target/classes/assets/music/BGM.mp3
19:08:15.085 [JavaFX Application Thread] DEBUG AudioPlayer          - Playing music com.almasb.fxgl.audio.Music@6d068966
19:08:15.086 [JavaFX Application Thread] DEBUG FXGLAssetLoaderServi - Loading from file system: file:/D:/Repo/Pokemon/target/classes/assets/textures/icon.png
19:08:15.099 [JavaFX Application Thread] DEBUG FXGLAssetLoaderServi - Loading from file system: jar:file:///C:/Java%20Lib/apache-maven-3.8.8/repo/com/github/almasb/fxgl/21/fxgl-21.jar!/fxglassets/textures/fxgl_default_cursor.png
19:08:15.105 [JavaFX Application Thread] DEBUG Input                - Registered new binding: Screenshot - CTRL+8
19:08:15.107 [JavaFX Application Thread] DEBUG Input                - Registered new binding: System info dump - CTRL+9
19:08:15.108 [JavaFX Application Thread] DEBUG Input                - Registered new binding: Restart - CTRL+R
19:08:15.112 [JavaFX Application Thread] DEBUG Input                - Registered new binding: Toggle Debug Camera - CTRL+7
19:08:15.127 [JavaFX Application Thread] DEBUG LoopRunner           - Starting loop
19:08:15.127 [JavaFX Application Thread] DEBUG LoopRunner           - Initializing JavaFX AnimationTimerLoop
19:08:15.135 [JavaFX Application Thread] DEBUG Input                - Clearing active input actions
19:08:15.144 [JavaFX Application Thread] DEBUG GameApplicationServi - Removing overlay from FXGLStartupScene and adding to FXGLMainMenuDummyScene
19:08:15.144 [JavaFX Application Thread] DEBUG PrimaryStageWindow   - FXGLStartupScene -> FXGLMainMenuDummyScene
19:08:15.144 [JavaFX Application Thread] DEBUG PrimaryStageWindow   - Push state: TestMainMenu
19:08:15.146 [JavaFX Application Thread] DEBUG Input                - Clearing active input actions
19:08:15.157 [JavaFX Application Thread] DEBUG GameApplicationServi - Removing overlay from FXGLMainMenuDummyScene and adding to TestMainMenu
19:08:15.157 [JavaFX Application Thread] DEBUG PrimaryStageWindow   - FXGLMainMenuDummyScene -> TestMainMenu
19:08:17.832 [FXGL Background Thread 3 ] DEBUG Engine               - Logging environment variables
19:08:17.832 [FXGL Background Thread 3 ] DEBUG Engine               - achievements: []
19:08:17.832 [FXGL Background Thread 3 ] DEBUG Engine               - actualHeight: 800.0
19:08:17.832 [FXGL Background Thread 3 ] DEBUG Engine               - actualHeightProperty: ReadOnlyDoubleProperty [value: 800.0]
19:08:17.832 [FXGL Background Thread 3 ] DEBUG Engine               - actualWidth: 1024.0
19:08:17.832 [FXGL Background Thread 3 ] DEBUG Engine               - actualWidthProperty: ReadOnlyDoubleProperty [value: 1024.0]
19:08:17.833 [FXGL Background Thread 3 ] DEBUG Engine               - appIcon: icon.png
19:08:17.833 [FXGL Background Thread 3 ] DEBUG Engine               - applicationMode: DEVELOPER
19:08:17.833 [FXGL Background Thread 3 ] DEBUG Engine               - cSSList: [fxgl_dark.css]
19:08:17.833 [FXGL Background Thread 3 ] DEBUG Engine               - collisionDetectionStrategy: BRUTE_FORCE
19:08:17.833 [FXGL Background Thread 3 ] DEBUG Engine               - configClass: Optional.empty
19:08:17.833 [FXGL Background Thread 3 ] DEBUG Engine               - credits: []
19:08:17.833 [FXGL Background Thread 3 ] DEBUG Engine               - defaultCursor: CursorInfo(imageName=fxgl_default_cursor.png, hotspotX=7.0, hotspotY=6.0)
19:08:17.833 [FXGL Background Thread 3 ] DEBUG Engine               - devBBoxColorProperty: ObjectProperty [value: 0xff0000ff]
19:08:17.833 [FXGL Background Thread 3 ] DEBUG Engine               - devEnableDebugCameraProperty: BooleanProperty [value: false]
19:08:17.833 [FXGL Background Thread 3 ] DEBUG Engine               - devSensorColorProperty: ObjectProperty [value: 0xffff00ff]
19:08:17.833 [FXGL Background Thread 3 ] DEBUG Engine               - devShowBBoxProperty: BooleanProperty [value: false]
19:08:17.833 [FXGL Background Thread 3 ] DEBUG Engine               - devShowPositionProperty: BooleanProperty [value: false]
19:08:17.833 [FXGL Background Thread 3 ] DEBUG Engine               - enabledMenuItems: []
19:08:17.834 [FXGL Background Thread 3 ] DEBUG Engine               - engineServices: [class com.almasb.fxgl.app.services.FXGLAssetLoaderService, class com.almasb.fxgl.app.FXGLApplication$GameApplicationService, class com.almasb.fxgl.app.services.FXGLDialogService, class com.almasb.fxgl.app.services.IOTaskExecutorService, class com.almasb.fxgl.io.FileSystemService, class com.almasb.fxgl.localization.LocalizationService, class com.almasb.fxgl.app.services.SystemBundleService, class com.almasb.fxgl.profile.SaveLoadService, class com.almasb.fxgl.ui.FXGLUIFactoryServiceProvider, class com.almasb.fxgl.ui.FXGLDialogFactoryServiceProvider, class com.almasb.fxgl.audio.AudioPlayer, class com.almasb.fxgl.notification.impl.NotificationServiceProvider, class com.almasb.fxgl.achievement.AchievementService, class com.almasb.fxgl.cutscene.CutsceneService, class com.almasb.fxgl.minigames.MiniGameService, class com.almasb.fxgl.net.NetService, class com.almasb.fxgl.app.services.UpdaterService, class com.almasb.fxgl.dev.DevService]
19:08:17.834 [FXGL Background Thread 3 ] DEBUG Engine               - fontGame: Abel-Regular.ttf
19:08:17.834 [FXGL Background Thread 3 ] DEBUG Engine               - fontMono: TerminalLandMono-Regular.otf
19:08:17.834 [FXGL Background Thread 3 ] DEBUG Engine               - fontSizeScaleUI: 1.0
19:08:17.834 [FXGL Background Thread 3 ] DEBUG Engine               - fontText: Courier-Prime.ttf
19:08:17.834 [FXGL Background Thread 3 ] DEBUG Engine               - fontUI: VarelaRound-Regular.ttf
19:08:17.834 [FXGL Background Thread 3 ] DEBUG Engine               - fullScreen: BooleanProperty [value: false]
19:08:17.834 [FXGL Background Thread 3 ] DEBUG Engine               - gameDifficulty: MEDIUM
19:08:17.834 [FXGL Background Thread 3 ] DEBUG Engine               - gameDifficultyProperty: ObjectProperty [value: MEDIUM]
19:08:17.834 [FXGL Background Thread 3 ] DEBUG Engine               - globalMusicVolume: 0.5
19:08:17.834 [FXGL Background Thread 3 ] DEBUG Engine               - globalMusicVolumeProperty: DoubleProperty [value: 0.1]
19:08:17.834 [FXGL Background Thread 3 ] DEBUG Engine               - globalSoundVolume: 0.5
19:08:17.834 [FXGL Background Thread 3 ] DEBUG Engine               - globalSoundVolumeProperty: DoubleProperty [value: 0.5]
19:08:17.834 [FXGL Background Thread 3 ] DEBUG Engine               - height: 800
19:08:17.834 [FXGL Background Thread 3 ] DEBUG Engine               - is3D: false
19:08:17.834 [FXGL Background Thread 3 ] DEBUG Engine               - isAndroid: false
19:08:17.834 [FXGL Background Thread 3 ] DEBUG Engine               - isBrowser: false
19:08:17.834 [FXGL Background Thread 3 ] DEBUG Engine               - isClickFeedbackEnabled: false
19:08:17.834 [FXGL Background Thread 3 ] DEBUG Engine               - isCloseConfirmation: false
19:08:17.834 [FXGL Background Thread 3 ] DEBUG Engine               - isDesktop: true
19:08:17.834 [FXGL Background Thread 3 ] DEBUG Engine               - isDeveloperMenuEnabled: false
19:08:17.834 [FXGL Background Thread 3 ] DEBUG Engine               - isEmbedded: false
19:08:17.834 [FXGL Background Thread 3 ] DEBUG Engine               - isEntityPreloadEnabled: true
19:08:17.834 [FXGL Background Thread 3 ] DEBUG Engine               - isExperimentalTiledLargeMap: false
19:08:17.834 [FXGL Background Thread 3 ] DEBUG Engine               - isFileSystemWriteAllowed: true
19:08:17.834 [FXGL Background Thread 3 ] DEBUG Engine               - isFullScreenAllowed: false
19:08:17.834 [FXGL Background Thread 3 ] DEBUG Engine               - isFullScreenFromStart: false
19:08:17.834 [FXGL Background Thread 3 ] DEBUG Engine               - isGameMenuEnabled: true
19:08:17.834 [FXGL Background Thread 3 ] DEBUG Engine               - isIOS: false
19:08:17.834 [FXGL Background Thread 3 ] DEBUG Engine               - isIntroEnabled: false
19:08:17.834 [FXGL Background Thread 3 ] DEBUG Engine               - isLinux: false
19:08:17.834 [FXGL Background Thread 3 ] DEBUG Engine               - isMac: false
19:08:17.834 [FXGL Background Thread 3 ] DEBUG Engine               - isMainMenuEnabled: true
19:08:17.834 [FXGL Background Thread 3 ] DEBUG Engine               - isManualResizeEnabled: false
19:08:17.834 [FXGL Background Thread 3 ] DEBUG Engine               - isMobile: false
19:08:17.834 [FXGL Background Thread 3 ] DEBUG Engine               - isNative: false
19:08:17.835 [FXGL Background Thread 3 ] DEBUG Engine               - isPauseMusicWhenMinimized: true
19:08:17.835 [FXGL Background Thread 3 ] DEBUG Engine               - isPreserveResizeRatio: false
19:08:17.835 [FXGL Background Thread 3 ] DEBUG Engine               - isProfilingEnabled: false
19:08:17.835 [FXGL Background Thread 3 ] DEBUG Engine               - isScaleAffectedOnResize: true
19:08:17.835 [FXGL Background Thread 3 ] DEBUG Engine               - isSingleStep: false
19:08:17.835 [FXGL Background Thread 3 ] DEBUG Engine               - isUserProfileEnabled: false
19:08:17.835 [FXGL Background Thread 3 ] DEBUG Engine               - isWindows: true
19:08:17.835 [FXGL Background Thread 3 ] DEBUG Engine               - language: ObjectProperty [value: ENGLISH]
19:08:17.835 [FXGL Background Thread 3 ] DEBUG Engine               - menuKey: ESCAPE
19:08:17.835 [FXGL Background Thread 3 ] DEBUG Engine               - mouseSensitivity: 0.2
19:08:17.835 [FXGL Background Thread 3 ] DEBUG Engine               - notificationViewClass: class com.almasb.fxgl.notification.view.XboxNotificationView
19:08:17.835 [FXGL Background Thread 3 ] DEBUG Engine               - pixelsPerMeter: 50.0
19:08:17.835 [FXGL Background Thread 3 ] DEBUG Engine               - platform: WINDOWS
19:08:17.835 [FXGL Background Thread 3 ] DEBUG Engine               - prefHeightProperty: ReadOnlyDoubleProperty [value: 800.0]
19:08:17.835 [FXGL Background Thread 3 ] DEBUG Engine               - prefWidthProperty: ReadOnlyDoubleProperty [value: 1024.0]
19:08:17.835 [FXGL Background Thread 3 ] DEBUG Engine               - profileDir: profiles/
19:08:17.835 [FXGL Background Thread 3 ] DEBUG Engine               - profileName: StringProperty [value: DEFAULT]
19:08:17.835 [FXGL Background Thread 3 ] DEBUG Engine               - randomSeed: -1
19:08:17.835 [FXGL Background Thread 3 ] DEBUG Engine               - runtimeInfo: RuntimeInfo(platform=WINDOWS, version=21, build=28.12.2023 13.35)
19:08:17.835 [FXGL Background Thread 3 ] DEBUG Engine               - saveFileExt: sav
19:08:17.835 [FXGL Background Thread 3 ] DEBUG Engine               - scaledHeightProp$fxgl: DoubleProperty [bound, value: 800.0]
19:08:17.835 [FXGL Background Thread 3 ] DEBUG Engine               - scaledWidthProp$fxgl: DoubleProperty [bound, value: 1024.0]
19:08:17.835 [FXGL Background Thread 3 ] DEBUG Engine               - sceneFactory: org.example.pokemon.map.GameApp$1@7f23017
19:08:17.835 [FXGL Background Thread 3 ] DEBUG Engine               - secondsIn24h: 60
19:08:17.835 [FXGL Background Thread 3 ] DEBUG Engine               - soundMenuBack: menu/back.wav
19:08:17.835 [FXGL Background Thread 3 ] DEBUG Engine               - soundMenuPress: menu/press.wav
19:08:17.835 [FXGL Background Thread 3 ] DEBUG Engine               - soundMenuSelect: menu/select.wav
19:08:17.835 [FXGL Background Thread 3 ] DEBUG Engine               - soundNotification: core/notification.wav
19:08:17.837 [FXGL Background Thread 3 ] DEBUG Engine               - stageStyle: DECORATED
19:08:17.837 [FXGL Background Thread 3 ] DEBUG Engine               - supportedLanguages: [ENGLISH, FRENCH, GERMAN, HUNGARIAN, RUSSIAN]
19:08:17.837 [FXGL Background Thread 3 ] DEBUG Engine               - ticksPerSecond: -1
19:08:17.837 [FXGL Background Thread 3 ] DEBUG Engine               - title: Pokemon
19:08:17.837 [FXGL Background Thread 3 ] DEBUG Engine               - urlGithub: https://github.com/AlmasB/FXGL
19:08:17.837 [FXGL Background Thread 3 ] DEBUG Engine               - urlLeaderboard: http://fxgl-top.herokuapp.com/
19:08:17.837 [FXGL Background Thread 3 ] DEBUG Engine               - urlPOM: https://raw.githubusercontent.com/AlmasB/FXGL/release/README.md
19:08:17.837 [FXGL Background Thread 3 ] DEBUG Engine               - userAppClass: class org.example.pokemon.map.GameApp
19:08:17.837 [FXGL Background Thread 3 ] DEBUG Engine               - version: 0.1
19:08:17.837 [FXGL Background Thread 3 ] DEBUG Engine               - versionCheckDays: 7
19:08:17.837 [FXGL Background Thread 3 ] DEBUG Engine               - width: 1024
19:08:17.837 [FXGL Background Thread 3 ] DEBUG Engine               - Logging services
19:08:17.837 [FXGL Background Thread 3 ] DEBUG Engine               - class com.almasb.fxgl.app.services.FXGLAssetLoaderService
19:08:17.837 [FXGL Background Thread 3 ] DEBUG Engine               - class com.almasb.fxgl.app.FXGLApplication$GameApplicationService
19:08:17.837 [FXGL Background Thread 3 ] DEBUG Engine               - class com.almasb.fxgl.app.services.FXGLDialogService
19:08:17.837 [FXGL Background Thread 3 ] DEBUG Engine               - class com.almasb.fxgl.app.services.IOTaskExecutorService
19:08:17.837 [FXGL Background Thread 3 ] DEBUG Engine               - class com.almasb.fxgl.io.FileSystemService
19:08:17.837 [FXGL Background Thread 3 ] DEBUG Engine               - class com.almasb.fxgl.localization.LocalizationService
19:08:17.837 [FXGL Background Thread 3 ] DEBUG Engine               - class com.almasb.fxgl.app.services.SystemBundleService
19:08:17.837 [FXGL Background Thread 3 ] DEBUG Engine               - class com.almasb.fxgl.profile.SaveLoadService
19:08:17.837 [FXGL Background Thread 3 ] DEBUG Engine               - class com.almasb.fxgl.ui.FXGLUIFactoryServiceProvider
19:08:17.837 [FXGL Background Thread 3 ] DEBUG Engine               - class com.almasb.fxgl.ui.FXGLDialogFactoryServiceProvider
19:08:17.837 [FXGL Background Thread 3 ] DEBUG Engine               - class com.almasb.fxgl.audio.AudioPlayer
19:08:17.837 [FXGL Background Thread 3 ] DEBUG Engine               - class com.almasb.fxgl.notification.impl.NotificationServiceProvider
19:08:17.837 [FXGL Background Thread 3 ] DEBUG Engine               - class com.almasb.fxgl.achievement.AchievementService
19:08:17.837 [FXGL Background Thread 3 ] DEBUG Engine               - class com.almasb.fxgl.cutscene.CutsceneService
19:08:17.837 [FXGL Background Thread 3 ] DEBUG Engine               - class com.almasb.fxgl.minigames.MiniGameService
19:08:17.837 [FXGL Background Thread 3 ] DEBUG Engine               - class com.almasb.fxgl.net.NetService
19:08:17.837 [FXGL Background Thread 3 ] DEBUG Engine               - class com.almasb.fxgl.app.services.UpdaterService
19:08:17.837 [FXGL Background Thread 3 ] DEBUG Engine               - class com.almasb.fxgl.dev.DevService
19:08:33.312 [JavaFX Application Thread] DEBUG GameApplicationServi - Starting new game
19:08:33.312 [JavaFX Application Thread] DEBUG PrimaryStageWindow   - Pop state: TestMainMenu
19:08:33.312 [JavaFX Application Thread] DEBUG Input                - Clearing active input actions
19:08:33.313 [JavaFX Application Thread] DEBUG GameApplicationServi - Removing overlay from TestMainMenu and adding to FXGLMainMenuDummyScene
19:08:33.313 [JavaFX Application Thread] DEBUG PrimaryStageWindow   - FXGLMainMenuDummyScene <- TestMainMenu
19:08:33.314 [JavaFX Application Thread] DEBUG Input                - Clearing active input actions
19:08:33.318 [JavaFX Application Thread] DEBUG GameApplicationServi - Removing overlay from FXGLMainMenuDummyScene and adding to FXGLLoadingScene
19:08:33.318 [JavaFX Application Thread] DEBUG PrimaryStageWindow   - FXGLMainMenuDummyScene -> FXGLLoadingScene
19:08:33.318 [JavaFX Application Thread] DEBUG GameApplicationServi - Clearing previous game
19:08:33.318 [JavaFX Application Thread] DEBUG GameScene            - Clearing game scene
19:08:33.318 [JavaFX Application Thread] DEBUG GameWorld            - Clearing game world
19:08:33.318 [JavaFX Application Thread] DEBUG PhysicsWorld         - Clearing physics world
19:08:33.320 [FXGL Background Thread 1 ] DEBUG FXGLApplication      - Initializing game
19:08:33.338 [FXGL Background Thread 1 ] WARN  TMXLevelLoader       - TiledMap generated from 1.8.4. Supported version: 1.9.0. Some features may not be parsed fully.
19:08:33.379 [FXGL Background Thread 1 ] DEBUG TMXLevelLoader       - Parsed TiledMap: file:/D:/Repo/Pokemon/target/classes/assets/levels/level1.tmx
19:08:33.380 [FXGL Background Thread 1 ] DEBUG TMXLevelLoader       - Creating tile layer entities
19:08:33.388 [FXGL Background Thread 1 ] DEBUG TilesetLoader        - Loading view for layer 图块层 1
19:08:33.391 [FXGL Background Thread 1 ] DEBUG TilesetLoader        - Created buffer with size 1024.0x800.0
19:08:33.407 [FXGL Background Thread 1 ] DEBUG TMXLevelLoader       - Creating object layer entities
19:08:33.463 [FXGL Background Thread 1 ] DEBUG FXGLAssetLoaderServi - Loading from file system: file:/D:/Repo/Pokemon/target/classes/assets/textures/flower.png
19:08:33.483 [FXGL Background Thread 1 ] DEBUG GameWorld            - Clearing removable entities
19:08:33.483 [FXGL Background Thread 1 ] DEBUG GameWorld            - Setting level: com.almasb.fxgl.entity.level.Level@f0a4df8
19:08:33.493 [FXGL Background Thread 1 ] DEBUG FXGLAssetLoaderServi - Loading from file system: file:/D:/Repo/Pokemon/target/classes/assets/textures/buLunDan2.png
19:08:33.499 [FXGL Background Thread 1 ] DEBUG FXGLAssetLoaderServi - Loading from file system: file:/D:/Repo/Pokemon/target/classes/assets/textures/RacketTeam.png
19:08:33.500 [FXGL Background Thread 1 ] INFO  FXGLApplication      - Game initialization took: 0.181 sec
19:08:33.504 [JavaFX Application Thread] DEBUG Input                - Clearing active input actions
19:08:33.511 [JavaFX Application Thread] DEBUG GameApplicationServi - Removing overlay from FXGLLoadingScene and adding to GameScene
19:08:33.512 [JavaFX Application Thread] DEBUG PrimaryStageWindow   - FXGLLoadingScene -> GameScene
19:08:36.414 [FXGL Background Thread 2 ] WARN  UpdaterService       - Failed to find updates: java.net.ConnectException: Connection timed out: connect
19:09:07.245 [JavaFX Application Thread] DEBUG FXGLAssetLoaderServi - Loading from file system: file:/D:/Repo/Pokemon/target/classes/assets/textures/hint.png
19:09:07.304 [JavaFX Application Thread] DEBUG PrimaryStageWindow   - Push state: DialogSubScene
19:09:07.304 [JavaFX Application Thread] DEBUG Input                - Clearing active input actions
19:09:07.304 [JavaFX Application Thread] DEBUG GameApplicationServi - Removing overlay from GameScene and adding to DialogSubScene
19:09:07.304 [JavaFX Application Thread] DEBUG PrimaryStageWindow   - GameScene -> DialogSubScene
19:09:08.761 [JavaFX Application Thread] DEBUG PrimaryStageWindow   - Pop state: DialogSubScene
19:09:08.761 [JavaFX Application Thread] DEBUG Input                - Clearing active input actions
19:09:08.762 [JavaFX Application Thread] DEBUG GameApplicationServi - Removing overlay from DialogSubScene and adding to GameScene
19:09:08.762 [JavaFX Application Thread] DEBUG PrimaryStageWindow   - GameScene <- DialogSubScene
19:09:11.467 [Thread-8812              ] DEBUG LoopRunner           - Stopping loop
19:09:11.470 [Thread-8812              ] FATAL FXGLApplication      - Uncaught Exception:
java.lang.NullPointerException: Input stream must not be null
	at javafx.graphics@21/javafx.scene.image.Image.validateInputStream(Image.java:1140)
	at javafx.graphics@21/javafx.scene.image.Image.<init>(Image.java:707)
	at org.example.pokemon/org.example.pokemon.battle.Battle.showPet(Battle.java:479)
	at org.example.pokemon/org.example.pokemon.battle.Battle.act(Battle.java:146)
	at org.example.pokemon/org.example.pokemon.battle.Battle.battleStart(Battle.java:73)
	at org.example.pokemon/org.example.pokemon.battle.Battle.lambda$initBattle$0(Battle.java:46)
	at java.base/java.lang.Thread.run(Thread.java:1583)

19:09:11.470 [Thread-8812              ] FATAL FXGLApplication      - Application will now exit
19:09:11.495 [Thread-8812              ] DEBUG PrimaryStageWindow   - Push state: ErrorSubScene
19:09:11.495 [Thread-8812              ] DEBUG Input                - Clearing active input actions
19:15:17.630 [JavaFX Application Thread] DEBUG FXGLApplication      - Exiting FXGL
19:15:17.630 [JavaFX Application Thread] DEBUG Async                - Shutting down background threads
19:15:17.631 [JavaFX Application Thread] DEBUG PrimaryStageWindow   - Closing main window
19:15:17.643 [JavaFX Application Thread] DEBUG Logger               - Closing Logger
