15:01:38.692 [main                     ] DEBUG Logger               - Configured Logger
15:01:38.716 [main                     ] DEBUG GameApplication      - Logging settings
Title: Pokemon
Version: 0.1
Width: 1024
Height: 800
Fullscreen: false
Intro: false
Profiling: false
Single step:false
App Mode: DEVELOPER
Menu Key: ESCAPE
Stage Style: DECORATED
Scene Factory: class com.almasb.fxgl.app.scene.SceneFactory

15:01:38.975 [JavaFX Application Thread] DEBUG FXGLApplication      - Initializing FXGL
15:01:38.978 [JavaFX Application Thread] INFO  Engine               - FXGL-21 (28.12.2023 13.35) on WINDOWS (J:21.0.4 FX:21)
15:01:38.978 [JavaFX Application Thread] DEBUG Engine               - JRE Vendor Name: Oracle Corporation
15:01:38.979 [JavaFX Application Thread] DEBUG Engine               - Running on OS: Windows 11 version 10.0
15:01:38.979 [JavaFX Application Thread] DEBUG Engine               - Architecture: amd64
15:01:38.979 [JavaFX Application Thread] INFO  Engine               - Source code and latest versions at: https://github.com/AlmasB/FXGL
15:01:38.979 [JavaFX Application Thread] INFO  Engine               -       Ask questions and discuss at: https://github.com/AlmasB/FXGL/discussions
15:01:38.979 [JavaFX Application Thread] INFO  Engine               -              Join the FXGL chat at: https://gitter.im/AlmasB/FXGL
15:01:39.034 [JavaFX Application Thread] DEBUG PrimaryStageWindow   - Creating a JavaFX scene
15:01:39.066 [JavaFX Application Thread] DEBUG PrimaryStageWindow   - Target settings size: 1024.0 x 800.0
15:01:39.066 [JavaFX Application Thread] DEBUG PrimaryStageWindow   - Scaled scene size:    1024.0 x 800.0
15:01:39.066 [JavaFX Application Thread] DEBUG PrimaryStageWindow   - Scaled ratio: (1.0, 1.0)
15:01:39.067 [JavaFX Application Thread] DEBUG PrimaryStageWindow   - Set initial scene to FXGLStartupScene
15:01:39.068 [JavaFX Application Thread] DEBUG PrimaryStageWindow   - Opening main window
15:01:39.122 [JavaFX Application Thread] DEBUG PrimaryStageWindow   - Window border size: (13.7142333984375, 36.5714111328125)
15:01:39.122 [JavaFX Application Thread] DEBUG PrimaryStageWindow   - Scaled size: 1024.0 x 800.0
15:01:39.122 [JavaFX Application Thread] DEBUG PrimaryStageWindow   - Scaled ratio: (1.0, 1.0)
15:01:39.122 [JavaFX Application Thread] DEBUG PrimaryStageWindow   - Scene size: 1024.0 x 800.0
15:01:39.122 [JavaFX Application Thread] DEBUG PrimaryStageWindow   - Stage size: 1037.7142333984375 x 836.5714111328125
15:01:39.129 [FXGL Background Thread 1 ] DEBUG Engine               - Initializing environment variables
15:01:39.166 [FXGL Background Thread 1 ] DEBUG FXGLAssetLoaderServi - User app class for loading assets: class org.example.pokemon.map.GameApp
15:01:39.166 [FXGL Background Thread 1 ] DEBUG GameApplicationServi - Applying CSS: fxgl_dark.css
15:01:39.167 [FXGL Background Thread 1 ] DEBUG FXGLAssetLoaderServi - Loading from file system: jar:file:///C:/Users/Kilig/.m2/repository/com/github/almasb/fxgl/21/fxgl-21.jar!/fxglassets/ui/css/fxgl_dark.css
15:01:39.206 [FXGL Background Thread 1 ] DEBUG GameApplicationServi - Initializing application scenes
15:01:39.250 [FXGL Background Thread 1 ] DEBUG GameWorld            - Game world initialized
15:01:39.283 [FXGL Background Thread 1 ] DEBUG PhysicsWorld         - Physics world initialized: appHeight=800, physics.ppm=50.0
15:01:39.283 [FXGL Background Thread 1 ] DEBUG PhysicsWorld         - Using strategy: BRUTE_FORCE
15:01:39.286 [FXGL Background Thread 1 ] DEBUG GameScene            - Game scene initialized: 1024x800
15:01:39.292 [FXGL Background Thread 1 ] DEBUG FXGL.DefaultMenu     - createMenuBodyGameMenu()
15:01:39.300 [FXGL Background Thread 1 ] DEBUG FXGL.DefaultMenu     - createOptionsMenu()
15:01:39.305 [FXGL Background Thread 1 ] DEBUG FXGLAssetLoaderServi - Loading from file system: jar:file:///C:/Users/Kilig/.m2/repository/com/github/almasb/fxgl/21/fxgl-21.jar!/fxglassets/textures/particles/smoke.png
15:01:39.367 [FXGL Background Thread 1 ] DEBUG FXGLAssetLoaderServi - Loading from file system: jar:file:///C:/Users/Kilig/.m2/repository/com/github/almasb/fxgl/21/fxgl-21.jar!/fxglassets/textures/particles/trace_horizontal.png
15:01:39.385 [FXGL Background Thread 1 ] DEBUG GameApplicationServi - Application scenes initialized
15:01:39.393 [FXGL Background Thread 1 ] DEBUG SystemBundleService  - Loading FXGL system data
15:01:39.395 [FXGL Background Thread 1 ] DEBUG FileSystemAccess     - Reading from: C:\Users\Kilig\Desktop\Pokemon\system\fxgl.bundle
15:01:39.401 [FXGL Background Thread 1 ] DEBUG SystemBundleService  - Bundle FXGL: {}
15:01:39.402 [FXGL Background Thread 1 ] DEBUG UpdaterService       - Checking for updates
15:01:39.403 [FXGL Background Thread 4 ] DEBUG FXGLApplication      - Loading fonts
15:01:39.404 [FXGL Background Thread 1 ] DEBUG FXGLApplication      - Loading default localization
15:01:39.404 [FXGL Background Thread 4 ] DEBUG FXGLAssetLoaderServi - Loading from file system: jar:file:///C:/Users/Kilig/.m2/repository/com/github/almasb/fxgl/21/fxgl-21.jar!/fxglassets/ui/fonts/VarelaRound-Regular.ttf
15:01:39.404 [FXGL Background Thread 1 ] DEBUG FXGLAssetLoaderServi - Loading from file system: jar:file:///C:/Users/Kilig/.m2/repository/com/github/almasb/fxgl/21/fxgl-21.jar!/fxglassets/languages/english.lang
15:01:39.430 [FXGL Background Thread 1 ] INFO  FXGLApplication      - FXGL initialization took: 0.302 sec
15:01:39.433 [FXGL Background Thread 4 ] DEBUG FXGLAssetLoaderServi - Loading from file system: jar:file:///C:/Users/Kilig/.m2/repository/com/github/almasb/fxgl/21/fxgl-21.jar!/fxglassets/ui/fonts/Abel-Regular.ttf
15:01:39.438 [JavaFX Application Thread] DEBUG Input                - Registered new binding: action0 - W
15:01:39.439 [JavaFX Application Thread] DEBUG Input                - Registered new binding: action1 - A
15:01:39.439 [JavaFX Application Thread] DEBUG Input                - Registered new binding: action2 - S
15:01:39.439 [JavaFX Application Thread] DEBUG Input                - Registered new binding: action3 - D
15:01:39.440 [JavaFX Application Thread] DEBUG Input                - Registered new binding: action4 - Up
15:01:39.440 [JavaFX Application Thread] DEBUG Input                - Registered new binding: action5 - Left
15:01:39.440 [JavaFX Application Thread] DEBUG Input                - Registered new binding: action6 - Down
15:01:39.440 [FXGL Background Thread 4 ] DEBUG FXGLAssetLoaderServi - Loading from file system: jar:file:///C:/Users/Kilig/.m2/repository/com/github/almasb/fxgl/21/fxgl-21.jar!/fxglassets/ui/fonts/TerminalLandMono-Regular.otf
15:01:39.440 [JavaFX Application Thread] DEBUG Input                - Registered new binding: action7 - Right
15:01:39.442 [JavaFX Application Thread] DEBUG FXGLAssetLoaderServi - Loading from file system: file:/C:/Users/Kilig/Desktop/Pokemon/target/classes/assets/music/BGM.mp3
15:01:39.449 [FXGL Background Thread 4 ] DEBUG FXGLAssetLoaderServi - Loading from file system: jar:file:///C:/Users/Kilig/.m2/repository/com/github/almasb/fxgl/21/fxgl-21.jar!/fxglassets/ui/fonts/Courier-Prime.ttf
15:01:39.538 [JavaFX Application Thread] DEBUG AudioPlayer          - Playing music com.almasb.fxgl.audio.Music@330ca4b8
15:01:39.538 [JavaFX Application Thread] DEBUG FXGLAssetLoaderServi - Loading from file system: jar:file:///C:/Users/Kilig/.m2/repository/com/github/almasb/fxgl/21/fxgl-21.jar!/fxglassets/textures/fxgl_icon.png
15:01:39.557 [JavaFX Application Thread] DEBUG FXGLAssetLoaderServi - Loading from file system: jar:file:///C:/Users/Kilig/.m2/repository/com/github/almasb/fxgl/21/fxgl-21.jar!/fxglassets/textures/fxgl_default_cursor.png
15:01:39.558 [JavaFX Application Thread] DEBUG Input                - Registered new binding: Screenshot - CTRL+8
15:01:39.559 [JavaFX Application Thread] DEBUG Input                - Registered new binding: System info dump - CTRL+9
15:01:39.559 [JavaFX Application Thread] DEBUG Input                - Registered new binding: Restart - CTRL+R
15:01:39.559 [JavaFX Application Thread] DEBUG Input                - Registered new binding: Toggle Debug Camera - CTRL+7
15:01:39.562 [JavaFX Application Thread] DEBUG LoopRunner           - Starting loop
15:01:39.563 [JavaFX Application Thread] DEBUG LoopRunner           - Initializing JavaFX AnimationTimerLoop
15:01:39.563 [JavaFX Application Thread] DEBUG GameApplicationServi - Starting new game
15:01:39.564 [JavaFX Application Thread] DEBUG Input                - Clearing active input actions
15:01:39.577 [JavaFX Application Thread] DEBUG GameApplicationServi - Removing overlay from FXGLStartupScene and adding to FXGLLoadingScene
15:01:39.577 [JavaFX Application Thread] DEBUG PrimaryStageWindow   - FXGLStartupScene -> FXGLLoadingScene
15:01:39.577 [JavaFX Application Thread] DEBUG GameApplicationServi - Clearing previous game
15:01:39.577 [JavaFX Application Thread] DEBUG GameScene            - Clearing game scene
15:01:39.577 [JavaFX Application Thread] DEBUG GameWorld            - Clearing game world
15:01:39.577 [JavaFX Application Thread] DEBUG PhysicsWorld         - Clearing physics world
15:01:39.579 [FXGL Background Thread 4 ] DEBUG FXGLApplication      - Initializing game
15:01:39.579 [JavaFX Application Thread] DEBUG FXGLApplication      - Registering font factories with UI factory
15:01:39.613 [FXGL Background Thread 4 ] WARN  TMXLevelLoader       - TiledMap generated from 1.8.4. Supported version: 1.9.0. Some features may not be parsed fully.
15:01:39.626 [FXGL Background Thread 4 ] DEBUG TMXLevelLoader       - Parsed TiledMap: file:/C:/Users/Kilig/Desktop/Pokemon/target/classes/assets/levels/level2.tmx
15:01:39.627 [FXGL Background Thread 4 ] DEBUG TMXLevelLoader       - Creating tile layer entities
15:01:39.629 [FXGL Background Thread 4 ] DEBUG TilesetLoader        - Loading view for layer 图块层 1
15:01:39.631 [FXGL Background Thread 4 ] DEBUG TilesetLoader        - Created buffer with size 1024.0x800.0
15:01:39.636 [FXGL Background Thread 4 ] DEBUG TMXLevelLoader       - Creating object layer entities
15:01:39.638 [FXGL Background Thread 4 ] WARN  TMXLevelLoader       - Parse error
java.lang.IllegalArgumentException: No EntityFactory has a method annotated @Spawns()
	at com.almasb.fxgl.entity@21/com.almasb.fxgl.entity.GameWorld.create(GameWorld.kt:413)
	at com.almasb.fxgl.entity@21/com.almasb.fxgl.entity.level.tiled.TMXLevelLoader.createObjectLayerEntities(TMXLevelLoader.kt:154)
	at com.almasb.fxgl.entity@21/com.almasb.fxgl.entity.level.tiled.TMXLevelLoader.load(TMXLevelLoader.kt:60)
	at com.almasb.fxgl.all@21/com.almasb.fxgl.app.services.FXGLAssetLoaderService.loadLevel(FXGLAssetLoaderService.kt:449)
	at com.almasb.fxgl.all@21/com.almasb.fxgl.dsl.FXGL$Companion.setLevelFromMap(FXGL.kt:643)
	at com.almasb.fxgl.all@21/com.almasb.fxgl.dsl.FXGL.setLevelFromMap(FXGL.kt)
	at org.example.pokemon/org.example.pokemon.map.GameApp.initGame(GameApp.java:36)
	at com.almasb.fxgl.all@21/com.almasb.fxgl.app.FXGLApplication$InitAppTask.initGame(FXGLApplication.kt:339)
	at com.almasb.fxgl.all@21/com.almasb.fxgl.app.FXGLApplication$InitAppTask.call(FXGLApplication.kt:319)
	at com.almasb.fxgl.all@21/com.almasb.fxgl.app.FXGLApplication$InitAppTask.call(FXGLApplication.kt:311)
	at javafx.graphics@21/javafx.concurrent.Task$TaskCallable.call(Task.java:1399)
	at java.base/java.util.concurrent.FutureTask.run(FutureTask.java:317)
	at java.base/java.util.concurrent.Executors$RunnableAdapter.call(Executors.java:572)
	at java.base/java.util.concurrent.FutureTask.run(FutureTask.java:317)
	at java.base/java.util.concurrent.ThreadPoolExecutor.runWorker(ThreadPoolExecutor.java:1144)
	at java.base/java.util.concurrent.ThreadPoolExecutor$Worker.run(ThreadPoolExecutor.java:642)
	at java.base/java.lang.Thread.run(Thread.java:1583)

15:01:39.668 [JavaFX Application Thread] DEBUG LoopRunner           - Stopping loop
15:01:39.669 [JavaFX Application Thread] FATAL FXGLApplication      - Uncaught Exception:
java.lang.RuntimeException: Initialization failed
	at com.almasb.fxgl.all@21/com.almasb.fxgl.app.FXGLApplication$InitAppTask.failed(FXGLApplication.kt:343)
	at javafx.graphics@21/javafx.concurrent.Task.setState(Task.java:710)
	at javafx.graphics@21/javafx.concurrent.Task$TaskCallable.lambda$call$2(Task.java:1429)
	at javafx.graphics@21/com.sun.javafx.application.PlatformImpl.lambda$runLater$10(PlatformImpl.java:456)
	at java.base/java.security.AccessController.doPrivileged(AccessController.java:400)
	at javafx.graphics@21/com.sun.javafx.application.PlatformImpl.lambda$runLater$11(PlatformImpl.java:455)
	at javafx.graphics@21/com.sun.glass.ui.InvokeLaterDispatcher$Future.run(InvokeLaterDispatcher.java:95)
	at javafx.graphics@21/com.sun.glass.ui.win.WinApplication._runLoop(Native Method)
	at javafx.graphics@21/com.sun.glass.ui.win.WinApplication.lambda$runLoop$3(WinApplication.java:185)
	at java.base/java.lang.Thread.run(Thread.java:1583)
Caused by: com.almasb.fxgl.entity.level.LevelLoadingException: No EntityFactory has a method annotated @Spawns()
	at com.almasb.fxgl.entity@21/com.almasb.fxgl.entity.level.tiled.TMXLevelLoader.load(TMXLevelLoader.kt:77)
	at com.almasb.fxgl.all@21/com.almasb.fxgl.app.services.FXGLAssetLoaderService.loadLevel(FXGLAssetLoaderService.kt:449)
	at com.almasb.fxgl.all@21/com.almasb.fxgl.dsl.FXGL$Companion.setLevelFromMap(FXGL.kt:643)
	at com.almasb.fxgl.all@21/com.almasb.fxgl.dsl.FXGL.setLevelFromMap(FXGL.kt)
	at org.example.pokemon/org.example.pokemon.map.GameApp.initGame(GameApp.java:36)
	at com.almasb.fxgl.all@21/com.almasb.fxgl.app.FXGLApplication$InitAppTask.initGame(FXGLApplication.kt:339)
	at com.almasb.fxgl.all@21/com.almasb.fxgl.app.FXGLApplication$InitAppTask.call(FXGLApplication.kt:319)
	at com.almasb.fxgl.all@21/com.almasb.fxgl.app.FXGLApplication$InitAppTask.call(FXGLApplication.kt:311)
	at javafx.graphics@21/javafx.concurrent.Task$TaskCallable.call(Task.java:1399)
	at java.base/java.util.concurrent.FutureTask.run(FutureTask.java:317)
	at java.base/java.util.concurrent.Executors$RunnableAdapter.call(Executors.java:572)
	at java.base/java.util.concurrent.FutureTask.run(FutureTask.java:317)
	at java.base/java.util.concurrent.ThreadPoolExecutor.runWorker(ThreadPoolExecutor.java:1144)
	at java.base/java.util.concurrent.ThreadPoolExecutor$Worker.run(ThreadPoolExecutor.java:642)
	... 1 more
Caused by: java.lang.IllegalArgumentException: No EntityFactory has a method annotated @Spawns()
	at com.almasb.fxgl.entity@21/com.almasb.fxgl.entity.GameWorld.create(GameWorld.kt:413)
	at com.almasb.fxgl.entity@21/com.almasb.fxgl.entity.level.tiled.TMXLevelLoader.createObjectLayerEntities(TMXLevelLoader.kt:154)
	at com.almasb.fxgl.entity@21/com.almasb.fxgl.entity.level.tiled.TMXLevelLoader.load(TMXLevelLoader.kt:60)
	... 14 more

15:01:39.669 [JavaFX Application Thread] FATAL FXGLApplication      - Application will now exit
15:01:39.683 [JavaFX Application Thread] DEBUG PrimaryStageWindow   - Push state: ErrorSubScene
15:01:39.683 [JavaFX Application Thread] DEBUG Input                - Clearing active input actions
15:01:39.688 [JavaFX Application Thread] DEBUG GameApplicationServi - Removing overlay from FXGLLoadingScene and adding to ErrorSubScene
15:01:39.689 [JavaFX Application Thread] DEBUG PrimaryStageWindow   - FXGLLoadingScene -> ErrorSubScene
15:01:42.404 [FXGL Background Thread 3 ] DEBUG Engine               - Logging environment variables
15:01:42.404 [FXGL Background Thread 3 ] DEBUG Engine               - achievements: []
15:01:42.405 [FXGL Background Thread 3 ] DEBUG Engine               - actualHeight: 800.0
15:01:42.405 [FXGL Background Thread 3 ] DEBUG Engine               - actualHeightProperty: ReadOnlyDoubleProperty [value: 800.0]
15:01:42.405 [FXGL Background Thread 3 ] DEBUG Engine               - actualWidth: 1024.0
15:01:42.405 [FXGL Background Thread 3 ] DEBUG Engine               - actualWidthProperty: ReadOnlyDoubleProperty [value: 1024.0]
15:01:42.405 [FXGL Background Thread 3 ] DEBUG Engine               - appIcon: fxgl_icon.png
15:01:42.405 [FXGL Background Thread 3 ] DEBUG Engine               - applicationMode: DEVELOPER
15:01:42.405 [FXGL Background Thread 3 ] DEBUG Engine               - cSSList: [fxgl_dark.css]
15:01:42.405 [FXGL Background Thread 3 ] DEBUG Engine               - collisionDetectionStrategy: BRUTE_FORCE
15:01:42.406 [FXGL Background Thread 3 ] DEBUG Engine               - configClass: Optional.empty
15:01:42.406 [FXGL Background Thread 3 ] DEBUG Engine               - credits: []
15:01:42.406 [FXGL Background Thread 3 ] DEBUG Engine               - defaultCursor: CursorInfo(imageName=fxgl_default_cursor.png, hotspotX=7.0, hotspotY=6.0)
15:01:42.406 [FXGL Background Thread 3 ] DEBUG Engine               - devBBoxColorProperty: ObjectProperty [value: 0xff0000ff]
15:01:42.406 [FXGL Background Thread 3 ] DEBUG Engine               - devEnableDebugCameraProperty: BooleanProperty [value: false]
15:01:42.406 [FXGL Background Thread 3 ] DEBUG Engine               - devSensorColorProperty: ObjectProperty [value: 0xffff00ff]
15:01:42.406 [FXGL Background Thread 3 ] DEBUG Engine               - devShowBBoxProperty: BooleanProperty [value: false]
15:01:42.406 [FXGL Background Thread 3 ] DEBUG Engine               - devShowPositionProperty: BooleanProperty [value: false]
15:01:42.406 [FXGL Background Thread 3 ] DEBUG Engine               - enabledMenuItems: []
15:01:42.406 [FXGL Background Thread 3 ] DEBUG Engine               - engineServices: [class com.almasb.fxgl.app.services.FXGLAssetLoaderService, class com.almasb.fxgl.app.FXGLApplication$GameApplicationService, class com.almasb.fxgl.app.services.FXGLDialogService, class com.almasb.fxgl.app.services.IOTaskExecutorService, class com.almasb.fxgl.io.FileSystemService, class com.almasb.fxgl.localization.LocalizationService, class com.almasb.fxgl.app.services.SystemBundleService, class com.almasb.fxgl.profile.SaveLoadService, class com.almasb.fxgl.ui.FXGLUIFactoryServiceProvider, class com.almasb.fxgl.ui.FXGLDialogFactoryServiceProvider, class com.almasb.fxgl.audio.AudioPlayer, class com.almasb.fxgl.notification.impl.NotificationServiceProvider, class com.almasb.fxgl.achievement.AchievementService, class com.almasb.fxgl.cutscene.CutsceneService, class com.almasb.fxgl.minigames.MiniGameService, class com.almasb.fxgl.net.NetService, class com.almasb.fxgl.app.services.UpdaterService, class com.almasb.fxgl.dev.DevService]
15:01:42.406 [FXGL Background Thread 3 ] DEBUG Engine               - fontGame: Abel-Regular.ttf
15:01:42.407 [FXGL Background Thread 3 ] DEBUG Engine               - fontMono: TerminalLandMono-Regular.otf
15:01:42.407 [FXGL Background Thread 3 ] DEBUG Engine               - fontSizeScaleUI: 1.0
15:01:42.407 [FXGL Background Thread 3 ] DEBUG Engine               - fontText: Courier-Prime.ttf
15:01:42.407 [FXGL Background Thread 3 ] DEBUG Engine               - fontUI: VarelaRound-Regular.ttf
15:01:42.407 [FXGL Background Thread 3 ] DEBUG Engine               - fullScreen: BooleanProperty [value: false]
15:01:42.407 [FXGL Background Thread 3 ] DEBUG Engine               - gameDifficulty: MEDIUM
15:01:42.407 [FXGL Background Thread 3 ] DEBUG Engine               - gameDifficultyProperty: ObjectProperty [value: MEDIUM]
15:01:42.407 [FXGL Background Thread 3 ] DEBUG Engine               - globalMusicVolume: 0.5
15:01:42.407 [FXGL Background Thread 3 ] DEBUG Engine               - globalMusicVolumeProperty: DoubleProperty [value: 0.4]
15:01:42.407 [FXGL Background Thread 3 ] DEBUG Engine               - globalSoundVolume: 0.5
15:01:42.407 [FXGL Background Thread 3 ] DEBUG Engine               - globalSoundVolumeProperty: DoubleProperty [value: 0.5]
15:01:42.407 [FXGL Background Thread 3 ] DEBUG Engine               - height: 800
15:01:42.407 [FXGL Background Thread 3 ] DEBUG Engine               - is3D: false
15:01:42.407 [FXGL Background Thread 3 ] DEBUG Engine               - isAndroid: false
15:01:42.407 [FXGL Background Thread 3 ] DEBUG Engine               - isBrowser: false
15:01:42.407 [FXGL Background Thread 3 ] DEBUG Engine               - isClickFeedbackEnabled: false
15:01:42.407 [FXGL Background Thread 3 ] DEBUG Engine               - isCloseConfirmation: false
15:01:42.407 [FXGL Background Thread 3 ] DEBUG Engine               - isDesktop: true
15:01:42.407 [FXGL Background Thread 3 ] DEBUG Engine               - isDeveloperMenuEnabled: false
15:01:42.407 [FXGL Background Thread 3 ] DEBUG Engine               - isEmbedded: false
15:01:42.407 [FXGL Background Thread 3 ] DEBUG Engine               - isEntityPreloadEnabled: true
15:01:42.407 [FXGL Background Thread 3 ] DEBUG Engine               - isExperimentalTiledLargeMap: false
15:01:42.408 [FXGL Background Thread 3 ] DEBUG Engine               - isFileSystemWriteAllowed: true
15:01:42.408 [FXGL Background Thread 3 ] DEBUG Engine               - isFullScreenAllowed: false
15:01:42.408 [FXGL Background Thread 3 ] DEBUG Engine               - isFullScreenFromStart: false
15:01:42.408 [FXGL Background Thread 3 ] DEBUG Engine               - isGameMenuEnabled: true
15:01:42.408 [FXGL Background Thread 3 ] DEBUG Engine               - isIOS: false
15:01:42.408 [FXGL Background Thread 3 ] DEBUG Engine               - isIntroEnabled: false
15:01:42.408 [FXGL Background Thread 3 ] DEBUG Engine               - isLinux: false
15:01:42.408 [FXGL Background Thread 3 ] DEBUG Engine               - isMac: false
15:01:42.408 [FXGL Background Thread 3 ] DEBUG Engine               - isMainMenuEnabled: false
15:01:42.408 [FXGL Background Thread 3 ] DEBUG Engine               - isManualResizeEnabled: false
15:01:42.408 [FXGL Background Thread 3 ] DEBUG Engine               - isMobile: false
15:01:42.408 [FXGL Background Thread 3 ] DEBUG Engine               - isNative: false
15:01:42.408 [FXGL Background Thread 3 ] DEBUG Engine               - isPauseMusicWhenMinimized: true
15:01:42.408 [FXGL Background Thread 3 ] DEBUG Engine               - isPreserveResizeRatio: false
15:01:42.408 [FXGL Background Thread 3 ] DEBUG Engine               - isProfilingEnabled: false
15:01:42.408 [FXGL Background Thread 3 ] DEBUG Engine               - isScaleAffectedOnResize: true
15:01:42.408 [FXGL Background Thread 3 ] DEBUG Engine               - isSingleStep: false
15:01:42.408 [FXGL Background Thread 3 ] DEBUG Engine               - isUserProfileEnabled: false
15:01:42.408 [FXGL Background Thread 3 ] DEBUG Engine               - isWindows: true
15:01:42.408 [FXGL Background Thread 3 ] DEBUG Engine               - language: ObjectProperty [value: ENGLISH]
15:01:42.408 [FXGL Background Thread 3 ] DEBUG Engine               - menuKey: ESCAPE
15:01:42.408 [FXGL Background Thread 3 ] DEBUG Engine               - mouseSensitivity: 0.2
15:01:42.408 [FXGL Background Thread 3 ] DEBUG Engine               - notificationViewClass: class com.almasb.fxgl.notification.view.XboxNotificationView
15:01:42.408 [FXGL Background Thread 3 ] DEBUG Engine               - pixelsPerMeter: 50.0
15:01:42.408 [FXGL Background Thread 3 ] DEBUG Engine               - platform: WINDOWS
15:01:42.408 [FXGL Background Thread 3 ] DEBUG Engine               - prefHeightProperty: ReadOnlyDoubleProperty [value: 800.0]
15:01:42.408 [FXGL Background Thread 3 ] DEBUG Engine               - prefWidthProperty: ReadOnlyDoubleProperty [value: 1024.0]
15:01:42.408 [FXGL Background Thread 3 ] DEBUG Engine               - profileDir: profiles/
15:01:42.408 [FXGL Background Thread 3 ] DEBUG Engine               - profileName: StringProperty [value: DEFAULT]
15:01:42.409 [FXGL Background Thread 3 ] DEBUG Engine               - randomSeed: -1
15:01:42.409 [FXGL Background Thread 3 ] DEBUG Engine               - runtimeInfo: RuntimeInfo(platform=WINDOWS, version=21, build=28.12.2023 13.35)
15:01:42.409 [FXGL Background Thread 3 ] DEBUG Engine               - saveFileExt: sav
15:01:42.409 [FXGL Background Thread 3 ] DEBUG Engine               - scaledHeightProp$fxgl: DoubleProperty [bound, value: 800.0]
15:01:42.409 [FXGL Background Thread 3 ] DEBUG Engine               - scaledWidthProp$fxgl: DoubleProperty [bound, value: 1024.0]
15:01:42.409 [FXGL Background Thread 3 ] DEBUG Engine               - sceneFactory: com.almasb.fxgl.app.scene.SceneFactory@54e2bd6
15:01:42.409 [FXGL Background Thread 3 ] DEBUG Engine               - secondsIn24h: 60
15:01:42.409 [FXGL Background Thread 3 ] DEBUG Engine               - soundMenuBack: menu/back.wav
15:01:42.409 [FXGL Background Thread 3 ] DEBUG Engine               - soundMenuPress: menu/press.wav
15:01:42.409 [FXGL Background Thread 3 ] DEBUG Engine               - soundMenuSelect: menu/select.wav
15:01:42.409 [FXGL Background Thread 3 ] DEBUG Engine               - soundNotification: core/notification.wav
15:01:42.409 [FXGL Background Thread 3 ] DEBUG Engine               - stageStyle: DECORATED
15:01:42.409 [FXGL Background Thread 3 ] DEBUG Engine               - supportedLanguages: [ENGLISH, FRENCH, GERMAN, HUNGARIAN, RUSSIAN]
15:01:42.409 [FXGL Background Thread 3 ] DEBUG Engine               - ticksPerSecond: -1
15:01:42.409 [FXGL Background Thread 3 ] DEBUG Engine               - title: Pokemon
15:01:42.409 [FXGL Background Thread 3 ] DEBUG Engine               - urlGithub: https://github.com/AlmasB/FXGL
15:01:42.409 [FXGL Background Thread 3 ] DEBUG Engine               - urlLeaderboard: http://fxgl-top.herokuapp.com/
15:01:42.409 [FXGL Background Thread 3 ] DEBUG Engine               - urlPOM: https://raw.githubusercontent.com/AlmasB/FXGL/release/README.md
15:01:42.409 [FXGL Background Thread 3 ] DEBUG Engine               - userAppClass: class org.example.pokemon.map.GameApp
15:01:42.409 [FXGL Background Thread 3 ] DEBUG Engine               - version: 0.1
15:01:42.409 [FXGL Background Thread 3 ] DEBUG Engine               - versionCheckDays: 7
15:01:42.409 [FXGL Background Thread 3 ] DEBUG Engine               - width: 1024
15:01:42.409 [FXGL Background Thread 3 ] DEBUG Engine               - Logging services
15:01:42.409 [FXGL Background Thread 3 ] DEBUG Engine               - class com.almasb.fxgl.app.services.FXGLAssetLoaderService
15:01:42.409 [FXGL Background Thread 3 ] DEBUG Engine               - class com.almasb.fxgl.app.FXGLApplication$GameApplicationService
15:01:42.409 [FXGL Background Thread 3 ] DEBUG Engine               - class com.almasb.fxgl.app.services.FXGLDialogService
15:01:42.409 [FXGL Background Thread 3 ] DEBUG Engine               - class com.almasb.fxgl.app.services.IOTaskExecutorService
15:01:42.409 [FXGL Background Thread 3 ] DEBUG Engine               - class com.almasb.fxgl.io.FileSystemService
15:01:42.409 [FXGL Background Thread 3 ] DEBUG Engine               - class com.almasb.fxgl.localization.LocalizationService
15:01:42.409 [FXGL Background Thread 3 ] DEBUG Engine               - class com.almasb.fxgl.app.services.SystemBundleService
15:01:42.409 [FXGL Background Thread 3 ] DEBUG Engine               - class com.almasb.fxgl.profile.SaveLoadService
15:01:42.409 [FXGL Background Thread 3 ] DEBUG Engine               - class com.almasb.fxgl.ui.FXGLUIFactoryServiceProvider
15:01:42.409 [FXGL Background Thread 3 ] DEBUG Engine               - class com.almasb.fxgl.ui.FXGLDialogFactoryServiceProvider
15:01:42.410 [FXGL Background Thread 3 ] DEBUG Engine               - class com.almasb.fxgl.audio.AudioPlayer
15:01:42.410 [FXGL Background Thread 3 ] DEBUG Engine               - class com.almasb.fxgl.notification.impl.NotificationServiceProvider
15:01:42.410 [FXGL Background Thread 3 ] DEBUG Engine               - class com.almasb.fxgl.achievement.AchievementService
15:01:42.410 [FXGL Background Thread 3 ] DEBUG Engine               - class com.almasb.fxgl.cutscene.CutsceneService
15:01:42.410 [FXGL Background Thread 3 ] DEBUG Engine               - class com.almasb.fxgl.minigames.MiniGameService
15:01:42.410 [FXGL Background Thread 3 ] DEBUG Engine               - class com.almasb.fxgl.net.NetService
15:01:42.410 [FXGL Background Thread 3 ] DEBUG Engine               - class com.almasb.fxgl.app.services.UpdaterService
15:01:42.410 [FXGL Background Thread 3 ] DEBUG Engine               - class com.almasb.fxgl.dev.DevService
15:01:42.936 [JavaFX Application Thread] DEBUG FXGLApplication      - Exiting FXGL
15:01:42.936 [JavaFX Application Thread] DEBUG Async                - Shutting down background threads
15:01:42.936 [JavaFX Application Thread] DEBUG PrimaryStageWindow   - Closing main window
15:01:42.950 [JavaFX Application Thread] DEBUG Logger               - Closing Logger
