00:30:29.797 [main                     ] DEBUG Logger               - Configured Logger
00:30:29.824 [main                     ] DEBUG GameApplication      - Logging settings
Title: Pokemon
Version: 0.1
Width: 1024
Height: 800
Fullscreen: false
Intro: false
Profiling: false
Single step:false
App Mode: DEVELOPER
Menu Key: ESCAPE
Stage Style: DECORATED
Scene Factory: class org.example.pokemon.map.GameApp$1

00:30:30.121 [JavaFX Application Thread] DEBUG FXGLApplication      - Initializing FXGL
00:30:30.124 [JavaFX Application Thread] INFO  Engine               - FXGL-21 (28.12.2023 13.35) on WINDOWS (J:21.0.4 FX:21)
00:30:30.125 [JavaFX Application Thread] DEBUG Engine               - JRE Vendor Name: Oracle Corporation
00:30:30.125 [JavaFX Application Thread] DEBUG Engine               - Running on OS: Windows 11 version 10.0
00:30:30.125 [JavaFX Application Thread] DEBUG Engine               - Architecture: amd64
00:30:30.125 [JavaFX Application Thread] INFO  Engine               - Source code and latest versions at: https://github.com/AlmasB/FXGL
00:30:30.125 [JavaFX Application Thread] INFO  Engine               -       Ask questions and discuss at: https://github.com/AlmasB/FXGL/discussions
00:30:30.125 [JavaFX Application Thread] INFO  Engine               -              Join the FXGL chat at: https://gitter.im/AlmasB/FXGL
00:30:30.187 [JavaFX Application Thread] DEBUG PrimaryStageWindow   - Creating a JavaFX scene
00:30:30.227 [JavaFX Application Thread] DEBUG PrimaryStageWindow   - Target settings size: 1024.0 x 800.0
00:30:30.227 [JavaFX Application Thread] DEBUG PrimaryStageWindow   - Scaled scene size:    1024.0 x 800.0
00:30:30.227 [JavaFX Application Thread] DEBUG PrimaryStageWindow   - Scaled ratio: (1.0, 1.0)
00:30:30.228 [JavaFX Application Thread] DEBUG PrimaryStageWindow   - Set initial scene to FXGLStartupScene
00:30:30.231 [JavaFX Application Thread] DEBUG PrimaryStageWindow   - Opening main window
00:30:30.300 [JavaFX Application Thread] DEBUG PrimaryStageWindow   - Window border size: (14.6666259765625, 37.33331298828125)
00:30:30.300 [JavaFX Application Thread] DEBUG PrimaryStageWindow   - Scaled size: 1024.0 x 800.0
00:30:30.301 [JavaFX Application Thread] DEBUG PrimaryStageWindow   - Scaled ratio: (1.0, 1.0)
00:30:30.301 [JavaFX Application Thread] DEBUG PrimaryStageWindow   - Scene size: 1024.0 x 800.0
00:30:30.301 [JavaFX Application Thread] DEBUG PrimaryStageWindow   - Stage size: 1038.6666259765625 x 837.3333129882812
00:30:30.305 [FXGL Background Thread 1 ] DEBUG Engine               - Initializing environment variables
00:30:30.348 [FXGL Background Thread 1 ] DEBUG FXGLAssetLoaderServi - User app class for loading assets: class org.example.pokemon.map.GameApp
00:30:30.348 [FXGL Background Thread 1 ] DEBUG GameApplicationServi - Applying CSS: fxgl_dark.css
00:30:30.349 [FXGL Background Thread 1 ] DEBUG FXGLAssetLoaderServi - Loading from file system: jar:file:///C:/Java%20Lib/apache-maven-3.8.8/repo/com/github/almasb/fxgl/21/fxgl-21.jar!/fxglassets/ui/css/fxgl_dark.css
00:30:30.385 [FXGL Background Thread 1 ] DEBUG GameApplicationServi - Initializing application scenes
00:30:30.463 [FXGL Background Thread 1 ] DEBUG GameWorld            - Game world initialized
00:30:30.507 [FXGL Background Thread 1 ] DEBUG PhysicsWorld         - Physics world initialized: appHeight=800, physics.ppm=50.0
00:30:30.508 [FXGL Background Thread 1 ] DEBUG PhysicsWorld         - Using strategy: BRUTE_FORCE
00:30:30.511 [FXGL Background Thread 1 ] DEBUG GameScene            - Game scene initialized: 1024x800
00:30:30.665 [FXGL Background Thread 1 ] DEBUG FXGL.DefaultMenu     - createMenuBodyGameMenu()
00:30:30.671 [FXGL Background Thread 1 ] DEBUG FXGL.DefaultMenu     - createOptionsMenu()
00:30:30.679 [FXGL Background Thread 1 ] DEBUG FXGLAssetLoaderServi - Loading from file system: jar:file:///C:/Java%20Lib/apache-maven-3.8.8/repo/com/github/almasb/fxgl/21/fxgl-21.jar!/fxglassets/textures/particles/smoke.png
00:30:30.792 [FXGL Background Thread 1 ] DEBUG FXGLAssetLoaderServi - Loading from file system: jar:file:///C:/Java%20Lib/apache-maven-3.8.8/repo/com/github/almasb/fxgl/21/fxgl-21.jar!/fxglassets/textures/particles/trace_horizontal.png
00:30:30.810 [FXGL Background Thread 1 ] DEBUG GameApplicationServi - Application scenes initialized
00:30:30.817 [FXGL Background Thread 1 ] DEBUG SystemBundleService  - Loading FXGL system data
00:30:30.819 [FXGL Background Thread 1 ] DEBUG FileSystemAccess     - Reading from: C:\Users\19871\Desktop\Pokemon\system\fxgl.bundle
00:30:30.824 [FXGL Background Thread 1 ] DEBUG SystemBundleService  - Bundle FXGL: {}
00:30:30.825 [FXGL Background Thread 1 ] DEBUG UpdaterService       - Checking for updates
00:30:30.830 [FXGL Background Thread 4 ] DEBUG FXGLApplication      - Loading fonts
00:30:30.831 [FXGL Background Thread 4 ] DEBUG FXGLAssetLoaderServi - Loading from file system: jar:file:///C:/Java%20Lib/apache-maven-3.8.8/repo/com/github/almasb/fxgl/21/fxgl-21.jar!/fxglassets/ui/fonts/VarelaRound-Regular.ttf
00:30:30.831 [FXGL Background Thread 1 ] DEBUG FXGLApplication      - Loading default localization
00:30:30.834 [FXGL Background Thread 1 ] DEBUG FXGLAssetLoaderServi - Loading from file system: jar:file:///C:/Java%20Lib/apache-maven-3.8.8/repo/com/github/almasb/fxgl/21/fxgl-21.jar!/fxglassets/languages/english.lang
00:30:30.854 [FXGL Background Thread 4 ] DEBUG FXGLAssetLoaderServi - Loading from file system: jar:file:///C:/Java%20Lib/apache-maven-3.8.8/repo/com/github/almasb/fxgl/21/fxgl-21.jar!/fxglassets/ui/fonts/Abel-Regular.ttf
00:30:30.858 [FXGL Background Thread 4 ] DEBUG FXGLAssetLoaderServi - Loading from file system: jar:file:///C:/Java%20Lib/apache-maven-3.8.8/repo/com/github/almasb/fxgl/21/fxgl-21.jar!/fxglassets/ui/fonts/TerminalLandMono-Regular.otf
00:30:30.860 [FXGL Background Thread 4 ] DEBUG FXGLAssetLoaderServi - Loading from file system: jar:file:///C:/Java%20Lib/apache-maven-3.8.8/repo/com/github/almasb/fxgl/21/fxgl-21.jar!/fxglassets/ui/fonts/Courier-Prime.ttf
00:30:30.871 [JavaFX Application Thread] DEBUG FXGLApplication      - Registering font factories with UI factory
00:30:30.897 [FXGL Background Thread 1 ] INFO  FXGLApplication      - FXGL initialization took: 0.591 sec
00:30:30.919 [JavaFX Application Thread] DEBUG Input                - Registered new binding: action0 - W
00:30:30.920 [JavaFX Application Thread] DEBUG Input                - Registered new binding: action1 - A
00:30:30.920 [JavaFX Application Thread] DEBUG Input                - Registered new binding: action2 - S
00:30:30.921 [JavaFX Application Thread] DEBUG Input                - Registered new binding: action3 - D
00:30:30.921 [JavaFX Application Thread] DEBUG Input                - Registered new binding: action4 - Up
00:30:30.923 [JavaFX Application Thread] DEBUG Input                - Registered new binding: action5 - Left
00:30:30.923 [JavaFX Application Thread] DEBUG Input                - Registered new binding: action6 - Down
00:30:30.923 [JavaFX Application Thread] DEBUG Input                - Registered new binding: action7 - Right
00:30:30.924 [JavaFX Application Thread] DEBUG Input                - Registered new binding: action8 - J
00:30:30.924 [JavaFX Application Thread] DEBUG FXGLAssetLoaderServi - Loading from file system: file:/C:/Users/19871/Desktop/Pokemon/target/classes/assets/music/BGM.mp3
00:30:31.043 [JavaFX Application Thread] DEBUG AudioPlayer          - Playing music com.almasb.fxgl.audio.Music@85e93a
00:30:31.045 [JavaFX Application Thread] DEBUG FXGLAssetLoaderServi - Loading from file system: file:/C:/Users/19871/Desktop/Pokemon/target/classes/assets/textures/icon.png
00:30:31.061 [JavaFX Application Thread] DEBUG FXGLAssetLoaderServi - Loading from file system: jar:file:///C:/Java%20Lib/apache-maven-3.8.8/repo/com/github/almasb/fxgl/21/fxgl-21.jar!/fxglassets/textures/fxgl_default_cursor.png
00:30:31.065 [JavaFX Application Thread] DEBUG Input                - Registered new binding: Screenshot - CTRL+8
00:30:31.066 [JavaFX Application Thread] DEBUG Input                - Registered new binding: System info dump - CTRL+9
00:30:31.068 [JavaFX Application Thread] DEBUG Input                - Registered new binding: Restart - CTRL+R
00:30:31.075 [JavaFX Application Thread] DEBUG Input                - Registered new binding: Toggle Debug Camera - CTRL+7
00:30:31.079 [JavaFX Application Thread] DEBUG LoopRunner           - Starting loop
00:30:31.080 [JavaFX Application Thread] DEBUG LoopRunner           - Initializing JavaFX AnimationTimerLoop
00:30:31.083 [JavaFX Application Thread] DEBUG Input                - Clearing active input actions
00:30:31.090 [JavaFX Application Thread] DEBUG GameApplicationServi - Removing overlay from FXGLStartupScene and adding to FXGLMainMenuDummyScene
00:30:31.090 [JavaFX Application Thread] DEBUG PrimaryStageWindow   - FXGLStartupScene -> FXGLMainMenuDummyScene
00:30:31.090 [JavaFX Application Thread] DEBUG PrimaryStageWindow   - Push state: TestMainMenu
00:30:31.091 [JavaFX Application Thread] DEBUG Input                - Clearing active input actions
00:30:31.101 [JavaFX Application Thread] DEBUG GameApplicationServi - Removing overlay from FXGLMainMenuDummyScene and adding to TestMainMenu
00:30:31.101 [JavaFX Application Thread] DEBUG PrimaryStageWindow   - FXGLMainMenuDummyScene -> TestMainMenu
00:30:33.828 [FXGL Background Thread 3 ] DEBUG Engine               - Logging environment variables
00:30:33.829 [FXGL Background Thread 3 ] DEBUG Engine               - achievements: []
00:30:33.829 [FXGL Background Thread 3 ] DEBUG Engine               - actualHeight: 800.0
00:30:33.829 [FXGL Background Thread 3 ] DEBUG Engine               - actualHeightProperty: ReadOnlyDoubleProperty [value: 800.0]
00:30:33.829 [FXGL Background Thread 3 ] DEBUG Engine               - actualWidth: 1024.0
00:30:33.829 [FXGL Background Thread 3 ] DEBUG Engine               - actualWidthProperty: ReadOnlyDoubleProperty [value: 1024.0]
00:30:33.829 [FXGL Background Thread 3 ] DEBUG Engine               - appIcon: icon.png
00:30:33.829 [FXGL Background Thread 3 ] DEBUG Engine               - applicationMode: DEVELOPER
00:30:33.829 [FXGL Background Thread 3 ] DEBUG Engine               - cSSList: [fxgl_dark.css]
00:30:33.829 [FXGL Background Thread 3 ] DEBUG Engine               - collisionDetectionStrategy: BRUTE_FORCE
00:30:33.829 [FXGL Background Thread 3 ] DEBUG Engine               - configClass: Optional.empty
00:30:33.829 [FXGL Background Thread 3 ] DEBUG Engine               - credits: []
00:30:33.829 [FXGL Background Thread 3 ] DEBUG Engine               - defaultCursor: CursorInfo(imageName=fxgl_default_cursor.png, hotspotX=7.0, hotspotY=6.0)
00:30:33.829 [FXGL Background Thread 3 ] DEBUG Engine               - devBBoxColorProperty: ObjectProperty [value: 0xff0000ff]
00:30:33.829 [FXGL Background Thread 3 ] DEBUG Engine               - devEnableDebugCameraProperty: BooleanProperty [value: false]
00:30:33.829 [FXGL Background Thread 3 ] DEBUG Engine               - devSensorColorProperty: ObjectProperty [value: 0xffff00ff]
00:30:33.829 [FXGL Background Thread 3 ] DEBUG Engine               - devShowBBoxProperty: BooleanProperty [value: false]
00:30:33.829 [FXGL Background Thread 3 ] DEBUG Engine               - devShowPositionProperty: BooleanProperty [value: false]
00:30:33.829 [FXGL Background Thread 3 ] DEBUG Engine               - enabledMenuItems: []
00:30:33.829 [FXGL Background Thread 3 ] DEBUG Engine               - engineServices: [class com.almasb.fxgl.app.services.FXGLAssetLoaderService, class com.almasb.fxgl.app.FXGLApplication$GameApplicationService, class com.almasb.fxgl.app.services.FXGLDialogService, class com.almasb.fxgl.app.services.IOTaskExecutorService, class com.almasb.fxgl.io.FileSystemService, class com.almasb.fxgl.localization.LocalizationService, class com.almasb.fxgl.app.services.SystemBundleService, class com.almasb.fxgl.profile.SaveLoadService, class com.almasb.fxgl.ui.FXGLUIFactoryServiceProvider, class com.almasb.fxgl.ui.FXGLDialogFactoryServiceProvider, class com.almasb.fxgl.audio.AudioPlayer, class com.almasb.fxgl.notification.impl.NotificationServiceProvider, class com.almasb.fxgl.achievement.AchievementService, class com.almasb.fxgl.cutscene.CutsceneService, class com.almasb.fxgl.minigames.MiniGameService, class com.almasb.fxgl.net.NetService, class com.almasb.fxgl.app.services.UpdaterService, class com.almasb.fxgl.dev.DevService]
00:30:33.829 [FXGL Background Thread 3 ] DEBUG Engine               - fontGame: Abel-Regular.ttf
00:30:33.829 [FXGL Background Thread 3 ] DEBUG Engine               - fontMono: TerminalLandMono-Regular.otf
00:30:33.829 [FXGL Background Thread 3 ] DEBUG Engine               - fontSizeScaleUI: 1.0
00:30:33.829 [FXGL Background Thread 3 ] DEBUG Engine               - fontText: Courier-Prime.ttf
00:30:33.829 [FXGL Background Thread 3 ] DEBUG Engine               - fontUI: VarelaRound-Regular.ttf
00:30:33.829 [FXGL Background Thread 3 ] DEBUG Engine               - fullScreen: BooleanProperty [value: false]
00:30:33.829 [FXGL Background Thread 3 ] DEBUG Engine               - gameDifficulty: MEDIUM
00:30:33.829 [FXGL Background Thread 3 ] DEBUG Engine               - gameDifficultyProperty: ObjectProperty [value: MEDIUM]
00:30:33.829 [FXGL Background Thread 3 ] DEBUG Engine               - globalMusicVolume: 0.5
00:30:33.829 [FXGL Background Thread 3 ] DEBUG Engine               - globalMusicVolumeProperty: DoubleProperty [value: 0.1]
00:30:33.829 [FXGL Background Thread 3 ] DEBUG Engine               - globalSoundVolume: 0.5
00:30:33.829 [FXGL Background Thread 3 ] DEBUG Engine               - globalSoundVolumeProperty: DoubleProperty [value: 0.5]
00:30:33.829 [FXGL Background Thread 3 ] DEBUG Engine               - height: 800
00:30:33.829 [FXGL Background Thread 3 ] DEBUG Engine               - is3D: false
00:30:33.829 [FXGL Background Thread 3 ] DEBUG Engine               - isAndroid: false
00:30:33.829 [FXGL Background Thread 3 ] DEBUG Engine               - isBrowser: false
00:30:33.829 [FXGL Background Thread 3 ] DEBUG Engine               - isClickFeedbackEnabled: false
00:30:33.829 [FXGL Background Thread 3 ] DEBUG Engine               - isCloseConfirmation: false
00:30:33.829 [FXGL Background Thread 3 ] DEBUG Engine               - isDesktop: true
00:30:33.829 [FXGL Background Thread 3 ] DEBUG Engine               - isDeveloperMenuEnabled: false
00:30:33.829 [FXGL Background Thread 3 ] DEBUG Engine               - isEmbedded: false
00:30:33.831 [FXGL Background Thread 3 ] DEBUG Engine               - isEntityPreloadEnabled: true
00:30:33.831 [FXGL Background Thread 3 ] DEBUG Engine               - isExperimentalTiledLargeMap: false
00:30:33.831 [FXGL Background Thread 3 ] DEBUG Engine               - isFileSystemWriteAllowed: true
00:30:33.831 [FXGL Background Thread 3 ] DEBUG Engine               - isFullScreenAllowed: false
00:30:33.831 [FXGL Background Thread 3 ] DEBUG Engine               - isFullScreenFromStart: false
00:30:33.831 [FXGL Background Thread 3 ] DEBUG Engine               - isGameMenuEnabled: true
00:30:33.831 [FXGL Background Thread 3 ] DEBUG Engine               - isIOS: false
00:30:33.831 [FXGL Background Thread 3 ] DEBUG Engine               - isIntroEnabled: false
00:30:33.831 [FXGL Background Thread 3 ] DEBUG Engine               - isLinux: false
00:30:33.831 [FXGL Background Thread 3 ] DEBUG Engine               - isMac: false
00:30:33.831 [FXGL Background Thread 3 ] DEBUG Engine               - isMainMenuEnabled: true
00:30:33.831 [FXGL Background Thread 3 ] DEBUG Engine               - isManualResizeEnabled: false
00:30:33.831 [FXGL Background Thread 3 ] DEBUG Engine               - isMobile: false
00:30:33.831 [FXGL Background Thread 3 ] DEBUG Engine               - isNative: false
00:30:33.831 [FXGL Background Thread 3 ] DEBUG Engine               - isPauseMusicWhenMinimized: true
00:30:33.831 [FXGL Background Thread 3 ] DEBUG Engine               - isPreserveResizeRatio: false
00:30:33.831 [FXGL Background Thread 3 ] DEBUG Engine               - isProfilingEnabled: false
00:30:33.831 [FXGL Background Thread 3 ] DEBUG Engine               - isScaleAffectedOnResize: true
00:30:33.831 [FXGL Background Thread 3 ] DEBUG Engine               - isSingleStep: false
00:30:33.831 [FXGL Background Thread 3 ] DEBUG Engine               - isUserProfileEnabled: false
00:30:33.831 [FXGL Background Thread 3 ] DEBUG Engine               - isWindows: true
00:30:33.831 [FXGL Background Thread 3 ] DEBUG Engine               - language: ObjectProperty [value: ENGLISH]
00:30:33.831 [FXGL Background Thread 3 ] DEBUG Engine               - menuKey: ESCAPE
00:30:33.831 [FXGL Background Thread 3 ] DEBUG Engine               - mouseSensitivity: 0.2
00:30:33.831 [FXGL Background Thread 3 ] DEBUG Engine               - notificationViewClass: class com.almasb.fxgl.notification.view.XboxNotificationView
00:30:33.831 [FXGL Background Thread 3 ] DEBUG Engine               - pixelsPerMeter: 50.0
00:30:33.831 [FXGL Background Thread 3 ] DEBUG Engine               - platform: WINDOWS
00:30:33.831 [FXGL Background Thread 3 ] DEBUG Engine               - prefHeightProperty: ReadOnlyDoubleProperty [value: 800.0]
00:30:33.831 [FXGL Background Thread 3 ] DEBUG Engine               - prefWidthProperty: ReadOnlyDoubleProperty [value: 1024.0]
00:30:33.831 [FXGL Background Thread 3 ] DEBUG Engine               - profileDir: profiles/
00:30:33.831 [FXGL Background Thread 3 ] DEBUG Engine               - profileName: StringProperty [value: DEFAULT]
00:30:33.831 [FXGL Background Thread 3 ] DEBUG Engine               - randomSeed: -1
00:30:33.831 [FXGL Background Thread 3 ] DEBUG Engine               - runtimeInfo: RuntimeInfo(platform=WINDOWS, version=21, build=28.12.2023 13.35)
00:30:33.831 [FXGL Background Thread 3 ] DEBUG Engine               - saveFileExt: sav
00:30:33.831 [FXGL Background Thread 3 ] DEBUG Engine               - scaledHeightProp$fxgl: DoubleProperty [bound, value: 800.0]
00:30:33.831 [FXGL Background Thread 3 ] DEBUG Engine               - scaledWidthProp$fxgl: DoubleProperty [bound, value: 1024.0]
00:30:33.831 [FXGL Background Thread 3 ] DEBUG Engine               - sceneFactory: org.example.pokemon.map.GameApp$1@2ebbd972
00:30:33.831 [FXGL Background Thread 3 ] DEBUG Engine               - secondsIn24h: 60
00:30:33.831 [FXGL Background Thread 3 ] DEBUG Engine               - soundMenuBack: menu/back.wav
00:30:33.831 [FXGL Background Thread 3 ] DEBUG Engine               - soundMenuPress: menu/press.wav
00:30:33.831 [FXGL Background Thread 3 ] DEBUG Engine               - soundMenuSelect: menu/select.wav
00:30:33.831 [FXGL Background Thread 3 ] DEBUG Engine               - soundNotification: core/notification.wav
00:30:33.831 [FXGL Background Thread 3 ] DEBUG Engine               - stageStyle: DECORATED
00:30:33.831 [FXGL Background Thread 3 ] DEBUG Engine               - supportedLanguages: [ENGLISH, FRENCH, GERMAN, HUNGARIAN, RUSSIAN]
00:30:33.831 [FXGL Background Thread 3 ] DEBUG Engine               - ticksPerSecond: -1
00:30:33.831 [FXGL Background Thread 3 ] DEBUG Engine               - title: Pokemon
00:30:33.831 [FXGL Background Thread 3 ] DEBUG Engine               - urlGithub: https://github.com/AlmasB/FXGL
00:30:33.831 [FXGL Background Thread 3 ] DEBUG Engine               - urlLeaderboard: http://fxgl-top.herokuapp.com/
00:30:33.831 [FXGL Background Thread 3 ] DEBUG Engine               - urlPOM: https://raw.githubusercontent.com/AlmasB/FXGL/release/README.md
00:30:33.831 [FXGL Background Thread 3 ] DEBUG Engine               - userAppClass: class org.example.pokemon.map.GameApp
00:30:33.831 [FXGL Background Thread 3 ] DEBUG Engine               - version: 0.1
00:30:33.831 [FXGL Background Thread 3 ] DEBUG Engine               - versionCheckDays: 7
00:30:33.831 [FXGL Background Thread 3 ] DEBUG Engine               - width: 1024
00:30:33.831 [FXGL Background Thread 3 ] DEBUG Engine               - Logging services
00:30:33.831 [FXGL Background Thread 3 ] DEBUG Engine               - class com.almasb.fxgl.app.services.FXGLAssetLoaderService
00:30:33.831 [FXGL Background Thread 3 ] DEBUG Engine               - class com.almasb.fxgl.app.FXGLApplication$GameApplicationService
00:30:33.831 [FXGL Background Thread 3 ] DEBUG Engine               - class com.almasb.fxgl.app.services.FXGLDialogService
00:30:33.831 [FXGL Background Thread 3 ] DEBUG Engine               - class com.almasb.fxgl.app.services.IOTaskExecutorService
00:30:33.831 [FXGL Background Thread 3 ] DEBUG Engine               - class com.almasb.fxgl.io.FileSystemService
00:30:33.831 [FXGL Background Thread 3 ] DEBUG Engine               - class com.almasb.fxgl.localization.LocalizationService
00:30:33.831 [FXGL Background Thread 3 ] DEBUG Engine               - class com.almasb.fxgl.app.services.SystemBundleService
00:30:33.831 [FXGL Background Thread 3 ] DEBUG Engine               - class com.almasb.fxgl.profile.SaveLoadService
00:30:33.831 [FXGL Background Thread 3 ] DEBUG Engine               - class com.almasb.fxgl.ui.FXGLUIFactoryServiceProvider
00:30:33.831 [FXGL Background Thread 3 ] DEBUG Engine               - class com.almasb.fxgl.ui.FXGLDialogFactoryServiceProvider
00:30:33.831 [FXGL Background Thread 3 ] DEBUG Engine               - class com.almasb.fxgl.audio.AudioPlayer
00:30:33.831 [FXGL Background Thread 3 ] DEBUG Engine               - class com.almasb.fxgl.notification.impl.NotificationServiceProvider
00:30:33.831 [FXGL Background Thread 3 ] DEBUG Engine               - class com.almasb.fxgl.achievement.AchievementService
00:30:33.831 [FXGL Background Thread 3 ] DEBUG Engine               - class com.almasb.fxgl.cutscene.CutsceneService
00:30:33.831 [FXGL Background Thread 3 ] DEBUG Engine               - class com.almasb.fxgl.minigames.MiniGameService
00:30:33.831 [FXGL Background Thread 3 ] DEBUG Engine               - class com.almasb.fxgl.net.NetService
00:30:33.831 [FXGL Background Thread 3 ] DEBUG Engine               - class com.almasb.fxgl.app.services.UpdaterService
00:30:33.831 [FXGL Background Thread 3 ] DEBUG Engine               - class com.almasb.fxgl.dev.DevService
00:30:34.771 [FXGL Background Thread 2 ] INFO  UpdaterService       - Your current version:  21
00:30:34.771 [FXGL Background Thread 2 ] INFO  UpdaterService       - Latest stable version: 21.1
00:30:35.971 [JavaFX Application Thread] DEBUG GameApplicationServi - Starting new game
00:30:35.971 [JavaFX Application Thread] DEBUG PrimaryStageWindow   - Pop state: TestMainMenu
00:30:35.971 [JavaFX Application Thread] DEBUG Input                - Clearing active input actions
00:30:35.972 [JavaFX Application Thread] DEBUG GameApplicationServi - Removing overlay from TestMainMenu and adding to FXGLMainMenuDummyScene
00:30:35.972 [JavaFX Application Thread] DEBUG PrimaryStageWindow   - FXGLMainMenuDummyScene <- TestMainMenu
00:30:35.972 [JavaFX Application Thread] DEBUG Input                - Clearing active input actions
00:30:35.975 [JavaFX Application Thread] DEBUG GameApplicationServi - Removing overlay from FXGLMainMenuDummyScene and adding to FXGLLoadingScene
00:30:35.975 [JavaFX Application Thread] DEBUG PrimaryStageWindow   - FXGLMainMenuDummyScene -> FXGLLoadingScene
00:30:35.975 [JavaFX Application Thread] DEBUG GameApplicationServi - Clearing previous game
00:30:35.975 [JavaFX Application Thread] DEBUG GameScene            - Clearing game scene
00:30:35.975 [JavaFX Application Thread] DEBUG GameWorld            - Clearing game world
00:30:35.975 [JavaFX Application Thread] DEBUG PhysicsWorld         - Clearing physics world
00:30:35.977 [FXGL Background Thread 2 ] DEBUG FXGLApplication      - Initializing game
00:30:35.987 [FXGL Background Thread 2 ] WARN  TMXLevelLoader       - TiledMap generated from 1.8.4. Supported version: 1.9.0. Some features may not be parsed fully.
00:30:36.003 [FXGL Background Thread 2 ] DEBUG TMXLevelLoader       - Parsed TiledMap: file:/C:/Users/19871/Desktop/Pokemon/target/classes/assets/levels/level1.tmx
00:30:36.004 [FXGL Background Thread 2 ] DEBUG TMXLevelLoader       - Creating tile layer entities
00:30:36.008 [FXGL Background Thread 2 ] DEBUG TilesetLoader        - Loading view for layer 图块层 1
00:30:36.011 [FXGL Background Thread 2 ] DEBUG TilesetLoader        - Created buffer with size 1024.0x800.0
00:30:36.022 [FXGL Background Thread 2 ] DEBUG TMXLevelLoader       - Creating object layer entities
00:30:36.081 [FXGL Background Thread 2 ] DEBUG FXGLAssetLoaderServi - Loading from file system: file:/C:/Users/19871/Desktop/Pokemon/target/classes/assets/textures/flower.png
00:30:36.103 [FXGL Background Thread 2 ] DEBUG GameWorld            - Clearing removable entities
00:30:36.104 [FXGL Background Thread 2 ] DEBUG GameWorld            - Setting level: com.almasb.fxgl.entity.level.Level@43118f66
00:30:36.117 [FXGL Background Thread 2 ] DEBUG FXGLAssetLoaderServi - Loading from file system: file:/C:/Users/19871/Desktop/Pokemon/target/classes/assets/textures/buLunDan2.png
00:30:36.122 [FXGL Background Thread 2 ] DEBUG FXGLAssetLoaderServi - Loading from file system: file:/C:/Users/19871/Desktop/Pokemon/target/classes/assets/textures/RacketTeam.png
00:30:36.124 [FXGL Background Thread 2 ] INFO  FXGLApplication      - Game initialization took: 0.147 sec
00:30:36.125 [JavaFX Application Thread] DEBUG Input                - Clearing active input actions
00:30:36.130 [JavaFX Application Thread] DEBUG GameApplicationServi - Removing overlay from FXGLLoadingScene and adding to GameScene
00:30:36.131 [JavaFX Application Thread] DEBUG PrimaryStageWindow   - FXGLLoadingScene -> GameScene
00:30:39.447 [JavaFX Application Thread] DEBUG FXGLAssetLoaderServi - Loading from file system: file:/C:/Users/19871/Desktop/Pokemon/target/classes/assets/textures/hint.png
00:30:40.273 [JavaFX Application Thread] WARN  TMXLevelLoader       - TiledMap generated from 1.8.4. Supported version: 1.9.0. Some features may not be parsed fully.
00:30:40.275 [JavaFX Application Thread] DEBUG TMXLevelLoader       - Parsed TiledMap: file:/C:/Users/19871/Desktop/Pokemon/target/classes/assets/levels/level3.tmx
00:30:40.275 [JavaFX Application Thread] DEBUG TMXLevelLoader       - Creating tile layer entities
00:30:40.276 [JavaFX Application Thread] DEBUG TilesetLoader        - Loading view for layer 图块层 1
00:30:40.277 [JavaFX Application Thread] DEBUG TilesetLoader        - Created buffer with size 1024.0x800.0
00:30:40.281 [JavaFX Application Thread] DEBUG TMXLevelLoader       - Creating object layer entities
00:30:40.292 [JavaFX Application Thread] DEBUG GameWorld            - Clearing removable entities
00:30:40.301 [JavaFX Application Thread] DEBUG GameWorld            - Setting level: com.almasb.fxgl.entity.level.Level@723a1377
00:30:40.306 [JavaFX Application Thread] DEBUG FXGLAssetLoaderServi - Loading from file system: file:/C:/Users/19871/Desktop/Pokemon/target/classes/assets/textures/Nurse2.png
00:30:40.308 [JavaFX Application Thread] DEBUG FXGLAssetLoaderServi - Loading from file system: file:/C:/Users/19871/Desktop/Pokemon/target/classes/assets/textures/Nurse_stand.png
00:30:43.631 [JavaFX Application Thread] DEBUG PrimaryStageWindow   - Push state: DialogSubScene
00:30:43.631 [JavaFX Application Thread] DEBUG Input                - Clearing active input actions
00:30:43.632 [JavaFX Application Thread] DEBUG GameApplicationServi - Removing overlay from GameScene and adding to DialogSubScene
00:30:43.632 [JavaFX Application Thread] DEBUG PrimaryStageWindow   - GameScene -> DialogSubScene
00:30:47.356 [JavaFX Application Thread] DEBUG PrimaryStageWindow   - Pop state: DialogSubScene
00:30:47.356 [JavaFX Application Thread] DEBUG Input                - Clearing active input actions
00:30:47.356 [JavaFX Application Thread] DEBUG GameApplicationServi - Removing overlay from DialogSubScene and adding to GameScene
00:30:47.356 [JavaFX Application Thread] DEBUG PrimaryStageWindow   - GameScene <- DialogSubScene
00:30:55.752 [JavaFX Application Thread] DEBUG PrimaryStageWindow   - Push state: DialogSubScene
00:30:55.752 [JavaFX Application Thread] DEBUG Input                - Clearing active input actions
00:30:55.752 [JavaFX Application Thread] DEBUG GameApplicationServi - Removing overlay from GameScene and adding to DialogSubScene
00:30:55.752 [JavaFX Application Thread] DEBUG PrimaryStageWindow   - GameScene -> DialogSubScene
00:30:56.716 [JavaFX Application Thread] DEBUG PrimaryStageWindow   - Pop state: DialogSubScene
00:30:56.716 [JavaFX Application Thread] DEBUG Input                - Clearing active input actions
00:30:56.717 [JavaFX Application Thread] DEBUG GameApplicationServi - Removing overlay from DialogSubScene and adding to GameScene
00:30:56.717 [JavaFX Application Thread] DEBUG PrimaryStageWindow   - GameScene <- DialogSubScene
00:31:00.589 [JavaFX Application Thread] WARN  TMXLevelLoader       - TiledMap generated from 1.8.4. Supported version: 1.9.0. Some features may not be parsed fully.
00:31:00.592 [JavaFX Application Thread] DEBUG TMXLevelLoader       - Parsed TiledMap: file:/C:/Users/19871/Desktop/Pokemon/target/classes/assets/levels/level1.tmx
00:31:00.592 [JavaFX Application Thread] DEBUG TMXLevelLoader       - Creating tile layer entities
00:31:00.592 [JavaFX Application Thread] DEBUG TilesetLoader        - Loading view for layer 图块层 1
00:31:00.593 [JavaFX Application Thread] DEBUG TilesetLoader        - Created buffer with size 1024.0x800.0
00:31:00.597 [JavaFX Application Thread] DEBUG TMXLevelLoader       - Creating object layer entities
00:31:00.610 [JavaFX Application Thread] DEBUG GameWorld            - Clearing removable entities
00:31:00.614 [JavaFX Application Thread] DEBUG GameWorld            - Setting level: com.almasb.fxgl.entity.level.Level@3c426bae
00:31:03.534 [JavaFX Application Thread] DEBUG FXGLAssetLoaderServi - Loading from file system: file:/C:/Users/19871/Desktop/Pokemon/target/classes/assets/textures/hint2.png
00:31:04.158 [JavaFX Application Thread] WARN  TMXLevelLoader       - TiledMap generated from 1.8.4. Supported version: 1.9.0. Some features may not be parsed fully.
00:31:04.161 [JavaFX Application Thread] DEBUG TMXLevelLoader       - Parsed TiledMap: file:/C:/Users/19871/Desktop/Pokemon/target/classes/assets/levels/level2.tmx
00:31:04.161 [JavaFX Application Thread] DEBUG TMXLevelLoader       - Creating tile layer entities
00:31:04.161 [JavaFX Application Thread] DEBUG TilesetLoader        - Loading view for layer 图块层 1
00:31:04.161 [JavaFX Application Thread] DEBUG TilesetLoader        - Created buffer with size 1024.0x800.0
00:31:04.164 [JavaFX Application Thread] DEBUG TMXLevelLoader       - Creating object layer entities
00:31:04.164 [JavaFX Application Thread] DEBUG FXGLAssetLoaderServi - Loading from file system: file:/C:/Users/19871/Desktop/Pokemon/target/classes/assets/textures/ocean.png
00:31:04.221 [JavaFX Application Thread] DEBUG FXGLAssetLoaderServi - Loading from file system: file:/C:/Users/19871/Desktop/Pokemon/target/classes/assets/textures/sandTree2.png
00:31:04.222 [JavaFX Application Thread] DEBUG GameWorld            - Clearing removable entities
00:31:04.230 [JavaFX Application Thread] DEBUG GameWorld            - Setting level: com.almasb.fxgl.entity.level.Level@7f9830a9
00:31:08.624 [JavaFX Application Thread] DEBUG PrimaryStageWindow   - Push state: DialogSubScene
00:31:08.624 [JavaFX Application Thread] DEBUG Input                - Clearing active input actions
00:31:08.624 [JavaFX Application Thread] DEBUG GameApplicationServi - Removing overlay from GameScene and adding to DialogSubScene
00:31:08.625 [JavaFX Application Thread] DEBUG PrimaryStageWindow   - GameScene -> DialogSubScene
00:31:10.244 [JavaFX Application Thread] DEBUG PrimaryStageWindow   - Pop state: DialogSubScene
00:31:10.244 [JavaFX Application Thread] DEBUG Input                - Clearing active input actions
00:31:10.244 [JavaFX Application Thread] DEBUG GameApplicationServi - Removing overlay from DialogSubScene and adding to GameScene
00:31:10.244 [JavaFX Application Thread] DEBUG PrimaryStageWindow   - GameScene <- DialogSubScene
00:31:17.968 [JavaFX Application Thread] DEBUG FXGLApplication      - Exiting FXGL
00:31:17.968 [JavaFX Application Thread] DEBUG LoopRunner           - Stopping loop
00:31:17.968 [JavaFX Application Thread] DEBUG SystemBundleService  - Saving FXGL system data
00:31:17.970 [JavaFX Application Thread] DEBUG FileSystemAccess     - Writing to: C:\Users\19871\Desktop\Pokemon\system\fxgl.bundle
00:31:17.971 [JavaFX Application Thread] DEBUG Async                - Shutting down background threads
00:31:17.971 [JavaFX Application Thread] DEBUG PrimaryStageWindow   - Closing main window
00:31:17.983 [JavaFX Application Thread] DEBUG Logger               - Closing Logger
