13:21:12.506 [main                     ] DEBUG Logger               - Configured Logger
13:21:12.536 [main                     ] DEBUG GameApplication      - Logging settings
Title: Pokemon
Version: 0.1
Width: 1152
Height: 800
Fullscreen: false
Intro: false
Profiling: false
Single step:false
App Mode: DEVELOPER
Menu Key: ESCAPE
Stage Style: DECORATED
Scene Factory: class com.almasb.fxgl.app.scene.SceneFactory

13:21:12.815 [JavaFX Application Thread] DEBUG FXGLApplication      - Initializing FXGL
13:21:12.819 [JavaFX Application Thread] INFO  Engine               - FXGL-21 (28.12.2023 13.35) on WINDOWS (J:21.0.4 FX:21)
13:21:12.820 [JavaFX Application Thread] DEBUG Engine               - JRE Vendor Name: Oracle Corporation
13:21:12.820 [JavaFX Application Thread] DEBUG Engine               - Running on OS: Windows 11 version 10.0
13:21:12.820 [JavaFX Application Thread] DEBUG Engine               - Architecture: amd64
13:21:12.820 [JavaFX Application Thread] INFO  Engine               - Source code and latest versions at: https://github.com/AlmasB/FXGL
13:21:12.821 [JavaFX Application Thread] INFO  Engine               -       Ask questions and discuss at: https://github.com/AlmasB/FXGL/discussions
13:21:12.821 [JavaFX Application Thread] INFO  Engine               -              Join the FXGL chat at: https://gitter.im/AlmasB/FXGL
13:21:12.877 [JavaFX Application Thread] DEBUG PrimaryStageWindow   - Creating a JavaFX scene
13:21:12.909 [JavaFX Application Thread] DEBUG PrimaryStageWindow   - Target settings size: 1152.0 x 800.0
13:21:12.909 [JavaFX Application Thread] DEBUG PrimaryStageWindow   - Scaled scene size:    1152.0 x 800.0
13:21:12.909 [JavaFX Application Thread] DEBUG PrimaryStageWindow   - Scaled ratio: (1.0, 1.0)
13:21:12.909 [JavaFX Application Thread] DEBUG PrimaryStageWindow   - Set initial scene to FXGLStartupScene
13:21:12.911 [JavaFX Application Thread] DEBUG PrimaryStageWindow   - Opening main window
13:21:12.983 [JavaFX Application Thread] DEBUG PrimaryStageWindow   - Window border size: (14.6666259765625, 37.33331298828125)
13:21:12.984 [JavaFX Application Thread] DEBUG PrimaryStageWindow   - Scaled size: 1152.0 x 800.0
13:21:12.984 [JavaFX Application Thread] DEBUG PrimaryStageWindow   - Scaled ratio: (1.0, 1.0)
13:21:12.984 [JavaFX Application Thread] DEBUG PrimaryStageWindow   - Scene size: 1152.0 x 800.0
13:21:12.984 [JavaFX Application Thread] DEBUG PrimaryStageWindow   - Stage size: 1166.6666259765625 x 837.3333129882812
13:21:12.990 [FXGL Background Thread 1 ] DEBUG Engine               - Initializing environment variables
13:21:13.029 [FXGL Background Thread 1 ] DEBUG FXGLAssetLoaderServi - User app class for loading assets: class org.example.pokemon.map.GameApp
13:21:13.029 [FXGL Background Thread 1 ] DEBUG GameApplicationServi - Applying CSS: fxgl_dark.css
13:21:13.030 [FXGL Background Thread 1 ] DEBUG FXGLAssetLoaderServi - Loading from file system: jar:file:///C:/Java%20Lib/apache-maven-3.8.8/repo/com/github/almasb/fxgl/21/fxgl-21.jar!/fxglassets/ui/css/fxgl_dark.css
13:21:13.075 [FXGL Background Thread 1 ] DEBUG GameApplicationServi - Initializing application scenes
13:21:13.163 [FXGL Background Thread 1 ] DEBUG GameWorld            - Game world initialized
13:21:13.202 [FXGL Background Thread 1 ] DEBUG PhysicsWorld         - Physics world initialized: appHeight=800, physics.ppm=50.0
13:21:13.203 [FXGL Background Thread 1 ] DEBUG PhysicsWorld         - Using strategy: BRUTE_FORCE
13:21:13.207 [FXGL Background Thread 1 ] DEBUG GameScene            - Game scene initialized: 1152x800
13:21:13.217 [FXGL Background Thread 1 ] DEBUG FXGL.DefaultMenu     - createMenuBodyGameMenu()
13:21:13.223 [FXGL Background Thread 1 ] DEBUG FXGL.DefaultMenu     - createOptionsMenu()
13:21:13.232 [FXGL Background Thread 1 ] DEBUG FXGLAssetLoaderServi - Loading from file system: jar:file:///C:/Java%20Lib/apache-maven-3.8.8/repo/com/github/almasb/fxgl/21/fxgl-21.jar!/fxglassets/textures/particles/smoke.png
13:21:13.346 [FXGL Background Thread 1 ] DEBUG FXGLAssetLoaderServi - Loading from file system: jar:file:///C:/Java%20Lib/apache-maven-3.8.8/repo/com/github/almasb/fxgl/21/fxgl-21.jar!/fxglassets/textures/particles/trace_horizontal.png
13:21:13.372 [FXGL Background Thread 1 ] DEBUG GameApplicationServi - Application scenes initialized
13:21:13.382 [FXGL Background Thread 1 ] DEBUG SystemBundleService  - Loading FXGL system data
13:21:13.387 [FXGL Background Thread 1 ] DEBUG FileSystemAccess     - Reading from: D:\Repo\Pokemon\system\fxgl.bundle
13:21:13.395 [FXGL Background Thread 1 ] DEBUG SystemBundleService  - Bundle FXGL: {}
13:21:13.395 [FXGL Background Thread 1 ] DEBUG UpdaterService       - Checking for updates
13:21:13.398 [FXGL Background Thread 4 ] DEBUG FXGLApplication      - Loading fonts
13:21:13.398 [FXGL Background Thread 1 ] DEBUG FXGLApplication      - Loading default localization
13:21:13.398 [FXGL Background Thread 4 ] DEBUG FXGLAssetLoaderServi - Loading from file system: jar:file:///C:/Java%20Lib/apache-maven-3.8.8/repo/com/github/almasb/fxgl/21/fxgl-21.jar!/fxglassets/ui/fonts/VarelaRound-Regular.ttf
13:21:13.398 [FXGL Background Thread 1 ] DEBUG FXGLAssetLoaderServi - Loading from file system: jar:file:///C:/Java%20Lib/apache-maven-3.8.8/repo/com/github/almasb/fxgl/21/fxgl-21.jar!/fxglassets/languages/english.lang
13:21:13.433 [FXGL Background Thread 4 ] DEBUG FXGLAssetLoaderServi - Loading from file system: jar:file:///C:/Java%20Lib/apache-maven-3.8.8/repo/com/github/almasb/fxgl/21/fxgl-21.jar!/fxglassets/ui/fonts/Abel-Regular.ttf
13:21:13.436 [FXGL Background Thread 4 ] DEBUG FXGLAssetLoaderServi - Loading from file system: jar:file:///C:/Java%20Lib/apache-maven-3.8.8/repo/com/github/almasb/fxgl/21/fxgl-21.jar!/fxglassets/ui/fonts/TerminalLandMono-Regular.otf
13:21:13.439 [FXGL Background Thread 4 ] DEBUG FXGLAssetLoaderServi - Loading from file system: jar:file:///C:/Java%20Lib/apache-maven-3.8.8/repo/com/github/almasb/fxgl/21/fxgl-21.jar!/fxglassets/ui/fonts/Courier-Prime.ttf
13:21:13.447 [JavaFX Application Thread] DEBUG FXGLApplication      - Registering font factories with UI factory
13:21:13.461 [FXGL Background Thread 1 ] INFO  FXGLApplication      - FXGL initialization took: 0.471 sec
13:21:13.473 [JavaFX Application Thread] DEBUG Input                - Registered new binding: action0 - W
13:21:13.473 [JavaFX Application Thread] DEBUG Input                - Registered new binding: action1 - A
13:21:13.474 [JavaFX Application Thread] DEBUG Input                - Registered new binding: action2 - S
13:21:13.474 [JavaFX Application Thread] DEBUG Input                - Registered new binding: action3 - D
13:21:13.475 [JavaFX Application Thread] DEBUG Input                - Registered new binding: action4 - Up
13:21:13.475 [JavaFX Application Thread] DEBUG Input                - Registered new binding: action5 - Left
13:21:13.476 [JavaFX Application Thread] DEBUG Input                - Registered new binding: action6 - Down
13:21:13.476 [JavaFX Application Thread] DEBUG Input                - Registered new binding: action7 - Right
13:21:13.478 [JavaFX Application Thread] WARN  FXGLAssetLoaderServi - Asset "/assets/music/BGM.mp3" was not found!
13:21:13.478 [JavaFX Application Thread] WARN  FXGLAssetLoaderServi - Failed to load MUSIC
13:21:13.481 [JavaFX Application Thread] DEBUG AudioPlayer          - Playing music com.almasb.fxgl.audio.Music@232a892
13:21:13.481 [JavaFX Application Thread] DEBUG FXGLAssetLoaderServi - Loading from file system: jar:file:///C:/Java%20Lib/apache-maven-3.8.8/repo/com/github/almasb/fxgl/21/fxgl-21.jar!/fxglassets/textures/fxgl_icon.png
13:21:13.500 [JavaFX Application Thread] DEBUG FXGLAssetLoaderServi - Loading from file system: jar:file:///C:/Java%20Lib/apache-maven-3.8.8/repo/com/github/almasb/fxgl/21/fxgl-21.jar!/fxglassets/textures/fxgl_default_cursor.png
13:21:13.505 [JavaFX Application Thread] DEBUG Input                - Registered new binding: Screenshot - CTRL+8
13:21:13.506 [JavaFX Application Thread] DEBUG Input                - Registered new binding: System info dump - CTRL+9
13:21:13.508 [JavaFX Application Thread] DEBUG Input                - Registered new binding: Restart - CTRL+R
13:21:13.509 [JavaFX Application Thread] DEBUG Input                - Registered new binding: Toggle Debug Camera - CTRL+7
13:21:13.515 [JavaFX Application Thread] DEBUG LoopRunner           - Starting loop
13:21:13.515 [JavaFX Application Thread] DEBUG LoopRunner           - Initializing JavaFX AnimationTimerLoop
13:21:13.517 [JavaFX Application Thread] DEBUG GameApplicationServi - Starting new game
13:21:13.518 [JavaFX Application Thread] DEBUG Input                - Clearing active input actions
13:21:13.532 [JavaFX Application Thread] DEBUG GameApplicationServi - Removing overlay from FXGLStartupScene and adding to FXGLLoadingScene
13:21:13.533 [JavaFX Application Thread] DEBUG PrimaryStageWindow   - FXGLStartupScene -> FXGLLoadingScene
13:21:13.533 [JavaFX Application Thread] DEBUG GameApplicationServi - Clearing previous game
13:21:13.533 [JavaFX Application Thread] DEBUG GameScene            - Clearing game scene
13:21:13.533 [JavaFX Application Thread] DEBUG GameWorld            - Clearing game world
13:21:13.533 [JavaFX Application Thread] DEBUG PhysicsWorld         - Clearing physics world
13:21:13.536 [FXGL Background Thread 1 ] DEBUG FXGLApplication      - Initializing game
13:21:13.563 [FXGL Background Thread 1 ] WARN  FXGLAssetLoaderServi - Asset "/assets/levels/level1.tmx" was not found!
13:21:13.615 [JavaFX Application Thread] DEBUG LoopRunner           - Stopping loop
13:21:13.618 [JavaFX Application Thread] FATAL FXGLApplication      - Uncaught Exception:
java.lang.RuntimeException: Initialization failed
	at com.almasb.fxgl.all@21/com.almasb.fxgl.app.FXGLApplication$InitAppTask.failed(FXGLApplication.kt:343)
	at javafx.graphics@21/javafx.concurrent.Task.setState(Task.java:710)
	at javafx.graphics@21/javafx.concurrent.Task$TaskCallable.lambda$call$2(Task.java:1429)
	at javafx.graphics@21/com.sun.javafx.application.PlatformImpl.lambda$runLater$10(PlatformImpl.java:456)
	at java.base/java.security.AccessController.doPrivileged(AccessController.java:400)
	at javafx.graphics@21/com.sun.javafx.application.PlatformImpl.lambda$runLater$11(PlatformImpl.java:455)
	at javafx.graphics@21/com.sun.glass.ui.InvokeLaterDispatcher$Future.run(InvokeLaterDispatcher.java:95)
	at javafx.graphics@21/com.sun.glass.ui.win.WinApplication._runLoop(Native Method)
	at javafx.graphics@21/com.sun.glass.ui.win.WinApplication.lambda$runLoop$3(WinApplication.java:185)
	at java.base/java.lang.Thread.run(Thread.java:1583)
Caused by: java.lang.IllegalArgumentException: Loading level failed. Asset not found: level1.tmx
	at com.almasb.fxgl.all@21/com.almasb.fxgl.app.services.FXGLAssetLoaderService.loadLevel(FXGLAssetLoaderService.kt:446)
	at com.almasb.fxgl.all@21/com.almasb.fxgl.dsl.FXGL$Companion.setLevelFromMap(FXGL.kt:643)
	at com.almasb.fxgl.all@21/com.almasb.fxgl.dsl.FXGL.setLevelFromMap(FXGL.kt)
	at org.example.pokemon/org.example.pokemon.map.GameApp.initGame(GameApp.java:36)
	at com.almasb.fxgl.all@21/com.almasb.fxgl.app.FXGLApplication$InitAppTask.initGame(FXGLApplication.kt:339)
	at com.almasb.fxgl.all@21/com.almasb.fxgl.app.FXGLApplication$InitAppTask.call(FXGLApplication.kt:319)
	at com.almasb.fxgl.all@21/com.almasb.fxgl.app.FXGLApplication$InitAppTask.call(FXGLApplication.kt:311)
	at javafx.graphics@21/javafx.concurrent.Task$TaskCallable.call(Task.java:1399)
	at java.base/java.util.concurrent.FutureTask.run(FutureTask.java:317)
	at java.base/java.util.concurrent.Executors$RunnableAdapter.call(Executors.java:572)
	at java.base/java.util.concurrent.FutureTask.run(FutureTask.java:317)
	at java.base/java.util.concurrent.ThreadPoolExecutor.runWorker(ThreadPoolExecutor.java:1144)
	at java.base/java.util.concurrent.ThreadPoolExecutor$Worker.run(ThreadPoolExecutor.java:642)
	... 1 more

13:21:13.619 [JavaFX Application Thread] FATAL FXGLApplication      - Application will now exit
13:21:13.646 [JavaFX Application Thread] DEBUG PrimaryStageWindow   - Push state: ErrorSubScene
13:21:13.647 [JavaFX Application Thread] DEBUG Input                - Clearing active input actions
13:21:13.659 [JavaFX Application Thread] DEBUG GameApplicationServi - Removing overlay from FXGLLoadingScene and adding to ErrorSubScene
13:21:13.659 [JavaFX Application Thread] DEBUG PrimaryStageWindow   - FXGLLoadingScene -> ErrorSubScene
13:21:14.745 [JavaFX Application Thread] DEBUG FXGLApplication      - Exiting FXGL
13:21:14.747 [JavaFX Application Thread] DEBUG Async                - Shutting down background threads
13:21:14.747 [JavaFX Application Thread] DEBUG PrimaryStageWindow   - Closing main window
13:21:14.759 [JavaFX Application Thread] DEBUG Logger               - Closing Logger
