12:04:16.858 [main                     ] DEBUG Logger               - Configured Logger
12:04:16.882 [main                     ] DEBUG GameApplication      - Logging settings
Title: Pokemon
Version: 0.1
Width: 1024
Height: 800
Fullscreen: false
Intro: false
Profiling: false
Single step:false
App Mode: DEVELOPER
Menu Key: ESCAPE
Stage Style: DECORATED
Scene Factory: class org.example.pokemon.map.GameApp$1

12:04:17.123 [JavaFX Application Thread] DEBUG FXGLApplication      - Initializing FXGL
12:04:17.126 [JavaFX Application Thread] INFO  Engine               - FXGL-21 (28.12.2023 13.35) on WINDOWS (J:21.0.4 FX:21)
12:04:17.126 [JavaFX Application Thread] DEBUG Engine               - JRE Vendor Name: Oracle Corporation
12:04:17.127 [JavaFX Application Thread] DEBUG Engine               - Running on OS: Windows 11 version 10.0
12:04:17.127 [JavaFX Application Thread] DEBUG Engine               - Architecture: amd64
12:04:17.127 [JavaFX Application Thread] INFO  Engine               - Source code and latest versions at: https://github.com/AlmasB/FXGL
12:04:17.127 [JavaFX Application Thread] INFO  Engine               -       Ask questions and discuss at: https://github.com/AlmasB/FXGL/discussions
12:04:17.127 [JavaFX Application Thread] INFO  Engine               -              Join the FXGL chat at: https://gitter.im/AlmasB/FXGL
12:04:17.185 [JavaFX Application Thread] DEBUG PrimaryStageWindow   - Creating a JavaFX scene
12:04:17.210 [JavaFX Application Thread] DEBUG PrimaryStageWindow   - Target settings size: 1024.0 x 800.0
12:04:17.211 [JavaFX Application Thread] DEBUG PrimaryStageWindow   - Scaled scene size:    1024.0 x 800.0
12:04:17.211 [JavaFX Application Thread] DEBUG PrimaryStageWindow   - Scaled ratio: (1.0, 1.0)
12:04:17.212 [JavaFX Application Thread] DEBUG PrimaryStageWindow   - Set initial scene to FXGLStartupScene
12:04:17.213 [JavaFX Application Thread] DEBUG PrimaryStageWindow   - Opening main window
12:04:17.278 [JavaFX Application Thread] DEBUG PrimaryStageWindow   - Window border size: (14.6666259765625, 37.33331298828125)
12:04:17.278 [JavaFX Application Thread] DEBUG PrimaryStageWindow   - Scaled size: 1024.0 x 800.0
12:04:17.278 [JavaFX Application Thread] DEBUG PrimaryStageWindow   - Scaled ratio: (1.0, 1.0)
12:04:17.278 [JavaFX Application Thread] DEBUG PrimaryStageWindow   - Scene size: 1024.0 x 800.0
12:04:17.279 [JavaFX Application Thread] DEBUG PrimaryStageWindow   - Stage size: 1038.6666259765625 x 837.3333129882812
12:04:17.282 [FXGL Background Thread 1 ] DEBUG Engine               - Initializing environment variables
12:04:17.319 [FXGL Background Thread 1 ] DEBUG FXGLAssetLoaderServi - User app class for loading assets: class org.example.pokemon.map.GameApp
12:04:17.320 [FXGL Background Thread 1 ] DEBUG GameApplicationServi - Applying CSS: fxgl_dark.css
12:04:17.321 [FXGL Background Thread 1 ] DEBUG FXGLAssetLoaderServi - Loading from file system: jar:file:///C:/Java%20Lib/apache-maven-3.8.8/repo/com/github/almasb/fxgl/21/fxgl-21.jar!/fxglassets/ui/css/fxgl_dark.css
12:04:17.365 [FXGL Background Thread 1 ] DEBUG GameApplicationServi - Initializing application scenes
12:04:17.437 [FXGL Background Thread 1 ] DEBUG GameWorld            - Game world initialized
12:04:17.476 [FXGL Background Thread 1 ] DEBUG PhysicsWorld         - Physics world initialized: appHeight=800, physics.ppm=50.0
12:04:17.476 [FXGL Background Thread 1 ] DEBUG PhysicsWorld         - Using strategy: BRUTE_FORCE
12:04:17.480 [FXGL Background Thread 1 ] DEBUG GameScene            - Game scene initialized: 1024x800
12:04:17.631 [FXGL Background Thread 1 ] DEBUG FXGL.DefaultMenu     - createMenuBodyGameMenu()
12:04:17.636 [FXGL Background Thread 1 ] DEBUG FXGL.DefaultMenu     - createOptionsMenu()
12:04:17.642 [FXGL Background Thread 1 ] DEBUG FXGLAssetLoaderServi - Loading from file system: jar:file:///C:/Java%20Lib/apache-maven-3.8.8/repo/com/github/almasb/fxgl/21/fxgl-21.jar!/fxglassets/textures/particles/smoke.png
12:04:17.740 [FXGL Background Thread 1 ] DEBUG FXGLAssetLoaderServi - Loading from file system: jar:file:///C:/Java%20Lib/apache-maven-3.8.8/repo/com/github/almasb/fxgl/21/fxgl-21.jar!/fxglassets/textures/particles/trace_horizontal.png
12:04:17.765 [FXGL Background Thread 1 ] DEBUG GameApplicationServi - Application scenes initialized
12:04:17.772 [FXGL Background Thread 1 ] DEBUG SystemBundleService  - Loading FXGL system data
12:04:17.775 [FXGL Background Thread 1 ] DEBUG FileSystemAccess     - Reading from: D:\Repo\Pokemon\system\fxgl.bundle
12:04:17.780 [FXGL Background Thread 1 ] DEBUG SystemBundleService  - Bundle FXGL: {}
12:04:17.780 [FXGL Background Thread 1 ] DEBUG UpdaterService       - Checking for updates
12:04:17.784 [FXGL Background Thread 4 ] DEBUG FXGLApplication      - Loading fonts
12:04:17.784 [FXGL Background Thread 4 ] DEBUG FXGLAssetLoaderServi - Loading from file system: jar:file:///C:/Java%20Lib/apache-maven-3.8.8/repo/com/github/almasb/fxgl/21/fxgl-21.jar!/fxglassets/ui/fonts/VarelaRound-Regular.ttf
12:04:17.785 [FXGL Background Thread 1 ] DEBUG FXGLApplication      - Loading default localization
12:04:17.785 [FXGL Background Thread 1 ] DEBUG FXGLAssetLoaderServi - Loading from file system: jar:file:///C:/Java%20Lib/apache-maven-3.8.8/repo/com/github/almasb/fxgl/21/fxgl-21.jar!/fxglassets/languages/english.lang
12:04:17.817 [FXGL Background Thread 4 ] DEBUG FXGLAssetLoaderServi - Loading from file system: jar:file:///C:/Java%20Lib/apache-maven-3.8.8/repo/com/github/almasb/fxgl/21/fxgl-21.jar!/fxglassets/ui/fonts/Abel-Regular.ttf
12:04:17.820 [FXGL Background Thread 4 ] DEBUG FXGLAssetLoaderServi - Loading from file system: jar:file:///C:/Java%20Lib/apache-maven-3.8.8/repo/com/github/almasb/fxgl/21/fxgl-21.jar!/fxglassets/ui/fonts/TerminalLandMono-Regular.otf
12:04:17.823 [FXGL Background Thread 4 ] DEBUG FXGLAssetLoaderServi - Loading from file system: jar:file:///C:/Java%20Lib/apache-maven-3.8.8/repo/com/github/almasb/fxgl/21/fxgl-21.jar!/fxglassets/ui/fonts/Courier-Prime.ttf
12:04:17.831 [JavaFX Application Thread] DEBUG FXGLApplication      - Registering font factories with UI factory
12:04:17.861 [FXGL Background Thread 1 ] INFO  FXGLApplication      - FXGL initialization took: 0.579 sec
12:04:17.886 [JavaFX Application Thread] DEBUG Input                - Registered new binding: action0 - W
12:04:17.887 [JavaFX Application Thread] DEBUG Input                - Registered new binding: action1 - A
12:04:17.889 [JavaFX Application Thread] DEBUG Input                - Registered new binding: action2 - S
12:04:17.889 [JavaFX Application Thread] DEBUG Input                - Registered new binding: action3 - D
12:04:17.890 [JavaFX Application Thread] DEBUG Input                - Registered new binding: action4 - Up
12:04:17.890 [JavaFX Application Thread] DEBUG Input                - Registered new binding: action5 - Left
12:04:17.890 [JavaFX Application Thread] DEBUG Input                - Registered new binding: action6 - Down
12:04:17.890 [JavaFX Application Thread] DEBUG Input                - Registered new binding: action7 - Right
12:04:17.892 [JavaFX Application Thread] DEBUG Input                - Registered new binding: action8 - J
12:04:17.892 [JavaFX Application Thread] DEBUG FXGLAssetLoaderServi - Loading from file system: file:/D:/Repo/Pokemon/target/classes/assets/music/BGM.mp3
12:04:17.999 [JavaFX Application Thread] DEBUG AudioPlayer          - Playing music com.almasb.fxgl.audio.Music@6eaf0e87
12:04:18.000 [JavaFX Application Thread] DEBUG FXGLAssetLoaderServi - Loading from file system: file:/D:/Repo/Pokemon/target/classes/assets/textures/icon.png
12:04:18.015 [JavaFX Application Thread] DEBUG FXGLAssetLoaderServi - Loading from file system: jar:file:///C:/Java%20Lib/apache-maven-3.8.8/repo/com/github/almasb/fxgl/21/fxgl-21.jar!/fxglassets/textures/fxgl_default_cursor.png
12:04:18.017 [JavaFX Application Thread] DEBUG Input                - Registered new binding: Screenshot - CTRL+8
12:04:18.017 [JavaFX Application Thread] DEBUG Input                - Registered new binding: System info dump - CTRL+9
12:04:18.017 [JavaFX Application Thread] DEBUG Input                - Registered new binding: Restart - CTRL+R
12:04:18.020 [JavaFX Application Thread] DEBUG Input                - Registered new binding: Toggle Debug Camera - CTRL+7
12:04:18.024 [JavaFX Application Thread] DEBUG LoopRunner           - Starting loop
12:04:18.024 [JavaFX Application Thread] DEBUG LoopRunner           - Initializing JavaFX AnimationTimerLoop
12:04:18.026 [JavaFX Application Thread] DEBUG Input                - Clearing active input actions
12:04:18.033 [JavaFX Application Thread] DEBUG GameApplicationServi - Removing overlay from FXGLStartupScene and adding to FXGLMainMenuDummyScene
12:04:18.033 [JavaFX Application Thread] DEBUG PrimaryStageWindow   - FXGLStartupScene -> FXGLMainMenuDummyScene
12:04:18.033 [JavaFX Application Thread] DEBUG PrimaryStageWindow   - Push state: TestMainMenu
12:04:18.035 [JavaFX Application Thread] DEBUG Input                - Clearing active input actions
12:04:18.047 [JavaFX Application Thread] DEBUG GameApplicationServi - Removing overlay from FXGLMainMenuDummyScene and adding to TestMainMenu
12:04:18.048 [JavaFX Application Thread] DEBUG PrimaryStageWindow   - FXGLMainMenuDummyScene -> TestMainMenu
12:04:19.762 [FXGL Background Thread 2 ] INFO  UpdaterService       - Your current version:  21
12:04:19.762 [FXGL Background Thread 2 ] INFO  UpdaterService       - Latest stable version: 21.1
12:04:20.784 [FXGL Background Thread 3 ] DEBUG Engine               - Logging environment variables
12:04:20.784 [FXGL Background Thread 3 ] DEBUG Engine               - achievements: []
12:04:20.784 [FXGL Background Thread 3 ] DEBUG Engine               - actualHeight: 800.0
12:04:20.784 [FXGL Background Thread 3 ] DEBUG Engine               - actualHeightProperty: ReadOnlyDoubleProperty [value: 800.0]
12:04:20.784 [FXGL Background Thread 3 ] DEBUG Engine               - actualWidth: 1024.0
12:04:20.785 [FXGL Background Thread 3 ] DEBUG Engine               - actualWidthProperty: ReadOnlyDoubleProperty [value: 1024.0]
12:04:20.785 [FXGL Background Thread 3 ] DEBUG Engine               - appIcon: icon.png
12:04:20.785 [FXGL Background Thread 3 ] DEBUG Engine               - applicationMode: DEVELOPER
12:04:20.785 [FXGL Background Thread 3 ] DEBUG Engine               - cSSList: [fxgl_dark.css]
12:04:20.785 [FXGL Background Thread 3 ] DEBUG Engine               - collisionDetectionStrategy: BRUTE_FORCE
12:04:20.785 [FXGL Background Thread 3 ] DEBUG Engine               - configClass: Optional.empty
12:04:20.785 [FXGL Background Thread 3 ] DEBUG Engine               - credits: []
12:04:20.785 [FXGL Background Thread 3 ] DEBUG Engine               - defaultCursor: CursorInfo(imageName=fxgl_default_cursor.png, hotspotX=7.0, hotspotY=6.0)
12:04:20.785 [FXGL Background Thread 3 ] DEBUG Engine               - devBBoxColorProperty: ObjectProperty [value: 0xff0000ff]
12:04:20.785 [FXGL Background Thread 3 ] DEBUG Engine               - devEnableDebugCameraProperty: BooleanProperty [value: false]
12:04:20.785 [FXGL Background Thread 3 ] DEBUG Engine               - devSensorColorProperty: ObjectProperty [value: 0xffff00ff]
12:04:20.785 [FXGL Background Thread 3 ] DEBUG Engine               - devShowBBoxProperty: BooleanProperty [value: false]
12:04:20.785 [FXGL Background Thread 3 ] DEBUG Engine               - devShowPositionProperty: BooleanProperty [value: false]
12:04:20.785 [FXGL Background Thread 3 ] DEBUG Engine               - enabledMenuItems: []
12:04:20.785 [FXGL Background Thread 3 ] DEBUG Engine               - engineServices: [class com.almasb.fxgl.app.services.FXGLAssetLoaderService, class com.almasb.fxgl.app.FXGLApplication$GameApplicationService, class com.almasb.fxgl.app.services.FXGLDialogService, class com.almasb.fxgl.app.services.IOTaskExecutorService, class com.almasb.fxgl.io.FileSystemService, class com.almasb.fxgl.localization.LocalizationService, class com.almasb.fxgl.app.services.SystemBundleService, class com.almasb.fxgl.profile.SaveLoadService, class com.almasb.fxgl.ui.FXGLUIFactoryServiceProvider, class com.almasb.fxgl.ui.FXGLDialogFactoryServiceProvider, class com.almasb.fxgl.audio.AudioPlayer, class com.almasb.fxgl.notification.impl.NotificationServiceProvider, class com.almasb.fxgl.achievement.AchievementService, class com.almasb.fxgl.cutscene.CutsceneService, class com.almasb.fxgl.minigames.MiniGameService, class com.almasb.fxgl.net.NetService, class com.almasb.fxgl.app.services.UpdaterService, class com.almasb.fxgl.dev.DevService]
12:04:20.785 [FXGL Background Thread 3 ] DEBUG Engine               - fontGame: Abel-Regular.ttf
12:04:20.785 [FXGL Background Thread 3 ] DEBUG Engine               - fontMono: TerminalLandMono-Regular.otf
12:04:20.785 [FXGL Background Thread 3 ] DEBUG Engine               - fontSizeScaleUI: 1.0
12:04:20.785 [FXGL Background Thread 3 ] DEBUG Engine               - fontText: Courier-Prime.ttf
12:04:20.785 [FXGL Background Thread 3 ] DEBUG Engine               - fontUI: VarelaRound-Regular.ttf
12:04:20.785 [FXGL Background Thread 3 ] DEBUG Engine               - fullScreen: BooleanProperty [value: false]
12:04:20.786 [FXGL Background Thread 3 ] DEBUG Engine               - gameDifficulty: MEDIUM
12:04:20.786 [FXGL Background Thread 3 ] DEBUG Engine               - gameDifficultyProperty: ObjectProperty [value: MEDIUM]
12:04:20.786 [FXGL Background Thread 3 ] DEBUG Engine               - globalMusicVolume: 0.5
12:04:20.786 [FXGL Background Thread 3 ] DEBUG Engine               - globalMusicVolumeProperty: DoubleProperty [value: 0.1]
12:04:20.786 [FXGL Background Thread 3 ] DEBUG Engine               - globalSoundVolume: 0.5
12:04:20.786 [FXGL Background Thread 3 ] DEBUG Engine               - globalSoundVolumeProperty: DoubleProperty [value: 0.5]
12:04:20.786 [FXGL Background Thread 3 ] DEBUG Engine               - height: 800
12:04:20.786 [FXGL Background Thread 3 ] DEBUG Engine               - is3D: false
12:04:20.786 [FXGL Background Thread 3 ] DEBUG Engine               - isAndroid: false
12:04:20.786 [FXGL Background Thread 3 ] DEBUG Engine               - isBrowser: false
12:04:20.786 [FXGL Background Thread 3 ] DEBUG Engine               - isClickFeedbackEnabled: false
12:04:20.786 [FXGL Background Thread 3 ] DEBUG Engine               - isCloseConfirmation: false
12:04:20.786 [FXGL Background Thread 3 ] DEBUG Engine               - isDesktop: true
12:04:20.786 [FXGL Background Thread 3 ] DEBUG Engine               - isDeveloperMenuEnabled: false
12:04:20.786 [FXGL Background Thread 3 ] DEBUG Engine               - isEmbedded: false
12:04:20.786 [FXGL Background Thread 3 ] DEBUG Engine               - isEntityPreloadEnabled: true
12:04:20.786 [FXGL Background Thread 3 ] DEBUG Engine               - isExperimentalTiledLargeMap: false
12:04:20.786 [FXGL Background Thread 3 ] DEBUG Engine               - isFileSystemWriteAllowed: true
12:04:20.786 [FXGL Background Thread 3 ] DEBUG Engine               - isFullScreenAllowed: false
12:04:20.786 [FXGL Background Thread 3 ] DEBUG Engine               - isFullScreenFromStart: false
12:04:20.786 [FXGL Background Thread 3 ] DEBUG Engine               - isGameMenuEnabled: true
12:04:20.786 [FXGL Background Thread 3 ] DEBUG Engine               - isIOS: false
12:04:20.786 [FXGL Background Thread 3 ] DEBUG Engine               - isIntroEnabled: false
12:04:20.786 [FXGL Background Thread 3 ] DEBUG Engine               - isLinux: false
12:04:20.786 [FXGL Background Thread 3 ] DEBUG Engine               - isMac: false
12:04:20.786 [FXGL Background Thread 3 ] DEBUG Engine               - isMainMenuEnabled: true
12:04:20.786 [FXGL Background Thread 3 ] DEBUG Engine               - isManualResizeEnabled: false
12:04:20.786 [FXGL Background Thread 3 ] DEBUG Engine               - isMobile: false
12:04:20.786 [FXGL Background Thread 3 ] DEBUG Engine               - isNative: false
12:04:20.786 [FXGL Background Thread 3 ] DEBUG Engine               - isPauseMusicWhenMinimized: true
12:04:20.786 [FXGL Background Thread 3 ] DEBUG Engine               - isPreserveResizeRatio: false
12:04:20.786 [FXGL Background Thread 3 ] DEBUG Engine               - isProfilingEnabled: false
12:04:20.786 [FXGL Background Thread 3 ] DEBUG Engine               - isScaleAffectedOnResize: true
12:04:20.786 [FXGL Background Thread 3 ] DEBUG Engine               - isSingleStep: false
12:04:20.786 [FXGL Background Thread 3 ] DEBUG Engine               - isUserProfileEnabled: false
12:04:20.786 [FXGL Background Thread 3 ] DEBUG Engine               - isWindows: true
12:04:20.786 [FXGL Background Thread 3 ] DEBUG Engine               - language: ObjectProperty [value: ENGLISH]
12:04:20.786 [FXGL Background Thread 3 ] DEBUG Engine               - menuKey: ESCAPE
12:04:20.786 [FXGL Background Thread 3 ] DEBUG Engine               - mouseSensitivity: 0.2
12:04:20.786 [FXGL Background Thread 3 ] DEBUG Engine               - notificationViewClass: class com.almasb.fxgl.notification.view.XboxNotificationView
12:04:20.786 [FXGL Background Thread 3 ] DEBUG Engine               - pixelsPerMeter: 50.0
12:04:20.786 [FXGL Background Thread 3 ] DEBUG Engine               - platform: WINDOWS
12:04:20.786 [FXGL Background Thread 3 ] DEBUG Engine               - prefHeightProperty: ReadOnlyDoubleProperty [value: 800.0]
12:04:20.786 [FXGL Background Thread 3 ] DEBUG Engine               - prefWidthProperty: ReadOnlyDoubleProperty [value: 1024.0]
12:04:20.786 [FXGL Background Thread 3 ] DEBUG Engine               - profileDir: profiles/
12:04:20.786 [FXGL Background Thread 3 ] DEBUG Engine               - profileName: StringProperty [value: DEFAULT]
12:04:20.786 [FXGL Background Thread 3 ] DEBUG Engine               - randomSeed: -1
12:04:20.787 [FXGL Background Thread 3 ] DEBUG Engine               - runtimeInfo: RuntimeInfo(platform=WINDOWS, version=21, build=28.12.2023 13.35)
12:04:20.787 [FXGL Background Thread 3 ] DEBUG Engine               - saveFileExt: sav
12:04:20.787 [FXGL Background Thread 3 ] DEBUG Engine               - scaledHeightProp$fxgl: DoubleProperty [bound, value: 800.0]
12:04:20.787 [FXGL Background Thread 3 ] DEBUG Engine               - scaledWidthProp$fxgl: DoubleProperty [bound, value: 1024.0]
12:04:20.787 [FXGL Background Thread 3 ] DEBUG Engine               - sceneFactory: org.example.pokemon.map.GameApp$1@d9ee8cf
12:04:20.787 [FXGL Background Thread 3 ] DEBUG Engine               - secondsIn24h: 60
12:04:20.787 [FXGL Background Thread 3 ] DEBUG Engine               - soundMenuBack: menu/back.wav
12:04:20.787 [FXGL Background Thread 3 ] DEBUG Engine               - soundMenuPress: menu/press.wav
12:04:20.787 [FXGL Background Thread 3 ] DEBUG Engine               - soundMenuSelect: menu/select.wav
12:04:20.787 [FXGL Background Thread 3 ] DEBUG Engine               - soundNotification: core/notification.wav
12:04:20.787 [FXGL Background Thread 3 ] DEBUG Engine               - stageStyle: DECORATED
12:04:20.787 [FXGL Background Thread 3 ] DEBUG Engine               - supportedLanguages: [ENGLISH, FRENCH, GERMAN, HUNGARIAN, RUSSIAN]
12:04:20.787 [FXGL Background Thread 3 ] DEBUG Engine               - ticksPerSecond: -1
12:04:20.787 [FXGL Background Thread 3 ] DEBUG Engine               - title: Pokemon
12:04:20.787 [FXGL Background Thread 3 ] DEBUG Engine               - urlGithub: https://github.com/AlmasB/FXGL
12:04:20.787 [FXGL Background Thread 3 ] DEBUG Engine               - urlLeaderboard: http://fxgl-top.herokuapp.com/
12:04:20.787 [FXGL Background Thread 3 ] DEBUG Engine               - urlPOM: https://raw.githubusercontent.com/AlmasB/FXGL/release/README.md
12:04:20.787 [FXGL Background Thread 3 ] DEBUG Engine               - userAppClass: class org.example.pokemon.map.GameApp
12:04:20.787 [FXGL Background Thread 3 ] DEBUG Engine               - version: 0.1
12:04:20.787 [FXGL Background Thread 3 ] DEBUG Engine               - versionCheckDays: 7
12:04:20.787 [FXGL Background Thread 3 ] DEBUG Engine               - width: 1024
12:04:20.787 [FXGL Background Thread 3 ] DEBUG Engine               - Logging services
12:04:20.787 [FXGL Background Thread 3 ] DEBUG Engine               - class com.almasb.fxgl.app.services.FXGLAssetLoaderService
12:04:20.787 [FXGL Background Thread 3 ] DEBUG Engine               - class com.almasb.fxgl.app.FXGLApplication$GameApplicationService
12:04:20.788 [FXGL Background Thread 3 ] DEBUG Engine               - class com.almasb.fxgl.app.services.FXGLDialogService
12:04:20.788 [FXGL Background Thread 3 ] DEBUG Engine               - class com.almasb.fxgl.app.services.IOTaskExecutorService
12:04:20.788 [FXGL Background Thread 3 ] DEBUG Engine               - class com.almasb.fxgl.io.FileSystemService
12:04:20.788 [FXGL Background Thread 3 ] DEBUG Engine               - class com.almasb.fxgl.localization.LocalizationService
12:04:20.788 [FXGL Background Thread 3 ] DEBUG Engine               - class com.almasb.fxgl.app.services.SystemBundleService
12:04:20.788 [FXGL Background Thread 3 ] DEBUG Engine               - class com.almasb.fxgl.profile.SaveLoadService
12:04:20.788 [FXGL Background Thread 3 ] DEBUG Engine               - class com.almasb.fxgl.ui.FXGLUIFactoryServiceProvider
12:04:20.788 [FXGL Background Thread 3 ] DEBUG Engine               - class com.almasb.fxgl.ui.FXGLDialogFactoryServiceProvider
12:04:20.788 [FXGL Background Thread 3 ] DEBUG Engine               - class com.almasb.fxgl.audio.AudioPlayer
12:04:20.788 [FXGL Background Thread 3 ] DEBUG Engine               - class com.almasb.fxgl.notification.impl.NotificationServiceProvider
12:04:20.788 [FXGL Background Thread 3 ] DEBUG Engine               - class com.almasb.fxgl.achievement.AchievementService
12:04:20.788 [FXGL Background Thread 3 ] DEBUG Engine               - class com.almasb.fxgl.cutscene.CutsceneService
12:04:20.788 [FXGL Background Thread 3 ] DEBUG Engine               - class com.almasb.fxgl.minigames.MiniGameService
12:04:20.788 [FXGL Background Thread 3 ] DEBUG Engine               - class com.almasb.fxgl.net.NetService
12:04:20.788 [FXGL Background Thread 3 ] DEBUG Engine               - class com.almasb.fxgl.app.services.UpdaterService
12:04:20.788 [FXGL Background Thread 3 ] DEBUG Engine               - class com.almasb.fxgl.dev.DevService
12:04:54.659 [JavaFX Application Thread] DEBUG FXGLApplication      - Exiting FXGL
12:04:54.659 [JavaFX Application Thread] DEBUG LoopRunner           - Stopping loop
12:04:54.659 [JavaFX Application Thread] DEBUG SystemBundleService  - Saving FXGL system data
12:04:54.660 [JavaFX Application Thread] DEBUG FileSystemAccess     - Writing to: D:\Repo\Pokemon\system\fxgl.bundle
12:04:54.661 [JavaFX Application Thread] DEBUG Async                - Shutting down background threads
12:04:54.662 [JavaFX Application Thread] DEBUG PrimaryStageWindow   - Closing main window
12:04:54.670 [JavaFX Application Thread] DEBUG Logger               - Closing Logger
