08:42:55.599 [main                     ] DEBUG Logger               - Configured Logger
08:42:55.624 [main                     ] DEBUG GameApplication      - Logging settings
Title: Pokemon
Version: 0.1
Width: 1024
Height: 800
Fullscreen: false
Intro: false
Profiling: false
Single step:false
App Mode: DEVELOPER
Menu Key: ESCAPE
Stage Style: DECORATED
Scene Factory: class org.example.pokemon.map.GameApp$1

08:42:55.872 [JavaFX Application Thread] DEBUG FXGLApplication      - Initializing FXGL
08:42:55.876 [JavaFX Application Thread] INFO  Engine               - FXGL-21 (28.12.2023 13.35) on WINDOWS (J:21.0.4 FX:21)
08:42:55.876 [JavaFX Application Thread] DEBUG Engine               - JRE Vendor Name: Oracle Corporation
08:42:55.876 [JavaFX Application Thread] DEBUG Engine               - Running on OS: Windows 11 version 10.0
08:42:55.876 [JavaFX Application Thread] DEBUG Engine               - Architecture: amd64
08:42:55.876 [JavaFX Application Thread] INFO  Engine               - Source code and latest versions at: https://github.com/AlmasB/FXGL
08:42:55.877 [JavaFX Application Thread] INFO  Engine               -       Ask questions and discuss at: https://github.com/AlmasB/FXGL/discussions
08:42:55.877 [JavaFX Application Thread] INFO  Engine               -              Join the FXGL chat at: https://gitter.im/AlmasB/FXGL
08:42:55.930 [JavaFX Application Thread] DEBUG PrimaryStageWindow   - Creating a JavaFX scene
08:42:55.959 [JavaFX Application Thread] DEBUG PrimaryStageWindow   - Target settings size: 1024.0 x 800.0
08:42:55.959 [JavaFX Application Thread] DEBUG PrimaryStageWindow   - Scaled scene size:    1024.0 x 800.0
08:42:55.959 [JavaFX Application Thread] DEBUG PrimaryStageWindow   - Scaled ratio: (1.0, 1.0)
08:42:55.960 [JavaFX Application Thread] DEBUG PrimaryStageWindow   - Set initial scene to FXGLStartupScene
08:42:55.962 [JavaFX Application Thread] DEBUG PrimaryStageWindow   - Opening main window
08:42:56.024 [JavaFX Application Thread] DEBUG PrimaryStageWindow   - Window border size: (14.6666259765625, 37.33331298828125)
08:42:56.025 [JavaFX Application Thread] DEBUG PrimaryStageWindow   - Scaled size: 1024.0 x 800.0
08:42:56.025 [JavaFX Application Thread] DEBUG PrimaryStageWindow   - Scaled ratio: (1.0, 1.0)
08:42:56.025 [JavaFX Application Thread] DEBUG PrimaryStageWindow   - Scene size: 1024.0 x 800.0
08:42:56.025 [JavaFX Application Thread] DEBUG PrimaryStageWindow   - Stage size: 1038.6666259765625 x 837.3333129882812
08:42:56.029 [FXGL Background Thread 1 ] DEBUG Engine               - Initializing environment variables
08:42:56.072 [FXGL Background Thread 1 ] DEBUG FXGLAssetLoaderServi - User app class for loading assets: class org.example.pokemon.map.GameApp
08:42:56.072 [FXGL Background Thread 1 ] DEBUG GameApplicationServi - Applying CSS: fxgl_dark.css
08:42:56.072 [FXGL Background Thread 1 ] DEBUG FXGLAssetLoaderServi - Loading from file system: jar:file:///C:/Java%20Lib/apache-maven-3.8.8/repo/com/github/almasb/fxgl/21/fxgl-21.jar!/fxglassets/ui/css/fxgl_dark.css
08:42:56.116 [FXGL Background Thread 1 ] DEBUG GameApplicationServi - Initializing application scenes
08:42:56.191 [FXGL Background Thread 1 ] DEBUG GameWorld            - Game world initialized
08:42:56.238 [FXGL Background Thread 1 ] DEBUG PhysicsWorld         - Physics world initialized: appHeight=800, physics.ppm=50.0
08:42:56.238 [FXGL Background Thread 1 ] DEBUG PhysicsWorld         - Using strategy: BRUTE_FORCE
08:42:56.241 [FXGL Background Thread 1 ] DEBUG GameScene            - Game scene initialized: 1024x800
08:42:56.397 [FXGL Background Thread 1 ] DEBUG FXGL.DefaultMenu     - createMenuBodyGameMenu()
08:42:56.403 [FXGL Background Thread 1 ] DEBUG FXGL.DefaultMenu     - createOptionsMenu()
08:42:56.409 [FXGL Background Thread 1 ] DEBUG FXGLAssetLoaderServi - Loading from file system: jar:file:///C:/Java%20Lib/apache-maven-3.8.8/repo/com/github/almasb/fxgl/21/fxgl-21.jar!/fxglassets/textures/particles/smoke.png
08:42:56.517 [FXGL Background Thread 1 ] DEBUG FXGLAssetLoaderServi - Loading from file system: jar:file:///C:/Java%20Lib/apache-maven-3.8.8/repo/com/github/almasb/fxgl/21/fxgl-21.jar!/fxglassets/textures/particles/trace_horizontal.png
08:42:56.535 [FXGL Background Thread 1 ] DEBUG GameApplicationServi - Application scenes initialized
08:42:56.541 [FXGL Background Thread 1 ] DEBUG SystemBundleService  - Loading FXGL system data
08:42:56.545 [FXGL Background Thread 1 ] DEBUG FileSystemAccess     - Reading from: D:\Repo\Pokemon\system\fxgl.bundle
08:42:56.549 [FXGL Background Thread 1 ] DEBUG SystemBundleService  - Bundle FXGL: {}
08:42:56.549 [FXGL Background Thread 1 ] DEBUG UpdaterService       - Checking for updates
08:42:56.554 [FXGL Background Thread 4 ] DEBUG FXGLApplication      - Loading fonts
08:42:56.554 [FXGL Background Thread 4 ] DEBUG FXGLAssetLoaderServi - Loading from file system: jar:file:///C:/Java%20Lib/apache-maven-3.8.8/repo/com/github/almasb/fxgl/21/fxgl-21.jar!/fxglassets/ui/fonts/VarelaRound-Regular.ttf
08:42:56.556 [FXGL Background Thread 1 ] DEBUG FXGLApplication      - Loading default localization
08:42:56.557 [FXGL Background Thread 1 ] DEBUG FXGLAssetLoaderServi - Loading from file system: jar:file:///C:/Java%20Lib/apache-maven-3.8.8/repo/com/github/almasb/fxgl/21/fxgl-21.jar!/fxglassets/languages/english.lang
08:42:56.585 [FXGL Background Thread 4 ] DEBUG FXGLAssetLoaderServi - Loading from file system: jar:file:///C:/Java%20Lib/apache-maven-3.8.8/repo/com/github/almasb/fxgl/21/fxgl-21.jar!/fxglassets/ui/fonts/Abel-Regular.ttf
08:42:56.588 [FXGL Background Thread 4 ] DEBUG FXGLAssetLoaderServi - Loading from file system: jar:file:///C:/Java%20Lib/apache-maven-3.8.8/repo/com/github/almasb/fxgl/21/fxgl-21.jar!/fxglassets/ui/fonts/TerminalLandMono-Regular.otf
08:42:56.589 [FXGL Background Thread 4 ] DEBUG FXGLAssetLoaderServi - Loading from file system: jar:file:///C:/Java%20Lib/apache-maven-3.8.8/repo/com/github/almasb/fxgl/21/fxgl-21.jar!/fxglassets/ui/fonts/Courier-Prime.ttf
08:42:56.598 [JavaFX Application Thread] DEBUG FXGLApplication      - Registering font factories with UI factory
08:42:56.633 [FXGL Background Thread 1 ] INFO  FXGLApplication      - FXGL initialization took: 0.603 sec
08:42:56.657 [JavaFX Application Thread] DEBUG Input                - Registered new binding: action0 - W
08:42:56.658 [JavaFX Application Thread] DEBUG Input                - Registered new binding: action1 - A
08:42:56.658 [JavaFX Application Thread] DEBUG Input                - Registered new binding: action2 - S
08:42:56.659 [JavaFX Application Thread] DEBUG Input                - Registered new binding: action3 - D
08:42:56.659 [JavaFX Application Thread] DEBUG Input                - Registered new binding: action4 - Up
08:42:56.661 [JavaFX Application Thread] DEBUG Input                - Registered new binding: action5 - Left
08:42:56.661 [JavaFX Application Thread] DEBUG Input                - Registered new binding: action6 - Down
08:42:56.662 [JavaFX Application Thread] DEBUG Input                - Registered new binding: action7 - Right
08:42:56.662 [JavaFX Application Thread] DEBUG Input                - Registered new binding: action8 - J
08:42:56.663 [JavaFX Application Thread] DEBUG FXGLAssetLoaderServi - Loading from file system: file:/D:/Repo/Pokemon/target/classes/assets/music/BGM.mp3
08:42:56.776 [JavaFX Application Thread] DEBUG AudioPlayer          - Playing music com.almasb.fxgl.audio.Music@6988697b
08:42:56.777 [JavaFX Application Thread] DEBUG FXGLAssetLoaderServi - Loading from file system: jar:file:///C:/Java%20Lib/apache-maven-3.8.8/repo/com/github/almasb/fxgl/21/fxgl-21.jar!/fxglassets/textures/fxgl_icon.png
08:42:56.796 [JavaFX Application Thread] DEBUG FXGLAssetLoaderServi - Loading from file system: jar:file:///C:/Java%20Lib/apache-maven-3.8.8/repo/com/github/almasb/fxgl/21/fxgl-21.jar!/fxglassets/textures/fxgl_default_cursor.png
08:42:56.803 [JavaFX Application Thread] DEBUG Input                - Registered new binding: Screenshot - CTRL+8
08:42:56.804 [JavaFX Application Thread] DEBUG Input                - Registered new binding: System info dump - CTRL+9
08:42:56.804 [JavaFX Application Thread] DEBUG Input                - Registered new binding: Restart - CTRL+R
08:42:56.807 [JavaFX Application Thread] DEBUG Input                - Registered new binding: Toggle Debug Camera - CTRL+7
08:42:56.814 [JavaFX Application Thread] DEBUG LoopRunner           - Starting loop
08:42:56.814 [JavaFX Application Thread] DEBUG LoopRunner           - Initializing JavaFX AnimationTimerLoop
08:42:56.820 [JavaFX Application Thread] DEBUG Input                - Clearing active input actions
08:42:56.825 [JavaFX Application Thread] DEBUG GameApplicationServi - Removing overlay from FXGLStartupScene and adding to FXGLMainMenuDummyScene
08:42:56.827 [JavaFX Application Thread] DEBUG PrimaryStageWindow   - FXGLStartupScene -> FXGLMainMenuDummyScene
08:42:56.827 [JavaFX Application Thread] DEBUG PrimaryStageWindow   - Push state: TestMainMenu
08:42:56.827 [JavaFX Application Thread] DEBUG Input                - Clearing active input actions
08:42:56.836 [JavaFX Application Thread] DEBUG GameApplicationServi - Removing overlay from FXGLMainMenuDummyScene and adding to TestMainMenu
08:42:56.836 [JavaFX Application Thread] DEBUG PrimaryStageWindow   - FXGLMainMenuDummyScene -> TestMainMenu
08:42:58.261 [FXGL Background Thread 2 ] INFO  UpdaterService       - Your current version:  21
08:42:58.261 [FXGL Background Thread 2 ] INFO  UpdaterService       - Latest stable version: 21.1
08:42:59.553 [FXGL Background Thread 3 ] DEBUG Engine               - Logging environment variables
08:42:59.553 [FXGL Background Thread 3 ] DEBUG Engine               - achievements: []
08:42:59.553 [FXGL Background Thread 3 ] DEBUG Engine               - actualHeight: 800.0
08:42:59.553 [FXGL Background Thread 3 ] DEBUG Engine               - actualHeightProperty: ReadOnlyDoubleProperty [value: 800.0]
08:42:59.553 [FXGL Background Thread 3 ] DEBUG Engine               - actualWidth: 1024.0
08:42:59.553 [FXGL Background Thread 3 ] DEBUG Engine               - actualWidthProperty: ReadOnlyDoubleProperty [value: 1024.0]
08:42:59.553 [FXGL Background Thread 3 ] DEBUG Engine               - appIcon: fxgl_icon.png
08:42:59.553 [FXGL Background Thread 3 ] DEBUG Engine               - applicationMode: DEVELOPER
08:42:59.553 [FXGL Background Thread 3 ] DEBUG Engine               - cSSList: [fxgl_dark.css]
08:42:59.553 [FXGL Background Thread 3 ] DEBUG Engine               - collisionDetectionStrategy: BRUTE_FORCE
08:42:59.553 [FXGL Background Thread 3 ] DEBUG Engine               - configClass: Optional.empty
08:42:59.553 [FXGL Background Thread 3 ] DEBUG Engine               - credits: []
08:42:59.553 [FXGL Background Thread 3 ] DEBUG Engine               - defaultCursor: CursorInfo(imageName=fxgl_default_cursor.png, hotspotX=7.0, hotspotY=6.0)
08:42:59.554 [FXGL Background Thread 3 ] DEBUG Engine               - devBBoxColorProperty: ObjectProperty [value: 0xff0000ff]
08:42:59.554 [FXGL Background Thread 3 ] DEBUG Engine               - devEnableDebugCameraProperty: BooleanProperty [value: false]
08:42:59.554 [FXGL Background Thread 3 ] DEBUG Engine               - devSensorColorProperty: ObjectProperty [value: 0xffff00ff]
08:42:59.554 [FXGL Background Thread 3 ] DEBUG Engine               - devShowBBoxProperty: BooleanProperty [value: false]
08:42:59.554 [FXGL Background Thread 3 ] DEBUG Engine               - devShowPositionProperty: BooleanProperty [value: false]
08:42:59.554 [FXGL Background Thread 3 ] DEBUG Engine               - enabledMenuItems: []
08:42:59.554 [FXGL Background Thread 3 ] DEBUG Engine               - engineServices: [class com.almasb.fxgl.app.services.FXGLAssetLoaderService, class com.almasb.fxgl.app.FXGLApplication$GameApplicationService, class com.almasb.fxgl.app.services.FXGLDialogService, class com.almasb.fxgl.app.services.IOTaskExecutorService, class com.almasb.fxgl.io.FileSystemService, class com.almasb.fxgl.localization.LocalizationService, class com.almasb.fxgl.app.services.SystemBundleService, class com.almasb.fxgl.profile.SaveLoadService, class com.almasb.fxgl.ui.FXGLUIFactoryServiceProvider, class com.almasb.fxgl.ui.FXGLDialogFactoryServiceProvider, class com.almasb.fxgl.audio.AudioPlayer, class com.almasb.fxgl.notification.impl.NotificationServiceProvider, class com.almasb.fxgl.achievement.AchievementService, class com.almasb.fxgl.cutscene.CutsceneService, class com.almasb.fxgl.minigames.MiniGameService, class com.almasb.fxgl.net.NetService, class com.almasb.fxgl.app.services.UpdaterService, class com.almasb.fxgl.dev.DevService]
08:42:59.554 [FXGL Background Thread 3 ] DEBUG Engine               - fontGame: Abel-Regular.ttf
08:42:59.554 [FXGL Background Thread 3 ] DEBUG Engine               - fontMono: TerminalLandMono-Regular.otf
08:42:59.554 [FXGL Background Thread 3 ] DEBUG Engine               - fontSizeScaleUI: 1.0
08:42:59.554 [FXGL Background Thread 3 ] DEBUG Engine               - fontText: Courier-Prime.ttf
08:42:59.554 [FXGL Background Thread 3 ] DEBUG Engine               - fontUI: VarelaRound-Regular.ttf
08:42:59.554 [FXGL Background Thread 3 ] DEBUG Engine               - fullScreen: BooleanProperty [value: false]
08:42:59.554 [FXGL Background Thread 3 ] DEBUG Engine               - gameDifficulty: MEDIUM
08:42:59.554 [FXGL Background Thread 3 ] DEBUG Engine               - gameDifficultyProperty: ObjectProperty [value: MEDIUM]
08:42:59.554 [FXGL Background Thread 3 ] DEBUG Engine               - globalMusicVolume: 0.5
08:42:59.554 [FXGL Background Thread 3 ] DEBUG Engine               - globalMusicVolumeProperty: DoubleProperty [value: 0.2]
08:42:59.554 [FXGL Background Thread 3 ] DEBUG Engine               - globalSoundVolume: 0.5
08:42:59.554 [FXGL Background Thread 3 ] DEBUG Engine               - globalSoundVolumeProperty: DoubleProperty [value: 0.5]
08:42:59.554 [FXGL Background Thread 3 ] DEBUG Engine               - height: 800
08:42:59.554 [FXGL Background Thread 3 ] DEBUG Engine               - is3D: false
08:42:59.554 [FXGL Background Thread 3 ] DEBUG Engine               - isAndroid: false
08:42:59.554 [FXGL Background Thread 3 ] DEBUG Engine               - isBrowser: false
08:42:59.554 [FXGL Background Thread 3 ] DEBUG Engine               - isClickFeedbackEnabled: false
08:42:59.554 [FXGL Background Thread 3 ] DEBUG Engine               - isCloseConfirmation: false
08:42:59.554 [FXGL Background Thread 3 ] DEBUG Engine               - isDesktop: true
08:42:59.554 [FXGL Background Thread 3 ] DEBUG Engine               - isDeveloperMenuEnabled: false
08:42:59.554 [FXGL Background Thread 3 ] DEBUG Engine               - isEmbedded: false
08:42:59.554 [FXGL Background Thread 3 ] DEBUG Engine               - isEntityPreloadEnabled: true
08:42:59.554 [FXGL Background Thread 3 ] DEBUG Engine               - isExperimentalTiledLargeMap: false
08:42:59.554 [FXGL Background Thread 3 ] DEBUG Engine               - isFileSystemWriteAllowed: true
08:42:59.554 [FXGL Background Thread 3 ] DEBUG Engine               - isFullScreenAllowed: false
08:42:59.554 [FXGL Background Thread 3 ] DEBUG Engine               - isFullScreenFromStart: false
08:42:59.554 [FXGL Background Thread 3 ] DEBUG Engine               - isGameMenuEnabled: true
08:42:59.554 [FXGL Background Thread 3 ] DEBUG Engine               - isIOS: false
08:42:59.554 [FXGL Background Thread 3 ] DEBUG Engine               - isIntroEnabled: false
08:42:59.554 [FXGL Background Thread 3 ] DEBUG Engine               - isLinux: false
08:42:59.554 [FXGL Background Thread 3 ] DEBUG Engine               - isMac: false
08:42:59.554 [FXGL Background Thread 3 ] DEBUG Engine               - isMainMenuEnabled: true
08:42:59.554 [FXGL Background Thread 3 ] DEBUG Engine               - isManualResizeEnabled: false
08:42:59.554 [FXGL Background Thread 3 ] DEBUG Engine               - isMobile: false
08:42:59.554 [FXGL Background Thread 3 ] DEBUG Engine               - isNative: false
08:42:59.554 [FXGL Background Thread 3 ] DEBUG Engine               - isPauseMusicWhenMinimized: true
08:42:59.554 [FXGL Background Thread 3 ] DEBUG Engine               - isPreserveResizeRatio: false
08:42:59.554 [FXGL Background Thread 3 ] DEBUG Engine               - isProfilingEnabled: false
08:42:59.554 [FXGL Background Thread 3 ] DEBUG Engine               - isScaleAffectedOnResize: true
08:42:59.554 [FXGL Background Thread 3 ] DEBUG Engine               - isSingleStep: false
08:42:59.555 [FXGL Background Thread 3 ] DEBUG Engine               - isUserProfileEnabled: false
08:42:59.555 [FXGL Background Thread 3 ] DEBUG Engine               - isWindows: true
08:42:59.555 [FXGL Background Thread 3 ] DEBUG Engine               - language: ObjectProperty [value: ENGLISH]
08:42:59.555 [FXGL Background Thread 3 ] DEBUG Engine               - menuKey: ESCAPE
08:42:59.555 [FXGL Background Thread 3 ] DEBUG Engine               - mouseSensitivity: 0.2
08:42:59.555 [FXGL Background Thread 3 ] DEBUG Engine               - notificationViewClass: class com.almasb.fxgl.notification.view.XboxNotificationView
08:42:59.555 [FXGL Background Thread 3 ] DEBUG Engine               - pixelsPerMeter: 50.0
08:42:59.555 [FXGL Background Thread 3 ] DEBUG Engine               - platform: WINDOWS
08:42:59.555 [FXGL Background Thread 3 ] DEBUG Engine               - prefHeightProperty: ReadOnlyDoubleProperty [value: 800.0]
08:42:59.555 [FXGL Background Thread 3 ] DEBUG Engine               - prefWidthProperty: ReadOnlyDoubleProperty [value: 1024.0]
08:42:59.555 [FXGL Background Thread 3 ] DEBUG Engine               - profileDir: profiles/
08:42:59.555 [FXGL Background Thread 3 ] DEBUG Engine               - profileName: StringProperty [value: DEFAULT]
08:42:59.555 [FXGL Background Thread 3 ] DEBUG Engine               - randomSeed: -1
08:42:59.555 [FXGL Background Thread 3 ] DEBUG Engine               - runtimeInfo: RuntimeInfo(platform=WINDOWS, version=21, build=28.12.2023 13.35)
08:42:59.555 [FXGL Background Thread 3 ] DEBUG Engine               - saveFileExt: sav
08:42:59.555 [FXGL Background Thread 3 ] DEBUG Engine               - scaledHeightProp$fxgl: DoubleProperty [bound, value: 800.0]
08:42:59.555 [FXGL Background Thread 3 ] DEBUG Engine               - scaledWidthProp$fxgl: DoubleProperty [bound, value: 1024.0]
08:42:59.555 [FXGL Background Thread 3 ] DEBUG Engine               - sceneFactory: org.example.pokemon.map.GameApp$1@5a6af91c
08:42:59.555 [FXGL Background Thread 3 ] DEBUG Engine               - secondsIn24h: 60
08:42:59.555 [FXGL Background Thread 3 ] DEBUG Engine               - soundMenuBack: menu/back.wav
08:42:59.555 [FXGL Background Thread 3 ] DEBUG Engine               - soundMenuPress: menu/press.wav
08:42:59.555 [FXGL Background Thread 3 ] DEBUG Engine               - soundMenuSelect: menu/select.wav
08:42:59.555 [FXGL Background Thread 3 ] DEBUG Engine               - soundNotification: core/notification.wav
08:42:59.555 [FXGL Background Thread 3 ] DEBUG Engine               - stageStyle: DECORATED
08:42:59.555 [FXGL Background Thread 3 ] DEBUG Engine               - supportedLanguages: [ENGLISH, FRENCH, GERMAN, HUNGARIAN, RUSSIAN]
08:42:59.555 [FXGL Background Thread 3 ] DEBUG Engine               - ticksPerSecond: -1
08:42:59.555 [FXGL Background Thread 3 ] DEBUG Engine               - title: Pokemon
08:42:59.555 [FXGL Background Thread 3 ] DEBUG Engine               - urlGithub: https://github.com/AlmasB/FXGL
08:42:59.555 [FXGL Background Thread 3 ] DEBUG Engine               - urlLeaderboard: http://fxgl-top.herokuapp.com/
08:42:59.555 [FXGL Background Thread 3 ] DEBUG Engine               - urlPOM: https://raw.githubusercontent.com/AlmasB/FXGL/release/README.md
08:42:59.555 [FXGL Background Thread 3 ] DEBUG Engine               - userAppClass: class org.example.pokemon.map.GameApp
08:42:59.555 [FXGL Background Thread 3 ] DEBUG Engine               - version: 0.1
08:42:59.555 [FXGL Background Thread 3 ] DEBUG Engine               - versionCheckDays: 7
08:42:59.555 [FXGL Background Thread 3 ] DEBUG Engine               - width: 1024
08:42:59.555 [FXGL Background Thread 3 ] DEBUG Engine               - Logging services
08:42:59.555 [FXGL Background Thread 3 ] DEBUG Engine               - class com.almasb.fxgl.app.services.FXGLAssetLoaderService
08:42:59.555 [FXGL Background Thread 3 ] DEBUG Engine               - class com.almasb.fxgl.app.FXGLApplication$GameApplicationService
08:42:59.555 [FXGL Background Thread 3 ] DEBUG Engine               - class com.almasb.fxgl.app.services.FXGLDialogService
08:42:59.555 [FXGL Background Thread 3 ] DEBUG Engine               - class com.almasb.fxgl.app.services.IOTaskExecutorService
08:42:59.555 [FXGL Background Thread 3 ] DEBUG Engine               - class com.almasb.fxgl.io.FileSystemService
08:42:59.555 [FXGL Background Thread 3 ] DEBUG Engine               - class com.almasb.fxgl.localization.LocalizationService
08:42:59.555 [FXGL Background Thread 3 ] DEBUG Engine               - class com.almasb.fxgl.app.services.SystemBundleService
08:42:59.555 [FXGL Background Thread 3 ] DEBUG Engine               - class com.almasb.fxgl.profile.SaveLoadService
08:42:59.555 [FXGL Background Thread 3 ] DEBUG Engine               - class com.almasb.fxgl.ui.FXGLUIFactoryServiceProvider
08:42:59.555 [FXGL Background Thread 3 ] DEBUG Engine               - class com.almasb.fxgl.ui.FXGLDialogFactoryServiceProvider
08:42:59.555 [FXGL Background Thread 3 ] DEBUG Engine               - class com.almasb.fxgl.audio.AudioPlayer
08:42:59.555 [FXGL Background Thread 3 ] DEBUG Engine               - class com.almasb.fxgl.notification.impl.NotificationServiceProvider
08:42:59.555 [FXGL Background Thread 3 ] DEBUG Engine               - class com.almasb.fxgl.achievement.AchievementService
08:42:59.555 [FXGL Background Thread 3 ] DEBUG Engine               - class com.almasb.fxgl.cutscene.CutsceneService
08:42:59.556 [FXGL Background Thread 3 ] DEBUG Engine               - class com.almasb.fxgl.minigames.MiniGameService
08:42:59.556 [FXGL Background Thread 3 ] DEBUG Engine               - class com.almasb.fxgl.net.NetService
08:42:59.556 [FXGL Background Thread 3 ] DEBUG Engine               - class com.almasb.fxgl.app.services.UpdaterService
08:42:59.556 [FXGL Background Thread 3 ] DEBUG Engine               - class com.almasb.fxgl.dev.DevService
08:43:01.553 [JavaFX Application Thread] DEBUG GameApplicationServi - Starting new game
08:43:01.553 [JavaFX Application Thread] DEBUG PrimaryStageWindow   - Pop state: TestMainMenu
08:43:01.553 [JavaFX Application Thread] DEBUG Input                - Clearing active input actions
08:43:01.554 [JavaFX Application Thread] DEBUG GameApplicationServi - Removing overlay from TestMainMenu and adding to FXGLMainMenuDummyScene
08:43:01.554 [JavaFX Application Thread] DEBUG PrimaryStageWindow   - FXGLMainMenuDummyScene <- TestMainMenu
08:43:01.554 [JavaFX Application Thread] DEBUG Input                - Clearing active input actions
08:43:01.557 [JavaFX Application Thread] DEBUG GameApplicationServi - Removing overlay from FXGLMainMenuDummyScene and adding to FXGLLoadingScene
08:43:01.558 [JavaFX Application Thread] DEBUG PrimaryStageWindow   - FXGLMainMenuDummyScene -> FXGLLoadingScene
08:43:01.558 [JavaFX Application Thread] DEBUG GameApplicationServi - Clearing previous game
08:43:01.558 [JavaFX Application Thread] DEBUG GameScene            - Clearing game scene
08:43:01.558 [JavaFX Application Thread] DEBUG GameWorld            - Clearing game world
08:43:01.558 [JavaFX Application Thread] DEBUG PhysicsWorld         - Clearing physics world
08:43:01.560 [FXGL Background Thread 2 ] DEBUG FXGLApplication      - Initializing game
08:43:01.575 [FXGL Background Thread 2 ] WARN  TMXLevelLoader       - TiledMap generated from 1.8.4. Supported version: 1.9.0. Some features may not be parsed fully.
08:43:01.590 [FXGL Background Thread 2 ] DEBUG TMXLevelLoader       - Parsed TiledMap: file:/D:/Repo/Pokemon/target/classes/assets/levels/level1.tmx
08:43:01.592 [FXGL Background Thread 2 ] DEBUG TMXLevelLoader       - Creating tile layer entities
08:43:01.597 [FXGL Background Thread 2 ] DEBUG TilesetLoader        - Loading view for layer 图块层 1
08:43:01.597 [FXGL Background Thread 2 ] DEBUG TilesetLoader        - Created buffer with size 1024.0x800.0
08:43:01.607 [FXGL Background Thread 2 ] DEBUG TMXLevelLoader       - Creating object layer entities
08:43:01.665 [FXGL Background Thread 2 ] DEBUG FXGLAssetLoaderServi - Loading from file system: file:/D:/Repo/Pokemon/target/classes/assets/textures/flower.png
08:43:01.678 [FXGL Background Thread 2 ] DEBUG GameWorld            - Clearing removable entities
08:43:01.679 [FXGL Background Thread 2 ] DEBUG GameWorld            - Setting level: com.almasb.fxgl.entity.level.Level@68d33f8d
08:43:01.687 [FXGL Background Thread 2 ] DEBUG FXGLAssetLoaderServi - Loading from file system: file:/D:/Repo/Pokemon/target/classes/assets/textures/buLunDan2.png
08:43:01.691 [FXGL Background Thread 2 ] DEBUG FXGLAssetLoaderServi - Loading from file system: file:/D:/Repo/Pokemon/target/classes/assets/textures/RacketTeam.png
08:43:01.692 [FXGL Background Thread 2 ] INFO  FXGLApplication      - Game initialization took: 0.132 sec
08:43:01.695 [JavaFX Application Thread] DEBUG Input                - Clearing active input actions
08:43:01.699 [JavaFX Application Thread] DEBUG GameApplicationServi - Removing overlay from FXGLLoadingScene and adding to GameScene
08:43:01.699 [JavaFX Application Thread] DEBUG PrimaryStageWindow   - FXGLLoadingScene -> GameScene
08:43:06.064 [JavaFX Application Thread] DEBUG FXGLApplication      - Exiting FXGL
08:43:06.064 [JavaFX Application Thread] DEBUG LoopRunner           - Stopping loop
08:43:06.064 [JavaFX Application Thread] DEBUG SystemBundleService  - Saving FXGL system data
08:43:06.067 [JavaFX Application Thread] DEBUG FileSystemAccess     - Writing to: D:\Repo\Pokemon\system\fxgl.bundle
08:43:06.068 [JavaFX Application Thread] DEBUG Async                - Shutting down background threads
08:43:06.068 [JavaFX Application Thread] DEBUG PrimaryStageWindow   - Closing main window
08:43:06.081 [JavaFX Application Thread] DEBUG Logger               - Closing Logger
