10:21:54.576 [main                     ] DEBUG Logger               - Configured Logger
10:21:54.604 [main                     ] DEBUG GameApplication      - Logging settings
Title: Pokemon
Version: 0.1
Width: 1024
Height: 800
Fullscreen: false
Intro: false
Profiling: false
Single step:false
App Mode: DEVELOPER
Menu Key: ESCAPE
Stage Style: DECORATED
Scene Factory: class org.example.pokemon.map.GameApp$1

10:21:54.880 [JavaFX Application Thread] DEBUG FXGLApplication      - Initializing FXGL
10:21:54.884 [JavaFX Application Thread] INFO  Engine               - FXGL-21 (28.12.2023 13.35) on WINDOWS (J:21.0.4 FX:21)
10:21:54.884 [JavaFX Application Thread] DEBUG Engine               - JRE Vendor Name: Oracle Corporation
10:21:54.884 [JavaFX Application Thread] DEBUG Engine               - Running on OS: Windows 11 version 10.0
10:21:54.884 [JavaFX Application Thread] DEBUG Engine               - Architecture: amd64
10:21:54.884 [JavaFX Application Thread] INFO  Engine               - Source code and latest versions at: https://github.com/AlmasB/FXGL
10:21:54.884 [JavaFX Application Thread] INFO  Engine               -       Ask questions and discuss at: https://github.com/AlmasB/FXGL/discussions
10:21:54.885 [JavaFX Application Thread] INFO  Engine               -              Join the FXGL chat at: https://gitter.im/AlmasB/FXGL
10:21:54.951 [JavaFX Application Thread] DEBUG PrimaryStageWindow   - Creating a JavaFX scene
10:21:54.986 [JavaFX Application Thread] DEBUG PrimaryStageWindow   - Target settings size: 1024.0 x 800.0
10:21:54.986 [JavaFX Application Thread] DEBUG PrimaryStageWindow   - Scaled scene size:    1024.0 x 800.0
10:21:54.986 [JavaFX Application Thread] DEBUG PrimaryStageWindow   - Scaled ratio: (1.0, 1.0)
10:21:54.987 [JavaFX Application Thread] DEBUG PrimaryStageWindow   - Set initial scene to FXGLStartupScene
10:21:54.989 [JavaFX Application Thread] DEBUG PrimaryStageWindow   - Opening main window
10:21:55.062 [JavaFX Application Thread] DEBUG PrimaryStageWindow   - Window border size: (14.6666259765625, 37.33331298828125)
10:21:55.063 [JavaFX Application Thread] DEBUG PrimaryStageWindow   - Scaled size: 1024.0 x 800.0
10:21:55.063 [JavaFX Application Thread] DEBUG PrimaryStageWindow   - Scaled ratio: (1.0, 1.0)
10:21:55.063 [JavaFX Application Thread] DEBUG PrimaryStageWindow   - Scene size: 1024.0 x 800.0
10:21:55.063 [JavaFX Application Thread] DEBUG PrimaryStageWindow   - Stage size: 1038.6666259765625 x 837.3333129882812
10:21:55.067 [FXGL Background Thread 1 ] DEBUG Engine               - Initializing environment variables
10:21:55.107 [FXGL Background Thread 1 ] DEBUG FXGLAssetLoaderServi - User app class for loading assets: class org.example.pokemon.map.GameApp
10:21:55.108 [FXGL Background Thread 1 ] DEBUG GameApplicationServi - Applying CSS: fxgl_dark.css
10:21:55.109 [FXGL Background Thread 1 ] DEBUG FXGLAssetLoaderServi - Loading from file system: jar:file:///C:/Java%20Lib/apache-maven-3.8.8/repo/com/github/almasb/fxgl/21/fxgl-21.jar!/fxglassets/ui/css/fxgl_dark.css
10:21:55.146 [FXGL Background Thread 1 ] DEBUG GameApplicationServi - Initializing application scenes
10:21:55.224 [FXGL Background Thread 1 ] DEBUG GameWorld            - Game world initialized
10:21:55.271 [FXGL Background Thread 1 ] DEBUG PhysicsWorld         - Physics world initialized: appHeight=800, physics.ppm=50.0
10:21:55.271 [FXGL Background Thread 1 ] DEBUG PhysicsWorld         - Using strategy: BRUTE_FORCE
10:21:55.274 [FXGL Background Thread 1 ] DEBUG GameScene            - Game scene initialized: 1024x800
10:21:55.430 [FXGL Background Thread 1 ] DEBUG FXGL.DefaultMenu     - createMenuBodyGameMenu()
10:21:55.436 [FXGL Background Thread 1 ] DEBUG FXGL.DefaultMenu     - createOptionsMenu()
10:21:55.444 [FXGL Background Thread 1 ] DEBUG FXGLAssetLoaderServi - Loading from file system: jar:file:///C:/Java%20Lib/apache-maven-3.8.8/repo/com/github/almasb/fxgl/21/fxgl-21.jar!/fxglassets/textures/particles/smoke.png
10:21:55.554 [FXGL Background Thread 1 ] DEBUG FXGLAssetLoaderServi - Loading from file system: jar:file:///C:/Java%20Lib/apache-maven-3.8.8/repo/com/github/almasb/fxgl/21/fxgl-21.jar!/fxglassets/textures/particles/trace_horizontal.png
10:21:55.573 [FXGL Background Thread 1 ] DEBUG GameApplicationServi - Application scenes initialized
10:21:55.580 [FXGL Background Thread 1 ] DEBUG SystemBundleService  - Loading FXGL system data
10:21:55.583 [FXGL Background Thread 1 ] DEBUG FileSystemAccess     - Reading from: D:\Repo\Pokemon\system\fxgl.bundle
10:21:55.589 [FXGL Background Thread 1 ] DEBUG SystemBundleService  - Bundle FXGL: {}
10:21:55.589 [FXGL Background Thread 1 ] DEBUG UpdaterService       - Checking for updates
10:21:55.591 [FXGL Background Thread 4 ] DEBUG FXGLApplication      - Loading fonts
10:21:55.591 [FXGL Background Thread 4 ] DEBUG FXGLAssetLoaderServi - Loading from file system: jar:file:///C:/Java%20Lib/apache-maven-3.8.8/repo/com/github/almasb/fxgl/21/fxgl-21.jar!/fxglassets/ui/fonts/VarelaRound-Regular.ttf
10:21:55.593 [FXGL Background Thread 1 ] DEBUG FXGLApplication      - Loading default localization
10:21:55.593 [FXGL Background Thread 1 ] DEBUG FXGLAssetLoaderServi - Loading from file system: jar:file:///C:/Java%20Lib/apache-maven-3.8.8/repo/com/github/almasb/fxgl/21/fxgl-21.jar!/fxglassets/languages/english.lang
10:21:55.623 [FXGL Background Thread 4 ] DEBUG FXGLAssetLoaderServi - Loading from file system: jar:file:///C:/Java%20Lib/apache-maven-3.8.8/repo/com/github/almasb/fxgl/21/fxgl-21.jar!/fxglassets/ui/fonts/Abel-Regular.ttf
10:21:55.627 [FXGL Background Thread 4 ] DEBUG FXGLAssetLoaderServi - Loading from file system: jar:file:///C:/Java%20Lib/apache-maven-3.8.8/repo/com/github/almasb/fxgl/21/fxgl-21.jar!/fxglassets/ui/fonts/TerminalLandMono-Regular.otf
10:21:55.630 [FXGL Background Thread 4 ] DEBUG FXGLAssetLoaderServi - Loading from file system: jar:file:///C:/Java%20Lib/apache-maven-3.8.8/repo/com/github/almasb/fxgl/21/fxgl-21.jar!/fxglassets/ui/fonts/Courier-Prime.ttf
10:21:55.638 [JavaFX Application Thread] DEBUG FXGLApplication      - Registering font factories with UI factory
10:21:55.659 [FXGL Background Thread 1 ] INFO  FXGLApplication      - FXGL initialization took: 0.592 sec
10:21:55.685 [JavaFX Application Thread] DEBUG Input                - Registered new binding: action0 - W
10:21:55.686 [JavaFX Application Thread] DEBUG Input                - Registered new binding: action1 - A
10:21:55.687 [JavaFX Application Thread] DEBUG Input                - Registered new binding: action2 - S
10:21:55.687 [JavaFX Application Thread] DEBUG Input                - Registered new binding: action3 - D
10:21:55.688 [JavaFX Application Thread] DEBUG Input                - Registered new binding: action4 - Up
10:21:55.688 [JavaFX Application Thread] DEBUG Input                - Registered new binding: action5 - Left
10:21:55.689 [JavaFX Application Thread] DEBUG Input                - Registered new binding: action6 - Down
10:21:55.690 [JavaFX Application Thread] DEBUG Input                - Registered new binding: action7 - Right
10:21:55.690 [JavaFX Application Thread] DEBUG Input                - Registered new binding: action8 - J
10:21:55.691 [JavaFX Application Thread] DEBUG FXGLAssetLoaderServi - Loading from file system: file:/D:/Repo/Pokemon/target/classes/assets/music/BGM.mp3
10:21:55.814 [JavaFX Application Thread] DEBUG AudioPlayer          - Playing music com.almasb.fxgl.audio.Music@32967d3e
10:21:55.815 [JavaFX Application Thread] DEBUG FXGLAssetLoaderServi - Loading from file system: file:/D:/Repo/Pokemon/target/classes/assets/textures/icon.png
10:21:55.823 [JavaFX Application Thread] DEBUG FXGLAssetLoaderServi - Loading from file system: jar:file:///C:/Java%20Lib/apache-maven-3.8.8/repo/com/github/almasb/fxgl/21/fxgl-21.jar!/fxglassets/textures/fxgl_default_cursor.png
10:21:55.826 [JavaFX Application Thread] DEBUG Input                - Registered new binding: Screenshot - CTRL+8
10:21:55.827 [JavaFX Application Thread] DEBUG Input                - Registered new binding: System info dump - CTRL+9
10:21:55.827 [JavaFX Application Thread] DEBUG Input                - Registered new binding: Restart - CTRL+R
10:21:55.829 [JavaFX Application Thread] DEBUG Input                - Registered new binding: Toggle Debug Camera - CTRL+7
10:21:55.832 [JavaFX Application Thread] DEBUG LoopRunner           - Starting loop
10:21:55.832 [JavaFX Application Thread] DEBUG LoopRunner           - Initializing JavaFX AnimationTimerLoop
10:21:55.834 [JavaFX Application Thread] DEBUG Input                - Clearing active input actions
10:21:55.841 [JavaFX Application Thread] DEBUG GameApplicationServi - Removing overlay from FXGLStartupScene and adding to FXGLMainMenuDummyScene
10:21:55.842 [JavaFX Application Thread] DEBUG PrimaryStageWindow   - FXGLStartupScene -> FXGLMainMenuDummyScene
10:21:55.842 [JavaFX Application Thread] DEBUG PrimaryStageWindow   - Push state: TestMainMenu
10:21:55.844 [JavaFX Application Thread] DEBUG Input                - Clearing active input actions
10:21:55.856 [JavaFX Application Thread] DEBUG GameApplicationServi - Removing overlay from FXGLMainMenuDummyScene and adding to TestMainMenu
10:21:55.856 [JavaFX Application Thread] DEBUG PrimaryStageWindow   - FXGLMainMenuDummyScene -> TestMainMenu
10:21:58.591 [FXGL Background Thread 3 ] DEBUG Engine               - Logging environment variables
10:21:58.591 [FXGL Background Thread 3 ] DEBUG Engine               - achievements: []
10:21:58.591 [FXGL Background Thread 3 ] DEBUG Engine               - actualHeight: 800.0
10:21:58.592 [FXGL Background Thread 3 ] DEBUG Engine               - actualHeightProperty: ReadOnlyDoubleProperty [value: 800.0]
10:21:58.592 [FXGL Background Thread 3 ] DEBUG Engine               - actualWidth: 1024.0
10:21:58.592 [FXGL Background Thread 3 ] DEBUG Engine               - actualWidthProperty: ReadOnlyDoubleProperty [value: 1024.0]
10:21:58.592 [FXGL Background Thread 3 ] DEBUG Engine               - appIcon: icon.png
10:21:58.592 [FXGL Background Thread 3 ] DEBUG Engine               - applicationMode: DEVELOPER
10:21:58.592 [FXGL Background Thread 3 ] DEBUG Engine               - cSSList: [fxgl_dark.css]
10:21:58.592 [FXGL Background Thread 3 ] DEBUG Engine               - collisionDetectionStrategy: BRUTE_FORCE
10:21:58.592 [FXGL Background Thread 3 ] DEBUG Engine               - configClass: Optional.empty
10:21:58.592 [FXGL Background Thread 3 ] DEBUG Engine               - credits: []
10:21:58.592 [FXGL Background Thread 3 ] DEBUG Engine               - defaultCursor: CursorInfo(imageName=fxgl_default_cursor.png, hotspotX=7.0, hotspotY=6.0)
10:21:58.592 [FXGL Background Thread 3 ] DEBUG Engine               - devBBoxColorProperty: ObjectProperty [value: 0xff0000ff]
10:21:58.592 [FXGL Background Thread 3 ] DEBUG Engine               - devEnableDebugCameraProperty: BooleanProperty [value: false]
10:21:58.592 [FXGL Background Thread 3 ] DEBUG Engine               - devSensorColorProperty: ObjectProperty [value: 0xffff00ff]
10:21:58.592 [FXGL Background Thread 3 ] DEBUG Engine               - devShowBBoxProperty: BooleanProperty [value: false]
10:21:58.592 [FXGL Background Thread 3 ] DEBUG Engine               - devShowPositionProperty: BooleanProperty [value: false]
10:21:58.592 [FXGL Background Thread 3 ] DEBUG Engine               - enabledMenuItems: []
10:21:58.593 [FXGL Background Thread 3 ] DEBUG Engine               - engineServices: [class com.almasb.fxgl.app.services.FXGLAssetLoaderService, class com.almasb.fxgl.app.FXGLApplication$GameApplicationService, class com.almasb.fxgl.app.services.FXGLDialogService, class com.almasb.fxgl.app.services.IOTaskExecutorService, class com.almasb.fxgl.io.FileSystemService, class com.almasb.fxgl.localization.LocalizationService, class com.almasb.fxgl.app.services.SystemBundleService, class com.almasb.fxgl.profile.SaveLoadService, class com.almasb.fxgl.ui.FXGLUIFactoryServiceProvider, class com.almasb.fxgl.ui.FXGLDialogFactoryServiceProvider, class com.almasb.fxgl.audio.AudioPlayer, class com.almasb.fxgl.notification.impl.NotificationServiceProvider, class com.almasb.fxgl.achievement.AchievementService, class com.almasb.fxgl.cutscene.CutsceneService, class com.almasb.fxgl.minigames.MiniGameService, class com.almasb.fxgl.net.NetService, class com.almasb.fxgl.app.services.UpdaterService, class com.almasb.fxgl.dev.DevService]
10:21:58.593 [FXGL Background Thread 3 ] DEBUG Engine               - fontGame: Abel-Regular.ttf
10:21:58.593 [FXGL Background Thread 3 ] DEBUG Engine               - fontMono: TerminalLandMono-Regular.otf
10:21:58.593 [FXGL Background Thread 3 ] DEBUG Engine               - fontSizeScaleUI: 1.0
10:21:58.593 [FXGL Background Thread 3 ] DEBUG Engine               - fontText: Courier-Prime.ttf
10:21:58.593 [FXGL Background Thread 3 ] DEBUG Engine               - fontUI: VarelaRound-Regular.ttf
10:21:58.593 [FXGL Background Thread 3 ] DEBUG Engine               - fullScreen: BooleanProperty [value: false]
10:21:58.593 [FXGL Background Thread 3 ] DEBUG Engine               - gameDifficulty: MEDIUM
10:21:58.593 [FXGL Background Thread 3 ] DEBUG Engine               - gameDifficultyProperty: ObjectProperty [value: MEDIUM]
10:21:58.593 [FXGL Background Thread 3 ] DEBUG Engine               - globalMusicVolume: 0.5
10:21:58.593 [FXGL Background Thread 3 ] DEBUG Engine               - globalMusicVolumeProperty: DoubleProperty [value: 0.1]
10:21:58.593 [FXGL Background Thread 3 ] DEBUG Engine               - globalSoundVolume: 0.5
10:21:58.593 [FXGL Background Thread 3 ] DEBUG Engine               - globalSoundVolumeProperty: DoubleProperty [value: 0.5]
10:21:58.593 [FXGL Background Thread 3 ] DEBUG Engine               - height: 800
10:21:58.593 [FXGL Background Thread 3 ] DEBUG Engine               - is3D: false
10:21:58.593 [FXGL Background Thread 3 ] DEBUG Engine               - isAndroid: false
10:21:58.593 [FXGL Background Thread 3 ] DEBUG Engine               - isBrowser: false
10:21:58.593 [FXGL Background Thread 3 ] DEBUG Engine               - isClickFeedbackEnabled: false
10:21:58.593 [FXGL Background Thread 3 ] DEBUG Engine               - isCloseConfirmation: false
10:21:58.593 [FXGL Background Thread 3 ] DEBUG Engine               - isDesktop: true
10:21:58.593 [FXGL Background Thread 3 ] DEBUG Engine               - isDeveloperMenuEnabled: false
10:21:58.593 [FXGL Background Thread 3 ] DEBUG Engine               - isEmbedded: false
10:21:58.593 [FXGL Background Thread 3 ] DEBUG Engine               - isEntityPreloadEnabled: true
10:21:58.593 [FXGL Background Thread 3 ] DEBUG Engine               - isExperimentalTiledLargeMap: false
10:21:58.593 [FXGL Background Thread 3 ] DEBUG Engine               - isFileSystemWriteAllowed: true
10:21:58.593 [FXGL Background Thread 3 ] DEBUG Engine               - isFullScreenAllowed: false
10:21:58.593 [FXGL Background Thread 3 ] DEBUG Engine               - isFullScreenFromStart: false
10:21:58.593 [FXGL Background Thread 3 ] DEBUG Engine               - isGameMenuEnabled: true
10:21:58.593 [FXGL Background Thread 3 ] DEBUG Engine               - isIOS: false
10:21:58.593 [FXGL Background Thread 3 ] DEBUG Engine               - isIntroEnabled: false
10:21:58.593 [FXGL Background Thread 3 ] DEBUG Engine               - isLinux: false
10:21:58.593 [FXGL Background Thread 3 ] DEBUG Engine               - isMac: false
10:21:58.593 [FXGL Background Thread 3 ] DEBUG Engine               - isMainMenuEnabled: true
10:21:58.593 [FXGL Background Thread 3 ] DEBUG Engine               - isManualResizeEnabled: false
10:21:58.593 [FXGL Background Thread 3 ] DEBUG Engine               - isMobile: false
10:21:58.593 [FXGL Background Thread 3 ] DEBUG Engine               - isNative: false
10:21:58.593 [FXGL Background Thread 3 ] DEBUG Engine               - isPauseMusicWhenMinimized: true
10:21:58.593 [FXGL Background Thread 3 ] DEBUG Engine               - isPreserveResizeRatio: false
10:21:58.593 [FXGL Background Thread 3 ] DEBUG Engine               - isProfilingEnabled: false
10:21:58.594 [FXGL Background Thread 3 ] DEBUG Engine               - isScaleAffectedOnResize: true
10:21:58.594 [FXGL Background Thread 3 ] DEBUG Engine               - isSingleStep: false
10:21:58.594 [FXGL Background Thread 3 ] DEBUG Engine               - isUserProfileEnabled: false
10:21:58.594 [FXGL Background Thread 3 ] DEBUG Engine               - isWindows: true
10:21:58.594 [FXGL Background Thread 3 ] DEBUG Engine               - language: ObjectProperty [value: ENGLISH]
10:21:58.594 [FXGL Background Thread 3 ] DEBUG Engine               - menuKey: ESCAPE
10:21:58.594 [FXGL Background Thread 3 ] DEBUG Engine               - mouseSensitivity: 0.2
10:21:58.594 [FXGL Background Thread 3 ] DEBUG Engine               - notificationViewClass: class com.almasb.fxgl.notification.view.XboxNotificationView
10:21:58.594 [FXGL Background Thread 3 ] DEBUG Engine               - pixelsPerMeter: 50.0
10:21:58.594 [FXGL Background Thread 3 ] DEBUG Engine               - platform: WINDOWS
10:21:58.594 [FXGL Background Thread 3 ] DEBUG Engine               - prefHeightProperty: ReadOnlyDoubleProperty [value: 800.0]
10:21:58.594 [FXGL Background Thread 3 ] DEBUG Engine               - prefWidthProperty: ReadOnlyDoubleProperty [value: 1024.0]
10:21:58.594 [FXGL Background Thread 3 ] DEBUG Engine               - profileDir: profiles/
10:21:58.594 [FXGL Background Thread 3 ] DEBUG Engine               - profileName: StringProperty [value: DEFAULT]
10:21:58.594 [FXGL Background Thread 3 ] DEBUG Engine               - randomSeed: -1
10:21:58.594 [FXGL Background Thread 3 ] DEBUG Engine               - runtimeInfo: RuntimeInfo(platform=WINDOWS, version=21, build=28.12.2023 13.35)
10:21:58.594 [FXGL Background Thread 3 ] DEBUG Engine               - saveFileExt: sav
10:21:58.594 [FXGL Background Thread 3 ] DEBUG Engine               - scaledHeightProp$fxgl: DoubleProperty [bound, value: 800.0]
10:21:58.594 [FXGL Background Thread 3 ] DEBUG Engine               - scaledWidthProp$fxgl: DoubleProperty [bound, value: 1024.0]
10:21:58.594 [FXGL Background Thread 3 ] DEBUG Engine               - sceneFactory: org.example.pokemon.map.GameApp$1@4dba6f29
10:21:58.594 [FXGL Background Thread 3 ] DEBUG Engine               - secondsIn24h: 60
10:21:58.594 [FXGL Background Thread 3 ] DEBUG Engine               - soundMenuBack: menu/back.wav
10:21:58.594 [FXGL Background Thread 3 ] DEBUG Engine               - soundMenuPress: menu/press.wav
10:21:58.594 [FXGL Background Thread 3 ] DEBUG Engine               - soundMenuSelect: menu/select.wav
10:21:58.594 [FXGL Background Thread 3 ] DEBUG Engine               - soundNotification: core/notification.wav
10:21:58.594 [FXGL Background Thread 3 ] DEBUG Engine               - stageStyle: DECORATED
10:21:58.594 [FXGL Background Thread 3 ] DEBUG Engine               - supportedLanguages: [ENGLISH, FRENCH, GERMAN, HUNGARIAN, RUSSIAN]
10:21:58.594 [FXGL Background Thread 3 ] DEBUG Engine               - ticksPerSecond: -1
10:21:58.594 [FXGL Background Thread 3 ] DEBUG Engine               - title: Pokemon
10:21:58.594 [FXGL Background Thread 3 ] DEBUG Engine               - urlGithub: https://github.com/AlmasB/FXGL
10:21:58.594 [FXGL Background Thread 3 ] DEBUG Engine               - urlLeaderboard: http://fxgl-top.herokuapp.com/
10:21:58.594 [FXGL Background Thread 3 ] DEBUG Engine               - urlPOM: https://raw.githubusercontent.com/AlmasB/FXGL/release/README.md
10:21:58.594 [FXGL Background Thread 3 ] DEBUG Engine               - userAppClass: class org.example.pokemon.map.GameApp
10:21:58.594 [FXGL Background Thread 3 ] DEBUG Engine               - version: 0.1
10:21:58.594 [FXGL Background Thread 3 ] DEBUG Engine               - versionCheckDays: 7
10:21:58.594 [FXGL Background Thread 3 ] DEBUG Engine               - width: 1024
10:21:58.594 [FXGL Background Thread 3 ] DEBUG Engine               - Logging services
10:21:58.594 [FXGL Background Thread 3 ] DEBUG Engine               - class com.almasb.fxgl.app.services.FXGLAssetLoaderService
10:21:58.594 [FXGL Background Thread 3 ] DEBUG Engine               - class com.almasb.fxgl.app.FXGLApplication$GameApplicationService
10:21:58.594 [FXGL Background Thread 3 ] DEBUG Engine               - class com.almasb.fxgl.app.services.FXGLDialogService
10:21:58.594 [FXGL Background Thread 3 ] DEBUG Engine               - class com.almasb.fxgl.app.services.IOTaskExecutorService
10:21:58.594 [FXGL Background Thread 3 ] DEBUG Engine               - class com.almasb.fxgl.io.FileSystemService
10:21:58.594 [FXGL Background Thread 3 ] DEBUG Engine               - class com.almasb.fxgl.localization.LocalizationService
10:21:58.594 [FXGL Background Thread 3 ] DEBUG Engine               - class com.almasb.fxgl.app.services.SystemBundleService
10:21:58.595 [FXGL Background Thread 3 ] DEBUG Engine               - class com.almasb.fxgl.profile.SaveLoadService
10:21:58.595 [FXGL Background Thread 3 ] DEBUG Engine               - class com.almasb.fxgl.ui.FXGLUIFactoryServiceProvider
10:21:58.595 [FXGL Background Thread 3 ] DEBUG Engine               - class com.almasb.fxgl.ui.FXGLDialogFactoryServiceProvider
10:21:58.595 [FXGL Background Thread 3 ] DEBUG Engine               - class com.almasb.fxgl.audio.AudioPlayer
10:21:58.595 [FXGL Background Thread 3 ] DEBUG Engine               - class com.almasb.fxgl.notification.impl.NotificationServiceProvider
10:21:58.595 [FXGL Background Thread 3 ] DEBUG Engine               - class com.almasb.fxgl.achievement.AchievementService
10:21:58.595 [FXGL Background Thread 3 ] DEBUG Engine               - class com.almasb.fxgl.cutscene.CutsceneService
10:21:58.595 [FXGL Background Thread 3 ] DEBUG Engine               - class com.almasb.fxgl.minigames.MiniGameService
10:21:58.595 [FXGL Background Thread 3 ] DEBUG Engine               - class com.almasb.fxgl.net.NetService
10:21:58.595 [FXGL Background Thread 3 ] DEBUG Engine               - class com.almasb.fxgl.app.services.UpdaterService
10:21:58.595 [FXGL Background Thread 3 ] DEBUG Engine               - class com.almasb.fxgl.dev.DevService
10:21:59.805 [FXGL Background Thread 2 ] INFO  UpdaterService       - Your current version:  21
10:21:59.805 [FXGL Background Thread 2 ] INFO  UpdaterService       - Latest stable version: 21.1
10:22:15.189 [JavaFX Application Thread] DEBUG GameApplicationServi - Starting new game
10:22:15.189 [JavaFX Application Thread] DEBUG PrimaryStageWindow   - Pop state: TestMainMenu
10:22:15.189 [JavaFX Application Thread] DEBUG Input                - Clearing active input actions
10:22:15.190 [JavaFX Application Thread] DEBUG GameApplicationServi - Removing overlay from TestMainMenu and adding to FXGLMainMenuDummyScene
10:22:15.190 [JavaFX Application Thread] DEBUG PrimaryStageWindow   - FXGLMainMenuDummyScene <- TestMainMenu
10:22:15.190 [JavaFX Application Thread] DEBUG Input                - Clearing active input actions
10:22:15.193 [JavaFX Application Thread] DEBUG GameApplicationServi - Removing overlay from FXGLMainMenuDummyScene and adding to FXGLLoadingScene
10:22:15.193 [JavaFX Application Thread] DEBUG PrimaryStageWindow   - FXGLMainMenuDummyScene -> FXGLLoadingScene
10:22:15.193 [JavaFX Application Thread] DEBUG GameApplicationServi - Clearing previous game
10:22:15.193 [JavaFX Application Thread] DEBUG GameScene            - Clearing game scene
10:22:15.193 [JavaFX Application Thread] DEBUG GameWorld            - Clearing game world
10:22:15.193 [JavaFX Application Thread] DEBUG PhysicsWorld         - Clearing physics world
10:22:15.194 [FXGL Background Thread 2 ] DEBUG FXGLApplication      - Initializing game
10:22:15.209 [FXGL Background Thread 2 ] WARN  TMXLevelLoader       - TiledMap generated from 1.8.4. Supported version: 1.9.0. Some features may not be parsed fully.
10:22:15.228 [FXGL Background Thread 2 ] DEBUG TMXLevelLoader       - Parsed TiledMap: file:/D:/Repo/Pokemon/target/classes/assets/levels/level1.tmx
10:22:15.231 [FXGL Background Thread 2 ] DEBUG TMXLevelLoader       - Creating tile layer entities
10:22:15.234 [FXGL Background Thread 2 ] DEBUG TilesetLoader        - Loading view for layer 图块层 1
10:22:15.235 [FXGL Background Thread 2 ] DEBUG TilesetLoader        - Created buffer with size 1024.0x800.0
10:22:15.243 [FXGL Background Thread 2 ] DEBUG TMXLevelLoader       - Creating object layer entities
10:22:15.306 [FXGL Background Thread 2 ] DEBUG FXGLAssetLoaderServi - Loading from file system: file:/D:/Repo/Pokemon/target/classes/assets/textures/flower.png
10:22:15.324 [FXGL Background Thread 2 ] DEBUG GameWorld            - Clearing removable entities
10:22:15.325 [FXGL Background Thread 2 ] DEBUG GameWorld            - Setting level: com.almasb.fxgl.entity.level.Level@688daff7
10:22:15.335 [FXGL Background Thread 2 ] DEBUG FXGLAssetLoaderServi - Loading from file system: file:/D:/Repo/Pokemon/target/classes/assets/textures/buLunDan2.png
10:22:15.337 [FXGL Background Thread 2 ] DEBUG FXGLAssetLoaderServi - Loading from file system: file:/D:/Repo/Pokemon/target/classes/assets/textures/RacketTeam.png
10:22:15.340 [FXGL Background Thread 2 ] INFO  FXGLApplication      - Game initialization took: 0.146 sec
10:22:15.340 [JavaFX Application Thread] DEBUG Input                - Clearing active input actions
10:22:15.345 [JavaFX Application Thread] DEBUG GameApplicationServi - Removing overlay from FXGLLoadingScene and adding to GameScene
10:22:15.345 [JavaFX Application Thread] DEBUG PrimaryStageWindow   - FXGLLoadingScene -> GameScene
10:22:27.275 [JavaFX Application Thread] DEBUG FXGLApplication      - Exiting FXGL
10:22:27.275 [JavaFX Application Thread] DEBUG LoopRunner           - Stopping loop
10:22:27.275 [JavaFX Application Thread] DEBUG SystemBundleService  - Saving FXGL system data
10:22:27.277 [JavaFX Application Thread] DEBUG FileSystemAccess     - Writing to: D:\Repo\Pokemon\system\fxgl.bundle
10:22:27.280 [JavaFX Application Thread] DEBUG Async                - Shutting down background threads
10:22:27.280 [JavaFX Application Thread] DEBUG PrimaryStageWindow   - Closing main window
10:22:27.290 [JavaFX Application Thread] DEBUG Logger               - Closing Logger
