14:59:56.379 [main                     ] DEBUG Logger               - Configured Logger
14:59:56.406 [main                     ] DEBUG GameApplication      - Logging settings
Title: Pokemon
Version: 0.1
Width: 1024
Height: 800
Fullscreen: false
Intro: false
Profiling: false
Single step:false
App Mode: DEVELOPER
Menu Key: ESCAPE
Stage Style: DECORATED
Scene Factory: class org.example.pokemon.map.GameApp$1

14:59:56.659 [JavaFX Application Thread] DEBUG FXGLApplication      - Initializing FXGL
14:59:56.662 [JavaFX Application Thread] INFO  Engine               - FXGL-21 (28.12.2023 13.35) on WINDOWS (J:21.0.4 FX:21)
14:59:56.663 [JavaFX Application Thread] DEBUG Engine               - JRE Vendor Name: Oracle Corporation
14:59:56.663 [JavaFX Application Thread] DEBUG Engine               - Running on OS: Windows 11 version 10.0
14:59:56.663 [JavaFX Application Thread] DEBUG Engine               - Architecture: amd64
14:59:56.663 [JavaFX Application Thread] INFO  Engine               - Source code and latest versions at: https://github.com/AlmasB/FXGL
14:59:56.663 [JavaFX Application Thread] INFO  Engine               -       Ask questions and discuss at: https://github.com/AlmasB/FXGL/discussions
14:59:56.663 [JavaFX Application Thread] INFO  Engine               -              Join the FXGL chat at: https://gitter.im/AlmasB/FXGL
14:59:56.710 [JavaFX Application Thread] DEBUG PrimaryStageWindow   - Creating a JavaFX scene
14:59:56.735 [JavaFX Application Thread] DEBUG PrimaryStageWindow   - Target settings size: 1024.0 x 800.0
14:59:56.736 [JavaFX Application Thread] DEBUG PrimaryStageWindow   - Scaled scene size:    1024.0 x 800.0
14:59:56.736 [JavaFX Application Thread] DEBUG PrimaryStageWindow   - Scaled ratio: (1.0, 1.0)
14:59:56.736 [JavaFX Application Thread] DEBUG PrimaryStageWindow   - Set initial scene to FXGLStartupScene
14:59:56.738 [JavaFX Application Thread] DEBUG PrimaryStageWindow   - Opening main window
14:59:56.801 [JavaFX Application Thread] DEBUG PrimaryStageWindow   - Window border size: (14.6666259765625, 37.33331298828125)
14:59:56.802 [JavaFX Application Thread] DEBUG PrimaryStageWindow   - Scaled size: 1024.0 x 800.0
14:59:56.802 [JavaFX Application Thread] DEBUG PrimaryStageWindow   - Scaled ratio: (1.0, 1.0)
14:59:56.802 [JavaFX Application Thread] DEBUG PrimaryStageWindow   - Scene size: 1024.0 x 800.0
14:59:56.802 [JavaFX Application Thread] DEBUG PrimaryStageWindow   - Stage size: 1038.6666259765625 x 837.3333129882812
14:59:56.805 [FXGL Background Thread 1 ] DEBUG Engine               - Initializing environment variables
14:59:56.862 [FXGL Background Thread 1 ] DEBUG FXGLAssetLoaderServi - User app class for loading assets: class org.example.pokemon.map.GameApp
14:59:56.862 [FXGL Background Thread 1 ] DEBUG GameApplicationServi - Applying CSS: fxgl_dark.css
14:59:56.863 [FXGL Background Thread 1 ] DEBUG FXGLAssetLoaderServi - Loading from file system: jar:file:///C:/Java%20Lib/apache-maven-3.8.8/repo/com/github/almasb/fxgl/21/fxgl-21.jar!/fxglassets/ui/css/fxgl_dark.css
14:59:56.905 [FXGL Background Thread 1 ] DEBUG GameApplicationServi - Initializing application scenes
14:59:56.983 [FXGL Background Thread 1 ] DEBUG GameWorld            - Game world initialized
14:59:57.028 [FXGL Background Thread 1 ] DEBUG PhysicsWorld         - Physics world initialized: appHeight=800, physics.ppm=50.0
14:59:57.028 [FXGL Background Thread 1 ] DEBUG PhysicsWorld         - Using strategy: BRUTE_FORCE
14:59:57.032 [FXGL Background Thread 1 ] DEBUG GameScene            - Game scene initialized: 1024x800
14:59:57.175 [FXGL Background Thread 1 ] DEBUG FXGL.DefaultMenu     - createMenuBodyGameMenu()
14:59:57.181 [FXGL Background Thread 1 ] DEBUG FXGL.DefaultMenu     - createOptionsMenu()
14:59:57.186 [FXGL Background Thread 1 ] DEBUG FXGLAssetLoaderServi - Loading from file system: jar:file:///C:/Java%20Lib/apache-maven-3.8.8/repo/com/github/almasb/fxgl/21/fxgl-21.jar!/fxglassets/textures/particles/smoke.png
14:59:57.292 [FXGL Background Thread 1 ] DEBUG FXGLAssetLoaderServi - Loading from file system: jar:file:///C:/Java%20Lib/apache-maven-3.8.8/repo/com/github/almasb/fxgl/21/fxgl-21.jar!/fxglassets/textures/particles/trace_horizontal.png
14:59:57.316 [FXGL Background Thread 1 ] DEBUG GameApplicationServi - Application scenes initialized
14:59:57.323 [FXGL Background Thread 1 ] DEBUG SystemBundleService  - Loading FXGL system data
14:59:57.326 [FXGL Background Thread 1 ] DEBUG FileSystemAccess     - Reading from: D:\Repo\Pokemon\system\fxgl.bundle
14:59:57.331 [FXGL Background Thread 1 ] DEBUG SystemBundleService  - Bundle FXGL: {}
14:59:57.331 [FXGL Background Thread 1 ] DEBUG UpdaterService       - Checking for updates
14:59:57.334 [FXGL Background Thread 4 ] DEBUG FXGLApplication      - Loading fonts
14:59:57.334 [FXGL Background Thread 4 ] DEBUG FXGLAssetLoaderServi - Loading from file system: jar:file:///C:/Java%20Lib/apache-maven-3.8.8/repo/com/github/almasb/fxgl/21/fxgl-21.jar!/fxglassets/ui/fonts/VarelaRound-Regular.ttf
14:59:57.335 [FXGL Background Thread 1 ] DEBUG FXGLApplication      - Loading default localization
14:59:57.335 [FXGL Background Thread 1 ] DEBUG FXGLAssetLoaderServi - Loading from file system: jar:file:///C:/Java%20Lib/apache-maven-3.8.8/repo/com/github/almasb/fxgl/21/fxgl-21.jar!/fxglassets/languages/english.lang
14:59:57.370 [FXGL Background Thread 4 ] DEBUG FXGLAssetLoaderServi - Loading from file system: jar:file:///C:/Java%20Lib/apache-maven-3.8.8/repo/com/github/almasb/fxgl/21/fxgl-21.jar!/fxglassets/ui/fonts/Abel-Regular.ttf
14:59:57.373 [FXGL Background Thread 4 ] DEBUG FXGLAssetLoaderServi - Loading from file system: jar:file:///C:/Java%20Lib/apache-maven-3.8.8/repo/com/github/almasb/fxgl/21/fxgl-21.jar!/fxglassets/ui/fonts/TerminalLandMono-Regular.otf
14:59:57.375 [FXGL Background Thread 4 ] DEBUG FXGLAssetLoaderServi - Loading from file system: jar:file:///C:/Java%20Lib/apache-maven-3.8.8/repo/com/github/almasb/fxgl/21/fxgl-21.jar!/fxglassets/ui/fonts/Courier-Prime.ttf
14:59:57.383 [JavaFX Application Thread] DEBUG FXGLApplication      - Registering font factories with UI factory
14:59:57.442 [FXGL Background Thread 1 ] INFO  FXGLApplication      - FXGL initialization took: 0.636 sec
14:59:57.462 [JavaFX Application Thread] DEBUG Input                - Registered new binding: action0 - W
14:59:57.462 [JavaFX Application Thread] DEBUG Input                - Registered new binding: action1 - A
14:59:57.463 [JavaFX Application Thread] DEBUG Input                - Registered new binding: action2 - S
14:59:57.463 [JavaFX Application Thread] DEBUG Input                - Registered new binding: action3 - D
14:59:57.464 [JavaFX Application Thread] DEBUG Input                - Registered new binding: action4 - Up
14:59:57.464 [JavaFX Application Thread] DEBUG Input                - Registered new binding: action5 - Left
14:59:57.465 [JavaFX Application Thread] DEBUG Input                - Registered new binding: action6 - Down
14:59:57.465 [JavaFX Application Thread] DEBUG Input                - Registered new binding: action7 - Right
14:59:57.466 [JavaFX Application Thread] DEBUG Input                - Registered new binding: action8 - J
14:59:57.466 [JavaFX Application Thread] DEBUG FXGLAssetLoaderServi - Loading from file system: file:/D:/Repo/Pokemon/target/classes/assets/music/BGM.mp3
14:59:57.578 [JavaFX Application Thread] DEBUG AudioPlayer          - Playing music com.almasb.fxgl.audio.Music@10beea7
14:59:57.579 [JavaFX Application Thread] DEBUG FXGLAssetLoaderServi - Loading from file system: file:/D:/Repo/Pokemon/target/classes/assets/textures/icon.png
14:59:57.596 [JavaFX Application Thread] DEBUG FXGLAssetLoaderServi - Loading from file system: jar:file:///C:/Java%20Lib/apache-maven-3.8.8/repo/com/github/almasb/fxgl/21/fxgl-21.jar!/fxglassets/textures/fxgl_default_cursor.png
14:59:57.600 [JavaFX Application Thread] DEBUG Input                - Registered new binding: Screenshot - CTRL+8
14:59:57.601 [JavaFX Application Thread] DEBUG Input                - Registered new binding: System info dump - CTRL+9
14:59:57.601 [JavaFX Application Thread] DEBUG Input                - Registered new binding: Restart - CTRL+R
14:59:57.604 [JavaFX Application Thread] DEBUG Input                - Registered new binding: Toggle Debug Camera - CTRL+7
14:59:57.611 [JavaFX Application Thread] DEBUG LoopRunner           - Starting loop
14:59:57.611 [JavaFX Application Thread] DEBUG LoopRunner           - Initializing JavaFX AnimationTimerLoop
14:59:57.614 [JavaFX Application Thread] DEBUG Input                - Clearing active input actions
14:59:57.621 [JavaFX Application Thread] DEBUG GameApplicationServi - Removing overlay from FXGLStartupScene and adding to FXGLMainMenuDummyScene
14:59:57.621 [JavaFX Application Thread] DEBUG PrimaryStageWindow   - FXGLStartupScene -> FXGLMainMenuDummyScene
14:59:57.621 [JavaFX Application Thread] DEBUG PrimaryStageWindow   - Push state: TestMainMenu
14:59:57.624 [JavaFX Application Thread] DEBUG Input                - Clearing active input actions
14:59:57.634 [JavaFX Application Thread] DEBUG GameApplicationServi - Removing overlay from FXGLMainMenuDummyScene and adding to TestMainMenu
14:59:57.634 [JavaFX Application Thread] DEBUG PrimaryStageWindow   - FXGLMainMenuDummyScene -> TestMainMenu
15:00:00.333 [FXGL Background Thread 3 ] DEBUG Engine               - Logging environment variables
15:00:00.333 [FXGL Background Thread 3 ] DEBUG Engine               - achievements: []
15:00:00.333 [FXGL Background Thread 3 ] DEBUG Engine               - actualHeight: 800.0
15:00:00.333 [FXGL Background Thread 3 ] DEBUG Engine               - actualHeightProperty: ReadOnlyDoubleProperty [value: 800.0]
15:00:00.333 [FXGL Background Thread 3 ] DEBUG Engine               - actualWidth: 1024.0
15:00:00.334 [FXGL Background Thread 3 ] DEBUG Engine               - actualWidthProperty: ReadOnlyDoubleProperty [value: 1024.0]
15:00:00.334 [FXGL Background Thread 3 ] DEBUG Engine               - appIcon: icon.png
15:00:00.334 [FXGL Background Thread 3 ] DEBUG Engine               - applicationMode: DEVELOPER
15:00:00.334 [FXGL Background Thread 3 ] DEBUG Engine               - cSSList: [fxgl_dark.css]
15:00:00.334 [FXGL Background Thread 3 ] DEBUG Engine               - collisionDetectionStrategy: BRUTE_FORCE
15:00:00.334 [FXGL Background Thread 3 ] DEBUG Engine               - configClass: Optional.empty
15:00:00.334 [FXGL Background Thread 3 ] DEBUG Engine               - credits: []
15:00:00.334 [FXGL Background Thread 3 ] DEBUG Engine               - defaultCursor: CursorInfo(imageName=fxgl_default_cursor.png, hotspotX=7.0, hotspotY=6.0)
15:00:00.334 [FXGL Background Thread 3 ] DEBUG Engine               - devBBoxColorProperty: ObjectProperty [value: 0xff0000ff]
15:00:00.334 [FXGL Background Thread 3 ] DEBUG Engine               - devEnableDebugCameraProperty: BooleanProperty [value: false]
15:00:00.334 [FXGL Background Thread 3 ] DEBUG Engine               - devSensorColorProperty: ObjectProperty [value: 0xffff00ff]
15:00:00.334 [FXGL Background Thread 3 ] DEBUG Engine               - devShowBBoxProperty: BooleanProperty [value: false]
15:00:00.334 [FXGL Background Thread 3 ] DEBUG Engine               - devShowPositionProperty: BooleanProperty [value: false]
15:00:00.334 [FXGL Background Thread 3 ] DEBUG Engine               - enabledMenuItems: []
15:00:00.334 [FXGL Background Thread 3 ] DEBUG Engine               - engineServices: [class com.almasb.fxgl.app.services.FXGLAssetLoaderService, class com.almasb.fxgl.app.FXGLApplication$GameApplicationService, class com.almasb.fxgl.app.services.FXGLDialogService, class com.almasb.fxgl.app.services.IOTaskExecutorService, class com.almasb.fxgl.io.FileSystemService, class com.almasb.fxgl.localization.LocalizationService, class com.almasb.fxgl.app.services.SystemBundleService, class com.almasb.fxgl.profile.SaveLoadService, class com.almasb.fxgl.ui.FXGLUIFactoryServiceProvider, class com.almasb.fxgl.ui.FXGLDialogFactoryServiceProvider, class com.almasb.fxgl.audio.AudioPlayer, class com.almasb.fxgl.notification.impl.NotificationServiceProvider, class com.almasb.fxgl.achievement.AchievementService, class com.almasb.fxgl.cutscene.CutsceneService, class com.almasb.fxgl.minigames.MiniGameService, class com.almasb.fxgl.net.NetService, class com.almasb.fxgl.app.services.UpdaterService, class com.almasb.fxgl.dev.DevService]
15:00:00.334 [FXGL Background Thread 3 ] DEBUG Engine               - fontGame: Abel-Regular.ttf
15:00:00.334 [FXGL Background Thread 3 ] DEBUG Engine               - fontMono: TerminalLandMono-Regular.otf
15:00:00.334 [FXGL Background Thread 3 ] DEBUG Engine               - fontSizeScaleUI: 1.0
15:00:00.334 [FXGL Background Thread 3 ] DEBUG Engine               - fontText: Courier-Prime.ttf
15:00:00.334 [FXGL Background Thread 3 ] DEBUG Engine               - fontUI: VarelaRound-Regular.ttf
15:00:00.334 [FXGL Background Thread 3 ] DEBUG Engine               - fullScreen: BooleanProperty [value: false]
15:00:00.334 [FXGL Background Thread 3 ] DEBUG Engine               - gameDifficulty: MEDIUM
15:00:00.334 [FXGL Background Thread 3 ] DEBUG Engine               - gameDifficultyProperty: ObjectProperty [value: MEDIUM]
15:00:00.334 [FXGL Background Thread 3 ] DEBUG Engine               - globalMusicVolume: 0.5
15:00:00.334 [FXGL Background Thread 3 ] DEBUG Engine               - globalMusicVolumeProperty: DoubleProperty [value: 0.1]
15:00:00.334 [FXGL Background Thread 3 ] DEBUG Engine               - globalSoundVolume: 0.5
15:00:00.334 [FXGL Background Thread 3 ] DEBUG Engine               - globalSoundVolumeProperty: DoubleProperty [value: 0.5]
15:00:00.334 [FXGL Background Thread 3 ] DEBUG Engine               - height: 800
15:00:00.334 [FXGL Background Thread 3 ] DEBUG Engine               - is3D: false
15:00:00.334 [FXGL Background Thread 3 ] DEBUG Engine               - isAndroid: false
15:00:00.336 [FXGL Background Thread 3 ] DEBUG Engine               - isBrowser: false
15:00:00.336 [FXGL Background Thread 3 ] DEBUG Engine               - isClickFeedbackEnabled: false
15:00:00.336 [FXGL Background Thread 3 ] DEBUG Engine               - isCloseConfirmation: false
15:00:00.336 [FXGL Background Thread 3 ] DEBUG Engine               - isDesktop: true
15:00:00.336 [FXGL Background Thread 3 ] DEBUG Engine               - isDeveloperMenuEnabled: false
15:00:00.336 [FXGL Background Thread 3 ] DEBUG Engine               - isEmbedded: false
15:00:00.336 [FXGL Background Thread 3 ] DEBUG Engine               - isEntityPreloadEnabled: true
15:00:00.336 [FXGL Background Thread 3 ] DEBUG Engine               - isExperimentalTiledLargeMap: false
15:00:00.336 [FXGL Background Thread 3 ] DEBUG Engine               - isFileSystemWriteAllowed: true
15:00:00.336 [FXGL Background Thread 3 ] DEBUG Engine               - isFullScreenAllowed: false
15:00:00.336 [FXGL Background Thread 3 ] DEBUG Engine               - isFullScreenFromStart: false
15:00:00.336 [FXGL Background Thread 3 ] DEBUG Engine               - isGameMenuEnabled: true
15:00:00.336 [FXGL Background Thread 3 ] DEBUG Engine               - isIOS: false
15:00:00.336 [FXGL Background Thread 3 ] DEBUG Engine               - isIntroEnabled: false
15:00:00.336 [FXGL Background Thread 3 ] DEBUG Engine               - isLinux: false
15:00:00.336 [FXGL Background Thread 3 ] DEBUG Engine               - isMac: false
15:00:00.336 [FXGL Background Thread 3 ] DEBUG Engine               - isMainMenuEnabled: true
15:00:00.336 [FXGL Background Thread 3 ] DEBUG Engine               - isManualResizeEnabled: false
15:00:00.336 [FXGL Background Thread 3 ] DEBUG Engine               - isMobile: false
15:00:00.336 [FXGL Background Thread 3 ] DEBUG Engine               - isNative: false
15:00:00.336 [FXGL Background Thread 3 ] DEBUG Engine               - isPauseMusicWhenMinimized: true
15:00:00.336 [FXGL Background Thread 3 ] DEBUG Engine               - isPreserveResizeRatio: false
15:00:00.336 [FXGL Background Thread 3 ] DEBUG Engine               - isProfilingEnabled: false
15:00:00.336 [FXGL Background Thread 3 ] DEBUG Engine               - isScaleAffectedOnResize: true
15:00:00.336 [FXGL Background Thread 3 ] DEBUG Engine               - isSingleStep: false
15:00:00.336 [FXGL Background Thread 3 ] DEBUG Engine               - isUserProfileEnabled: false
15:00:00.336 [FXGL Background Thread 3 ] DEBUG Engine               - isWindows: true
15:00:00.336 [FXGL Background Thread 3 ] DEBUG Engine               - language: ObjectProperty [value: ENGLISH]
15:00:00.336 [FXGL Background Thread 3 ] DEBUG Engine               - menuKey: ESCAPE
15:00:00.336 [FXGL Background Thread 3 ] DEBUG Engine               - mouseSensitivity: 0.2
15:00:00.336 [FXGL Background Thread 3 ] DEBUG Engine               - notificationViewClass: class com.almasb.fxgl.notification.view.XboxNotificationView
15:00:00.336 [FXGL Background Thread 3 ] DEBUG Engine               - pixelsPerMeter: 50.0
15:00:00.336 [FXGL Background Thread 3 ] DEBUG Engine               - platform: WINDOWS
15:00:00.336 [FXGL Background Thread 3 ] DEBUG Engine               - prefHeightProperty: ReadOnlyDoubleProperty [value: 800.0]
15:00:00.336 [FXGL Background Thread 3 ] DEBUG Engine               - prefWidthProperty: ReadOnlyDoubleProperty [value: 1024.0]
15:00:00.336 [FXGL Background Thread 3 ] DEBUG Engine               - profileDir: profiles/
15:00:00.336 [FXGL Background Thread 3 ] DEBUG Engine               - profileName: StringProperty [value: DEFAULT]
15:00:00.336 [FXGL Background Thread 3 ] DEBUG Engine               - randomSeed: -1
15:00:00.336 [FXGL Background Thread 3 ] DEBUG Engine               - runtimeInfo: RuntimeInfo(platform=WINDOWS, version=21, build=28.12.2023 13.35)
15:00:00.336 [FXGL Background Thread 3 ] DEBUG Engine               - saveFileExt: sav
15:00:00.336 [FXGL Background Thread 3 ] DEBUG Engine               - scaledHeightProp$fxgl: DoubleProperty [bound, value: 800.0]
15:00:00.336 [FXGL Background Thread 3 ] DEBUG Engine               - scaledWidthProp$fxgl: DoubleProperty [bound, value: 1024.0]
15:00:00.336 [FXGL Background Thread 3 ] DEBUG Engine               - sceneFactory: org.example.pokemon.map.GameApp$1@47d5e524
15:00:00.336 [FXGL Background Thread 3 ] DEBUG Engine               - secondsIn24h: 60
15:00:00.336 [FXGL Background Thread 3 ] DEBUG Engine               - soundMenuBack: menu/back.wav
15:00:00.336 [FXGL Background Thread 3 ] DEBUG Engine               - soundMenuPress: menu/press.wav
15:00:00.337 [FXGL Background Thread 3 ] DEBUG Engine               - soundMenuSelect: menu/select.wav
15:00:00.337 [FXGL Background Thread 3 ] DEBUG Engine               - soundNotification: core/notification.wav
15:00:00.337 [FXGL Background Thread 3 ] DEBUG Engine               - stageStyle: DECORATED
15:00:00.337 [FXGL Background Thread 3 ] DEBUG Engine               - supportedLanguages: [ENGLISH, FRENCH, GERMAN, HUNGARIAN, RUSSIAN]
15:00:00.337 [FXGL Background Thread 3 ] DEBUG Engine               - ticksPerSecond: -1
15:00:00.337 [FXGL Background Thread 3 ] DEBUG Engine               - title: Pokemon
15:00:00.337 [FXGL Background Thread 3 ] DEBUG Engine               - urlGithub: https://github.com/AlmasB/FXGL
15:00:00.337 [FXGL Background Thread 3 ] DEBUG Engine               - urlLeaderboard: http://fxgl-top.herokuapp.com/
15:00:00.337 [FXGL Background Thread 3 ] DEBUG Engine               - urlPOM: https://raw.githubusercontent.com/AlmasB/FXGL/release/README.md
15:00:00.337 [FXGL Background Thread 3 ] DEBUG Engine               - userAppClass: class org.example.pokemon.map.GameApp
15:00:00.337 [FXGL Background Thread 3 ] DEBUG Engine               - version: 0.1
15:00:00.337 [FXGL Background Thread 3 ] DEBUG Engine               - versionCheckDays: 7
15:00:00.337 [FXGL Background Thread 3 ] DEBUG Engine               - width: 1024
15:00:00.337 [FXGL Background Thread 3 ] DEBUG Engine               - Logging services
15:00:00.337 [FXGL Background Thread 3 ] DEBUG Engine               - class com.almasb.fxgl.app.services.FXGLAssetLoaderService
15:00:00.337 [FXGL Background Thread 3 ] DEBUG Engine               - class com.almasb.fxgl.app.FXGLApplication$GameApplicationService
15:00:00.337 [FXGL Background Thread 3 ] DEBUG Engine               - class com.almasb.fxgl.app.services.FXGLDialogService
15:00:00.337 [FXGL Background Thread 3 ] DEBUG Engine               - class com.almasb.fxgl.app.services.IOTaskExecutorService
15:00:00.337 [FXGL Background Thread 3 ] DEBUG Engine               - class com.almasb.fxgl.io.FileSystemService
15:00:00.337 [FXGL Background Thread 3 ] DEBUG Engine               - class com.almasb.fxgl.localization.LocalizationService
15:00:00.337 [FXGL Background Thread 3 ] DEBUG Engine               - class com.almasb.fxgl.app.services.SystemBundleService
15:00:00.337 [FXGL Background Thread 3 ] DEBUG Engine               - class com.almasb.fxgl.profile.SaveLoadService
15:00:00.337 [FXGL Background Thread 3 ] DEBUG Engine               - class com.almasb.fxgl.ui.FXGLUIFactoryServiceProvider
15:00:00.337 [FXGL Background Thread 3 ] DEBUG Engine               - class com.almasb.fxgl.ui.FXGLDialogFactoryServiceProvider
15:00:00.337 [FXGL Background Thread 3 ] DEBUG Engine               - class com.almasb.fxgl.audio.AudioPlayer
15:00:00.337 [FXGL Background Thread 3 ] DEBUG Engine               - class com.almasb.fxgl.notification.impl.NotificationServiceProvider
15:00:00.337 [FXGL Background Thread 3 ] DEBUG Engine               - class com.almasb.fxgl.achievement.AchievementService
15:00:00.337 [FXGL Background Thread 3 ] DEBUG Engine               - class com.almasb.fxgl.cutscene.CutsceneService
15:00:00.337 [FXGL Background Thread 3 ] DEBUG Engine               - class com.almasb.fxgl.minigames.MiniGameService
15:00:00.337 [FXGL Background Thread 3 ] DEBUG Engine               - class com.almasb.fxgl.net.NetService
15:00:00.337 [FXGL Background Thread 3 ] DEBUG Engine               - class com.almasb.fxgl.app.services.UpdaterService
15:00:00.337 [FXGL Background Thread 3 ] DEBUG Engine               - class com.almasb.fxgl.dev.DevService
15:00:03.672 [FXGL Background Thread 2 ] INFO  UpdaterService       - Your current version:  21
15:00:03.672 [FXGL Background Thread 2 ] INFO  UpdaterService       - Latest stable version: 21.1
15:01:38.163 [JavaFX Application Thread] DEBUG FXGLApplication      - Exiting FXGL
15:01:38.163 [JavaFX Application Thread] DEBUG LoopRunner           - Stopping loop
15:01:38.163 [JavaFX Application Thread] DEBUG SystemBundleService  - Saving FXGL system data
15:01:38.164 [JavaFX Application Thread] DEBUG FileSystemAccess     - Writing to: D:\Repo\Pokemon\system\fxgl.bundle
15:01:38.166 [JavaFX Application Thread] DEBUG Async                - Shutting down background threads
15:01:38.166 [JavaFX Application Thread] DEBUG PrimaryStageWindow   - Closing main window
15:01:38.176 [JavaFX Application Thread] DEBUG Logger               - Closing Logger
