16:20:04.864 [main                     ] DEBUG Logger               - Configured Logger
16:20:04.883 [main                     ] DEBUG GameApplication      - Logging settings
Title: Pokemon
Version: 0.1
Width: 1024
Height: 800
Fullscreen: false
Intro: false
Profiling: false
Single step:false
App Mode: DEVELOPER
Menu Key: ESCAPE
Stage Style: DECORATED
Scene Factory: class org.example.pokemon.map.GameApp$1

16:20:05.368 [JavaFX Application Thread] DEBUG FXGLApplication      - Initializing FXGL
16:20:05.371 [JavaFX Application Thread] INFO  Engine               - FXGL-21 (28.12.2023 13.35) on WINDOWS (J:21.0.1 FX:21)
16:20:05.371 [JavaFX Application Thread] DEBUG Engine               - JRE Vendor Name: Oracle Corporation
16:20:05.372 [JavaFX Application Thread] DEBUG Engine               - Running on OS: Windows 11 version 10.0
16:20:05.372 [JavaFX Application Thread] DEBUG Engine               - Architecture: amd64
16:20:05.372 [JavaFX Application Thread] INFO  Engine               - Source code and latest versions at: https://github.com/AlmasB/FXGL
16:20:05.372 [JavaFX Application Thread] INFO  Engine               -       Ask questions and discuss at: https://github.com/AlmasB/FXGL/discussions
16:20:05.372 [JavaFX Application Thread] INFO  Engine               -              Join the FXGL chat at: https://gitter.im/AlmasB/FXGL
16:20:05.438 [JavaFX Application Thread] DEBUG PrimaryStageWindow   - Creating a JavaFX scene
16:20:05.471 [JavaFX Application Thread] DEBUG PrimaryStageWindow   - Target settings size: 1024.0 x 800.0
16:20:05.471 [JavaFX Application Thread] DEBUG PrimaryStageWindow   - Scaled scene size:    1024.0 x 800.0
16:20:05.472 [JavaFX Application Thread] DEBUG PrimaryStageWindow   - Scaled ratio: (1.0, 1.0)
16:20:05.472 [JavaFX Application Thread] DEBUG PrimaryStageWindow   - Set initial scene to FXGLStartupScene
16:20:05.474 [JavaFX Application Thread] DEBUG PrimaryStageWindow   - Opening main window
16:20:05.731 [JavaFX Application Thread] DEBUG PrimaryStageWindow   - Window border size: (14.6666259765625, 37.33331298828125)
16:20:05.731 [JavaFX Application Thread] DEBUG PrimaryStageWindow   - Scaled size: 1024.0 x 800.0
16:20:05.733 [JavaFX Application Thread] DEBUG PrimaryStageWindow   - Scaled ratio: (1.0, 1.0)
16:20:05.733 [JavaFX Application Thread] DEBUG PrimaryStageWindow   - Scene size: 1024.0 x 800.0
16:20:05.733 [JavaFX Application Thread] DEBUG PrimaryStageWindow   - Stage size: 1038.6666259765625 x 837.3333129882812
16:20:05.738 [FXGL Background Thread 1 ] DEBUG Engine               - Initializing environment variables
16:20:05.776 [FXGL Background Thread 1 ] DEBUG FXGLAssetLoaderServi - User app class for loading assets: class org.example.pokemon.map.GameApp
16:20:05.776 [FXGL Background Thread 1 ] DEBUG GameApplicationServi - Applying CSS: fxgl_dark.css
16:20:05.776 [FXGL Background Thread 1 ] DEBUG FXGLAssetLoaderServi - Loading from file system: jar:file:///D:/JAVA%20IDE%20WORKPLACE/localRepo/com/github/almasb/fxgl/21/fxgl-21.jar!/fxglassets/ui/css/fxgl_dark.css
16:20:05.821 [FXGL Background Thread 1 ] DEBUG GameApplicationServi - Initializing application scenes
16:20:05.897 [FXGL Background Thread 1 ] DEBUG GameWorld            - Game world initialized
16:20:05.944 [FXGL Background Thread 1 ] DEBUG PhysicsWorld         - Physics world initialized: appHeight=800, physics.ppm=50.0
16:20:05.944 [FXGL Background Thread 1 ] DEBUG PhysicsWorld         - Using strategy: BRUTE_FORCE
16:20:05.947 [FXGL Background Thread 1 ] DEBUG GameScene            - Game scene initialized: 1024x800
16:20:06.101 [FXGL Background Thread 1 ] DEBUG FXGL.DefaultMenu     - createMenuBodyGameMenu()
16:20:06.108 [FXGL Background Thread 1 ] DEBUG FXGL.DefaultMenu     - createOptionsMenu()
16:20:06.113 [FXGL Background Thread 1 ] DEBUG FXGLAssetLoaderServi - Loading from file system: jar:file:///D:/JAVA%20IDE%20WORKPLACE/localRepo/com/github/almasb/fxgl/21/fxgl-21.jar!/fxglassets/textures/particles/smoke.png
16:20:06.206 [FXGL Background Thread 1 ] DEBUG FXGLAssetLoaderServi - Loading from file system: jar:file:///D:/JAVA%20IDE%20WORKPLACE/localRepo/com/github/almasb/fxgl/21/fxgl-21.jar!/fxglassets/textures/particles/trace_horizontal.png
16:20:06.225 [FXGL Background Thread 1 ] DEBUG GameApplicationServi - Application scenes initialized
16:20:06.233 [FXGL Background Thread 1 ] DEBUG SystemBundleService  - Loading FXGL system data
16:20:06.237 [FXGL Background Thread 1 ] DEBUG FileSystemAccess     - Reading from: D:\Programs\Pokemon_Liu2.0\Pokemon\system\fxgl.bundle
16:20:06.243 [FXGL Background Thread 1 ] DEBUG SystemBundleService  - Bundle FXGL: {}
16:20:06.243 [FXGL Background Thread 1 ] DEBUG UpdaterService       - Checking for updates
16:20:06.244 [FXGL Background Thread 4 ] DEBUG FXGLApplication      - Loading fonts
16:20:06.246 [FXGL Background Thread 4 ] DEBUG FXGLAssetLoaderServi - Loading from file system: jar:file:///D:/JAVA%20IDE%20WORKPLACE/localRepo/com/github/almasb/fxgl/21/fxgl-21.jar!/fxglassets/ui/fonts/VarelaRound-Regular.ttf
16:20:06.246 [FXGL Background Thread 1 ] DEBUG FXGLApplication      - Loading default localization
16:20:06.246 [FXGL Background Thread 1 ] DEBUG FXGLAssetLoaderServi - Loading from file system: jar:file:///D:/JAVA%20IDE%20WORKPLACE/localRepo/com/github/almasb/fxgl/21/fxgl-21.jar!/fxglassets/languages/english.lang
16:20:06.295 [FXGL Background Thread 4 ] DEBUG FXGLAssetLoaderServi - Loading from file system: jar:file:///D:/JAVA%20IDE%20WORKPLACE/localRepo/com/github/almasb/fxgl/21/fxgl-21.jar!/fxglassets/ui/fonts/Abel-Regular.ttf
16:20:06.305 [FXGL Background Thread 4 ] DEBUG FXGLAssetLoaderServi - Loading from file system: jar:file:///D:/JAVA%20IDE%20WORKPLACE/localRepo/com/github/almasb/fxgl/21/fxgl-21.jar!/fxglassets/ui/fonts/TerminalLandMono-Regular.otf
16:20:06.315 [FXGL Background Thread 4 ] DEBUG FXGLAssetLoaderServi - Loading from file system: jar:file:///D:/JAVA%20IDE%20WORKPLACE/localRepo/com/github/almasb/fxgl/21/fxgl-21.jar!/fxglassets/ui/fonts/Courier-Prime.ttf
16:20:06.319 [FXGL Background Thread 1 ] INFO  FXGLApplication      - FXGL initialization took: 0.580 sec
16:20:06.331 [JavaFX Application Thread] DEBUG Input                - Registered new binding: action0 - W
16:20:06.331 [JavaFX Application Thread] DEBUG Input                - Registered new binding: action1 - A
16:20:06.332 [JavaFX Application Thread] DEBUG Input                - Registered new binding: action2 - S
16:20:06.332 [JavaFX Application Thread] DEBUG Input                - Registered new binding: action3 - D
16:20:06.333 [JavaFX Application Thread] DEBUG Input                - Registered new binding: action4 - Up
16:20:06.333 [JavaFX Application Thread] DEBUG Input                - Registered new binding: action5 - Left
16:20:06.333 [JavaFX Application Thread] DEBUG Input                - Registered new binding: action6 - Down
16:20:06.335 [JavaFX Application Thread] DEBUG Input                - Registered new binding: action7 - Right
16:20:06.335 [JavaFX Application Thread] DEBUG Input                - Registered new binding: action8 - J
16:20:06.335 [JavaFX Application Thread] DEBUG FXGLAssetLoaderServi - Loading from file system: file:/D:/Programs/Pokemon_Liu2.0/Pokemon/target/classes/assets/music/BGM.mp3
16:20:06.581 [FXGL Background Thread 2 ] WARN  UpdaterService       - Failed to find updates: java.net.UnknownHostException: raw.githubusercontent.com
16:20:06.739 [JavaFX Application Thread] DEBUG AudioPlayer          - Playing music com.almasb.fxgl.audio.Music@16c0fbfb
16:20:06.739 [JavaFX Application Thread] DEBUG FXGLAssetLoaderServi - Loading from file system: file:/D:/Programs/Pokemon_Liu2.0/Pokemon/target/classes/assets/textures/icon.png
16:20:06.745 [JavaFX Application Thread] DEBUG FXGLAssetLoaderServi - Loading from file system: jar:file:///D:/JAVA%20IDE%20WORKPLACE/localRepo/com/github/almasb/fxgl/21/fxgl-21.jar!/fxglassets/textures/fxgl_default_cursor.png
16:20:06.751 [JavaFX Application Thread] DEBUG Input                - Registered new binding: Screenshot - CTRL+8
16:20:06.752 [JavaFX Application Thread] DEBUG Input                - Registered new binding: System info dump - CTRL+9
16:20:06.752 [JavaFX Application Thread] DEBUG Input                - Registered new binding: Restart - CTRL+R
16:20:06.753 [JavaFX Application Thread] DEBUG Input                - Registered new binding: Toggle Debug Camera - CTRL+7
16:20:06.755 [JavaFX Application Thread] DEBUG LoopRunner           - Starting loop
16:20:06.755 [JavaFX Application Thread] DEBUG LoopRunner           - Initializing JavaFX AnimationTimerLoop
16:20:06.757 [JavaFX Application Thread] DEBUG Input                - Clearing active input actions
16:20:06.765 [JavaFX Application Thread] DEBUG GameApplicationServi - Removing overlay from FXGLStartupScene and adding to FXGLMainMenuDummyScene
16:20:06.765 [JavaFX Application Thread] DEBUG PrimaryStageWindow   - FXGLStartupScene -> FXGLMainMenuDummyScene
16:20:06.765 [JavaFX Application Thread] DEBUG PrimaryStageWindow   - Push state: TestMainMenu
16:20:06.766 [JavaFX Application Thread] DEBUG Input                - Clearing active input actions
16:20:06.777 [JavaFX Application Thread] DEBUG GameApplicationServi - Removing overlay from FXGLMainMenuDummyScene and adding to TestMainMenu
16:20:06.778 [JavaFX Application Thread] DEBUG PrimaryStageWindow   - FXGLMainMenuDummyScene -> TestMainMenu
16:20:06.779 [JavaFX Application Thread] DEBUG FXGLApplication      - Registering font factories with UI factory
16:20:09.246 [FXGL Background Thread 3 ] DEBUG Engine               - Logging environment variables
16:20:09.246 [FXGL Background Thread 3 ] DEBUG Engine               - achievements: []
16:20:09.246 [FXGL Background Thread 3 ] DEBUG Engine               - actualHeight: 800.0
16:20:09.246 [FXGL Background Thread 3 ] DEBUG Engine               - actualHeightProperty: ReadOnlyDoubleProperty [value: 800.0]
16:20:09.246 [FXGL Background Thread 3 ] DEBUG Engine               - actualWidth: 1024.0
16:20:09.246 [FXGL Background Thread 3 ] DEBUG Engine               - actualWidthProperty: ReadOnlyDoubleProperty [value: 1024.0]
16:20:09.246 [FXGL Background Thread 3 ] DEBUG Engine               - appIcon: icon.png
16:20:09.246 [FXGL Background Thread 3 ] DEBUG Engine               - applicationMode: DEVELOPER
16:20:09.246 [FXGL Background Thread 3 ] DEBUG Engine               - cSSList: [fxgl_dark.css]
16:20:09.246 [FXGL Background Thread 3 ] DEBUG Engine               - collisionDetectionStrategy: BRUTE_FORCE
16:20:09.247 [FXGL Background Thread 3 ] DEBUG Engine               - configClass: Optional.empty
16:20:09.247 [FXGL Background Thread 3 ] DEBUG Engine               - credits: []
16:20:09.247 [FXGL Background Thread 3 ] DEBUG Engine               - defaultCursor: CursorInfo(imageName=fxgl_default_cursor.png, hotspotX=7.0, hotspotY=6.0)
16:20:09.247 [FXGL Background Thread 3 ] DEBUG Engine               - devBBoxColorProperty: ObjectProperty [value: 0xff0000ff]
16:20:09.247 [FXGL Background Thread 3 ] DEBUG Engine               - devEnableDebugCameraProperty: BooleanProperty [value: false]
16:20:09.247 [FXGL Background Thread 3 ] DEBUG Engine               - devSensorColorProperty: ObjectProperty [value: 0xffff00ff]
16:20:09.247 [FXGL Background Thread 3 ] DEBUG Engine               - devShowBBoxProperty: BooleanProperty [value: false]
16:20:09.247 [FXGL Background Thread 3 ] DEBUG Engine               - devShowPositionProperty: BooleanProperty [value: false]
16:20:09.247 [FXGL Background Thread 3 ] DEBUG Engine               - enabledMenuItems: []
16:20:09.247 [FXGL Background Thread 3 ] DEBUG Engine               - engineServices: [class com.almasb.fxgl.app.services.FXGLAssetLoaderService, class com.almasb.fxgl.app.FXGLApplication$GameApplicationService, class com.almasb.fxgl.app.services.FXGLDialogService, class com.almasb.fxgl.app.services.IOTaskExecutorService, class com.almasb.fxgl.io.FileSystemService, class com.almasb.fxgl.localization.LocalizationService, class com.almasb.fxgl.app.services.SystemBundleService, class com.almasb.fxgl.profile.SaveLoadService, class com.almasb.fxgl.ui.FXGLUIFactoryServiceProvider, class com.almasb.fxgl.ui.FXGLDialogFactoryServiceProvider, class com.almasb.fxgl.audio.AudioPlayer, class com.almasb.fxgl.notification.impl.NotificationServiceProvider, class com.almasb.fxgl.achievement.AchievementService, class com.almasb.fxgl.cutscene.CutsceneService, class com.almasb.fxgl.minigames.MiniGameService, class com.almasb.fxgl.net.NetService, class com.almasb.fxgl.app.services.UpdaterService, class com.almasb.fxgl.dev.DevService]
16:20:09.247 [FXGL Background Thread 3 ] DEBUG Engine               - fontGame: Abel-Regular.ttf
16:20:09.247 [FXGL Background Thread 3 ] DEBUG Engine               - fontMono: TerminalLandMono-Regular.otf
16:20:09.247 [FXGL Background Thread 3 ] DEBUG Engine               - fontSizeScaleUI: 1.0
16:20:09.247 [FXGL Background Thread 3 ] DEBUG Engine               - fontText: Courier-Prime.ttf
16:20:09.247 [FXGL Background Thread 3 ] DEBUG Engine               - fontUI: VarelaRound-Regular.ttf
16:20:09.247 [FXGL Background Thread 3 ] DEBUG Engine               - fullScreen: BooleanProperty [value: false]
16:20:09.247 [FXGL Background Thread 3 ] DEBUG Engine               - gameDifficulty: MEDIUM
16:20:09.247 [FXGL Background Thread 3 ] DEBUG Engine               - gameDifficultyProperty: ObjectProperty [value: MEDIUM]
16:20:09.247 [FXGL Background Thread 3 ] DEBUG Engine               - globalMusicVolume: 0.5
16:20:09.248 [FXGL Background Thread 3 ] DEBUG Engine               - globalMusicVolumeProperty: DoubleProperty [value: 0.1]
16:20:09.248 [FXGL Background Thread 3 ] DEBUG Engine               - globalSoundVolume: 0.5
16:20:09.248 [FXGL Background Thread 3 ] DEBUG Engine               - globalSoundVolumeProperty: DoubleProperty [value: 0.5]
16:20:09.248 [FXGL Background Thread 3 ] DEBUG Engine               - height: 800
16:20:09.248 [FXGL Background Thread 3 ] DEBUG Engine               - is3D: false
16:20:09.248 [FXGL Background Thread 3 ] DEBUG Engine               - isAndroid: false
16:20:09.248 [FXGL Background Thread 3 ] DEBUG Engine               - isBrowser: false
16:20:09.248 [FXGL Background Thread 3 ] DEBUG Engine               - isClickFeedbackEnabled: false
16:20:09.248 [FXGL Background Thread 3 ] DEBUG Engine               - isCloseConfirmation: false
16:20:09.248 [FXGL Background Thread 3 ] DEBUG Engine               - isDesktop: true
16:20:09.248 [FXGL Background Thread 3 ] DEBUG Engine               - isDeveloperMenuEnabled: false
16:20:09.248 [FXGL Background Thread 3 ] DEBUG Engine               - isEmbedded: false
16:20:09.248 [FXGL Background Thread 3 ] DEBUG Engine               - isEntityPreloadEnabled: true
16:20:09.248 [FXGL Background Thread 3 ] DEBUG Engine               - isExperimentalTiledLargeMap: false
16:20:09.248 [FXGL Background Thread 3 ] DEBUG Engine               - isFileSystemWriteAllowed: true
16:20:09.248 [FXGL Background Thread 3 ] DEBUG Engine               - isFullScreenAllowed: false
16:20:09.248 [FXGL Background Thread 3 ] DEBUG Engine               - isFullScreenFromStart: false
16:20:09.248 [FXGL Background Thread 3 ] DEBUG Engine               - isGameMenuEnabled: true
16:20:09.248 [FXGL Background Thread 3 ] DEBUG Engine               - isIOS: false
16:20:09.248 [FXGL Background Thread 3 ] DEBUG Engine               - isIntroEnabled: false
16:20:09.248 [FXGL Background Thread 3 ] DEBUG Engine               - isLinux: false
16:20:09.248 [FXGL Background Thread 3 ] DEBUG Engine               - isMac: false
16:20:09.248 [FXGL Background Thread 3 ] DEBUG Engine               - isMainMenuEnabled: true
16:20:09.248 [FXGL Background Thread 3 ] DEBUG Engine               - isManualResizeEnabled: false
16:20:09.248 [FXGL Background Thread 3 ] DEBUG Engine               - isMobile: false
16:20:09.248 [FXGL Background Thread 3 ] DEBUG Engine               - isNative: false
16:20:09.249 [FXGL Background Thread 3 ] DEBUG Engine               - isPauseMusicWhenMinimized: true
16:20:09.249 [FXGL Background Thread 3 ] DEBUG Engine               - isPreserveResizeRatio: false
16:20:09.249 [FXGL Background Thread 3 ] DEBUG Engine               - isProfilingEnabled: false
16:20:09.249 [FXGL Background Thread 3 ] DEBUG Engine               - isScaleAffectedOnResize: true
16:20:09.249 [FXGL Background Thread 3 ] DEBUG Engine               - isSingleStep: false
16:20:09.249 [FXGL Background Thread 3 ] DEBUG Engine               - isUserProfileEnabled: false
16:20:09.249 [FXGL Background Thread 3 ] DEBUG Engine               - isWindows: true
16:20:09.249 [FXGL Background Thread 3 ] DEBUG Engine               - language: ObjectProperty [value: ENGLISH]
16:20:09.249 [FXGL Background Thread 3 ] DEBUG Engine               - menuKey: ESCAPE
16:20:09.249 [FXGL Background Thread 3 ] DEBUG Engine               - mouseSensitivity: 0.2
16:20:09.249 [FXGL Background Thread 3 ] DEBUG Engine               - notificationViewClass: class com.almasb.fxgl.notification.view.XboxNotificationView
16:20:09.249 [FXGL Background Thread 3 ] DEBUG Engine               - pixelsPerMeter: 50.0
16:20:09.249 [FXGL Background Thread 3 ] DEBUG Engine               - platform: WINDOWS
16:20:09.249 [FXGL Background Thread 3 ] DEBUG Engine               - prefHeightProperty: ReadOnlyDoubleProperty [value: 800.0]
16:20:09.249 [FXGL Background Thread 3 ] DEBUG Engine               - prefWidthProperty: ReadOnlyDoubleProperty [value: 1024.0]
16:20:09.249 [FXGL Background Thread 3 ] DEBUG Engine               - profileDir: profiles/
16:20:09.249 [FXGL Background Thread 3 ] DEBUG Engine               - profileName: StringProperty [value: DEFAULT]
16:20:09.249 [FXGL Background Thread 3 ] DEBUG Engine               - randomSeed: -1
16:20:09.249 [FXGL Background Thread 3 ] DEBUG Engine               - runtimeInfo: RuntimeInfo(platform=WINDOWS, version=21, build=28.12.2023 13.35)
16:20:09.249 [FXGL Background Thread 3 ] DEBUG Engine               - saveFileExt: sav
16:20:09.249 [FXGL Background Thread 3 ] DEBUG Engine               - scaledHeightProp$fxgl: DoubleProperty [bound, value: 800.0]
16:20:09.249 [FXGL Background Thread 3 ] DEBUG Engine               - scaledWidthProp$fxgl: DoubleProperty [bound, value: 1024.0]
16:20:09.249 [FXGL Background Thread 3 ] DEBUG Engine               - sceneFactory: org.example.pokemon.map.GameApp$1@72564925
16:20:09.249 [FXGL Background Thread 3 ] DEBUG Engine               - secondsIn24h: 60
16:20:09.249 [FXGL Background Thread 3 ] DEBUG Engine               - soundMenuBack: menu/back.wav
16:20:09.249 [FXGL Background Thread 3 ] DEBUG Engine               - soundMenuPress: menu/press.wav
16:20:09.249 [FXGL Background Thread 3 ] DEBUG Engine               - soundMenuSelect: menu/select.wav
16:20:09.249 [FXGL Background Thread 3 ] DEBUG Engine               - soundNotification: core/notification.wav
16:20:09.249 [FXGL Background Thread 3 ] DEBUG Engine               - stageStyle: DECORATED
16:20:09.251 [FXGL Background Thread 3 ] DEBUG Engine               - supportedLanguages: [ENGLISH, FRENCH, GERMAN, HUNGARIAN, RUSSIAN]
16:20:09.251 [FXGL Background Thread 3 ] DEBUG Engine               - ticksPerSecond: -1
16:20:09.251 [FXGL Background Thread 3 ] DEBUG Engine               - title: Pokemon
16:20:09.251 [FXGL Background Thread 3 ] DEBUG Engine               - urlGithub: https://github.com/AlmasB/FXGL
16:20:09.251 [FXGL Background Thread 3 ] DEBUG Engine               - urlLeaderboard: http://fxgl-top.herokuapp.com/
16:20:09.251 [FXGL Background Thread 3 ] DEBUG Engine               - urlPOM: https://raw.githubusercontent.com/AlmasB/FXGL/release/README.md
16:20:09.251 [FXGL Background Thread 3 ] DEBUG Engine               - userAppClass: class org.example.pokemon.map.GameApp
16:20:09.251 [FXGL Background Thread 3 ] DEBUG Engine               - version: 0.1
16:20:09.251 [FXGL Background Thread 3 ] DEBUG Engine               - versionCheckDays: 7
16:20:09.251 [FXGL Background Thread 3 ] DEBUG Engine               - width: 1024
16:20:09.251 [FXGL Background Thread 3 ] DEBUG Engine               - Logging services
16:20:09.251 [FXGL Background Thread 3 ] DEBUG Engine               - class com.almasb.fxgl.app.services.FXGLAssetLoaderService
16:20:09.251 [FXGL Background Thread 3 ] DEBUG Engine               - class com.almasb.fxgl.app.FXGLApplication$GameApplicationService
16:20:09.251 [FXGL Background Thread 3 ] DEBUG Engine               - class com.almasb.fxgl.app.services.FXGLDialogService
16:20:09.251 [FXGL Background Thread 3 ] DEBUG Engine               - class com.almasb.fxgl.app.services.IOTaskExecutorService
16:20:09.251 [FXGL Background Thread 3 ] DEBUG Engine               - class com.almasb.fxgl.io.FileSystemService
16:20:09.251 [FXGL Background Thread 3 ] DEBUG Engine               - class com.almasb.fxgl.localization.LocalizationService
16:20:09.251 [FXGL Background Thread 3 ] DEBUG Engine               - class com.almasb.fxgl.app.services.SystemBundleService
16:20:09.251 [FXGL Background Thread 3 ] DEBUG Engine               - class com.almasb.fxgl.profile.SaveLoadService
16:20:09.251 [FXGL Background Thread 3 ] DEBUG Engine               - class com.almasb.fxgl.ui.FXGLUIFactoryServiceProvider
16:20:09.251 [FXGL Background Thread 3 ] DEBUG Engine               - class com.almasb.fxgl.ui.FXGLDialogFactoryServiceProvider
16:20:09.251 [FXGL Background Thread 3 ] DEBUG Engine               - class com.almasb.fxgl.audio.AudioPlayer
16:20:09.251 [FXGL Background Thread 3 ] DEBUG Engine               - class com.almasb.fxgl.notification.impl.NotificationServiceProvider
16:20:09.251 [FXGL Background Thread 3 ] DEBUG Engine               - class com.almasb.fxgl.achievement.AchievementService
16:20:09.251 [FXGL Background Thread 3 ] DEBUG Engine               - class com.almasb.fxgl.cutscene.CutsceneService
16:20:09.251 [FXGL Background Thread 3 ] DEBUG Engine               - class com.almasb.fxgl.minigames.MiniGameService
16:20:09.251 [FXGL Background Thread 3 ] DEBUG Engine               - class com.almasb.fxgl.net.NetService
16:20:09.251 [FXGL Background Thread 3 ] DEBUG Engine               - class com.almasb.fxgl.app.services.UpdaterService
16:20:09.251 [FXGL Background Thread 3 ] DEBUG Engine               - class com.almasb.fxgl.dev.DevService
16:20:12.334 [JavaFX Application Thread] DEBUG GameApplicationServi - Starting new game
16:20:12.334 [JavaFX Application Thread] DEBUG PrimaryStageWindow   - Pop state: TestMainMenu
16:20:12.334 [JavaFX Application Thread] DEBUG Input                - Clearing active input actions
16:20:12.334 [JavaFX Application Thread] DEBUG GameApplicationServi - Removing overlay from TestMainMenu and adding to FXGLMainMenuDummyScene
16:20:12.335 [JavaFX Application Thread] DEBUG PrimaryStageWindow   - FXGLMainMenuDummyScene <- TestMainMenu
16:20:12.335 [JavaFX Application Thread] DEBUG Input                - Clearing active input actions
16:20:12.339 [JavaFX Application Thread] DEBUG GameApplicationServi - Removing overlay from FXGLMainMenuDummyScene and adding to FXGLLoadingScene
16:20:12.339 [JavaFX Application Thread] DEBUG PrimaryStageWindow   - FXGLMainMenuDummyScene -> FXGLLoadingScene
16:20:12.339 [JavaFX Application Thread] DEBUG GameApplicationServi - Clearing previous game
16:20:12.339 [JavaFX Application Thread] DEBUG GameScene            - Clearing game scene
16:20:12.339 [JavaFX Application Thread] DEBUG GameWorld            - Clearing game world
16:20:12.339 [JavaFX Application Thread] DEBUG PhysicsWorld         - Clearing physics world
16:20:12.341 [FXGL Background Thread 2 ] DEBUG FXGLApplication      - Initializing game
16:20:12.353 [FXGL Background Thread 2 ] WARN  TMXLevelLoader       - TiledMap generated from 1.8.4. Supported version: 1.9.0. Some features may not be parsed fully.
16:20:12.368 [FXGL Background Thread 2 ] DEBUG TMXLevelLoader       - Parsed TiledMap: file:/D:/Programs/Pokemon_Liu2.0/Pokemon/target/classes/assets/levels/level1.tmx
16:20:12.368 [FXGL Background Thread 2 ] DEBUG TMXLevelLoader       - Creating tile layer entities
16:20:12.369 [FXGL Background Thread 2 ] DEBUG TilesetLoader        - Loading view for layer 图块层 1
16:20:12.369 [FXGL Background Thread 2 ] DEBUG TilesetLoader        - Created buffer with size 1024.0x800.0
16:20:12.382 [FXGL Background Thread 2 ] DEBUG TMXLevelLoader       - Creating object layer entities
16:20:12.435 [FXGL Background Thread 2 ] DEBUG FXGLAssetLoaderServi - Loading from file system: file:/D:/Programs/Pokemon_Liu2.0/Pokemon/target/classes/assets/textures/flower.png
16:20:12.450 [FXGL Background Thread 2 ] DEBUG GameWorld            - Clearing removable entities
16:20:12.451 [FXGL Background Thread 2 ] DEBUG GameWorld            - Setting level: com.almasb.fxgl.entity.level.Level@29f3873c
16:20:12.456 [FXGL Background Thread 2 ] DEBUG FXGLAssetLoaderServi - Loading from file system: file:/D:/Programs/Pokemon_Liu2.0/Pokemon/target/classes/assets/textures/buLunDan2.png
16:20:12.461 [FXGL Background Thread 2 ] DEBUG FXGLAssetLoaderServi - Loading from file system: file:/D:/Programs/Pokemon_Liu2.0/Pokemon/target/classes/assets/textures/RacketTeam.png
16:20:12.462 [FXGL Background Thread 2 ] INFO  FXGLApplication      - Game initialization took: 0.122 sec
16:20:12.463 [JavaFX Application Thread] DEBUG Input                - Clearing active input actions
16:20:12.469 [JavaFX Application Thread] DEBUG GameApplicationServi - Removing overlay from FXGLLoadingScene and adding to GameScene
16:20:12.469 [JavaFX Application Thread] DEBUG PrimaryStageWindow   - FXGLLoadingScene -> GameScene
16:20:15.767 [JavaFX Application Thread] DEBUG FXGLAssetLoaderServi - Loading from file system: file:/D:/Programs/Pokemon_Liu2.0/Pokemon/target/classes/assets/textures/hint.png
16:20:16.009 [JavaFX Application Thread] WARN  TMXLevelLoader       - TiledMap generated from 1.8.4. Supported version: 1.9.0. Some features may not be parsed fully.
16:20:16.011 [JavaFX Application Thread] DEBUG TMXLevelLoader       - Parsed TiledMap: file:/D:/Programs/Pokemon_Liu2.0/Pokemon/target/classes/assets/levels/level4.tmx
16:20:16.011 [JavaFX Application Thread] DEBUG TMXLevelLoader       - Creating tile layer entities
16:20:16.012 [JavaFX Application Thread] DEBUG TilesetLoader        - Loading view for layer 图块层 1
16:20:16.013 [JavaFX Application Thread] DEBUG TilesetLoader        - Created buffer with size 1024.0x800.0
16:20:16.017 [JavaFX Application Thread] DEBUG TMXLevelLoader       - Creating object layer entities
16:20:16.031 [JavaFX Application Thread] DEBUG GameWorld            - Clearing removable entities
16:20:16.042 [JavaFX Application Thread] DEBUG GameWorld            - Setting level: com.almasb.fxgl.entity.level.Level@4c21c86d
16:20:16.045 [JavaFX Application Thread] DEBUG FXGLAssetLoaderServi - Loading from file system: file:/D:/Programs/Pokemon_Liu2.0/Pokemon/target/classes/assets/textures/bigWood.png
16:20:17.212 [JavaFX Application Thread] DEBUG PrimaryStageWindow   - Push state: DialogSubScene
16:20:17.212 [JavaFX Application Thread] DEBUG Input                - Clearing active input actions
16:20:17.213 [JavaFX Application Thread] DEBUG GameApplicationServi - Removing overlay from GameScene and adding to DialogSubScene
16:20:17.213 [JavaFX Application Thread] DEBUG PrimaryStageWindow   - GameScene -> DialogSubScene
16:20:18.689 [JavaFX Application Thread] DEBUG PrimaryStageWindow   - Pop state: DialogSubScene
16:20:18.689 [JavaFX Application Thread] DEBUG Input                - Clearing active input actions
16:20:18.691 [JavaFX Application Thread] DEBUG GameApplicationServi - Removing overlay from DialogSubScene and adding to GameScene
16:20:18.691 [JavaFX Application Thread] DEBUG PrimaryStageWindow   - GameScene <- DialogSubScene
16:20:25.066 [JavaFX Application Thread] WARN  TMXLevelLoader       - TiledMap generated from 1.8.4. Supported version: 1.9.0. Some features may not be parsed fully.
16:20:25.069 [JavaFX Application Thread] DEBUG TMXLevelLoader       - Parsed TiledMap: file:/D:/Programs/Pokemon_Liu2.0/Pokemon/target/classes/assets/levels/level1.tmx
16:20:25.069 [JavaFX Application Thread] DEBUG TMXLevelLoader       - Creating tile layer entities
16:20:25.069 [JavaFX Application Thread] DEBUG TilesetLoader        - Loading view for layer 图块层 1
16:20:25.070 [JavaFX Application Thread] DEBUG TilesetLoader        - Created buffer with size 1024.0x800.0
16:20:25.076 [JavaFX Application Thread] DEBUG TMXLevelLoader       - Creating object layer entities
16:20:25.093 [JavaFX Application Thread] DEBUG GameWorld            - Clearing removable entities
16:20:25.096 [JavaFX Application Thread] DEBUG GameWorld            - Setting level: com.almasb.fxgl.entity.level.Level@16ebe0a0
16:20:31.249 [JavaFX Application Thread] DEBUG PrimaryStageWindow   - Push state: DialogSubScene
16:20:31.249 [JavaFX Application Thread] DEBUG Input                - Clearing active input actions
16:20:31.249 [JavaFX Application Thread] DEBUG GameApplicationServi - Removing overlay from GameScene and adding to DialogSubScene
16:20:31.249 [JavaFX Application Thread] DEBUG PrimaryStageWindow   - GameScene -> DialogSubScene
16:20:39.380 [JavaFX Application Thread] DEBUG PrimaryStageWindow   - Pop state: DialogSubScene
16:20:39.380 [JavaFX Application Thread] DEBUG Input                - Clearing active input actions
16:20:39.380 [JavaFX Application Thread] DEBUG GameApplicationServi - Removing overlay from DialogSubScene and adding to GameScene
16:20:39.380 [JavaFX Application Thread] DEBUG PrimaryStageWindow   - GameScene <- DialogSubScene
16:20:44.095 [JavaFX Application Thread] DEBUG FXGLAssetLoaderServi - Loading from file system: file:/D:/Programs/Pokemon_Liu2.0/Pokemon/target/classes/assets/textures/hint2.png
16:20:47.259 [JavaFX Application Thread] WARN  TMXLevelLoader       - TiledMap generated from 1.8.4. Supported version: 1.9.0. Some features may not be parsed fully.
16:20:47.261 [JavaFX Application Thread] DEBUG TMXLevelLoader       - Parsed TiledMap: file:/D:/Programs/Pokemon_Liu2.0/Pokemon/target/classes/assets/levels/level2.tmx
16:20:47.261 [JavaFX Application Thread] DEBUG TMXLevelLoader       - Creating tile layer entities
16:20:47.261 [JavaFX Application Thread] DEBUG TilesetLoader        - Loading view for layer 图块层 1
16:20:47.263 [JavaFX Application Thread] DEBUG TilesetLoader        - Created buffer with size 1024.0x800.0
16:20:47.267 [JavaFX Application Thread] DEBUG TMXLevelLoader       - Creating object layer entities
16:20:47.267 [JavaFX Application Thread] DEBUG FXGLAssetLoaderServi - Loading from file system: file:/D:/Programs/Pokemon_Liu2.0/Pokemon/target/classes/assets/textures/ocean.png
16:20:47.304 [JavaFX Application Thread] DEBUG FXGLAssetLoaderServi - Loading from file system: file:/D:/Programs/Pokemon_Liu2.0/Pokemon/target/classes/assets/textures/sandTree2.png
16:20:47.306 [JavaFX Application Thread] DEBUG GameWorld            - Clearing removable entities
16:20:47.310 [JavaFX Application Thread] DEBUG GameWorld            - Setting level: com.almasb.fxgl.entity.level.Level@6969b41b
16:20:48.817 [JavaFX Application Thread] DEBUG PrimaryStageWindow   - Push state: DialogSubScene
16:20:48.817 [JavaFX Application Thread] DEBUG Input                - Clearing active input actions
16:20:48.818 [JavaFX Application Thread] DEBUG GameApplicationServi - Removing overlay from GameScene and adding to DialogSubScene
16:20:48.818 [JavaFX Application Thread] DEBUG PrimaryStageWindow   - GameScene -> DialogSubScene
16:20:50.532 [JavaFX Application Thread] DEBUG PrimaryStageWindow   - Pop state: DialogSubScene
16:20:50.532 [JavaFX Application Thread] DEBUG Input                - Clearing active input actions
16:20:50.533 [JavaFX Application Thread] DEBUG GameApplicationServi - Removing overlay from DialogSubScene and adding to GameScene
16:20:50.533 [JavaFX Application Thread] DEBUG PrimaryStageWindow   - GameScene <- DialogSubScene
16:20:56.745 [JavaFX Application Thread] DEBUG PrimaryStageWindow   - Push state: DialogSubScene
16:20:56.745 [JavaFX Application Thread] DEBUG Input                - Clearing active input actions
16:20:56.745 [JavaFX Application Thread] DEBUG GameApplicationServi - Removing overlay from GameScene and adding to DialogSubScene
16:20:56.746 [JavaFX Application Thread] DEBUG PrimaryStageWindow   - GameScene -> DialogSubScene
16:21:21.578 [JavaFX Application Thread] DEBUG PrimaryStageWindow   - Pop state: DialogSubScene
16:21:21.578 [JavaFX Application Thread] DEBUG Input                - Clearing active input actions
16:21:21.579 [JavaFX Application Thread] DEBUG GameApplicationServi - Removing overlay from DialogSubScene and adding to GameScene
16:21:21.579 [JavaFX Application Thread] DEBUG PrimaryStageWindow   - GameScene <- DialogSubScene
16:23:40.807 [JavaFX Application Thread] WARN  TMXLevelLoader       - TiledMap generated from 1.8.4. Supported version: 1.9.0. Some features may not be parsed fully.
16:23:40.809 [JavaFX Application Thread] DEBUG TMXLevelLoader       - Parsed TiledMap: file:/D:/Programs/Pokemon_Liu2.0/Pokemon/target/classes/assets/levels/level1.tmx
16:23:40.809 [JavaFX Application Thread] DEBUG TMXLevelLoader       - Creating tile layer entities
16:23:40.809 [JavaFX Application Thread] DEBUG TilesetLoader        - Loading view for layer 图块层 1
16:23:40.810 [JavaFX Application Thread] DEBUG TilesetLoader        - Created buffer with size 1024.0x800.0
16:23:40.815 [JavaFX Application Thread] DEBUG TMXLevelLoader       - Creating object layer entities
16:23:40.825 [JavaFX Application Thread] DEBUG GameWorld            - Clearing removable entities
16:23:40.829 [JavaFX Application Thread] DEBUG GameWorld            - Setting level: com.almasb.fxgl.entity.level.Level@31abf6f5
16:23:49.286 [JavaFX Application Thread] DEBUG PrimaryStageWindow   - Push state: DialogSubScene
16:23:49.286 [JavaFX Application Thread] DEBUG Input                - Clearing active input actions
16:23:49.287 [JavaFX Application Thread] DEBUG GameApplicationServi - Removing overlay from GameScene and adding to DialogSubScene
16:23:49.287 [JavaFX Application Thread] DEBUG PrimaryStageWindow   - GameScene -> DialogSubScene
16:23:51.520 [JavaFX Application Thread] DEBUG PrimaryStageWindow   - Pop state: DialogSubScene
16:23:51.520 [JavaFX Application Thread] DEBUG Input                - Clearing active input actions
16:23:51.521 [JavaFX Application Thread] DEBUG GameApplicationServi - Removing overlay from DialogSubScene and adding to GameScene
16:23:51.521 [JavaFX Application Thread] DEBUG PrimaryStageWindow   - GameScene <- DialogSubScene
16:24:04.736 [JavaFX Application Thread] DEBUG FXGLApplication      - Exiting FXGL
16:24:04.738 [JavaFX Application Thread] DEBUG LoopRunner           - Stopping loop
16:24:04.738 [JavaFX Application Thread] DEBUG SystemBundleService  - Saving FXGL system data
16:24:04.738 [JavaFX Application Thread] DEBUG FileSystemAccess     - Writing to: D:\Programs\Pokemon_Liu2.0\Pokemon\system\fxgl.bundle
16:24:04.740 [JavaFX Application Thread] DEBUG Async                - Shutting down background threads
16:24:04.740 [JavaFX Application Thread] DEBUG PrimaryStageWindow   - Closing main window
16:24:04.762 [JavaFX Application Thread] DEBUG Logger               - Closing Logger
