13:51:05.734 [main                     ] DEBUG Logger               - Configured Logger
13:51:05.762 [main                     ] DEBUG GameApplication      - Logging settings
Title: Pokemon
Version: 0.1
Width: 1152
Height: 800
Fullscreen: false
Intro: false
Profiling: false
Single step:false
App Mode: DEVELOPER
Menu Key: ESCAPE
Stage Style: DECORATED
Scene Factory: class com.almasb.fxgl.app.scene.SceneFactory

13:51:06.029 [JavaFX Application Thread] DEBUG FXGLApplication      - Initializing FXGL
13:51:06.033 [JavaFX Application Thread] INFO  Engine               - FXGL-21 (28.12.2023 13.35) on WINDOWS (J:21.0.4 FX:21)
13:51:06.033 [JavaFX Application Thread] DEBUG Engine               - JRE Vendor Name: Oracle Corporation
13:51:06.033 [JavaFX Application Thread] DEBUG Engine               - Running on OS: Windows 11 version 10.0
13:51:06.033 [JavaFX Application Thread] DEBUG Engine               - Architecture: amd64
13:51:06.033 [JavaFX Application Thread] INFO  Engine               - Source code and latest versions at: https://github.com/AlmasB/FXGL
13:51:06.033 [JavaFX Application Thread] INFO  Engine               -       Ask questions and discuss at: https://github.com/AlmasB/FXGL/discussions
13:51:06.033 [JavaFX Application Thread] INFO  Engine               -              Join the FXGL chat at: https://gitter.im/AlmasB/FXGL
13:51:06.084 [JavaFX Application Thread] DEBUG PrimaryStageWindow   - Creating a JavaFX scene
13:51:06.115 [JavaFX Application Thread] DEBUG PrimaryStageWindow   - Target settings size: 1152.0 x 800.0
13:51:06.115 [JavaFX Application Thread] DEBUG PrimaryStageWindow   - Scaled scene size:    1152.0 x 800.0
13:51:06.115 [JavaFX Application Thread] DEBUG PrimaryStageWindow   - Scaled ratio: (1.0, 1.0)
13:51:06.117 [JavaFX Application Thread] DEBUG PrimaryStageWindow   - Set initial scene to FXGLStartupScene
13:51:06.118 [JavaFX Application Thread] DEBUG PrimaryStageWindow   - Opening main window
13:51:06.183 [JavaFX Application Thread] DEBUG PrimaryStageWindow   - Window border size: (14.6666259765625, 37.33331298828125)
13:51:06.183 [JavaFX Application Thread] DEBUG PrimaryStageWindow   - Scaled size: 1152.0 x 800.0
13:51:06.184 [JavaFX Application Thread] DEBUG PrimaryStageWindow   - Scaled ratio: (1.0, 1.0)
13:51:06.184 [JavaFX Application Thread] DEBUG PrimaryStageWindow   - Scene size: 1152.0 x 800.0
13:51:06.184 [JavaFX Application Thread] DEBUG PrimaryStageWindow   - Stage size: 1166.6666259765625 x 837.3333129882812
13:51:06.190 [FXGL Background Thread 1 ] DEBUG Engine               - Initializing environment variables
13:51:06.229 [FXGL Background Thread 1 ] DEBUG FXGLAssetLoaderServi - User app class for loading assets: class org.example.pokemon.map.GameApp
13:51:06.230 [FXGL Background Thread 1 ] DEBUG GameApplicationServi - Applying CSS: fxgl_dark.css
13:51:06.230 [FXGL Background Thread 1 ] DEBUG FXGLAssetLoaderServi - Loading from file system: jar:file:///C:/Java%20Lib/apache-maven-3.8.8/repo/com/github/almasb/fxgl/21/fxgl-21.jar!/fxglassets/ui/css/fxgl_dark.css
13:51:06.281 [FXGL Background Thread 1 ] DEBUG GameApplicationServi - Initializing application scenes
13:51:06.365 [FXGL Background Thread 1 ] DEBUG GameWorld            - Game world initialized
13:51:06.410 [FXGL Background Thread 1 ] DEBUG PhysicsWorld         - Physics world initialized: appHeight=800, physics.ppm=50.0
13:51:06.410 [FXGL Background Thread 1 ] DEBUG PhysicsWorld         - Using strategy: BRUTE_FORCE
13:51:06.413 [FXGL Background Thread 1 ] DEBUG GameScene            - Game scene initialized: 1152x800
13:51:06.423 [FXGL Background Thread 1 ] DEBUG FXGL.DefaultMenu     - createMenuBodyGameMenu()
13:51:06.430 [FXGL Background Thread 1 ] DEBUG FXGL.DefaultMenu     - createOptionsMenu()
13:51:06.436 [FXGL Background Thread 1 ] DEBUG FXGLAssetLoaderServi - Loading from file system: jar:file:///C:/Java%20Lib/apache-maven-3.8.8/repo/com/github/almasb/fxgl/21/fxgl-21.jar!/fxglassets/textures/particles/smoke.png
13:51:06.546 [FXGL Background Thread 1 ] DEBUG FXGLAssetLoaderServi - Loading from file system: jar:file:///C:/Java%20Lib/apache-maven-3.8.8/repo/com/github/almasb/fxgl/21/fxgl-21.jar!/fxglassets/textures/particles/trace_horizontal.png
13:51:06.567 [FXGL Background Thread 1 ] DEBUG GameApplicationServi - Application scenes initialized
13:51:06.578 [FXGL Background Thread 1 ] DEBUG SystemBundleService  - Loading FXGL system data
13:51:06.583 [FXGL Background Thread 1 ] DEBUG FileSystemAccess     - Reading from: D:\Repo\Pokemon\system\fxgl.bundle
13:51:06.593 [FXGL Background Thread 1 ] DEBUG SystemBundleService  - Bundle FXGL: {}
13:51:06.593 [FXGL Background Thread 1 ] DEBUG UpdaterService       - Checking for updates
13:51:06.596 [FXGL Background Thread 4 ] DEBUG FXGLApplication      - Loading fonts
13:51:06.596 [FXGL Background Thread 1 ] DEBUG FXGLApplication      - Loading default localization
13:51:06.596 [FXGL Background Thread 4 ] DEBUG FXGLAssetLoaderServi - Loading from file system: jar:file:///C:/Java%20Lib/apache-maven-3.8.8/repo/com/github/almasb/fxgl/21/fxgl-21.jar!/fxglassets/ui/fonts/VarelaRound-Regular.ttf
13:51:06.597 [FXGL Background Thread 1 ] DEBUG FXGLAssetLoaderServi - Loading from file system: jar:file:///C:/Java%20Lib/apache-maven-3.8.8/repo/com/github/almasb/fxgl/21/fxgl-21.jar!/fxglassets/languages/english.lang
13:51:06.633 [FXGL Background Thread 4 ] DEBUG FXGLAssetLoaderServi - Loading from file system: jar:file:///C:/Java%20Lib/apache-maven-3.8.8/repo/com/github/almasb/fxgl/21/fxgl-21.jar!/fxglassets/ui/fonts/Abel-Regular.ttf
13:51:06.636 [FXGL Background Thread 4 ] DEBUG FXGLAssetLoaderServi - Loading from file system: jar:file:///C:/Java%20Lib/apache-maven-3.8.8/repo/com/github/almasb/fxgl/21/fxgl-21.jar!/fxglassets/ui/fonts/TerminalLandMono-Regular.otf
13:51:06.639 [FXGL Background Thread 4 ] DEBUG FXGLAssetLoaderServi - Loading from file system: jar:file:///C:/Java%20Lib/apache-maven-3.8.8/repo/com/github/almasb/fxgl/21/fxgl-21.jar!/fxglassets/ui/fonts/Courier-Prime.ttf
13:51:06.646 [JavaFX Application Thread] DEBUG FXGLApplication      - Registering font factories with UI factory
13:51:06.656 [FXGL Background Thread 1 ] INFO  FXGLApplication      - FXGL initialization took: 0.465 sec
13:51:06.670 [JavaFX Application Thread] DEBUG Input                - Registered new binding: action0 - W
13:51:06.670 [JavaFX Application Thread] DEBUG Input                - Registered new binding: action1 - A
13:51:06.671 [JavaFX Application Thread] DEBUG Input                - Registered new binding: action2 - S
13:51:06.671 [JavaFX Application Thread] DEBUG Input                - Registered new binding: action3 - D
13:51:06.671 [JavaFX Application Thread] DEBUG Input                - Registered new binding: action4 - Up
13:51:06.672 [JavaFX Application Thread] DEBUG Input                - Registered new binding: action5 - Left
13:51:06.672 [JavaFX Application Thread] DEBUG Input                - Registered new binding: action6 - Down
13:51:06.673 [JavaFX Application Thread] DEBUG Input                - Registered new binding: action7 - Right
13:51:06.673 [JavaFX Application Thread] DEBUG FXGLAssetLoaderServi - Loading from file system: file:/D:/Repo/Pokemon/target/classes/assets/music/BGM.mp3
13:51:06.787 [JavaFX Application Thread] DEBUG AudioPlayer          - Playing music com.almasb.fxgl.audio.Music@5e656bd4
13:51:06.787 [JavaFX Application Thread] DEBUG FXGLAssetLoaderServi - Loading from file system: jar:file:///C:/Java%20Lib/apache-maven-3.8.8/repo/com/github/almasb/fxgl/21/fxgl-21.jar!/fxglassets/textures/fxgl_icon.png
13:51:06.807 [JavaFX Application Thread] DEBUG FXGLAssetLoaderServi - Loading from file system: jar:file:///C:/Java%20Lib/apache-maven-3.8.8/repo/com/github/almasb/fxgl/21/fxgl-21.jar!/fxglassets/textures/fxgl_default_cursor.png
13:51:06.811 [JavaFX Application Thread] DEBUG Input                - Registered new binding: Screenshot - CTRL+8
13:51:06.812 [JavaFX Application Thread] DEBUG Input                - Registered new binding: System info dump - CTRL+9
13:51:06.812 [JavaFX Application Thread] DEBUG Input                - Registered new binding: Restart - CTRL+R
13:51:06.815 [JavaFX Application Thread] DEBUG Input                - Registered new binding: Toggle Debug Camera - CTRL+7
13:51:06.821 [JavaFX Application Thread] DEBUG LoopRunner           - Starting loop
13:51:06.821 [JavaFX Application Thread] DEBUG LoopRunner           - Initializing JavaFX AnimationTimerLoop
13:51:06.823 [JavaFX Application Thread] DEBUG GameApplicationServi - Starting new game
13:51:06.823 [JavaFX Application Thread] DEBUG Input                - Clearing active input actions
13:51:06.843 [JavaFX Application Thread] DEBUG GameApplicationServi - Removing overlay from FXGLStartupScene and adding to FXGLLoadingScene
13:51:06.843 [JavaFX Application Thread] DEBUG PrimaryStageWindow   - FXGLStartupScene -> FXGLLoadingScene
13:51:06.843 [JavaFX Application Thread] DEBUG GameApplicationServi - Clearing previous game
13:51:06.843 [JavaFX Application Thread] DEBUG GameScene            - Clearing game scene
13:51:06.843 [JavaFX Application Thread] DEBUG GameWorld            - Clearing game world
13:51:06.843 [JavaFX Application Thread] DEBUG PhysicsWorld         - Clearing physics world
13:51:06.848 [FXGL Background Thread 1 ] DEBUG FXGLApplication      - Initializing game
13:51:06.942 [FXGL Background Thread 1 ] WARN  TMXLevelLoader       - TiledMap generated from 1.8.4. Supported version: 1.9.0. Some features may not be parsed fully.
13:51:06.961 [FXGL Background Thread 1 ] DEBUG TMXLevelLoader       - Parsed TiledMap: file:/D:/Repo/Pokemon/target/classes/assets/levels/level1.tmx
13:51:06.963 [FXGL Background Thread 1 ] DEBUG TMXLevelLoader       - Creating tile layer entities
13:51:06.968 [FXGL Background Thread 1 ] DEBUG TilesetLoader        - Loading view for layer 图块层 1
13:51:06.969 [FXGL Background Thread 1 ] DEBUG TilesetLoader        - Created buffer with size 1024.0x800.0
13:51:06.979 [FXGL Background Thread 1 ] DEBUG TMXLevelLoader       - Creating object layer entities
13:51:07.049 [FXGL Background Thread 1 ] DEBUG GameWorld            - Clearing removable entities
13:51:07.052 [FXGL Background Thread 1 ] DEBUG GameWorld            - Setting level: com.almasb.fxgl.entity.level.Level@7af2b440
13:51:07.085 [FXGL Background Thread 1 ] DEBUG FXGLAssetLoaderServi - Loading from file system: file:/D:/Repo/Pokemon/target/classes/assets/textures/BuLunDan.png
13:51:07.120 [FXGL Background Thread 1 ] DEBUG FXGLAssetLoaderServi - Loading from file system: file:/D:/Repo/Pokemon/target/classes/assets/textures/RacketTeam.png
13:51:07.123 [FXGL Background Thread 1 ] INFO  FXGLApplication      - Game initialization took: 0.276 sec
13:51:07.124 [JavaFX Application Thread] DEBUG Input                - Clearing active input actions
13:51:07.133 [JavaFX Application Thread] DEBUG GameApplicationServi - Removing overlay from FXGLLoadingScene and adding to GameScene
13:51:07.133 [JavaFX Application Thread] DEBUG PrimaryStageWindow   - FXGLLoadingScene -> GameScene
13:51:09.116 [JavaFX Application Thread] DEBUG FXGLApplication      - Exiting FXGL
13:51:09.117 [JavaFX Application Thread] DEBUG LoopRunner           - Stopping loop
13:51:09.117 [JavaFX Application Thread] DEBUG SystemBundleService  - Saving FXGL system data
13:51:09.118 [JavaFX Application Thread] DEBUG FileSystemAccess     - Writing to: D:\Repo\Pokemon\system\fxgl.bundle
13:51:09.120 [JavaFX Application Thread] DEBUG Async                - Shutting down background threads
13:51:09.121 [JavaFX Application Thread] DEBUG PrimaryStageWindow   - Closing main window
13:51:09.135 [JavaFX Application Thread] DEBUG Logger               - Closing Logger
