08:13:34.424 [main                     ] DEBUG Logger               - Configured Logger
08:13:34.451 [main                     ] DEBUG GameApplication      - Logging settings
Title: Pokemon
Version: 0.1
Width: 1024
Height: 800
Fullscreen: false
Intro: false
Profiling: false
Single step:false
App Mode: DEVELOPER
Menu Key: ESCAPE
Stage Style: DECORATED
Scene Factory: class org.example.pokemon.map.GameApp$1

08:13:34.682 [JavaFX Application Thread] DEBUG FXGLApplication      - Initializing FXGL
08:13:34.685 [JavaFX Application Thread] INFO  Engine               - FXGL-21 (28.12.2023 13.35) on WINDOWS (J:21.0.4 FX:21)
08:13:34.686 [JavaFX Application Thread] DEBUG Engine               - JRE Vendor Name: Oracle Corporation
08:13:34.686 [JavaFX Application Thread] DEBUG Engine               - Running on OS: Windows 11 version 10.0
08:13:34.686 [JavaFX Application Thread] DEBUG Engine               - Architecture: amd64
08:13:34.686 [JavaFX Application Thread] INFO  Engine               - Source code and latest versions at: https://github.com/AlmasB/FXGL
08:13:34.686 [JavaFX Application Thread] INFO  Engine               -       Ask questions and discuss at: https://github.com/AlmasB/FXGL/discussions
08:13:34.686 [JavaFX Application Thread] INFO  Engine               -              Join the FXGL chat at: https://gitter.im/AlmasB/FXGL
08:13:34.736 [JavaFX Application Thread] DEBUG PrimaryStageWindow   - Creating a JavaFX scene
08:13:34.769 [JavaFX Application Thread] DEBUG PrimaryStageWindow   - Target settings size: 1024.0 x 800.0
08:13:34.770 [JavaFX Application Thread] DEBUG PrimaryStageWindow   - Scaled scene size:    1024.0 x 800.0
08:13:34.770 [JavaFX Application Thread] DEBUG PrimaryStageWindow   - Scaled ratio: (1.0, 1.0)
08:13:34.771 [JavaFX Application Thread] DEBUG PrimaryStageWindow   - Set initial scene to FXGLStartupScene
08:13:34.774 [JavaFX Application Thread] DEBUG PrimaryStageWindow   - Opening main window
08:13:34.845 [JavaFX Application Thread] DEBUG PrimaryStageWindow   - Window border size: (14.6666259765625, 37.33331298828125)
08:13:34.845 [JavaFX Application Thread] DEBUG PrimaryStageWindow   - Scaled size: 1024.0 x 800.0
08:13:34.845 [JavaFX Application Thread] DEBUG PrimaryStageWindow   - Scaled ratio: (1.0, 1.0)
08:13:34.845 [JavaFX Application Thread] DEBUG PrimaryStageWindow   - Scene size: 1024.0 x 800.0
08:13:34.845 [JavaFX Application Thread] DEBUG PrimaryStageWindow   - Stage size: 1038.6666259765625 x 837.3333129882812
08:13:34.850 [FXGL Background Thread 1 ] DEBUG Engine               - Initializing environment variables
08:13:34.902 [FXGL Background Thread 1 ] DEBUG FXGLAssetLoaderServi - User app class for loading assets: class org.example.pokemon.map.GameApp
08:13:34.902 [FXGL Background Thread 1 ] DEBUG GameApplicationServi - Applying CSS: fxgl_dark.css
08:13:34.902 [FXGL Background Thread 1 ] DEBUG FXGLAssetLoaderServi - Loading from file system: jar:file:///C:/Java%20Lib/apache-maven-3.8.8/repo/com/github/almasb/fxgl/21/fxgl-21.jar!/fxglassets/ui/css/fxgl_dark.css
08:13:34.943 [FXGL Background Thread 1 ] DEBUG GameApplicationServi - Initializing application scenes
08:13:35.027 [FXGL Background Thread 1 ] DEBUG GameWorld            - Game world initialized
08:13:35.071 [FXGL Background Thread 1 ] DEBUG PhysicsWorld         - Physics world initialized: appHeight=800, physics.ppm=50.0
08:13:35.071 [FXGL Background Thread 1 ] DEBUG PhysicsWorld         - Using strategy: BRUTE_FORCE
08:13:35.074 [FXGL Background Thread 1 ] DEBUG GameScene            - Game scene initialized: 1024x800
08:13:35.248 [FXGL Background Thread 1 ] DEBUG FXGL.DefaultMenu     - createMenuBodyGameMenu()
08:13:35.254 [FXGL Background Thread 1 ] DEBUG FXGL.DefaultMenu     - createOptionsMenu()
08:13:35.259 [FXGL Background Thread 1 ] DEBUG FXGLAssetLoaderServi - Loading from file system: jar:file:///C:/Java%20Lib/apache-maven-3.8.8/repo/com/github/almasb/fxgl/21/fxgl-21.jar!/fxglassets/textures/particles/smoke.png
08:13:35.370 [FXGL Background Thread 1 ] DEBUG FXGLAssetLoaderServi - Loading from file system: jar:file:///C:/Java%20Lib/apache-maven-3.8.8/repo/com/github/almasb/fxgl/21/fxgl-21.jar!/fxglassets/textures/particles/trace_horizontal.png
08:13:35.389 [FXGL Background Thread 1 ] DEBUG GameApplicationServi - Application scenes initialized
08:13:35.395 [FXGL Background Thread 1 ] DEBUG SystemBundleService  - Loading FXGL system data
08:13:35.399 [FXGL Background Thread 1 ] DEBUG FileSystemAccess     - Reading from: D:\Repo\Pokemon\system\fxgl.bundle
08:13:35.408 [FXGL Background Thread 1 ] DEBUG SystemBundleService  - Bundle FXGL: {}
08:13:35.408 [FXGL Background Thread 1 ] DEBUG UpdaterService       - Checking for updates
08:13:35.411 [FXGL Background Thread 4 ] DEBUG FXGLApplication      - Loading fonts
08:13:35.411 [FXGL Background Thread 4 ] DEBUG FXGLAssetLoaderServi - Loading from file system: jar:file:///C:/Java%20Lib/apache-maven-3.8.8/repo/com/github/almasb/fxgl/21/fxgl-21.jar!/fxglassets/ui/fonts/VarelaRound-Regular.ttf
08:13:35.413 [FXGL Background Thread 1 ] DEBUG FXGLApplication      - Loading default localization
08:13:35.414 [FXGL Background Thread 1 ] DEBUG FXGLAssetLoaderServi - Loading from file system: jar:file:///C:/Java%20Lib/apache-maven-3.8.8/repo/com/github/almasb/fxgl/21/fxgl-21.jar!/fxglassets/languages/english.lang
08:13:35.450 [FXGL Background Thread 4 ] DEBUG FXGLAssetLoaderServi - Loading from file system: jar:file:///C:/Java%20Lib/apache-maven-3.8.8/repo/com/github/almasb/fxgl/21/fxgl-21.jar!/fxglassets/ui/fonts/Abel-Regular.ttf
08:13:35.454 [FXGL Background Thread 4 ] DEBUG FXGLAssetLoaderServi - Loading from file system: jar:file:///C:/Java%20Lib/apache-maven-3.8.8/repo/com/github/almasb/fxgl/21/fxgl-21.jar!/fxglassets/ui/fonts/TerminalLandMono-Regular.otf
08:13:35.455 [FXGL Background Thread 4 ] DEBUG FXGLAssetLoaderServi - Loading from file system: jar:file:///C:/Java%20Lib/apache-maven-3.8.8/repo/com/github/almasb/fxgl/21/fxgl-21.jar!/fxglassets/ui/fonts/Courier-Prime.ttf
08:13:35.464 [JavaFX Application Thread] DEBUG FXGLApplication      - Registering font factories with UI factory
08:13:35.486 [FXGL Background Thread 1 ] INFO  FXGLApplication      - FXGL initialization took: 0.635 sec
08:13:35.505 [JavaFX Application Thread] DEBUG Input                - Registered new binding: action0 - W
08:13:35.505 [JavaFX Application Thread] DEBUG Input                - Registered new binding: action1 - A
08:13:35.506 [JavaFX Application Thread] DEBUG Input                - Registered new binding: action2 - S
08:13:35.508 [JavaFX Application Thread] DEBUG Input                - Registered new binding: action3 - D
08:13:35.508 [JavaFX Application Thread] DEBUG Input                - Registered new binding: action4 - Up
08:13:35.509 [JavaFX Application Thread] DEBUG Input                - Registered new binding: action5 - Left
08:13:35.509 [JavaFX Application Thread] DEBUG Input                - Registered new binding: action6 - Down
08:13:35.510 [JavaFX Application Thread] DEBUG Input                - Registered new binding: action7 - Right
08:13:35.510 [JavaFX Application Thread] DEBUG Input                - Registered new binding: action8 - J
08:13:35.510 [JavaFX Application Thread] DEBUG FXGLAssetLoaderServi - Loading from file system: file:/D:/Repo/Pokemon/target/classes/assets/music/BGM.mp3
08:13:35.621 [JavaFX Application Thread] DEBUG AudioPlayer          - Playing music com.almasb.fxgl.audio.Music@748a0d1e
08:13:35.623 [JavaFX Application Thread] DEBUG FXGLAssetLoaderServi - Loading from file system: jar:file:///C:/Java%20Lib/apache-maven-3.8.8/repo/com/github/almasb/fxgl/21/fxgl-21.jar!/fxglassets/textures/fxgl_icon.png
08:13:35.640 [JavaFX Application Thread] DEBUG FXGLAssetLoaderServi - Loading from file system: jar:file:///C:/Java%20Lib/apache-maven-3.8.8/repo/com/github/almasb/fxgl/21/fxgl-21.jar!/fxglassets/textures/fxgl_default_cursor.png
08:13:35.646 [JavaFX Application Thread] DEBUG Input                - Registered new binding: Screenshot - CTRL+8
08:13:35.648 [JavaFX Application Thread] DEBUG Input                - Registered new binding: System info dump - CTRL+9
08:13:35.649 [JavaFX Application Thread] DEBUG Input                - Registered new binding: Restart - CTRL+R
08:13:35.651 [JavaFX Application Thread] DEBUG Input                - Registered new binding: Toggle Debug Camera - CTRL+7
08:13:35.662 [JavaFX Application Thread] DEBUG LoopRunner           - Starting loop
08:13:35.662 [JavaFX Application Thread] DEBUG LoopRunner           - Initializing JavaFX AnimationTimerLoop
08:13:35.671 [JavaFX Application Thread] DEBUG Input                - Clearing active input actions
08:13:35.677 [JavaFX Application Thread] DEBUG GameApplicationServi - Removing overlay from FXGLStartupScene and adding to FXGLMainMenuDummyScene
08:13:35.677 [JavaFX Application Thread] DEBUG PrimaryStageWindow   - FXGLStartupScene -> FXGLMainMenuDummyScene
08:13:35.677 [JavaFX Application Thread] DEBUG PrimaryStageWindow   - Push state: TestMainMenu
08:13:35.678 [JavaFX Application Thread] DEBUG Input                - Clearing active input actions
08:13:35.688 [JavaFX Application Thread] DEBUG GameApplicationServi - Removing overlay from FXGLMainMenuDummyScene and adding to TestMainMenu
08:13:35.689 [JavaFX Application Thread] DEBUG PrimaryStageWindow   - FXGLMainMenuDummyScene -> TestMainMenu
08:13:37.861 [FXGL Background Thread 2 ] INFO  UpdaterService       - Your current version:  21
08:13:37.861 [FXGL Background Thread 2 ] INFO  UpdaterService       - Latest stable version: 21.1
08:13:38.411 [FXGL Background Thread 3 ] DEBUG Engine               - Logging environment variables
08:13:38.411 [FXGL Background Thread 3 ] DEBUG Engine               - achievements: []
08:13:38.411 [FXGL Background Thread 3 ] DEBUG Engine               - actualHeight: 800.0
08:13:38.411 [FXGL Background Thread 3 ] DEBUG Engine               - actualHeightProperty: ReadOnlyDoubleProperty [value: 800.0]
08:13:38.411 [FXGL Background Thread 3 ] DEBUG Engine               - actualWidth: 1024.0
08:13:38.411 [FXGL Background Thread 3 ] DEBUG Engine               - actualWidthProperty: ReadOnlyDoubleProperty [value: 1024.0]
08:13:38.411 [FXGL Background Thread 3 ] DEBUG Engine               - appIcon: fxgl_icon.png
08:13:38.411 [FXGL Background Thread 3 ] DEBUG Engine               - applicationMode: DEVELOPER
08:13:38.411 [FXGL Background Thread 3 ] DEBUG Engine               - cSSList: [fxgl_dark.css]
08:13:38.411 [FXGL Background Thread 3 ] DEBUG Engine               - collisionDetectionStrategy: BRUTE_FORCE
08:13:38.411 [FXGL Background Thread 3 ] DEBUG Engine               - configClass: Optional.empty
08:13:38.411 [FXGL Background Thread 3 ] DEBUG Engine               - credits: []
08:13:38.411 [FXGL Background Thread 3 ] DEBUG Engine               - defaultCursor: CursorInfo(imageName=fxgl_default_cursor.png, hotspotX=7.0, hotspotY=6.0)
08:13:38.411 [FXGL Background Thread 3 ] DEBUG Engine               - devBBoxColorProperty: ObjectProperty [value: 0xff0000ff]
08:13:38.411 [FXGL Background Thread 3 ] DEBUG Engine               - devEnableDebugCameraProperty: BooleanProperty [value: false]
08:13:38.412 [FXGL Background Thread 3 ] DEBUG Engine               - devSensorColorProperty: ObjectProperty [value: 0xffff00ff]
08:13:38.412 [FXGL Background Thread 3 ] DEBUG Engine               - devShowBBoxProperty: BooleanProperty [value: false]
08:13:38.412 [FXGL Background Thread 3 ] DEBUG Engine               - devShowPositionProperty: BooleanProperty [value: false]
08:13:38.412 [FXGL Background Thread 3 ] DEBUG Engine               - enabledMenuItems: []
08:13:38.412 [FXGL Background Thread 3 ] DEBUG Engine               - engineServices: [class com.almasb.fxgl.app.services.FXGLAssetLoaderService, class com.almasb.fxgl.app.FXGLApplication$GameApplicationService, class com.almasb.fxgl.app.services.FXGLDialogService, class com.almasb.fxgl.app.services.IOTaskExecutorService, class com.almasb.fxgl.io.FileSystemService, class com.almasb.fxgl.localization.LocalizationService, class com.almasb.fxgl.app.services.SystemBundleService, class com.almasb.fxgl.profile.SaveLoadService, class com.almasb.fxgl.ui.FXGLUIFactoryServiceProvider, class com.almasb.fxgl.ui.FXGLDialogFactoryServiceProvider, class com.almasb.fxgl.audio.AudioPlayer, class com.almasb.fxgl.notification.impl.NotificationServiceProvider, class com.almasb.fxgl.achievement.AchievementService, class com.almasb.fxgl.cutscene.CutsceneService, class com.almasb.fxgl.minigames.MiniGameService, class com.almasb.fxgl.net.NetService, class com.almasb.fxgl.app.services.UpdaterService, class com.almasb.fxgl.dev.DevService]
08:13:38.412 [FXGL Background Thread 3 ] DEBUG Engine               - fontGame: Abel-Regular.ttf
08:13:38.412 [FXGL Background Thread 3 ] DEBUG Engine               - fontMono: TerminalLandMono-Regular.otf
08:13:38.412 [FXGL Background Thread 3 ] DEBUG Engine               - fontSizeScaleUI: 1.0
08:13:38.412 [FXGL Background Thread 3 ] DEBUG Engine               - fontText: Courier-Prime.ttf
08:13:38.412 [FXGL Background Thread 3 ] DEBUG Engine               - fontUI: VarelaRound-Regular.ttf
08:13:38.412 [FXGL Background Thread 3 ] DEBUG Engine               - fullScreen: BooleanProperty [value: false]
08:13:38.412 [FXGL Background Thread 3 ] DEBUG Engine               - gameDifficulty: MEDIUM
08:13:38.412 [FXGL Background Thread 3 ] DEBUG Engine               - gameDifficultyProperty: ObjectProperty [value: MEDIUM]
08:13:38.412 [FXGL Background Thread 3 ] DEBUG Engine               - globalMusicVolume: 0.5
08:13:38.412 [FXGL Background Thread 3 ] DEBUG Engine               - globalMusicVolumeProperty: DoubleProperty [value: 0.2]
08:13:38.413 [FXGL Background Thread 3 ] DEBUG Engine               - globalSoundVolume: 0.5
08:13:38.413 [FXGL Background Thread 3 ] DEBUG Engine               - globalSoundVolumeProperty: DoubleProperty [value: 0.5]
08:13:38.413 [FXGL Background Thread 3 ] DEBUG Engine               - height: 800
08:13:38.413 [FXGL Background Thread 3 ] DEBUG Engine               - is3D: false
08:13:38.413 [FXGL Background Thread 3 ] DEBUG Engine               - isAndroid: false
08:13:38.413 [FXGL Background Thread 3 ] DEBUG Engine               - isBrowser: false
08:13:38.413 [FXGL Background Thread 3 ] DEBUG Engine               - isClickFeedbackEnabled: false
08:13:38.413 [FXGL Background Thread 3 ] DEBUG Engine               - isCloseConfirmation: false
08:13:38.413 [FXGL Background Thread 3 ] DEBUG Engine               - isDesktop: true
08:13:38.413 [FXGL Background Thread 3 ] DEBUG Engine               - isDeveloperMenuEnabled: false
08:13:38.413 [FXGL Background Thread 3 ] DEBUG Engine               - isEmbedded: false
08:13:38.413 [FXGL Background Thread 3 ] DEBUG Engine               - isEntityPreloadEnabled: true
08:13:38.413 [FXGL Background Thread 3 ] DEBUG Engine               - isExperimentalTiledLargeMap: false
08:13:38.413 [FXGL Background Thread 3 ] DEBUG Engine               - isFileSystemWriteAllowed: true
08:13:38.413 [FXGL Background Thread 3 ] DEBUG Engine               - isFullScreenAllowed: false
08:13:38.413 [FXGL Background Thread 3 ] DEBUG Engine               - isFullScreenFromStart: false
08:13:38.413 [FXGL Background Thread 3 ] DEBUG Engine               - isGameMenuEnabled: true
08:13:38.413 [FXGL Background Thread 3 ] DEBUG Engine               - isIOS: false
08:13:38.413 [FXGL Background Thread 3 ] DEBUG Engine               - isIntroEnabled: false
08:13:38.413 [FXGL Background Thread 3 ] DEBUG Engine               - isLinux: false
08:13:38.413 [FXGL Background Thread 3 ] DEBUG Engine               - isMac: false
08:13:38.413 [FXGL Background Thread 3 ] DEBUG Engine               - isMainMenuEnabled: true
08:13:38.413 [FXGL Background Thread 3 ] DEBUG Engine               - isManualResizeEnabled: false
08:13:38.413 [FXGL Background Thread 3 ] DEBUG Engine               - isMobile: false
08:13:38.413 [FXGL Background Thread 3 ] DEBUG Engine               - isNative: false
08:13:38.413 [FXGL Background Thread 3 ] DEBUG Engine               - isPauseMusicWhenMinimized: true
08:13:38.413 [FXGL Background Thread 3 ] DEBUG Engine               - isPreserveResizeRatio: false
08:13:38.413 [FXGL Background Thread 3 ] DEBUG Engine               - isProfilingEnabled: false
08:13:38.413 [FXGL Background Thread 3 ] DEBUG Engine               - isScaleAffectedOnResize: true
08:13:38.413 [FXGL Background Thread 3 ] DEBUG Engine               - isSingleStep: false
08:13:38.413 [FXGL Background Thread 3 ] DEBUG Engine               - isUserProfileEnabled: false
08:13:38.413 [FXGL Background Thread 3 ] DEBUG Engine               - isWindows: true
08:13:38.413 [FXGL Background Thread 3 ] DEBUG Engine               - language: ObjectProperty [value: ENGLISH]
08:13:38.413 [FXGL Background Thread 3 ] DEBUG Engine               - menuKey: ESCAPE
08:13:38.413 [FXGL Background Thread 3 ] DEBUG Engine               - mouseSensitivity: 0.2
08:13:38.413 [FXGL Background Thread 3 ] DEBUG Engine               - notificationViewClass: class com.almasb.fxgl.notification.view.XboxNotificationView
08:13:38.413 [FXGL Background Thread 3 ] DEBUG Engine               - pixelsPerMeter: 50.0
08:13:38.413 [FXGL Background Thread 3 ] DEBUG Engine               - platform: WINDOWS
08:13:38.413 [FXGL Background Thread 3 ] DEBUG Engine               - prefHeightProperty: ReadOnlyDoubleProperty [value: 800.0]
08:13:38.413 [FXGL Background Thread 3 ] DEBUG Engine               - prefWidthProperty: ReadOnlyDoubleProperty [value: 1024.0]
08:13:38.413 [FXGL Background Thread 3 ] DEBUG Engine               - profileDir: profiles/
08:13:38.413 [FXGL Background Thread 3 ] DEBUG Engine               - profileName: StringProperty [value: DEFAULT]
08:13:38.413 [FXGL Background Thread 3 ] DEBUG Engine               - randomSeed: -1
08:13:38.413 [FXGL Background Thread 3 ] DEBUG Engine               - runtimeInfo: RuntimeInfo(platform=WINDOWS, version=21, build=28.12.2023 13.35)
08:13:38.413 [FXGL Background Thread 3 ] DEBUG Engine               - saveFileExt: sav
08:13:38.413 [FXGL Background Thread 3 ] DEBUG Engine               - scaledHeightProp$fxgl: DoubleProperty [bound, value: 800.0]
08:13:38.413 [FXGL Background Thread 3 ] DEBUG Engine               - scaledWidthProp$fxgl: DoubleProperty [bound, value: 1024.0]
08:13:38.413 [FXGL Background Thread 3 ] DEBUG Engine               - sceneFactory: org.example.pokemon.map.GameApp$1@269a5f2a
08:13:38.413 [FXGL Background Thread 3 ] DEBUG Engine               - secondsIn24h: 60
08:13:38.413 [FXGL Background Thread 3 ] DEBUG Engine               - soundMenuBack: menu/back.wav
08:13:38.413 [FXGL Background Thread 3 ] DEBUG Engine               - soundMenuPress: menu/press.wav
08:13:38.413 [FXGL Background Thread 3 ] DEBUG Engine               - soundMenuSelect: menu/select.wav
08:13:38.413 [FXGL Background Thread 3 ] DEBUG Engine               - soundNotification: core/notification.wav
08:13:38.413 [FXGL Background Thread 3 ] DEBUG Engine               - stageStyle: DECORATED
08:13:38.413 [FXGL Background Thread 3 ] DEBUG Engine               - supportedLanguages: [ENGLISH, FRENCH, GERMAN, HUNGARIAN, RUSSIAN]
08:13:38.413 [FXGL Background Thread 3 ] DEBUG Engine               - ticksPerSecond: -1
08:13:38.413 [FXGL Background Thread 3 ] DEBUG Engine               - title: Pokemon
08:13:38.414 [FXGL Background Thread 3 ] DEBUG Engine               - urlGithub: https://github.com/AlmasB/FXGL
08:13:38.414 [FXGL Background Thread 3 ] DEBUG Engine               - urlLeaderboard: http://fxgl-top.herokuapp.com/
08:13:38.414 [FXGL Background Thread 3 ] DEBUG Engine               - urlPOM: https://raw.githubusercontent.com/AlmasB/FXGL/release/README.md
08:13:38.414 [FXGL Background Thread 3 ] DEBUG Engine               - userAppClass: class org.example.pokemon.map.GameApp
08:13:38.414 [FXGL Background Thread 3 ] DEBUG Engine               - version: 0.1
08:13:38.414 [FXGL Background Thread 3 ] DEBUG Engine               - versionCheckDays: 7
08:13:38.414 [FXGL Background Thread 3 ] DEBUG Engine               - width: 1024
08:13:38.414 [FXGL Background Thread 3 ] DEBUG Engine               - Logging services
08:13:38.414 [FXGL Background Thread 3 ] DEBUG Engine               - class com.almasb.fxgl.app.services.FXGLAssetLoaderService
08:13:38.414 [FXGL Background Thread 3 ] DEBUG Engine               - class com.almasb.fxgl.app.FXGLApplication$GameApplicationService
08:13:38.414 [FXGL Background Thread 3 ] DEBUG Engine               - class com.almasb.fxgl.app.services.FXGLDialogService
08:13:38.414 [FXGL Background Thread 3 ] DEBUG Engine               - class com.almasb.fxgl.app.services.IOTaskExecutorService
08:13:38.414 [FXGL Background Thread 3 ] DEBUG Engine               - class com.almasb.fxgl.io.FileSystemService
08:13:38.414 [FXGL Background Thread 3 ] DEBUG Engine               - class com.almasb.fxgl.localization.LocalizationService
08:13:38.414 [FXGL Background Thread 3 ] DEBUG Engine               - class com.almasb.fxgl.app.services.SystemBundleService
08:13:38.414 [FXGL Background Thread 3 ] DEBUG Engine               - class com.almasb.fxgl.profile.SaveLoadService
08:13:38.414 [FXGL Background Thread 3 ] DEBUG Engine               - class com.almasb.fxgl.ui.FXGLUIFactoryServiceProvider
08:13:38.414 [FXGL Background Thread 3 ] DEBUG Engine               - class com.almasb.fxgl.ui.FXGLDialogFactoryServiceProvider
08:13:38.414 [FXGL Background Thread 3 ] DEBUG Engine               - class com.almasb.fxgl.audio.AudioPlayer
08:13:38.414 [FXGL Background Thread 3 ] DEBUG Engine               - class com.almasb.fxgl.notification.impl.NotificationServiceProvider
08:13:38.414 [FXGL Background Thread 3 ] DEBUG Engine               - class com.almasb.fxgl.achievement.AchievementService
08:13:38.414 [FXGL Background Thread 3 ] DEBUG Engine               - class com.almasb.fxgl.cutscene.CutsceneService
08:13:38.414 [FXGL Background Thread 3 ] DEBUG Engine               - class com.almasb.fxgl.minigames.MiniGameService
08:13:38.414 [FXGL Background Thread 3 ] DEBUG Engine               - class com.almasb.fxgl.net.NetService
08:13:38.414 [FXGL Background Thread 3 ] DEBUG Engine               - class com.almasb.fxgl.app.services.UpdaterService
08:13:38.414 [FXGL Background Thread 3 ] DEBUG Engine               - class com.almasb.fxgl.dev.DevService
08:13:41.995 [JavaFX Application Thread] DEBUG GameApplicationServi - Starting new game
08:13:41.996 [JavaFX Application Thread] DEBUG PrimaryStageWindow   - Pop state: TestMainMenu
08:13:41.996 [JavaFX Application Thread] DEBUG Input                - Clearing active input actions
08:13:41.996 [JavaFX Application Thread] DEBUG GameApplicationServi - Removing overlay from TestMainMenu and adding to FXGLMainMenuDummyScene
08:13:41.996 [JavaFX Application Thread] DEBUG PrimaryStageWindow   - FXGLMainMenuDummyScene <- TestMainMenu
08:13:41.996 [JavaFX Application Thread] DEBUG Input                - Clearing active input actions
08:13:41.999 [JavaFX Application Thread] DEBUG GameApplicationServi - Removing overlay from FXGLMainMenuDummyScene and adding to FXGLLoadingScene
08:13:41.999 [JavaFX Application Thread] DEBUG PrimaryStageWindow   - FXGLMainMenuDummyScene -> FXGLLoadingScene
08:13:41.999 [JavaFX Application Thread] DEBUG GameApplicationServi - Clearing previous game
08:13:41.999 [JavaFX Application Thread] DEBUG GameScene            - Clearing game scene
08:13:41.999 [JavaFX Application Thread] DEBUG GameWorld            - Clearing game world
08:13:41.999 [JavaFX Application Thread] DEBUG PhysicsWorld         - Clearing physics world
08:13:42.000 [FXGL Background Thread 2 ] DEBUG FXGLApplication      - Initializing game
08:13:42.017 [FXGL Background Thread 2 ] WARN  TMXLevelLoader       - TiledMap generated from 1.8.4. Supported version: 1.9.0. Some features may not be parsed fully.
08:13:42.030 [FXGL Background Thread 2 ] DEBUG TMXLevelLoader       - Parsed TiledMap: file:/D:/Repo/Pokemon/target/classes/assets/levels/level1.tmx
08:13:42.032 [FXGL Background Thread 2 ] DEBUG TMXLevelLoader       - Creating tile layer entities
08:13:42.036 [FXGL Background Thread 2 ] DEBUG TilesetLoader        - Loading view for layer 图块层 1
08:13:42.038 [FXGL Background Thread 2 ] DEBUG TilesetLoader        - Created buffer with size 1024.0x800.0
08:13:42.046 [FXGL Background Thread 2 ] DEBUG TMXLevelLoader       - Creating object layer entities
08:13:42.102 [FXGL Background Thread 2 ] DEBUG FXGLAssetLoaderServi - Loading from file system: file:/D:/Repo/Pokemon/target/classes/assets/textures/flower.png
08:13:42.110 [FXGL Background Thread 2 ] DEBUG GameWorld            - Clearing removable entities
08:13:42.110 [FXGL Background Thread 2 ] DEBUG GameWorld            - Setting level: com.almasb.fxgl.entity.level.Level@107317f0
08:13:42.119 [FXGL Background Thread 2 ] DEBUG FXGLAssetLoaderServi - Loading from file system: file:/D:/Repo/Pokemon/target/classes/assets/textures/buLunDan2.png
08:13:42.125 [FXGL Background Thread 2 ] DEBUG FXGLAssetLoaderServi - Loading from file system: file:/D:/Repo/Pokemon/target/classes/assets/textures/RacketTeam.png
08:13:42.127 [FXGL Background Thread 2 ] INFO  FXGLApplication      - Game initialization took: 0.126 sec
08:13:42.127 [JavaFX Application Thread] DEBUG Input                - Clearing active input actions
08:13:42.132 [JavaFX Application Thread] DEBUG GameApplicationServi - Removing overlay from FXGLLoadingScene and adding to GameScene
08:13:42.132 [JavaFX Application Thread] DEBUG PrimaryStageWindow   - FXGLLoadingScene -> GameScene
08:13:46.032 [JavaFX Application Thread] DEBUG FXGLApplication      - Exiting FXGL
08:13:46.032 [JavaFX Application Thread] DEBUG LoopRunner           - Stopping loop
08:13:46.032 [JavaFX Application Thread] DEBUG SystemBundleService  - Saving FXGL system data
08:13:46.033 [JavaFX Application Thread] DEBUG FileSystemAccess     - Writing to: D:\Repo\Pokemon\system\fxgl.bundle
08:13:46.034 [JavaFX Application Thread] DEBUG Async                - Shutting down background threads
08:13:46.035 [JavaFX Application Thread] DEBUG PrimaryStageWindow   - Closing main window
08:13:46.045 [JavaFX Application Thread] DEBUG Logger               - Closing Logger
