15:53:28.577 [main                     ] DEBUG Logger               - Configured Logger
15:53:28.609 [main                     ] DEBUG GameApplication      - Logging settings
Title: Pokemon
Version: 0.1
Width: 1024
Height: 800
Fullscreen: false
Intro: false
Profiling: false
Single step:false
App Mode: DEVELOPER
Menu Key: ESCAPE
Stage Style: DECORATED
Scene Factory: class org.example.pokemon.map.GameApp$1

15:53:29.332 [JavaFX Application Thread] DEBUG FXGLApplication      - Initializing FXGL
15:53:29.336 [JavaFX Application Thread] INFO  Engine               - FXGL-21 (28.12.2023 13.35) on WINDOWS (J:21.0.1 FX:21)
15:53:29.336 [JavaFX Application Thread] DEBUG Engine               - JRE Vendor Name: Oracle Corporation
15:53:29.336 [JavaFX Application Thread] DEBUG Engine               - Running on OS: Windows 11 version 10.0
15:53:29.337 [JavaFX Application Thread] DEBUG Engine               - Architecture: amd64
15:53:29.337 [JavaFX Application Thread] INFO  Engine               - Source code and latest versions at: https://github.com/AlmasB/FXGL
15:53:29.337 [JavaFX Application Thread] INFO  Engine               -       Ask questions and discuss at: https://github.com/AlmasB/FXGL/discussions
15:53:29.337 [JavaFX Application Thread] INFO  Engine               -              Join the FXGL chat at: https://gitter.im/AlmasB/FXGL
15:53:29.428 [JavaFX Application Thread] DEBUG PrimaryStageWindow   - Creating a JavaFX scene
15:53:29.470 [JavaFX Application Thread] DEBUG PrimaryStageWindow   - Target settings size: 1024.0 x 800.0
15:53:29.471 [JavaFX Application Thread] DEBUG PrimaryStageWindow   - Scaled scene size:    1024.0 x 800.0
15:53:29.471 [JavaFX Application Thread] DEBUG PrimaryStageWindow   - Scaled ratio: (1.0, 1.0)
15:53:29.472 [JavaFX Application Thread] DEBUG PrimaryStageWindow   - Set initial scene to FXGLStartupScene
15:53:29.474 [JavaFX Application Thread] DEBUG PrimaryStageWindow   - Opening main window
15:53:29.817 [JavaFX Application Thread] DEBUG PrimaryStageWindow   - Window border size: (14.6666259765625, 37.33331298828125)
15:53:29.817 [JavaFX Application Thread] DEBUG PrimaryStageWindow   - Scaled size: 1024.0 x 800.0
15:53:29.817 [JavaFX Application Thread] DEBUG PrimaryStageWindow   - Scaled ratio: (1.0, 1.0)
15:53:29.817 [JavaFX Application Thread] DEBUG PrimaryStageWindow   - Scene size: 1024.0 x 800.0
15:53:29.818 [JavaFX Application Thread] DEBUG PrimaryStageWindow   - Stage size: 1038.6666259765625 x 837.3333129882812
15:53:29.823 [FXGL Background Thread 1 ] DEBUG Engine               - Initializing environment variables
15:53:29.870 [FXGL Background Thread 1 ] DEBUG FXGLAssetLoaderServi - User app class for loading assets: class org.example.pokemon.map.GameApp
15:53:29.870 [FXGL Background Thread 1 ] DEBUG GameApplicationServi - Applying CSS: fxgl_dark.css
15:53:29.871 [FXGL Background Thread 1 ] DEBUG FXGLAssetLoaderServi - Loading from file system: jar:file:///D:/JAVA%20IDE%20WORKPLACE/localRepo/com/github/almasb/fxgl/21/fxgl-21.jar!/fxglassets/ui/css/fxgl_dark.css
15:53:29.922 [FXGL Background Thread 1 ] DEBUG GameApplicationServi - Initializing application scenes
15:53:30.005 [FXGL Background Thread 1 ] DEBUG GameWorld            - Game world initialized
15:53:30.063 [FXGL Background Thread 1 ] DEBUG PhysicsWorld         - Physics world initialized: appHeight=800, physics.ppm=50.0
15:53:30.063 [FXGL Background Thread 1 ] DEBUG PhysicsWorld         - Using strategy: BRUTE_FORCE
15:53:30.066 [FXGL Background Thread 1 ] DEBUG GameScene            - Game scene initialized: 1024x800
15:53:30.271 [FXGL Background Thread 1 ] DEBUG FXGL.DefaultMenu     - createMenuBodyGameMenu()
15:53:30.281 [FXGL Background Thread 1 ] DEBUG FXGL.DefaultMenu     - createOptionsMenu()
15:53:30.287 [FXGL Background Thread 1 ] DEBUG FXGLAssetLoaderServi - Loading from file system: jar:file:///D:/JAVA%20IDE%20WORKPLACE/localRepo/com/github/almasb/fxgl/21/fxgl-21.jar!/fxglassets/textures/particles/smoke.png
15:53:30.397 [FXGL Background Thread 1 ] DEBUG FXGLAssetLoaderServi - Loading from file system: jar:file:///D:/JAVA%20IDE%20WORKPLACE/localRepo/com/github/almasb/fxgl/21/fxgl-21.jar!/fxglassets/textures/particles/trace_horizontal.png
15:53:30.417 [FXGL Background Thread 1 ] DEBUG GameApplicationServi - Application scenes initialized
15:53:30.427 [FXGL Background Thread 1 ] DEBUG SystemBundleService  - Loading FXGL system data
15:53:30.431 [FXGL Background Thread 1 ] DEBUG FileSystemAccess     - Reading from: D:\Programs\Pokemon_Liu2.0\Pokemon\system\fxgl.bundle
15:53:30.441 [FXGL Background Thread 1 ] DEBUG SystemBundleService  - Bundle FXGL: {}
15:53:30.441 [FXGL Background Thread 1 ] DEBUG UpdaterService       - Checking for updates
15:53:30.445 [FXGL Background Thread 4 ] DEBUG FXGLApplication      - Loading fonts
15:53:30.446 [FXGL Background Thread 1 ] DEBUG FXGLApplication      - Loading default localization
15:53:30.446 [FXGL Background Thread 4 ] DEBUG FXGLAssetLoaderServi - Loading from file system: jar:file:///D:/JAVA%20IDE%20WORKPLACE/localRepo/com/github/almasb/fxgl/21/fxgl-21.jar!/fxglassets/ui/fonts/VarelaRound-Regular.ttf
15:53:30.446 [FXGL Background Thread 1 ] DEBUG FXGLAssetLoaderServi - Loading from file system: jar:file:///D:/JAVA%20IDE%20WORKPLACE/localRepo/com/github/almasb/fxgl/21/fxgl-21.jar!/fxglassets/languages/english.lang
15:53:30.499 [FXGL Background Thread 1 ] INFO  FXGLApplication      - FXGL initialization took: 0.676 sec
15:53:30.506 [FXGL Background Thread 4 ] DEBUG FXGLAssetLoaderServi - Loading from file system: jar:file:///D:/JAVA%20IDE%20WORKPLACE/localRepo/com/github/almasb/fxgl/21/fxgl-21.jar!/fxglassets/ui/fonts/Abel-Regular.ttf
15:53:30.510 [JavaFX Application Thread] DEBUG Input                - Registered new binding: action0 - W
15:53:30.511 [JavaFX Application Thread] DEBUG Input                - Registered new binding: action1 - A
15:53:30.511 [JavaFX Application Thread] DEBUG Input                - Registered new binding: action2 - S
15:53:30.512 [JavaFX Application Thread] DEBUG Input                - Registered new binding: action3 - D
15:53:30.512 [JavaFX Application Thread] DEBUG Input                - Registered new binding: action4 - Up
15:53:30.512 [JavaFX Application Thread] DEBUG Input                - Registered new binding: action5 - Left
15:53:30.513 [JavaFX Application Thread] DEBUG Input                - Registered new binding: action6 - Down
15:53:30.513 [JavaFX Application Thread] DEBUG Input                - Registered new binding: action7 - Right
15:53:30.513 [JavaFX Application Thread] DEBUG Input                - Registered new binding: action8 - J
15:53:30.514 [JavaFX Application Thread] DEBUG FXGLAssetLoaderServi - Loading from file system: file:/D:/Programs/Pokemon_Liu2.0/Pokemon/target/classes/assets/music/BGM.mp3
15:53:30.519 [FXGL Background Thread 4 ] DEBUG FXGLAssetLoaderServi - Loading from file system: jar:file:///D:/JAVA%20IDE%20WORKPLACE/localRepo/com/github/almasb/fxgl/21/fxgl-21.jar!/fxglassets/ui/fonts/TerminalLandMono-Regular.otf
15:53:30.530 [FXGL Background Thread 4 ] DEBUG FXGLAssetLoaderServi - Loading from file system: jar:file:///D:/JAVA%20IDE%20WORKPLACE/localRepo/com/github/almasb/fxgl/21/fxgl-21.jar!/fxglassets/ui/fonts/Courier-Prime.ttf
15:53:30.760 [FXGL Background Thread 2 ] WARN  UpdaterService       - Failed to find updates: java.net.UnknownHostException: raw.githubusercontent.com
15:53:31.176 [JavaFX Application Thread] DEBUG AudioPlayer          - Playing music com.almasb.fxgl.audio.Music@22f9c559
15:53:31.177 [JavaFX Application Thread] DEBUG FXGLAssetLoaderServi - Loading from file system: file:/D:/Programs/Pokemon_Liu2.0/Pokemon/target/classes/assets/textures/icon.png
15:53:31.188 [JavaFX Application Thread] DEBUG FXGLAssetLoaderServi - Loading from file system: jar:file:///D:/JAVA%20IDE%20WORKPLACE/localRepo/com/github/almasb/fxgl/21/fxgl-21.jar!/fxglassets/textures/fxgl_default_cursor.png
15:53:31.191 [JavaFX Application Thread] DEBUG Input                - Registered new binding: Screenshot - CTRL+8
15:53:31.191 [JavaFX Application Thread] DEBUG Input                - Registered new binding: System info dump - CTRL+9
15:53:31.191 [JavaFX Application Thread] DEBUG Input                - Registered new binding: Restart - CTRL+R
15:53:31.192 [JavaFX Application Thread] DEBUG Input                - Registered new binding: Toggle Debug Camera - CTRL+7
15:53:31.194 [JavaFX Application Thread] DEBUG LoopRunner           - Starting loop
15:53:31.194 [JavaFX Application Thread] DEBUG LoopRunner           - Initializing JavaFX AnimationTimerLoop
15:53:31.196 [JavaFX Application Thread] DEBUG Input                - Clearing active input actions
15:53:31.206 [JavaFX Application Thread] DEBUG GameApplicationServi - Removing overlay from FXGLStartupScene and adding to FXGLMainMenuDummyScene
15:53:31.206 [JavaFX Application Thread] DEBUG PrimaryStageWindow   - FXGLStartupScene -> FXGLMainMenuDummyScene
15:53:31.206 [JavaFX Application Thread] DEBUG PrimaryStageWindow   - Push state: TestMainMenu
15:53:31.208 [JavaFX Application Thread] DEBUG Input                - Clearing active input actions
15:53:31.218 [JavaFX Application Thread] DEBUG GameApplicationServi - Removing overlay from FXGLMainMenuDummyScene and adding to TestMainMenu
15:53:31.218 [JavaFX Application Thread] DEBUG PrimaryStageWindow   - FXGLMainMenuDummyScene -> TestMainMenu
15:53:31.218 [JavaFX Application Thread] DEBUG FXGLApplication      - Registering font factories with UI factory
15:53:33.445 [FXGL Background Thread 3 ] DEBUG Engine               - Logging environment variables
15:53:33.445 [FXGL Background Thread 3 ] DEBUG Engine               - achievements: []
15:53:33.446 [FXGL Background Thread 3 ] DEBUG Engine               - actualHeight: 800.0
15:53:33.446 [FXGL Background Thread 3 ] DEBUG Engine               - actualHeightProperty: ReadOnlyDoubleProperty [value: 800.0]
15:53:33.446 [FXGL Background Thread 3 ] DEBUG Engine               - actualWidth: 1024.0
15:53:33.446 [FXGL Background Thread 3 ] DEBUG Engine               - actualWidthProperty: ReadOnlyDoubleProperty [value: 1024.0]
15:53:33.446 [FXGL Background Thread 3 ] DEBUG Engine               - appIcon: icon.png
15:53:33.446 [FXGL Background Thread 3 ] DEBUG Engine               - applicationMode: DEVELOPER
15:53:33.446 [FXGL Background Thread 3 ] DEBUG Engine               - cSSList: [fxgl_dark.css]
15:53:33.446 [FXGL Background Thread 3 ] DEBUG Engine               - collisionDetectionStrategy: BRUTE_FORCE
15:53:33.446 [FXGL Background Thread 3 ] DEBUG Engine               - configClass: Optional.empty
15:53:33.447 [FXGL Background Thread 3 ] DEBUG Engine               - credits: []
15:53:33.447 [FXGL Background Thread 3 ] DEBUG Engine               - defaultCursor: CursorInfo(imageName=fxgl_default_cursor.png, hotspotX=7.0, hotspotY=6.0)
15:53:33.448 [FXGL Background Thread 3 ] DEBUG Engine               - devBBoxColorProperty: ObjectProperty [value: 0xff0000ff]
15:53:33.448 [FXGL Background Thread 3 ] DEBUG Engine               - devEnableDebugCameraProperty: BooleanProperty [value: false]
15:53:33.448 [FXGL Background Thread 3 ] DEBUG Engine               - devSensorColorProperty: ObjectProperty [value: 0xffff00ff]
15:53:33.448 [FXGL Background Thread 3 ] DEBUG Engine               - devShowBBoxProperty: BooleanProperty [value: false]
15:53:33.448 [FXGL Background Thread 3 ] DEBUG Engine               - devShowPositionProperty: BooleanProperty [value: false]
15:53:33.448 [FXGL Background Thread 3 ] DEBUG Engine               - enabledMenuItems: []
15:53:33.448 [FXGL Background Thread 3 ] DEBUG Engine               - engineServices: [class com.almasb.fxgl.app.services.FXGLAssetLoaderService, class com.almasb.fxgl.app.FXGLApplication$GameApplicationService, class com.almasb.fxgl.app.services.FXGLDialogService, class com.almasb.fxgl.app.services.IOTaskExecutorService, class com.almasb.fxgl.io.FileSystemService, class com.almasb.fxgl.localization.LocalizationService, class com.almasb.fxgl.app.services.SystemBundleService, class com.almasb.fxgl.profile.SaveLoadService, class com.almasb.fxgl.ui.FXGLUIFactoryServiceProvider, class com.almasb.fxgl.ui.FXGLDialogFactoryServiceProvider, class com.almasb.fxgl.audio.AudioPlayer, class com.almasb.fxgl.notification.impl.NotificationServiceProvider, class com.almasb.fxgl.achievement.AchievementService, class com.almasb.fxgl.cutscene.CutsceneService, class com.almasb.fxgl.minigames.MiniGameService, class com.almasb.fxgl.net.NetService, class com.almasb.fxgl.app.services.UpdaterService, class com.almasb.fxgl.dev.DevService]
15:53:33.448 [FXGL Background Thread 3 ] DEBUG Engine               - fontGame: Abel-Regular.ttf
15:53:33.448 [FXGL Background Thread 3 ] DEBUG Engine               - fontMono: TerminalLandMono-Regular.otf
15:53:33.448 [FXGL Background Thread 3 ] DEBUG Engine               - fontSizeScaleUI: 1.0
15:53:33.448 [FXGL Background Thread 3 ] DEBUG Engine               - fontText: Courier-Prime.ttf
15:53:33.448 [FXGL Background Thread 3 ] DEBUG Engine               - fontUI: VarelaRound-Regular.ttf
15:53:33.448 [FXGL Background Thread 3 ] DEBUG Engine               - fullScreen: BooleanProperty [value: false]
15:53:33.448 [FXGL Background Thread 3 ] DEBUG Engine               - gameDifficulty: MEDIUM
15:53:33.448 [FXGL Background Thread 3 ] DEBUG Engine               - gameDifficultyProperty: ObjectProperty [value: MEDIUM]
15:53:33.449 [FXGL Background Thread 3 ] DEBUG Engine               - globalMusicVolume: 0.5
15:53:33.449 [FXGL Background Thread 3 ] DEBUG Engine               - globalMusicVolumeProperty: DoubleProperty [value: 0.1]
15:53:33.449 [FXGL Background Thread 3 ] DEBUG Engine               - globalSoundVolume: 0.5
15:53:33.449 [FXGL Background Thread 3 ] DEBUG Engine               - globalSoundVolumeProperty: DoubleProperty [value: 0.5]
15:53:33.449 [FXGL Background Thread 3 ] DEBUG Engine               - height: 800
15:53:33.449 [FXGL Background Thread 3 ] DEBUG Engine               - is3D: false
15:53:33.449 [FXGL Background Thread 3 ] DEBUG Engine               - isAndroid: false
15:53:33.449 [FXGL Background Thread 3 ] DEBUG Engine               - isBrowser: false
15:53:33.449 [FXGL Background Thread 3 ] DEBUG Engine               - isClickFeedbackEnabled: false
15:53:33.449 [FXGL Background Thread 3 ] DEBUG Engine               - isCloseConfirmation: false
15:53:33.449 [FXGL Background Thread 3 ] DEBUG Engine               - isDesktop: true
15:53:33.449 [FXGL Background Thread 3 ] DEBUG Engine               - isDeveloperMenuEnabled: false
15:53:33.449 [FXGL Background Thread 3 ] DEBUG Engine               - isEmbedded: false
15:53:33.449 [FXGL Background Thread 3 ] DEBUG Engine               - isEntityPreloadEnabled: true
15:53:33.449 [FXGL Background Thread 3 ] DEBUG Engine               - isExperimentalTiledLargeMap: false
15:53:33.450 [FXGL Background Thread 3 ] DEBUG Engine               - isFileSystemWriteAllowed: true
15:53:33.450 [FXGL Background Thread 3 ] DEBUG Engine               - isFullScreenAllowed: false
15:53:33.450 [FXGL Background Thread 3 ] DEBUG Engine               - isFullScreenFromStart: false
15:53:33.450 [FXGL Background Thread 3 ] DEBUG Engine               - isGameMenuEnabled: true
15:53:33.450 [FXGL Background Thread 3 ] DEBUG Engine               - isIOS: false
15:53:33.450 [FXGL Background Thread 3 ] DEBUG Engine               - isIntroEnabled: false
15:53:33.450 [FXGL Background Thread 3 ] DEBUG Engine               - isLinux: false
15:53:33.450 [FXGL Background Thread 3 ] DEBUG Engine               - isMac: false
15:53:33.450 [FXGL Background Thread 3 ] DEBUG Engine               - isMainMenuEnabled: true
15:53:33.450 [FXGL Background Thread 3 ] DEBUG Engine               - isManualResizeEnabled: false
15:53:33.450 [FXGL Background Thread 3 ] DEBUG Engine               - isMobile: false
15:53:33.450 [FXGL Background Thread 3 ] DEBUG Engine               - isNative: false
15:53:33.450 [FXGL Background Thread 3 ] DEBUG Engine               - isPauseMusicWhenMinimized: true
15:53:33.450 [FXGL Background Thread 3 ] DEBUG Engine               - isPreserveResizeRatio: false
15:53:33.450 [FXGL Background Thread 3 ] DEBUG Engine               - isProfilingEnabled: false
15:53:33.450 [FXGL Background Thread 3 ] DEBUG Engine               - isScaleAffectedOnResize: true
15:53:33.450 [FXGL Background Thread 3 ] DEBUG Engine               - isSingleStep: false
15:53:33.450 [FXGL Background Thread 3 ] DEBUG Engine               - isUserProfileEnabled: false
15:53:33.450 [FXGL Background Thread 3 ] DEBUG Engine               - isWindows: true
15:53:33.450 [FXGL Background Thread 3 ] DEBUG Engine               - language: ObjectProperty [value: ENGLISH]
15:53:33.450 [FXGL Background Thread 3 ] DEBUG Engine               - menuKey: ESCAPE
15:53:33.450 [FXGL Background Thread 3 ] DEBUG Engine               - mouseSensitivity: 0.2
15:53:33.450 [FXGL Background Thread 3 ] DEBUG Engine               - notificationViewClass: class com.almasb.fxgl.notification.view.XboxNotificationView
15:53:33.450 [FXGL Background Thread 3 ] DEBUG Engine               - pixelsPerMeter: 50.0
15:53:33.450 [FXGL Background Thread 3 ] DEBUG Engine               - platform: WINDOWS
15:53:33.451 [FXGL Background Thread 3 ] DEBUG Engine               - prefHeightProperty: ReadOnlyDoubleProperty [value: 800.0]
15:53:33.451 [FXGL Background Thread 3 ] DEBUG Engine               - prefWidthProperty: ReadOnlyDoubleProperty [value: 1024.0]
15:53:33.451 [FXGL Background Thread 3 ] DEBUG Engine               - profileDir: profiles/
15:53:33.451 [FXGL Background Thread 3 ] DEBUG Engine               - profileName: StringProperty [value: DEFAULT]
15:53:33.451 [FXGL Background Thread 3 ] DEBUG Engine               - randomSeed: -1
15:53:33.451 [FXGL Background Thread 3 ] DEBUG Engine               - runtimeInfo: RuntimeInfo(platform=WINDOWS, version=21, build=28.12.2023 13.35)
15:53:33.451 [FXGL Background Thread 3 ] DEBUG Engine               - saveFileExt: sav
15:53:33.451 [FXGL Background Thread 3 ] DEBUG Engine               - scaledHeightProp$fxgl: DoubleProperty [bound, value: 800.0]
15:53:33.452 [FXGL Background Thread 3 ] DEBUG Engine               - scaledWidthProp$fxgl: DoubleProperty [bound, value: 1024.0]
15:53:33.452 [FXGL Background Thread 3 ] DEBUG Engine               - sceneFactory: org.example.pokemon.map.GameApp$1@28935367
15:53:33.452 [FXGL Background Thread 3 ] DEBUG Engine               - secondsIn24h: 60
15:53:33.452 [FXGL Background Thread 3 ] DEBUG Engine               - soundMenuBack: menu/back.wav
15:53:33.452 [FXGL Background Thread 3 ] DEBUG Engine               - soundMenuPress: menu/press.wav
15:53:33.452 [FXGL Background Thread 3 ] DEBUG Engine               - soundMenuSelect: menu/select.wav
15:53:33.452 [FXGL Background Thread 3 ] DEBUG Engine               - soundNotification: core/notification.wav
15:53:33.452 [FXGL Background Thread 3 ] DEBUG Engine               - stageStyle: DECORATED
15:53:33.452 [FXGL Background Thread 3 ] DEBUG Engine               - supportedLanguages: [ENGLISH, FRENCH, GERMAN, HUNGARIAN, RUSSIAN]
15:53:33.452 [FXGL Background Thread 3 ] DEBUG Engine               - ticksPerSecond: -1
15:53:33.452 [FXGL Background Thread 3 ] DEBUG Engine               - title: Pokemon
15:53:33.452 [FXGL Background Thread 3 ] DEBUG Engine               - urlGithub: https://github.com/AlmasB/FXGL
15:53:33.452 [FXGL Background Thread 3 ] DEBUG Engine               - urlLeaderboard: http://fxgl-top.herokuapp.com/
15:53:33.452 [FXGL Background Thread 3 ] DEBUG Engine               - urlPOM: https://raw.githubusercontent.com/AlmasB/FXGL/release/README.md
15:53:33.452 [FXGL Background Thread 3 ] DEBUG Engine               - userAppClass: class org.example.pokemon.map.GameApp
15:53:33.452 [FXGL Background Thread 3 ] DEBUG Engine               - version: 0.1
15:53:33.452 [FXGL Background Thread 3 ] DEBUG Engine               - versionCheckDays: 7
15:53:33.452 [FXGL Background Thread 3 ] DEBUG Engine               - width: 1024
15:53:33.452 [FXGL Background Thread 3 ] DEBUG Engine               - Logging services
15:53:33.452 [FXGL Background Thread 3 ] DEBUG Engine               - class com.almasb.fxgl.app.services.FXGLAssetLoaderService
15:53:33.452 [FXGL Background Thread 3 ] DEBUG Engine               - class com.almasb.fxgl.app.FXGLApplication$GameApplicationService
15:53:33.452 [FXGL Background Thread 3 ] DEBUG Engine               - class com.almasb.fxgl.app.services.FXGLDialogService
15:53:33.452 [FXGL Background Thread 3 ] DEBUG Engine               - class com.almasb.fxgl.app.services.IOTaskExecutorService
15:53:33.452 [FXGL Background Thread 3 ] DEBUG Engine               - class com.almasb.fxgl.io.FileSystemService
15:53:33.452 [FXGL Background Thread 3 ] DEBUG Engine               - class com.almasb.fxgl.localization.LocalizationService
15:53:33.452 [FXGL Background Thread 3 ] DEBUG Engine               - class com.almasb.fxgl.app.services.SystemBundleService
15:53:33.452 [FXGL Background Thread 3 ] DEBUG Engine               - class com.almasb.fxgl.profile.SaveLoadService
15:53:33.452 [FXGL Background Thread 3 ] DEBUG Engine               - class com.almasb.fxgl.ui.FXGLUIFactoryServiceProvider
15:53:33.452 [FXGL Background Thread 3 ] DEBUG Engine               - class com.almasb.fxgl.ui.FXGLDialogFactoryServiceProvider
15:53:33.452 [FXGL Background Thread 3 ] DEBUG Engine               - class com.almasb.fxgl.audio.AudioPlayer
15:53:33.452 [FXGL Background Thread 3 ] DEBUG Engine               - class com.almasb.fxgl.notification.impl.NotificationServiceProvider
15:53:33.452 [FXGL Background Thread 3 ] DEBUG Engine               - class com.almasb.fxgl.achievement.AchievementService
15:53:33.452 [FXGL Background Thread 3 ] DEBUG Engine               - class com.almasb.fxgl.cutscene.CutsceneService
15:53:33.452 [FXGL Background Thread 3 ] DEBUG Engine               - class com.almasb.fxgl.minigames.MiniGameService
15:53:33.452 [FXGL Background Thread 3 ] DEBUG Engine               - class com.almasb.fxgl.net.NetService
15:53:33.452 [FXGL Background Thread 3 ] DEBUG Engine               - class com.almasb.fxgl.app.services.UpdaterService
15:53:33.452 [FXGL Background Thread 3 ] DEBUG Engine               - class com.almasb.fxgl.dev.DevService
15:54:08.022 [JavaFX Application Thread] DEBUG GameApplicationServi - Starting new game
15:54:08.022 [JavaFX Application Thread] DEBUG PrimaryStageWindow   - Pop state: TestMainMenu
15:54:08.022 [JavaFX Application Thread] DEBUG Input                - Clearing active input actions
15:54:08.023 [JavaFX Application Thread] DEBUG GameApplicationServi - Removing overlay from TestMainMenu and adding to FXGLMainMenuDummyScene
15:54:08.023 [JavaFX Application Thread] DEBUG PrimaryStageWindow   - FXGLMainMenuDummyScene <- TestMainMenu
15:54:08.024 [JavaFX Application Thread] DEBUG Input                - Clearing active input actions
15:54:08.028 [JavaFX Application Thread] DEBUG GameApplicationServi - Removing overlay from FXGLMainMenuDummyScene and adding to FXGLLoadingScene
15:54:08.028 [JavaFX Application Thread] DEBUG PrimaryStageWindow   - FXGLMainMenuDummyScene -> FXGLLoadingScene
15:54:08.028 [JavaFX Application Thread] DEBUG GameApplicationServi - Clearing previous game
15:54:08.028 [JavaFX Application Thread] DEBUG GameScene            - Clearing game scene
15:54:08.028 [JavaFX Application Thread] DEBUG GameWorld            - Clearing game world
15:54:08.028 [JavaFX Application Thread] DEBUG PhysicsWorld         - Clearing physics world
15:54:08.030 [FXGL Background Thread 2 ] DEBUG FXGLApplication      - Initializing game
15:54:08.075 [FXGL Background Thread 2 ] WARN  TMXLevelLoader       - TiledMap generated from 1.8.4. Supported version: 1.9.0. Some features may not be parsed fully.
15:54:08.097 [FXGL Background Thread 2 ] DEBUG TMXLevelLoader       - Parsed TiledMap: file:/D:/Programs/Pokemon_Liu2.0/Pokemon/target/classes/assets/levels/level1.tmx
15:54:08.098 [FXGL Background Thread 2 ] DEBUG TMXLevelLoader       - Creating tile layer entities
15:54:08.101 [FXGL Background Thread 2 ] DEBUG TilesetLoader        - Loading view for layer 图块层 1
15:54:08.106 [FXGL Background Thread 2 ] DEBUG TilesetLoader        - Created buffer with size 1024.0x800.0
15:54:08.125 [FXGL Background Thread 2 ] DEBUG TMXLevelLoader       - Creating object layer entities
15:54:08.227 [FXGL Background Thread 2 ] DEBUG FXGLAssetLoaderServi - Loading from file system: file:/D:/Programs/Pokemon_Liu2.0/Pokemon/target/classes/assets/textures/flower.png
15:54:08.250 [FXGL Background Thread 2 ] DEBUG GameWorld            - Clearing removable entities
15:54:08.251 [FXGL Background Thread 2 ] DEBUG GameWorld            - Setting level: com.almasb.fxgl.entity.level.Level@38dfe88d
15:54:08.272 [FXGL Background Thread 2 ] DEBUG FXGLAssetLoaderServi - Loading from file system: file:/D:/Programs/Pokemon_Liu2.0/Pokemon/target/classes/assets/textures/buLunDan2.png
15:54:08.297 [FXGL Background Thread 2 ] DEBUG FXGLAssetLoaderServi - Loading from file system: file:/D:/Programs/Pokemon_Liu2.0/Pokemon/target/classes/assets/textures/RacketTeam.png
15:54:08.301 [FXGL Background Thread 2 ] INFO  FXGLApplication      - Game initialization took: 0.271 sec
15:54:08.305 [JavaFX Application Thread] DEBUG Input                - Clearing active input actions
15:54:08.310 [JavaFX Application Thread] DEBUG GameApplicationServi - Removing overlay from FXGLLoadingScene and adding to GameScene
15:54:08.310 [JavaFX Application Thread] DEBUG PrimaryStageWindow   - FXGLLoadingScene -> GameScene
15:54:13.444 [JavaFX Application Thread] DEBUG FXGLAssetLoaderServi - Loading from file system: file:/D:/Programs/Pokemon_Liu2.0/Pokemon/target/classes/assets/textures/hint.png
15:54:14.154 [JavaFX Application Thread] DEBUG PrimaryStageWindow   - Push state: DialogSubScene
15:54:14.154 [JavaFX Application Thread] DEBUG Input                - Clearing active input actions
15:54:14.155 [JavaFX Application Thread] DEBUG GameApplicationServi - Removing overlay from GameScene and adding to DialogSubScene
15:54:14.155 [JavaFX Application Thread] DEBUG PrimaryStageWindow   - GameScene -> DialogSubScene
15:54:22.467 [JavaFX Application Thread] DEBUG PrimaryStageWindow   - Pop state: DialogSubScene
15:54:22.467 [JavaFX Application Thread] DEBUG Input                - Clearing active input actions
15:54:22.467 [JavaFX Application Thread] DEBUG GameApplicationServi - Removing overlay from DialogSubScene and adding to GameScene
15:54:22.467 [JavaFX Application Thread] DEBUG PrimaryStageWindow   - GameScene <- DialogSubScene
15:55:07.469 [JavaFX Application Thread] DEBUG FXGLAssetLoaderServi - Loading from file system: file:/D:/Programs/Pokemon_Liu2.0/Pokemon/target/classes/assets/textures/hint2.png
15:55:08.933 [JavaFX Application Thread] WARN  TMXLevelLoader       - TiledMap generated from 1.8.4. Supported version: 1.9.0. Some features may not be parsed fully.
15:55:08.940 [JavaFX Application Thread] DEBUG TMXLevelLoader       - Parsed TiledMap: file:/D:/Programs/Pokemon_Liu2.0/Pokemon/target/classes/assets/levels/level2.tmx
15:55:08.940 [JavaFX Application Thread] DEBUG TMXLevelLoader       - Creating tile layer entities
15:55:08.940 [JavaFX Application Thread] DEBUG TilesetLoader        - Loading view for layer 图块层 1
15:55:08.940 [JavaFX Application Thread] DEBUG TilesetLoader        - Created buffer with size 1024.0x800.0
15:55:08.945 [JavaFX Application Thread] DEBUG TMXLevelLoader       - Creating object layer entities
15:55:08.945 [JavaFX Application Thread] DEBUG FXGLAssetLoaderServi - Loading from file system: file:/D:/Programs/Pokemon_Liu2.0/Pokemon/target/classes/assets/textures/ocean.png
15:55:09.019 [JavaFX Application Thread] DEBUG FXGLAssetLoaderServi - Loading from file system: file:/D:/Programs/Pokemon_Liu2.0/Pokemon/target/classes/assets/textures/sandTree2.png
15:55:09.021 [JavaFX Application Thread] DEBUG GameWorld            - Clearing removable entities
15:55:09.030 [JavaFX Application Thread] DEBUG GameWorld            - Setting level: com.almasb.fxgl.entity.level.Level@5a579aa4
15:55:10.026 [JavaFX Application Thread] WARN  TMXLevelLoader       - TiledMap generated from 1.8.4. Supported version: 1.9.0. Some features may not be parsed fully.
15:55:10.030 [JavaFX Application Thread] DEBUG TMXLevelLoader       - Parsed TiledMap: file:/D:/Programs/Pokemon_Liu2.0/Pokemon/target/classes/assets/levels/level1.tmx
15:55:10.031 [JavaFX Application Thread] DEBUG TMXLevelLoader       - Creating tile layer entities
15:55:10.031 [JavaFX Application Thread] DEBUG TilesetLoader        - Loading view for layer 图块层 1
15:55:10.031 [JavaFX Application Thread] DEBUG TilesetLoader        - Created buffer with size 1024.0x800.0
15:55:10.038 [JavaFX Application Thread] DEBUG TMXLevelLoader       - Creating object layer entities
15:55:10.054 [JavaFX Application Thread] DEBUG GameWorld            - Clearing removable entities
15:55:10.066 [JavaFX Application Thread] DEBUG GameWorld            - Setting level: com.almasb.fxgl.entity.level.Level@5f36b9e
15:55:12.629 [JavaFX Application Thread] DEBUG PrimaryStageWindow   - Push state: DialogSubScene
15:55:12.629 [JavaFX Application Thread] DEBUG Input                - Clearing active input actions
15:55:12.630 [JavaFX Application Thread] DEBUG GameApplicationServi - Removing overlay from GameScene and adding to DialogSubScene
15:55:12.630 [JavaFX Application Thread] DEBUG PrimaryStageWindow   - GameScene -> DialogSubScene
15:55:28.270 [JavaFX Application Thread] DEBUG PrimaryStageWindow   - Pop state: DialogSubScene
15:55:28.270 [JavaFX Application Thread] DEBUG Input                - Clearing active input actions
15:55:28.270 [JavaFX Application Thread] DEBUG GameApplicationServi - Removing overlay from DialogSubScene and adding to GameScene
15:55:28.270 [JavaFX Application Thread] DEBUG PrimaryStageWindow   - GameScene <- DialogSubScene
15:55:41.703 [JavaFX Application Thread] WARN  TMXLevelLoader       - TiledMap generated from 1.8.4. Supported version: 1.9.0. Some features may not be parsed fully.
15:55:41.706 [JavaFX Application Thread] DEBUG TMXLevelLoader       - Parsed TiledMap: file:/D:/Programs/Pokemon_Liu2.0/Pokemon/target/classes/assets/levels/level2.tmx
15:55:41.706 [JavaFX Application Thread] DEBUG TMXLevelLoader       - Creating tile layer entities
15:55:41.706 [JavaFX Application Thread] DEBUG TilesetLoader        - Loading view for layer 图块层 1
15:55:41.707 [JavaFX Application Thread] DEBUG TilesetLoader        - Created buffer with size 1024.0x800.0
15:55:41.710 [JavaFX Application Thread] DEBUG TMXLevelLoader       - Creating object layer entities
15:55:41.739 [JavaFX Application Thread] DEBUG GameWorld            - Clearing removable entities
15:55:41.743 [JavaFX Application Thread] DEBUG GameWorld            - Setting level: com.almasb.fxgl.entity.level.Level@7bdfbdb5
15:55:43.879 [JavaFX Application Thread] DEBUG PrimaryStageWindow   - Push state: DialogSubScene
15:55:43.879 [JavaFX Application Thread] DEBUG Input                - Clearing active input actions
15:55:43.879 [JavaFX Application Thread] DEBUG GameApplicationServi - Removing overlay from GameScene and adding to DialogSubScene
15:55:43.879 [JavaFX Application Thread] DEBUG PrimaryStageWindow   - GameScene -> DialogSubScene
15:55:46.062 [JavaFX Application Thread] DEBUG PrimaryStageWindow   - Pop state: DialogSubScene
15:55:46.062 [JavaFX Application Thread] DEBUG Input                - Clearing active input actions
15:55:46.063 [JavaFX Application Thread] DEBUG GameApplicationServi - Removing overlay from DialogSubScene and adding to GameScene
15:55:46.063 [JavaFX Application Thread] DEBUG PrimaryStageWindow   - GameScene <- DialogSubScene
15:55:50.424 [JavaFX Application Thread] WARN  TMXLevelLoader       - TiledMap generated from 1.8.4. Supported version: 1.9.0. Some features may not be parsed fully.
15:55:50.426 [JavaFX Application Thread] DEBUG TMXLevelLoader       - Parsed TiledMap: file:/D:/Programs/Pokemon_Liu2.0/Pokemon/target/classes/assets/levels/level1.tmx
15:55:50.426 [JavaFX Application Thread] DEBUG TMXLevelLoader       - Creating tile layer entities
15:55:50.426 [JavaFX Application Thread] DEBUG TilesetLoader        - Loading view for layer 图块层 1
15:55:50.426 [JavaFX Application Thread] DEBUG TilesetLoader        - Created buffer with size 1024.0x800.0
15:55:50.432 [JavaFX Application Thread] DEBUG TMXLevelLoader       - Creating object layer entities
15:55:50.457 [JavaFX Application Thread] DEBUG GameWorld            - Clearing removable entities
15:55:50.462 [JavaFX Application Thread] DEBUG GameWorld            - Setting level: com.almasb.fxgl.entity.level.Level@245b4fa9
15:55:53.655 [JavaFX Application Thread] WARN  TMXLevelLoader       - TiledMap generated from 1.8.4. Supported version: 1.9.0. Some features may not be parsed fully.
15:55:53.657 [JavaFX Application Thread] DEBUG TMXLevelLoader       - Parsed TiledMap: file:/D:/Programs/Pokemon_Liu2.0/Pokemon/target/classes/assets/levels/level3.tmx
15:55:53.657 [JavaFX Application Thread] DEBUG TMXLevelLoader       - Creating tile layer entities
15:55:53.657 [JavaFX Application Thread] DEBUG TilesetLoader        - Loading view for layer 图块层 1
15:55:53.658 [JavaFX Application Thread] DEBUG TilesetLoader        - Created buffer with size 1024.0x800.0
15:55:53.662 [JavaFX Application Thread] DEBUG TMXLevelLoader       - Creating object layer entities
15:55:53.670 [JavaFX Application Thread] DEBUG GameWorld            - Clearing removable entities
15:55:53.674 [JavaFX Application Thread] DEBUG GameWorld            - Setting level: com.almasb.fxgl.entity.level.Level@571ee832
15:55:53.675 [JavaFX Application Thread] DEBUG FXGLAssetLoaderServi - Loading from file system: file:/D:/Programs/Pokemon_Liu2.0/Pokemon/target/classes/assets/textures/Nurse2.png
15:55:53.678 [JavaFX Application Thread] DEBUG FXGLAssetLoaderServi - Loading from file system: file:/D:/Programs/Pokemon_Liu2.0/Pokemon/target/classes/assets/textures/Nurse_stand.png
15:55:55.540 [JavaFX Application Thread] WARN  TMXLevelLoader       - TiledMap generated from 1.8.4. Supported version: 1.9.0. Some features may not be parsed fully.
15:55:55.542 [JavaFX Application Thread] DEBUG TMXLevelLoader       - Parsed TiledMap: file:/D:/Programs/Pokemon_Liu2.0/Pokemon/target/classes/assets/levels/level1.tmx
15:55:55.542 [JavaFX Application Thread] DEBUG TMXLevelLoader       - Creating tile layer entities
15:55:55.542 [JavaFX Application Thread] DEBUG TilesetLoader        - Loading view for layer 图块层 1
15:55:55.542 [JavaFX Application Thread] DEBUG TilesetLoader        - Created buffer with size 1024.0x800.0
15:55:55.548 [JavaFX Application Thread] DEBUG TMXLevelLoader       - Creating object layer entities
15:55:55.561 [JavaFX Application Thread] DEBUG GameWorld            - Clearing removable entities
15:55:55.564 [JavaFX Application Thread] DEBUG GameWorld            - Setting level: com.almasb.fxgl.entity.level.Level@59bf3fca
15:56:06.547 [JavaFX Application Thread] WARN  TMXLevelLoader       - TiledMap generated from 1.8.4. Supported version: 1.9.0. Some features may not be parsed fully.
15:56:06.548 [JavaFX Application Thread] DEBUG TMXLevelLoader       - Parsed TiledMap: file:/D:/Programs/Pokemon_Liu2.0/Pokemon/target/classes/assets/levels/level3.tmx
15:56:06.548 [JavaFX Application Thread] DEBUG TMXLevelLoader       - Creating tile layer entities
15:56:06.548 [JavaFX Application Thread] DEBUG TilesetLoader        - Loading view for layer 图块层 1
15:56:06.550 [JavaFX Application Thread] DEBUG TilesetLoader        - Created buffer with size 1024.0x800.0
15:56:06.553 [JavaFX Application Thread] DEBUG TMXLevelLoader       - Creating object layer entities
15:56:06.559 [JavaFX Application Thread] DEBUG GameWorld            - Clearing removable entities
15:56:06.563 [JavaFX Application Thread] DEBUG GameWorld            - Setting level: com.almasb.fxgl.entity.level.Level@5e0515af
15:56:07.916 [JavaFX Application Thread] DEBUG PrimaryStageWindow   - Push state: DialogSubScene
15:56:07.916 [JavaFX Application Thread] DEBUG Input                - Clearing active input actions
15:56:07.916 [JavaFX Application Thread] DEBUG GameApplicationServi - Removing overlay from GameScene and adding to DialogSubScene
15:56:07.916 [JavaFX Application Thread] DEBUG PrimaryStageWindow   - GameScene -> DialogSubScene
15:56:09.912 [JavaFX Application Thread] DEBUG PrimaryStageWindow   - Pop state: DialogSubScene
15:56:09.912 [JavaFX Application Thread] DEBUG Input                - Clearing active input actions
15:56:09.912 [JavaFX Application Thread] DEBUG GameApplicationServi - Removing overlay from DialogSubScene and adding to GameScene
15:56:09.912 [JavaFX Application Thread] DEBUG PrimaryStageWindow   - GameScene <- DialogSubScene
15:56:11.422 [JavaFX Application Thread] WARN  TMXLevelLoader       - TiledMap generated from 1.8.4. Supported version: 1.9.0. Some features may not be parsed fully.
15:56:11.426 [JavaFX Application Thread] DEBUG TMXLevelLoader       - Parsed TiledMap: file:/D:/Programs/Pokemon_Liu2.0/Pokemon/target/classes/assets/levels/level1.tmx
15:56:11.426 [JavaFX Application Thread] DEBUG TMXLevelLoader       - Creating tile layer entities
15:56:11.426 [JavaFX Application Thread] DEBUG TilesetLoader        - Loading view for layer 图块层 1
15:56:11.426 [JavaFX Application Thread] DEBUG TilesetLoader        - Created buffer with size 1024.0x800.0
15:56:11.430 [JavaFX Application Thread] DEBUG TMXLevelLoader       - Creating object layer entities
15:56:11.439 [JavaFX Application Thread] DEBUG GameWorld            - Clearing removable entities
15:56:11.441 [JavaFX Application Thread] DEBUG GameWorld            - Setting level: com.almasb.fxgl.entity.level.Level@185aa276
15:56:15.613 [JavaFX Application Thread] WARN  TMXLevelLoader       - TiledMap generated from 1.8.4. Supported version: 1.9.0. Some features may not be parsed fully.
15:56:15.615 [JavaFX Application Thread] DEBUG TMXLevelLoader       - Parsed TiledMap: file:/D:/Programs/Pokemon_Liu2.0/Pokemon/target/classes/assets/levels/level4.tmx
15:56:15.615 [JavaFX Application Thread] DEBUG TMXLevelLoader       - Creating tile layer entities
15:56:15.615 [JavaFX Application Thread] DEBUG TilesetLoader        - Loading view for layer 图块层 1
15:56:15.615 [JavaFX Application Thread] DEBUG TilesetLoader        - Created buffer with size 1024.0x800.0
15:56:15.617 [JavaFX Application Thread] DEBUG TMXLevelLoader       - Creating object layer entities
15:56:15.621 [JavaFX Application Thread] DEBUG GameWorld            - Clearing removable entities
15:56:15.624 [JavaFX Application Thread] DEBUG GameWorld            - Setting level: com.almasb.fxgl.entity.level.Level@754c2785
15:56:15.626 [JavaFX Application Thread] DEBUG FXGLAssetLoaderServi - Loading from file system: file:/D:/Programs/Pokemon_Liu2.0/Pokemon/target/classes/assets/textures/bigWood.png
15:56:17.541 [JavaFX Application Thread] DEBUG PrimaryStageWindow   - Push state: DialogSubScene
15:56:17.541 [JavaFX Application Thread] DEBUG Input                - Clearing active input actions
15:56:17.541 [JavaFX Application Thread] DEBUG GameApplicationServi - Removing overlay from GameScene and adding to DialogSubScene
15:56:17.541 [JavaFX Application Thread] DEBUG PrimaryStageWindow   - GameScene -> DialogSubScene
15:56:23.785 [JavaFX Application Thread] DEBUG PrimaryStageWindow   - Pop state: DialogSubScene
15:56:23.785 [JavaFX Application Thread] DEBUG Input                - Clearing active input actions
15:56:23.785 [JavaFX Application Thread] DEBUG GameApplicationServi - Removing overlay from DialogSubScene and adding to GameScene
15:56:23.785 [JavaFX Application Thread] DEBUG PrimaryStageWindow   - GameScene <- DialogSubScene
15:56:25.845 [JavaFX Application Thread] DEBUG PrimaryStageWindow   - Push state: DialogSubScene
15:56:25.845 [JavaFX Application Thread] DEBUG Input                - Clearing active input actions
15:56:25.845 [JavaFX Application Thread] DEBUG GameApplicationServi - Removing overlay from GameScene and adding to DialogSubScene
15:56:25.845 [JavaFX Application Thread] DEBUG PrimaryStageWindow   - GameScene -> DialogSubScene
15:56:27.401 [JavaFX Application Thread] DEBUG PrimaryStageWindow   - Pop state: DialogSubScene
15:56:27.401 [JavaFX Application Thread] DEBUG Input                - Clearing active input actions
15:56:27.401 [JavaFX Application Thread] DEBUG GameApplicationServi - Removing overlay from DialogSubScene and adding to GameScene
15:56:27.401 [JavaFX Application Thread] DEBUG PrimaryStageWindow   - GameScene <- DialogSubScene
15:56:35.451 [JavaFX Application Thread] WARN  TMXLevelLoader       - TiledMap generated from 1.8.4. Supported version: 1.9.0. Some features may not be parsed fully.
15:56:35.452 [JavaFX Application Thread] DEBUG TMXLevelLoader       - Parsed TiledMap: file:/D:/Programs/Pokemon_Liu2.0/Pokemon/target/classes/assets/levels/level1.tmx
15:56:35.452 [JavaFX Application Thread] DEBUG TMXLevelLoader       - Creating tile layer entities
15:56:35.452 [JavaFX Application Thread] DEBUG TilesetLoader        - Loading view for layer 图块层 1
15:56:35.452 [JavaFX Application Thread] DEBUG TilesetLoader        - Created buffer with size 1024.0x800.0
15:56:35.457 [JavaFX Application Thread] DEBUG TMXLevelLoader       - Creating object layer entities
15:56:35.468 [JavaFX Application Thread] DEBUG GameWorld            - Clearing removable entities
15:56:35.470 [JavaFX Application Thread] DEBUG GameWorld            - Setting level: com.almasb.fxgl.entity.level.Level@1ff9cdeb
15:56:37.723 [JavaFX Application Thread] DEBUG PrimaryStageWindow   - Push state: DialogSubScene
15:56:37.724 [JavaFX Application Thread] DEBUG Input                - Clearing active input actions
15:56:37.724 [JavaFX Application Thread] DEBUG GameApplicationServi - Removing overlay from GameScene and adding to DialogSubScene
15:56:37.724 [JavaFX Application Thread] DEBUG PrimaryStageWindow   - GameScene -> DialogSubScene
15:56:39.514 [JavaFX Application Thread] DEBUG PrimaryStageWindow   - Pop state: DialogSubScene
15:56:39.514 [JavaFX Application Thread] DEBUG Input                - Clearing active input actions
15:56:39.514 [JavaFX Application Thread] DEBUG GameApplicationServi - Removing overlay from DialogSubScene and adding to GameScene
15:56:39.514 [JavaFX Application Thread] DEBUG PrimaryStageWindow   - GameScene <- DialogSubScene
15:56:41.730 [JavaFX Application Thread] DEBUG PrimaryStageWindow   - Push state: DialogSubScene
15:56:41.730 [JavaFX Application Thread] DEBUG Input                - Clearing active input actions
15:56:41.730 [JavaFX Application Thread] DEBUG GameApplicationServi - Removing overlay from GameScene and adding to DialogSubScene
15:56:41.730 [JavaFX Application Thread] DEBUG PrimaryStageWindow   - GameScene -> DialogSubScene
15:56:43.667 [JavaFX Application Thread] DEBUG PrimaryStageWindow   - Pop state: DialogSubScene
15:56:43.667 [JavaFX Application Thread] DEBUG Input                - Clearing active input actions
15:56:43.668 [JavaFX Application Thread] DEBUG GameApplicationServi - Removing overlay from DialogSubScene and adding to GameScene
15:56:43.668 [JavaFX Application Thread] DEBUG PrimaryStageWindow   - GameScene <- DialogSubScene
15:56:45.924 [JavaFX Application Thread] DEBUG PrimaryStageWindow   - Push state: DialogSubScene
15:56:45.924 [JavaFX Application Thread] DEBUG Input                - Clearing active input actions
15:56:45.925 [JavaFX Application Thread] DEBUG GameApplicationServi - Removing overlay from GameScene and adding to DialogSubScene
15:56:45.925 [JavaFX Application Thread] DEBUG PrimaryStageWindow   - GameScene -> DialogSubScene
15:56:48.706 [JavaFX Application Thread] DEBUG PrimaryStageWindow   - Pop state: DialogSubScene
15:56:48.707 [JavaFX Application Thread] DEBUG Input                - Clearing active input actions
15:56:48.707 [JavaFX Application Thread] DEBUG GameApplicationServi - Removing overlay from DialogSubScene and adding to GameScene
15:56:48.707 [JavaFX Application Thread] DEBUG PrimaryStageWindow   - GameScene <- DialogSubScene
15:56:49.857 [JavaFX Application Thread] DEBUG PrimaryStageWindow   - Push state: DialogSubScene
15:56:49.857 [JavaFX Application Thread] DEBUG Input                - Clearing active input actions
15:56:49.857 [JavaFX Application Thread] DEBUG GameApplicationServi - Removing overlay from GameScene and adding to DialogSubScene
15:56:49.857 [JavaFX Application Thread] DEBUG PrimaryStageWindow   - GameScene -> DialogSubScene
15:56:51.291 [JavaFX Application Thread] DEBUG PrimaryStageWindow   - Pop state: DialogSubScene
15:56:51.291 [JavaFX Application Thread] DEBUG Input                - Clearing active input actions
15:56:51.292 [JavaFX Application Thread] DEBUG GameApplicationServi - Removing overlay from DialogSubScene and adding to GameScene
15:56:51.292 [JavaFX Application Thread] DEBUG PrimaryStageWindow   - GameScene <- DialogSubScene
15:56:51.292 [JavaFX Application Thread] DEBUG PrimaryStageWindow   - Push state: DialogSubScene
15:56:51.292 [JavaFX Application Thread] DEBUG Input                - Clearing active input actions
15:56:51.293 [JavaFX Application Thread] DEBUG GameApplicationServi - Removing overlay from GameScene and adding to DialogSubScene
15:56:51.293 [JavaFX Application Thread] DEBUG PrimaryStageWindow   - GameScene -> DialogSubScene
15:56:52.602 [JavaFX Application Thread] DEBUG PrimaryStageWindow   - Pop state: DialogSubScene
15:56:52.603 [JavaFX Application Thread] DEBUG Input                - Clearing active input actions
15:56:52.603 [JavaFX Application Thread] DEBUG GameApplicationServi - Removing overlay from DialogSubScene and adding to GameScene
15:56:52.603 [JavaFX Application Thread] DEBUG PrimaryStageWindow   - GameScene <- DialogSubScene
15:57:00.256 [JavaFX Application Thread] WARN  TMXLevelLoader       - TiledMap generated from 1.8.4. Supported version: 1.9.0. Some features may not be parsed fully.
15:57:00.257 [JavaFX Application Thread] DEBUG TMXLevelLoader       - Parsed TiledMap: file:/D:/Programs/Pokemon_Liu2.0/Pokemon/target/classes/assets/levels/level2.tmx
15:57:00.257 [JavaFX Application Thread] DEBUG TMXLevelLoader       - Creating tile layer entities
15:57:00.257 [JavaFX Application Thread] DEBUG TilesetLoader        - Loading view for layer 图块层 1
15:57:00.258 [JavaFX Application Thread] DEBUG TilesetLoader        - Created buffer with size 1024.0x800.0
15:57:00.261 [JavaFX Application Thread] DEBUG TMXLevelLoader       - Creating object layer entities
15:57:00.283 [JavaFX Application Thread] DEBUG GameWorld            - Clearing removable entities
15:57:00.285 [JavaFX Application Thread] DEBUG GameWorld            - Setting level: com.almasb.fxgl.entity.level.Level@7d4e873a
15:57:04.588 [JavaFX Application Thread] WARN  TMXLevelLoader       - TiledMap generated from 1.8.4. Supported version: 1.9.0. Some features may not be parsed fully.
15:57:04.589 [JavaFX Application Thread] DEBUG TMXLevelLoader       - Parsed TiledMap: file:/D:/Programs/Pokemon_Liu2.0/Pokemon/target/classes/assets/levels/level1.tmx
15:57:04.589 [JavaFX Application Thread] DEBUG TMXLevelLoader       - Creating tile layer entities
15:57:04.589 [JavaFX Application Thread] DEBUG TilesetLoader        - Loading view for layer 图块层 1
15:57:04.590 [JavaFX Application Thread] DEBUG TilesetLoader        - Created buffer with size 1024.0x800.0
15:57:04.595 [JavaFX Application Thread] DEBUG TMXLevelLoader       - Creating object layer entities
15:57:04.604 [JavaFX Application Thread] DEBUG GameWorld            - Clearing removable entities
15:57:04.609 [JavaFX Application Thread] DEBUG GameWorld            - Setting level: com.almasb.fxgl.entity.level.Level@9cc04cc
15:57:07.015 [JavaFX Application Thread] DEBUG PrimaryStageWindow   - Push state: DialogSubScene
15:57:07.015 [JavaFX Application Thread] DEBUG Input                - Clearing active input actions
15:57:07.015 [JavaFX Application Thread] DEBUG GameApplicationServi - Removing overlay from GameScene and adding to DialogSubScene
15:57:07.015 [JavaFX Application Thread] DEBUG PrimaryStageWindow   - GameScene -> DialogSubScene
15:57:09.652 [JavaFX Application Thread] DEBUG PrimaryStageWindow   - Pop state: DialogSubScene
15:57:09.652 [JavaFX Application Thread] DEBUG Input                - Clearing active input actions
15:57:09.652 [JavaFX Application Thread] DEBUG GameApplicationServi - Removing overlay from DialogSubScene and adding to GameScene
15:57:09.652 [JavaFX Application Thread] DEBUG PrimaryStageWindow   - GameScene <- DialogSubScene
15:57:32.137 [JavaFX Application Thread] DEBUG PrimaryStageWindow   - Push state: DialogSubScene
15:57:32.137 [JavaFX Application Thread] DEBUG Input                - Clearing active input actions
15:57:32.137 [JavaFX Application Thread] DEBUG GameApplicationServi - Removing overlay from GameScene and adding to DialogSubScene
15:57:32.137 [JavaFX Application Thread] DEBUG PrimaryStageWindow   - GameScene -> DialogSubScene
15:57:33.929 [JavaFX Application Thread] DEBUG PrimaryStageWindow   - Pop state: DialogSubScene
15:57:33.929 [JavaFX Application Thread] DEBUG Input                - Clearing active input actions
15:57:33.930 [JavaFX Application Thread] DEBUG GameApplicationServi - Removing overlay from DialogSubScene and adding to GameScene
15:57:33.930 [JavaFX Application Thread] DEBUG PrimaryStageWindow   - GameScene <- DialogSubScene
15:58:13.131 [JavaFX Application Thread] DEBUG PrimaryStageWindow   - Push state: DialogSubScene
15:58:13.131 [JavaFX Application Thread] DEBUG Input                - Clearing active input actions
15:58:13.131 [JavaFX Application Thread] DEBUG GameApplicationServi - Removing overlay from GameScene and adding to DialogSubScene
15:58:13.131 [JavaFX Application Thread] DEBUG PrimaryStageWindow   - GameScene -> DialogSubScene
15:58:14.983 [JavaFX Application Thread] DEBUG PrimaryStageWindow   - Pop state: DialogSubScene
15:58:14.983 [JavaFX Application Thread] DEBUG Input                - Clearing active input actions
15:58:14.984 [JavaFX Application Thread] DEBUG GameApplicationServi - Removing overlay from DialogSubScene and adding to GameScene
15:58:14.984 [JavaFX Application Thread] DEBUG PrimaryStageWindow   - GameScene <- DialogSubScene
15:58:18.825 [JavaFX Application Thread] WARN  TMXLevelLoader       - TiledMap generated from 1.8.4. Supported version: 1.9.0. Some features may not be parsed fully.
15:58:18.827 [JavaFX Application Thread] DEBUG TMXLevelLoader       - Parsed TiledMap: file:/D:/Programs/Pokemon_Liu2.0/Pokemon/target/classes/assets/levels/level2.tmx
15:58:18.827 [JavaFX Application Thread] DEBUG TMXLevelLoader       - Creating tile layer entities
15:58:18.827 [JavaFX Application Thread] DEBUG TilesetLoader        - Loading view for layer 图块层 1
15:58:18.828 [JavaFX Application Thread] DEBUG TilesetLoader        - Created buffer with size 1024.0x800.0
15:58:18.831 [JavaFX Application Thread] DEBUG TMXLevelLoader       - Creating object layer entities
15:58:18.848 [JavaFX Application Thread] DEBUG GameWorld            - Clearing removable entities
15:58:18.852 [JavaFX Application Thread] DEBUG GameWorld            - Setting level: com.almasb.fxgl.entity.level.Level@395c34f4
16:00:09.790 [JavaFX Application Thread] DEBUG FXGLApplication      - Exiting FXGL
16:00:09.791 [JavaFX Application Thread] DEBUG LoopRunner           - Stopping loop
16:00:09.791 [JavaFX Application Thread] DEBUG SystemBundleService  - Saving FXGL system data
16:00:09.819 [JavaFX Application Thread] DEBUG FileSystemAccess     - Writing to: D:\Programs\Pokemon_Liu2.0\Pokemon\system\fxgl.bundle
16:00:09.822 [JavaFX Application Thread] DEBUG Async                - Shutting down background threads
16:00:09.822 [JavaFX Application Thread] DEBUG PrimaryStageWindow   - Closing main window
16:00:09.874 [JavaFX Application Thread] DEBUG Logger               - Closing Logger
