14:59:38.672 [main                     ] DEBUG Logger               - Configured Logger
14:59:38.699 [main                     ] DEBUG GameApplication      - Logging settings
Title: Pokemon
Version: 0.1
Width: 1024
Height: 800
Fullscreen: false
Intro: false
Profiling: false
Single step:false
App Mode: DEVELOPER
Menu Key: ESCAPE
Stage Style: DECORATED
Scene Factory: class org.example.pokemon.map.GameApp$1

14:59:38.960 [JavaFX Application Thread] DEBUG FXGLApplication      - Initializing FXGL
14:59:38.964 [JavaFX Application Thread] INFO  Engine               - FXGL-21 (28.12.2023 13.35) on WINDOWS (J:21.0.4 FX:21)
14:59:38.964 [JavaFX Application Thread] DEBUG Engine               - JRE Vendor Name: Oracle Corporation
14:59:38.964 [JavaFX Application Thread] DEBUG Engine               - Running on OS: Windows 11 version 10.0
14:59:38.965 [JavaFX Application Thread] DEBUG Engine               - Architecture: amd64
14:59:38.965 [JavaFX Application Thread] INFO  Engine               - Source code and latest versions at: https://github.com/AlmasB/FXGL
14:59:38.965 [JavaFX Application Thread] INFO  Engine               -       Ask questions and discuss at: https://github.com/AlmasB/FXGL/discussions
14:59:38.965 [JavaFX Application Thread] INFO  Engine               -              Join the FXGL chat at: https://gitter.im/AlmasB/FXGL
14:59:39.015 [JavaFX Application Thread] DEBUG PrimaryStageWindow   - Creating a JavaFX scene
14:59:39.041 [JavaFX Application Thread] DEBUG PrimaryStageWindow   - Target settings size: 1024.0 x 800.0
14:59:39.042 [JavaFX Application Thread] DEBUG PrimaryStageWindow   - Scaled scene size:    1024.0 x 800.0
14:59:39.042 [JavaFX Application Thread] DEBUG PrimaryStageWindow   - Scaled ratio: (1.0, 1.0)
14:59:39.042 [JavaFX Application Thread] DEBUG PrimaryStageWindow   - Set initial scene to FXGLStartupScene
14:59:39.044 [JavaFX Application Thread] DEBUG PrimaryStageWindow   - Opening main window
14:59:39.109 [JavaFX Application Thread] DEBUG PrimaryStageWindow   - Window border size: (14.6666259765625, 37.33331298828125)
14:59:39.109 [JavaFX Application Thread] DEBUG PrimaryStageWindow   - Scaled size: 1024.0 x 800.0
14:59:39.109 [JavaFX Application Thread] DEBUG PrimaryStageWindow   - Scaled ratio: (1.0, 1.0)
14:59:39.109 [JavaFX Application Thread] DEBUG PrimaryStageWindow   - Scene size: 1024.0 x 800.0
14:59:39.110 [JavaFX Application Thread] DEBUG PrimaryStageWindow   - Stage size: 1038.6666259765625 x 837.3333129882812
14:59:39.114 [FXGL Background Thread 1 ] DEBUG Engine               - Initializing environment variables
14:59:39.170 [FXGL Background Thread 1 ] DEBUG FXGLAssetLoaderServi - User app class for loading assets: class org.example.pokemon.map.GameApp
14:59:39.170 [FXGL Background Thread 1 ] DEBUG GameApplicationServi - Applying CSS: fxgl_dark.css
14:59:39.171 [FXGL Background Thread 1 ] DEBUG FXGLAssetLoaderServi - Loading from file system: jar:file:///C:/Java%20Lib/apache-maven-3.8.8/repo/com/github/almasb/fxgl/21/fxgl-21.jar!/fxglassets/ui/css/fxgl_dark.css
14:59:39.214 [FXGL Background Thread 1 ] DEBUG GameApplicationServi - Initializing application scenes
14:59:39.300 [FXGL Background Thread 1 ] DEBUG GameWorld            - Game world initialized
14:59:39.339 [FXGL Background Thread 1 ] DEBUG PhysicsWorld         - Physics world initialized: appHeight=800, physics.ppm=50.0
14:59:39.339 [FXGL Background Thread 1 ] DEBUG PhysicsWorld         - Using strategy: BRUTE_FORCE
14:59:39.343 [FXGL Background Thread 1 ] DEBUG GameScene            - Game scene initialized: 1024x800
14:59:39.507 [FXGL Background Thread 1 ] DEBUG FXGL.DefaultMenu     - createMenuBodyGameMenu()
14:59:39.513 [FXGL Background Thread 1 ] DEBUG FXGL.DefaultMenu     - createOptionsMenu()
14:59:39.518 [FXGL Background Thread 1 ] DEBUG FXGLAssetLoaderServi - Loading from file system: jar:file:///C:/Java%20Lib/apache-maven-3.8.8/repo/com/github/almasb/fxgl/21/fxgl-21.jar!/fxglassets/textures/particles/smoke.png
14:59:39.636 [FXGL Background Thread 1 ] DEBUG FXGLAssetLoaderServi - Loading from file system: jar:file:///C:/Java%20Lib/apache-maven-3.8.8/repo/com/github/almasb/fxgl/21/fxgl-21.jar!/fxglassets/textures/particles/trace_horizontal.png
14:59:39.653 [FXGL Background Thread 1 ] DEBUG GameApplicationServi - Application scenes initialized
14:59:39.658 [FXGL Background Thread 1 ] DEBUG SystemBundleService  - Loading FXGL system data
14:59:39.662 [FXGL Background Thread 1 ] DEBUG FileSystemAccess     - Reading from: D:\Repo\Pokemon\system\fxgl.bundle
14:59:39.669 [FXGL Background Thread 1 ] DEBUG SystemBundleService  - Bundle FXGL: {}
14:59:39.669 [FXGL Background Thread 1 ] DEBUG UpdaterService       - Checking for updates
14:59:39.672 [FXGL Background Thread 4 ] DEBUG FXGLApplication      - Loading fonts
14:59:39.672 [FXGL Background Thread 4 ] DEBUG FXGLAssetLoaderServi - Loading from file system: jar:file:///C:/Java%20Lib/apache-maven-3.8.8/repo/com/github/almasb/fxgl/21/fxgl-21.jar!/fxglassets/ui/fonts/VarelaRound-Regular.ttf
14:59:39.672 [FXGL Background Thread 1 ] DEBUG FXGLApplication      - Loading default localization
14:59:39.673 [FXGL Background Thread 1 ] DEBUG FXGLAssetLoaderServi - Loading from file system: jar:file:///C:/Java%20Lib/apache-maven-3.8.8/repo/com/github/almasb/fxgl/21/fxgl-21.jar!/fxglassets/languages/english.lang
14:59:39.713 [FXGL Background Thread 4 ] DEBUG FXGLAssetLoaderServi - Loading from file system: jar:file:///C:/Java%20Lib/apache-maven-3.8.8/repo/com/github/almasb/fxgl/21/fxgl-21.jar!/fxglassets/ui/fonts/Abel-Regular.ttf
14:59:39.716 [FXGL Background Thread 4 ] DEBUG FXGLAssetLoaderServi - Loading from file system: jar:file:///C:/Java%20Lib/apache-maven-3.8.8/repo/com/github/almasb/fxgl/21/fxgl-21.jar!/fxglassets/ui/fonts/TerminalLandMono-Regular.otf
14:59:39.718 [FXGL Background Thread 4 ] DEBUG FXGLAssetLoaderServi - Loading from file system: jar:file:///C:/Java%20Lib/apache-maven-3.8.8/repo/com/github/almasb/fxgl/21/fxgl-21.jar!/fxglassets/ui/fonts/Courier-Prime.ttf
14:59:39.726 [JavaFX Application Thread] DEBUG FXGLApplication      - Registering font factories with UI factory
14:59:39.744 [FXGL Background Thread 1 ] INFO  FXGLApplication      - FXGL initialization took: 0.630 sec
14:59:39.767 [JavaFX Application Thread] DEBUG Input                - Registered new binding: action0 - W
14:59:39.768 [JavaFX Application Thread] DEBUG Input                - Registered new binding: action1 - A
14:59:39.769 [JavaFX Application Thread] DEBUG Input                - Registered new binding: action2 - S
14:59:39.770 [JavaFX Application Thread] DEBUG Input                - Registered new binding: action3 - D
14:59:39.770 [JavaFX Application Thread] DEBUG Input                - Registered new binding: action4 - Up
14:59:39.771 [JavaFX Application Thread] DEBUG Input                - Registered new binding: action5 - Left
14:59:39.772 [JavaFX Application Thread] DEBUG Input                - Registered new binding: action6 - Down
14:59:39.773 [JavaFX Application Thread] DEBUG Input                - Registered new binding: action7 - Right
14:59:39.774 [JavaFX Application Thread] DEBUG Input                - Registered new binding: action8 - J
14:59:39.774 [JavaFX Application Thread] DEBUG FXGLAssetLoaderServi - Loading from file system: file:/D:/Repo/Pokemon/target/classes/assets/music/BGM.mp3
14:59:39.897 [JavaFX Application Thread] DEBUG AudioPlayer          - Playing music com.almasb.fxgl.audio.Music@7382169a
14:59:39.897 [JavaFX Application Thread] DEBUG FXGLAssetLoaderServi - Loading from file system: file:/D:/Repo/Pokemon/target/classes/assets/textures/icon.png
14:59:39.906 [JavaFX Application Thread] DEBUG FXGLAssetLoaderServi - Loading from file system: jar:file:///C:/Java%20Lib/apache-maven-3.8.8/repo/com/github/almasb/fxgl/21/fxgl-21.jar!/fxglassets/textures/fxgl_default_cursor.png
14:59:39.910 [JavaFX Application Thread] DEBUG Input                - Registered new binding: Screenshot - CTRL+8
14:59:39.911 [JavaFX Application Thread] DEBUG Input                - Registered new binding: System info dump - CTRL+9
14:59:39.912 [JavaFX Application Thread] DEBUG Input                - Registered new binding: Restart - CTRL+R
14:59:39.914 [JavaFX Application Thread] DEBUG Input                - Registered new binding: Toggle Debug Camera - CTRL+7
14:59:39.921 [JavaFX Application Thread] DEBUG LoopRunner           - Starting loop
14:59:39.921 [JavaFX Application Thread] DEBUG LoopRunner           - Initializing JavaFX AnimationTimerLoop
14:59:39.929 [JavaFX Application Thread] DEBUG Input                - Clearing active input actions
14:59:39.935 [JavaFX Application Thread] DEBUG GameApplicationServi - Removing overlay from FXGLStartupScene and adding to FXGLMainMenuDummyScene
14:59:39.935 [JavaFX Application Thread] DEBUG PrimaryStageWindow   - FXGLStartupScene -> FXGLMainMenuDummyScene
14:59:39.935 [JavaFX Application Thread] DEBUG PrimaryStageWindow   - Push state: TestMainMenu
14:59:39.938 [JavaFX Application Thread] DEBUG Input                - Clearing active input actions
14:59:39.949 [JavaFX Application Thread] DEBUG GameApplicationServi - Removing overlay from FXGLMainMenuDummyScene and adding to TestMainMenu
14:59:39.950 [JavaFX Application Thread] DEBUG PrimaryStageWindow   - FXGLMainMenuDummyScene -> TestMainMenu
14:59:42.673 [FXGL Background Thread 3 ] DEBUG Engine               - Logging environment variables
14:59:42.674 [FXGL Background Thread 3 ] DEBUG Engine               - achievements: []
14:59:42.674 [FXGL Background Thread 3 ] DEBUG Engine               - actualHeight: 800.0
14:59:42.674 [FXGL Background Thread 3 ] DEBUG Engine               - actualHeightProperty: ReadOnlyDoubleProperty [value: 800.0]
14:59:42.674 [FXGL Background Thread 3 ] DEBUG Engine               - actualWidth: 1024.0
14:59:42.674 [FXGL Background Thread 3 ] DEBUG Engine               - actualWidthProperty: ReadOnlyDoubleProperty [value: 1024.0]
14:59:42.674 [FXGL Background Thread 3 ] DEBUG Engine               - appIcon: icon.png
14:59:42.674 [FXGL Background Thread 3 ] DEBUG Engine               - applicationMode: DEVELOPER
14:59:42.674 [FXGL Background Thread 3 ] DEBUG Engine               - cSSList: [fxgl_dark.css]
14:59:42.674 [FXGL Background Thread 3 ] DEBUG Engine               - collisionDetectionStrategy: BRUTE_FORCE
14:59:42.674 [FXGL Background Thread 3 ] DEBUG Engine               - configClass: Optional.empty
14:59:42.674 [FXGL Background Thread 3 ] DEBUG Engine               - credits: []
14:59:42.675 [FXGL Background Thread 3 ] DEBUG Engine               - defaultCursor: CursorInfo(imageName=fxgl_default_cursor.png, hotspotX=7.0, hotspotY=6.0)
14:59:42.675 [FXGL Background Thread 3 ] DEBUG Engine               - devBBoxColorProperty: ObjectProperty [value: 0xff0000ff]
14:59:42.675 [FXGL Background Thread 3 ] DEBUG Engine               - devEnableDebugCameraProperty: BooleanProperty [value: false]
14:59:42.675 [FXGL Background Thread 3 ] DEBUG Engine               - devSensorColorProperty: ObjectProperty [value: 0xffff00ff]
14:59:42.675 [FXGL Background Thread 3 ] DEBUG Engine               - devShowBBoxProperty: BooleanProperty [value: false]
14:59:42.675 [FXGL Background Thread 3 ] DEBUG Engine               - devShowPositionProperty: BooleanProperty [value: false]
14:59:42.675 [FXGL Background Thread 3 ] DEBUG Engine               - enabledMenuItems: []
14:59:42.675 [FXGL Background Thread 3 ] DEBUG Engine               - engineServices: [class com.almasb.fxgl.app.services.FXGLAssetLoaderService, class com.almasb.fxgl.app.FXGLApplication$GameApplicationService, class com.almasb.fxgl.app.services.FXGLDialogService, class com.almasb.fxgl.app.services.IOTaskExecutorService, class com.almasb.fxgl.io.FileSystemService, class com.almasb.fxgl.localization.LocalizationService, class com.almasb.fxgl.app.services.SystemBundleService, class com.almasb.fxgl.profile.SaveLoadService, class com.almasb.fxgl.ui.FXGLUIFactoryServiceProvider, class com.almasb.fxgl.ui.FXGLDialogFactoryServiceProvider, class com.almasb.fxgl.audio.AudioPlayer, class com.almasb.fxgl.notification.impl.NotificationServiceProvider, class com.almasb.fxgl.achievement.AchievementService, class com.almasb.fxgl.cutscene.CutsceneService, class com.almasb.fxgl.minigames.MiniGameService, class com.almasb.fxgl.net.NetService, class com.almasb.fxgl.app.services.UpdaterService, class com.almasb.fxgl.dev.DevService]
14:59:42.675 [FXGL Background Thread 3 ] DEBUG Engine               - fontGame: Abel-Regular.ttf
14:59:42.675 [FXGL Background Thread 3 ] DEBUG Engine               - fontMono: TerminalLandMono-Regular.otf
14:59:42.675 [FXGL Background Thread 3 ] DEBUG Engine               - fontSizeScaleUI: 1.0
14:59:42.675 [FXGL Background Thread 3 ] DEBUG Engine               - fontText: Courier-Prime.ttf
14:59:42.675 [FXGL Background Thread 3 ] DEBUG Engine               - fontUI: VarelaRound-Regular.ttf
14:59:42.675 [FXGL Background Thread 3 ] DEBUG Engine               - fullScreen: BooleanProperty [value: false]
14:59:42.675 [FXGL Background Thread 3 ] DEBUG Engine               - gameDifficulty: MEDIUM
14:59:42.675 [FXGL Background Thread 3 ] DEBUG Engine               - gameDifficultyProperty: ObjectProperty [value: MEDIUM]
14:59:42.675 [FXGL Background Thread 3 ] DEBUG Engine               - globalMusicVolume: 0.5
14:59:42.675 [FXGL Background Thread 3 ] DEBUG Engine               - globalMusicVolumeProperty: DoubleProperty [value: 0.1]
14:59:42.675 [FXGL Background Thread 3 ] DEBUG Engine               - globalSoundVolume: 0.5
14:59:42.675 [FXGL Background Thread 3 ] DEBUG Engine               - globalSoundVolumeProperty: DoubleProperty [value: 0.5]
14:59:42.675 [FXGL Background Thread 3 ] DEBUG Engine               - height: 800
14:59:42.676 [FXGL Background Thread 3 ] DEBUG Engine               - is3D: false
14:59:42.676 [FXGL Background Thread 3 ] DEBUG Engine               - isAndroid: false
14:59:42.676 [FXGL Background Thread 3 ] DEBUG Engine               - isBrowser: false
14:59:42.676 [FXGL Background Thread 3 ] DEBUG Engine               - isClickFeedbackEnabled: false
14:59:42.676 [FXGL Background Thread 3 ] DEBUG Engine               - isCloseConfirmation: false
14:59:42.676 [FXGL Background Thread 3 ] DEBUG Engine               - isDesktop: true
14:59:42.676 [FXGL Background Thread 3 ] DEBUG Engine               - isDeveloperMenuEnabled: false
14:59:42.676 [FXGL Background Thread 3 ] DEBUG Engine               - isEmbedded: false
14:59:42.676 [FXGL Background Thread 3 ] DEBUG Engine               - isEntityPreloadEnabled: true
14:59:42.676 [FXGL Background Thread 3 ] DEBUG Engine               - isExperimentalTiledLargeMap: false
14:59:42.676 [FXGL Background Thread 3 ] DEBUG Engine               - isFileSystemWriteAllowed: true
14:59:42.676 [FXGL Background Thread 3 ] DEBUG Engine               - isFullScreenAllowed: false
14:59:42.676 [FXGL Background Thread 3 ] DEBUG Engine               - isFullScreenFromStart: false
14:59:42.676 [FXGL Background Thread 3 ] DEBUG Engine               - isGameMenuEnabled: true
14:59:42.676 [FXGL Background Thread 3 ] DEBUG Engine               - isIOS: false
14:59:42.676 [FXGL Background Thread 3 ] DEBUG Engine               - isIntroEnabled: false
14:59:42.676 [FXGL Background Thread 3 ] DEBUG Engine               - isLinux: false
14:59:42.676 [FXGL Background Thread 3 ] DEBUG Engine               - isMac: false
14:59:42.676 [FXGL Background Thread 3 ] DEBUG Engine               - isMainMenuEnabled: true
14:59:42.676 [FXGL Background Thread 3 ] DEBUG Engine               - isManualResizeEnabled: false
14:59:42.676 [FXGL Background Thread 3 ] DEBUG Engine               - isMobile: false
14:59:42.676 [FXGL Background Thread 3 ] DEBUG Engine               - isNative: false
14:59:42.677 [FXGL Background Thread 3 ] DEBUG Engine               - isPauseMusicWhenMinimized: true
14:59:42.677 [FXGL Background Thread 3 ] DEBUG Engine               - isPreserveResizeRatio: false
14:59:42.677 [FXGL Background Thread 3 ] DEBUG Engine               - isProfilingEnabled: false
14:59:42.677 [FXGL Background Thread 3 ] DEBUG Engine               - isScaleAffectedOnResize: true
14:59:42.677 [FXGL Background Thread 3 ] DEBUG Engine               - isSingleStep: false
14:59:42.677 [FXGL Background Thread 3 ] DEBUG Engine               - isUserProfileEnabled: false
14:59:42.677 [FXGL Background Thread 3 ] DEBUG Engine               - isWindows: true
14:59:42.677 [FXGL Background Thread 3 ] DEBUG Engine               - language: ObjectProperty [value: ENGLISH]
14:59:42.677 [FXGL Background Thread 3 ] DEBUG Engine               - menuKey: ESCAPE
14:59:42.677 [FXGL Background Thread 3 ] DEBUG Engine               - mouseSensitivity: 0.2
14:59:42.677 [FXGL Background Thread 3 ] DEBUG Engine               - notificationViewClass: class com.almasb.fxgl.notification.view.XboxNotificationView
14:59:42.677 [FXGL Background Thread 3 ] DEBUG Engine               - pixelsPerMeter: 50.0
14:59:42.677 [FXGL Background Thread 3 ] DEBUG Engine               - platform: WINDOWS
14:59:42.677 [FXGL Background Thread 3 ] DEBUG Engine               - prefHeightProperty: ReadOnlyDoubleProperty [value: 800.0]
14:59:42.677 [FXGL Background Thread 3 ] DEBUG Engine               - prefWidthProperty: ReadOnlyDoubleProperty [value: 1024.0]
14:59:42.677 [FXGL Background Thread 3 ] DEBUG Engine               - profileDir: profiles/
14:59:42.677 [FXGL Background Thread 3 ] DEBUG Engine               - profileName: StringProperty [value: DEFAULT]
14:59:42.677 [FXGL Background Thread 3 ] DEBUG Engine               - randomSeed: -1
14:59:42.677 [FXGL Background Thread 3 ] DEBUG Engine               - runtimeInfo: RuntimeInfo(platform=WINDOWS, version=21, build=28.12.2023 13.35)
14:59:42.677 [FXGL Background Thread 3 ] DEBUG Engine               - saveFileExt: sav
14:59:42.677 [FXGL Background Thread 3 ] DEBUG Engine               - scaledHeightProp$fxgl: DoubleProperty [bound, value: 800.0]
14:59:42.677 [FXGL Background Thread 3 ] DEBUG Engine               - scaledWidthProp$fxgl: DoubleProperty [bound, value: 1024.0]
14:59:42.677 [FXGL Background Thread 3 ] DEBUG Engine               - sceneFactory: org.example.pokemon.map.GameApp$1@2f6f6c41
14:59:42.677 [FXGL Background Thread 3 ] DEBUG Engine               - secondsIn24h: 60
14:59:42.677 [FXGL Background Thread 3 ] DEBUG Engine               - soundMenuBack: menu/back.wav
14:59:42.678 [FXGL Background Thread 3 ] DEBUG Engine               - soundMenuPress: menu/press.wav
14:59:42.678 [FXGL Background Thread 3 ] DEBUG Engine               - soundMenuSelect: menu/select.wav
14:59:42.678 [FXGL Background Thread 3 ] DEBUG Engine               - soundNotification: core/notification.wav
14:59:42.678 [FXGL Background Thread 3 ] DEBUG Engine               - stageStyle: DECORATED
14:59:42.678 [FXGL Background Thread 3 ] DEBUG Engine               - supportedLanguages: [ENGLISH, FRENCH, GERMAN, HUNGARIAN, RUSSIAN]
14:59:42.678 [FXGL Background Thread 3 ] DEBUG Engine               - ticksPerSecond: -1
14:59:42.678 [FXGL Background Thread 3 ] DEBUG Engine               - title: Pokemon
14:59:42.678 [FXGL Background Thread 3 ] DEBUG Engine               - urlGithub: https://github.com/AlmasB/FXGL
14:59:42.678 [FXGL Background Thread 3 ] DEBUG Engine               - urlLeaderboard: http://fxgl-top.herokuapp.com/
14:59:42.678 [FXGL Background Thread 3 ] DEBUG Engine               - urlPOM: https://raw.githubusercontent.com/AlmasB/FXGL/release/README.md
14:59:42.678 [FXGL Background Thread 3 ] DEBUG Engine               - userAppClass: class org.example.pokemon.map.GameApp
14:59:42.678 [FXGL Background Thread 3 ] DEBUG Engine               - version: 0.1
14:59:42.678 [FXGL Background Thread 3 ] DEBUG Engine               - versionCheckDays: 7
14:59:42.678 [FXGL Background Thread 3 ] DEBUG Engine               - width: 1024
14:59:42.678 [FXGL Background Thread 3 ] DEBUG Engine               - Logging services
14:59:42.678 [FXGL Background Thread 3 ] DEBUG Engine               - class com.almasb.fxgl.app.services.FXGLAssetLoaderService
14:59:42.678 [FXGL Background Thread 3 ] DEBUG Engine               - class com.almasb.fxgl.app.FXGLApplication$GameApplicationService
14:59:42.678 [FXGL Background Thread 3 ] DEBUG Engine               - class com.almasb.fxgl.app.services.FXGLDialogService
14:59:42.678 [FXGL Background Thread 3 ] DEBUG Engine               - class com.almasb.fxgl.app.services.IOTaskExecutorService
14:59:42.678 [FXGL Background Thread 3 ] DEBUG Engine               - class com.almasb.fxgl.io.FileSystemService
14:59:42.678 [FXGL Background Thread 3 ] DEBUG Engine               - class com.almasb.fxgl.localization.LocalizationService
14:59:42.678 [FXGL Background Thread 3 ] DEBUG Engine               - class com.almasb.fxgl.app.services.SystemBundleService
14:59:42.678 [FXGL Background Thread 3 ] DEBUG Engine               - class com.almasb.fxgl.profile.SaveLoadService
14:59:42.678 [FXGL Background Thread 3 ] DEBUG Engine               - class com.almasb.fxgl.ui.FXGLUIFactoryServiceProvider
14:59:42.678 [FXGL Background Thread 3 ] DEBUG Engine               - class com.almasb.fxgl.ui.FXGLDialogFactoryServiceProvider
14:59:42.678 [FXGL Background Thread 3 ] DEBUG Engine               - class com.almasb.fxgl.audio.AudioPlayer
14:59:42.678 [FXGL Background Thread 3 ] DEBUG Engine               - class com.almasb.fxgl.notification.impl.NotificationServiceProvider
14:59:42.678 [FXGL Background Thread 3 ] DEBUG Engine               - class com.almasb.fxgl.achievement.AchievementService
14:59:42.678 [FXGL Background Thread 3 ] DEBUG Engine               - class com.almasb.fxgl.cutscene.CutsceneService
14:59:42.678 [FXGL Background Thread 3 ] DEBUG Engine               - class com.almasb.fxgl.minigames.MiniGameService
14:59:42.678 [FXGL Background Thread 3 ] DEBUG Engine               - class com.almasb.fxgl.net.NetService
14:59:42.678 [FXGL Background Thread 3 ] DEBUG Engine               - class com.almasb.fxgl.app.services.UpdaterService
14:59:42.678 [FXGL Background Thread 3 ] DEBUG Engine               - class com.almasb.fxgl.dev.DevService
14:59:42.763 [FXGL Background Thread 2 ] INFO  UpdaterService       - Your current version:  21
14:59:42.763 [FXGL Background Thread 2 ] INFO  UpdaterService       - Latest stable version: 21.1
14:59:49.717 [JavaFX Application Thread] DEBUG GameApplicationServi - Starting new game
14:59:49.717 [JavaFX Application Thread] DEBUG PrimaryStageWindow   - Pop state: TestMainMenu
14:59:49.717 [JavaFX Application Thread] DEBUG Input                - Clearing active input actions
14:59:49.718 [JavaFX Application Thread] DEBUG GameApplicationServi - Removing overlay from TestMainMenu and adding to FXGLMainMenuDummyScene
14:59:49.718 [JavaFX Application Thread] DEBUG PrimaryStageWindow   - FXGLMainMenuDummyScene <- TestMainMenu
14:59:49.718 [JavaFX Application Thread] DEBUG Input                - Clearing active input actions
14:59:49.722 [JavaFX Application Thread] DEBUG GameApplicationServi - Removing overlay from FXGLMainMenuDummyScene and adding to FXGLLoadingScene
14:59:49.722 [JavaFX Application Thread] DEBUG PrimaryStageWindow   - FXGLMainMenuDummyScene -> FXGLLoadingScene
14:59:49.722 [JavaFX Application Thread] DEBUG GameApplicationServi - Clearing previous game
14:59:49.722 [JavaFX Application Thread] DEBUG GameScene            - Clearing game scene
14:59:49.722 [JavaFX Application Thread] DEBUG GameWorld            - Clearing game world
14:59:49.722 [JavaFX Application Thread] DEBUG PhysicsWorld         - Clearing physics world
14:59:49.723 [FXGL Background Thread 2 ] DEBUG FXGLApplication      - Initializing game
14:59:49.739 [FXGL Background Thread 2 ] WARN  TMXLevelLoader       - TiledMap generated from 1.8.4. Supported version: 1.9.0. Some features may not be parsed fully.
14:59:49.758 [FXGL Background Thread 2 ] DEBUG TMXLevelLoader       - Parsed TiledMap: file:/D:/Repo/Pokemon/target/classes/assets/levels/level1.tmx
14:59:49.759 [FXGL Background Thread 2 ] DEBUG TMXLevelLoader       - Creating tile layer entities
14:59:49.761 [FXGL Background Thread 2 ] DEBUG TilesetLoader        - Loading view for layer 图块层 1
14:59:49.766 [FXGL Background Thread 2 ] DEBUG TilesetLoader        - Created buffer with size 1024.0x800.0
14:59:49.778 [FXGL Background Thread 2 ] DEBUG TMXLevelLoader       - Creating object layer entities
14:59:49.862 [FXGL Background Thread 2 ] DEBUG FXGLAssetLoaderServi - Loading from file system: file:/D:/Repo/Pokemon/target/classes/assets/textures/flower.png
14:59:49.882 [FXGL Background Thread 2 ] DEBUG GameWorld            - Clearing removable entities
14:59:49.882 [FXGL Background Thread 2 ] DEBUG GameWorld            - Setting level: com.almasb.fxgl.entity.level.Level@18680b52
14:59:49.890 [FXGL Background Thread 2 ] DEBUG FXGLAssetLoaderServi - Loading from file system: file:/D:/Repo/Pokemon/target/classes/assets/textures/buLunDan2.png
14:59:49.893 [FXGL Background Thread 2 ] DEBUG FXGLAssetLoaderServi - Loading from file system: file:/D:/Repo/Pokemon/target/classes/assets/textures/RacketTeam.png
14:59:49.895 [FXGL Background Thread 2 ] INFO  FXGLApplication      - Game initialization took: 0.172 sec
14:59:49.896 [JavaFX Application Thread] DEBUG Input                - Clearing active input actions
14:59:49.901 [JavaFX Application Thread] DEBUG GameApplicationServi - Removing overlay from FXGLLoadingScene and adding to GameScene
14:59:49.901 [JavaFX Application Thread] DEBUG PrimaryStageWindow   - FXGLLoadingScene -> GameScene
14:59:53.296 [JavaFX Application Thread] DEBUG FXGLApplication      - Exiting FXGL
14:59:53.298 [JavaFX Application Thread] DEBUG LoopRunner           - Stopping loop
14:59:53.298 [JavaFX Application Thread] DEBUG SystemBundleService  - Saving FXGL system data
14:59:53.299 [JavaFX Application Thread] DEBUG FileSystemAccess     - Writing to: D:\Repo\Pokemon\system\fxgl.bundle
14:59:53.301 [JavaFX Application Thread] DEBUG Async                - Shutting down background threads
14:59:53.301 [JavaFX Application Thread] DEBUG PrimaryStageWindow   - Closing main window
14:59:53.311 [JavaFX Application Thread] DEBUG Logger               - Closing Logger
