18:57:38.749 [main                     ] DEBUG Logger               - Configured Logger
18:57:38.786 [main                     ] DEBUG GameApplication      - Logging settings
Title: Pokemon
Version: 0.1
Width: 1024
Height: 800
Fullscreen: false
Intro: false
Profiling: false
Single step:false
App Mode: DEVELOPER
Menu Key: ESCAPE
Stage Style: DECORATED
Scene Factory: class org.example.pokemon.map.GameApp$1

18:57:39.155 [JavaFX Application Thread] DEBUG FXGLApplication      - Initializing FXGL
18:57:39.161 [JavaFX Application Thread] INFO  Engine               - FXGL-21 (28.12.2023 13.35) on WINDOWS (J:21.0.4 FX:21)
18:57:39.161 [JavaFX Application Thread] DEBUG Engine               - JRE Vendor Name: Oracle Corporation
18:57:39.161 [JavaFX Application Thread] DEBUG Engine               - Running on OS: Windows 11 version 10.0
18:57:39.161 [JavaFX Application Thread] DEBUG Engine               - Architecture: amd64
18:57:39.163 [JavaFX Application Thread] INFO  Engine               - Source code and latest versions at: https://github.com/AlmasB/FXGL
18:57:39.163 [JavaFX Application Thread] INFO  Engine               -       Ask questions and discuss at: https://github.com/AlmasB/FXGL/discussions
18:57:39.163 [JavaFX Application Thread] INFO  Engine               -              Join the FXGL chat at: https://gitter.im/AlmasB/FXGL
18:57:39.239 [JavaFX Application Thread] DEBUG PrimaryStageWindow   - Creating a JavaFX scene
18:57:39.281 [JavaFX Application Thread] DEBUG PrimaryStageWindow   - Target settings size: 1024.0 x 800.0
18:57:39.281 [JavaFX Application Thread] DEBUG PrimaryStageWindow   - Scaled scene size:    1024.0 x 800.0
18:57:39.282 [JavaFX Application Thread] DEBUG PrimaryStageWindow   - Scaled ratio: (1.0, 1.0)
18:57:39.283 [JavaFX Application Thread] DEBUG PrimaryStageWindow   - Set initial scene to FXGLStartupScene
18:57:39.288 [JavaFX Application Thread] DEBUG PrimaryStageWindow   - Opening main window
18:57:39.366 [JavaFX Application Thread] DEBUG PrimaryStageWindow   - Window border size: (14.6666259765625, 37.33331298828125)
18:57:39.366 [JavaFX Application Thread] DEBUG PrimaryStageWindow   - Scaled size: 1024.0 x 800.0
18:57:39.367 [JavaFX Application Thread] DEBUG PrimaryStageWindow   - Scaled ratio: (1.0, 1.0)
18:57:39.367 [JavaFX Application Thread] DEBUG PrimaryStageWindow   - Scene size: 1024.0 x 800.0
18:57:39.367 [JavaFX Application Thread] DEBUG PrimaryStageWindow   - Stage size: 1038.6666259765625 x 837.3333129882812
18:57:39.374 [FXGL Background Thread 1 ] DEBUG Engine               - Initializing environment variables
18:57:39.426 [FXGL Background Thread 1 ] DEBUG FXGLAssetLoaderServi - User app class for loading assets: class org.example.pokemon.map.GameApp
18:57:39.426 [FXGL Background Thread 1 ] DEBUG GameApplicationServi - Applying CSS: fxgl_dark.css
18:57:39.426 [FXGL Background Thread 1 ] DEBUG FXGLAssetLoaderServi - Loading from file system: jar:file:///C:/Java%20Lib/apache-maven-3.8.8/repo/com/github/almasb/fxgl/21/fxgl-21.jar!/fxglassets/ui/css/fxgl_dark.css
18:57:39.474 [FXGL Background Thread 1 ] DEBUG GameApplicationServi - Initializing application scenes
18:57:39.597 [FXGL Background Thread 1 ] DEBUG GameWorld            - Game world initialized
18:57:39.650 [FXGL Background Thread 1 ] DEBUG PhysicsWorld         - Physics world initialized: appHeight=800, physics.ppm=50.0
18:57:39.650 [FXGL Background Thread 1 ] DEBUG PhysicsWorld         - Using strategy: BRUTE_FORCE
18:57:39.656 [FXGL Background Thread 1 ] DEBUG GameScene            - Game scene initialized: 1024x800
18:57:39.865 [FXGL Background Thread 1 ] DEBUG FXGL.DefaultMenu     - createMenuBodyGameMenu()
18:57:39.876 [FXGL Background Thread 1 ] DEBUG FXGL.DefaultMenu     - createOptionsMenu()
18:57:39.886 [FXGL Background Thread 1 ] DEBUG FXGLAssetLoaderServi - Loading from file system: jar:file:///C:/Java%20Lib/apache-maven-3.8.8/repo/com/github/almasb/fxgl/21/fxgl-21.jar!/fxglassets/textures/particles/smoke.png
18:57:40.024 [FXGL Background Thread 1 ] DEBUG FXGLAssetLoaderServi - Loading from file system: jar:file:///C:/Java%20Lib/apache-maven-3.8.8/repo/com/github/almasb/fxgl/21/fxgl-21.jar!/fxglassets/textures/particles/trace_horizontal.png
18:57:40.049 [FXGL Background Thread 1 ] DEBUG GameApplicationServi - Application scenes initialized
18:57:40.059 [FXGL Background Thread 1 ] DEBUG SystemBundleService  - Loading FXGL system data
18:57:40.062 [FXGL Background Thread 1 ] DEBUG FileSystemAccess     - Reading from: D:\Repo\Pokemon\system\fxgl.bundle
18:57:40.071 [FXGL Background Thread 1 ] DEBUG SystemBundleService  - Bundle FXGL: {}
18:57:40.072 [FXGL Background Thread 1 ] DEBUG UpdaterService       - Checking for updates
18:57:40.075 [FXGL Background Thread 4 ] DEBUG FXGLApplication      - Loading fonts
18:57:40.075 [FXGL Background Thread 4 ] DEBUG FXGLAssetLoaderServi - Loading from file system: jar:file:///C:/Java%20Lib/apache-maven-3.8.8/repo/com/github/almasb/fxgl/21/fxgl-21.jar!/fxglassets/ui/fonts/VarelaRound-Regular.ttf
18:57:40.076 [FXGL Background Thread 1 ] DEBUG FXGLApplication      - Loading default localization
18:57:40.076 [FXGL Background Thread 1 ] DEBUG FXGLAssetLoaderServi - Loading from file system: jar:file:///C:/Java%20Lib/apache-maven-3.8.8/repo/com/github/almasb/fxgl/21/fxgl-21.jar!/fxglassets/languages/english.lang
18:57:40.115 [FXGL Background Thread 4 ] DEBUG FXGLAssetLoaderServi - Loading from file system: jar:file:///C:/Java%20Lib/apache-maven-3.8.8/repo/com/github/almasb/fxgl/21/fxgl-21.jar!/fxglassets/ui/fonts/Abel-Regular.ttf
18:57:40.119 [FXGL Background Thread 4 ] DEBUG FXGLAssetLoaderServi - Loading from file system: jar:file:///C:/Java%20Lib/apache-maven-3.8.8/repo/com/github/almasb/fxgl/21/fxgl-21.jar!/fxglassets/ui/fonts/TerminalLandMono-Regular.otf
18:57:40.123 [FXGL Background Thread 4 ] DEBUG FXGLAssetLoaderServi - Loading from file system: jar:file:///C:/Java%20Lib/apache-maven-3.8.8/repo/com/github/almasb/fxgl/21/fxgl-21.jar!/fxglassets/ui/fonts/Courier-Prime.ttf
18:57:40.134 [JavaFX Application Thread] DEBUG FXGLApplication      - Registering font factories with UI factory
18:57:40.165 [FXGL Background Thread 1 ] INFO  FXGLApplication      - FXGL initialization took: 0.790 sec
18:57:40.198 [JavaFX Application Thread] DEBUG Input                - Registered new binding: action0 - W
18:57:40.199 [JavaFX Application Thread] DEBUG Input                - Registered new binding: action1 - A
18:57:40.200 [JavaFX Application Thread] DEBUG Input                - Registered new binding: action2 - S
18:57:40.201 [JavaFX Application Thread] DEBUG Input                - Registered new binding: action3 - D
18:57:40.202 [JavaFX Application Thread] DEBUG Input                - Registered new binding: action4 - Up
18:57:40.203 [JavaFX Application Thread] DEBUG Input                - Registered new binding: action5 - Left
18:57:40.204 [JavaFX Application Thread] DEBUG Input                - Registered new binding: action6 - Down
18:57:40.205 [JavaFX Application Thread] DEBUG Input                - Registered new binding: action7 - Right
18:57:40.207 [JavaFX Application Thread] DEBUG Input                - Registered new binding: action8 - J
18:57:40.207 [JavaFX Application Thread] DEBUG FXGLAssetLoaderServi - Loading from file system: file:/D:/Repo/Pokemon/target/classes/assets/music/BGM.mp3
18:57:40.364 [JavaFX Application Thread] DEBUG AudioPlayer          - Playing music com.almasb.fxgl.audio.Music@4d580fbb
18:57:40.364 [JavaFX Application Thread] DEBUG FXGLAssetLoaderServi - Loading from file system: file:/D:/Repo/Pokemon/target/classes/assets/textures/icon.png
18:57:40.380 [JavaFX Application Thread] DEBUG FXGLAssetLoaderServi - Loading from file system: jar:file:///C:/Java%20Lib/apache-maven-3.8.8/repo/com/github/almasb/fxgl/21/fxgl-21.jar!/fxglassets/textures/fxgl_default_cursor.png
18:57:40.386 [JavaFX Application Thread] DEBUG Input                - Registered new binding: Screenshot - CTRL+8
18:57:40.388 [JavaFX Application Thread] DEBUG Input                - Registered new binding: System info dump - CTRL+9
18:57:40.390 [JavaFX Application Thread] DEBUG Input                - Registered new binding: Restart - CTRL+R
18:57:40.394 [JavaFX Application Thread] DEBUG Input                - Registered new binding: Toggle Debug Camera - CTRL+7
18:57:40.404 [JavaFX Application Thread] DEBUG LoopRunner           - Starting loop
18:57:40.404 [JavaFX Application Thread] DEBUG LoopRunner           - Initializing JavaFX AnimationTimerLoop
18:57:40.410 [JavaFX Application Thread] DEBUG Input                - Clearing active input actions
18:57:40.420 [JavaFX Application Thread] DEBUG GameApplicationServi - Removing overlay from FXGLStartupScene and adding to FXGLMainMenuDummyScene
18:57:40.421 [JavaFX Application Thread] DEBUG PrimaryStageWindow   - FXGLStartupScene -> FXGLMainMenuDummyScene
18:57:40.421 [JavaFX Application Thread] DEBUG PrimaryStageWindow   - Push state: TestMainMenu
18:57:40.423 [JavaFX Application Thread] DEBUG Input                - Clearing active input actions
18:57:40.437 [JavaFX Application Thread] DEBUG GameApplicationServi - Removing overlay from FXGLMainMenuDummyScene and adding to TestMainMenu
18:57:40.437 [JavaFX Application Thread] DEBUG PrimaryStageWindow   - FXGLMainMenuDummyScene -> TestMainMenu
18:57:43.075 [FXGL Background Thread 3 ] DEBUG Engine               - Logging environment variables
18:57:43.075 [FXGL Background Thread 3 ] DEBUG Engine               - achievements: []
18:57:43.077 [FXGL Background Thread 3 ] DEBUG Engine               - actualHeight: 800.0
18:57:43.077 [FXGL Background Thread 3 ] DEBUG Engine               - actualHeightProperty: ReadOnlyDoubleProperty [value: 800.0]
18:57:43.077 [FXGL Background Thread 3 ] DEBUG Engine               - actualWidth: 1024.0
18:57:43.077 [FXGL Background Thread 3 ] DEBUG Engine               - actualWidthProperty: ReadOnlyDoubleProperty [value: 1024.0]
18:57:43.077 [FXGL Background Thread 3 ] DEBUG Engine               - appIcon: icon.png
18:57:43.077 [FXGL Background Thread 3 ] DEBUG Engine               - applicationMode: DEVELOPER
18:57:43.077 [FXGL Background Thread 3 ] DEBUG Engine               - cSSList: [fxgl_dark.css]
18:57:43.077 [FXGL Background Thread 3 ] DEBUG Engine               - collisionDetectionStrategy: BRUTE_FORCE
18:57:43.077 [FXGL Background Thread 3 ] DEBUG Engine               - configClass: Optional.empty
18:57:43.077 [FXGL Background Thread 3 ] DEBUG Engine               - credits: []
18:57:43.078 [FXGL Background Thread 3 ] DEBUG Engine               - defaultCursor: CursorInfo(imageName=fxgl_default_cursor.png, hotspotX=7.0, hotspotY=6.0)
18:57:43.078 [FXGL Background Thread 3 ] DEBUG Engine               - devBBoxColorProperty: ObjectProperty [value: 0xff0000ff]
18:57:43.079 [FXGL Background Thread 3 ] DEBUG Engine               - devEnableDebugCameraProperty: BooleanProperty [value: false]
18:57:43.079 [FXGL Background Thread 3 ] DEBUG Engine               - devSensorColorProperty: ObjectProperty [value: 0xffff00ff]
18:57:43.079 [FXGL Background Thread 3 ] DEBUG Engine               - devShowBBoxProperty: BooleanProperty [value: false]
18:57:43.079 [FXGL Background Thread 3 ] DEBUG Engine               - devShowPositionProperty: BooleanProperty [value: false]
18:57:43.080 [FXGL Background Thread 3 ] DEBUG Engine               - enabledMenuItems: []
18:57:43.080 [FXGL Background Thread 3 ] DEBUG Engine               - engineServices: [class com.almasb.fxgl.app.services.FXGLAssetLoaderService, class com.almasb.fxgl.app.FXGLApplication$GameApplicationService, class com.almasb.fxgl.app.services.FXGLDialogService, class com.almasb.fxgl.app.services.IOTaskExecutorService, class com.almasb.fxgl.io.FileSystemService, class com.almasb.fxgl.localization.LocalizationService, class com.almasb.fxgl.app.services.SystemBundleService, class com.almasb.fxgl.profile.SaveLoadService, class com.almasb.fxgl.ui.FXGLUIFactoryServiceProvider, class com.almasb.fxgl.ui.FXGLDialogFactoryServiceProvider, class com.almasb.fxgl.audio.AudioPlayer, class com.almasb.fxgl.notification.impl.NotificationServiceProvider, class com.almasb.fxgl.achievement.AchievementService, class com.almasb.fxgl.cutscene.CutsceneService, class com.almasb.fxgl.minigames.MiniGameService, class com.almasb.fxgl.net.NetService, class com.almasb.fxgl.app.services.UpdaterService, class com.almasb.fxgl.dev.DevService]
18:57:43.081 [FXGL Background Thread 3 ] DEBUG Engine               - fontGame: Abel-Regular.ttf
18:57:43.081 [FXGL Background Thread 3 ] DEBUG Engine               - fontMono: TerminalLandMono-Regular.otf
18:57:43.081 [FXGL Background Thread 3 ] DEBUG Engine               - fontSizeScaleUI: 1.0
18:57:43.081 [FXGL Background Thread 3 ] DEBUG Engine               - fontText: Courier-Prime.ttf
18:57:43.081 [FXGL Background Thread 3 ] DEBUG Engine               - fontUI: VarelaRound-Regular.ttf
18:57:43.081 [FXGL Background Thread 3 ] DEBUG Engine               - fullScreen: BooleanProperty [value: false]
18:57:43.081 [FXGL Background Thread 3 ] DEBUG Engine               - gameDifficulty: MEDIUM
18:57:43.081 [FXGL Background Thread 3 ] DEBUG Engine               - gameDifficultyProperty: ObjectProperty [value: MEDIUM]
18:57:43.082 [FXGL Background Thread 3 ] DEBUG Engine               - globalMusicVolume: 0.5
18:57:43.082 [FXGL Background Thread 3 ] DEBUG Engine               - globalMusicVolumeProperty: DoubleProperty [value: 0.1]
18:57:43.082 [FXGL Background Thread 3 ] DEBUG Engine               - globalSoundVolume: 0.5
18:57:43.082 [FXGL Background Thread 3 ] DEBUG Engine               - globalSoundVolumeProperty: DoubleProperty [value: 0.5]
18:57:43.082 [FXGL Background Thread 3 ] DEBUG Engine               - height: 800
18:57:43.082 [FXGL Background Thread 3 ] DEBUG Engine               - is3D: false
18:57:43.082 [FXGL Background Thread 3 ] DEBUG Engine               - isAndroid: false
18:57:43.082 [FXGL Background Thread 3 ] DEBUG Engine               - isBrowser: false
18:57:43.082 [FXGL Background Thread 3 ] DEBUG Engine               - isClickFeedbackEnabled: false
18:57:43.083 [FXGL Background Thread 3 ] DEBUG Engine               - isCloseConfirmation: false
18:57:43.083 [FXGL Background Thread 3 ] DEBUG Engine               - isDesktop: true
18:57:43.083 [FXGL Background Thread 3 ] DEBUG Engine               - isDeveloperMenuEnabled: false
18:57:43.083 [FXGL Background Thread 3 ] DEBUG Engine               - isEmbedded: false
18:57:43.083 [FXGL Background Thread 3 ] DEBUG Engine               - isEntityPreloadEnabled: true
18:57:43.083 [FXGL Background Thread 3 ] DEBUG Engine               - isExperimentalTiledLargeMap: false
18:57:43.085 [FXGL Background Thread 3 ] DEBUG Engine               - isFileSystemWriteAllowed: true
18:57:43.085 [FXGL Background Thread 3 ] DEBUG Engine               - isFullScreenAllowed: false
18:57:43.085 [FXGL Background Thread 3 ] DEBUG Engine               - isFullScreenFromStart: false
18:57:43.085 [FXGL Background Thread 3 ] DEBUG Engine               - isGameMenuEnabled: true
18:57:43.085 [FXGL Background Thread 3 ] DEBUG Engine               - isIOS: false
18:57:43.085 [FXGL Background Thread 3 ] DEBUG Engine               - isIntroEnabled: false
18:57:43.085 [FXGL Background Thread 3 ] DEBUG Engine               - isLinux: false
18:57:43.085 [FXGL Background Thread 3 ] DEBUG Engine               - isMac: false
18:57:43.085 [FXGL Background Thread 3 ] DEBUG Engine               - isMainMenuEnabled: true
18:57:43.085 [FXGL Background Thread 3 ] DEBUG Engine               - isManualResizeEnabled: false
18:57:43.085 [FXGL Background Thread 3 ] DEBUG Engine               - isMobile: false
18:57:43.086 [FXGL Background Thread 3 ] DEBUG Engine               - isNative: false
18:57:43.086 [FXGL Background Thread 3 ] DEBUG Engine               - isPauseMusicWhenMinimized: true
18:57:43.086 [FXGL Background Thread 3 ] DEBUG Engine               - isPreserveResizeRatio: false
18:57:43.086 [FXGL Background Thread 3 ] DEBUG Engine               - isProfilingEnabled: false
18:57:43.086 [FXGL Background Thread 3 ] DEBUG Engine               - isScaleAffectedOnResize: true
18:57:43.086 [FXGL Background Thread 3 ] DEBUG Engine               - isSingleStep: false
18:57:43.086 [FXGL Background Thread 3 ] DEBUG Engine               - isUserProfileEnabled: false
18:57:43.086 [FXGL Background Thread 3 ] DEBUG Engine               - isWindows: true
18:57:43.086 [FXGL Background Thread 3 ] DEBUG Engine               - language: ObjectProperty [value: ENGLISH]
18:57:43.086 [FXGL Background Thread 3 ] DEBUG Engine               - menuKey: ESCAPE
18:57:43.086 [FXGL Background Thread 3 ] DEBUG Engine               - mouseSensitivity: 0.2
18:57:43.086 [FXGL Background Thread 3 ] DEBUG Engine               - notificationViewClass: class com.almasb.fxgl.notification.view.XboxNotificationView
18:57:43.086 [FXGL Background Thread 3 ] DEBUG Engine               - pixelsPerMeter: 50.0
18:57:43.086 [FXGL Background Thread 3 ] DEBUG Engine               - platform: WINDOWS
18:57:43.086 [FXGL Background Thread 3 ] DEBUG Engine               - prefHeightProperty: ReadOnlyDoubleProperty [value: 800.0]
18:57:43.086 [FXGL Background Thread 3 ] DEBUG Engine               - prefWidthProperty: ReadOnlyDoubleProperty [value: 1024.0]
18:57:43.086 [FXGL Background Thread 3 ] DEBUG Engine               - profileDir: profiles/
18:57:43.086 [FXGL Background Thread 3 ] DEBUG Engine               - profileName: StringProperty [value: DEFAULT]
18:57:43.086 [FXGL Background Thread 3 ] DEBUG Engine               - randomSeed: -1
18:57:43.087 [FXGL Background Thread 3 ] DEBUG Engine               - runtimeInfo: RuntimeInfo(platform=WINDOWS, version=21, build=28.12.2023 13.35)
18:57:43.087 [FXGL Background Thread 3 ] DEBUG Engine               - saveFileExt: sav
18:57:43.087 [FXGL Background Thread 3 ] DEBUG Engine               - scaledHeightProp$fxgl: DoubleProperty [bound, value: 800.0]
18:57:43.087 [FXGL Background Thread 3 ] DEBUG Engine               - scaledWidthProp$fxgl: DoubleProperty [bound, value: 1024.0]
18:57:43.087 [FXGL Background Thread 3 ] DEBUG Engine               - sceneFactory: org.example.pokemon.map.GameApp$1@140555bf
18:57:43.087 [FXGL Background Thread 3 ] DEBUG Engine               - secondsIn24h: 60
18:57:43.087 [FXGL Background Thread 3 ] DEBUG Engine               - soundMenuBack: menu/back.wav
18:57:43.087 [FXGL Background Thread 3 ] DEBUG Engine               - soundMenuPress: menu/press.wav
18:57:43.087 [FXGL Background Thread 3 ] DEBUG Engine               - soundMenuSelect: menu/select.wav
18:57:43.087 [FXGL Background Thread 3 ] DEBUG Engine               - soundNotification: core/notification.wav
18:57:43.087 [FXGL Background Thread 3 ] DEBUG Engine               - stageStyle: DECORATED
18:57:43.087 [FXGL Background Thread 3 ] DEBUG Engine               - supportedLanguages: [ENGLISH, FRENCH, GERMAN, HUNGARIAN, RUSSIAN]
18:57:43.087 [FXGL Background Thread 3 ] DEBUG Engine               - ticksPerSecond: -1
18:57:43.087 [FXGL Background Thread 3 ] DEBUG Engine               - title: Pokemon
18:57:43.087 [FXGL Background Thread 3 ] DEBUG Engine               - urlGithub: https://github.com/AlmasB/FXGL
18:57:43.087 [FXGL Background Thread 3 ] DEBUG Engine               - urlLeaderboard: http://fxgl-top.herokuapp.com/
18:57:43.087 [FXGL Background Thread 3 ] DEBUG Engine               - urlPOM: https://raw.githubusercontent.com/AlmasB/FXGL/release/README.md
18:57:43.087 [FXGL Background Thread 3 ] DEBUG Engine               - userAppClass: class org.example.pokemon.map.GameApp
18:57:43.087 [FXGL Background Thread 3 ] DEBUG Engine               - version: 0.1
18:57:43.087 [FXGL Background Thread 3 ] DEBUG Engine               - versionCheckDays: 7
18:57:43.087 [FXGL Background Thread 3 ] DEBUG Engine               - width: 1024
18:57:43.087 [FXGL Background Thread 3 ] DEBUG Engine               - Logging services
18:57:43.088 [FXGL Background Thread 3 ] DEBUG Engine               - class com.almasb.fxgl.app.services.FXGLAssetLoaderService
18:57:43.088 [FXGL Background Thread 3 ] DEBUG Engine               - class com.almasb.fxgl.app.FXGLApplication$GameApplicationService
18:57:43.088 [FXGL Background Thread 3 ] DEBUG Engine               - class com.almasb.fxgl.app.services.FXGLDialogService
18:57:43.088 [FXGL Background Thread 3 ] DEBUG Engine               - class com.almasb.fxgl.app.services.IOTaskExecutorService
18:57:43.088 [FXGL Background Thread 3 ] DEBUG Engine               - class com.almasb.fxgl.io.FileSystemService
18:57:43.088 [FXGL Background Thread 3 ] DEBUG Engine               - class com.almasb.fxgl.localization.LocalizationService
18:57:43.088 [FXGL Background Thread 3 ] DEBUG Engine               - class com.almasb.fxgl.app.services.SystemBundleService
18:57:43.088 [FXGL Background Thread 3 ] DEBUG Engine               - class com.almasb.fxgl.profile.SaveLoadService
18:57:43.088 [FXGL Background Thread 3 ] DEBUG Engine               - class com.almasb.fxgl.ui.FXGLUIFactoryServiceProvider
18:57:43.088 [FXGL Background Thread 3 ] DEBUG Engine               - class com.almasb.fxgl.ui.FXGLDialogFactoryServiceProvider
18:57:43.088 [FXGL Background Thread 3 ] DEBUG Engine               - class com.almasb.fxgl.audio.AudioPlayer
18:57:43.088 [FXGL Background Thread 3 ] DEBUG Engine               - class com.almasb.fxgl.notification.impl.NotificationServiceProvider
18:57:43.088 [FXGL Background Thread 3 ] DEBUG Engine               - class com.almasb.fxgl.achievement.AchievementService
18:57:43.088 [FXGL Background Thread 3 ] DEBUG Engine               - class com.almasb.fxgl.cutscene.CutsceneService
18:57:43.088 [FXGL Background Thread 3 ] DEBUG Engine               - class com.almasb.fxgl.minigames.MiniGameService
18:57:43.088 [FXGL Background Thread 3 ] DEBUG Engine               - class com.almasb.fxgl.net.NetService
18:57:43.088 [FXGL Background Thread 3 ] DEBUG Engine               - class com.almasb.fxgl.app.services.UpdaterService
18:57:43.088 [FXGL Background Thread 3 ] DEBUG Engine               - class com.almasb.fxgl.dev.DevService
18:57:44.774 [FXGL Background Thread 2 ] INFO  UpdaterService       - Your current version:  21
18:57:44.775 [FXGL Background Thread 2 ] INFO  UpdaterService       - Latest stable version: 21.1
18:57:46.029 [JavaFX Application Thread] DEBUG AudioPlayer          - Pausing music com.almasb.fxgl.audio.Music@4d580fbb
18:57:46.029 [JavaFX Application Thread] DEBUG LoopRunner           - Pausing loop
18:58:44.654 [JavaFX Application Thread] DEBUG LoopRunner           - Resuming loop
18:58:44.654 [JavaFX Application Thread] DEBUG AudioPlayer          - Resuming music com.almasb.fxgl.audio.Music@4d580fbb
18:59:02.346 [JavaFX Application Thread] DEBUG GameApplicationServi - Starting new game
18:59:02.347 [JavaFX Application Thread] DEBUG PrimaryStageWindow   - Pop state: TestMainMenu
18:59:02.347 [JavaFX Application Thread] DEBUG Input                - Clearing active input actions
18:59:02.347 [JavaFX Application Thread] DEBUG GameApplicationServi - Removing overlay from TestMainMenu and adding to FXGLMainMenuDummyScene
18:59:02.348 [JavaFX Application Thread] DEBUG PrimaryStageWindow   - FXGLMainMenuDummyScene <- TestMainMenu
18:59:02.348 [JavaFX Application Thread] DEBUG Input                - Clearing active input actions
18:59:02.351 [JavaFX Application Thread] DEBUG GameApplicationServi - Removing overlay from FXGLMainMenuDummyScene and adding to FXGLLoadingScene
18:59:02.351 [JavaFX Application Thread] DEBUG PrimaryStageWindow   - FXGLMainMenuDummyScene -> FXGLLoadingScene
18:59:02.351 [JavaFX Application Thread] DEBUG GameApplicationServi - Clearing previous game
18:59:02.351 [JavaFX Application Thread] DEBUG GameScene            - Clearing game scene
18:59:02.351 [JavaFX Application Thread] DEBUG GameWorld            - Clearing game world
18:59:02.351 [JavaFX Application Thread] DEBUG PhysicsWorld         - Clearing physics world
18:59:02.355 [FXGL Background Thread 5 ] DEBUG FXGLApplication      - Initializing game
18:59:02.369 [FXGL Background Thread 5 ] WARN  TMXLevelLoader       - TiledMap generated from 1.8.4. Supported version: 1.9.0. Some features may not be parsed fully.
18:59:02.389 [FXGL Background Thread 5 ] DEBUG TMXLevelLoader       - Parsed TiledMap: file:/D:/Repo/Pokemon/target/classes/assets/levels/level1.tmx
18:59:02.392 [FXGL Background Thread 5 ] DEBUG TMXLevelLoader       - Creating tile layer entities
18:59:02.396 [FXGL Background Thread 5 ] DEBUG TilesetLoader        - Loading view for layer 图块层 1
18:59:02.398 [FXGL Background Thread 5 ] DEBUG TilesetLoader        - Created buffer with size 1024.0x800.0
18:59:02.411 [FXGL Background Thread 5 ] DEBUG TMXLevelLoader       - Creating object layer entities
18:59:02.482 [FXGL Background Thread 5 ] DEBUG FXGLAssetLoaderServi - Loading from file system: file:/D:/Repo/Pokemon/target/classes/assets/textures/flower.png
18:59:02.506 [FXGL Background Thread 5 ] DEBUG GameWorld            - Clearing removable entities
18:59:02.508 [FXGL Background Thread 5 ] DEBUG GameWorld            - Setting level: com.almasb.fxgl.entity.level.Level@7f635278
18:59:02.519 [FXGL Background Thread 5 ] DEBUG FXGLAssetLoaderServi - Loading from file system: file:/D:/Repo/Pokemon/target/classes/assets/textures/buLunDan2.png
18:59:02.526 [FXGL Background Thread 5 ] DEBUG FXGLAssetLoaderServi - Loading from file system: file:/D:/Repo/Pokemon/target/classes/assets/textures/RacketTeam.png
18:59:02.530 [FXGL Background Thread 5 ] INFO  FXGLApplication      - Game initialization took: 0.174 sec
18:59:02.530 [JavaFX Application Thread] DEBUG Input                - Clearing active input actions
18:59:02.536 [JavaFX Application Thread] DEBUG GameApplicationServi - Removing overlay from FXGLLoadingScene and adding to GameScene
18:59:02.536 [JavaFX Application Thread] DEBUG PrimaryStageWindow   - FXGLLoadingScene -> GameScene
18:59:07.198 [JavaFX Application Thread] DEBUG FXGLAssetLoaderServi - Loading from file system: file:/D:/Repo/Pokemon/target/classes/assets/textures/hint.png
18:59:08.131 [JavaFX Application Thread] DEBUG PrimaryStageWindow   - Push state: DialogSubScene
18:59:08.131 [JavaFX Application Thread] DEBUG Input                - Clearing active input actions
18:59:08.132 [JavaFX Application Thread] DEBUG GameApplicationServi - Removing overlay from GameScene and adding to DialogSubScene
18:59:08.132 [JavaFX Application Thread] DEBUG PrimaryStageWindow   - GameScene -> DialogSubScene
18:59:08.132 [JavaFX Application Thread] DEBUG LoopRunner           - Stopping loop
18:59:08.133 [JavaFX Application Thread] FATAL FXGLApplication      - Uncaught Exception:
java.lang.IndexOutOfBoundsException: Index 1 out of bounds for length 0
	at java.base/jdk.internal.util.Preconditions.outOfBounds(Preconditions.java:100)
	at java.base/jdk.internal.util.Preconditions.outOfBoundsCheckIndex(Preconditions.java:106)
	at java.base/jdk.internal.util.Preconditions.checkIndex(Preconditions.java:302)
	at java.base/java.util.Objects.checkIndex(Objects.java:385)
	at java.base/java.util.ArrayList.get(ArrayList.java:427)
	at javafx.base@21/com.sun.javafx.collections.ObservableListWrapper.get(ObservableListWrapper.java:88)
	at com.almasb.fxgl.core@21/com.almasb.fxgl.input.Input.update(Input.kt:288)
	at com.almasb.fxgl.scene@21/com.almasb.fxgl.scene.Scene.update(Scene.kt:103)
	at com.almasb.fxgl.all@21/com.almasb.fxgl.app.MainWindow$update$1.invoke(MainWindow.kt:121)
	at com.almasb.fxgl.all@21/com.almasb.fxgl.app.MainWindow$update$1.invoke(MainWindow.kt:121)
	at com.almasb.fxgl.core@21/com.almasb.fxgl.core.fsm.StateMachine.runOnActiveStates(StateMachine.kt:69)
	at com.almasb.fxgl.all@21/com.almasb.fxgl.app.MainWindow.update(MainWindow.kt:121)
	at com.almasb.fxgl.all@21/com.almasb.fxgl.app.FXGLApplication$GameApplicationService.onUpdate(FXGLApplication.kt:426)
	at com.almasb.fxgl.all@21/com.almasb.fxgl.app.Engine.loop(Engine.kt:134)
	at com.almasb.fxgl.all@21/com.almasb.fxgl.app.Engine.access$loop(Engine.kt:24)
	at com.almasb.fxgl.all@21/com.almasb.fxgl.app.Engine$loop$1.invoke(Engine.kt:28)
	at com.almasb.fxgl.all@21/com.almasb.fxgl.app.Engine$loop$1.invoke(Engine.kt:28)
	at com.almasb.fxgl.all@21/com.almasb.fxgl.app.LoopRunner.frame(LoopRunner.kt:103)
	at com.almasb.fxgl.all@21/com.almasb.fxgl.app.LoopRunner.access$frame(LoopRunner.kt:23)
	at com.almasb.fxgl.all@21/com.almasb.fxgl.app.LoopRunner$impl$2$1.onTick(LoopRunner.kt:57)
	at com.almasb.fxgl.all@21/com.almasb.fxgl.app.AnimationTimerLoop$timer$1.handle(LoopRunner.kt:137)
	at javafx.graphics@21/javafx.animation.AnimationTimer$AnimationTimerReceiver.lambda$handle$0(AnimationTimer.java:58)
	at java.base/java.security.AccessController.doPrivileged(AccessController.java:400)
	at javafx.graphics@21/javafx.animation.AnimationTimer$AnimationTimerReceiver.handle(AnimationTimer.java:57)
	at javafx.graphics@21/com.sun.scenario.animation.AbstractPrimaryTimer.timePulseImpl(AbstractPrimaryTimer.java:356)
	at javafx.graphics@21/com.sun.scenario.animation.AbstractPrimaryTimer$MainLoop.run(AbstractPrimaryTimer.java:266)
	at javafx.graphics@21/com.sun.javafx.tk.quantum.QuantumToolkit.pulse(QuantumToolkit.java:588)
	at javafx.graphics@21/com.sun.javafx.tk.quantum.QuantumToolkit.pulse(QuantumToolkit.java:572)
	at javafx.graphics@21/com.sun.javafx.tk.quantum.QuantumToolkit.pulseFromQueue(QuantumToolkit.java:565)
	at javafx.graphics@21/com.sun.javafx.tk.quantum.QuantumToolkit.lambda$runToolkit$11(QuantumToolkit.java:352)
	at javafx.graphics@21/com.sun.glass.ui.InvokeLaterDispatcher$Future.run(InvokeLaterDispatcher.java:95)
	at javafx.graphics@21/com.sun.glass.ui.win.WinApplication._runLoop(Native Method)
	at javafx.graphics@21/com.sun.glass.ui.win.WinApplication.lambda$runLoop$3(WinApplication.java:185)
	at java.base/java.lang.Thread.run(Thread.java:1583)

18:59:08.133 [JavaFX Application Thread] FATAL FXGLApplication      - Application will now exit
18:59:08.142 [JavaFX Application Thread] DEBUG PrimaryStageWindow   - Push state: ErrorSubScene
18:59:08.143 [JavaFX Application Thread] DEBUG Input                - Clearing active input actions
18:59:08.143 [JavaFX Application Thread] DEBUG GameApplicationServi - Removing overlay from DialogSubScene and adding to ErrorSubScene
18:59:08.143 [JavaFX Application Thread] DEBUG PrimaryStageWindow   - DialogSubScene -> ErrorSubScene
19:02:05.114 [JavaFX Application Thread] DEBUG FXGLApplication      - Exiting FXGL
19:02:05.114 [JavaFX Application Thread] DEBUG Async                - Shutting down background threads
19:02:05.115 [JavaFX Application Thread] DEBUG PrimaryStageWindow   - Closing main window
19:02:05.127 [JavaFX Application Thread] DEBUG Logger               - Closing Logger
