16:02:56.751 [main                     ] DEBUG Logger               - Configured Logger
16:02:56.779 [main                     ] DEBUG GameApplication      - Logging settings
Title: Pokemon
Version: 0.1
Width: 1024
Height: 800
Fullscreen: false
Intro: false
Profiling: false
Single step:false
App Mode: DEVELOPER
Menu Key: ESCAPE
Stage Style: DECORATED
Scene Factory: class org.example.pokemon.map.GameApp$1

16:02:57.030 [JavaFX Application Thread] DEBUG FXGLApplication      - Initializing FXGL
16:02:57.034 [JavaFX Application Thread] INFO  Engine               - FXGL-21 (28.12.2023 13.35) on WINDOWS (J:21.0.4 FX:21)
16:02:57.034 [JavaFX Application Thread] DEBUG Engine               - JRE Vendor Name: Oracle Corporation
16:02:57.034 [JavaFX Application Thread] DEBUG Engine               - Running on OS: Windows 11 version 10.0
16:02:57.035 [JavaFX Application Thread] DEBUG Engine               - Architecture: amd64
16:02:57.035 [JavaFX Application Thread] INFO  Engine               - Source code and latest versions at: https://github.com/AlmasB/FXGL
16:02:57.035 [JavaFX Application Thread] INFO  Engine               -       Ask questions and discuss at: https://github.com/AlmasB/FXGL/discussions
16:02:57.035 [JavaFX Application Thread] INFO  Engine               -              Join the FXGL chat at: https://gitter.im/AlmasB/FXGL
16:02:57.089 [JavaFX Application Thread] DEBUG PrimaryStageWindow   - Creating a JavaFX scene
16:02:57.123 [JavaFX Application Thread] DEBUG PrimaryStageWindow   - Target settings size: 1024.0 x 800.0
16:02:57.123 [JavaFX Application Thread] DEBUG PrimaryStageWindow   - Scaled scene size:    1024.0 x 800.0
16:02:57.123 [JavaFX Application Thread] DEBUG PrimaryStageWindow   - Scaled ratio: (1.0, 1.0)
16:02:57.124 [JavaFX Application Thread] DEBUG PrimaryStageWindow   - Set initial scene to FXGLStartupScene
16:02:57.126 [JavaFX Application Thread] DEBUG PrimaryStageWindow   - Opening main window
16:02:57.196 [JavaFX Application Thread] DEBUG PrimaryStageWindow   - Window border size: (14.6666259765625, 37.33331298828125)
16:02:57.196 [JavaFX Application Thread] DEBUG PrimaryStageWindow   - Scaled size: 1024.0 x 800.0
16:02:57.197 [JavaFX Application Thread] DEBUG PrimaryStageWindow   - Scaled ratio: (1.0, 1.0)
16:02:57.197 [JavaFX Application Thread] DEBUG PrimaryStageWindow   - Scene size: 1024.0 x 800.0
16:02:57.197 [JavaFX Application Thread] DEBUG PrimaryStageWindow   - Stage size: 1038.6666259765625 x 837.3333129882812
16:02:57.201 [FXGL Background Thread 1 ] DEBUG Engine               - Initializing environment variables
16:02:57.259 [FXGL Background Thread 1 ] DEBUG FXGLAssetLoaderServi - User app class for loading assets: class org.example.pokemon.map.GameApp
16:02:57.260 [FXGL Background Thread 1 ] DEBUG GameApplicationServi - Applying CSS: fxgl_dark.css
16:02:57.260 [FXGL Background Thread 1 ] DEBUG FXGLAssetLoaderServi - Loading from file system: jar:file:///C:/Java%20Lib/apache-maven-3.8.8/repo/com/github/almasb/fxgl/21/fxgl-21.jar!/fxglassets/ui/css/fxgl_dark.css
16:02:57.307 [FXGL Background Thread 1 ] DEBUG GameApplicationServi - Initializing application scenes
16:02:57.387 [FXGL Background Thread 1 ] DEBUG GameWorld            - Game world initialized
16:02:57.429 [FXGL Background Thread 1 ] DEBUG PhysicsWorld         - Physics world initialized: appHeight=800, physics.ppm=50.0
16:02:57.429 [FXGL Background Thread 1 ] DEBUG PhysicsWorld         - Using strategy: BRUTE_FORCE
16:02:57.433 [FXGL Background Thread 1 ] DEBUG GameScene            - Game scene initialized: 1024x800
16:02:57.610 [FXGL Background Thread 1 ] DEBUG FXGL.DefaultMenu     - createMenuBodyGameMenu()
16:02:57.615 [FXGL Background Thread 1 ] DEBUG FXGL.DefaultMenu     - createOptionsMenu()
16:02:57.621 [FXGL Background Thread 1 ] DEBUG FXGLAssetLoaderServi - Loading from file system: jar:file:///C:/Java%20Lib/apache-maven-3.8.8/repo/com/github/almasb/fxgl/21/fxgl-21.jar!/fxglassets/textures/particles/smoke.png
16:02:57.725 [FXGL Background Thread 1 ] DEBUG FXGLAssetLoaderServi - Loading from file system: jar:file:///C:/Java%20Lib/apache-maven-3.8.8/repo/com/github/almasb/fxgl/21/fxgl-21.jar!/fxglassets/textures/particles/trace_horizontal.png
16:02:57.746 [FXGL Background Thread 1 ] DEBUG GameApplicationServi - Application scenes initialized
16:02:57.756 [FXGL Background Thread 1 ] DEBUG SystemBundleService  - Loading FXGL system data
16:02:57.759 [FXGL Background Thread 1 ] DEBUG FileSystemAccess     - Reading from: D:\Repo\Pokemon\system\fxgl.bundle
16:02:57.772 [FXGL Background Thread 1 ] DEBUG SystemBundleService  - Bundle FXGL: {}
16:02:57.772 [FXGL Background Thread 1 ] DEBUG UpdaterService       - Checking for updates
16:02:57.775 [FXGL Background Thread 4 ] DEBUG FXGLApplication      - Loading fonts
16:02:57.776 [FXGL Background Thread 4 ] DEBUG FXGLAssetLoaderServi - Loading from file system: jar:file:///C:/Java%20Lib/apache-maven-3.8.8/repo/com/github/almasb/fxgl/21/fxgl-21.jar!/fxglassets/ui/fonts/VarelaRound-Regular.ttf
16:02:57.776 [FXGL Background Thread 1 ] DEBUG FXGLApplication      - Loading default localization
16:02:57.776 [FXGL Background Thread 1 ] DEBUG FXGLAssetLoaderServi - Loading from file system: jar:file:///C:/Java%20Lib/apache-maven-3.8.8/repo/com/github/almasb/fxgl/21/fxgl-21.jar!/fxglassets/languages/english.lang
16:02:57.798 [FXGL Background Thread 4 ] DEBUG FXGLAssetLoaderServi - Loading from file system: jar:file:///C:/Java%20Lib/apache-maven-3.8.8/repo/com/github/almasb/fxgl/21/fxgl-21.jar!/fxglassets/ui/fonts/Abel-Regular.ttf
16:02:57.801 [FXGL Background Thread 4 ] DEBUG FXGLAssetLoaderServi - Loading from file system: jar:file:///C:/Java%20Lib/apache-maven-3.8.8/repo/com/github/almasb/fxgl/21/fxgl-21.jar!/fxglassets/ui/fonts/TerminalLandMono-Regular.otf
16:02:57.803 [FXGL Background Thread 4 ] DEBUG FXGLAssetLoaderServi - Loading from file system: jar:file:///C:/Java%20Lib/apache-maven-3.8.8/repo/com/github/almasb/fxgl/21/fxgl-21.jar!/fxglassets/ui/fonts/Courier-Prime.ttf
16:02:57.812 [JavaFX Application Thread] DEBUG FXGLApplication      - Registering font factories with UI factory
16:02:57.853 [FXGL Background Thread 1 ] INFO  FXGLApplication      - FXGL initialization took: 0.651 sec
16:02:57.878 [JavaFX Application Thread] DEBUG Input                - Registered new binding: action0 - W
16:02:57.880 [JavaFX Application Thread] DEBUG Input                - Registered new binding: action1 - A
16:02:57.881 [JavaFX Application Thread] DEBUG Input                - Registered new binding: action2 - S
16:02:57.882 [JavaFX Application Thread] DEBUG Input                - Registered new binding: action3 - D
16:02:57.883 [JavaFX Application Thread] DEBUG Input                - Registered new binding: action4 - Up
16:02:57.884 [JavaFX Application Thread] DEBUG Input                - Registered new binding: action5 - Left
16:02:57.884 [JavaFX Application Thread] DEBUG Input                - Registered new binding: action6 - Down
16:02:57.885 [JavaFX Application Thread] DEBUG Input                - Registered new binding: action7 - Right
16:02:57.885 [JavaFX Application Thread] DEBUG Input                - Registered new binding: action8 - J
16:02:57.885 [JavaFX Application Thread] DEBUG FXGLAssetLoaderServi - Loading from file system: file:/D:/Repo/Pokemon/target/classes/assets/music/BGM.mp3
16:02:58.004 [JavaFX Application Thread] DEBUG AudioPlayer          - Playing music com.almasb.fxgl.audio.Music@b4f7e95
16:02:58.005 [JavaFX Application Thread] DEBUG FXGLAssetLoaderServi - Loading from file system: file:/D:/Repo/Pokemon/target/classes/assets/textures/icon.png
16:02:58.023 [JavaFX Application Thread] DEBUG FXGLAssetLoaderServi - Loading from file system: jar:file:///C:/Java%20Lib/apache-maven-3.8.8/repo/com/github/almasb/fxgl/21/fxgl-21.jar!/fxglassets/textures/fxgl_default_cursor.png
16:02:58.031 [JavaFX Application Thread] DEBUG Input                - Registered new binding: Screenshot - CTRL+8
16:02:58.032 [JavaFX Application Thread] DEBUG Input                - Registered new binding: System info dump - CTRL+9
16:02:58.034 [JavaFX Application Thread] DEBUG Input                - Registered new binding: Restart - CTRL+R
16:02:58.035 [JavaFX Application Thread] DEBUG Input                - Registered new binding: Toggle Debug Camera - CTRL+7
16:02:58.043 [JavaFX Application Thread] DEBUG LoopRunner           - Starting loop
16:02:58.043 [JavaFX Application Thread] DEBUG LoopRunner           - Initializing JavaFX AnimationTimerLoop
16:02:58.050 [JavaFX Application Thread] DEBUG Input                - Clearing active input actions
16:02:58.058 [JavaFX Application Thread] DEBUG GameApplicationServi - Removing overlay from FXGLStartupScene and adding to FXGLMainMenuDummyScene
16:02:58.058 [JavaFX Application Thread] DEBUG PrimaryStageWindow   - FXGLStartupScene -> FXGLMainMenuDummyScene
16:02:58.058 [JavaFX Application Thread] DEBUG PrimaryStageWindow   - Push state: TestMainMenu
16:02:58.059 [JavaFX Application Thread] DEBUG Input                - Clearing active input actions
16:02:58.069 [JavaFX Application Thread] DEBUG GameApplicationServi - Removing overlay from FXGLMainMenuDummyScene and adding to TestMainMenu
16:02:58.069 [JavaFX Application Thread] DEBUG PrimaryStageWindow   - FXGLMainMenuDummyScene -> TestMainMenu
16:03:00.776 [FXGL Background Thread 3 ] DEBUG Engine               - Logging environment variables
16:03:00.776 [FXGL Background Thread 3 ] DEBUG Engine               - achievements: []
16:03:00.776 [FXGL Background Thread 3 ] DEBUG Engine               - actualHeight: 800.0
16:03:00.776 [FXGL Background Thread 3 ] DEBUG Engine               - actualHeightProperty: ReadOnlyDoubleProperty [value: 800.0]
16:03:00.777 [FXGL Background Thread 3 ] DEBUG Engine               - actualWidth: 1024.0
16:03:00.777 [FXGL Background Thread 3 ] DEBUG Engine               - actualWidthProperty: ReadOnlyDoubleProperty [value: 1024.0]
16:03:00.777 [FXGL Background Thread 3 ] DEBUG Engine               - appIcon: icon.png
16:03:00.777 [FXGL Background Thread 3 ] DEBUG Engine               - applicationMode: DEVELOPER
16:03:00.777 [FXGL Background Thread 3 ] DEBUG Engine               - cSSList: [fxgl_dark.css]
16:03:00.777 [FXGL Background Thread 3 ] DEBUG Engine               - collisionDetectionStrategy: BRUTE_FORCE
16:03:00.777 [FXGL Background Thread 3 ] DEBUG Engine               - configClass: Optional.empty
16:03:00.777 [FXGL Background Thread 3 ] DEBUG Engine               - credits: []
16:03:00.777 [FXGL Background Thread 3 ] DEBUG Engine               - defaultCursor: CursorInfo(imageName=fxgl_default_cursor.png, hotspotX=7.0, hotspotY=6.0)
16:03:00.777 [FXGL Background Thread 3 ] DEBUG Engine               - devBBoxColorProperty: ObjectProperty [value: 0xff0000ff]
16:03:00.777 [FXGL Background Thread 3 ] DEBUG Engine               - devEnableDebugCameraProperty: BooleanProperty [value: false]
16:03:00.777 [FXGL Background Thread 3 ] DEBUG Engine               - devSensorColorProperty: ObjectProperty [value: 0xffff00ff]
16:03:00.777 [FXGL Background Thread 3 ] DEBUG Engine               - devShowBBoxProperty: BooleanProperty [value: false]
16:03:00.777 [FXGL Background Thread 3 ] DEBUG Engine               - devShowPositionProperty: BooleanProperty [value: false]
16:03:00.777 [FXGL Background Thread 3 ] DEBUG Engine               - enabledMenuItems: []
16:03:00.778 [FXGL Background Thread 3 ] DEBUG Engine               - engineServices: [class com.almasb.fxgl.app.services.FXGLAssetLoaderService, class com.almasb.fxgl.app.FXGLApplication$GameApplicationService, class com.almasb.fxgl.app.services.FXGLDialogService, class com.almasb.fxgl.app.services.IOTaskExecutorService, class com.almasb.fxgl.io.FileSystemService, class com.almasb.fxgl.localization.LocalizationService, class com.almasb.fxgl.app.services.SystemBundleService, class com.almasb.fxgl.profile.SaveLoadService, class com.almasb.fxgl.ui.FXGLUIFactoryServiceProvider, class com.almasb.fxgl.ui.FXGLDialogFactoryServiceProvider, class com.almasb.fxgl.audio.AudioPlayer, class com.almasb.fxgl.notification.impl.NotificationServiceProvider, class com.almasb.fxgl.achievement.AchievementService, class com.almasb.fxgl.cutscene.CutsceneService, class com.almasb.fxgl.minigames.MiniGameService, class com.almasb.fxgl.net.NetService, class com.almasb.fxgl.app.services.UpdaterService, class com.almasb.fxgl.dev.DevService]
16:03:00.778 [FXGL Background Thread 3 ] DEBUG Engine               - fontGame: Abel-Regular.ttf
16:03:00.778 [FXGL Background Thread 3 ] DEBUG Engine               - fontMono: TerminalLandMono-Regular.otf
16:03:00.778 [FXGL Background Thread 3 ] DEBUG Engine               - fontSizeScaleUI: 1.0
16:03:00.778 [FXGL Background Thread 3 ] DEBUG Engine               - fontText: Courier-Prime.ttf
16:03:00.778 [FXGL Background Thread 3 ] DEBUG Engine               - fontUI: VarelaRound-Regular.ttf
16:03:00.778 [FXGL Background Thread 3 ] DEBUG Engine               - fullScreen: BooleanProperty [value: false]
16:03:00.778 [FXGL Background Thread 3 ] DEBUG Engine               - gameDifficulty: MEDIUM
16:03:00.778 [FXGL Background Thread 3 ] DEBUG Engine               - gameDifficultyProperty: ObjectProperty [value: MEDIUM]
16:03:00.778 [FXGL Background Thread 3 ] DEBUG Engine               - globalMusicVolume: 0.5
16:03:00.778 [FXGL Background Thread 3 ] DEBUG Engine               - globalMusicVolumeProperty: DoubleProperty [value: 0.1]
16:03:00.778 [FXGL Background Thread 3 ] DEBUG Engine               - globalSoundVolume: 0.5
16:03:00.778 [FXGL Background Thread 3 ] DEBUG Engine               - globalSoundVolumeProperty: DoubleProperty [value: 0.5]
16:03:00.778 [FXGL Background Thread 3 ] DEBUG Engine               - height: 800
16:03:00.778 [FXGL Background Thread 3 ] DEBUG Engine               - is3D: false
16:03:00.778 [FXGL Background Thread 3 ] DEBUG Engine               - isAndroid: false
16:03:00.778 [FXGL Background Thread 3 ] DEBUG Engine               - isBrowser: false
16:03:00.778 [FXGL Background Thread 3 ] DEBUG Engine               - isClickFeedbackEnabled: false
16:03:00.778 [FXGL Background Thread 3 ] DEBUG Engine               - isCloseConfirmation: false
16:03:00.778 [FXGL Background Thread 3 ] DEBUG Engine               - isDesktop: true
16:03:00.778 [FXGL Background Thread 3 ] DEBUG Engine               - isDeveloperMenuEnabled: false
16:03:00.778 [FXGL Background Thread 3 ] DEBUG Engine               - isEmbedded: false
16:03:00.778 [FXGL Background Thread 3 ] DEBUG Engine               - isEntityPreloadEnabled: true
16:03:00.778 [FXGL Background Thread 3 ] DEBUG Engine               - isExperimentalTiledLargeMap: false
16:03:00.778 [FXGL Background Thread 3 ] DEBUG Engine               - isFileSystemWriteAllowed: true
16:03:00.778 [FXGL Background Thread 3 ] DEBUG Engine               - isFullScreenAllowed: false
16:03:00.778 [FXGL Background Thread 3 ] DEBUG Engine               - isFullScreenFromStart: false
16:03:00.778 [FXGL Background Thread 3 ] DEBUG Engine               - isGameMenuEnabled: true
16:03:00.778 [FXGL Background Thread 3 ] DEBUG Engine               - isIOS: false
16:03:00.778 [FXGL Background Thread 3 ] DEBUG Engine               - isIntroEnabled: false
16:03:00.778 [FXGL Background Thread 3 ] DEBUG Engine               - isLinux: false
16:03:00.778 [FXGL Background Thread 3 ] DEBUG Engine               - isMac: false
16:03:00.778 [FXGL Background Thread 3 ] DEBUG Engine               - isMainMenuEnabled: true
16:03:00.778 [FXGL Background Thread 3 ] DEBUG Engine               - isManualResizeEnabled: false
16:03:00.778 [FXGL Background Thread 3 ] DEBUG Engine               - isMobile: false
16:03:00.778 [FXGL Background Thread 3 ] DEBUG Engine               - isNative: false
16:03:00.778 [FXGL Background Thread 3 ] DEBUG Engine               - isPauseMusicWhenMinimized: true
16:03:00.778 [FXGL Background Thread 3 ] DEBUG Engine               - isPreserveResizeRatio: false
16:03:00.778 [FXGL Background Thread 3 ] DEBUG Engine               - isProfilingEnabled: false
16:03:00.778 [FXGL Background Thread 3 ] DEBUG Engine               - isScaleAffectedOnResize: true
16:03:00.778 [FXGL Background Thread 3 ] DEBUG Engine               - isSingleStep: false
16:03:00.778 [FXGL Background Thread 3 ] DEBUG Engine               - isUserProfileEnabled: false
16:03:00.778 [FXGL Background Thread 3 ] DEBUG Engine               - isWindows: true
16:03:00.778 [FXGL Background Thread 3 ] DEBUG Engine               - language: ObjectProperty [value: ENGLISH]
16:03:00.778 [FXGL Background Thread 3 ] DEBUG Engine               - menuKey: ESCAPE
16:03:00.778 [FXGL Background Thread 3 ] DEBUG Engine               - mouseSensitivity: 0.2
16:03:00.778 [FXGL Background Thread 3 ] DEBUG Engine               - notificationViewClass: class com.almasb.fxgl.notification.view.XboxNotificationView
16:03:00.778 [FXGL Background Thread 3 ] DEBUG Engine               - pixelsPerMeter: 50.0
16:03:00.778 [FXGL Background Thread 3 ] DEBUG Engine               - platform: WINDOWS
16:03:00.778 [FXGL Background Thread 3 ] DEBUG Engine               - prefHeightProperty: ReadOnlyDoubleProperty [value: 800.0]
16:03:00.778 [FXGL Background Thread 3 ] DEBUG Engine               - prefWidthProperty: ReadOnlyDoubleProperty [value: 1024.0]
16:03:00.778 [FXGL Background Thread 3 ] DEBUG Engine               - profileDir: profiles/
16:03:00.780 [FXGL Background Thread 3 ] DEBUG Engine               - profileName: StringProperty [value: DEFAULT]
16:03:00.780 [FXGL Background Thread 3 ] DEBUG Engine               - randomSeed: -1
16:03:00.780 [FXGL Background Thread 3 ] DEBUG Engine               - runtimeInfo: RuntimeInfo(platform=WINDOWS, version=21, build=28.12.2023 13.35)
16:03:00.780 [FXGL Background Thread 3 ] DEBUG Engine               - saveFileExt: sav
16:03:00.780 [FXGL Background Thread 3 ] DEBUG Engine               - scaledHeightProp$fxgl: DoubleProperty [bound, value: 800.0]
16:03:00.780 [FXGL Background Thread 3 ] DEBUG Engine               - scaledWidthProp$fxgl: DoubleProperty [bound, value: 1024.0]
16:03:00.780 [FXGL Background Thread 3 ] DEBUG Engine               - sceneFactory: org.example.pokemon.map.GameApp$1@edd1feb
16:03:00.780 [FXGL Background Thread 3 ] DEBUG Engine               - secondsIn24h: 60
16:03:00.780 [FXGL Background Thread 3 ] DEBUG Engine               - soundMenuBack: menu/back.wav
16:03:00.780 [FXGL Background Thread 3 ] DEBUG Engine               - soundMenuPress: menu/press.wav
16:03:00.780 [FXGL Background Thread 3 ] DEBUG Engine               - soundMenuSelect: menu/select.wav
16:03:00.780 [FXGL Background Thread 3 ] DEBUG Engine               - soundNotification: core/notification.wav
16:03:00.780 [FXGL Background Thread 3 ] DEBUG Engine               - stageStyle: DECORATED
16:03:00.780 [FXGL Background Thread 3 ] DEBUG Engine               - supportedLanguages: [ENGLISH, FRENCH, GERMAN, HUNGARIAN, RUSSIAN]
16:03:00.780 [FXGL Background Thread 3 ] DEBUG Engine               - ticksPerSecond: -1
16:03:00.780 [FXGL Background Thread 3 ] DEBUG Engine               - title: Pokemon
16:03:00.780 [FXGL Background Thread 3 ] DEBUG Engine               - urlGithub: https://github.com/AlmasB/FXGL
16:03:00.780 [FXGL Background Thread 3 ] DEBUG Engine               - urlLeaderboard: http://fxgl-top.herokuapp.com/
16:03:00.780 [FXGL Background Thread 3 ] DEBUG Engine               - urlPOM: https://raw.githubusercontent.com/AlmasB/FXGL/release/README.md
16:03:00.780 [FXGL Background Thread 3 ] DEBUG Engine               - userAppClass: class org.example.pokemon.map.GameApp
16:03:00.780 [FXGL Background Thread 3 ] DEBUG Engine               - version: 0.1
16:03:00.780 [FXGL Background Thread 3 ] DEBUG Engine               - versionCheckDays: 7
16:03:00.780 [FXGL Background Thread 3 ] DEBUG Engine               - width: 1024
16:03:00.780 [FXGL Background Thread 3 ] DEBUG Engine               - Logging services
16:03:00.780 [FXGL Background Thread 3 ] DEBUG Engine               - class com.almasb.fxgl.app.services.FXGLAssetLoaderService
16:03:00.781 [FXGL Background Thread 3 ] DEBUG Engine               - class com.almasb.fxgl.app.FXGLApplication$GameApplicationService
16:03:00.781 [FXGL Background Thread 3 ] DEBUG Engine               - class com.almasb.fxgl.app.services.FXGLDialogService
16:03:00.781 [FXGL Background Thread 3 ] DEBUG Engine               - class com.almasb.fxgl.app.services.IOTaskExecutorService
16:03:00.781 [FXGL Background Thread 3 ] DEBUG Engine               - class com.almasb.fxgl.io.FileSystemService
16:03:00.781 [FXGL Background Thread 3 ] DEBUG Engine               - class com.almasb.fxgl.localization.LocalizationService
16:03:00.781 [FXGL Background Thread 3 ] DEBUG Engine               - class com.almasb.fxgl.app.services.SystemBundleService
16:03:00.781 [FXGL Background Thread 3 ] DEBUG Engine               - class com.almasb.fxgl.profile.SaveLoadService
16:03:00.781 [FXGL Background Thread 3 ] DEBUG Engine               - class com.almasb.fxgl.ui.FXGLUIFactoryServiceProvider
16:03:00.781 [FXGL Background Thread 3 ] DEBUG Engine               - class com.almasb.fxgl.ui.FXGLDialogFactoryServiceProvider
16:03:00.781 [FXGL Background Thread 3 ] DEBUG Engine               - class com.almasb.fxgl.audio.AudioPlayer
16:03:00.781 [FXGL Background Thread 3 ] DEBUG Engine               - class com.almasb.fxgl.notification.impl.NotificationServiceProvider
16:03:00.781 [FXGL Background Thread 3 ] DEBUG Engine               - class com.almasb.fxgl.achievement.AchievementService
16:03:00.781 [FXGL Background Thread 3 ] DEBUG Engine               - class com.almasb.fxgl.cutscene.CutsceneService
16:03:00.781 [FXGL Background Thread 3 ] DEBUG Engine               - class com.almasb.fxgl.minigames.MiniGameService
16:03:00.781 [FXGL Background Thread 3 ] DEBUG Engine               - class com.almasb.fxgl.net.NetService
16:03:00.781 [FXGL Background Thread 3 ] DEBUG Engine               - class com.almasb.fxgl.app.services.UpdaterService
16:03:00.781 [FXGL Background Thread 3 ] DEBUG Engine               - class com.almasb.fxgl.dev.DevService
16:03:03.989 [FXGL Background Thread 2 ] INFO  UpdaterService       - Your current version:  21
16:03:03.989 [FXGL Background Thread 2 ] INFO  UpdaterService       - Latest stable version: 21.1
16:03:40.169 [JavaFX Application Thread] DEBUG GameApplicationServi - Starting new game
16:03:40.169 [JavaFX Application Thread] DEBUG PrimaryStageWindow   - Pop state: TestMainMenu
16:03:40.169 [JavaFX Application Thread] DEBUG Input                - Clearing active input actions
16:03:40.169 [JavaFX Application Thread] DEBUG GameApplicationServi - Removing overlay from TestMainMenu and adding to FXGLMainMenuDummyScene
16:03:40.170 [JavaFX Application Thread] DEBUG PrimaryStageWindow   - FXGLMainMenuDummyScene <- TestMainMenu
16:03:40.170 [JavaFX Application Thread] DEBUG Input                - Clearing active input actions
16:03:40.175 [JavaFX Application Thread] DEBUG GameApplicationServi - Removing overlay from FXGLMainMenuDummyScene and adding to FXGLLoadingScene
16:03:40.175 [JavaFX Application Thread] DEBUG PrimaryStageWindow   - FXGLMainMenuDummyScene -> FXGLLoadingScene
16:03:40.175 [JavaFX Application Thread] DEBUG GameApplicationServi - Clearing previous game
16:03:40.175 [JavaFX Application Thread] DEBUG GameScene            - Clearing game scene
16:03:40.175 [JavaFX Application Thread] DEBUG GameWorld            - Clearing game world
16:03:40.175 [JavaFX Application Thread] DEBUG PhysicsWorld         - Clearing physics world
16:03:40.177 [FXGL Background Thread 2 ] DEBUG FXGLApplication      - Initializing game
16:03:40.188 [FXGL Background Thread 2 ] WARN  TMXLevelLoader       - TiledMap generated from 1.8.4. Supported version: 1.9.0. Some features may not be parsed fully.
16:03:40.198 [FXGL Background Thread 2 ] DEBUG TMXLevelLoader       - Parsed TiledMap: file:/D:/Repo/Pokemon/target/classes/assets/levels/level1.tmx
16:03:40.201 [FXGL Background Thread 2 ] DEBUG TMXLevelLoader       - Creating tile layer entities
16:03:40.202 [FXGL Background Thread 2 ] DEBUG TilesetLoader        - Loading view for layer 图块层 1
16:03:40.203 [FXGL Background Thread 2 ] DEBUG TilesetLoader        - Created buffer with size 1024.0x800.0
16:03:40.216 [FXGL Background Thread 2 ] DEBUG TMXLevelLoader       - Creating object layer entities
16:03:40.265 [FXGL Background Thread 2 ] DEBUG FXGLAssetLoaderServi - Loading from file system: file:/D:/Repo/Pokemon/target/classes/assets/textures/flower.png
16:03:40.284 [FXGL Background Thread 2 ] DEBUG GameWorld            - Clearing removable entities
16:03:40.285 [FXGL Background Thread 2 ] DEBUG GameWorld            - Setting level: com.almasb.fxgl.entity.level.Level@6802e589
16:03:40.296 [FXGL Background Thread 2 ] DEBUG FXGLAssetLoaderServi - Loading from file system: file:/D:/Repo/Pokemon/target/classes/assets/textures/buLunDan2.png
16:03:40.300 [FXGL Background Thread 2 ] DEBUG FXGLAssetLoaderServi - Loading from file system: file:/D:/Repo/Pokemon/target/classes/assets/textures/RacketTeam.png
16:03:40.302 [FXGL Background Thread 2 ] INFO  FXGLApplication      - Game initialization took: 0.125 sec
16:03:40.307 [JavaFX Application Thread] DEBUG Input                - Clearing active input actions
16:03:40.310 [JavaFX Application Thread] DEBUG GameApplicationServi - Removing overlay from FXGLLoadingScene and adding to GameScene
16:03:40.310 [JavaFX Application Thread] DEBUG PrimaryStageWindow   - FXGLLoadingScene -> GameScene
16:03:44.774 [JavaFX Application Thread] DEBUG FXGLAssetLoaderServi - Loading from file system: file:/D:/Repo/Pokemon/target/classes/assets/textures/hint.png
16:03:47.182 [JavaFX Application Thread] DEBUG PrimaryStageWindow   - Push state: DialogSubScene
16:03:47.183 [JavaFX Application Thread] DEBUG Input                - Clearing active input actions
16:03:47.183 [JavaFX Application Thread] DEBUG GameApplicationServi - Removing overlay from GameScene and adding to DialogSubScene
16:03:47.183 [JavaFX Application Thread] DEBUG PrimaryStageWindow   - GameScene -> DialogSubScene
16:04:04.453 [JavaFX Application Thread] DEBUG PrimaryStageWindow   - Pop state: DialogSubScene
16:04:04.453 [JavaFX Application Thread] DEBUG Input                - Clearing active input actions
16:04:04.453 [JavaFX Application Thread] DEBUG GameApplicationServi - Removing overlay from DialogSubScene and adding to GameScene
16:04:04.453 [JavaFX Application Thread] DEBUG PrimaryStageWindow   - GameScene <- DialogSubScene
16:04:04.529 [JavaFX Application Thread] DEBUG LoopRunner           - Stopping loop
16:04:04.531 [JavaFX Application Thread] FATAL FXGLApplication      - Uncaught Exception:
java.lang.NullPointerException: Cannot read field "ifCom" because "this.controller.client" is null
	at org.example.pokemon/org.example.pokemon.battle.BattleScene.start(BattleScene.java:61)
	at org.example.pokemon/org.example.pokemon.map.GameApp.lambda$initInput$8(GameApp.java:109)
	at com.almasb.fxgl.all@21/com.almasb.fxgl.app.services.FXGLDialogService.showChoiceBox$lambda$2(FXGLDialogService.kt:139)
	at com.almasb.fxgl.scene@21/com.almasb.fxgl.ui.FXGLDialogFactoryServiceProvider.choiceDialog$lambda$5$lambda$4(FXGLDialogFactoryServiceProvider.kt:134)
	at javafx.base@21/com.sun.javafx.event.CompositeEventHandler.dispatchBubblingEvent(CompositeEventHandler.java:86)
	at javafx.base@21/com.sun.javafx.event.EventHandlerManager.dispatchBubblingEvent(EventHandlerManager.java:232)
	at javafx.base@21/com.sun.javafx.event.EventHandlerManager.dispatchBubblingEvent(EventHandlerManager.java:189)
	at javafx.base@21/com.sun.javafx.event.CompositeEventDispatcher.dispatchBubblingEvent(CompositeEventDispatcher.java:59)
	at javafx.base@21/com.sun.javafx.event.BasicEventDispatcher.dispatchEvent(BasicEventDispatcher.java:58)
	at javafx.base@21/com.sun.javafx.event.EventDispatchChainImpl.dispatchEvent(EventDispatchChainImpl.java:114)
	at javafx.base@21/com.sun.javafx.event.BasicEventDispatcher.dispatchEvent(BasicEventDispatcher.java:56)
	at javafx.base@21/com.sun.javafx.event.EventDispatchChainImpl.dispatchEvent(EventDispatchChainImpl.java:114)
	at javafx.base@21/com.sun.javafx.event.BasicEventDispatcher.dispatchEvent(BasicEventDispatcher.java:56)
	at javafx.base@21/com.sun.javafx.event.EventDispatchChainImpl.dispatchEvent(EventDispatchChainImpl.java:114)
	at javafx.base@21/com.sun.javafx.event.BasicEventDispatcher.dispatchEvent(BasicEventDispatcher.java:56)
	at javafx.base@21/com.sun.javafx.event.EventDispatchChainImpl.dispatchEvent(EventDispatchChainImpl.java:114)
	at javafx.base@21/com.sun.javafx.event.EventUtil.fireEventImpl(EventUtil.java:74)
	at javafx.base@21/com.sun.javafx.event.EventUtil.fireEvent(EventUtil.java:49)
	at javafx.base@21/javafx.event.Event.fireEvent(Event.java:198)
	at javafx.graphics@21/javafx.scene.Node.fireEvent(Node.java:8875)
	at javafx.controls@21/javafx.scene.control.Button.fire(Button.java:203)
	at javafx.controls@21/com.sun.javafx.scene.control.behavior.ButtonBehavior.mouseReleased(ButtonBehavior.java:207)
	at javafx.controls@21/com.sun.javafx.scene.control.inputmap.InputMap.handle(InputMap.java:274)
	at javafx.base@21/com.sun.javafx.event.CompositeEventHandler$NormalEventHandlerRecord.handleBubblingEvent(CompositeEventHandler.java:247)
	at javafx.base@21/com.sun.javafx.event.CompositeEventHandler.dispatchBubblingEvent(CompositeEventHandler.java:80)
	at javafx.base@21/com.sun.javafx.event.EventHandlerManager.dispatchBubblingEvent(EventHandlerManager.java:232)
	at javafx.base@21/com.sun.javafx.event.EventHandlerManager.dispatchBubblingEvent(EventHandlerManager.java:189)
	at javafx.base@21/com.sun.javafx.event.CompositeEventDispatcher.dispatchBubblingEvent(CompositeEventDispatcher.java:59)
	at javafx.base@21/com.sun.javafx.event.BasicEventDispatcher.dispatchEvent(BasicEventDispatcher.java:58)
	at javafx.base@21/com.sun.javafx.event.EventDispatchChainImpl.dispatchEvent(EventDispatchChainImpl.java:114)
	at javafx.base@21/com.sun.javafx.event.BasicEventDispatcher.dispatchEvent(BasicEventDispatcher.java:56)
	at javafx.base@21/com.sun.javafx.event.EventDispatchChainImpl.dispatchEvent(EventDispatchChainImpl.java:114)
	at javafx.base@21/com.sun.javafx.event.BasicEventDispatcher.dispatchEvent(BasicEventDispatcher.java:56)
	at javafx.base@21/com.sun.javafx.event.EventDispatchChainImpl.dispatchEvent(EventDispatchChainImpl.java:114)
	at javafx.base@21/com.sun.javafx.event.BasicEventDispatcher.dispatchEvent(BasicEventDispatcher.java:56)
	at javafx.base@21/com.sun.javafx.event.EventDispatchChainImpl.dispatchEvent(EventDispatchChainImpl.java:114)
	at javafx.base@21/com.sun.javafx.event.EventUtil.fireEventImpl(EventUtil.java:74)
	at javafx.base@21/com.sun.javafx.event.EventUtil.fireEvent(EventUtil.java:54)
	at javafx.base@21/javafx.event.Event.fireEvent(Event.java:198)
	at javafx.graphics@21/javafx.scene.Scene$MouseHandler.process(Scene.java:3984)
	at javafx.graphics@21/javafx.scene.Scene.processMouseEvent(Scene.java:1890)
	at javafx.graphics@21/javafx.scene.Scene$ScenePeerListener.mouseEvent(Scene.java:2708)
	at javafx.graphics@21/com.sun.javafx.tk.quantum.GlassViewEventHandler$MouseEventNotification.run(GlassViewEventHandler.java:411)
	at javafx.graphics@21/com.sun.javafx.tk.quantum.GlassViewEventHandler$MouseEventNotification.run(GlassViewEventHandler.java:301)
	at java.base/java.security.AccessController.doPrivileged(AccessController.java:400)
	at javafx.graphics@21/com.sun.javafx.tk.quantum.GlassViewEventHandler.lambda$handleMouseEvent$2(GlassViewEventHandler.java:450)
	at javafx.graphics@21/com.sun.javafx.tk.quantum.QuantumToolkit.runWithoutRenderLock(QuantumToolkit.java:424)
	at javafx.graphics@21/com.sun.javafx.tk.quantum.GlassViewEventHandler.handleMouseEvent(GlassViewEventHandler.java:449)
	at javafx.graphics@21/com.sun.glass.ui.View.handleMouseEvent(View.java:551)
	at javafx.graphics@21/com.sun.glass.ui.View.notifyMouse(View.java:937)
	at javafx.graphics@21/com.sun.glass.ui.win.WinApplication._runLoop(Native Method)
	at javafx.graphics@21/com.sun.glass.ui.win.WinApplication.lambda$runLoop$3(WinApplication.java:185)
	at java.base/java.lang.Thread.run(Thread.java:1583)

16:04:04.531 [JavaFX Application Thread] FATAL FXGLApplication      - Application will now exit
16:04:04.541 [JavaFX Application Thread] DEBUG PrimaryStageWindow   - Push state: ErrorSubScene
16:04:04.541 [JavaFX Application Thread] DEBUG Input                - Clearing active input actions
16:04:04.543 [JavaFX Application Thread] DEBUG GameApplicationServi - Removing overlay from GameScene and adding to ErrorSubScene
16:04:04.543 [JavaFX Application Thread] DEBUG PrimaryStageWindow   - GameScene -> ErrorSubScene
16:04:38.956 [JavaFX Application Thread] DEBUG FXGLApplication      - Exiting FXGL
16:04:38.956 [JavaFX Application Thread] DEBUG Async                - Shutting down background threads
16:04:38.956 [JavaFX Application Thread] DEBUG PrimaryStageWindow   - Closing main window
16:04:38.969 [JavaFX Application Thread] DEBUG Logger               - Closing Logger
