11:03:18.057 [main                     ] DEBUG Logger               - Configured Logger
11:03:18.073 [main                     ] DEBUG GameApplication      - Logging settings
Title: Pokemon
Version: 0.1
Width: 1152
Height: 800
Fullscreen: false
Intro: false
Profiling: false
Single step:false
App Mode: DEVELOPER
Menu Key: ESCAPE
Stage Style: DECORATED
Scene Factory: class com.almasb.fxgl.app.scene.SceneFactory

11:03:18.330 [JavaFX Application Thread] DEBUG FXGLApplication      - Initializing FXGL
11:03:18.334 [JavaFX Application Thread] INFO  Engine               - FXGL-21 (28.12.2023 13.35) on WINDOWS (J:21.0.4 FX:21)
11:03:18.334 [JavaFX Application Thread] DEBUG Engine               - JRE Vendor Name: Oracle Corporation
11:03:18.334 [JavaFX Application Thread] DEBUG Engine               - Running on OS: Windows 11 version 10.0
11:03:18.334 [JavaFX Application Thread] DEBUG Engine               - Architecture: amd64
11:03:18.334 [JavaFX Application Thread] INFO  Engine               - Source code and latest versions at: https://github.com/AlmasB/FXGL
11:03:18.334 [JavaFX Application Thread] INFO  Engine               -       Ask questions and discuss at: https://github.com/AlmasB/FXGL/discussions
11:03:18.334 [JavaFX Application Thread] INFO  Engine               -              Join the FXGL chat at: https://gitter.im/AlmasB/FXGL
11:03:18.391 [JavaFX Application Thread] DEBUG PrimaryStageWindow   - Creating a JavaFX scene
11:03:18.424 [JavaFX Application Thread] DEBUG PrimaryStageWindow   - Target settings size: 1152.0 x 800.0
11:03:18.424 [JavaFX Application Thread] DEBUG PrimaryStageWindow   - Scaled scene size:    1152.0 x 800.0
11:03:18.424 [JavaFX Application Thread] DEBUG PrimaryStageWindow   - Scaled ratio: (1.0, 1.0)
11:03:18.425 [JavaFX Application Thread] DEBUG PrimaryStageWindow   - Set initial scene to FXGLStartupScene
11:03:18.427 [JavaFX Application Thread] DEBUG PrimaryStageWindow   - Opening main window
11:03:18.481 [JavaFX Application Thread] DEBUG PrimaryStageWindow   - Window border size: (13.7142333984375, 36.5714111328125)
11:03:18.481 [JavaFX Application Thread] DEBUG PrimaryStageWindow   - Scaled size: 1152.0 x 800.0
11:03:18.482 [JavaFX Application Thread] DEBUG PrimaryStageWindow   - Scaled ratio: (1.0, 1.0)
11:03:18.482 [JavaFX Application Thread] DEBUG PrimaryStageWindow   - Scene size: 1152.0 x 800.0
11:03:18.482 [JavaFX Application Thread] DEBUG PrimaryStageWindow   - Stage size: 1165.7142333984375 x 836.5714111328125
11:03:18.488 [FXGL Background Thread 1 ] DEBUG Engine               - Initializing environment variables
11:03:18.523 [FXGL Background Thread 1 ] DEBUG FXGLAssetLoaderServi - User app class for loading assets: class org.example.pokemon.map.GameApp
11:03:18.523 [FXGL Background Thread 1 ] DEBUG GameApplicationServi - Applying CSS: fxgl_dark.css
11:03:18.524 [FXGL Background Thread 1 ] DEBUG FXGLAssetLoaderServi - Loading from file system: jar:file:///D:/Maven/apache-maven-3.8.8/mavenRepository/com/github/almasb/fxgl/21/fxgl-21.jar!/fxglassets/ui/css/fxgl_dark.css
11:03:18.564 [FXGL Background Thread 1 ] DEBUG GameApplicationServi - Initializing application scenes
11:03:18.612 [FXGL Background Thread 1 ] DEBUG GameWorld            - Game world initialized
11:03:18.649 [FXGL Background Thread 1 ] DEBUG PhysicsWorld         - Physics world initialized: appHeight=800, physics.ppm=50.0
11:03:18.649 [FXGL Background Thread 1 ] DEBUG PhysicsWorld         - Using strategy: BRUTE_FORCE
11:03:18.653 [FXGL Background Thread 1 ] DEBUG GameScene            - Game scene initialized: 1152x800
11:03:18.661 [FXGL Background Thread 1 ] DEBUG FXGL.DefaultMenu     - createMenuBodyGameMenu()
11:03:18.669 [FXGL Background Thread 1 ] DEBUG FXGL.DefaultMenu     - createOptionsMenu()
11:03:18.673 [FXGL Background Thread 1 ] DEBUG FXGLAssetLoaderServi - Loading from file system: jar:file:///D:/Maven/apache-maven-3.8.8/mavenRepository/com/github/almasb/fxgl/21/fxgl-21.jar!/fxglassets/textures/particles/smoke.png
11:03:18.730 [FXGL Background Thread 1 ] DEBUG FXGLAssetLoaderServi - Loading from file system: jar:file:///D:/Maven/apache-maven-3.8.8/mavenRepository/com/github/almasb/fxgl/21/fxgl-21.jar!/fxglassets/textures/particles/trace_horizontal.png
11:03:18.745 [FXGL Background Thread 1 ] DEBUG GameApplicationServi - Application scenes initialized
11:03:18.754 [FXGL Background Thread 1 ] DEBUG SystemBundleService  - Loading FXGL system data
11:03:18.757 [FXGL Background Thread 1 ] DEBUG FileSystemAccess     - Reading from: C:\Users\Kilig\Desktop\Pokemon\system\fxgl.bundle
11:03:18.763 [FXGL Background Thread 1 ] DEBUG SystemBundleService  - Bundle FXGL: {}
11:03:18.763 [FXGL Background Thread 1 ] DEBUG UpdaterService       - Checking for updates
11:03:18.765 [FXGL Background Thread 4 ] DEBUG FXGLApplication      - Loading fonts
11:03:18.765 [FXGL Background Thread 1 ] DEBUG FXGLApplication      - Loading default localization
11:03:18.766 [FXGL Background Thread 4 ] DEBUG FXGLAssetLoaderServi - Loading from file system: jar:file:///D:/Maven/apache-maven-3.8.8/mavenRepository/com/github/almasb/fxgl/21/fxgl-21.jar!/fxglassets/ui/fonts/VarelaRound-Regular.ttf
11:03:18.766 [FXGL Background Thread 1 ] DEBUG FXGLAssetLoaderServi - Loading from file system: jar:file:///D:/Maven/apache-maven-3.8.8/mavenRepository/com/github/almasb/fxgl/21/fxgl-21.jar!/fxglassets/languages/english.lang
11:03:18.787 [FXGL Background Thread 1 ] INFO  FXGLApplication      - FXGL initialization took: 0.299 sec
11:03:18.795 [JavaFX Application Thread] DEBUG Input                - Registered new binding: action0 - W
11:03:18.795 [JavaFX Application Thread] DEBUG Input                - Registered new binding: action1 - A
11:03:18.795 [FXGL Background Thread 4 ] DEBUG FXGLAssetLoaderServi - Loading from file system: jar:file:///D:/Maven/apache-maven-3.8.8/mavenRepository/com/github/almasb/fxgl/21/fxgl-21.jar!/fxglassets/ui/fonts/Abel-Regular.ttf
11:03:18.797 [JavaFX Application Thread] DEBUG Input                - Registered new binding: action2 - S
11:03:18.797 [JavaFX Application Thread] DEBUG Input                - Registered new binding: action3 - D
11:03:18.797 [JavaFX Application Thread] DEBUG Input                - Registered new binding: action4 - Up
11:03:18.797 [JavaFX Application Thread] DEBUG Input                - Registered new binding: action5 - Left
11:03:18.798 [JavaFX Application Thread] DEBUG Input                - Registered new binding: action6 - Down
11:03:18.798 [JavaFX Application Thread] DEBUG Input                - Registered new binding: action7 - Right
11:03:18.799 [JavaFX Application Thread] DEBUG FXGLAssetLoaderServi - Loading from file system: jar:file:///D:/Maven/apache-maven-3.8.8/mavenRepository/com/github/almasb/fxgl/21/fxgl-21.jar!/fxglassets/textures/fxgl_icon.png
11:03:18.807 [FXGL Background Thread 4 ] DEBUG FXGLAssetLoaderServi - Loading from file system: jar:file:///D:/Maven/apache-maven-3.8.8/mavenRepository/com/github/almasb/fxgl/21/fxgl-21.jar!/fxglassets/ui/fonts/TerminalLandMono-Regular.otf
11:03:18.813 [JavaFX Application Thread] DEBUG FXGLAssetLoaderServi - Loading from file system: jar:file:///D:/Maven/apache-maven-3.8.8/mavenRepository/com/github/almasb/fxgl/21/fxgl-21.jar!/fxglassets/textures/fxgl_default_cursor.png
11:03:18.815 [FXGL Background Thread 4 ] DEBUG FXGLAssetLoaderServi - Loading from file system: jar:file:///D:/Maven/apache-maven-3.8.8/mavenRepository/com/github/almasb/fxgl/21/fxgl-21.jar!/fxglassets/ui/fonts/Courier-Prime.ttf
11:03:18.816 [JavaFX Application Thread] DEBUG Input                - Registered new binding: Screenshot - CTRL+8
11:03:18.816 [JavaFX Application Thread] DEBUG Input                - Registered new binding: System info dump - CTRL+9
11:03:18.817 [JavaFX Application Thread] DEBUG Input                - Registered new binding: Restart - CTRL+R
11:03:18.817 [JavaFX Application Thread] DEBUG Input                - Registered new binding: Toggle Debug Camera - CTRL+7
11:03:18.821 [JavaFX Application Thread] DEBUG LoopRunner           - Starting loop
11:03:18.821 [JavaFX Application Thread] DEBUG LoopRunner           - Initializing JavaFX AnimationTimerLoop
11:03:18.824 [JavaFX Application Thread] DEBUG GameApplicationServi - Starting new game
11:03:18.824 [JavaFX Application Thread] DEBUG Input                - Clearing active input actions
11:03:18.836 [JavaFX Application Thread] DEBUG GameApplicationServi - Removing overlay from FXGLStartupScene and adding to FXGLLoadingScene
11:03:18.836 [JavaFX Application Thread] DEBUG PrimaryStageWindow   - FXGLStartupScene -> FXGLLoadingScene
11:03:18.836 [JavaFX Application Thread] DEBUG GameApplicationServi - Clearing previous game
11:03:18.836 [JavaFX Application Thread] DEBUG GameScene            - Clearing game scene
11:03:18.836 [JavaFX Application Thread] DEBUG GameWorld            - Clearing game world
11:03:18.836 [JavaFX Application Thread] DEBUG PhysicsWorld         - Clearing physics world
11:03:18.837 [JavaFX Application Thread] DEBUG FXGLApplication      - Registering font factories with UI factory
11:03:18.837 [FXGL Background Thread 4 ] DEBUG FXGLApplication      - Initializing game
11:03:18.878 [FXGL Background Thread 4 ] WARN  TMXLevelLoader       - TiledMap generated from 1.8.4. Supported version: 1.9.0. Some features may not be parsed fully.
11:03:18.893 [FXGL Background Thread 4 ] DEBUG TMXLevelLoader       - Parsed TiledMap: file:/C:/Users/Kilig/Desktop/Pokemon/target/classes/assets/levels/level1.tmx
11:03:18.894 [FXGL Background Thread 4 ] DEBUG TMXLevelLoader       - Creating tile layer entities
11:03:18.895 [FXGL Background Thread 4 ] DEBUG TilesetLoader        - Loading view for layer 图块层 1
11:03:18.898 [FXGL Background Thread 4 ] DEBUG TilesetLoader        - Created buffer with size 1024.0x800.0
11:03:18.907 [FXGL Background Thread 4 ] DEBUG TMXLevelLoader       - Creating object layer entities
11:03:18.950 [FXGL Background Thread 4 ] DEBUG GameWorld            - Clearing removable entities
11:03:18.950 [FXGL Background Thread 4 ] DEBUG GameWorld            - Setting level: com.almasb.fxgl.entity.level.Level@2740d8b1
11:03:18.958 [FXGL Background Thread 4 ] DEBUG FXGLAssetLoaderServi - Loading from file system: file:/C:/Users/Kilig/Desktop/Pokemon/target/classes/assets/textures/BuLunDan.png
11:03:18.967 [FXGL Background Thread 4 ] DEBUG FXGLAssetLoaderServi - Loading from file system: file:/C:/Users/Kilig/Desktop/Pokemon/target/classes/assets/textures/RacketTeam.png
11:03:18.969 [FXGL Background Thread 4 ] INFO  FXGLApplication      - Game initialization took: 0.132 sec
11:03:18.970 [JavaFX Application Thread] DEBUG Input                - Clearing active input actions
11:03:18.978 [JavaFX Application Thread] DEBUG GameApplicationServi - Removing overlay from FXGLLoadingScene and adding to GameScene
11:03:18.978 [JavaFX Application Thread] DEBUG PrimaryStageWindow   - FXGLLoadingScene -> GameScene
11:03:19.305 [FXGL Background Thread 2 ] INFO  UpdaterService       - Your current version:  21
11:03:19.305 [FXGL Background Thread 2 ] INFO  UpdaterService       - Latest stable version: 21.1
11:03:19.420 [JavaFX Application Thread] DEBUG PrimaryStageWindow   - Push state: FXGLDefaultMenu
11:03:19.422 [JavaFX Application Thread] DEBUG Input                - Clearing active input actions
11:03:19.425 [JavaFX Application Thread] DEBUG GameApplicationServi - Removing overlay from GameScene and adding to FXGLDefaultMenu
11:03:19.425 [JavaFX Application Thread] DEBUG PrimaryStageWindow   - GameScene -> FXGLDefaultMenu
11:03:21.766 [FXGL Background Thread 3 ] DEBUG Engine               - Logging environment variables
11:03:21.766 [FXGL Background Thread 3 ] DEBUG Engine               - achievements: []
11:03:21.766 [FXGL Background Thread 3 ] DEBUG Engine               - actualHeight: 800.0
11:03:21.766 [FXGL Background Thread 3 ] DEBUG Engine               - actualHeightProperty: ReadOnlyDoubleProperty [value: 800.0]
11:03:21.766 [FXGL Background Thread 3 ] DEBUG Engine               - actualWidth: 1152.0
11:03:21.766 [FXGL Background Thread 3 ] DEBUG Engine               - actualWidthProperty: ReadOnlyDoubleProperty [value: 1152.0]
11:03:21.766 [FXGL Background Thread 3 ] DEBUG Engine               - appIcon: fxgl_icon.png
11:03:21.766 [FXGL Background Thread 3 ] DEBUG Engine               - applicationMode: DEVELOPER
11:03:21.766 [FXGL Background Thread 3 ] DEBUG Engine               - cSSList: [fxgl_dark.css]
11:03:21.766 [FXGL Background Thread 3 ] DEBUG Engine               - collisionDetectionStrategy: BRUTE_FORCE
11:03:21.766 [FXGL Background Thread 3 ] DEBUG Engine               - configClass: Optional.empty
11:03:21.766 [FXGL Background Thread 3 ] DEBUG Engine               - credits: []
11:03:21.767 [FXGL Background Thread 3 ] DEBUG Engine               - defaultCursor: CursorInfo(imageName=fxgl_default_cursor.png, hotspotX=7.0, hotspotY=6.0)
11:03:21.767 [FXGL Background Thread 3 ] DEBUG Engine               - devBBoxColorProperty: ObjectProperty [value: 0xff0000ff]
11:03:21.767 [FXGL Background Thread 3 ] DEBUG Engine               - devEnableDebugCameraProperty: BooleanProperty [value: false]
11:03:21.767 [FXGL Background Thread 3 ] DEBUG Engine               - devSensorColorProperty: ObjectProperty [value: 0xffff00ff]
11:03:21.767 [FXGL Background Thread 3 ] DEBUG Engine               - devShowBBoxProperty: BooleanProperty [value: false]
11:03:21.767 [FXGL Background Thread 3 ] DEBUG Engine               - devShowPositionProperty: BooleanProperty [value: false]
11:03:21.767 [FXGL Background Thread 3 ] DEBUG Engine               - enabledMenuItems: []
11:03:21.767 [FXGL Background Thread 3 ] DEBUG Engine               - engineServices: [class com.almasb.fxgl.app.services.FXGLAssetLoaderService, class com.almasb.fxgl.app.FXGLApplication$GameApplicationService, class com.almasb.fxgl.app.services.FXGLDialogService, class com.almasb.fxgl.app.services.IOTaskExecutorService, class com.almasb.fxgl.io.FileSystemService, class com.almasb.fxgl.localization.LocalizationService, class com.almasb.fxgl.app.services.SystemBundleService, class com.almasb.fxgl.profile.SaveLoadService, class com.almasb.fxgl.ui.FXGLUIFactoryServiceProvider, class com.almasb.fxgl.ui.FXGLDialogFactoryServiceProvider, class com.almasb.fxgl.audio.AudioPlayer, class com.almasb.fxgl.notification.impl.NotificationServiceProvider, class com.almasb.fxgl.achievement.AchievementService, class com.almasb.fxgl.cutscene.CutsceneService, class com.almasb.fxgl.minigames.MiniGameService, class com.almasb.fxgl.net.NetService, class com.almasb.fxgl.app.services.UpdaterService, class com.almasb.fxgl.dev.DevService]
11:03:21.767 [FXGL Background Thread 3 ] DEBUG Engine               - fontGame: Abel-Regular.ttf
11:03:21.767 [FXGL Background Thread 3 ] DEBUG Engine               - fontMono: TerminalLandMono-Regular.otf
11:03:21.767 [FXGL Background Thread 3 ] DEBUG Engine               - fontSizeScaleUI: 1.0
11:03:21.767 [FXGL Background Thread 3 ] DEBUG Engine               - fontText: Courier-Prime.ttf
11:03:21.767 [FXGL Background Thread 3 ] DEBUG Engine               - fontUI: VarelaRound-Regular.ttf
11:03:21.767 [FXGL Background Thread 3 ] DEBUG Engine               - fullScreen: BooleanProperty [value: false]
11:03:21.767 [FXGL Background Thread 3 ] DEBUG Engine               - gameDifficulty: MEDIUM
11:03:21.767 [FXGL Background Thread 3 ] DEBUG Engine               - gameDifficultyProperty: ObjectProperty [value: MEDIUM]
11:03:21.767 [FXGL Background Thread 3 ] DEBUG Engine               - globalMusicVolume: 0.5
11:03:21.767 [FXGL Background Thread 3 ] DEBUG Engine               - globalMusicVolumeProperty: DoubleProperty [value: 0.5]
11:03:21.767 [FXGL Background Thread 3 ] DEBUG Engine               - globalSoundVolume: 0.5
11:03:21.767 [FXGL Background Thread 3 ] DEBUG Engine               - globalSoundVolumeProperty: DoubleProperty [value: 0.5]
11:03:21.767 [FXGL Background Thread 3 ] DEBUG Engine               - height: 800
11:03:21.767 [FXGL Background Thread 3 ] DEBUG Engine               - is3D: false
11:03:21.767 [FXGL Background Thread 3 ] DEBUG Engine               - isAndroid: false
11:03:21.767 [FXGL Background Thread 3 ] DEBUG Engine               - isBrowser: false
11:03:21.767 [FXGL Background Thread 3 ] DEBUG Engine               - isClickFeedbackEnabled: false
11:03:21.767 [FXGL Background Thread 3 ] DEBUG Engine               - isCloseConfirmation: false
11:03:21.767 [FXGL Background Thread 3 ] DEBUG Engine               - isDesktop: true
11:03:21.767 [FXGL Background Thread 3 ] DEBUG Engine               - isDeveloperMenuEnabled: false
11:03:21.767 [FXGL Background Thread 3 ] DEBUG Engine               - isEmbedded: false
11:03:21.767 [FXGL Background Thread 3 ] DEBUG Engine               - isEntityPreloadEnabled: true
11:03:21.767 [FXGL Background Thread 3 ] DEBUG Engine               - isExperimentalTiledLargeMap: false
11:03:21.767 [FXGL Background Thread 3 ] DEBUG Engine               - isFileSystemWriteAllowed: true
11:03:21.767 [FXGL Background Thread 3 ] DEBUG Engine               - isFullScreenAllowed: false
11:03:21.767 [FXGL Background Thread 3 ] DEBUG Engine               - isFullScreenFromStart: false
11:03:21.767 [FXGL Background Thread 3 ] DEBUG Engine               - isGameMenuEnabled: true
11:03:21.767 [FXGL Background Thread 3 ] DEBUG Engine               - isIOS: false
11:03:21.767 [FXGL Background Thread 3 ] DEBUG Engine               - isIntroEnabled: false
11:03:21.767 [FXGL Background Thread 3 ] DEBUG Engine               - isLinux: false
11:03:21.768 [FXGL Background Thread 3 ] DEBUG Engine               - isMac: false
11:03:21.768 [FXGL Background Thread 3 ] DEBUG Engine               - isMainMenuEnabled: false
11:03:21.768 [FXGL Background Thread 3 ] DEBUG Engine               - isManualResizeEnabled: false
11:03:21.768 [FXGL Background Thread 3 ] DEBUG Engine               - isMobile: false
11:03:21.768 [FXGL Background Thread 3 ] DEBUG Engine               - isNative: false
11:03:21.768 [FXGL Background Thread 3 ] DEBUG Engine               - isPauseMusicWhenMinimized: true
11:03:21.768 [FXGL Background Thread 3 ] DEBUG Engine               - isPreserveResizeRatio: false
11:03:21.768 [FXGL Background Thread 3 ] DEBUG Engine               - isProfilingEnabled: false
11:03:21.768 [FXGL Background Thread 3 ] DEBUG Engine               - isScaleAffectedOnResize: true
11:03:21.768 [FXGL Background Thread 3 ] DEBUG Engine               - isSingleStep: false
11:03:21.768 [FXGL Background Thread 3 ] DEBUG Engine               - isUserProfileEnabled: false
11:03:21.768 [FXGL Background Thread 3 ] DEBUG Engine               - isWindows: true
11:03:21.768 [FXGL Background Thread 3 ] DEBUG Engine               - language: ObjectProperty [value: ENGLISH]
11:03:21.768 [FXGL Background Thread 3 ] DEBUG Engine               - menuKey: ESCAPE
11:03:21.768 [FXGL Background Thread 3 ] DEBUG Engine               - mouseSensitivity: 0.2
11:03:21.768 [FXGL Background Thread 3 ] DEBUG Engine               - notificationViewClass: class com.almasb.fxgl.notification.view.XboxNotificationView
11:03:21.768 [FXGL Background Thread 3 ] DEBUG Engine               - pixelsPerMeter: 50.0
11:03:21.768 [FXGL Background Thread 3 ] DEBUG Engine               - platform: WINDOWS
11:03:21.768 [FXGL Background Thread 3 ] DEBUG Engine               - prefHeightProperty: ReadOnlyDoubleProperty [value: 800.0]
11:03:21.768 [FXGL Background Thread 3 ] DEBUG Engine               - prefWidthProperty: ReadOnlyDoubleProperty [value: 1152.0]
11:03:21.768 [FXGL Background Thread 3 ] DEBUG Engine               - profileDir: profiles/
11:03:21.768 [FXGL Background Thread 3 ] DEBUG Engine               - profileName: StringProperty [value: DEFAULT]
11:03:21.768 [FXGL Background Thread 3 ] DEBUG Engine               - randomSeed: -1
11:03:21.768 [FXGL Background Thread 3 ] DEBUG Engine               - runtimeInfo: RuntimeInfo(platform=WINDOWS, version=21, build=28.12.2023 13.35)
11:03:21.768 [FXGL Background Thread 3 ] DEBUG Engine               - saveFileExt: sav
11:03:21.768 [FXGL Background Thread 3 ] DEBUG Engine               - scaledHeightProp$fxgl: DoubleProperty [bound, value: 800.0]
11:03:21.768 [FXGL Background Thread 3 ] DEBUG Engine               - scaledWidthProp$fxgl: DoubleProperty [bound, value: 1152.0]
11:03:21.768 [FXGL Background Thread 3 ] DEBUG Engine               - sceneFactory: com.almasb.fxgl.app.scene.SceneFactory@37d3056d
11:03:21.768 [FXGL Background Thread 3 ] DEBUG Engine               - secondsIn24h: 60
11:03:21.768 [FXGL Background Thread 3 ] DEBUG Engine               - soundMenuBack: menu/back.wav
11:03:21.768 [FXGL Background Thread 3 ] DEBUG Engine               - soundMenuPress: menu/press.wav
11:03:21.768 [FXGL Background Thread 3 ] DEBUG Engine               - soundMenuSelect: menu/select.wav
11:03:21.768 [FXGL Background Thread 3 ] DEBUG Engine               - soundNotification: core/notification.wav
11:03:21.768 [FXGL Background Thread 3 ] DEBUG Engine               - stageStyle: DECORATED
11:03:21.768 [FXGL Background Thread 3 ] DEBUG Engine               - supportedLanguages: [ENGLISH, FRENCH, GERMAN, HUNGARIAN, RUSSIAN]
11:03:21.768 [FXGL Background Thread 3 ] DEBUG Engine               - ticksPerSecond: -1
11:03:21.768 [FXGL Background Thread 3 ] DEBUG Engine               - title: Pokemon
11:03:21.768 [FXGL Background Thread 3 ] DEBUG Engine               - urlGithub: https://github.com/AlmasB/FXGL
11:03:21.768 [FXGL Background Thread 3 ] DEBUG Engine               - urlLeaderboard: http://fxgl-top.herokuapp.com/
11:03:21.768 [FXGL Background Thread 3 ] DEBUG Engine               - urlPOM: https://raw.githubusercontent.com/AlmasB/FXGL/release/README.md
11:03:21.768 [FXGL Background Thread 3 ] DEBUG Engine               - userAppClass: class org.example.pokemon.map.GameApp
11:03:21.768 [FXGL Background Thread 3 ] DEBUG Engine               - version: 0.1
11:03:21.768 [FXGL Background Thread 3 ] DEBUG Engine               - versionCheckDays: 7
11:03:21.768 [FXGL Background Thread 3 ] DEBUG Engine               - width: 1152
11:03:21.768 [FXGL Background Thread 3 ] DEBUG Engine               - Logging services
11:03:21.768 [FXGL Background Thread 3 ] DEBUG Engine               - class com.almasb.fxgl.app.services.FXGLAssetLoaderService
11:03:21.768 [FXGL Background Thread 3 ] DEBUG Engine               - class com.almasb.fxgl.app.FXGLApplication$GameApplicationService
11:03:21.768 [FXGL Background Thread 3 ] DEBUG Engine               - class com.almasb.fxgl.app.services.FXGLDialogService
11:03:21.768 [FXGL Background Thread 3 ] DEBUG Engine               - class com.almasb.fxgl.app.services.IOTaskExecutorService
11:03:21.768 [FXGL Background Thread 3 ] DEBUG Engine               - class com.almasb.fxgl.io.FileSystemService
11:03:21.768 [FXGL Background Thread 3 ] DEBUG Engine               - class com.almasb.fxgl.localization.LocalizationService
11:03:21.768 [FXGL Background Thread 3 ] DEBUG Engine               - class com.almasb.fxgl.app.services.SystemBundleService
11:03:21.768 [FXGL Background Thread 3 ] DEBUG Engine               - class com.almasb.fxgl.profile.SaveLoadService
11:03:21.768 [FXGL Background Thread 3 ] DEBUG Engine               - class com.almasb.fxgl.ui.FXGLUIFactoryServiceProvider
11:03:21.768 [FXGL Background Thread 3 ] DEBUG Engine               - class com.almasb.fxgl.ui.FXGLDialogFactoryServiceProvider
11:03:21.768 [FXGL Background Thread 3 ] DEBUG Engine               - class com.almasb.fxgl.audio.AudioPlayer
11:03:21.768 [FXGL Background Thread 3 ] DEBUG Engine               - class com.almasb.fxgl.notification.impl.NotificationServiceProvider
11:03:21.768 [FXGL Background Thread 3 ] DEBUG Engine               - class com.almasb.fxgl.achievement.AchievementService
11:03:21.768 [FXGL Background Thread 3 ] DEBUG Engine               - class com.almasb.fxgl.cutscene.CutsceneService
11:03:21.768 [FXGL Background Thread 3 ] DEBUG Engine               - class com.almasb.fxgl.minigames.MiniGameService
11:03:21.768 [FXGL Background Thread 3 ] DEBUG Engine               - class com.almasb.fxgl.net.NetService
11:03:21.768 [FXGL Background Thread 3 ] DEBUG Engine               - class com.almasb.fxgl.app.services.UpdaterService
11:03:21.768 [FXGL Background Thread 3 ] DEBUG Engine               - class com.almasb.fxgl.dev.DevService
11:03:24.336 [JavaFX Application Thread] DEBUG FXGL.DefaultMenu     - createContentVideo()
11:03:29.334 [JavaFX Application Thread] DEBUG FXGLApplication      - Exiting FXGL
11:03:29.334 [JavaFX Application Thread] DEBUG LoopRunner           - Stopping loop
11:03:29.334 [JavaFX Application Thread] DEBUG SystemBundleService  - Saving FXGL system data
11:03:29.337 [JavaFX Application Thread] DEBUG FileSystemAccess     - Writing to: C:\Users\Kilig\Desktop\Pokemon\system\fxgl.bundle
11:03:29.340 [JavaFX Application Thread] DEBUG Async                - Shutting down background threads
11:03:29.340 [JavaFX Application Thread] DEBUG PrimaryStageWindow   - Closing main window
11:03:29.352 [JavaFX Application Thread] DEBUG Logger               - Closing Logger
