23:49:12.395 [main                     ] DEBUG Logger               - Configured Logger
23:49:12.420 [main                     ] DEBUG GameApplication      - Logging settings
Title: Pokemon
Version: 0.1
Width: 1024
Height: 800
Fullscreen: false
Intro: false
Profiling: false
Single step:false
App Mode: DEVELOPER
Menu Key: ESCAPE
Stage Style: DECORATED
Scene Factory: class org.example.pokemon.map.GameApp$1

23:49:12.705 [JavaFX Application Thread] DEBUG FXGLApplication      - Initializing FXGL
23:49:12.707 [JavaFX Application Thread] INFO  Engine               - FXGL-21 (28.12.2023 13.35) on WINDOWS (J:21.0.4 FX:21)
23:49:12.707 [JavaFX Application Thread] DEBUG Engine               - JRE Vendor Name: Oracle Corporation
23:49:12.709 [JavaFX Application Thread] DEBUG Engine               - Running on OS: Windows 11 version 10.0
23:49:12.709 [JavaFX Application Thread] DEBUG Engine               - Architecture: amd64
23:49:12.709 [JavaFX Application Thread] INFO  Engine               - Source code and latest versions at: https://github.com/AlmasB/FXGL
23:49:12.709 [JavaFX Application Thread] INFO  Engine               -       Ask questions and discuss at: https://github.com/AlmasB/FXGL/discussions
23:49:12.709 [JavaFX Application Thread] INFO  Engine               -              Join the FXGL chat at: https://gitter.im/AlmasB/FXGL
23:49:12.777 [JavaFX Application Thread] DEBUG PrimaryStageWindow   - Creating a JavaFX scene
23:49:12.808 [JavaFX Application Thread] DEBUG PrimaryStageWindow   - Target settings size: 1024.0 x 800.0
23:49:12.808 [JavaFX Application Thread] DEBUG PrimaryStageWindow   - Scaled scene size:    1024.0 x 800.0
23:49:12.808 [JavaFX Application Thread] DEBUG PrimaryStageWindow   - Scaled ratio: (1.0, 1.0)
23:49:12.809 [JavaFX Application Thread] DEBUG PrimaryStageWindow   - Set initial scene to FXGLStartupScene
23:49:12.811 [JavaFX Application Thread] DEBUG PrimaryStageWindow   - Opening main window
23:49:12.900 [JavaFX Application Thread] DEBUG PrimaryStageWindow   - Window border size: (14.6666259765625, 37.33331298828125)
23:49:12.900 [JavaFX Application Thread] DEBUG PrimaryStageWindow   - Scaled size: 1024.0 x 800.0
23:49:12.900 [JavaFX Application Thread] DEBUG PrimaryStageWindow   - Scaled ratio: (1.0, 1.0)
23:49:12.900 [JavaFX Application Thread] DEBUG PrimaryStageWindow   - Scene size: 1024.0 x 800.0
23:49:12.900 [JavaFX Application Thread] DEBUG PrimaryStageWindow   - Stage size: 1038.6666259765625 x 837.3333129882812
23:49:12.905 [FXGL Background Thread 1 ] DEBUG Engine               - Initializing environment variables
23:49:12.946 [FXGL Background Thread 1 ] DEBUG FXGLAssetLoaderServi - User app class for loading assets: class org.example.pokemon.map.GameApp
23:49:12.946 [FXGL Background Thread 1 ] DEBUG GameApplicationServi - Applying CSS: fxgl_dark.css
23:49:12.947 [FXGL Background Thread 1 ] DEBUG FXGLAssetLoaderServi - Loading from file system: jar:file:///C:/Java%20Lib/apache-maven-3.8.8/repo/com/github/almasb/fxgl/21/fxgl-21.jar!/fxglassets/ui/css/fxgl_dark.css
23:49:12.989 [FXGL Background Thread 1 ] DEBUG GameApplicationServi - Initializing application scenes
23:49:13.064 [FXGL Background Thread 1 ] DEBUG GameWorld            - Game world initialized
23:49:13.111 [FXGL Background Thread 1 ] DEBUG PhysicsWorld         - Physics world initialized: appHeight=800, physics.ppm=50.0
23:49:13.111 [FXGL Background Thread 1 ] DEBUG PhysicsWorld         - Using strategy: BRUTE_FORCE
23:49:13.114 [FXGL Background Thread 1 ] DEBUG GameScene            - Game scene initialized: 1024x800
23:49:13.268 [FXGL Background Thread 1 ] DEBUG FXGL.DefaultMenu     - createMenuBodyGameMenu()
23:49:13.275 [FXGL Background Thread 1 ] DEBUG FXGL.DefaultMenu     - createOptionsMenu()
23:49:13.281 [FXGL Background Thread 1 ] DEBUG FXGLAssetLoaderServi - Loading from file system: jar:file:///C:/Java%20Lib/apache-maven-3.8.8/repo/com/github/almasb/fxgl/21/fxgl-21.jar!/fxglassets/textures/particles/smoke.png
23:49:13.407 [FXGL Background Thread 1 ] DEBUG FXGLAssetLoaderServi - Loading from file system: jar:file:///C:/Java%20Lib/apache-maven-3.8.8/repo/com/github/almasb/fxgl/21/fxgl-21.jar!/fxglassets/textures/particles/trace_horizontal.png
23:49:13.438 [FXGL Background Thread 1 ] DEBUG GameApplicationServi - Application scenes initialized
23:49:13.445 [FXGL Background Thread 1 ] DEBUG SystemBundleService  - Loading FXGL system data
23:49:13.449 [FXGL Background Thread 1 ] DEBUG FileSystemAccess     - Reading from: C:\Users\19871\Desktop\Pokemon\system\fxgl.bundle
23:49:13.454 [FXGL Background Thread 1 ] DEBUG SystemBundleService  - Bundle FXGL: {}
23:49:13.454 [FXGL Background Thread 1 ] DEBUG UpdaterService       - Checking for updates
23:49:13.458 [FXGL Background Thread 4 ] DEBUG FXGLApplication      - Loading fonts
23:49:13.460 [FXGL Background Thread 4 ] DEBUG FXGLAssetLoaderServi - Loading from file system: jar:file:///C:/Java%20Lib/apache-maven-3.8.8/repo/com/github/almasb/fxgl/21/fxgl-21.jar!/fxglassets/ui/fonts/VarelaRound-Regular.ttf
23:49:13.462 [FXGL Background Thread 1 ] DEBUG FXGLApplication      - Loading default localization
23:49:13.462 [FXGL Background Thread 1 ] DEBUG FXGLAssetLoaderServi - Loading from file system: jar:file:///C:/Java%20Lib/apache-maven-3.8.8/repo/com/github/almasb/fxgl/21/fxgl-21.jar!/fxglassets/languages/english.lang
23:49:13.487 [FXGL Background Thread 4 ] DEBUG FXGLAssetLoaderServi - Loading from file system: jar:file:///C:/Java%20Lib/apache-maven-3.8.8/repo/com/github/almasb/fxgl/21/fxgl-21.jar!/fxglassets/ui/fonts/Abel-Regular.ttf
23:49:13.491 [FXGL Background Thread 4 ] DEBUG FXGLAssetLoaderServi - Loading from file system: jar:file:///C:/Java%20Lib/apache-maven-3.8.8/repo/com/github/almasb/fxgl/21/fxgl-21.jar!/fxglassets/ui/fonts/TerminalLandMono-Regular.otf
23:49:13.493 [FXGL Background Thread 4 ] DEBUG FXGLAssetLoaderServi - Loading from file system: jar:file:///C:/Java%20Lib/apache-maven-3.8.8/repo/com/github/almasb/fxgl/21/fxgl-21.jar!/fxglassets/ui/fonts/Courier-Prime.ttf
23:49:13.502 [JavaFX Application Thread] DEBUG FXGLApplication      - Registering font factories with UI factory
23:49:13.533 [FXGL Background Thread 1 ] INFO  FXGLApplication      - FXGL initialization took: 0.628 sec
23:49:13.556 [JavaFX Application Thread] DEBUG Input                - Registered new binding: action0 - W
23:49:13.556 [JavaFX Application Thread] DEBUG Input                - Registered new binding: action1 - A
23:49:13.558 [JavaFX Application Thread] DEBUG Input                - Registered new binding: action2 - S
23:49:13.559 [JavaFX Application Thread] DEBUG Input                - Registered new binding: action3 - D
23:49:13.559 [JavaFX Application Thread] DEBUG Input                - Registered new binding: action4 - Up
23:49:13.560 [JavaFX Application Thread] DEBUG Input                - Registered new binding: action5 - Left
23:49:13.561 [JavaFX Application Thread] DEBUG Input                - Registered new binding: action6 - Down
23:49:13.561 [JavaFX Application Thread] DEBUG Input                - Registered new binding: action7 - Right
23:49:13.562 [JavaFX Application Thread] DEBUG Input                - Registered new binding: action8 - J
23:49:13.562 [JavaFX Application Thread] DEBUG FXGLAssetLoaderServi - Loading from file system: file:/C:/Users/19871/Desktop/Pokemon/target/classes/assets/music/BGM.mp3
23:49:13.699 [JavaFX Application Thread] DEBUG AudioPlayer          - Playing music com.almasb.fxgl.audio.Music@747d1ccf
23:49:13.700 [JavaFX Application Thread] DEBUG FXGLAssetLoaderServi - Loading from file system: file:/C:/Users/19871/Desktop/Pokemon/target/classes/assets/textures/icon.png
23:49:13.704 [JavaFX Application Thread] DEBUG FXGLAssetLoaderServi - Loading from file system: jar:file:///C:/Java%20Lib/apache-maven-3.8.8/repo/com/github/almasb/fxgl/21/fxgl-21.jar!/fxglassets/textures/fxgl_default_cursor.png
23:49:13.710 [JavaFX Application Thread] DEBUG Input                - Registered new binding: Screenshot - CTRL+8
23:49:13.710 [JavaFX Application Thread] DEBUG Input                - Registered new binding: System info dump - CTRL+9
23:49:13.711 [JavaFX Application Thread] DEBUG Input                - Registered new binding: Restart - CTRL+R
23:49:13.712 [JavaFX Application Thread] DEBUG Input                - Registered new binding: Toggle Debug Camera - CTRL+7
23:49:13.716 [JavaFX Application Thread] DEBUG LoopRunner           - Starting loop
23:49:13.716 [JavaFX Application Thread] DEBUG LoopRunner           - Initializing JavaFX AnimationTimerLoop
23:49:13.718 [JavaFX Application Thread] DEBUG Input                - Clearing active input actions
23:49:13.725 [JavaFX Application Thread] DEBUG GameApplicationServi - Removing overlay from FXGLStartupScene and adding to FXGLMainMenuDummyScene
23:49:13.725 [JavaFX Application Thread] DEBUG PrimaryStageWindow   - FXGLStartupScene -> FXGLMainMenuDummyScene
23:49:13.725 [JavaFX Application Thread] DEBUG PrimaryStageWindow   - Push state: TestMainMenu
23:49:13.726 [JavaFX Application Thread] DEBUG Input                - Clearing active input actions
23:49:13.737 [JavaFX Application Thread] DEBUG GameApplicationServi - Removing overlay from FXGLMainMenuDummyScene and adding to TestMainMenu
23:49:13.737 [JavaFX Application Thread] DEBUG PrimaryStageWindow   - FXGLMainMenuDummyScene -> TestMainMenu
23:49:16.457 [FXGL Background Thread 3 ] DEBUG Engine               - Logging environment variables
23:49:16.457 [FXGL Background Thread 3 ] DEBUG Engine               - achievements: []
23:49:16.458 [FXGL Background Thread 3 ] DEBUG Engine               - actualHeight: 800.0
23:49:16.458 [FXGL Background Thread 3 ] DEBUG Engine               - actualHeightProperty: ReadOnlyDoubleProperty [value: 800.0]
23:49:16.458 [FXGL Background Thread 3 ] DEBUG Engine               - actualWidth: 1024.0
23:49:16.458 [FXGL Background Thread 3 ] DEBUG Engine               - actualWidthProperty: ReadOnlyDoubleProperty [value: 1024.0]
23:49:16.458 [FXGL Background Thread 3 ] DEBUG Engine               - appIcon: icon.png
23:49:16.458 [FXGL Background Thread 3 ] DEBUG Engine               - applicationMode: DEVELOPER
23:49:16.458 [FXGL Background Thread 3 ] DEBUG Engine               - cSSList: [fxgl_dark.css]
23:49:16.458 [FXGL Background Thread 3 ] DEBUG Engine               - collisionDetectionStrategy: BRUTE_FORCE
23:49:16.458 [FXGL Background Thread 3 ] DEBUG Engine               - configClass: Optional.empty
23:49:16.458 [FXGL Background Thread 3 ] DEBUG Engine               - credits: []
23:49:16.458 [FXGL Background Thread 3 ] DEBUG Engine               - defaultCursor: CursorInfo(imageName=fxgl_default_cursor.png, hotspotX=7.0, hotspotY=6.0)
23:49:16.458 [FXGL Background Thread 3 ] DEBUG Engine               - devBBoxColorProperty: ObjectProperty [value: 0xff0000ff]
23:49:16.458 [FXGL Background Thread 3 ] DEBUG Engine               - devEnableDebugCameraProperty: BooleanProperty [value: false]
23:49:16.458 [FXGL Background Thread 3 ] DEBUG Engine               - devSensorColorProperty: ObjectProperty [value: 0xffff00ff]
23:49:16.458 [FXGL Background Thread 3 ] DEBUG Engine               - devShowBBoxProperty: BooleanProperty [value: false]
23:49:16.458 [FXGL Background Thread 3 ] DEBUG Engine               - devShowPositionProperty: BooleanProperty [value: false]
23:49:16.458 [FXGL Background Thread 3 ] DEBUG Engine               - enabledMenuItems: []
23:49:16.458 [FXGL Background Thread 3 ] DEBUG Engine               - engineServices: [class com.almasb.fxgl.app.services.FXGLAssetLoaderService, class com.almasb.fxgl.app.FXGLApplication$GameApplicationService, class com.almasb.fxgl.app.services.FXGLDialogService, class com.almasb.fxgl.app.services.IOTaskExecutorService, class com.almasb.fxgl.io.FileSystemService, class com.almasb.fxgl.localization.LocalizationService, class com.almasb.fxgl.app.services.SystemBundleService, class com.almasb.fxgl.profile.SaveLoadService, class com.almasb.fxgl.ui.FXGLUIFactoryServiceProvider, class com.almasb.fxgl.ui.FXGLDialogFactoryServiceProvider, class com.almasb.fxgl.audio.AudioPlayer, class com.almasb.fxgl.notification.impl.NotificationServiceProvider, class com.almasb.fxgl.achievement.AchievementService, class com.almasb.fxgl.cutscene.CutsceneService, class com.almasb.fxgl.minigames.MiniGameService, class com.almasb.fxgl.net.NetService, class com.almasb.fxgl.app.services.UpdaterService, class com.almasb.fxgl.dev.DevService]
23:49:16.459 [FXGL Background Thread 3 ] DEBUG Engine               - fontGame: Abel-Regular.ttf
23:49:16.459 [FXGL Background Thread 3 ] DEBUG Engine               - fontMono: TerminalLandMono-Regular.otf
23:49:16.459 [FXGL Background Thread 3 ] DEBUG Engine               - fontSizeScaleUI: 1.0
23:49:16.459 [FXGL Background Thread 3 ] DEBUG Engine               - fontText: Courier-Prime.ttf
23:49:16.459 [FXGL Background Thread 3 ] DEBUG Engine               - fontUI: VarelaRound-Regular.ttf
23:49:16.459 [FXGL Background Thread 3 ] DEBUG Engine               - fullScreen: BooleanProperty [value: false]
23:49:16.459 [FXGL Background Thread 3 ] DEBUG Engine               - gameDifficulty: MEDIUM
23:49:16.459 [FXGL Background Thread 3 ] DEBUG Engine               - gameDifficultyProperty: ObjectProperty [value: MEDIUM]
23:49:16.459 [FXGL Background Thread 3 ] DEBUG Engine               - globalMusicVolume: 0.5
23:49:16.459 [FXGL Background Thread 3 ] DEBUG Engine               - globalMusicVolumeProperty: DoubleProperty [value: 0.1]
23:49:16.459 [FXGL Background Thread 3 ] DEBUG Engine               - globalSoundVolume: 0.5
23:49:16.459 [FXGL Background Thread 3 ] DEBUG Engine               - globalSoundVolumeProperty: DoubleProperty [value: 0.5]
23:49:16.459 [FXGL Background Thread 3 ] DEBUG Engine               - height: 800
23:49:16.459 [FXGL Background Thread 3 ] DEBUG Engine               - is3D: false
23:49:16.459 [FXGL Background Thread 3 ] DEBUG Engine               - isAndroid: false
23:49:16.459 [FXGL Background Thread 3 ] DEBUG Engine               - isBrowser: false
23:49:16.459 [FXGL Background Thread 3 ] DEBUG Engine               - isClickFeedbackEnabled: false
23:49:16.459 [FXGL Background Thread 3 ] DEBUG Engine               - isCloseConfirmation: false
23:49:16.459 [FXGL Background Thread 3 ] DEBUG Engine               - isDesktop: true
23:49:16.459 [FXGL Background Thread 3 ] DEBUG Engine               - isDeveloperMenuEnabled: false
23:49:16.459 [FXGL Background Thread 3 ] DEBUG Engine               - isEmbedded: false
23:49:16.459 [FXGL Background Thread 3 ] DEBUG Engine               - isEntityPreloadEnabled: true
23:49:16.459 [FXGL Background Thread 3 ] DEBUG Engine               - isExperimentalTiledLargeMap: false
23:49:16.459 [FXGL Background Thread 3 ] DEBUG Engine               - isFileSystemWriteAllowed: true
23:49:16.459 [FXGL Background Thread 3 ] DEBUG Engine               - isFullScreenAllowed: false
23:49:16.459 [FXGL Background Thread 3 ] DEBUG Engine               - isFullScreenFromStart: false
23:49:16.459 [FXGL Background Thread 3 ] DEBUG Engine               - isGameMenuEnabled: true
23:49:16.459 [FXGL Background Thread 3 ] DEBUG Engine               - isIOS: false
23:49:16.459 [FXGL Background Thread 3 ] DEBUG Engine               - isIntroEnabled: false
23:49:16.459 [FXGL Background Thread 3 ] DEBUG Engine               - isLinux: false
23:49:16.459 [FXGL Background Thread 3 ] DEBUG Engine               - isMac: false
23:49:16.459 [FXGL Background Thread 3 ] DEBUG Engine               - isMainMenuEnabled: true
23:49:16.459 [FXGL Background Thread 3 ] DEBUG Engine               - isManualResizeEnabled: false
23:49:16.459 [FXGL Background Thread 3 ] DEBUG Engine               - isMobile: false
23:49:16.459 [FXGL Background Thread 3 ] DEBUG Engine               - isNative: false
23:49:16.459 [FXGL Background Thread 3 ] DEBUG Engine               - isPauseMusicWhenMinimized: true
23:49:16.459 [FXGL Background Thread 3 ] DEBUG Engine               - isPreserveResizeRatio: false
23:49:16.459 [FXGL Background Thread 3 ] DEBUG Engine               - isProfilingEnabled: false
23:49:16.459 [FXGL Background Thread 3 ] DEBUG Engine               - isScaleAffectedOnResize: true
23:49:16.459 [FXGL Background Thread 3 ] DEBUG Engine               - isSingleStep: false
23:49:16.459 [FXGL Background Thread 3 ] DEBUG Engine               - isUserProfileEnabled: false
23:49:16.459 [FXGL Background Thread 3 ] DEBUG Engine               - isWindows: true
23:49:16.459 [FXGL Background Thread 3 ] DEBUG Engine               - language: ObjectProperty [value: ENGLISH]
23:49:16.459 [FXGL Background Thread 3 ] DEBUG Engine               - menuKey: ESCAPE
23:49:16.459 [FXGL Background Thread 3 ] DEBUG Engine               - mouseSensitivity: 0.2
23:49:16.459 [FXGL Background Thread 3 ] DEBUG Engine               - notificationViewClass: class com.almasb.fxgl.notification.view.XboxNotificationView
23:49:16.459 [FXGL Background Thread 3 ] DEBUG Engine               - pixelsPerMeter: 50.0
23:49:16.459 [FXGL Background Thread 3 ] DEBUG Engine               - platform: WINDOWS
23:49:16.459 [FXGL Background Thread 3 ] DEBUG Engine               - prefHeightProperty: ReadOnlyDoubleProperty [value: 800.0]
23:49:16.459 [FXGL Background Thread 3 ] DEBUG Engine               - prefWidthProperty: ReadOnlyDoubleProperty [value: 1024.0]
23:49:16.459 [FXGL Background Thread 3 ] DEBUG Engine               - profileDir: profiles/
23:49:16.459 [FXGL Background Thread 3 ] DEBUG Engine               - profileName: StringProperty [value: DEFAULT]
23:49:16.460 [FXGL Background Thread 3 ] DEBUG Engine               - randomSeed: -1
23:49:16.460 [FXGL Background Thread 3 ] DEBUG Engine               - runtimeInfo: RuntimeInfo(platform=WINDOWS, version=21, build=28.12.2023 13.35)
23:49:16.460 [FXGL Background Thread 3 ] DEBUG Engine               - saveFileExt: sav
23:49:16.460 [FXGL Background Thread 3 ] DEBUG Engine               - scaledHeightProp$fxgl: DoubleProperty [bound, value: 800.0]
23:49:16.460 [FXGL Background Thread 3 ] DEBUG Engine               - scaledWidthProp$fxgl: DoubleProperty [bound, value: 1024.0]
23:49:16.460 [FXGL Background Thread 3 ] DEBUG Engine               - sceneFactory: org.example.pokemon.map.GameApp$1@555f5e47
23:49:16.460 [FXGL Background Thread 3 ] DEBUG Engine               - secondsIn24h: 60
23:49:16.460 [FXGL Background Thread 3 ] DEBUG Engine               - soundMenuBack: menu/back.wav
23:49:16.460 [FXGL Background Thread 3 ] DEBUG Engine               - soundMenuPress: menu/press.wav
23:49:16.460 [FXGL Background Thread 3 ] DEBUG Engine               - soundMenuSelect: menu/select.wav
23:49:16.460 [FXGL Background Thread 3 ] DEBUG Engine               - soundNotification: core/notification.wav
23:49:16.460 [FXGL Background Thread 3 ] DEBUG Engine               - stageStyle: DECORATED
23:49:16.460 [FXGL Background Thread 3 ] DEBUG Engine               - supportedLanguages: [ENGLISH, FRENCH, GERMAN, HUNGARIAN, RUSSIAN]
23:49:16.460 [FXGL Background Thread 3 ] DEBUG Engine               - ticksPerSecond: -1
23:49:16.460 [FXGL Background Thread 3 ] DEBUG Engine               - title: Pokemon
23:49:16.460 [FXGL Background Thread 3 ] DEBUG Engine               - urlGithub: https://github.com/AlmasB/FXGL
23:49:16.460 [FXGL Background Thread 3 ] DEBUG Engine               - urlLeaderboard: http://fxgl-top.herokuapp.com/
23:49:16.460 [FXGL Background Thread 3 ] DEBUG Engine               - urlPOM: https://raw.githubusercontent.com/AlmasB/FXGL/release/README.md
23:49:16.460 [FXGL Background Thread 3 ] DEBUG Engine               - userAppClass: class org.example.pokemon.map.GameApp
23:49:16.460 [FXGL Background Thread 3 ] DEBUG Engine               - version: 0.1
23:49:16.460 [FXGL Background Thread 3 ] DEBUG Engine               - versionCheckDays: 7
23:49:16.460 [FXGL Background Thread 3 ] DEBUG Engine               - width: 1024
23:49:16.460 [FXGL Background Thread 3 ] DEBUG Engine               - Logging services
23:49:16.460 [FXGL Background Thread 3 ] DEBUG Engine               - class com.almasb.fxgl.app.services.FXGLAssetLoaderService
23:49:16.460 [FXGL Background Thread 3 ] DEBUG Engine               - class com.almasb.fxgl.app.FXGLApplication$GameApplicationService
23:49:16.460 [FXGL Background Thread 3 ] DEBUG Engine               - class com.almasb.fxgl.app.services.FXGLDialogService
23:49:16.460 [FXGL Background Thread 3 ] DEBUG Engine               - class com.almasb.fxgl.app.services.IOTaskExecutorService
23:49:16.460 [FXGL Background Thread 3 ] DEBUG Engine               - class com.almasb.fxgl.io.FileSystemService
23:49:16.460 [FXGL Background Thread 3 ] DEBUG Engine               - class com.almasb.fxgl.localization.LocalizationService
23:49:16.460 [FXGL Background Thread 3 ] DEBUG Engine               - class com.almasb.fxgl.app.services.SystemBundleService
23:49:16.460 [FXGL Background Thread 3 ] DEBUG Engine               - class com.almasb.fxgl.profile.SaveLoadService
23:49:16.460 [FXGL Background Thread 3 ] DEBUG Engine               - class com.almasb.fxgl.ui.FXGLUIFactoryServiceProvider
23:49:16.460 [FXGL Background Thread 3 ] DEBUG Engine               - class com.almasb.fxgl.ui.FXGLDialogFactoryServiceProvider
23:49:16.460 [FXGL Background Thread 3 ] DEBUG Engine               - class com.almasb.fxgl.audio.AudioPlayer
23:49:16.460 [FXGL Background Thread 3 ] DEBUG Engine               - class com.almasb.fxgl.notification.impl.NotificationServiceProvider
23:49:16.460 [FXGL Background Thread 3 ] DEBUG Engine               - class com.almasb.fxgl.achievement.AchievementService
23:49:16.460 [FXGL Background Thread 3 ] DEBUG Engine               - class com.almasb.fxgl.cutscene.CutsceneService
23:49:16.460 [FXGL Background Thread 3 ] DEBUG Engine               - class com.almasb.fxgl.minigames.MiniGameService
23:49:16.460 [FXGL Background Thread 3 ] DEBUG Engine               - class com.almasb.fxgl.net.NetService
23:49:16.460 [FXGL Background Thread 3 ] DEBUG Engine               - class com.almasb.fxgl.app.services.UpdaterService
23:49:16.460 [FXGL Background Thread 3 ] DEBUG Engine               - class com.almasb.fxgl.dev.DevService
23:49:25.785 [JavaFX Application Thread] DEBUG GameApplicationServi - Starting new game
23:49:25.786 [JavaFX Application Thread] DEBUG PrimaryStageWindow   - Pop state: TestMainMenu
23:49:25.786 [JavaFX Application Thread] DEBUG Input                - Clearing active input actions
23:49:25.787 [JavaFX Application Thread] DEBUG GameApplicationServi - Removing overlay from TestMainMenu and adding to FXGLMainMenuDummyScene
23:49:25.787 [JavaFX Application Thread] DEBUG PrimaryStageWindow   - FXGLMainMenuDummyScene <- TestMainMenu
23:49:25.787 [JavaFX Application Thread] DEBUG Input                - Clearing active input actions
23:49:25.789 [JavaFX Application Thread] DEBUG GameApplicationServi - Removing overlay from FXGLMainMenuDummyScene and adding to FXGLLoadingScene
23:49:25.789 [JavaFX Application Thread] DEBUG PrimaryStageWindow   - FXGLMainMenuDummyScene -> FXGLLoadingScene
23:49:25.789 [JavaFX Application Thread] DEBUG GameApplicationServi - Clearing previous game
23:49:25.789 [JavaFX Application Thread] DEBUG GameScene            - Clearing game scene
23:49:25.789 [JavaFX Application Thread] DEBUG GameWorld            - Clearing game world
23:49:25.790 [JavaFX Application Thread] DEBUG PhysicsWorld         - Clearing physics world
23:49:25.792 [FXGL Background Thread 1 ] DEBUG FXGLApplication      - Initializing game
23:49:25.805 [FXGL Background Thread 1 ] WARN  TMXLevelLoader       - TiledMap generated from 1.8.4. Supported version: 1.9.0. Some features may not be parsed fully.
23:49:25.824 [FXGL Background Thread 1 ] DEBUG TMXLevelLoader       - Parsed TiledMap: file:/C:/Users/19871/Desktop/Pokemon/target/classes/assets/levels/level1.tmx
23:49:25.827 [FXGL Background Thread 1 ] DEBUG TMXLevelLoader       - Creating tile layer entities
23:49:25.830 [FXGL Background Thread 1 ] DEBUG TilesetLoader        - Loading view for layer 图块层 1
23:49:25.833 [FXGL Background Thread 1 ] DEBUG TilesetLoader        - Created buffer with size 1024.0x800.0
23:49:25.843 [FXGL Background Thread 1 ] DEBUG TMXLevelLoader       - Creating object layer entities
23:49:25.895 [FXGL Background Thread 1 ] DEBUG FXGLAssetLoaderServi - Loading from file system: file:/C:/Users/19871/Desktop/Pokemon/target/classes/assets/textures/flower.png
23:49:25.918 [FXGL Background Thread 1 ] DEBUG GameWorld            - Clearing removable entities
23:49:25.919 [FXGL Background Thread 1 ] DEBUG GameWorld            - Setting level: com.almasb.fxgl.entity.level.Level@7b61979e
23:49:25.932 [FXGL Background Thread 1 ] DEBUG FXGLAssetLoaderServi - Loading from file system: file:/C:/Users/19871/Desktop/Pokemon/target/classes/assets/textures/buLunDan2.png
23:49:25.937 [FXGL Background Thread 1 ] DEBUG FXGLAssetLoaderServi - Loading from file system: file:/C:/Users/19871/Desktop/Pokemon/target/classes/assets/textures/RacketTeam.png
23:49:25.939 [FXGL Background Thread 1 ] INFO  FXGLApplication      - Game initialization took: 0.147 sec
23:49:25.940 [JavaFX Application Thread] DEBUG Input                - Clearing active input actions
23:49:25.945 [JavaFX Application Thread] DEBUG GameApplicationServi - Removing overlay from FXGLLoadingScene and adding to GameScene
23:49:25.945 [JavaFX Application Thread] DEBUG PrimaryStageWindow   - FXGLLoadingScene -> GameScene
23:49:26.052 [FXGL Background Thread 2 ] INFO  UpdaterService       - Your current version:  21
23:49:26.053 [FXGL Background Thread 2 ] INFO  UpdaterService       - Latest stable version: 21.1
23:49:30.090 [JavaFX Application Thread] DEBUG FXGLAssetLoaderServi - Loading from file system: file:/C:/Users/19871/Desktop/Pokemon/target/classes/assets/textures/hint2.png
23:49:31.787 [JavaFX Application Thread] WARN  TMXLevelLoader       - TiledMap generated from 1.8.4. Supported version: 1.9.0. Some features may not be parsed fully.
23:49:31.791 [JavaFX Application Thread] DEBUG TMXLevelLoader       - Parsed TiledMap: file:/C:/Users/19871/Desktop/Pokemon/target/classes/assets/levels/level2.tmx
23:49:31.791 [JavaFX Application Thread] DEBUG TMXLevelLoader       - Creating tile layer entities
23:49:31.791 [JavaFX Application Thread] DEBUG TilesetLoader        - Loading view for layer 图块层 1
23:49:31.793 [JavaFX Application Thread] DEBUG TilesetLoader        - Created buffer with size 1024.0x800.0
23:49:31.795 [JavaFX Application Thread] DEBUG TMXLevelLoader       - Creating object layer entities
23:49:31.795 [JavaFX Application Thread] DEBUG FXGLAssetLoaderServi - Loading from file system: file:/C:/Users/19871/Desktop/Pokemon/target/classes/assets/textures/ocean.png
23:49:31.873 [JavaFX Application Thread] DEBUG FXGLAssetLoaderServi - Loading from file system: file:/C:/Users/19871/Desktop/Pokemon/target/classes/assets/textures/sandTree2.png
23:49:31.875 [JavaFX Application Thread] DEBUG GameWorld            - Clearing removable entities
23:49:31.882 [JavaFX Application Thread] DEBUG GameWorld            - Setting level: com.almasb.fxgl.entity.level.Level@a8f5f8d
23:49:33.444 [JavaFX Application Thread] DEBUG FXGLAssetLoaderServi - Loading from file system: file:/C:/Users/19871/Desktop/Pokemon/target/classes/assets/textures/hint.png
23:49:36.019 [JavaFX Application Thread] DEBUG PrimaryStageWindow   - Push state: DialogSubScene
23:49:36.019 [JavaFX Application Thread] DEBUG Input                - Clearing active input actions
23:49:36.019 [JavaFX Application Thread] DEBUG GameApplicationServi - Removing overlay from GameScene and adding to DialogSubScene
23:49:36.019 [JavaFX Application Thread] DEBUG PrimaryStageWindow   - GameScene -> DialogSubScene
23:49:37.883 [JavaFX Application Thread] DEBUG PrimaryStageWindow   - Pop state: DialogSubScene
23:49:37.884 [JavaFX Application Thread] DEBUG Input                - Clearing active input actions
23:49:37.884 [JavaFX Application Thread] DEBUG GameApplicationServi - Removing overlay from DialogSubScene and adding to GameScene
23:49:37.884 [JavaFX Application Thread] DEBUG PrimaryStageWindow   - GameScene <- DialogSubScene
23:50:13.427 [JavaFX Application Thread] DEBUG FXGLApplication      - Exiting FXGL
23:50:13.427 [JavaFX Application Thread] DEBUG LoopRunner           - Stopping loop
23:50:13.427 [JavaFX Application Thread] DEBUG SystemBundleService  - Saving FXGL system data
23:50:13.428 [JavaFX Application Thread] DEBUG FileSystemAccess     - Writing to: C:\Users\19871\Desktop\Pokemon\system\fxgl.bundle
23:50:13.429 [JavaFX Application Thread] DEBUG Async                - Shutting down background threads
23:50:13.429 [JavaFX Application Thread] DEBUG PrimaryStageWindow   - Closing main window
23:50:13.447 [JavaFX Application Thread] DEBUG Logger               - Closing Logger
