21:50:28.866 [main                     ] DEBUG Logger               - Configured Logger
21:50:28.890 [main                     ] DEBUG GameApplication      - Logging settings
Title: Pokemon
Version: 0.1
Width: 1024
Height: 800
Fullscreen: false
Intro: false
Profiling: false
Single step:false
App Mode: DEVELOPER
Menu Key: ESCAPE
Stage Style: DECORATED
Scene Factory: class org.example.pokemon.map.GameApp$1

21:50:29.235 [JavaFX Application Thread] DEBUG FXGLApplication      - Initializing FXGL
21:50:29.240 [JavaFX Application Thread] INFO  Engine               - FXGL-21 (28.12.2023 13.35) on WINDOWS (J:21.0.4 FX:21)
21:50:29.240 [JavaFX Application Thread] DEBUG Engine               - JRE Vendor Name: Oracle Corporation
21:50:29.240 [JavaFX Application Thread] DEBUG Engine               - Running on OS: Windows 11 version 10.0
21:50:29.240 [JavaFX Application Thread] DEBUG Engine               - Architecture: amd64
21:50:29.240 [JavaFX Application Thread] INFO  Engine               - Source code and latest versions at: https://github.com/AlmasB/FXGL
21:50:29.240 [JavaFX Application Thread] INFO  Engine               -       Ask questions and discuss at: https://github.com/AlmasB/FXGL/discussions
21:50:29.240 [JavaFX Application Thread] INFO  Engine               -              Join the FXGL chat at: https://gitter.im/AlmasB/FXGL
21:50:29.316 [JavaFX Application Thread] DEBUG PrimaryStageWindow   - Creating a JavaFX scene
21:50:29.349 [JavaFX Application Thread] DEBUG PrimaryStageWindow   - Target settings size: 1024.0 x 800.0
21:50:29.350 [JavaFX Application Thread] DEBUG PrimaryStageWindow   - Scaled scene size:    1024.0 x 800.0
21:50:29.350 [JavaFX Application Thread] DEBUG PrimaryStageWindow   - Scaled ratio: (1.0, 1.0)
21:50:29.351 [JavaFX Application Thread] DEBUG PrimaryStageWindow   - Set initial scene to FXGLStartupScene
21:50:29.353 [JavaFX Application Thread] DEBUG PrimaryStageWindow   - Opening main window
21:50:29.430 [JavaFX Application Thread] DEBUG PrimaryStageWindow   - Window border size: (14.6666259765625, 37.33331298828125)
21:50:29.430 [JavaFX Application Thread] DEBUG PrimaryStageWindow   - Scaled size: 1024.0 x 800.0
21:50:29.430 [JavaFX Application Thread] DEBUG PrimaryStageWindow   - Scaled ratio: (1.0, 1.0)
21:50:29.430 [JavaFX Application Thread] DEBUG PrimaryStageWindow   - Scene size: 1024.0 x 800.0
21:50:29.430 [JavaFX Application Thread] DEBUG PrimaryStageWindow   - Stage size: 1038.6666259765625 x 837.3333129882812
21:50:29.435 [FXGL Background Thread 1 ] DEBUG Engine               - Initializing environment variables
21:50:29.477 [FXGL Background Thread 1 ] DEBUG FXGLAssetLoaderServi - User app class for loading assets: class org.example.pokemon.map.GameApp
21:50:29.477 [FXGL Background Thread 1 ] DEBUG GameApplicationServi - Applying CSS: fxgl_dark.css
21:50:29.478 [FXGL Background Thread 1 ] DEBUG FXGLAssetLoaderServi - Loading from file system: jar:file:///C:/Java%20Lib/apache-maven-3.8.8/repo/com/github/almasb/fxgl/21/fxgl-21.jar!/fxglassets/ui/css/fxgl_dark.css
21:50:29.515 [FXGL Background Thread 1 ] DEBUG GameApplicationServi - Initializing application scenes
21:50:29.604 [FXGL Background Thread 1 ] DEBUG GameWorld            - Game world initialized
21:50:29.652 [FXGL Background Thread 1 ] DEBUG PhysicsWorld         - Physics world initialized: appHeight=800, physics.ppm=50.0
21:50:29.653 [FXGL Background Thread 1 ] DEBUG PhysicsWorld         - Using strategy: BRUTE_FORCE
21:50:29.657 [FXGL Background Thread 1 ] DEBUG GameScene            - Game scene initialized: 1024x800
21:50:29.829 [FXGL Background Thread 1 ] DEBUG FXGL.DefaultMenu     - createMenuBodyGameMenu()
21:50:29.836 [FXGL Background Thread 1 ] DEBUG FXGL.DefaultMenu     - createOptionsMenu()
21:50:29.841 [FXGL Background Thread 1 ] DEBUG FXGLAssetLoaderServi - Loading from file system: jar:file:///C:/Java%20Lib/apache-maven-3.8.8/repo/com/github/almasb/fxgl/21/fxgl-21.jar!/fxglassets/textures/particles/smoke.png
21:50:29.951 [FXGL Background Thread 1 ] DEBUG FXGLAssetLoaderServi - Loading from file system: jar:file:///C:/Java%20Lib/apache-maven-3.8.8/repo/com/github/almasb/fxgl/21/fxgl-21.jar!/fxglassets/textures/particles/trace_horizontal.png
21:50:29.971 [FXGL Background Thread 1 ] DEBUG GameApplicationServi - Application scenes initialized
21:50:29.977 [FXGL Background Thread 1 ] DEBUG SystemBundleService  - Loading FXGL system data
21:50:29.981 [FXGL Background Thread 1 ] DEBUG FileSystemAccess     - Reading from: D:\Repo\Pokemon\system\fxgl.bundle
21:50:29.990 [FXGL Background Thread 1 ] DEBUG SystemBundleService  - Bundle FXGL: {}
21:50:29.990 [FXGL Background Thread 1 ] DEBUG UpdaterService       - Checking for updates
21:50:29.993 [FXGL Background Thread 4 ] DEBUG FXGLApplication      - Loading fonts
21:50:29.993 [FXGL Background Thread 4 ] DEBUG FXGLAssetLoaderServi - Loading from file system: jar:file:///C:/Java%20Lib/apache-maven-3.8.8/repo/com/github/almasb/fxgl/21/fxgl-21.jar!/fxglassets/ui/fonts/VarelaRound-Regular.ttf
21:50:29.994 [FXGL Background Thread 1 ] DEBUG FXGLApplication      - Loading default localization
21:50:29.994 [FXGL Background Thread 1 ] DEBUG FXGLAssetLoaderServi - Loading from file system: jar:file:///C:/Java%20Lib/apache-maven-3.8.8/repo/com/github/almasb/fxgl/21/fxgl-21.jar!/fxglassets/languages/english.lang
21:50:30.028 [FXGL Background Thread 4 ] DEBUG FXGLAssetLoaderServi - Loading from file system: jar:file:///C:/Java%20Lib/apache-maven-3.8.8/repo/com/github/almasb/fxgl/21/fxgl-21.jar!/fxglassets/ui/fonts/Abel-Regular.ttf
21:50:30.031 [FXGL Background Thread 4 ] DEBUG FXGLAssetLoaderServi - Loading from file system: jar:file:///C:/Java%20Lib/apache-maven-3.8.8/repo/com/github/almasb/fxgl/21/fxgl-21.jar!/fxglassets/ui/fonts/TerminalLandMono-Regular.otf
21:50:30.033 [FXGL Background Thread 4 ] DEBUG FXGLAssetLoaderServi - Loading from file system: jar:file:///C:/Java%20Lib/apache-maven-3.8.8/repo/com/github/almasb/fxgl/21/fxgl-21.jar!/fxglassets/ui/fonts/Courier-Prime.ttf
21:50:30.041 [JavaFX Application Thread] DEBUG FXGLApplication      - Registering font factories with UI factory
21:50:30.063 [FXGL Background Thread 1 ] INFO  FXGLApplication      - FXGL initialization took: 0.627 sec
21:50:30.085 [JavaFX Application Thread] DEBUG Input                - Registered new binding: action0 - W
21:50:30.087 [JavaFX Application Thread] DEBUG Input                - Registered new binding: action1 - A
21:50:30.088 [JavaFX Application Thread] DEBUG Input                - Registered new binding: action2 - S
21:50:30.089 [JavaFX Application Thread] DEBUG Input                - Registered new binding: action3 - D
21:50:30.089 [JavaFX Application Thread] DEBUG Input                - Registered new binding: action4 - Up
21:50:30.091 [JavaFX Application Thread] DEBUG Input                - Registered new binding: action5 - Left
21:50:30.091 [JavaFX Application Thread] DEBUG Input                - Registered new binding: action6 - Down
21:50:30.092 [JavaFX Application Thread] DEBUG Input                - Registered new binding: action7 - Right
21:50:30.094 [JavaFX Application Thread] DEBUG Input                - Registered new binding: action8 - J
21:50:30.094 [JavaFX Application Thread] DEBUG FXGLAssetLoaderServi - Loading from file system: file:/D:/Repo/Pokemon/target/classes/assets/music/BGM.mp3
21:50:30.207 [JavaFX Application Thread] DEBUG AudioPlayer          - Playing music com.almasb.fxgl.audio.Music@15d3dad6
21:50:30.207 [JavaFX Application Thread] DEBUG FXGLAssetLoaderServi - Loading from file system: file:/D:/Repo/Pokemon/target/classes/assets/textures/icon.png
21:50:30.218 [JavaFX Application Thread] DEBUG FXGLAssetLoaderServi - Loading from file system: jar:file:///C:/Java%20Lib/apache-maven-3.8.8/repo/com/github/almasb/fxgl/21/fxgl-21.jar!/fxglassets/textures/fxgl_default_cursor.png
21:50:30.224 [JavaFX Application Thread] DEBUG Input                - Registered new binding: Screenshot - CTRL+8
21:50:30.224 [JavaFX Application Thread] DEBUG Input                - Registered new binding: System info dump - CTRL+9
21:50:30.225 [JavaFX Application Thread] DEBUG Input                - Registered new binding: Restart - CTRL+R
21:50:30.227 [JavaFX Application Thread] DEBUG Input                - Registered new binding: Toggle Debug Camera - CTRL+7
21:50:30.233 [JavaFX Application Thread] DEBUG LoopRunner           - Starting loop
21:50:30.233 [JavaFX Application Thread] DEBUG LoopRunner           - Initializing JavaFX AnimationTimerLoop
21:50:30.235 [JavaFX Application Thread] DEBUG Input                - Clearing active input actions
21:50:30.241 [JavaFX Application Thread] DEBUG GameApplicationServi - Removing overlay from FXGLStartupScene and adding to FXGLMainMenuDummyScene
21:50:30.241 [JavaFX Application Thread] DEBUG PrimaryStageWindow   - FXGLStartupScene -> FXGLMainMenuDummyScene
21:50:30.243 [JavaFX Application Thread] DEBUG PrimaryStageWindow   - Push state: TestMainMenu
21:50:30.244 [JavaFX Application Thread] DEBUG Input                - Clearing active input actions
21:50:30.255 [JavaFX Application Thread] DEBUG GameApplicationServi - Removing overlay from FXGLMainMenuDummyScene and adding to TestMainMenu
21:50:30.255 [JavaFX Application Thread] DEBUG PrimaryStageWindow   - FXGLMainMenuDummyScene -> TestMainMenu
21:50:31.621 [FXGL Background Thread 2 ] INFO  UpdaterService       - Your current version:  21
21:50:31.621 [FXGL Background Thread 2 ] INFO  UpdaterService       - Latest stable version: 21.1
21:50:32.993 [FXGL Background Thread 3 ] DEBUG Engine               - Logging environment variables
21:50:32.993 [FXGL Background Thread 3 ] DEBUG Engine               - achievements: []
21:50:32.993 [FXGL Background Thread 3 ] DEBUG Engine               - actualHeight: 800.0
21:50:32.993 [FXGL Background Thread 3 ] DEBUG Engine               - actualHeightProperty: ReadOnlyDoubleProperty [value: 800.0]
21:50:32.993 [FXGL Background Thread 3 ] DEBUG Engine               - actualWidth: 1024.0
21:50:32.993 [FXGL Background Thread 3 ] DEBUG Engine               - actualWidthProperty: ReadOnlyDoubleProperty [value: 1024.0]
21:50:32.993 [FXGL Background Thread 3 ] DEBUG Engine               - appIcon: icon.png
21:50:32.993 [FXGL Background Thread 3 ] DEBUG Engine               - applicationMode: DEVELOPER
21:50:32.993 [FXGL Background Thread 3 ] DEBUG Engine               - cSSList: [fxgl_dark.css]
21:50:32.993 [FXGL Background Thread 3 ] DEBUG Engine               - collisionDetectionStrategy: BRUTE_FORCE
21:50:32.994 [FXGL Background Thread 3 ] DEBUG Engine               - configClass: Optional.empty
21:50:32.994 [FXGL Background Thread 3 ] DEBUG Engine               - credits: []
21:50:32.994 [FXGL Background Thread 3 ] DEBUG Engine               - defaultCursor: CursorInfo(imageName=fxgl_default_cursor.png, hotspotX=7.0, hotspotY=6.0)
21:50:32.994 [FXGL Background Thread 3 ] DEBUG Engine               - devBBoxColorProperty: ObjectProperty [value: 0xff0000ff]
21:50:32.994 [FXGL Background Thread 3 ] DEBUG Engine               - devEnableDebugCameraProperty: BooleanProperty [value: false]
21:50:32.994 [FXGL Background Thread 3 ] DEBUG Engine               - devSensorColorProperty: ObjectProperty [value: 0xffff00ff]
21:50:32.994 [FXGL Background Thread 3 ] DEBUG Engine               - devShowBBoxProperty: BooleanProperty [value: false]
21:50:32.994 [FXGL Background Thread 3 ] DEBUG Engine               - devShowPositionProperty: BooleanProperty [value: false]
21:50:32.994 [FXGL Background Thread 3 ] DEBUG Engine               - enabledMenuItems: []
21:50:32.994 [FXGL Background Thread 3 ] DEBUG Engine               - engineServices: [class com.almasb.fxgl.app.services.FXGLAssetLoaderService, class com.almasb.fxgl.app.FXGLApplication$GameApplicationService, class com.almasb.fxgl.app.services.FXGLDialogService, class com.almasb.fxgl.app.services.IOTaskExecutorService, class com.almasb.fxgl.io.FileSystemService, class com.almasb.fxgl.localization.LocalizationService, class com.almasb.fxgl.app.services.SystemBundleService, class com.almasb.fxgl.profile.SaveLoadService, class com.almasb.fxgl.ui.FXGLUIFactoryServiceProvider, class com.almasb.fxgl.ui.FXGLDialogFactoryServiceProvider, class com.almasb.fxgl.audio.AudioPlayer, class com.almasb.fxgl.notification.impl.NotificationServiceProvider, class com.almasb.fxgl.achievement.AchievementService, class com.almasb.fxgl.cutscene.CutsceneService, class com.almasb.fxgl.minigames.MiniGameService, class com.almasb.fxgl.net.NetService, class com.almasb.fxgl.app.services.UpdaterService, class com.almasb.fxgl.dev.DevService]
21:50:32.994 [FXGL Background Thread 3 ] DEBUG Engine               - fontGame: Abel-Regular.ttf
21:50:32.994 [FXGL Background Thread 3 ] DEBUG Engine               - fontMono: TerminalLandMono-Regular.otf
21:50:32.994 [FXGL Background Thread 3 ] DEBUG Engine               - fontSizeScaleUI: 1.0
21:50:32.994 [FXGL Background Thread 3 ] DEBUG Engine               - fontText: Courier-Prime.ttf
21:50:32.994 [FXGL Background Thread 3 ] DEBUG Engine               - fontUI: VarelaRound-Regular.ttf
21:50:32.994 [FXGL Background Thread 3 ] DEBUG Engine               - fullScreen: BooleanProperty [value: false]
21:50:32.994 [FXGL Background Thread 3 ] DEBUG Engine               - gameDifficulty: MEDIUM
21:50:32.994 [FXGL Background Thread 3 ] DEBUG Engine               - gameDifficultyProperty: ObjectProperty [value: MEDIUM]
21:50:32.994 [FXGL Background Thread 3 ] DEBUG Engine               - globalMusicVolume: 0.5
21:50:32.994 [FXGL Background Thread 3 ] DEBUG Engine               - globalMusicVolumeProperty: DoubleProperty [value: 0.1]
21:50:32.994 [FXGL Background Thread 3 ] DEBUG Engine               - globalSoundVolume: 0.5
21:50:32.994 [FXGL Background Thread 3 ] DEBUG Engine               - globalSoundVolumeProperty: DoubleProperty [value: 0.5]
21:50:32.994 [FXGL Background Thread 3 ] DEBUG Engine               - height: 800
21:50:32.994 [FXGL Background Thread 3 ] DEBUG Engine               - is3D: false
21:50:32.994 [FXGL Background Thread 3 ] DEBUG Engine               - isAndroid: false
21:50:32.994 [FXGL Background Thread 3 ] DEBUG Engine               - isBrowser: false
21:50:32.994 [FXGL Background Thread 3 ] DEBUG Engine               - isClickFeedbackEnabled: false
21:50:32.994 [FXGL Background Thread 3 ] DEBUG Engine               - isCloseConfirmation: false
21:50:32.994 [FXGL Background Thread 3 ] DEBUG Engine               - isDesktop: true
21:50:32.994 [FXGL Background Thread 3 ] DEBUG Engine               - isDeveloperMenuEnabled: false
21:50:32.994 [FXGL Background Thread 3 ] DEBUG Engine               - isEmbedded: false
21:50:32.994 [FXGL Background Thread 3 ] DEBUG Engine               - isEntityPreloadEnabled: true
21:50:32.994 [FXGL Background Thread 3 ] DEBUG Engine               - isExperimentalTiledLargeMap: false
21:50:32.994 [FXGL Background Thread 3 ] DEBUG Engine               - isFileSystemWriteAllowed: true
21:50:32.994 [FXGL Background Thread 3 ] DEBUG Engine               - isFullScreenAllowed: false
21:50:32.994 [FXGL Background Thread 3 ] DEBUG Engine               - isFullScreenFromStart: false
21:50:32.994 [FXGL Background Thread 3 ] DEBUG Engine               - isGameMenuEnabled: true
21:50:32.994 [FXGL Background Thread 3 ] DEBUG Engine               - isIOS: false
21:50:32.994 [FXGL Background Thread 3 ] DEBUG Engine               - isIntroEnabled: false
21:50:32.994 [FXGL Background Thread 3 ] DEBUG Engine               - isLinux: false
21:50:32.994 [FXGL Background Thread 3 ] DEBUG Engine               - isMac: false
21:50:32.994 [FXGL Background Thread 3 ] DEBUG Engine               - isMainMenuEnabled: true
21:50:32.994 [FXGL Background Thread 3 ] DEBUG Engine               - isManualResizeEnabled: false
21:50:32.996 [FXGL Background Thread 3 ] DEBUG Engine               - isMobile: false
21:50:32.996 [FXGL Background Thread 3 ] DEBUG Engine               - isNative: false
21:50:32.996 [FXGL Background Thread 3 ] DEBUG Engine               - isPauseMusicWhenMinimized: true
21:50:32.996 [FXGL Background Thread 3 ] DEBUG Engine               - isPreserveResizeRatio: false
21:50:32.996 [FXGL Background Thread 3 ] DEBUG Engine               - isProfilingEnabled: false
21:50:32.996 [FXGL Background Thread 3 ] DEBUG Engine               - isScaleAffectedOnResize: true
21:50:32.996 [FXGL Background Thread 3 ] DEBUG Engine               - isSingleStep: false
21:50:32.996 [FXGL Background Thread 3 ] DEBUG Engine               - isUserProfileEnabled: false
21:50:32.996 [FXGL Background Thread 3 ] DEBUG Engine               - isWindows: true
21:50:32.996 [FXGL Background Thread 3 ] DEBUG Engine               - language: ObjectProperty [value: ENGLISH]
21:50:32.996 [FXGL Background Thread 3 ] DEBUG Engine               - menuKey: ESCAPE
21:50:32.996 [FXGL Background Thread 3 ] DEBUG Engine               - mouseSensitivity: 0.2
21:50:32.996 [FXGL Background Thread 3 ] DEBUG Engine               - notificationViewClass: class com.almasb.fxgl.notification.view.XboxNotificationView
21:50:32.996 [FXGL Background Thread 3 ] DEBUG Engine               - pixelsPerMeter: 50.0
21:50:32.996 [FXGL Background Thread 3 ] DEBUG Engine               - platform: WINDOWS
21:50:32.996 [FXGL Background Thread 3 ] DEBUG Engine               - prefHeightProperty: ReadOnlyDoubleProperty [value: 800.0]
21:50:32.996 [FXGL Background Thread 3 ] DEBUG Engine               - prefWidthProperty: ReadOnlyDoubleProperty [value: 1024.0]
21:50:32.996 [FXGL Background Thread 3 ] DEBUG Engine               - profileDir: profiles/
21:50:32.996 [FXGL Background Thread 3 ] DEBUG Engine               - profileName: StringProperty [value: DEFAULT]
21:50:32.996 [FXGL Background Thread 3 ] DEBUG Engine               - randomSeed: -1
21:50:32.996 [FXGL Background Thread 3 ] DEBUG Engine               - runtimeInfo: RuntimeInfo(platform=WINDOWS, version=21, build=28.12.2023 13.35)
21:50:32.996 [FXGL Background Thread 3 ] DEBUG Engine               - saveFileExt: sav
21:50:32.996 [FXGL Background Thread 3 ] DEBUG Engine               - scaledHeightProp$fxgl: DoubleProperty [bound, value: 800.0]
21:50:32.996 [FXGL Background Thread 3 ] DEBUG Engine               - scaledWidthProp$fxgl: DoubleProperty [bound, value: 1024.0]
21:50:32.996 [FXGL Background Thread 3 ] DEBUG Engine               - sceneFactory: org.example.pokemon.map.GameApp$1@af4b8c2
21:50:32.996 [FXGL Background Thread 3 ] DEBUG Engine               - secondsIn24h: 60
21:50:32.996 [FXGL Background Thread 3 ] DEBUG Engine               - soundMenuBack: menu/back.wav
21:50:32.996 [FXGL Background Thread 3 ] DEBUG Engine               - soundMenuPress: menu/press.wav
21:50:32.996 [FXGL Background Thread 3 ] DEBUG Engine               - soundMenuSelect: menu/select.wav
21:50:32.996 [FXGL Background Thread 3 ] DEBUG Engine               - soundNotification: core/notification.wav
21:50:32.996 [FXGL Background Thread 3 ] DEBUG Engine               - stageStyle: DECORATED
21:50:32.996 [FXGL Background Thread 3 ] DEBUG Engine               - supportedLanguages: [ENGLISH, FRENCH, GERMAN, HUNGARIAN, RUSSIAN]
21:50:32.996 [FXGL Background Thread 3 ] DEBUG Engine               - ticksPerSecond: -1
21:50:32.996 [FXGL Background Thread 3 ] DEBUG Engine               - title: Pokemon
21:50:32.996 [FXGL Background Thread 3 ] DEBUG Engine               - urlGithub: https://github.com/AlmasB/FXGL
21:50:32.996 [FXGL Background Thread 3 ] DEBUG Engine               - urlLeaderboard: http://fxgl-top.herokuapp.com/
21:50:32.996 [FXGL Background Thread 3 ] DEBUG Engine               - urlPOM: https://raw.githubusercontent.com/AlmasB/FXGL/release/README.md
21:50:32.996 [FXGL Background Thread 3 ] DEBUG Engine               - userAppClass: class org.example.pokemon.map.GameApp
21:50:32.996 [FXGL Background Thread 3 ] DEBUG Engine               - version: 0.1
21:50:32.996 [FXGL Background Thread 3 ] DEBUG Engine               - versionCheckDays: 7
21:50:32.996 [FXGL Background Thread 3 ] DEBUG Engine               - width: 1024
21:50:32.996 [FXGL Background Thread 3 ] DEBUG Engine               - Logging services
21:50:32.997 [FXGL Background Thread 3 ] DEBUG Engine               - class com.almasb.fxgl.app.services.FXGLAssetLoaderService
21:50:32.997 [FXGL Background Thread 3 ] DEBUG Engine               - class com.almasb.fxgl.app.FXGLApplication$GameApplicationService
21:50:32.997 [FXGL Background Thread 3 ] DEBUG Engine               - class com.almasb.fxgl.app.services.FXGLDialogService
21:50:32.997 [FXGL Background Thread 3 ] DEBUG Engine               - class com.almasb.fxgl.app.services.IOTaskExecutorService
21:50:32.997 [FXGL Background Thread 3 ] DEBUG Engine               - class com.almasb.fxgl.io.FileSystemService
21:50:32.997 [FXGL Background Thread 3 ] DEBUG Engine               - class com.almasb.fxgl.localization.LocalizationService
21:50:32.997 [FXGL Background Thread 3 ] DEBUG Engine               - class com.almasb.fxgl.app.services.SystemBundleService
21:50:32.997 [FXGL Background Thread 3 ] DEBUG Engine               - class com.almasb.fxgl.profile.SaveLoadService
21:50:32.997 [FXGL Background Thread 3 ] DEBUG Engine               - class com.almasb.fxgl.ui.FXGLUIFactoryServiceProvider
21:50:32.997 [FXGL Background Thread 3 ] DEBUG Engine               - class com.almasb.fxgl.ui.FXGLDialogFactoryServiceProvider
21:50:32.997 [FXGL Background Thread 3 ] DEBUG Engine               - class com.almasb.fxgl.audio.AudioPlayer
21:50:32.997 [FXGL Background Thread 3 ] DEBUG Engine               - class com.almasb.fxgl.notification.impl.NotificationServiceProvider
21:50:32.997 [FXGL Background Thread 3 ] DEBUG Engine               - class com.almasb.fxgl.achievement.AchievementService
21:50:32.997 [FXGL Background Thread 3 ] DEBUG Engine               - class com.almasb.fxgl.cutscene.CutsceneService
21:50:32.997 [FXGL Background Thread 3 ] DEBUG Engine               - class com.almasb.fxgl.minigames.MiniGameService
21:50:32.997 [FXGL Background Thread 3 ] DEBUG Engine               - class com.almasb.fxgl.net.NetService
21:50:32.997 [FXGL Background Thread 3 ] DEBUG Engine               - class com.almasb.fxgl.app.services.UpdaterService
21:50:32.997 [FXGL Background Thread 3 ] DEBUG Engine               - class com.almasb.fxgl.dev.DevService
21:50:33.389 [JavaFX Application Thread] DEBUG GameApplicationServi - Starting new game
21:50:33.389 [JavaFX Application Thread] DEBUG PrimaryStageWindow   - Pop state: TestMainMenu
21:50:33.389 [JavaFX Application Thread] DEBUG Input                - Clearing active input actions
21:50:33.390 [JavaFX Application Thread] DEBUG GameApplicationServi - Removing overlay from TestMainMenu and adding to FXGLMainMenuDummyScene
21:50:33.390 [JavaFX Application Thread] DEBUG PrimaryStageWindow   - FXGLMainMenuDummyScene <- TestMainMenu
21:50:33.390 [JavaFX Application Thread] DEBUG Input                - Clearing active input actions
21:50:33.395 [JavaFX Application Thread] DEBUG GameApplicationServi - Removing overlay from FXGLMainMenuDummyScene and adding to FXGLLoadingScene
21:50:33.395 [JavaFX Application Thread] DEBUG PrimaryStageWindow   - FXGLMainMenuDummyScene -> FXGLLoadingScene
21:50:33.395 [JavaFX Application Thread] DEBUG GameApplicationServi - Clearing previous game
21:50:33.395 [JavaFX Application Thread] DEBUG GameScene            - Clearing game scene
21:50:33.395 [JavaFX Application Thread] DEBUG GameWorld            - Clearing game world
21:50:33.395 [JavaFX Application Thread] DEBUG PhysicsWorld         - Clearing physics world
21:50:33.397 [FXGL Background Thread 2 ] DEBUG FXGLApplication      - Initializing game
21:50:33.418 [FXGL Background Thread 2 ] WARN  TMXLevelLoader       - TiledMap generated from 1.8.4. Supported version: 1.9.0. Some features may not be parsed fully.
21:50:33.442 [FXGL Background Thread 2 ] DEBUG TMXLevelLoader       - Parsed TiledMap: file:/D:/Repo/Pokemon/target/classes/assets/levels/level1.tmx
21:50:33.444 [FXGL Background Thread 2 ] DEBUG TMXLevelLoader       - Creating tile layer entities
21:50:33.446 [FXGL Background Thread 2 ] DEBUG TilesetLoader        - Loading view for layer 图块层 1
21:50:33.451 [FXGL Background Thread 2 ] DEBUG TilesetLoader        - Created buffer with size 1024.0x800.0
21:50:33.464 [FXGL Background Thread 2 ] DEBUG TMXLevelLoader       - Creating object layer entities
21:50:33.530 [FXGL Background Thread 2 ] DEBUG FXGLAssetLoaderServi - Loading from file system: file:/D:/Repo/Pokemon/target/classes/assets/textures/flower.png
21:50:33.552 [FXGL Background Thread 2 ] DEBUG GameWorld            - Clearing removable entities
21:50:33.553 [FXGL Background Thread 2 ] DEBUG GameWorld            - Setting level: com.almasb.fxgl.entity.level.Level@7c36d4a6
21:50:33.568 [FXGL Background Thread 2 ] DEBUG FXGLAssetLoaderServi - Loading from file system: file:/D:/Repo/Pokemon/target/classes/assets/textures/buLunDan2.png
21:50:33.574 [FXGL Background Thread 2 ] DEBUG FXGLAssetLoaderServi - Loading from file system: file:/D:/Repo/Pokemon/target/classes/assets/textures/RacketTeam.png
21:50:33.577 [FXGL Background Thread 2 ] INFO  FXGLApplication      - Game initialization took: 0.179 sec
21:50:33.577 [JavaFX Application Thread] DEBUG Input                - Clearing active input actions
21:50:33.584 [JavaFX Application Thread] DEBUG GameApplicationServi - Removing overlay from FXGLLoadingScene and adding to GameScene
21:50:33.584 [JavaFX Application Thread] DEBUG PrimaryStageWindow   - FXGLLoadingScene -> GameScene
21:50:41.398 [JavaFX Application Thread] DEBUG FXGLAssetLoaderServi - Loading from file system: file:/D:/Repo/Pokemon/target/classes/assets/textures/hint.png
21:50:57.156 [JavaFX Application Thread] DEBUG PrimaryStageWindow   - Push state: DialogSubScene
21:50:57.157 [JavaFX Application Thread] DEBUG Input                - Clearing active input actions
21:50:57.157 [JavaFX Application Thread] DEBUG GameApplicationServi - Removing overlay from GameScene and adding to DialogSubScene
21:50:57.157 [JavaFX Application Thread] DEBUG PrimaryStageWindow   - GameScene -> DialogSubScene
21:50:59.497 [JavaFX Application Thread] DEBUG PrimaryStageWindow   - Pop state: DialogSubScene
21:50:59.497 [JavaFX Application Thread] DEBUG Input                - Clearing active input actions
21:50:59.497 [JavaFX Application Thread] DEBUG GameApplicationServi - Removing overlay from DialogSubScene and adding to GameScene
21:50:59.497 [JavaFX Application Thread] DEBUG PrimaryStageWindow   - GameScene <- DialogSubScene
21:50:59.603 [JavaFX Application Thread] DEBUG LoopRunner           - Stopping loop
21:50:59.608 [JavaFX Application Thread] FATAL FXGLApplication      - Uncaught Exception:
java.lang.NullPointerException: Cannot read field "ifCom" because "this.controller.client" is null
	at org.example.pokemon/org.example.pokemon.battle.BattleScene.start(BattleScene.java:47)
	at org.example.pokemon/org.example.pokemon.map.GameApp.lambda$initInput$8(GameApp.java:109)
	at com.almasb.fxgl.all@21/com.almasb.fxgl.app.services.FXGLDialogService.showChoiceBox$lambda$2(FXGLDialogService.kt:139)
	at com.almasb.fxgl.scene@21/com.almasb.fxgl.ui.FXGLDialogFactoryServiceProvider.choiceDialog$lambda$5$lambda$4(FXGLDialogFactoryServiceProvider.kt:134)
	at javafx.base@21/com.sun.javafx.event.CompositeEventHandler.dispatchBubblingEvent(CompositeEventHandler.java:86)
	at javafx.base@21/com.sun.javafx.event.EventHandlerManager.dispatchBubblingEvent(EventHandlerManager.java:232)
	at javafx.base@21/com.sun.javafx.event.EventHandlerManager.dispatchBubblingEvent(EventHandlerManager.java:189)
	at javafx.base@21/com.sun.javafx.event.CompositeEventDispatcher.dispatchBubblingEvent(CompositeEventDispatcher.java:59)
	at javafx.base@21/com.sun.javafx.event.BasicEventDispatcher.dispatchEvent(BasicEventDispatcher.java:58)
	at javafx.base@21/com.sun.javafx.event.EventDispatchChainImpl.dispatchEvent(EventDispatchChainImpl.java:114)
	at javafx.base@21/com.sun.javafx.event.BasicEventDispatcher.dispatchEvent(BasicEventDispatcher.java:56)
	at javafx.base@21/com.sun.javafx.event.EventDispatchChainImpl.dispatchEvent(EventDispatchChainImpl.java:114)
	at javafx.base@21/com.sun.javafx.event.BasicEventDispatcher.dispatchEvent(BasicEventDispatcher.java:56)
	at javafx.base@21/com.sun.javafx.event.EventDispatchChainImpl.dispatchEvent(EventDispatchChainImpl.java:114)
	at javafx.base@21/com.sun.javafx.event.BasicEventDispatcher.dispatchEvent(BasicEventDispatcher.java:56)
	at javafx.base@21/com.sun.javafx.event.EventDispatchChainImpl.dispatchEvent(EventDispatchChainImpl.java:114)
	at javafx.base@21/com.sun.javafx.event.EventUtil.fireEventImpl(EventUtil.java:74)
	at javafx.base@21/com.sun.javafx.event.EventUtil.fireEvent(EventUtil.java:49)
	at javafx.base@21/javafx.event.Event.fireEvent(Event.java:198)
	at javafx.graphics@21/javafx.scene.Node.fireEvent(Node.java:8875)
	at javafx.controls@21/javafx.scene.control.Button.fire(Button.java:203)
	at javafx.controls@21/com.sun.javafx.scene.control.behavior.ButtonBehavior.mouseReleased(ButtonBehavior.java:207)
	at javafx.controls@21/com.sun.javafx.scene.control.inputmap.InputMap.handle(InputMap.java:274)
	at javafx.base@21/com.sun.javafx.event.CompositeEventHandler$NormalEventHandlerRecord.handleBubblingEvent(CompositeEventHandler.java:247)
	at javafx.base@21/com.sun.javafx.event.CompositeEventHandler.dispatchBubblingEvent(CompositeEventHandler.java:80)
	at javafx.base@21/com.sun.javafx.event.EventHandlerManager.dispatchBubblingEvent(EventHandlerManager.java:232)
	at javafx.base@21/com.sun.javafx.event.EventHandlerManager.dispatchBubblingEvent(EventHandlerManager.java:189)
	at javafx.base@21/com.sun.javafx.event.CompositeEventDispatcher.dispatchBubblingEvent(CompositeEventDispatcher.java:59)
	at javafx.base@21/com.sun.javafx.event.BasicEventDispatcher.dispatchEvent(BasicEventDispatcher.java:58)
	at javafx.base@21/com.sun.javafx.event.EventDispatchChainImpl.dispatchEvent(EventDispatchChainImpl.java:114)
	at javafx.base@21/com.sun.javafx.event.BasicEventDispatcher.dispatchEvent(BasicEventDispatcher.java:56)
	at javafx.base@21/com.sun.javafx.event.EventDispatchChainImpl.dispatchEvent(EventDispatchChainImpl.java:114)
	at javafx.base@21/com.sun.javafx.event.BasicEventDispatcher.dispatchEvent(BasicEventDispatcher.java:56)
	at javafx.base@21/com.sun.javafx.event.EventDispatchChainImpl.dispatchEvent(EventDispatchChainImpl.java:114)
	at javafx.base@21/com.sun.javafx.event.BasicEventDispatcher.dispatchEvent(BasicEventDispatcher.java:56)
	at javafx.base@21/com.sun.javafx.event.EventDispatchChainImpl.dispatchEvent(EventDispatchChainImpl.java:114)
	at javafx.base@21/com.sun.javafx.event.EventUtil.fireEventImpl(EventUtil.java:74)
	at javafx.base@21/com.sun.javafx.event.EventUtil.fireEvent(EventUtil.java:54)
	at javafx.base@21/javafx.event.Event.fireEvent(Event.java:198)
	at javafx.graphics@21/javafx.scene.Scene$MouseHandler.process(Scene.java:3984)
	at javafx.graphics@21/javafx.scene.Scene.processMouseEvent(Scene.java:1890)
	at javafx.graphics@21/javafx.scene.Scene$ScenePeerListener.mouseEvent(Scene.java:2708)
	at javafx.graphics@21/com.sun.javafx.tk.quantum.GlassViewEventHandler$MouseEventNotification.run(GlassViewEventHandler.java:411)
	at javafx.graphics@21/com.sun.javafx.tk.quantum.GlassViewEventHandler$MouseEventNotification.run(GlassViewEventHandler.java:301)
	at java.base/java.security.AccessController.doPrivileged(AccessController.java:400)
	at javafx.graphics@21/com.sun.javafx.tk.quantum.GlassViewEventHandler.lambda$handleMouseEvent$2(GlassViewEventHandler.java:450)
	at javafx.graphics@21/com.sun.javafx.tk.quantum.QuantumToolkit.runWithoutRenderLock(QuantumToolkit.java:424)
	at javafx.graphics@21/com.sun.javafx.tk.quantum.GlassViewEventHandler.handleMouseEvent(GlassViewEventHandler.java:449)
	at javafx.graphics@21/com.sun.glass.ui.View.handleMouseEvent(View.java:551)
	at javafx.graphics@21/com.sun.glass.ui.View.notifyMouse(View.java:937)
	at javafx.graphics@21/com.sun.glass.ui.win.WinApplication._runLoop(Native Method)
	at javafx.graphics@21/com.sun.glass.ui.win.WinApplication.lambda$runLoop$3(WinApplication.java:185)
	at java.base/java.lang.Thread.run(Thread.java:1583)

21:50:59.608 [JavaFX Application Thread] FATAL FXGLApplication      - Application will now exit
21:50:59.628 [JavaFX Application Thread] DEBUG PrimaryStageWindow   - Push state: ErrorSubScene
21:50:59.630 [JavaFX Application Thread] DEBUG Input                - Clearing active input actions
21:50:59.633 [JavaFX Application Thread] DEBUG GameApplicationServi - Removing overlay from GameScene and adding to ErrorSubScene
21:50:59.633 [JavaFX Application Thread] DEBUG PrimaryStageWindow   - GameScene -> ErrorSubScene
21:51:13.693 [JavaFX Application Thread] DEBUG FXGLApplication      - Exiting FXGL
21:51:13.693 [JavaFX Application Thread] DEBUG Async                - Shutting down background threads
21:51:13.694 [JavaFX Application Thread] DEBUG PrimaryStageWindow   - Closing main window
21:51:13.703 [JavaFX Application Thread] DEBUG Logger               - Closing Logger
