09:29:52.520 [main                     ] DEBUG Logger               - Configured Logger
09:29:52.548 [main                     ] DEBUG GameApplication      - Logging settings
Title: Pokemon
Version: 0.1
Width: 1024
Height: 800
Fullscreen: false
Intro: false
Profiling: false
Single step:false
App Mode: DEVELOPER
Menu Key: ESCAPE
Stage Style: DECORATED
Scene Factory: class org.example.pokemon.map.GameApp$1

09:29:52.815 [JavaFX Application Thread] DEBUG FXGLApplication      - Initializing FXGL
09:29:52.818 [JavaFX Application Thread] INFO  Engine               - FXGL-21 (28.12.2023 13.35) on WINDOWS (J:21.0.4 FX:21)
09:29:52.819 [JavaFX Application Thread] DEBUG Engine               - JRE Vendor Name: Oracle Corporation
09:29:52.819 [JavaFX Application Thread] DEBUG Engine               - Running on OS: Windows 11 version 10.0
09:29:52.819 [JavaFX Application Thread] DEBUG Engine               - Architecture: amd64
09:29:52.819 [JavaFX Application Thread] INFO  Engine               - Source code and latest versions at: https://github.com/AlmasB/FXGL
09:29:52.819 [JavaFX Application Thread] INFO  Engine               -       Ask questions and discuss at: https://github.com/AlmasB/FXGL/discussions
09:29:52.819 [JavaFX Application Thread] INFO  Engine               -              Join the FXGL chat at: https://gitter.im/AlmasB/FXGL
09:29:52.866 [JavaFX Application Thread] DEBUG PrimaryStageWindow   - Creating a JavaFX scene
09:29:52.892 [JavaFX Application Thread] DEBUG PrimaryStageWindow   - Target settings size: 1024.0 x 800.0
09:29:52.892 [JavaFX Application Thread] DEBUG PrimaryStageWindow   - Scaled scene size:    1024.0 x 800.0
09:29:52.892 [JavaFX Application Thread] DEBUG PrimaryStageWindow   - Scaled ratio: (1.0, 1.0)
09:29:52.894 [JavaFX Application Thread] DEBUG PrimaryStageWindow   - Set initial scene to FXGLStartupScene
09:29:52.895 [JavaFX Application Thread] DEBUG PrimaryStageWindow   - Opening main window
09:29:52.957 [JavaFX Application Thread] DEBUG PrimaryStageWindow   - Window border size: (14.6666259765625, 37.33331298828125)
09:29:52.957 [JavaFX Application Thread] DEBUG PrimaryStageWindow   - Scaled size: 1024.0 x 800.0
09:29:52.957 [JavaFX Application Thread] DEBUG PrimaryStageWindow   - Scaled ratio: (1.0, 1.0)
09:29:52.957 [JavaFX Application Thread] DEBUG PrimaryStageWindow   - Scene size: 1024.0 x 800.0
09:29:52.957 [JavaFX Application Thread] DEBUG PrimaryStageWindow   - Stage size: 1038.6666259765625 x 837.3333129882812
09:29:52.962 [FXGL Background Thread 1 ] DEBUG Engine               - Initializing environment variables
09:29:52.998 [FXGL Background Thread 1 ] DEBUG FXGLAssetLoaderServi - User app class for loading assets: class org.example.pokemon.map.GameApp
09:29:52.998 [FXGL Background Thread 1 ] DEBUG GameApplicationServi - Applying CSS: fxgl_dark.css
09:29:52.998 [FXGL Background Thread 1 ] DEBUG FXGLAssetLoaderServi - Loading from file system: jar:file:///C:/Java%20Lib/apache-maven-3.8.8/repo/com/github/almasb/fxgl/21/fxgl-21.jar!/fxglassets/ui/css/fxgl_dark.css
09:29:53.037 [FXGL Background Thread 1 ] DEBUG GameApplicationServi - Initializing application scenes
09:29:53.131 [FXGL Background Thread 1 ] DEBUG GameWorld            - Game world initialized
09:29:53.166 [FXGL Background Thread 1 ] DEBUG PhysicsWorld         - Physics world initialized: appHeight=800, physics.ppm=50.0
09:29:53.166 [FXGL Background Thread 1 ] DEBUG PhysicsWorld         - Using strategy: BRUTE_FORCE
09:29:53.168 [FXGL Background Thread 1 ] DEBUG GameScene            - Game scene initialized: 1024x800
09:29:53.311 [FXGL Background Thread 1 ] DEBUG FXGL.DefaultMenu     - createMenuBodyGameMenu()
09:29:53.316 [FXGL Background Thread 1 ] DEBUG FXGL.DefaultMenu     - createOptionsMenu()
09:29:53.321 [FXGL Background Thread 1 ] DEBUG FXGLAssetLoaderServi - Loading from file system: jar:file:///C:/Java%20Lib/apache-maven-3.8.8/repo/com/github/almasb/fxgl/21/fxgl-21.jar!/fxglassets/textures/particles/smoke.png
09:29:53.429 [FXGL Background Thread 1 ] DEBUG FXGLAssetLoaderServi - Loading from file system: jar:file:///C:/Java%20Lib/apache-maven-3.8.8/repo/com/github/almasb/fxgl/21/fxgl-21.jar!/fxglassets/textures/particles/trace_horizontal.png
09:29:53.449 [FXGL Background Thread 1 ] DEBUG GameApplicationServi - Application scenes initialized
09:29:53.460 [FXGL Background Thread 1 ] DEBUG SystemBundleService  - Loading FXGL system data
09:29:53.464 [FXGL Background Thread 1 ] DEBUG FileSystemAccess     - Reading from: D:\Repo\Pokemon\system\fxgl.bundle
09:29:53.471 [FXGL Background Thread 1 ] DEBUG SystemBundleService  - Bundle FXGL: {}
09:29:53.471 [FXGL Background Thread 1 ] DEBUG UpdaterService       - Checking for updates
09:29:53.474 [FXGL Background Thread 4 ] DEBUG FXGLApplication      - Loading fonts
09:29:53.474 [FXGL Background Thread 4 ] DEBUG FXGLAssetLoaderServi - Loading from file system: jar:file:///C:/Java%20Lib/apache-maven-3.8.8/repo/com/github/almasb/fxgl/21/fxgl-21.jar!/fxglassets/ui/fonts/VarelaRound-Regular.ttf
09:29:53.477 [FXGL Background Thread 1 ] DEBUG FXGLApplication      - Loading default localization
09:29:53.479 [FXGL Background Thread 1 ] DEBUG FXGLAssetLoaderServi - Loading from file system: jar:file:///C:/Java%20Lib/apache-maven-3.8.8/repo/com/github/almasb/fxgl/21/fxgl-21.jar!/fxglassets/languages/english.lang
09:29:53.504 [FXGL Background Thread 4 ] DEBUG FXGLAssetLoaderServi - Loading from file system: jar:file:///C:/Java%20Lib/apache-maven-3.8.8/repo/com/github/almasb/fxgl/21/fxgl-21.jar!/fxglassets/ui/fonts/Abel-Regular.ttf
09:29:53.507 [FXGL Background Thread 4 ] DEBUG FXGLAssetLoaderServi - Loading from file system: jar:file:///C:/Java%20Lib/apache-maven-3.8.8/repo/com/github/almasb/fxgl/21/fxgl-21.jar!/fxglassets/ui/fonts/TerminalLandMono-Regular.otf
09:29:53.510 [FXGL Background Thread 4 ] DEBUG FXGLAssetLoaderServi - Loading from file system: jar:file:///C:/Java%20Lib/apache-maven-3.8.8/repo/com/github/almasb/fxgl/21/fxgl-21.jar!/fxglassets/ui/fonts/Courier-Prime.ttf
09:29:53.517 [JavaFX Application Thread] DEBUG FXGLApplication      - Registering font factories with UI factory
09:29:53.534 [FXGL Background Thread 1 ] INFO  FXGLApplication      - FXGL initialization took: 0.573 sec
09:29:53.558 [JavaFX Application Thread] DEBUG Input                - Registered new binding: action0 - W
09:29:53.559 [JavaFX Application Thread] DEBUG Input                - Registered new binding: action1 - A
09:29:53.559 [JavaFX Application Thread] DEBUG Input                - Registered new binding: action2 - S
09:29:53.560 [JavaFX Application Thread] DEBUG Input                - Registered new binding: action3 - D
09:29:53.560 [JavaFX Application Thread] DEBUG Input                - Registered new binding: action4 - Up
09:29:53.562 [JavaFX Application Thread] DEBUG Input                - Registered new binding: action5 - Left
09:29:53.563 [JavaFX Application Thread] DEBUG Input                - Registered new binding: action6 - Down
09:29:53.563 [JavaFX Application Thread] DEBUG Input                - Registered new binding: action7 - Right
09:29:53.564 [JavaFX Application Thread] DEBUG Input                - Registered new binding: action8 - J
09:29:53.564 [JavaFX Application Thread] DEBUG FXGLAssetLoaderServi - Loading from file system: file:/D:/Repo/Pokemon/target/classes/assets/music/BGM.mp3
09:29:53.680 [JavaFX Application Thread] DEBUG AudioPlayer          - Playing music com.almasb.fxgl.audio.Music@49924929
09:29:53.680 [JavaFX Application Thread] DEBUG FXGLAssetLoaderServi - Loading from file system: file:/D:/Repo/Pokemon/target/classes/assets/textures/icon.png
09:29:53.692 [JavaFX Application Thread] DEBUG FXGLAssetLoaderServi - Loading from file system: jar:file:///C:/Java%20Lib/apache-maven-3.8.8/repo/com/github/almasb/fxgl/21/fxgl-21.jar!/fxglassets/textures/fxgl_default_cursor.png
09:29:53.695 [JavaFX Application Thread] DEBUG Input                - Registered new binding: Screenshot - CTRL+8
09:29:53.696 [JavaFX Application Thread] DEBUG Input                - Registered new binding: System info dump - CTRL+9
09:29:53.696 [JavaFX Application Thread] DEBUG Input                - Registered new binding: Restart - CTRL+R
09:29:53.698 [JavaFX Application Thread] DEBUG Input                - Registered new binding: Toggle Debug Camera - CTRL+7
09:29:53.705 [JavaFX Application Thread] DEBUG LoopRunner           - Starting loop
09:29:53.705 [JavaFX Application Thread] DEBUG LoopRunner           - Initializing JavaFX AnimationTimerLoop
09:29:53.718 [JavaFX Application Thread] DEBUG Input                - Clearing active input actions
09:29:53.724 [JavaFX Application Thread] DEBUG GameApplicationServi - Removing overlay from FXGLStartupScene and adding to FXGLMainMenuDummyScene
09:29:53.724 [JavaFX Application Thread] DEBUG PrimaryStageWindow   - FXGLStartupScene -> FXGLMainMenuDummyScene
09:29:53.726 [JavaFX Application Thread] DEBUG PrimaryStageWindow   - Push state: TestMainMenu
09:29:53.727 [JavaFX Application Thread] DEBUG Input                - Clearing active input actions
09:29:53.737 [JavaFX Application Thread] DEBUG GameApplicationServi - Removing overlay from FXGLMainMenuDummyScene and adding to TestMainMenu
09:29:53.738 [JavaFX Application Thread] DEBUG PrimaryStageWindow   - FXGLMainMenuDummyScene -> TestMainMenu
09:29:55.915 [FXGL Background Thread 2 ] INFO  UpdaterService       - Your current version:  21
09:29:55.915 [FXGL Background Thread 2 ] INFO  UpdaterService       - Latest stable version: 21.1
09:29:56.474 [FXGL Background Thread 3 ] DEBUG Engine               - Logging environment variables
09:29:56.474 [FXGL Background Thread 3 ] DEBUG Engine               - achievements: []
09:29:56.474 [FXGL Background Thread 3 ] DEBUG Engine               - actualHeight: 800.0
09:29:56.474 [FXGL Background Thread 3 ] DEBUG Engine               - actualHeightProperty: ReadOnlyDoubleProperty [value: 800.0]
09:29:56.474 [FXGL Background Thread 3 ] DEBUG Engine               - actualWidth: 1024.0
09:29:56.474 [FXGL Background Thread 3 ] DEBUG Engine               - actualWidthProperty: ReadOnlyDoubleProperty [value: 1024.0]
09:29:56.475 [FXGL Background Thread 3 ] DEBUG Engine               - appIcon: icon.png
09:29:56.475 [FXGL Background Thread 3 ] DEBUG Engine               - applicationMode: DEVELOPER
09:29:56.475 [FXGL Background Thread 3 ] DEBUG Engine               - cSSList: [fxgl_dark.css]
09:29:56.475 [FXGL Background Thread 3 ] DEBUG Engine               - collisionDetectionStrategy: BRUTE_FORCE
09:29:56.475 [FXGL Background Thread 3 ] DEBUG Engine               - configClass: Optional.empty
09:29:56.475 [FXGL Background Thread 3 ] DEBUG Engine               - credits: []
09:29:56.475 [FXGL Background Thread 3 ] DEBUG Engine               - defaultCursor: CursorInfo(imageName=fxgl_default_cursor.png, hotspotX=7.0, hotspotY=6.0)
09:29:56.475 [FXGL Background Thread 3 ] DEBUG Engine               - devBBoxColorProperty: ObjectProperty [value: 0xff0000ff]
09:29:56.475 [FXGL Background Thread 3 ] DEBUG Engine               - devEnableDebugCameraProperty: BooleanProperty [value: false]
09:29:56.475 [FXGL Background Thread 3 ] DEBUG Engine               - devSensorColorProperty: ObjectProperty [value: 0xffff00ff]
09:29:56.475 [FXGL Background Thread 3 ] DEBUG Engine               - devShowBBoxProperty: BooleanProperty [value: false]
09:29:56.475 [FXGL Background Thread 3 ] DEBUG Engine               - devShowPositionProperty: BooleanProperty [value: false]
09:29:56.475 [FXGL Background Thread 3 ] DEBUG Engine               - enabledMenuItems: []
09:29:56.475 [FXGL Background Thread 3 ] DEBUG Engine               - engineServices: [class com.almasb.fxgl.app.services.FXGLAssetLoaderService, class com.almasb.fxgl.app.FXGLApplication$GameApplicationService, class com.almasb.fxgl.app.services.FXGLDialogService, class com.almasb.fxgl.app.services.IOTaskExecutorService, class com.almasb.fxgl.io.FileSystemService, class com.almasb.fxgl.localization.LocalizationService, class com.almasb.fxgl.app.services.SystemBundleService, class com.almasb.fxgl.profile.SaveLoadService, class com.almasb.fxgl.ui.FXGLUIFactoryServiceProvider, class com.almasb.fxgl.ui.FXGLDialogFactoryServiceProvider, class com.almasb.fxgl.audio.AudioPlayer, class com.almasb.fxgl.notification.impl.NotificationServiceProvider, class com.almasb.fxgl.achievement.AchievementService, class com.almasb.fxgl.cutscene.CutsceneService, class com.almasb.fxgl.minigames.MiniGameService, class com.almasb.fxgl.net.NetService, class com.almasb.fxgl.app.services.UpdaterService, class com.almasb.fxgl.dev.DevService]
09:29:56.475 [FXGL Background Thread 3 ] DEBUG Engine               - fontGame: Abel-Regular.ttf
09:29:56.475 [FXGL Background Thread 3 ] DEBUG Engine               - fontMono: TerminalLandMono-Regular.otf
09:29:56.475 [FXGL Background Thread 3 ] DEBUG Engine               - fontSizeScaleUI: 1.0
09:29:56.475 [FXGL Background Thread 3 ] DEBUG Engine               - fontText: Courier-Prime.ttf
09:29:56.475 [FXGL Background Thread 3 ] DEBUG Engine               - fontUI: VarelaRound-Regular.ttf
09:29:56.475 [FXGL Background Thread 3 ] DEBUG Engine               - fullScreen: BooleanProperty [value: false]
09:29:56.475 [FXGL Background Thread 3 ] DEBUG Engine               - gameDifficulty: MEDIUM
09:29:56.475 [FXGL Background Thread 3 ] DEBUG Engine               - gameDifficultyProperty: ObjectProperty [value: MEDIUM]
09:29:56.475 [FXGL Background Thread 3 ] DEBUG Engine               - globalMusicVolume: 0.5
09:29:56.475 [FXGL Background Thread 3 ] DEBUG Engine               - globalMusicVolumeProperty: DoubleProperty [value: 0.1]
09:29:56.475 [FXGL Background Thread 3 ] DEBUG Engine               - globalSoundVolume: 0.5
09:29:56.475 [FXGL Background Thread 3 ] DEBUG Engine               - globalSoundVolumeProperty: DoubleProperty [value: 0.5]
09:29:56.475 [FXGL Background Thread 3 ] DEBUG Engine               - height: 800
09:29:56.476 [FXGL Background Thread 3 ] DEBUG Engine               - is3D: false
09:29:56.476 [FXGL Background Thread 3 ] DEBUG Engine               - isAndroid: false
09:29:56.476 [FXGL Background Thread 3 ] DEBUG Engine               - isBrowser: false
09:29:56.476 [FXGL Background Thread 3 ] DEBUG Engine               - isClickFeedbackEnabled: false
09:29:56.476 [FXGL Background Thread 3 ] DEBUG Engine               - isCloseConfirmation: false
09:29:56.476 [FXGL Background Thread 3 ] DEBUG Engine               - isDesktop: true
09:29:56.476 [FXGL Background Thread 3 ] DEBUG Engine               - isDeveloperMenuEnabled: false
09:29:56.476 [FXGL Background Thread 3 ] DEBUG Engine               - isEmbedded: false
09:29:56.476 [FXGL Background Thread 3 ] DEBUG Engine               - isEntityPreloadEnabled: true
09:29:56.476 [FXGL Background Thread 3 ] DEBUG Engine               - isExperimentalTiledLargeMap: false
09:29:56.476 [FXGL Background Thread 3 ] DEBUG Engine               - isFileSystemWriteAllowed: true
09:29:56.476 [FXGL Background Thread 3 ] DEBUG Engine               - isFullScreenAllowed: false
09:29:56.476 [FXGL Background Thread 3 ] DEBUG Engine               - isFullScreenFromStart: false
09:29:56.476 [FXGL Background Thread 3 ] DEBUG Engine               - isGameMenuEnabled: true
09:29:56.476 [FXGL Background Thread 3 ] DEBUG Engine               - isIOS: false
09:29:56.476 [FXGL Background Thread 3 ] DEBUG Engine               - isIntroEnabled: false
09:29:56.476 [FXGL Background Thread 3 ] DEBUG Engine               - isLinux: false
09:29:56.476 [FXGL Background Thread 3 ] DEBUG Engine               - isMac: false
09:29:56.476 [FXGL Background Thread 3 ] DEBUG Engine               - isMainMenuEnabled: true
09:29:56.476 [FXGL Background Thread 3 ] DEBUG Engine               - isManualResizeEnabled: false
09:29:56.476 [FXGL Background Thread 3 ] DEBUG Engine               - isMobile: false
09:29:56.476 [FXGL Background Thread 3 ] DEBUG Engine               - isNative: false
09:29:56.476 [FXGL Background Thread 3 ] DEBUG Engine               - isPauseMusicWhenMinimized: true
09:29:56.476 [FXGL Background Thread 3 ] DEBUG Engine               - isPreserveResizeRatio: false
09:29:56.476 [FXGL Background Thread 3 ] DEBUG Engine               - isProfilingEnabled: false
09:29:56.476 [FXGL Background Thread 3 ] DEBUG Engine               - isScaleAffectedOnResize: true
09:29:56.476 [FXGL Background Thread 3 ] DEBUG Engine               - isSingleStep: false
09:29:56.476 [FXGL Background Thread 3 ] DEBUG Engine               - isUserProfileEnabled: false
09:29:56.476 [FXGL Background Thread 3 ] DEBUG Engine               - isWindows: true
09:29:56.476 [FXGL Background Thread 3 ] DEBUG Engine               - language: ObjectProperty [value: ENGLISH]
09:29:56.476 [FXGL Background Thread 3 ] DEBUG Engine               - menuKey: ESCAPE
09:29:56.476 [FXGL Background Thread 3 ] DEBUG Engine               - mouseSensitivity: 0.2
09:29:56.476 [FXGL Background Thread 3 ] DEBUG Engine               - notificationViewClass: class com.almasb.fxgl.notification.view.XboxNotificationView
09:29:56.476 [FXGL Background Thread 3 ] DEBUG Engine               - pixelsPerMeter: 50.0
09:29:56.476 [FXGL Background Thread 3 ] DEBUG Engine               - platform: WINDOWS
09:29:56.476 [FXGL Background Thread 3 ] DEBUG Engine               - prefHeightProperty: ReadOnlyDoubleProperty [value: 800.0]
09:29:56.477 [FXGL Background Thread 3 ] DEBUG Engine               - prefWidthProperty: ReadOnlyDoubleProperty [value: 1024.0]
09:29:56.477 [FXGL Background Thread 3 ] DEBUG Engine               - profileDir: profiles/
09:29:56.477 [FXGL Background Thread 3 ] DEBUG Engine               - profileName: StringProperty [value: DEFAULT]
09:29:56.477 [FXGL Background Thread 3 ] DEBUG Engine               - randomSeed: -1
09:29:56.477 [FXGL Background Thread 3 ] DEBUG Engine               - runtimeInfo: RuntimeInfo(platform=WINDOWS, version=21, build=28.12.2023 13.35)
09:29:56.477 [FXGL Background Thread 3 ] DEBUG Engine               - saveFileExt: sav
09:29:56.477 [FXGL Background Thread 3 ] DEBUG Engine               - scaledHeightProp$fxgl: DoubleProperty [bound, value: 800.0]
09:29:56.477 [FXGL Background Thread 3 ] DEBUG Engine               - scaledWidthProp$fxgl: DoubleProperty [bound, value: 1024.0]
09:29:56.477 [FXGL Background Thread 3 ] DEBUG Engine               - sceneFactory: org.example.pokemon.map.GameApp$1@dcfb252
09:29:56.477 [FXGL Background Thread 3 ] DEBUG Engine               - secondsIn24h: 60
09:29:56.477 [FXGL Background Thread 3 ] DEBUG Engine               - soundMenuBack: menu/back.wav
09:29:56.477 [FXGL Background Thread 3 ] DEBUG Engine               - soundMenuPress: menu/press.wav
09:29:56.477 [FXGL Background Thread 3 ] DEBUG Engine               - soundMenuSelect: menu/select.wav
09:29:56.477 [FXGL Background Thread 3 ] DEBUG Engine               - soundNotification: core/notification.wav
09:29:56.477 [FXGL Background Thread 3 ] DEBUG Engine               - stageStyle: DECORATED
09:29:56.477 [FXGL Background Thread 3 ] DEBUG Engine               - supportedLanguages: [ENGLISH, FRENCH, GERMAN, HUNGARIAN, RUSSIAN]
09:29:56.477 [FXGL Background Thread 3 ] DEBUG Engine               - ticksPerSecond: -1
09:29:56.477 [FXGL Background Thread 3 ] DEBUG Engine               - title: Pokemon
09:29:56.477 [FXGL Background Thread 3 ] DEBUG Engine               - urlGithub: https://github.com/AlmasB/FXGL
09:29:56.477 [FXGL Background Thread 3 ] DEBUG Engine               - urlLeaderboard: http://fxgl-top.herokuapp.com/
09:29:56.477 [FXGL Background Thread 3 ] DEBUG Engine               - urlPOM: https://raw.githubusercontent.com/AlmasB/FXGL/release/README.md
09:29:56.477 [FXGL Background Thread 3 ] DEBUG Engine               - userAppClass: class org.example.pokemon.map.GameApp
09:29:56.477 [FXGL Background Thread 3 ] DEBUG Engine               - version: 0.1
09:29:56.477 [FXGL Background Thread 3 ] DEBUG Engine               - versionCheckDays: 7
09:29:56.477 [FXGL Background Thread 3 ] DEBUG Engine               - width: 1024
09:29:56.477 [FXGL Background Thread 3 ] DEBUG Engine               - Logging services
09:29:56.477 [FXGL Background Thread 3 ] DEBUG Engine               - class com.almasb.fxgl.app.services.FXGLAssetLoaderService
09:29:56.477 [FXGL Background Thread 3 ] DEBUG Engine               - class com.almasb.fxgl.app.FXGLApplication$GameApplicationService
09:29:56.477 [FXGL Background Thread 3 ] DEBUG Engine               - class com.almasb.fxgl.app.services.FXGLDialogService
09:29:56.477 [FXGL Background Thread 3 ] DEBUG Engine               - class com.almasb.fxgl.app.services.IOTaskExecutorService
09:29:56.477 [FXGL Background Thread 3 ] DEBUG Engine               - class com.almasb.fxgl.io.FileSystemService
09:29:56.477 [FXGL Background Thread 3 ] DEBUG Engine               - class com.almasb.fxgl.localization.LocalizationService
09:29:56.477 [FXGL Background Thread 3 ] DEBUG Engine               - class com.almasb.fxgl.app.services.SystemBundleService
09:29:56.477 [FXGL Background Thread 3 ] DEBUG Engine               - class com.almasb.fxgl.profile.SaveLoadService
09:29:56.477 [FXGL Background Thread 3 ] DEBUG Engine               - class com.almasb.fxgl.ui.FXGLUIFactoryServiceProvider
09:29:56.477 [FXGL Background Thread 3 ] DEBUG Engine               - class com.almasb.fxgl.ui.FXGLDialogFactoryServiceProvider
09:29:56.477 [FXGL Background Thread 3 ] DEBUG Engine               - class com.almasb.fxgl.audio.AudioPlayer
09:29:56.477 [FXGL Background Thread 3 ] DEBUG Engine               - class com.almasb.fxgl.notification.impl.NotificationServiceProvider
09:29:56.477 [FXGL Background Thread 3 ] DEBUG Engine               - class com.almasb.fxgl.achievement.AchievementService
09:29:56.477 [FXGL Background Thread 3 ] DEBUG Engine               - class com.almasb.fxgl.cutscene.CutsceneService
09:29:56.477 [FXGL Background Thread 3 ] DEBUG Engine               - class com.almasb.fxgl.minigames.MiniGameService
09:29:56.477 [FXGL Background Thread 3 ] DEBUG Engine               - class com.almasb.fxgl.net.NetService
09:29:56.477 [FXGL Background Thread 3 ] DEBUG Engine               - class com.almasb.fxgl.app.services.UpdaterService
09:29:56.477 [FXGL Background Thread 3 ] DEBUG Engine               - class com.almasb.fxgl.dev.DevService
09:30:21.028 [JavaFX Application Thread] DEBUG FXGLApplication      - Exiting FXGL
09:30:21.028 [JavaFX Application Thread] DEBUG LoopRunner           - Stopping loop
09:30:21.028 [JavaFX Application Thread] DEBUG SystemBundleService  - Saving FXGL system data
09:30:21.029 [JavaFX Application Thread] DEBUG FileSystemAccess     - Writing to: D:\Repo\Pokemon\system\fxgl.bundle
09:30:21.031 [JavaFX Application Thread] DEBUG Async                - Shutting down background threads
09:30:21.031 [JavaFX Application Thread] DEBUG PrimaryStageWindow   - Closing main window
09:30:21.040 [JavaFX Application Thread] DEBUG Logger               - Closing Logger
