22:15:55.652 [main                     ] DEBUG Logger               - Configured Logger
22:15:55.675 [main                     ] DEBUG GameApplication      - Logging settings
Title: Pokemon
Version: 0.1
Width: 1024
Height: 800
Fullscreen: false
Intro: false
Profiling: false
Single step:false
App Mode: DEVELOPER
Menu Key: ESCAPE
Stage Style: DECORATED
Scene Factory: class org.example.pokemon.map.GameApp$1

22:15:55.945 [JavaFX Application Thread] DEBUG FXGLApplication      - Initializing FXGL
22:15:55.949 [JavaFX Application Thread] INFO  Engine               - FXGL-21 (28.12.2023 13.35) on WINDOWS (J:21.0.4 FX:21)
22:15:55.950 [JavaFX Application Thread] DEBUG Engine               - JRE Vendor Name: Oracle Corporation
22:15:55.950 [JavaFX Application Thread] DEBUG Engine               - Running on OS: Windows 11 version 10.0
22:15:55.950 [JavaFX Application Thread] DEBUG Engine               - Architecture: amd64
22:15:55.950 [JavaFX Application Thread] INFO  Engine               - Source code and latest versions at: https://github.com/AlmasB/FXGL
22:15:55.950 [JavaFX Application Thread] INFO  Engine               -       Ask questions and discuss at: https://github.com/AlmasB/FXGL/discussions
22:15:55.950 [JavaFX Application Thread] INFO  Engine               -              Join the FXGL chat at: https://gitter.im/AlmasB/FXGL
22:15:56.002 [JavaFX Application Thread] DEBUG PrimaryStageWindow   - Creating a JavaFX scene
22:15:56.027 [JavaFX Application Thread] DEBUG PrimaryStageWindow   - Target settings size: 1024.0 x 800.0
22:15:56.027 [JavaFX Application Thread] DEBUG PrimaryStageWindow   - Scaled scene size:    1024.0 x 800.0
22:15:56.027 [JavaFX Application Thread] DEBUG PrimaryStageWindow   - Scaled ratio: (1.0, 1.0)
22:15:56.029 [JavaFX Application Thread] DEBUG PrimaryStageWindow   - Set initial scene to FXGLStartupScene
22:15:56.030 [JavaFX Application Thread] DEBUG PrimaryStageWindow   - Opening main window
22:15:56.099 [JavaFX Application Thread] DEBUG PrimaryStageWindow   - Window border size: (14.6666259765625, 37.33331298828125)
22:15:56.099 [JavaFX Application Thread] DEBUG PrimaryStageWindow   - Scaled size: 1024.0 x 800.0
22:15:56.099 [JavaFX Application Thread] DEBUG PrimaryStageWindow   - Scaled ratio: (1.0, 1.0)
22:15:56.099 [JavaFX Application Thread] DEBUG PrimaryStageWindow   - Scene size: 1024.0 x 800.0
22:15:56.099 [JavaFX Application Thread] DEBUG PrimaryStageWindow   - Stage size: 1038.6666259765625 x 837.3333129882812
22:15:56.104 [FXGL Background Thread 1 ] DEBUG Engine               - Initializing environment variables
22:15:56.145 [FXGL Background Thread 1 ] DEBUG FXGLAssetLoaderServi - User app class for loading assets: class org.example.pokemon.map.GameApp
22:15:56.145 [FXGL Background Thread 1 ] DEBUG GameApplicationServi - Applying CSS: fxgl_dark.css
22:15:56.146 [FXGL Background Thread 1 ] DEBUG FXGLAssetLoaderServi - Loading from file system: jar:file:///C:/Java%20Lib/apache-maven-3.8.8/repo/com/github/almasb/fxgl/21/fxgl-21.jar!/fxglassets/ui/css/fxgl_dark.css
22:15:56.193 [FXGL Background Thread 1 ] DEBUG GameApplicationServi - Initializing application scenes
22:15:56.266 [FXGL Background Thread 1 ] DEBUG GameWorld            - Game world initialized
22:15:56.305 [FXGL Background Thread 1 ] DEBUG PhysicsWorld         - Physics world initialized: appHeight=800, physics.ppm=50.0
22:15:56.305 [FXGL Background Thread 1 ] DEBUG PhysicsWorld         - Using strategy: BRUTE_FORCE
22:15:56.308 [FXGL Background Thread 1 ] DEBUG GameScene            - Game scene initialized: 1024x800
22:15:56.465 [FXGL Background Thread 1 ] DEBUG FXGL.DefaultMenu     - createMenuBodyGameMenu()
22:15:56.470 [FXGL Background Thread 1 ] DEBUG FXGL.DefaultMenu     - createOptionsMenu()
22:15:56.477 [FXGL Background Thread 1 ] DEBUG FXGLAssetLoaderServi - Loading from file system: jar:file:///C:/Java%20Lib/apache-maven-3.8.8/repo/com/github/almasb/fxgl/21/fxgl-21.jar!/fxglassets/textures/particles/smoke.png
22:15:56.580 [FXGL Background Thread 1 ] DEBUG FXGLAssetLoaderServi - Loading from file system: jar:file:///C:/Java%20Lib/apache-maven-3.8.8/repo/com/github/almasb/fxgl/21/fxgl-21.jar!/fxglassets/textures/particles/trace_horizontal.png
22:15:56.597 [FXGL Background Thread 1 ] DEBUG GameApplicationServi - Application scenes initialized
22:15:56.604 [FXGL Background Thread 1 ] DEBUG SystemBundleService  - Loading FXGL system data
22:15:56.607 [FXGL Background Thread 1 ] DEBUG FileSystemAccess     - Reading from: D:\Repo\Pokemon\system\fxgl.bundle
22:15:56.612 [FXGL Background Thread 1 ] DEBUG SystemBundleService  - Bundle FXGL: {}
22:15:56.612 [FXGL Background Thread 1 ] DEBUG UpdaterService       - Checking for updates
22:15:56.614 [FXGL Background Thread 4 ] DEBUG FXGLApplication      - Loading fonts
22:15:56.614 [FXGL Background Thread 4 ] DEBUG FXGLAssetLoaderServi - Loading from file system: jar:file:///C:/Java%20Lib/apache-maven-3.8.8/repo/com/github/almasb/fxgl/21/fxgl-21.jar!/fxglassets/ui/fonts/VarelaRound-Regular.ttf
22:15:56.616 [FXGL Background Thread 1 ] DEBUG FXGLApplication      - Loading default localization
22:15:56.616 [FXGL Background Thread 1 ] DEBUG FXGLAssetLoaderServi - Loading from file system: jar:file:///C:/Java%20Lib/apache-maven-3.8.8/repo/com/github/almasb/fxgl/21/fxgl-21.jar!/fxglassets/languages/english.lang
22:15:56.645 [FXGL Background Thread 4 ] DEBUG FXGLAssetLoaderServi - Loading from file system: jar:file:///C:/Java%20Lib/apache-maven-3.8.8/repo/com/github/almasb/fxgl/21/fxgl-21.jar!/fxglassets/ui/fonts/Abel-Regular.ttf
22:15:56.648 [FXGL Background Thread 4 ] DEBUG FXGLAssetLoaderServi - Loading from file system: jar:file:///C:/Java%20Lib/apache-maven-3.8.8/repo/com/github/almasb/fxgl/21/fxgl-21.jar!/fxglassets/ui/fonts/TerminalLandMono-Regular.otf
22:15:56.656 [FXGL Background Thread 4 ] DEBUG FXGLAssetLoaderServi - Loading from file system: jar:file:///C:/Java%20Lib/apache-maven-3.8.8/repo/com/github/almasb/fxgl/21/fxgl-21.jar!/fxglassets/ui/fonts/Courier-Prime.ttf
22:15:56.664 [JavaFX Application Thread] DEBUG FXGLApplication      - Registering font factories with UI factory
22:15:56.679 [FXGL Background Thread 1 ] INFO  FXGLApplication      - FXGL initialization took: 0.575 sec
22:15:56.704 [JavaFX Application Thread] DEBUG Input                - Registered new binding: action0 - W
22:15:56.706 [JavaFX Application Thread] DEBUG Input                - Registered new binding: action1 - A
22:15:56.707 [JavaFX Application Thread] DEBUG Input                - Registered new binding: action2 - S
22:15:56.707 [JavaFX Application Thread] DEBUG Input                - Registered new binding: action3 - D
22:15:56.708 [JavaFX Application Thread] DEBUG Input                - Registered new binding: action4 - Up
22:15:56.709 [JavaFX Application Thread] DEBUG Input                - Registered new binding: action5 - Left
22:15:56.709 [JavaFX Application Thread] DEBUG Input                - Registered new binding: action6 - Down
22:15:56.710 [JavaFX Application Thread] DEBUG Input                - Registered new binding: action7 - Right
22:15:56.711 [JavaFX Application Thread] DEBUG Input                - Registered new binding: action8 - J
22:15:56.711 [JavaFX Application Thread] DEBUG FXGLAssetLoaderServi - Loading from file system: file:/D:/Repo/Pokemon/target/classes/assets/music/BGM.mp3
22:15:56.827 [JavaFX Application Thread] DEBUG AudioPlayer          - Playing music com.almasb.fxgl.audio.Music@4b551aa5
22:15:56.828 [JavaFX Application Thread] DEBUG FXGLAssetLoaderServi - Loading from file system: file:/D:/Repo/Pokemon/target/classes/assets/textures/icon.png
22:15:56.836 [JavaFX Application Thread] DEBUG FXGLAssetLoaderServi - Loading from file system: jar:file:///C:/Java%20Lib/apache-maven-3.8.8/repo/com/github/almasb/fxgl/21/fxgl-21.jar!/fxglassets/textures/fxgl_default_cursor.png
22:15:56.840 [JavaFX Application Thread] DEBUG Input                - Registered new binding: Screenshot - CTRL+8
22:15:56.841 [JavaFX Application Thread] DEBUG Input                - Registered new binding: System info dump - CTRL+9
22:15:56.843 [JavaFX Application Thread] DEBUG Input                - Registered new binding: Restart - CTRL+R
22:15:56.845 [JavaFX Application Thread] DEBUG Input                - Registered new binding: Toggle Debug Camera - CTRL+7
22:15:56.856 [JavaFX Application Thread] DEBUG LoopRunner           - Starting loop
22:15:56.856 [JavaFX Application Thread] DEBUG LoopRunner           - Initializing JavaFX AnimationTimerLoop
22:15:56.864 [JavaFX Application Thread] DEBUG Input                - Clearing active input actions
22:15:56.871 [JavaFX Application Thread] DEBUG GameApplicationServi - Removing overlay from FXGLStartupScene and adding to FXGLMainMenuDummyScene
22:15:56.873 [JavaFX Application Thread] DEBUG PrimaryStageWindow   - FXGLStartupScene -> FXGLMainMenuDummyScene
22:15:56.873 [JavaFX Application Thread] DEBUG PrimaryStageWindow   - Push state: TestMainMenu
22:15:56.873 [JavaFX Application Thread] DEBUG Input                - Clearing active input actions
22:15:56.883 [JavaFX Application Thread] DEBUG GameApplicationServi - Removing overlay from FXGLMainMenuDummyScene and adding to TestMainMenu
22:15:56.883 [JavaFX Application Thread] DEBUG PrimaryStageWindow   - FXGLMainMenuDummyScene -> TestMainMenu
22:15:59.614 [FXGL Background Thread 3 ] DEBUG Engine               - Logging environment variables
22:15:59.614 [FXGL Background Thread 3 ] DEBUG Engine               - achievements: []
22:15:59.614 [FXGL Background Thread 3 ] DEBUG Engine               - actualHeight: 800.0
22:15:59.615 [FXGL Background Thread 3 ] DEBUG Engine               - actualHeightProperty: ReadOnlyDoubleProperty [value: 800.0]
22:15:59.615 [FXGL Background Thread 3 ] DEBUG Engine               - actualWidth: 1024.0
22:15:59.615 [FXGL Background Thread 3 ] DEBUG Engine               - actualWidthProperty: ReadOnlyDoubleProperty [value: 1024.0]
22:15:59.615 [FXGL Background Thread 3 ] DEBUG Engine               - appIcon: icon.png
22:15:59.615 [FXGL Background Thread 3 ] DEBUG Engine               - applicationMode: DEVELOPER
22:15:59.615 [FXGL Background Thread 3 ] DEBUG Engine               - cSSList: [fxgl_dark.css]
22:15:59.615 [FXGL Background Thread 3 ] DEBUG Engine               - collisionDetectionStrategy: BRUTE_FORCE
22:15:59.615 [FXGL Background Thread 3 ] DEBUG Engine               - configClass: Optional.empty
22:15:59.615 [FXGL Background Thread 3 ] DEBUG Engine               - credits: []
22:15:59.615 [FXGL Background Thread 3 ] DEBUG Engine               - defaultCursor: CursorInfo(imageName=fxgl_default_cursor.png, hotspotX=7.0, hotspotY=6.0)
22:15:59.615 [FXGL Background Thread 3 ] DEBUG Engine               - devBBoxColorProperty: ObjectProperty [value: 0xff0000ff]
22:15:59.615 [FXGL Background Thread 3 ] DEBUG Engine               - devEnableDebugCameraProperty: BooleanProperty [value: false]
22:15:59.615 [FXGL Background Thread 3 ] DEBUG Engine               - devSensorColorProperty: ObjectProperty [value: 0xffff00ff]
22:15:59.616 [FXGL Background Thread 3 ] DEBUG Engine               - devShowBBoxProperty: BooleanProperty [value: false]
22:15:59.616 [FXGL Background Thread 3 ] DEBUG Engine               - devShowPositionProperty: BooleanProperty [value: false]
22:15:59.616 [FXGL Background Thread 3 ] DEBUG Engine               - enabledMenuItems: []
22:15:59.616 [FXGL Background Thread 3 ] DEBUG Engine               - engineServices: [class com.almasb.fxgl.app.services.FXGLAssetLoaderService, class com.almasb.fxgl.app.FXGLApplication$GameApplicationService, class com.almasb.fxgl.app.services.FXGLDialogService, class com.almasb.fxgl.app.services.IOTaskExecutorService, class com.almasb.fxgl.io.FileSystemService, class com.almasb.fxgl.localization.LocalizationService, class com.almasb.fxgl.app.services.SystemBundleService, class com.almasb.fxgl.profile.SaveLoadService, class com.almasb.fxgl.ui.FXGLUIFactoryServiceProvider, class com.almasb.fxgl.ui.FXGLDialogFactoryServiceProvider, class com.almasb.fxgl.audio.AudioPlayer, class com.almasb.fxgl.notification.impl.NotificationServiceProvider, class com.almasb.fxgl.achievement.AchievementService, class com.almasb.fxgl.cutscene.CutsceneService, class com.almasb.fxgl.minigames.MiniGameService, class com.almasb.fxgl.net.NetService, class com.almasb.fxgl.app.services.UpdaterService, class com.almasb.fxgl.dev.DevService]
22:15:59.616 [FXGL Background Thread 3 ] DEBUG Engine               - fontGame: Abel-Regular.ttf
22:15:59.616 [FXGL Background Thread 3 ] DEBUG Engine               - fontMono: TerminalLandMono-Regular.otf
22:15:59.616 [FXGL Background Thread 3 ] DEBUG Engine               - fontSizeScaleUI: 1.0
22:15:59.616 [FXGL Background Thread 3 ] DEBUG Engine               - fontText: Courier-Prime.ttf
22:15:59.616 [FXGL Background Thread 3 ] DEBUG Engine               - fontUI: VarelaRound-Regular.ttf
22:15:59.616 [FXGL Background Thread 3 ] DEBUG Engine               - fullScreen: BooleanProperty [value: false]
22:15:59.616 [FXGL Background Thread 3 ] DEBUG Engine               - gameDifficulty: MEDIUM
22:15:59.616 [FXGL Background Thread 3 ] DEBUG Engine               - gameDifficultyProperty: ObjectProperty [value: MEDIUM]
22:15:59.616 [FXGL Background Thread 3 ] DEBUG Engine               - globalMusicVolume: 0.5
22:15:59.616 [FXGL Background Thread 3 ] DEBUG Engine               - globalMusicVolumeProperty: DoubleProperty [value: 0.1]
22:15:59.616 [FXGL Background Thread 3 ] DEBUG Engine               - globalSoundVolume: 0.5
22:15:59.616 [FXGL Background Thread 3 ] DEBUG Engine               - globalSoundVolumeProperty: DoubleProperty [value: 0.5]
22:15:59.616 [FXGL Background Thread 3 ] DEBUG Engine               - height: 800
22:15:59.616 [FXGL Background Thread 3 ] DEBUG Engine               - is3D: false
22:15:59.616 [FXGL Background Thread 3 ] DEBUG Engine               - isAndroid: false
22:15:59.616 [FXGL Background Thread 3 ] DEBUG Engine               - isBrowser: false
22:15:59.616 [FXGL Background Thread 3 ] DEBUG Engine               - isClickFeedbackEnabled: false
22:15:59.616 [FXGL Background Thread 3 ] DEBUG Engine               - isCloseConfirmation: false
22:15:59.616 [FXGL Background Thread 3 ] DEBUG Engine               - isDesktop: true
22:15:59.616 [FXGL Background Thread 3 ] DEBUG Engine               - isDeveloperMenuEnabled: false
22:15:59.616 [FXGL Background Thread 3 ] DEBUG Engine               - isEmbedded: false
22:15:59.616 [FXGL Background Thread 3 ] DEBUG Engine               - isEntityPreloadEnabled: true
22:15:59.616 [FXGL Background Thread 3 ] DEBUG Engine               - isExperimentalTiledLargeMap: false
22:15:59.616 [FXGL Background Thread 3 ] DEBUG Engine               - isFileSystemWriteAllowed: true
22:15:59.616 [FXGL Background Thread 3 ] DEBUG Engine               - isFullScreenAllowed: false
22:15:59.616 [FXGL Background Thread 3 ] DEBUG Engine               - isFullScreenFromStart: false
22:15:59.616 [FXGL Background Thread 3 ] DEBUG Engine               - isGameMenuEnabled: true
22:15:59.616 [FXGL Background Thread 3 ] DEBUG Engine               - isIOS: false
22:15:59.616 [FXGL Background Thread 3 ] DEBUG Engine               - isIntroEnabled: false
22:15:59.616 [FXGL Background Thread 3 ] DEBUG Engine               - isLinux: false
22:15:59.616 [FXGL Background Thread 3 ] DEBUG Engine               - isMac: false
22:15:59.616 [FXGL Background Thread 3 ] DEBUG Engine               - isMainMenuEnabled: true
22:15:59.616 [FXGL Background Thread 3 ] DEBUG Engine               - isManualResizeEnabled: false
22:15:59.616 [FXGL Background Thread 3 ] DEBUG Engine               - isMobile: false
22:15:59.616 [FXGL Background Thread 3 ] DEBUG Engine               - isNative: false
22:15:59.616 [FXGL Background Thread 3 ] DEBUG Engine               - isPauseMusicWhenMinimized: true
22:15:59.616 [FXGL Background Thread 3 ] DEBUG Engine               - isPreserveResizeRatio: false
22:15:59.616 [FXGL Background Thread 3 ] DEBUG Engine               - isProfilingEnabled: false
22:15:59.616 [FXGL Background Thread 3 ] DEBUG Engine               - isScaleAffectedOnResize: true
22:15:59.616 [FXGL Background Thread 3 ] DEBUG Engine               - isSingleStep: false
22:15:59.616 [FXGL Background Thread 3 ] DEBUG Engine               - isUserProfileEnabled: false
22:15:59.616 [FXGL Background Thread 3 ] DEBUG Engine               - isWindows: true
22:15:59.616 [FXGL Background Thread 3 ] DEBUG Engine               - language: ObjectProperty [value: ENGLISH]
22:15:59.616 [FXGL Background Thread 3 ] DEBUG Engine               - menuKey: ESCAPE
22:15:59.616 [FXGL Background Thread 3 ] DEBUG Engine               - mouseSensitivity: 0.2
22:15:59.616 [FXGL Background Thread 3 ] DEBUG Engine               - notificationViewClass: class com.almasb.fxgl.notification.view.XboxNotificationView
22:15:59.616 [FXGL Background Thread 3 ] DEBUG Engine               - pixelsPerMeter: 50.0
22:15:59.616 [FXGL Background Thread 3 ] DEBUG Engine               - platform: WINDOWS
22:15:59.616 [FXGL Background Thread 3 ] DEBUG Engine               - prefHeightProperty: ReadOnlyDoubleProperty [value: 800.0]
22:15:59.616 [FXGL Background Thread 3 ] DEBUG Engine               - prefWidthProperty: ReadOnlyDoubleProperty [value: 1024.0]
22:15:59.616 [FXGL Background Thread 3 ] DEBUG Engine               - profileDir: profiles/
22:15:59.616 [FXGL Background Thread 3 ] DEBUG Engine               - profileName: StringProperty [value: DEFAULT]
22:15:59.616 [FXGL Background Thread 3 ] DEBUG Engine               - randomSeed: -1
22:15:59.617 [FXGL Background Thread 3 ] DEBUG Engine               - runtimeInfo: RuntimeInfo(platform=WINDOWS, version=21, build=28.12.2023 13.35)
22:15:59.617 [FXGL Background Thread 3 ] DEBUG Engine               - saveFileExt: sav
22:15:59.617 [FXGL Background Thread 3 ] DEBUG Engine               - scaledHeightProp$fxgl: DoubleProperty [bound, value: 800.0]
22:15:59.617 [FXGL Background Thread 3 ] DEBUG Engine               - scaledWidthProp$fxgl: DoubleProperty [bound, value: 1024.0]
22:15:59.617 [FXGL Background Thread 3 ] DEBUG Engine               - sceneFactory: org.example.pokemon.map.GameApp$1@53e8a0e2
22:15:59.617 [FXGL Background Thread 3 ] DEBUG Engine               - secondsIn24h: 60
22:15:59.617 [FXGL Background Thread 3 ] DEBUG Engine               - soundMenuBack: menu/back.wav
22:15:59.617 [FXGL Background Thread 3 ] DEBUG Engine               - soundMenuPress: menu/press.wav
22:15:59.617 [FXGL Background Thread 3 ] DEBUG Engine               - soundMenuSelect: menu/select.wav
22:15:59.617 [FXGL Background Thread 3 ] DEBUG Engine               - soundNotification: core/notification.wav
22:15:59.617 [FXGL Background Thread 3 ] DEBUG Engine               - stageStyle: DECORATED
22:15:59.617 [FXGL Background Thread 3 ] DEBUG Engine               - supportedLanguages: [ENGLISH, FRENCH, GERMAN, HUNGARIAN, RUSSIAN]
22:15:59.617 [FXGL Background Thread 3 ] DEBUG Engine               - ticksPerSecond: -1
22:15:59.617 [FXGL Background Thread 3 ] DEBUG Engine               - title: Pokemon
22:15:59.617 [FXGL Background Thread 3 ] DEBUG Engine               - urlGithub: https://github.com/AlmasB/FXGL
22:15:59.617 [FXGL Background Thread 3 ] DEBUG Engine               - urlLeaderboard: http://fxgl-top.herokuapp.com/
22:15:59.617 [FXGL Background Thread 3 ] DEBUG Engine               - urlPOM: https://raw.githubusercontent.com/AlmasB/FXGL/release/README.md
22:15:59.617 [FXGL Background Thread 3 ] DEBUG Engine               - userAppClass: class org.example.pokemon.map.GameApp
22:15:59.617 [FXGL Background Thread 3 ] DEBUG Engine               - version: 0.1
22:15:59.617 [FXGL Background Thread 3 ] DEBUG Engine               - versionCheckDays: 7
22:15:59.617 [FXGL Background Thread 3 ] DEBUG Engine               - width: 1024
22:15:59.617 [FXGL Background Thread 3 ] DEBUG Engine               - Logging services
22:15:59.617 [FXGL Background Thread 3 ] DEBUG Engine               - class com.almasb.fxgl.app.services.FXGLAssetLoaderService
22:15:59.617 [FXGL Background Thread 3 ] DEBUG Engine               - class com.almasb.fxgl.app.FXGLApplication$GameApplicationService
22:15:59.617 [FXGL Background Thread 3 ] DEBUG Engine               - class com.almasb.fxgl.app.services.FXGLDialogService
22:15:59.617 [FXGL Background Thread 3 ] DEBUG Engine               - class com.almasb.fxgl.app.services.IOTaskExecutorService
22:15:59.617 [FXGL Background Thread 3 ] DEBUG Engine               - class com.almasb.fxgl.io.FileSystemService
22:15:59.617 [FXGL Background Thread 3 ] DEBUG Engine               - class com.almasb.fxgl.localization.LocalizationService
22:15:59.617 [FXGL Background Thread 3 ] DEBUG Engine               - class com.almasb.fxgl.app.services.SystemBundleService
22:15:59.617 [FXGL Background Thread 3 ] DEBUG Engine               - class com.almasb.fxgl.profile.SaveLoadService
22:15:59.618 [FXGL Background Thread 3 ] DEBUG Engine               - class com.almasb.fxgl.ui.FXGLUIFactoryServiceProvider
22:15:59.618 [FXGL Background Thread 3 ] DEBUG Engine               - class com.almasb.fxgl.ui.FXGLDialogFactoryServiceProvider
22:15:59.618 [FXGL Background Thread 3 ] DEBUG Engine               - class com.almasb.fxgl.audio.AudioPlayer
22:15:59.618 [FXGL Background Thread 3 ] DEBUG Engine               - class com.almasb.fxgl.notification.impl.NotificationServiceProvider
22:15:59.618 [FXGL Background Thread 3 ] DEBUG Engine               - class com.almasb.fxgl.achievement.AchievementService
22:15:59.618 [FXGL Background Thread 3 ] DEBUG Engine               - class com.almasb.fxgl.cutscene.CutsceneService
22:15:59.618 [FXGL Background Thread 3 ] DEBUG Engine               - class com.almasb.fxgl.minigames.MiniGameService
22:15:59.618 [FXGL Background Thread 3 ] DEBUG Engine               - class com.almasb.fxgl.net.NetService
22:15:59.618 [FXGL Background Thread 3 ] DEBUG Engine               - class com.almasb.fxgl.app.services.UpdaterService
22:15:59.618 [FXGL Background Thread 3 ] DEBUG Engine               - class com.almasb.fxgl.dev.DevService
22:16:15.799 [JavaFX Application Thread] DEBUG FXGLApplication      - Exiting FXGL
22:16:15.799 [JavaFX Application Thread] DEBUG LoopRunner           - Stopping loop
22:16:15.799 [JavaFX Application Thread] DEBUG SystemBundleService  - Saving FXGL system data
22:16:15.803 [JavaFX Application Thread] DEBUG FileSystemAccess     - Writing to: D:\Repo\Pokemon\system\fxgl.bundle
22:16:15.805 [JavaFX Application Thread] DEBUG Async                - Shutting down background threads
22:16:15.805 [JavaFX Application Thread] DEBUG PrimaryStageWindow   - Closing main window
22:16:15.815 [JavaFX Application Thread] DEBUG Logger               - Closing Logger
