10:04:28.722 [main                     ] DEBUG Logger               - Configured Logger
10:04:28.754 [main                     ] DEBUG GameApplication      - Logging settings
Title: Pokemon
Version: 0.1
Width: 1024
Height: 800
Fullscreen: false
Intro: false
Profiling: false
Single step:false
App Mode: DEVELOPER
Menu Key: ESCAPE
Stage Style: DECORATED
Scene Factory: class org.example.pokemon.map.GameApp$1

10:04:29.014 [JavaFX Application Thread] DEBUG FXGLApplication      - Initializing FXGL
10:04:29.017 [JavaFX Application Thread] INFO  Engine               - FXGL-21 (28.12.2023 13.35) on WINDOWS (J:21.0.4 FX:21)
10:04:29.018 [JavaFX Application Thread] DEBUG Engine               - JRE Vendor Name: Oracle Corporation
10:04:29.018 [JavaFX Application Thread] DEBUG Engine               - Running on OS: Windows 11 version 10.0
10:04:29.018 [JavaFX Application Thread] DEBUG Engine               - Architecture: amd64
10:04:29.018 [JavaFX Application Thread] INFO  Engine               - Source code and latest versions at: https://github.com/AlmasB/FXGL
10:04:29.018 [JavaFX Application Thread] INFO  Engine               -       Ask questions and discuss at: https://github.com/AlmasB/FXGL/discussions
10:04:29.018 [JavaFX Application Thread] INFO  Engine               -              Join the FXGL chat at: https://gitter.im/AlmasB/FXGL
10:04:29.070 [JavaFX Application Thread] DEBUG PrimaryStageWindow   - Creating a JavaFX scene
10:04:29.097 [JavaFX Application Thread] DEBUG PrimaryStageWindow   - Target settings size: 1024.0 x 800.0
10:04:29.097 [JavaFX Application Thread] DEBUG PrimaryStageWindow   - Scaled scene size:    1024.0 x 800.0
10:04:29.097 [JavaFX Application Thread] DEBUG PrimaryStageWindow   - Scaled ratio: (1.0, 1.0)
10:04:29.097 [JavaFX Application Thread] DEBUG PrimaryStageWindow   - Set initial scene to FXGLStartupScene
10:04:29.100 [JavaFX Application Thread] DEBUG PrimaryStageWindow   - Opening main window
10:04:29.163 [JavaFX Application Thread] DEBUG PrimaryStageWindow   - Window border size: (14.6666259765625, 37.33331298828125)
10:04:29.164 [JavaFX Application Thread] DEBUG PrimaryStageWindow   - Scaled size: 1024.0 x 800.0
10:04:29.164 [JavaFX Application Thread] DEBUG PrimaryStageWindow   - Scaled ratio: (1.0, 1.0)
10:04:29.164 [JavaFX Application Thread] DEBUG PrimaryStageWindow   - Scene size: 1024.0 x 800.0
10:04:29.164 [JavaFX Application Thread] DEBUG PrimaryStageWindow   - Stage size: 1038.6666259765625 x 837.3333129882812
10:04:29.170 [FXGL Background Thread 1 ] DEBUG Engine               - Initializing environment variables
10:04:29.214 [FXGL Background Thread 1 ] DEBUG FXGLAssetLoaderServi - User app class for loading assets: class org.example.pokemon.map.GameApp
10:04:29.214 [FXGL Background Thread 1 ] DEBUG GameApplicationServi - Applying CSS: fxgl_dark.css
10:04:29.215 [FXGL Background Thread 1 ] DEBUG FXGLAssetLoaderServi - Loading from file system: jar:file:///C:/Java%20Lib/apache-maven-3.8.8/repo/com/github/almasb/fxgl/21/fxgl-21.jar!/fxglassets/ui/css/fxgl_dark.css
10:04:29.258 [FXGL Background Thread 1 ] DEBUG GameApplicationServi - Initializing application scenes
10:04:29.345 [FXGL Background Thread 1 ] DEBUG GameWorld            - Game world initialized
10:04:29.382 [FXGL Background Thread 1 ] DEBUG PhysicsWorld         - Physics world initialized: appHeight=800, physics.ppm=50.0
10:04:29.382 [FXGL Background Thread 1 ] DEBUG PhysicsWorld         - Using strategy: BRUTE_FORCE
10:04:29.385 [FXGL Background Thread 1 ] DEBUG GameScene            - Game scene initialized: 1024x800
10:04:29.528 [FXGL Background Thread 1 ] DEBUG FXGL.DefaultMenu     - createMenuBodyGameMenu()
10:04:29.532 [FXGL Background Thread 1 ] DEBUG FXGL.DefaultMenu     - createOptionsMenu()
10:04:29.537 [FXGL Background Thread 1 ] DEBUG FXGLAssetLoaderServi - Loading from file system: jar:file:///C:/Java%20Lib/apache-maven-3.8.8/repo/com/github/almasb/fxgl/21/fxgl-21.jar!/fxglassets/textures/particles/smoke.png
10:04:29.636 [FXGL Background Thread 1 ] DEBUG FXGLAssetLoaderServi - Loading from file system: jar:file:///C:/Java%20Lib/apache-maven-3.8.8/repo/com/github/almasb/fxgl/21/fxgl-21.jar!/fxglassets/textures/particles/trace_horizontal.png
10:04:29.657 [FXGL Background Thread 1 ] DEBUG GameApplicationServi - Application scenes initialized
10:04:29.665 [FXGL Background Thread 1 ] DEBUG SystemBundleService  - Loading FXGL system data
10:04:29.669 [FXGL Background Thread 1 ] DEBUG FileSystemAccess     - Reading from: D:\Repo\Pokemon\system\fxgl.bundle
10:04:29.676 [FXGL Background Thread 1 ] DEBUG SystemBundleService  - Bundle FXGL: {}
10:04:29.676 [FXGL Background Thread 1 ] DEBUG UpdaterService       - Checking for updates
10:04:29.678 [FXGL Background Thread 4 ] DEBUG FXGLApplication      - Loading fonts
10:04:29.679 [FXGL Background Thread 4 ] DEBUG FXGLAssetLoaderServi - Loading from file system: jar:file:///C:/Java%20Lib/apache-maven-3.8.8/repo/com/github/almasb/fxgl/21/fxgl-21.jar!/fxglassets/ui/fonts/VarelaRound-Regular.ttf
10:04:29.681 [FXGL Background Thread 1 ] DEBUG FXGLApplication      - Loading default localization
10:04:29.682 [FXGL Background Thread 1 ] DEBUG FXGLAssetLoaderServi - Loading from file system: jar:file:///C:/Java%20Lib/apache-maven-3.8.8/repo/com/github/almasb/fxgl/21/fxgl-21.jar!/fxglassets/languages/english.lang
10:04:29.710 [FXGL Background Thread 4 ] DEBUG FXGLAssetLoaderServi - Loading from file system: jar:file:///C:/Java%20Lib/apache-maven-3.8.8/repo/com/github/almasb/fxgl/21/fxgl-21.jar!/fxglassets/ui/fonts/Abel-Regular.ttf
10:04:29.712 [FXGL Background Thread 4 ] DEBUG FXGLAssetLoaderServi - Loading from file system: jar:file:///C:/Java%20Lib/apache-maven-3.8.8/repo/com/github/almasb/fxgl/21/fxgl-21.jar!/fxglassets/ui/fonts/TerminalLandMono-Regular.otf
10:04:29.715 [FXGL Background Thread 4 ] DEBUG FXGLAssetLoaderServi - Loading from file system: jar:file:///C:/Java%20Lib/apache-maven-3.8.8/repo/com/github/almasb/fxgl/21/fxgl-21.jar!/fxglassets/ui/fonts/Courier-Prime.ttf
10:04:29.723 [JavaFX Application Thread] DEBUG FXGLApplication      - Registering font factories with UI factory
10:04:29.733 [FXGL Background Thread 1 ] INFO  FXGLApplication      - FXGL initialization took: 0.564 sec
10:04:29.759 [JavaFX Application Thread] DEBUG Input                - Registered new binding: action0 - W
10:04:29.759 [JavaFX Application Thread] DEBUG Input                - Registered new binding: action1 - A
10:04:29.761 [JavaFX Application Thread] DEBUG Input                - Registered new binding: action2 - S
10:04:29.762 [JavaFX Application Thread] DEBUG Input                - Registered new binding: action3 - D
10:04:29.763 [JavaFX Application Thread] DEBUG Input                - Registered new binding: action4 - Up
10:04:29.764 [JavaFX Application Thread] DEBUG Input                - Registered new binding: action5 - Left
10:04:29.765 [JavaFX Application Thread] DEBUG Input                - Registered new binding: action6 - Down
10:04:29.765 [JavaFX Application Thread] DEBUG Input                - Registered new binding: action7 - Right
10:04:29.766 [JavaFX Application Thread] DEBUG Input                - Registered new binding: action8 - J
10:04:29.766 [JavaFX Application Thread] DEBUG FXGLAssetLoaderServi - Loading from file system: file:/D:/Repo/Pokemon/target/classes/assets/music/BGM.mp3
10:04:29.876 [JavaFX Application Thread] DEBUG AudioPlayer          - Playing music com.almasb.fxgl.audio.Music@5f171655
10:04:29.877 [JavaFX Application Thread] DEBUG FXGLAssetLoaderServi - Loading from file system: file:/D:/Repo/Pokemon/target/classes/assets/textures/icon.png
10:04:29.887 [JavaFX Application Thread] DEBUG FXGLAssetLoaderServi - Loading from file system: jar:file:///C:/Java%20Lib/apache-maven-3.8.8/repo/com/github/almasb/fxgl/21/fxgl-21.jar!/fxglassets/textures/fxgl_default_cursor.png
10:04:29.891 [JavaFX Application Thread] DEBUG Input                - Registered new binding: Screenshot - CTRL+8
10:04:29.892 [JavaFX Application Thread] DEBUG Input                - Registered new binding: System info dump - CTRL+9
10:04:29.892 [JavaFX Application Thread] DEBUG Input                - Registered new binding: Restart - CTRL+R
10:04:29.894 [JavaFX Application Thread] DEBUG Input                - Registered new binding: Toggle Debug Camera - CTRL+7
10:04:29.901 [JavaFX Application Thread] DEBUG LoopRunner           - Starting loop
10:04:29.901 [JavaFX Application Thread] DEBUG LoopRunner           - Initializing JavaFX AnimationTimerLoop
10:04:29.908 [JavaFX Application Thread] DEBUG Input                - Clearing active input actions
10:04:29.915 [JavaFX Application Thread] DEBUG GameApplicationServi - Removing overlay from FXGLStartupScene and adding to FXGLMainMenuDummyScene
10:04:29.916 [JavaFX Application Thread] DEBUG PrimaryStageWindow   - FXGLStartupScene -> FXGLMainMenuDummyScene
10:04:29.916 [JavaFX Application Thread] DEBUG PrimaryStageWindow   - Push state: TestMainMenu
10:04:29.917 [JavaFX Application Thread] DEBUG Input                - Clearing active input actions
10:04:29.931 [JavaFX Application Thread] DEBUG GameApplicationServi - Removing overlay from FXGLMainMenuDummyScene and adding to TestMainMenu
10:04:29.931 [JavaFX Application Thread] DEBUG PrimaryStageWindow   - FXGLMainMenuDummyScene -> TestMainMenu
10:04:32.678 [FXGL Background Thread 3 ] DEBUG Engine               - Logging environment variables
10:04:32.678 [FXGL Background Thread 3 ] DEBUG Engine               - achievements: []
10:04:32.678 [FXGL Background Thread 3 ] DEBUG Engine               - actualHeight: 800.0
10:04:32.679 [FXGL Background Thread 3 ] DEBUG Engine               - actualHeightProperty: ReadOnlyDoubleProperty [value: 800.0]
10:04:32.679 [FXGL Background Thread 3 ] DEBUG Engine               - actualWidth: 1024.0
10:04:32.679 [FXGL Background Thread 3 ] DEBUG Engine               - actualWidthProperty: ReadOnlyDoubleProperty [value: 1024.0]
10:04:32.679 [FXGL Background Thread 3 ] DEBUG Engine               - appIcon: icon.png
10:04:32.679 [FXGL Background Thread 3 ] DEBUG Engine               - applicationMode: DEVELOPER
10:04:32.679 [FXGL Background Thread 3 ] DEBUG Engine               - cSSList: [fxgl_dark.css]
10:04:32.679 [FXGL Background Thread 3 ] DEBUG Engine               - collisionDetectionStrategy: BRUTE_FORCE
10:04:32.679 [FXGL Background Thread 3 ] DEBUG Engine               - configClass: Optional.empty
10:04:32.679 [FXGL Background Thread 3 ] DEBUG Engine               - credits: []
10:04:32.679 [FXGL Background Thread 3 ] DEBUG Engine               - defaultCursor: CursorInfo(imageName=fxgl_default_cursor.png, hotspotX=7.0, hotspotY=6.0)
10:04:32.679 [FXGL Background Thread 3 ] DEBUG Engine               - devBBoxColorProperty: ObjectProperty [value: 0xff0000ff]
10:04:32.679 [FXGL Background Thread 3 ] DEBUG Engine               - devEnableDebugCameraProperty: BooleanProperty [value: false]
10:04:32.679 [FXGL Background Thread 3 ] DEBUG Engine               - devSensorColorProperty: ObjectProperty [value: 0xffff00ff]
10:04:32.679 [FXGL Background Thread 3 ] DEBUG Engine               - devShowBBoxProperty: BooleanProperty [value: false]
10:04:32.679 [FXGL Background Thread 3 ] DEBUG Engine               - devShowPositionProperty: BooleanProperty [value: false]
10:04:32.680 [FXGL Background Thread 3 ] DEBUG Engine               - enabledMenuItems: []
10:04:32.680 [FXGL Background Thread 3 ] DEBUG Engine               - engineServices: [class com.almasb.fxgl.app.services.FXGLAssetLoaderService, class com.almasb.fxgl.app.FXGLApplication$GameApplicationService, class com.almasb.fxgl.app.services.FXGLDialogService, class com.almasb.fxgl.app.services.IOTaskExecutorService, class com.almasb.fxgl.io.FileSystemService, class com.almasb.fxgl.localization.LocalizationService, class com.almasb.fxgl.app.services.SystemBundleService, class com.almasb.fxgl.profile.SaveLoadService, class com.almasb.fxgl.ui.FXGLUIFactoryServiceProvider, class com.almasb.fxgl.ui.FXGLDialogFactoryServiceProvider, class com.almasb.fxgl.audio.AudioPlayer, class com.almasb.fxgl.notification.impl.NotificationServiceProvider, class com.almasb.fxgl.achievement.AchievementService, class com.almasb.fxgl.cutscene.CutsceneService, class com.almasb.fxgl.minigames.MiniGameService, class com.almasb.fxgl.net.NetService, class com.almasb.fxgl.app.services.UpdaterService, class com.almasb.fxgl.dev.DevService]
10:04:32.680 [FXGL Background Thread 3 ] DEBUG Engine               - fontGame: Abel-Regular.ttf
10:04:32.680 [FXGL Background Thread 3 ] DEBUG Engine               - fontMono: TerminalLandMono-Regular.otf
10:04:32.680 [FXGL Background Thread 3 ] DEBUG Engine               - fontSizeScaleUI: 1.0
10:04:32.680 [FXGL Background Thread 3 ] DEBUG Engine               - fontText: Courier-Prime.ttf
10:04:32.680 [FXGL Background Thread 3 ] DEBUG Engine               - fontUI: VarelaRound-Regular.ttf
10:04:32.680 [FXGL Background Thread 3 ] DEBUG Engine               - fullScreen: BooleanProperty [value: false]
10:04:32.680 [FXGL Background Thread 3 ] DEBUG Engine               - gameDifficulty: MEDIUM
10:04:32.680 [FXGL Background Thread 3 ] DEBUG Engine               - gameDifficultyProperty: ObjectProperty [value: MEDIUM]
10:04:32.680 [FXGL Background Thread 3 ] DEBUG Engine               - globalMusicVolume: 0.5
10:04:32.680 [FXGL Background Thread 3 ] DEBUG Engine               - globalMusicVolumeProperty: DoubleProperty [value: 0.1]
10:04:32.680 [FXGL Background Thread 3 ] DEBUG Engine               - globalSoundVolume: 0.5
10:04:32.680 [FXGL Background Thread 3 ] DEBUG Engine               - globalSoundVolumeProperty: DoubleProperty [value: 0.5]
10:04:32.680 [FXGL Background Thread 3 ] DEBUG Engine               - height: 800
10:04:32.680 [FXGL Background Thread 3 ] DEBUG Engine               - is3D: false
10:04:32.680 [FXGL Background Thread 3 ] DEBUG Engine               - isAndroid: false
10:04:32.680 [FXGL Background Thread 3 ] DEBUG Engine               - isBrowser: false
10:04:32.680 [FXGL Background Thread 3 ] DEBUG Engine               - isClickFeedbackEnabled: false
10:04:32.680 [FXGL Background Thread 3 ] DEBUG Engine               - isCloseConfirmation: false
10:04:32.680 [FXGL Background Thread 3 ] DEBUG Engine               - isDesktop: true
10:04:32.680 [FXGL Background Thread 3 ] DEBUG Engine               - isDeveloperMenuEnabled: false
10:04:32.680 [FXGL Background Thread 3 ] DEBUG Engine               - isEmbedded: false
10:04:32.680 [FXGL Background Thread 3 ] DEBUG Engine               - isEntityPreloadEnabled: true
10:04:32.680 [FXGL Background Thread 3 ] DEBUG Engine               - isExperimentalTiledLargeMap: false
10:04:32.680 [FXGL Background Thread 3 ] DEBUG Engine               - isFileSystemWriteAllowed: true
10:04:32.680 [FXGL Background Thread 3 ] DEBUG Engine               - isFullScreenAllowed: false
10:04:32.680 [FXGL Background Thread 3 ] DEBUG Engine               - isFullScreenFromStart: false
10:04:32.680 [FXGL Background Thread 3 ] DEBUG Engine               - isGameMenuEnabled: true
10:04:32.680 [FXGL Background Thread 3 ] DEBUG Engine               - isIOS: false
10:04:32.680 [FXGL Background Thread 3 ] DEBUG Engine               - isIntroEnabled: false
10:04:32.680 [FXGL Background Thread 3 ] DEBUG Engine               - isLinux: false
10:04:32.680 [FXGL Background Thread 3 ] DEBUG Engine               - isMac: false
10:04:32.680 [FXGL Background Thread 3 ] DEBUG Engine               - isMainMenuEnabled: true
10:04:32.680 [FXGL Background Thread 3 ] DEBUG Engine               - isManualResizeEnabled: false
10:04:32.680 [FXGL Background Thread 3 ] DEBUG Engine               - isMobile: false
10:04:32.680 [FXGL Background Thread 3 ] DEBUG Engine               - isNative: false
10:04:32.680 [FXGL Background Thread 3 ] DEBUG Engine               - isPauseMusicWhenMinimized: true
10:04:32.680 [FXGL Background Thread 3 ] DEBUG Engine               - isPreserveResizeRatio: false
10:04:32.680 [FXGL Background Thread 3 ] DEBUG Engine               - isProfilingEnabled: false
10:04:32.680 [FXGL Background Thread 3 ] DEBUG Engine               - isScaleAffectedOnResize: true
10:04:32.680 [FXGL Background Thread 3 ] DEBUG Engine               - isSingleStep: false
10:04:32.680 [FXGL Background Thread 3 ] DEBUG Engine               - isUserProfileEnabled: false
10:04:32.680 [FXGL Background Thread 3 ] DEBUG Engine               - isWindows: true
10:04:32.680 [FXGL Background Thread 3 ] DEBUG Engine               - language: ObjectProperty [value: ENGLISH]
10:04:32.680 [FXGL Background Thread 3 ] DEBUG Engine               - menuKey: ESCAPE
10:04:32.680 [FXGL Background Thread 3 ] DEBUG Engine               - mouseSensitivity: 0.2
10:04:32.680 [FXGL Background Thread 3 ] DEBUG Engine               - notificationViewClass: class com.almasb.fxgl.notification.view.XboxNotificationView
10:04:32.680 [FXGL Background Thread 3 ] DEBUG Engine               - pixelsPerMeter: 50.0
10:04:32.680 [FXGL Background Thread 3 ] DEBUG Engine               - platform: WINDOWS
10:04:32.680 [FXGL Background Thread 3 ] DEBUG Engine               - prefHeightProperty: ReadOnlyDoubleProperty [value: 800.0]
10:04:32.680 [FXGL Background Thread 3 ] DEBUG Engine               - prefWidthProperty: ReadOnlyDoubleProperty [value: 1024.0]
10:04:32.680 [FXGL Background Thread 3 ] DEBUG Engine               - profileDir: profiles/
10:04:32.680 [FXGL Background Thread 3 ] DEBUG Engine               - profileName: StringProperty [value: DEFAULT]
10:04:32.680 [FXGL Background Thread 3 ] DEBUG Engine               - randomSeed: -1
10:04:32.680 [FXGL Background Thread 3 ] DEBUG Engine               - runtimeInfo: RuntimeInfo(platform=WINDOWS, version=21, build=28.12.2023 13.35)
10:04:32.680 [FXGL Background Thread 3 ] DEBUG Engine               - saveFileExt: sav
10:04:32.680 [FXGL Background Thread 3 ] DEBUG Engine               - scaledHeightProp$fxgl: DoubleProperty [bound, value: 800.0]
10:04:32.680 [FXGL Background Thread 3 ] DEBUG Engine               - scaledWidthProp$fxgl: DoubleProperty [bound, value: 1024.0]
10:04:32.680 [FXGL Background Thread 3 ] DEBUG Engine               - sceneFactory: org.example.pokemon.map.GameApp$1@4a426885
10:04:32.680 [FXGL Background Thread 3 ] DEBUG Engine               - secondsIn24h: 60
10:04:32.680 [FXGL Background Thread 3 ] DEBUG Engine               - soundMenuBack: menu/back.wav
10:04:32.680 [FXGL Background Thread 3 ] DEBUG Engine               - soundMenuPress: menu/press.wav
10:04:32.680 [FXGL Background Thread 3 ] DEBUG Engine               - soundMenuSelect: menu/select.wav
10:04:32.680 [FXGL Background Thread 3 ] DEBUG Engine               - soundNotification: core/notification.wav
10:04:32.680 [FXGL Background Thread 3 ] DEBUG Engine               - stageStyle: DECORATED
10:04:32.680 [FXGL Background Thread 3 ] DEBUG Engine               - supportedLanguages: [ENGLISH, FRENCH, GERMAN, HUNGARIAN, RUSSIAN]
10:04:32.680 [FXGL Background Thread 3 ] DEBUG Engine               - ticksPerSecond: -1
10:04:32.680 [FXGL Background Thread 3 ] DEBUG Engine               - title: Pokemon
10:04:32.680 [FXGL Background Thread 3 ] DEBUG Engine               - urlGithub: https://github.com/AlmasB/FXGL
10:04:32.680 [FXGL Background Thread 3 ] DEBUG Engine               - urlLeaderboard: http://fxgl-top.herokuapp.com/
10:04:32.680 [FXGL Background Thread 3 ] DEBUG Engine               - urlPOM: https://raw.githubusercontent.com/AlmasB/FXGL/release/README.md
10:04:32.680 [FXGL Background Thread 3 ] DEBUG Engine               - userAppClass: class org.example.pokemon.map.GameApp
10:04:32.682 [FXGL Background Thread 3 ] DEBUG Engine               - version: 0.1
10:04:32.682 [FXGL Background Thread 3 ] DEBUG Engine               - versionCheckDays: 7
10:04:32.682 [FXGL Background Thread 3 ] DEBUG Engine               - width: 1024
10:04:32.682 [FXGL Background Thread 3 ] DEBUG Engine               - Logging services
10:04:32.682 [FXGL Background Thread 3 ] DEBUG Engine               - class com.almasb.fxgl.app.services.FXGLAssetLoaderService
10:04:32.682 [FXGL Background Thread 3 ] DEBUG Engine               - class com.almasb.fxgl.app.FXGLApplication$GameApplicationService
10:04:32.682 [FXGL Background Thread 3 ] DEBUG Engine               - class com.almasb.fxgl.app.services.FXGLDialogService
10:04:32.682 [FXGL Background Thread 3 ] DEBUG Engine               - class com.almasb.fxgl.app.services.IOTaskExecutorService
10:04:32.682 [FXGL Background Thread 3 ] DEBUG Engine               - class com.almasb.fxgl.io.FileSystemService
10:04:32.682 [FXGL Background Thread 3 ] DEBUG Engine               - class com.almasb.fxgl.localization.LocalizationService
10:04:32.682 [FXGL Background Thread 3 ] DEBUG Engine               - class com.almasb.fxgl.app.services.SystemBundleService
10:04:32.682 [FXGL Background Thread 3 ] DEBUG Engine               - class com.almasb.fxgl.profile.SaveLoadService
10:04:32.682 [FXGL Background Thread 3 ] DEBUG Engine               - class com.almasb.fxgl.ui.FXGLUIFactoryServiceProvider
10:04:32.682 [FXGL Background Thread 3 ] DEBUG Engine               - class com.almasb.fxgl.ui.FXGLDialogFactoryServiceProvider
10:04:32.682 [FXGL Background Thread 3 ] DEBUG Engine               - class com.almasb.fxgl.audio.AudioPlayer
10:04:32.682 [FXGL Background Thread 3 ] DEBUG Engine               - class com.almasb.fxgl.notification.impl.NotificationServiceProvider
10:04:32.682 [FXGL Background Thread 3 ] DEBUG Engine               - class com.almasb.fxgl.achievement.AchievementService
10:04:32.682 [FXGL Background Thread 3 ] DEBUG Engine               - class com.almasb.fxgl.cutscene.CutsceneService
10:04:32.682 [FXGL Background Thread 3 ] DEBUG Engine               - class com.almasb.fxgl.minigames.MiniGameService
10:04:32.682 [FXGL Background Thread 3 ] DEBUG Engine               - class com.almasb.fxgl.net.NetService
10:04:32.682 [FXGL Background Thread 3 ] DEBUG Engine               - class com.almasb.fxgl.app.services.UpdaterService
10:04:32.682 [FXGL Background Thread 3 ] DEBUG Engine               - class com.almasb.fxgl.dev.DevService
10:04:33.238 [FXGL Background Thread 2 ] INFO  UpdaterService       - Your current version:  21
10:04:33.238 [FXGL Background Thread 2 ] INFO  UpdaterService       - Latest stable version: 21.1
10:05:03.216 [JavaFX Application Thread] DEBUG FXGLApplication      - Exiting FXGL
10:05:03.216 [JavaFX Application Thread] DEBUG LoopRunner           - Stopping loop
10:05:03.216 [JavaFX Application Thread] DEBUG SystemBundleService  - Saving FXGL system data
10:05:03.217 [JavaFX Application Thread] DEBUG FileSystemAccess     - Writing to: D:\Repo\Pokemon\system\fxgl.bundle
10:05:03.219 [JavaFX Application Thread] DEBUG Async                - Shutting down background threads
10:05:03.219 [JavaFX Application Thread] DEBUG PrimaryStageWindow   - Closing main window
10:05:03.228 [JavaFX Application Thread] DEBUG Logger               - Closing Logger
