09:00:15.088 [main                     ] DEBUG Logger               - Configured Logger
09:00:15.115 [main                     ] DEBUG GameApplication      - Logging settings
Title: Pokemon
Version: 0.1
Width: 1120
Height: 800
Fullscreen: false
Intro: false
Profiling: false
Single step:false
App Mode: DEVELOPER
Menu Key: ESCAPE
Stage Style: DECORATED
Scene Factory: class com.almasb.fxgl.app.scene.SceneFactory

09:00:15.427 [JavaFX Application Thread] DEBUG FXGLApplication      - Initializing FXGL
09:00:15.431 [JavaFX Application Thread] INFO  Engine               - FXGL-21 (28.12.2023 13.35) on WINDOWS (J:21.0.4 FX:21)
09:00:15.431 [JavaFX Application Thread] DEBUG Engine               - JRE Vendor Name: Oracle Corporation
09:00:15.431 [JavaFX Application Thread] DEBUG Engine               - Running on OS: Windows 11 version 10.0
09:00:15.431 [JavaFX Application Thread] DEBUG Engine               - Architecture: amd64
09:00:15.431 [JavaFX Application Thread] INFO  Engine               - Source code and latest versions at: https://github.com/AlmasB/FXGL
09:00:15.431 [JavaFX Application Thread] INFO  Engine               -       Ask questions and discuss at: https://github.com/AlmasB/FXGL/discussions
09:00:15.431 [JavaFX Application Thread] INFO  Engine               -              Join the FXGL chat at: https://gitter.im/AlmasB/FXGL
09:00:15.495 [JavaFX Application Thread] DEBUG PrimaryStageWindow   - Creating a JavaFX scene
09:00:15.533 [JavaFX Application Thread] DEBUG PrimaryStageWindow   - Target settings size: 1120.0 x 800.0
09:00:15.535 [JavaFX Application Thread] DEBUG PrimaryStageWindow   - Scaled scene size:    1120.0 x 800.0
09:00:15.535 [JavaFX Application Thread] DEBUG PrimaryStageWindow   - Scaled ratio: (1.0, 1.0)
09:00:15.536 [JavaFX Application Thread] DEBUG PrimaryStageWindow   - Set initial scene to FXGLStartupScene
09:00:15.538 [JavaFX Application Thread] DEBUG PrimaryStageWindow   - Opening main window
09:00:15.602 [JavaFX Application Thread] DEBUG PrimaryStageWindow   - Window border size: (13.7142333984375, 36.5714111328125)
09:00:15.602 [JavaFX Application Thread] DEBUG PrimaryStageWindow   - Scaled size: 1120.0 x 800.0
09:00:15.602 [JavaFX Application Thread] DEBUG PrimaryStageWindow   - Scaled ratio: (1.0, 1.0)
09:00:15.602 [JavaFX Application Thread] DEBUG PrimaryStageWindow   - Scene size: 1120.0 x 800.0
09:00:15.602 [JavaFX Application Thread] DEBUG PrimaryStageWindow   - Stage size: 1133.7142333984375 x 836.5714111328125
09:00:15.608 [FXGL Background Thread 1 ] DEBUG Engine               - Initializing environment variables
09:00:15.650 [FXGL Background Thread 1 ] DEBUG FXGLAssetLoaderServi - User app class for loading assets: class org.example.pokemon.map.GameApp
09:00:15.650 [FXGL Background Thread 1 ] DEBUG GameApplicationServi - Applying CSS: fxgl_dark.css
09:00:15.652 [FXGL Background Thread 1 ] DEBUG FXGLAssetLoaderServi - Loading from file system: jar:file:///D:/Maven/apache-maven-3.8.8/mavenRepository/com/github/almasb/fxgl/21/fxgl-21.jar!/fxglassets/ui/css/fxgl_dark.css
09:00:15.695 [FXGL Background Thread 1 ] DEBUG GameApplicationServi - Initializing application scenes
09:00:15.744 [FXGL Background Thread 1 ] DEBUG GameWorld            - Game world initialized
09:00:15.780 [FXGL Background Thread 1 ] DEBUG PhysicsWorld         - Physics world initialized: appHeight=800, physics.ppm=50.0
09:00:15.781 [FXGL Background Thread 1 ] DEBUG PhysicsWorld         - Using strategy: BRUTE_FORCE
09:00:15.784 [FXGL Background Thread 1 ] DEBUG GameScene            - Game scene initialized: 1120x800
09:00:15.792 [FXGL Background Thread 1 ] DEBUG FXGL.DefaultMenu     - createMenuBodyGameMenu()
09:00:15.800 [FXGL Background Thread 1 ] DEBUG FXGL.DefaultMenu     - createOptionsMenu()
09:00:15.806 [FXGL Background Thread 1 ] DEBUG FXGLAssetLoaderServi - Loading from file system: jar:file:///D:/Maven/apache-maven-3.8.8/mavenRepository/com/github/almasb/fxgl/21/fxgl-21.jar!/fxglassets/textures/particles/smoke.png
09:00:15.876 [FXGL Background Thread 1 ] DEBUG FXGLAssetLoaderServi - Loading from file system: jar:file:///D:/Maven/apache-maven-3.8.8/mavenRepository/com/github/almasb/fxgl/21/fxgl-21.jar!/fxglassets/textures/particles/trace_horizontal.png
09:00:15.894 [FXGL Background Thread 1 ] DEBUG GameApplicationServi - Application scenes initialized
09:00:15.904 [FXGL Background Thread 1 ] DEBUG SystemBundleService  - Loading FXGL system data
09:00:15.910 [FXGL Background Thread 1 ] DEBUG FileSystemAccess     - Reading from: C:\Users\Kilig\Desktop\Pokemon\system\fxgl.bundle
09:00:15.919 [FXGL Background Thread 1 ] DEBUG SystemBundleService  - Bundle FXGL: {}
09:00:15.919 [FXGL Background Thread 1 ] DEBUG UpdaterService       - Checking for updates
09:00:15.921 [FXGL Background Thread 4 ] DEBUG FXGLApplication      - Loading fonts
09:00:15.922 [FXGL Background Thread 1 ] DEBUG FXGLApplication      - Loading default localization
09:00:15.922 [FXGL Background Thread 4 ] DEBUG FXGLAssetLoaderServi - Loading from file system: jar:file:///D:/Maven/apache-maven-3.8.8/mavenRepository/com/github/almasb/fxgl/21/fxgl-21.jar!/fxglassets/ui/fonts/VarelaRound-Regular.ttf
09:00:15.922 [FXGL Background Thread 1 ] DEBUG FXGLAssetLoaderServi - Loading from file system: jar:file:///D:/Maven/apache-maven-3.8.8/mavenRepository/com/github/almasb/fxgl/21/fxgl-21.jar!/fxglassets/languages/english.lang
09:00:15.940 [FXGL Background Thread 1 ] INFO  FXGLApplication      - FXGL initialization took: 0.332 sec
09:00:15.952 [JavaFX Application Thread] DEBUG Input                - Registered new binding: action0 - W
09:00:15.953 [JavaFX Application Thread] DEBUG Input                - Registered new binding: action1 - A
09:00:15.953 [JavaFX Application Thread] DEBUG Input                - Registered new binding: action2 - S
09:00:15.953 [JavaFX Application Thread] DEBUG Input                - Registered new binding: action3 - D
09:00:15.953 [JavaFX Application Thread] DEBUG Input                - Registered new binding: action4 - Up
09:00:15.953 [JavaFX Application Thread] DEBUG Input                - Registered new binding: action5 - Left
09:00:15.953 [JavaFX Application Thread] DEBUG Input                - Registered new binding: action6 - Down
09:00:15.954 [JavaFX Application Thread] DEBUG Input                - Registered new binding: action7 - Right
09:00:15.954 [JavaFX Application Thread] DEBUG FXGLAssetLoaderServi - Loading from file system: jar:file:///D:/Maven/apache-maven-3.8.8/mavenRepository/com/github/almasb/fxgl/21/fxgl-21.jar!/fxglassets/textures/fxgl_icon.png
09:00:15.956 [FXGL Background Thread 4 ] DEBUG FXGLAssetLoaderServi - Loading from file system: jar:file:///D:/Maven/apache-maven-3.8.8/mavenRepository/com/github/almasb/fxgl/21/fxgl-21.jar!/fxglassets/ui/fonts/Abel-Regular.ttf
09:00:15.968 [JavaFX Application Thread] DEBUG FXGLAssetLoaderServi - Loading from file system: jar:file:///D:/Maven/apache-maven-3.8.8/mavenRepository/com/github/almasb/fxgl/21/fxgl-21.jar!/fxglassets/textures/fxgl_default_cursor.png
09:00:15.970 [FXGL Background Thread 4 ] DEBUG FXGLAssetLoaderServi - Loading from file system: jar:file:///D:/Maven/apache-maven-3.8.8/mavenRepository/com/github/almasb/fxgl/21/fxgl-21.jar!/fxglassets/ui/fonts/TerminalLandMono-Regular.otf
09:00:15.971 [JavaFX Application Thread] DEBUG Input                - Registered new binding: Screenshot - CTRL+8
09:00:15.971 [JavaFX Application Thread] DEBUG Input                - Registered new binding: System info dump - CTRL+9
09:00:15.972 [JavaFX Application Thread] DEBUG Input                - Registered new binding: Restart - CTRL+R
09:00:15.973 [JavaFX Application Thread] DEBUG Input                - Registered new binding: Toggle Debug Camera - CTRL+7
09:00:15.976 [JavaFX Application Thread] DEBUG LoopRunner           - Starting loop
09:00:15.976 [JavaFX Application Thread] DEBUG LoopRunner           - Initializing JavaFX AnimationTimerLoop
09:00:15.977 [JavaFX Application Thread] DEBUG GameApplicationServi - Starting new game
09:00:15.978 [JavaFX Application Thread] DEBUG Input                - Clearing active input actions
09:00:15.980 [FXGL Background Thread 4 ] DEBUG FXGLAssetLoaderServi - Loading from file system: jar:file:///D:/Maven/apache-maven-3.8.8/mavenRepository/com/github/almasb/fxgl/21/fxgl-21.jar!/fxglassets/ui/fonts/Courier-Prime.ttf
09:00:15.989 [JavaFX Application Thread] DEBUG GameApplicationServi - Removing overlay from FXGLStartupScene and adding to FXGLLoadingScene
09:00:15.990 [JavaFX Application Thread] DEBUG PrimaryStageWindow   - FXGLStartupScene -> FXGLLoadingScene
09:00:15.990 [JavaFX Application Thread] DEBUG GameApplicationServi - Clearing previous game
09:00:15.990 [JavaFX Application Thread] DEBUG GameScene            - Clearing game scene
09:00:15.990 [JavaFX Application Thread] DEBUG GameWorld            - Clearing game world
09:00:15.990 [JavaFX Application Thread] DEBUG PhysicsWorld         - Clearing physics world
09:00:15.992 [FXGL Background Thread 1 ] DEBUG FXGLApplication      - Initializing game
09:00:16.029 [FXGL Background Thread 1 ] DEBUG FXGLAssetLoaderServi - Loading from file system: file:/C:/Users/Kilig/Desktop/Pokemon/target/classes/assets/textures/BuLunDan.png
09:00:16.035 [JavaFX Application Thread] DEBUG FXGLApplication      - Registering font factories with UI factory
09:00:16.108 [FXGL Background Thread 1 ] WARN  TMXLevelLoader       - TiledMap generated from 1.8.4. Supported version: 1.9.0. Some features may not be parsed fully.
09:00:16.123 [FXGL Background Thread 1 ] DEBUG TMXLevelLoader       - Parsed TiledMap: file:/C:/Users/Kilig/Desktop/Pokemon/target/classes/assets/levels/level1.tmx
09:00:16.123 [FXGL Background Thread 1 ] DEBUG TMXLevelLoader       - Creating tile layer entities
09:00:16.126 [FXGL Background Thread 1 ] DEBUG TilesetLoader        - Loading view for layer 图块层 1
09:00:16.128 [FXGL Background Thread 1 ] DEBUG TilesetLoader        - Created buffer with size 1024.0x800.0
09:00:16.140 [FXGL Background Thread 1 ] DEBUG TMXLevelLoader       - Creating object layer entities
09:00:16.164 [FXGL Background Thread 1 ] DEBUG GameWorld            - Clearing removable entities
09:00:16.165 [FXGL Background Thread 1 ] DEBUG GameWorld            - Setting level: com.almasb.fxgl.entity.level.Level@9baa638
09:00:16.167 [FXGL Background Thread 1 ] INFO  FXGLApplication      - Game initialization took: 0.175 sec
09:00:16.168 [JavaFX Application Thread] DEBUG Input                - Clearing active input actions
09:00:16.175 [JavaFX Application Thread] DEBUG GameApplicationServi - Removing overlay from FXGLLoadingScene and adding to GameScene
09:00:16.175 [JavaFX Application Thread] DEBUG PrimaryStageWindow   - FXGLLoadingScene -> GameScene
09:00:18.921 [FXGL Background Thread 3 ] DEBUG Engine               - Logging environment variables
09:00:18.923 [FXGL Background Thread 3 ] DEBUG Engine               - achievements: []
09:00:18.923 [FXGL Background Thread 3 ] DEBUG Engine               - actualHeight: 800.0
09:00:18.923 [FXGL Background Thread 3 ] DEBUG Engine               - actualHeightProperty: ReadOnlyDoubleProperty [value: 800.0]
09:00:18.923 [FXGL Background Thread 3 ] DEBUG Engine               - actualWidth: 1120.0
09:00:18.923 [FXGL Background Thread 3 ] DEBUG Engine               - actualWidthProperty: ReadOnlyDoubleProperty [value: 1120.0]
09:00:18.923 [FXGL Background Thread 3 ] DEBUG Engine               - appIcon: fxgl_icon.png
09:00:18.923 [FXGL Background Thread 3 ] DEBUG Engine               - applicationMode: DEVELOPER
09:00:18.923 [FXGL Background Thread 3 ] DEBUG Engine               - cSSList: [fxgl_dark.css]
09:00:18.923 [FXGL Background Thread 3 ] DEBUG Engine               - collisionDetectionStrategy: BRUTE_FORCE
09:00:18.923 [FXGL Background Thread 3 ] DEBUG Engine               - configClass: Optional.empty
09:00:18.923 [FXGL Background Thread 3 ] DEBUG Engine               - credits: []
09:00:18.924 [FXGL Background Thread 3 ] DEBUG Engine               - defaultCursor: CursorInfo(imageName=fxgl_default_cursor.png, hotspotX=7.0, hotspotY=6.0)
09:00:18.924 [FXGL Background Thread 3 ] DEBUG Engine               - devBBoxColorProperty: ObjectProperty [value: 0xff0000ff]
09:00:18.924 [FXGL Background Thread 3 ] DEBUG Engine               - devEnableDebugCameraProperty: BooleanProperty [value: false]
09:00:18.924 [FXGL Background Thread 3 ] DEBUG Engine               - devSensorColorProperty: ObjectProperty [value: 0xffff00ff]
09:00:18.924 [FXGL Background Thread 3 ] DEBUG Engine               - devShowBBoxProperty: BooleanProperty [value: false]
09:00:18.924 [FXGL Background Thread 3 ] DEBUG Engine               - devShowPositionProperty: BooleanProperty [value: false]
09:00:18.924 [FXGL Background Thread 3 ] DEBUG Engine               - enabledMenuItems: []
09:00:18.924 [FXGL Background Thread 3 ] DEBUG Engine               - engineServices: [class com.almasb.fxgl.app.services.FXGLAssetLoaderService, class com.almasb.fxgl.app.FXGLApplication$GameApplicationService, class com.almasb.fxgl.app.services.FXGLDialogService, class com.almasb.fxgl.app.services.IOTaskExecutorService, class com.almasb.fxgl.io.FileSystemService, class com.almasb.fxgl.localization.LocalizationService, class com.almasb.fxgl.app.services.SystemBundleService, class com.almasb.fxgl.profile.SaveLoadService, class com.almasb.fxgl.ui.FXGLUIFactoryServiceProvider, class com.almasb.fxgl.ui.FXGLDialogFactoryServiceProvider, class com.almasb.fxgl.audio.AudioPlayer, class com.almasb.fxgl.notification.impl.NotificationServiceProvider, class com.almasb.fxgl.achievement.AchievementService, class com.almasb.fxgl.cutscene.CutsceneService, class com.almasb.fxgl.minigames.MiniGameService, class com.almasb.fxgl.net.NetService, class com.almasb.fxgl.app.services.UpdaterService, class com.almasb.fxgl.dev.DevService]
09:00:18.924 [FXGL Background Thread 3 ] DEBUG Engine               - fontGame: Abel-Regular.ttf
09:00:18.924 [FXGL Background Thread 3 ] DEBUG Engine               - fontMono: TerminalLandMono-Regular.otf
09:00:18.924 [FXGL Background Thread 3 ] DEBUG Engine               - fontSizeScaleUI: 1.0
09:00:18.924 [FXGL Background Thread 3 ] DEBUG Engine               - fontText: Courier-Prime.ttf
09:00:18.924 [FXGL Background Thread 3 ] DEBUG Engine               - fontUI: VarelaRound-Regular.ttf
09:00:18.925 [FXGL Background Thread 3 ] DEBUG Engine               - fullScreen: BooleanProperty [value: false]
09:00:18.925 [FXGL Background Thread 3 ] DEBUG Engine               - gameDifficulty: MEDIUM
09:00:18.925 [FXGL Background Thread 3 ] DEBUG Engine               - gameDifficultyProperty: ObjectProperty [value: MEDIUM]
09:00:18.925 [FXGL Background Thread 3 ] DEBUG Engine               - globalMusicVolume: 0.5
09:00:18.925 [FXGL Background Thread 3 ] DEBUG Engine               - globalMusicVolumeProperty: DoubleProperty [value: 0.5]
09:00:18.925 [FXGL Background Thread 3 ] DEBUG Engine               - globalSoundVolume: 0.5
09:00:18.925 [FXGL Background Thread 3 ] DEBUG Engine               - globalSoundVolumeProperty: DoubleProperty [value: 0.5]
09:00:18.925 [FXGL Background Thread 3 ] DEBUG Engine               - height: 800
09:00:18.925 [FXGL Background Thread 3 ] DEBUG Engine               - is3D: false
09:00:18.925 [FXGL Background Thread 3 ] DEBUG Engine               - isAndroid: false
09:00:18.925 [FXGL Background Thread 3 ] DEBUG Engine               - isBrowser: false
09:00:18.925 [FXGL Background Thread 3 ] DEBUG Engine               - isClickFeedbackEnabled: false
09:00:18.925 [FXGL Background Thread 3 ] DEBUG Engine               - isCloseConfirmation: false
09:00:18.925 [FXGL Background Thread 3 ] DEBUG Engine               - isDesktop: true
09:00:18.925 [FXGL Background Thread 3 ] DEBUG Engine               - isDeveloperMenuEnabled: false
09:00:18.925 [FXGL Background Thread 3 ] DEBUG Engine               - isEmbedded: false
09:00:18.925 [FXGL Background Thread 3 ] DEBUG Engine               - isEntityPreloadEnabled: true
09:00:18.925 [FXGL Background Thread 3 ] DEBUG Engine               - isExperimentalTiledLargeMap: false
09:00:18.925 [FXGL Background Thread 3 ] DEBUG Engine               - isFileSystemWriteAllowed: true
09:00:18.925 [FXGL Background Thread 3 ] DEBUG Engine               - isFullScreenAllowed: false
09:00:18.925 [FXGL Background Thread 3 ] DEBUG Engine               - isFullScreenFromStart: false
09:00:18.925 [FXGL Background Thread 3 ] DEBUG Engine               - isGameMenuEnabled: true
09:00:18.925 [FXGL Background Thread 3 ] DEBUG Engine               - isIOS: false
09:00:18.925 [FXGL Background Thread 3 ] DEBUG Engine               - isIntroEnabled: false
09:00:18.925 [FXGL Background Thread 3 ] DEBUG Engine               - isLinux: false
09:00:18.925 [FXGL Background Thread 3 ] DEBUG Engine               - isMac: false
09:00:18.925 [FXGL Background Thread 3 ] DEBUG Engine               - isMainMenuEnabled: false
09:00:18.926 [FXGL Background Thread 3 ] DEBUG Engine               - isManualResizeEnabled: false
09:00:18.926 [FXGL Background Thread 3 ] DEBUG Engine               - isMobile: false
09:00:18.926 [FXGL Background Thread 3 ] DEBUG Engine               - isNative: false
09:00:18.926 [FXGL Background Thread 3 ] DEBUG Engine               - isPauseMusicWhenMinimized: true
09:00:18.926 [FXGL Background Thread 3 ] DEBUG Engine               - isPreserveResizeRatio: false
09:00:18.926 [FXGL Background Thread 3 ] DEBUG Engine               - isProfilingEnabled: false
09:00:18.926 [FXGL Background Thread 3 ] DEBUG Engine               - isScaleAffectedOnResize: true
09:00:18.926 [FXGL Background Thread 3 ] DEBUG Engine               - isSingleStep: false
09:00:18.926 [FXGL Background Thread 3 ] DEBUG Engine               - isUserProfileEnabled: false
09:00:18.926 [FXGL Background Thread 3 ] DEBUG Engine               - isWindows: true
09:00:18.926 [FXGL Background Thread 3 ] DEBUG Engine               - language: ObjectProperty [value: ENGLISH]
09:00:18.926 [FXGL Background Thread 3 ] DEBUG Engine               - menuKey: ESCAPE
09:00:18.926 [FXGL Background Thread 3 ] DEBUG Engine               - mouseSensitivity: 0.2
09:00:18.926 [FXGL Background Thread 3 ] DEBUG Engine               - notificationViewClass: class com.almasb.fxgl.notification.view.XboxNotificationView
09:00:18.926 [FXGL Background Thread 3 ] DEBUG Engine               - pixelsPerMeter: 50.0
09:00:18.926 [FXGL Background Thread 3 ] DEBUG Engine               - platform: WINDOWS
09:00:18.926 [FXGL Background Thread 3 ] DEBUG Engine               - prefHeightProperty: ReadOnlyDoubleProperty [value: 800.0]
09:00:18.926 [FXGL Background Thread 3 ] DEBUG Engine               - prefWidthProperty: ReadOnlyDoubleProperty [value: 1120.0]
09:00:18.926 [FXGL Background Thread 3 ] DEBUG Engine               - profileDir: profiles/
09:00:18.926 [FXGL Background Thread 3 ] DEBUG Engine               - profileName: StringProperty [value: DEFAULT]
09:00:18.926 [FXGL Background Thread 3 ] DEBUG Engine               - randomSeed: -1
09:00:18.927 [FXGL Background Thread 3 ] DEBUG Engine               - runtimeInfo: RuntimeInfo(platform=WINDOWS, version=21, build=28.12.2023 13.35)
09:00:18.927 [FXGL Background Thread 3 ] DEBUG Engine               - saveFileExt: sav
09:00:18.927 [FXGL Background Thread 3 ] DEBUG Engine               - scaledHeightProp$fxgl: DoubleProperty [bound, value: 800.0]
09:00:18.927 [FXGL Background Thread 3 ] DEBUG Engine               - scaledWidthProp$fxgl: DoubleProperty [bound, value: 1120.0]
09:00:18.927 [FXGL Background Thread 3 ] DEBUG Engine               - sceneFactory: com.almasb.fxgl.app.scene.SceneFactory@558a1eb4
09:00:18.927 [FXGL Background Thread 3 ] DEBUG Engine               - secondsIn24h: 60
09:00:18.927 [FXGL Background Thread 3 ] DEBUG Engine               - soundMenuBack: menu/back.wav
09:00:18.927 [FXGL Background Thread 3 ] DEBUG Engine               - soundMenuPress: menu/press.wav
09:00:18.927 [FXGL Background Thread 3 ] DEBUG Engine               - soundMenuSelect: menu/select.wav
09:00:18.927 [FXGL Background Thread 3 ] DEBUG Engine               - soundNotification: core/notification.wav
09:00:18.927 [FXGL Background Thread 3 ] DEBUG Engine               - stageStyle: DECORATED
09:00:18.927 [FXGL Background Thread 3 ] DEBUG Engine               - supportedLanguages: [ENGLISH, FRENCH, GERMAN, HUNGARIAN, RUSSIAN]
09:00:18.927 [FXGL Background Thread 3 ] DEBUG Engine               - ticksPerSecond: -1
09:00:18.927 [FXGL Background Thread 3 ] DEBUG Engine               - title: Pokemon
09:00:18.927 [FXGL Background Thread 3 ] DEBUG Engine               - urlGithub: https://github.com/AlmasB/FXGL
09:00:18.927 [FXGL Background Thread 3 ] DEBUG Engine               - urlLeaderboard: http://fxgl-top.herokuapp.com/
09:00:18.927 [FXGL Background Thread 3 ] DEBUG Engine               - urlPOM: https://raw.githubusercontent.com/AlmasB/FXGL/release/README.md
09:00:18.927 [FXGL Background Thread 3 ] DEBUG Engine               - userAppClass: class org.example.pokemon.map.GameApp
09:00:18.927 [FXGL Background Thread 3 ] DEBUG Engine               - version: 0.1
09:00:18.927 [FXGL Background Thread 3 ] DEBUG Engine               - versionCheckDays: 7
09:00:18.927 [FXGL Background Thread 3 ] DEBUG Engine               - width: 1120
09:00:18.927 [FXGL Background Thread 3 ] DEBUG Engine               - Logging services
09:00:18.927 [FXGL Background Thread 3 ] DEBUG Engine               - class com.almasb.fxgl.app.services.FXGLAssetLoaderService
09:00:18.927 [FXGL Background Thread 3 ] DEBUG Engine               - class com.almasb.fxgl.app.FXGLApplication$GameApplicationService
09:00:18.927 [FXGL Background Thread 3 ] DEBUG Engine               - class com.almasb.fxgl.app.services.FXGLDialogService
09:00:18.927 [FXGL Background Thread 3 ] DEBUG Engine               - class com.almasb.fxgl.app.services.IOTaskExecutorService
09:00:18.927 [FXGL Background Thread 3 ] DEBUG Engine               - class com.almasb.fxgl.io.FileSystemService
09:00:18.927 [FXGL Background Thread 3 ] DEBUG Engine               - class com.almasb.fxgl.localization.LocalizationService
09:00:18.927 [FXGL Background Thread 3 ] DEBUG Engine               - class com.almasb.fxgl.app.services.SystemBundleService
09:00:18.927 [FXGL Background Thread 3 ] DEBUG Engine               - class com.almasb.fxgl.profile.SaveLoadService
09:00:18.927 [FXGL Background Thread 3 ] DEBUG Engine               - class com.almasb.fxgl.ui.FXGLUIFactoryServiceProvider
09:00:18.927 [FXGL Background Thread 3 ] DEBUG Engine               - class com.almasb.fxgl.ui.FXGLDialogFactoryServiceProvider
09:00:18.927 [FXGL Background Thread 3 ] DEBUG Engine               - class com.almasb.fxgl.audio.AudioPlayer
09:00:18.927 [FXGL Background Thread 3 ] DEBUG Engine               - class com.almasb.fxgl.notification.impl.NotificationServiceProvider
09:00:18.927 [FXGL Background Thread 3 ] DEBUG Engine               - class com.almasb.fxgl.achievement.AchievementService
09:00:18.927 [FXGL Background Thread 3 ] DEBUG Engine               - class com.almasb.fxgl.cutscene.CutsceneService
09:00:18.927 [FXGL Background Thread 3 ] DEBUG Engine               - class com.almasb.fxgl.minigames.MiniGameService
09:00:18.927 [FXGL Background Thread 3 ] DEBUG Engine               - class com.almasb.fxgl.net.NetService
09:00:18.927 [FXGL Background Thread 3 ] DEBUG Engine               - class com.almasb.fxgl.app.services.UpdaterService
09:00:18.927 [FXGL Background Thread 3 ] DEBUG Engine               - class com.almasb.fxgl.dev.DevService
09:00:20.564 [JavaFX Application Thread] DEBUG FXGLApplication      - Exiting FXGL
09:00:20.564 [JavaFX Application Thread] DEBUG LoopRunner           - Stopping loop
09:00:20.564 [JavaFX Application Thread] DEBUG SystemBundleService  - Saving FXGL system data
09:00:20.568 [JavaFX Application Thread] DEBUG FileSystemAccess     - Writing to: C:\Users\Kilig\Desktop\Pokemon\system\fxgl.bundle
09:00:20.572 [JavaFX Application Thread] DEBUG Async                - Shutting down background threads
09:00:20.572 [JavaFX Application Thread] DEBUG PrimaryStageWindow   - Closing main window
09:00:20.590 [JavaFX Application Thread] DEBUG Logger               - Closing Logger
