13:35:58.181 [main                     ] DEBUG Logger               - Configured Logger
13:35:58.205 [main                     ] DEBUG GameApplication      - Logging settings
Title: Pokemon
Version: 0.1
Width: 1024
Height: 800
Fullscreen: false
Intro: false
Profiling: false
Single step:false
App Mode: DEVELOPER
Menu Key: ESCAPE
Stage Style: DECORATED
Scene Factory: class org.example.pokemon.map.GameApp$1

13:35:58.458 [JavaFX Application Thread] DEBUG FXGLApplication      - Initializing FXGL
13:35:58.461 [JavaFX Application Thread] INFO  Engine               - FXGL-21 (28.12.2023 13.35) on WINDOWS (J:21.0.4 FX:21)
13:35:58.461 [JavaFX Application Thread] DEBUG Engine               - JRE Vendor Name: Oracle Corporation
13:35:58.462 [JavaFX Application Thread] DEBUG Engine               - Running on OS: Windows 11 version 10.0
13:35:58.462 [JavaFX Application Thread] DEBUG Engine               - Architecture: amd64
13:35:58.462 [JavaFX Application Thread] INFO  Engine               - Source code and latest versions at: https://github.com/AlmasB/FXGL
13:35:58.462 [JavaFX Application Thread] INFO  Engine               -       Ask questions and discuss at: https://github.com/AlmasB/FXGL/discussions
13:35:58.462 [JavaFX Application Thread] INFO  Engine               -              Join the FXGL chat at: https://gitter.im/AlmasB/FXGL
13:35:58.512 [JavaFX Application Thread] DEBUG PrimaryStageWindow   - Creating a JavaFX scene
13:35:58.539 [JavaFX Application Thread] DEBUG PrimaryStageWindow   - Target settings size: 1024.0 x 800.0
13:35:58.539 [JavaFX Application Thread] DEBUG PrimaryStageWindow   - Scaled scene size:    1024.0 x 800.0
13:35:58.540 [JavaFX Application Thread] DEBUG PrimaryStageWindow   - Scaled ratio: (1.0, 1.0)
13:35:58.540 [JavaFX Application Thread] DEBUG PrimaryStageWindow   - Set initial scene to FXGLStartupScene
13:35:58.542 [JavaFX Application Thread] DEBUG PrimaryStageWindow   - Opening main window
13:35:58.606 [JavaFX Application Thread] DEBUG PrimaryStageWindow   - Window border size: (14.6666259765625, 37.33331298828125)
13:35:58.606 [JavaFX Application Thread] DEBUG PrimaryStageWindow   - Scaled size: 1024.0 x 800.0
13:35:58.606 [JavaFX Application Thread] DEBUG PrimaryStageWindow   - Scaled ratio: (1.0, 1.0)
13:35:58.606 [JavaFX Application Thread] DEBUG PrimaryStageWindow   - Scene size: 1024.0 x 800.0
13:35:58.606 [JavaFX Application Thread] DEBUG PrimaryStageWindow   - Stage size: 1038.6666259765625 x 837.3333129882812
13:35:58.617 [FXGL Background Thread 1 ] DEBUG Engine               - Initializing environment variables
13:35:58.669 [FXGL Background Thread 1 ] DEBUG FXGLAssetLoaderServi - User app class for loading assets: class org.example.pokemon.map.GameApp
13:35:58.670 [FXGL Background Thread 1 ] DEBUG GameApplicationServi - Applying CSS: fxgl_dark.css
13:35:58.670 [FXGL Background Thread 1 ] DEBUG FXGLAssetLoaderServi - Loading from file system: jar:file:///C:/Java%20Lib/apache-maven-3.8.8/repo/com/github/almasb/fxgl/21/fxgl-21.jar!/fxglassets/ui/css/fxgl_dark.css
13:35:58.716 [FXGL Background Thread 1 ] DEBUG GameApplicationServi - Initializing application scenes
13:35:58.792 [FXGL Background Thread 1 ] DEBUG GameWorld            - Game world initialized
13:35:58.833 [FXGL Background Thread 1 ] DEBUG PhysicsWorld         - Physics world initialized: appHeight=800, physics.ppm=50.0
13:35:58.833 [FXGL Background Thread 1 ] DEBUG PhysicsWorld         - Using strategy: BRUTE_FORCE
13:35:58.836 [FXGL Background Thread 1 ] DEBUG GameScene            - Game scene initialized: 1024x800
13:35:58.990 [FXGL Background Thread 1 ] DEBUG FXGL.DefaultMenu     - createMenuBodyGameMenu()
13:35:58.995 [FXGL Background Thread 1 ] DEBUG FXGL.DefaultMenu     - createOptionsMenu()
13:35:59.001 [FXGL Background Thread 1 ] DEBUG FXGLAssetLoaderServi - Loading from file system: jar:file:///C:/Java%20Lib/apache-maven-3.8.8/repo/com/github/almasb/fxgl/21/fxgl-21.jar!/fxglassets/textures/particles/smoke.png
13:35:59.115 [FXGL Background Thread 1 ] DEBUG FXGLAssetLoaderServi - Loading from file system: jar:file:///C:/Java%20Lib/apache-maven-3.8.8/repo/com/github/almasb/fxgl/21/fxgl-21.jar!/fxglassets/textures/particles/trace_horizontal.png
13:35:59.133 [FXGL Background Thread 1 ] DEBUG GameApplicationServi - Application scenes initialized
13:35:59.140 [FXGL Background Thread 1 ] DEBUG SystemBundleService  - Loading FXGL system data
13:35:59.144 [FXGL Background Thread 1 ] DEBUG FileSystemAccess     - Reading from: D:\Repo\Pokemon\system\fxgl.bundle
13:35:59.150 [FXGL Background Thread 1 ] DEBUG SystemBundleService  - Bundle FXGL: {}
13:35:59.150 [FXGL Background Thread 1 ] DEBUG UpdaterService       - Checking for updates
13:35:59.154 [FXGL Background Thread 4 ] DEBUG FXGLApplication      - Loading fonts
13:35:59.154 [FXGL Background Thread 4 ] DEBUG FXGLAssetLoaderServi - Loading from file system: jar:file:///C:/Java%20Lib/apache-maven-3.8.8/repo/com/github/almasb/fxgl/21/fxgl-21.jar!/fxglassets/ui/fonts/VarelaRound-Regular.ttf
13:35:59.154 [FXGL Background Thread 1 ] DEBUG FXGLApplication      - Loading default localization
13:35:59.155 [FXGL Background Thread 1 ] DEBUG FXGLAssetLoaderServi - Loading from file system: jar:file:///C:/Java%20Lib/apache-maven-3.8.8/repo/com/github/almasb/fxgl/21/fxgl-21.jar!/fxglassets/languages/english.lang
13:35:59.186 [FXGL Background Thread 4 ] DEBUG FXGLAssetLoaderServi - Loading from file system: jar:file:///C:/Java%20Lib/apache-maven-3.8.8/repo/com/github/almasb/fxgl/21/fxgl-21.jar!/fxglassets/ui/fonts/Abel-Regular.ttf
13:35:59.188 [FXGL Background Thread 4 ] DEBUG FXGLAssetLoaderServi - Loading from file system: jar:file:///C:/Java%20Lib/apache-maven-3.8.8/repo/com/github/almasb/fxgl/21/fxgl-21.jar!/fxglassets/ui/fonts/TerminalLandMono-Regular.otf
13:35:59.191 [FXGL Background Thread 4 ] DEBUG FXGLAssetLoaderServi - Loading from file system: jar:file:///C:/Java%20Lib/apache-maven-3.8.8/repo/com/github/almasb/fxgl/21/fxgl-21.jar!/fxglassets/ui/fonts/Courier-Prime.ttf
13:35:59.199 [JavaFX Application Thread] DEBUG FXGLApplication      - Registering font factories with UI factory
13:35:59.219 [FXGL Background Thread 1 ] INFO  FXGLApplication      - FXGL initialization took: 0.602 sec
13:35:59.246 [JavaFX Application Thread] DEBUG Input                - Registered new binding: action0 - W
13:35:59.247 [JavaFX Application Thread] DEBUG Input                - Registered new binding: action1 - A
13:35:59.248 [JavaFX Application Thread] DEBUG Input                - Registered new binding: action2 - S
13:35:59.249 [JavaFX Application Thread] DEBUG Input                - Registered new binding: action3 - D
13:35:59.250 [JavaFX Application Thread] DEBUG Input                - Registered new binding: action4 - Up
13:35:59.252 [JavaFX Application Thread] DEBUG Input                - Registered new binding: action5 - Left
13:35:59.253 [JavaFX Application Thread] DEBUG Input                - Registered new binding: action6 - Down
13:35:59.254 [JavaFX Application Thread] DEBUG Input                - Registered new binding: action7 - Right
13:35:59.255 [JavaFX Application Thread] DEBUG Input                - Registered new binding: action8 - J
13:35:59.255 [JavaFX Application Thread] DEBUG FXGLAssetLoaderServi - Loading from file system: file:/D:/Repo/Pokemon/target/classes/assets/music/BGM.mp3
13:35:59.383 [JavaFX Application Thread] DEBUG AudioPlayer          - Playing music com.almasb.fxgl.audio.Music@10beea7
13:35:59.384 [JavaFX Application Thread] DEBUG FXGLAssetLoaderServi - Loading from file system: file:/D:/Repo/Pokemon/target/classes/assets/textures/icon.png
13:35:59.395 [JavaFX Application Thread] DEBUG FXGLAssetLoaderServi - Loading from file system: jar:file:///C:/Java%20Lib/apache-maven-3.8.8/repo/com/github/almasb/fxgl/21/fxgl-21.jar!/fxglassets/textures/fxgl_default_cursor.png
13:35:59.402 [JavaFX Application Thread] DEBUG Input                - Registered new binding: Screenshot - CTRL+8
13:35:59.408 [JavaFX Application Thread] DEBUG Input                - Registered new binding: System info dump - CTRL+9
13:35:59.409 [JavaFX Application Thread] DEBUG Input                - Registered new binding: Restart - CTRL+R
13:35:59.410 [JavaFX Application Thread] DEBUG Input                - Registered new binding: Toggle Debug Camera - CTRL+7
13:35:59.414 [JavaFX Application Thread] DEBUG LoopRunner           - Starting loop
13:35:59.414 [JavaFX Application Thread] DEBUG LoopRunner           - Initializing JavaFX AnimationTimerLoop
13:35:59.419 [JavaFX Application Thread] DEBUG Input                - Clearing active input actions
13:35:59.427 [JavaFX Application Thread] DEBUG GameApplicationServi - Removing overlay from FXGLStartupScene and adding to FXGLMainMenuDummyScene
13:35:59.427 [JavaFX Application Thread] DEBUG PrimaryStageWindow   - FXGLStartupScene -> FXGLMainMenuDummyScene
13:35:59.427 [JavaFX Application Thread] DEBUG PrimaryStageWindow   - Push state: TestMainMenu
13:35:59.428 [JavaFX Application Thread] DEBUG Input                - Clearing active input actions
13:35:59.438 [JavaFX Application Thread] DEBUG GameApplicationServi - Removing overlay from FXGLMainMenuDummyScene and adding to TestMainMenu
13:35:59.439 [JavaFX Application Thread] DEBUG PrimaryStageWindow   - FXGLMainMenuDummyScene -> TestMainMenu
13:36:02.155 [FXGL Background Thread 3 ] DEBUG Engine               - Logging environment variables
13:36:02.156 [FXGL Background Thread 3 ] DEBUG Engine               - achievements: []
13:36:02.156 [FXGL Background Thread 3 ] DEBUG Engine               - actualHeight: 800.0
13:36:02.156 [FXGL Background Thread 3 ] DEBUG Engine               - actualHeightProperty: ReadOnlyDoubleProperty [value: 800.0]
13:36:02.156 [FXGL Background Thread 3 ] DEBUG Engine               - actualWidth: 1024.0
13:36:02.156 [FXGL Background Thread 3 ] DEBUG Engine               - actualWidthProperty: ReadOnlyDoubleProperty [value: 1024.0]
13:36:02.156 [FXGL Background Thread 3 ] DEBUG Engine               - appIcon: icon.png
13:36:02.156 [FXGL Background Thread 3 ] DEBUG Engine               - applicationMode: DEVELOPER
13:36:02.156 [FXGL Background Thread 3 ] DEBUG Engine               - cSSList: [fxgl_dark.css]
13:36:02.156 [FXGL Background Thread 3 ] DEBUG Engine               - collisionDetectionStrategy: BRUTE_FORCE
13:36:02.157 [FXGL Background Thread 3 ] DEBUG Engine               - configClass: Optional.empty
13:36:02.157 [FXGL Background Thread 3 ] DEBUG Engine               - credits: []
13:36:02.157 [FXGL Background Thread 3 ] DEBUG Engine               - defaultCursor: CursorInfo(imageName=fxgl_default_cursor.png, hotspotX=7.0, hotspotY=6.0)
13:36:02.157 [FXGL Background Thread 3 ] DEBUG Engine               - devBBoxColorProperty: ObjectProperty [value: 0xff0000ff]
13:36:02.157 [FXGL Background Thread 3 ] DEBUG Engine               - devEnableDebugCameraProperty: BooleanProperty [value: false]
13:36:02.157 [FXGL Background Thread 3 ] DEBUG Engine               - devSensorColorProperty: ObjectProperty [value: 0xffff00ff]
13:36:02.157 [FXGL Background Thread 3 ] DEBUG Engine               - devShowBBoxProperty: BooleanProperty [value: false]
13:36:02.157 [FXGL Background Thread 3 ] DEBUG Engine               - devShowPositionProperty: BooleanProperty [value: false]
13:36:02.158 [FXGL Background Thread 3 ] DEBUG Engine               - enabledMenuItems: []
13:36:02.158 [FXGL Background Thread 3 ] DEBUG Engine               - engineServices: [class com.almasb.fxgl.app.services.FXGLAssetLoaderService, class com.almasb.fxgl.app.FXGLApplication$GameApplicationService, class com.almasb.fxgl.app.services.FXGLDialogService, class com.almasb.fxgl.app.services.IOTaskExecutorService, class com.almasb.fxgl.io.FileSystemService, class com.almasb.fxgl.localization.LocalizationService, class com.almasb.fxgl.app.services.SystemBundleService, class com.almasb.fxgl.profile.SaveLoadService, class com.almasb.fxgl.ui.FXGLUIFactoryServiceProvider, class com.almasb.fxgl.ui.FXGLDialogFactoryServiceProvider, class com.almasb.fxgl.audio.AudioPlayer, class com.almasb.fxgl.notification.impl.NotificationServiceProvider, class com.almasb.fxgl.achievement.AchievementService, class com.almasb.fxgl.cutscene.CutsceneService, class com.almasb.fxgl.minigames.MiniGameService, class com.almasb.fxgl.net.NetService, class com.almasb.fxgl.app.services.UpdaterService, class com.almasb.fxgl.dev.DevService]
13:36:02.158 [FXGL Background Thread 3 ] DEBUG Engine               - fontGame: Abel-Regular.ttf
13:36:02.158 [FXGL Background Thread 3 ] DEBUG Engine               - fontMono: TerminalLandMono-Regular.otf
13:36:02.158 [FXGL Background Thread 3 ] DEBUG Engine               - fontSizeScaleUI: 1.0
13:36:02.158 [FXGL Background Thread 3 ] DEBUG Engine               - fontText: Courier-Prime.ttf
13:36:02.158 [FXGL Background Thread 3 ] DEBUG Engine               - fontUI: VarelaRound-Regular.ttf
13:36:02.158 [FXGL Background Thread 3 ] DEBUG Engine               - fullScreen: BooleanProperty [value: false]
13:36:02.158 [FXGL Background Thread 3 ] DEBUG Engine               - gameDifficulty: MEDIUM
13:36:02.158 [FXGL Background Thread 3 ] DEBUG Engine               - gameDifficultyProperty: ObjectProperty [value: MEDIUM]
13:36:02.159 [FXGL Background Thread 3 ] DEBUG Engine               - globalMusicVolume: 0.5
13:36:02.159 [FXGL Background Thread 3 ] DEBUG Engine               - globalMusicVolumeProperty: DoubleProperty [value: 0.1]
13:36:02.159 [FXGL Background Thread 3 ] DEBUG Engine               - globalSoundVolume: 0.5
13:36:02.159 [FXGL Background Thread 3 ] DEBUG Engine               - globalSoundVolumeProperty: DoubleProperty [value: 0.5]
13:36:02.159 [FXGL Background Thread 3 ] DEBUG Engine               - height: 800
13:36:02.159 [FXGL Background Thread 3 ] DEBUG Engine               - is3D: false
13:36:02.159 [FXGL Background Thread 3 ] DEBUG Engine               - isAndroid: false
13:36:02.159 [FXGL Background Thread 3 ] DEBUG Engine               - isBrowser: false
13:36:02.159 [FXGL Background Thread 3 ] DEBUG Engine               - isClickFeedbackEnabled: false
13:36:02.159 [FXGL Background Thread 3 ] DEBUG Engine               - isCloseConfirmation: false
13:36:02.159 [FXGL Background Thread 3 ] DEBUG Engine               - isDesktop: true
13:36:02.159 [FXGL Background Thread 3 ] DEBUG Engine               - isDeveloperMenuEnabled: false
13:36:02.159 [FXGL Background Thread 3 ] DEBUG Engine               - isEmbedded: false
13:36:02.159 [FXGL Background Thread 3 ] DEBUG Engine               - isEntityPreloadEnabled: true
13:36:02.159 [FXGL Background Thread 3 ] DEBUG Engine               - isExperimentalTiledLargeMap: false
13:36:02.159 [FXGL Background Thread 3 ] DEBUG Engine               - isFileSystemWriteAllowed: true
13:36:02.159 [FXGL Background Thread 3 ] DEBUG Engine               - isFullScreenAllowed: false
13:36:02.159 [FXGL Background Thread 3 ] DEBUG Engine               - isFullScreenFromStart: false
13:36:02.160 [FXGL Background Thread 3 ] DEBUG Engine               - isGameMenuEnabled: true
13:36:02.160 [FXGL Background Thread 3 ] DEBUG Engine               - isIOS: false
13:36:02.160 [FXGL Background Thread 3 ] DEBUG Engine               - isIntroEnabled: false
13:36:02.160 [FXGL Background Thread 3 ] DEBUG Engine               - isLinux: false
13:36:02.160 [FXGL Background Thread 3 ] DEBUG Engine               - isMac: false
13:36:02.160 [FXGL Background Thread 3 ] DEBUG Engine               - isMainMenuEnabled: true
13:36:02.160 [FXGL Background Thread 3 ] DEBUG Engine               - isManualResizeEnabled: false
13:36:02.160 [FXGL Background Thread 3 ] DEBUG Engine               - isMobile: false
13:36:02.160 [FXGL Background Thread 3 ] DEBUG Engine               - isNative: false
13:36:02.160 [FXGL Background Thread 3 ] DEBUG Engine               - isPauseMusicWhenMinimized: true
13:36:02.160 [FXGL Background Thread 3 ] DEBUG Engine               - isPreserveResizeRatio: false
13:36:02.160 [FXGL Background Thread 3 ] DEBUG Engine               - isProfilingEnabled: false
13:36:02.160 [FXGL Background Thread 3 ] DEBUG Engine               - isScaleAffectedOnResize: true
13:36:02.160 [FXGL Background Thread 3 ] DEBUG Engine               - isSingleStep: false
13:36:02.160 [FXGL Background Thread 3 ] DEBUG Engine               - isUserProfileEnabled: false
13:36:02.160 [FXGL Background Thread 3 ] DEBUG Engine               - isWindows: true
13:36:02.160 [FXGL Background Thread 3 ] DEBUG Engine               - language: ObjectProperty [value: ENGLISH]
13:36:02.160 [FXGL Background Thread 3 ] DEBUG Engine               - menuKey: ESCAPE
13:36:02.160 [FXGL Background Thread 3 ] DEBUG Engine               - mouseSensitivity: 0.2
13:36:02.160 [FXGL Background Thread 3 ] DEBUG Engine               - notificationViewClass: class com.almasb.fxgl.notification.view.XboxNotificationView
13:36:02.160 [FXGL Background Thread 3 ] DEBUG Engine               - pixelsPerMeter: 50.0
13:36:02.160 [FXGL Background Thread 3 ] DEBUG Engine               - platform: WINDOWS
13:36:02.160 [FXGL Background Thread 3 ] DEBUG Engine               - prefHeightProperty: ReadOnlyDoubleProperty [value: 800.0]
13:36:02.160 [FXGL Background Thread 3 ] DEBUG Engine               - prefWidthProperty: ReadOnlyDoubleProperty [value: 1024.0]
13:36:02.160 [FXGL Background Thread 3 ] DEBUG Engine               - profileDir: profiles/
13:36:02.160 [FXGL Background Thread 3 ] DEBUG Engine               - profileName: StringProperty [value: DEFAULT]
13:36:02.160 [FXGL Background Thread 3 ] DEBUG Engine               - randomSeed: -1
13:36:02.160 [FXGL Background Thread 3 ] DEBUG Engine               - runtimeInfo: RuntimeInfo(platform=WINDOWS, version=21, build=28.12.2023 13.35)
13:36:02.161 [FXGL Background Thread 3 ] DEBUG Engine               - saveFileExt: sav
13:36:02.161 [FXGL Background Thread 3 ] DEBUG Engine               - scaledHeightProp$fxgl: DoubleProperty [bound, value: 800.0]
13:36:02.161 [FXGL Background Thread 3 ] DEBUG Engine               - scaledWidthProp$fxgl: DoubleProperty [bound, value: 1024.0]
13:36:02.161 [FXGL Background Thread 3 ] DEBUG Engine               - sceneFactory: org.example.pokemon.map.GameApp$1@55c51c3f
13:36:02.161 [FXGL Background Thread 3 ] DEBUG Engine               - secondsIn24h: 60
13:36:02.161 [FXGL Background Thread 3 ] DEBUG Engine               - soundMenuBack: menu/back.wav
13:36:02.161 [FXGL Background Thread 3 ] DEBUG Engine               - soundMenuPress: menu/press.wav
13:36:02.161 [FXGL Background Thread 3 ] DEBUG Engine               - soundMenuSelect: menu/select.wav
13:36:02.161 [FXGL Background Thread 3 ] DEBUG Engine               - soundNotification: core/notification.wav
13:36:02.161 [FXGL Background Thread 3 ] DEBUG Engine               - stageStyle: DECORATED
13:36:02.161 [FXGL Background Thread 3 ] DEBUG Engine               - supportedLanguages: [ENGLISH, FRENCH, GERMAN, HUNGARIAN, RUSSIAN]
13:36:02.161 [FXGL Background Thread 3 ] DEBUG Engine               - ticksPerSecond: -1
13:36:02.161 [FXGL Background Thread 3 ] DEBUG Engine               - title: Pokemon
13:36:02.161 [FXGL Background Thread 3 ] DEBUG Engine               - urlGithub: https://github.com/AlmasB/FXGL
13:36:02.161 [FXGL Background Thread 3 ] DEBUG Engine               - urlLeaderboard: http://fxgl-top.herokuapp.com/
13:36:02.161 [FXGL Background Thread 3 ] DEBUG Engine               - urlPOM: https://raw.githubusercontent.com/AlmasB/FXGL/release/README.md
13:36:02.161 [FXGL Background Thread 3 ] DEBUG Engine               - userAppClass: class org.example.pokemon.map.GameApp
13:36:02.161 [FXGL Background Thread 3 ] DEBUG Engine               - version: 0.1
13:36:02.161 [FXGL Background Thread 3 ] DEBUG Engine               - versionCheckDays: 7
13:36:02.161 [FXGL Background Thread 3 ] DEBUG Engine               - width: 1024
13:36:02.161 [FXGL Background Thread 3 ] DEBUG Engine               - Logging services
13:36:02.161 [FXGL Background Thread 3 ] DEBUG Engine               - class com.almasb.fxgl.app.services.FXGLAssetLoaderService
13:36:02.161 [FXGL Background Thread 3 ] DEBUG Engine               - class com.almasb.fxgl.app.FXGLApplication$GameApplicationService
13:36:02.161 [FXGL Background Thread 3 ] DEBUG Engine               - class com.almasb.fxgl.app.services.FXGLDialogService
13:36:02.161 [FXGL Background Thread 3 ] DEBUG Engine               - class com.almasb.fxgl.app.services.IOTaskExecutorService
13:36:02.161 [FXGL Background Thread 3 ] DEBUG Engine               - class com.almasb.fxgl.io.FileSystemService
13:36:02.161 [FXGL Background Thread 3 ] DEBUG Engine               - class com.almasb.fxgl.localization.LocalizationService
13:36:02.161 [FXGL Background Thread 3 ] DEBUG Engine               - class com.almasb.fxgl.app.services.SystemBundleService
13:36:02.161 [FXGL Background Thread 3 ] DEBUG Engine               - class com.almasb.fxgl.profile.SaveLoadService
13:36:02.161 [FXGL Background Thread 3 ] DEBUG Engine               - class com.almasb.fxgl.ui.FXGLUIFactoryServiceProvider
13:36:02.161 [FXGL Background Thread 3 ] DEBUG Engine               - class com.almasb.fxgl.ui.FXGLDialogFactoryServiceProvider
13:36:02.161 [FXGL Background Thread 3 ] DEBUG Engine               - class com.almasb.fxgl.audio.AudioPlayer
13:36:02.161 [FXGL Background Thread 3 ] DEBUG Engine               - class com.almasb.fxgl.notification.impl.NotificationServiceProvider
13:36:02.161 [FXGL Background Thread 3 ] DEBUG Engine               - class com.almasb.fxgl.achievement.AchievementService
13:36:02.161 [FXGL Background Thread 3 ] DEBUG Engine               - class com.almasb.fxgl.cutscene.CutsceneService
13:36:02.161 [FXGL Background Thread 3 ] DEBUG Engine               - class com.almasb.fxgl.minigames.MiniGameService
13:36:02.161 [FXGL Background Thread 3 ] DEBUG Engine               - class com.almasb.fxgl.net.NetService
13:36:02.161 [FXGL Background Thread 3 ] DEBUG Engine               - class com.almasb.fxgl.app.services.UpdaterService
13:36:02.161 [FXGL Background Thread 3 ] DEBUG Engine               - class com.almasb.fxgl.dev.DevService
13:36:30.169 [JavaFX Application Thread] DEBUG GameApplicationServi - Starting new game
13:36:30.169 [JavaFX Application Thread] DEBUG PrimaryStageWindow   - Pop state: TestMainMenu
13:36:30.169 [JavaFX Application Thread] DEBUG Input                - Clearing active input actions
13:36:30.170 [JavaFX Application Thread] DEBUG GameApplicationServi - Removing overlay from TestMainMenu and adding to FXGLMainMenuDummyScene
13:36:30.170 [JavaFX Application Thread] DEBUG PrimaryStageWindow   - FXGLMainMenuDummyScene <- TestMainMenu
13:36:30.170 [JavaFX Application Thread] DEBUG Input                - Clearing active input actions
13:36:30.174 [JavaFX Application Thread] DEBUG GameApplicationServi - Removing overlay from FXGLMainMenuDummyScene and adding to FXGLLoadingScene
13:36:30.175 [JavaFX Application Thread] DEBUG PrimaryStageWindow   - FXGLMainMenuDummyScene -> FXGLLoadingScene
13:36:30.175 [JavaFX Application Thread] DEBUG GameApplicationServi - Clearing previous game
13:36:30.175 [JavaFX Application Thread] DEBUG GameScene            - Clearing game scene
13:36:30.175 [JavaFX Application Thread] DEBUG GameWorld            - Clearing game world
13:36:30.175 [JavaFX Application Thread] DEBUG PhysicsWorld         - Clearing physics world
13:36:30.176 [FXGL Background Thread 1 ] DEBUG FXGLApplication      - Initializing game
13:36:30.191 [FXGL Background Thread 1 ] WARN  TMXLevelLoader       - TiledMap generated from 1.8.4. Supported version: 1.9.0. Some features may not be parsed fully.
13:36:30.210 [FXGL Background Thread 1 ] DEBUG TMXLevelLoader       - Parsed TiledMap: file:/D:/Repo/Pokemon/target/classes/assets/levels/level1.tmx
13:36:30.212 [FXGL Background Thread 1 ] DEBUG TMXLevelLoader       - Creating tile layer entities
13:36:30.214 [FXGL Background Thread 1 ] DEBUG TilesetLoader        - Loading view for layer 图块层 1
13:36:30.219 [FXGL Background Thread 1 ] DEBUG TilesetLoader        - Created buffer with size 1024.0x800.0
13:36:30.231 [FXGL Background Thread 1 ] DEBUG TMXLevelLoader       - Creating object layer entities
13:36:30.300 [FXGL Background Thread 1 ] DEBUG FXGLAssetLoaderServi - Loading from file system: file:/D:/Repo/Pokemon/target/classes/assets/textures/flower.png
13:36:30.318 [FXGL Background Thread 1 ] DEBUG GameWorld            - Clearing removable entities
13:36:30.320 [FXGL Background Thread 1 ] DEBUG GameWorld            - Setting level: com.almasb.fxgl.entity.level.Level@1d788b17
13:36:30.329 [FXGL Background Thread 1 ] DEBUG FXGLAssetLoaderServi - Loading from file system: file:/D:/Repo/Pokemon/target/classes/assets/textures/buLunDan2.png
13:36:30.333 [FXGL Background Thread 1 ] DEBUG FXGLAssetLoaderServi - Loading from file system: file:/D:/Repo/Pokemon/target/classes/assets/textures/RacketTeam.png
13:36:30.335 [FXGL Background Thread 1 ] INFO  FXGLApplication      - Game initialization took: 0.159 sec
13:36:30.335 [JavaFX Application Thread] DEBUG Input                - Clearing active input actions
13:36:30.341 [JavaFX Application Thread] DEBUG GameApplicationServi - Removing overlay from FXGLLoadingScene and adding to GameScene
13:36:30.341 [JavaFX Application Thread] DEBUG PrimaryStageWindow   - FXGLLoadingScene -> GameScene
13:36:44.258 [JavaFX Application Thread] DEBUG FXGLAssetLoaderServi - Loading from file system: file:/D:/Repo/Pokemon/target/classes/assets/textures/hint.png
13:36:46.736 [JavaFX Application Thread] DEBUG PrimaryStageWindow   - Push state: DialogSubScene
13:36:46.736 [JavaFX Application Thread] DEBUG Input                - Clearing active input actions
13:36:46.737 [JavaFX Application Thread] DEBUG GameApplicationServi - Removing overlay from GameScene and adding to DialogSubScene
13:36:46.737 [JavaFX Application Thread] DEBUG PrimaryStageWindow   - GameScene -> DialogSubScene
13:36:48.694 [JavaFX Application Thread] DEBUG PrimaryStageWindow   - Pop state: DialogSubScene
13:36:48.694 [JavaFX Application Thread] DEBUG Input                - Clearing active input actions
13:36:48.694 [JavaFX Application Thread] DEBUG GameApplicationServi - Removing overlay from DialogSubScene and adding to GameScene
13:36:48.694 [JavaFX Application Thread] DEBUG PrimaryStageWindow   - GameScene <- DialogSubScene
13:38:03.783 [JavaFX Application Thread] DEBUG FXGLApplication      - Exiting FXGL
13:38:03.785 [JavaFX Application Thread] DEBUG LoopRunner           - Stopping loop
13:38:03.785 [JavaFX Application Thread] DEBUG SystemBundleService  - Saving FXGL system data
13:38:03.787 [JavaFX Application Thread] DEBUG FileSystemAccess     - Writing to: D:\Repo\Pokemon\system\fxgl.bundle
13:38:03.788 [JavaFX Application Thread] DEBUG Async                - Shutting down background threads
13:38:03.788 [JavaFX Application Thread] DEBUG PrimaryStageWindow   - Closing main window
13:38:03.798 [JavaFX Application Thread] DEBUG Logger               - Closing Logger
