13:14:06.649 [main                     ] DEBUG Logger               - Configured Logger
13:14:06.678 [main                     ] DEBUG GameApplication      - Logging settings
Title: Pokemon
Version: 0.1
Width: 1152
Height: 800
Fullscreen: false
Intro: false
Profiling: false
Single step:false
App Mode: DEVELOPER
Menu Key: ESCAPE
Stage Style: DECORATED
Scene Factory: class com.almasb.fxgl.app.scene.SceneFactory

13:14:06.954 [JavaFX Application Thread] DEBUG FXGLApplication      - Initializing FXGL
13:14:06.958 [JavaFX Application Thread] INFO  Engine               - FXGL-21 (28.12.2023 13.35) on WINDOWS (J:21.0.4 FX:21)
13:14:06.958 [JavaFX Application Thread] DEBUG Engine               - JRE Vendor Name: Oracle Corporation
13:14:06.958 [JavaFX Application Thread] DEBUG Engine               - Running on OS: Windows 11 version 10.0
13:14:06.958 [JavaFX Application Thread] DEBUG Engine               - Architecture: amd64
13:14:06.958 [JavaFX Application Thread] INFO  Engine               - Source code and latest versions at: https://github.com/AlmasB/FXGL
13:14:06.959 [JavaFX Application Thread] INFO  Engine               -       Ask questions and discuss at: https://github.com/AlmasB/FXGL/discussions
13:14:06.959 [JavaFX Application Thread] INFO  Engine               -              Join the FXGL chat at: https://gitter.im/AlmasB/FXGL
13:14:07.035 [JavaFX Application Thread] DEBUG PrimaryStageWindow   - Creating a JavaFX scene
13:14:07.079 [JavaFX Application Thread] DEBUG PrimaryStageWindow   - Target settings size: 1152.0 x 800.0
13:14:07.079 [JavaFX Application Thread] DEBUG PrimaryStageWindow   - Scaled scene size:    1152.0 x 800.0
13:14:07.079 [JavaFX Application Thread] DEBUG PrimaryStageWindow   - Scaled ratio: (1.0, 1.0)
13:14:07.080 [JavaFX Application Thread] DEBUG PrimaryStageWindow   - Set initial scene to FXGLStartupScene
13:14:07.084 [JavaFX Application Thread] DEBUG PrimaryStageWindow   - Opening main window
13:14:07.164 [JavaFX Application Thread] DEBUG PrimaryStageWindow   - Window border size: (14.6666259765625, 37.33331298828125)
13:14:07.165 [JavaFX Application Thread] DEBUG PrimaryStageWindow   - Scaled size: 1152.0 x 800.0
13:14:07.165 [JavaFX Application Thread] DEBUG PrimaryStageWindow   - Scaled ratio: (1.0, 1.0)
13:14:07.165 [JavaFX Application Thread] DEBUG PrimaryStageWindow   - Scene size: 1152.0 x 800.0
13:14:07.165 [JavaFX Application Thread] DEBUG PrimaryStageWindow   - Stage size: 1166.6666259765625 x 837.3333129882812
13:14:07.174 [FXGL Background Thread 1 ] DEBUG Engine               - Initializing environment variables
13:14:07.222 [FXGL Background Thread 1 ] DEBUG FXGLAssetLoaderServi - User app class for loading assets: class org.example.pokemon.map.GameApp
13:14:07.222 [FXGL Background Thread 1 ] DEBUG GameApplicationServi - Applying CSS: fxgl_dark.css
13:14:07.223 [FXGL Background Thread 1 ] DEBUG FXGLAssetLoaderServi - Loading from file system: jar:file:///C:/Java%20Lib/apache-maven-3.8.8/repo/com/github/almasb/fxgl/21/fxgl-21.jar!/fxglassets/ui/css/fxgl_dark.css
13:14:07.280 [FXGL Background Thread 1 ] DEBUG GameApplicationServi - Initializing application scenes
13:14:07.367 [FXGL Background Thread 1 ] DEBUG GameWorld            - Game world initialized
13:14:07.412 [FXGL Background Thread 1 ] DEBUG PhysicsWorld         - Physics world initialized: appHeight=800, physics.ppm=50.0
13:14:07.412 [FXGL Background Thread 1 ] DEBUG PhysicsWorld         - Using strategy: BRUTE_FORCE
13:14:07.415 [FXGL Background Thread 1 ] DEBUG GameScene            - Game scene initialized: 1152x800
13:14:07.421 [FXGL Background Thread 1 ] DEBUG FXGL.DefaultMenu     - createMenuBodyGameMenu()
13:14:07.428 [FXGL Background Thread 1 ] DEBUG FXGL.DefaultMenu     - createOptionsMenu()
13:14:07.435 [FXGL Background Thread 1 ] DEBUG FXGLAssetLoaderServi - Loading from file system: jar:file:///C:/Java%20Lib/apache-maven-3.8.8/repo/com/github/almasb/fxgl/21/fxgl-21.jar!/fxglassets/textures/particles/smoke.png
13:14:07.549 [FXGL Background Thread 1 ] DEBUG FXGLAssetLoaderServi - Loading from file system: jar:file:///C:/Java%20Lib/apache-maven-3.8.8/repo/com/github/almasb/fxgl/21/fxgl-21.jar!/fxglassets/textures/particles/trace_horizontal.png
13:14:07.572 [FXGL Background Thread 1 ] DEBUG GameApplicationServi - Application scenes initialized
13:14:07.585 [FXGL Background Thread 1 ] DEBUG SystemBundleService  - Loading FXGL system data
13:14:07.589 [FXGL Background Thread 1 ] DEBUG FileSystemAccess     - Reading from: D:\Repo\Pokemon\system\fxgl.bundle
13:14:07.601 [FXGL Background Thread 1 ] DEBUG SystemBundleService  - Bundle FXGL: {}
13:14:07.601 [FXGL Background Thread 1 ] DEBUG UpdaterService       - Checking for updates
13:14:07.604 [FXGL Background Thread 4 ] DEBUG FXGLApplication      - Loading fonts
13:14:07.604 [FXGL Background Thread 1 ] DEBUG FXGLApplication      - Loading default localization
13:14:07.604 [FXGL Background Thread 4 ] DEBUG FXGLAssetLoaderServi - Loading from file system: jar:file:///C:/Java%20Lib/apache-maven-3.8.8/repo/com/github/almasb/fxgl/21/fxgl-21.jar!/fxglassets/ui/fonts/VarelaRound-Regular.ttf
13:14:07.604 [FXGL Background Thread 1 ] DEBUG FXGLAssetLoaderServi - Loading from file system: jar:file:///C:/Java%20Lib/apache-maven-3.8.8/repo/com/github/almasb/fxgl/21/fxgl-21.jar!/fxglassets/languages/english.lang
13:14:07.639 [FXGL Background Thread 4 ] DEBUG FXGLAssetLoaderServi - Loading from file system: jar:file:///C:/Java%20Lib/apache-maven-3.8.8/repo/com/github/almasb/fxgl/21/fxgl-21.jar!/fxglassets/ui/fonts/Abel-Regular.ttf
13:14:07.642 [FXGL Background Thread 4 ] DEBUG FXGLAssetLoaderServi - Loading from file system: jar:file:///C:/Java%20Lib/apache-maven-3.8.8/repo/com/github/almasb/fxgl/21/fxgl-21.jar!/fxglassets/ui/fonts/TerminalLandMono-Regular.otf
13:14:07.645 [FXGL Background Thread 4 ] DEBUG FXGLAssetLoaderServi - Loading from file system: jar:file:///C:/Java%20Lib/apache-maven-3.8.8/repo/com/github/almasb/fxgl/21/fxgl-21.jar!/fxglassets/ui/fonts/Courier-Prime.ttf
13:14:07.653 [JavaFX Application Thread] DEBUG FXGLApplication      - Registering font factories with UI factory
13:14:07.675 [FXGL Background Thread 1 ] INFO  FXGLApplication      - FXGL initialization took: 0.501 sec
13:14:07.693 [JavaFX Application Thread] DEBUG Input                - Registered new binding: action0 - W
13:14:07.693 [JavaFX Application Thread] DEBUG Input                - Registered new binding: action1 - A
13:14:07.694 [JavaFX Application Thread] DEBUG Input                - Registered new binding: action2 - S
13:14:07.694 [JavaFX Application Thread] DEBUG Input                - Registered new binding: action3 - D
13:14:07.696 [JavaFX Application Thread] DEBUG Input                - Registered new binding: action4 - Up
13:14:07.696 [JavaFX Application Thread] DEBUG Input                - Registered new binding: action5 - Left
13:14:07.697 [JavaFX Application Thread] DEBUG Input                - Registered new binding: action6 - Down
13:14:07.697 [JavaFX Application Thread] DEBUG Input                - Registered new binding: action7 - Right
13:14:07.697 [JavaFX Application Thread] WARN  FXGLAssetLoaderServi - Asset "/assets/music/BGM.mp3" was not found!
13:14:07.697 [JavaFX Application Thread] WARN  FXGLAssetLoaderServi - Failed to load MUSIC
13:14:07.702 [JavaFX Application Thread] DEBUG AudioPlayer          - Playing music com.almasb.fxgl.audio.Music@4cc6f752
13:14:07.702 [JavaFX Application Thread] DEBUG FXGLAssetLoaderServi - Loading from file system: jar:file:///C:/Java%20Lib/apache-maven-3.8.8/repo/com/github/almasb/fxgl/21/fxgl-21.jar!/fxglassets/textures/fxgl_icon.png
13:14:07.727 [JavaFX Application Thread] DEBUG FXGLAssetLoaderServi - Loading from file system: jar:file:///C:/Java%20Lib/apache-maven-3.8.8/repo/com/github/almasb/fxgl/21/fxgl-21.jar!/fxglassets/textures/fxgl_default_cursor.png
13:14:07.731 [JavaFX Application Thread] DEBUG Input                - Registered new binding: Screenshot - CTRL+8
13:14:07.733 [JavaFX Application Thread] DEBUG Input                - Registered new binding: System info dump - CTRL+9
13:14:07.734 [JavaFX Application Thread] DEBUG Input                - Registered new binding: Restart - CTRL+R
13:14:07.736 [JavaFX Application Thread] DEBUG Input                - Registered new binding: Toggle Debug Camera - CTRL+7
13:14:07.743 [JavaFX Application Thread] DEBUG LoopRunner           - Starting loop
13:14:07.745 [JavaFX Application Thread] DEBUG LoopRunner           - Initializing JavaFX AnimationTimerLoop
13:14:07.748 [JavaFX Application Thread] DEBUG GameApplicationServi - Starting new game
13:14:07.749 [JavaFX Application Thread] DEBUG Input                - Clearing active input actions
13:14:07.763 [JavaFX Application Thread] DEBUG GameApplicationServi - Removing overlay from FXGLStartupScene and adding to FXGLLoadingScene
13:14:07.763 [JavaFX Application Thread] DEBUG PrimaryStageWindow   - FXGLStartupScene -> FXGLLoadingScene
13:14:07.764 [JavaFX Application Thread] DEBUG GameApplicationServi - Clearing previous game
13:14:07.764 [JavaFX Application Thread] DEBUG GameScene            - Clearing game scene
13:14:07.764 [JavaFX Application Thread] DEBUG GameWorld            - Clearing game world
13:14:07.764 [JavaFX Application Thread] DEBUG PhysicsWorld         - Clearing physics world
13:14:07.768 [FXGL Background Thread 1 ] DEBUG FXGLApplication      - Initializing game
13:14:07.793 [FXGL Background Thread 1 ] WARN  FXGLAssetLoaderServi - Asset "/assets/levels/level1.tmx" was not found!
13:14:07.838 [JavaFX Application Thread] DEBUG LoopRunner           - Stopping loop
13:14:07.842 [JavaFX Application Thread] FATAL FXGLApplication      - Uncaught Exception:
java.lang.RuntimeException: Initialization failed
	at com.almasb.fxgl.all@21/com.almasb.fxgl.app.FXGLApplication$InitAppTask.failed(FXGLApplication.kt:343)
	at javafx.graphics@21/javafx.concurrent.Task.setState(Task.java:710)
	at javafx.graphics@21/javafx.concurrent.Task$TaskCallable.lambda$call$2(Task.java:1429)
	at javafx.graphics@21/com.sun.javafx.application.PlatformImpl.lambda$runLater$10(PlatformImpl.java:456)
	at java.base/java.security.AccessController.doPrivileged(AccessController.java:400)
	at javafx.graphics@21/com.sun.javafx.application.PlatformImpl.lambda$runLater$11(PlatformImpl.java:455)
	at javafx.graphics@21/com.sun.glass.ui.InvokeLaterDispatcher$Future.run(InvokeLaterDispatcher.java:95)
	at javafx.graphics@21/com.sun.glass.ui.win.WinApplication._runLoop(Native Method)
	at javafx.graphics@21/com.sun.glass.ui.win.WinApplication.lambda$runLoop$3(WinApplication.java:185)
	at java.base/java.lang.Thread.run(Thread.java:1583)
Caused by: java.lang.IllegalArgumentException: Loading level failed. Asset not found: level1.tmx
	at com.almasb.fxgl.all@21/com.almasb.fxgl.app.services.FXGLAssetLoaderService.loadLevel(FXGLAssetLoaderService.kt:446)
	at com.almasb.fxgl.all@21/com.almasb.fxgl.dsl.FXGL$Companion.setLevelFromMap(FXGL.kt:643)
	at com.almasb.fxgl.all@21/com.almasb.fxgl.dsl.FXGL.setLevelFromMap(FXGL.kt)
	at org.example.pokemon/org.example.pokemon.map.GameApp.initGame(GameApp.java:36)
	at com.almasb.fxgl.all@21/com.almasb.fxgl.app.FXGLApplication$InitAppTask.initGame(FXGLApplication.kt:339)
	at com.almasb.fxgl.all@21/com.almasb.fxgl.app.FXGLApplication$InitAppTask.call(FXGLApplication.kt:319)
	at com.almasb.fxgl.all@21/com.almasb.fxgl.app.FXGLApplication$InitAppTask.call(FXGLApplication.kt:311)
	at javafx.graphics@21/javafx.concurrent.Task$TaskCallable.call(Task.java:1399)
	at java.base/java.util.concurrent.FutureTask.run(FutureTask.java:317)
	at java.base/java.util.concurrent.Executors$RunnableAdapter.call(Executors.java:572)
	at java.base/java.util.concurrent.FutureTask.run(FutureTask.java:317)
	at java.base/java.util.concurrent.ThreadPoolExecutor.runWorker(ThreadPoolExecutor.java:1144)
	at java.base/java.util.concurrent.ThreadPoolExecutor$Worker.run(ThreadPoolExecutor.java:642)
	... 1 more

13:14:07.842 [JavaFX Application Thread] FATAL FXGLApplication      - Application will now exit
13:14:07.871 [JavaFX Application Thread] DEBUG PrimaryStageWindow   - Push state: ErrorSubScene
13:14:07.872 [JavaFX Application Thread] DEBUG Input                - Clearing active input actions
13:14:07.883 [JavaFX Application Thread] DEBUG GameApplicationServi - Removing overlay from FXGLLoadingScene and adding to ErrorSubScene
13:14:07.883 [JavaFX Application Thread] DEBUG PrimaryStageWindow   - FXGLLoadingScene -> ErrorSubScene
13:14:10.604 [FXGL Background Thread 3 ] DEBUG Engine               - Logging environment variables
13:14:10.605 [FXGL Background Thread 3 ] DEBUG Engine               - achievements: []
13:14:10.605 [FXGL Background Thread 3 ] DEBUG Engine               - actualHeight: 800.0
13:14:10.605 [FXGL Background Thread 3 ] DEBUG Engine               - actualHeightProperty: ReadOnlyDoubleProperty [value: 800.0]
13:14:10.605 [FXGL Background Thread 3 ] DEBUG Engine               - actualWidth: 1152.0
13:14:10.605 [FXGL Background Thread 3 ] DEBUG Engine               - actualWidthProperty: ReadOnlyDoubleProperty [value: 1152.0]
13:14:10.605 [FXGL Background Thread 3 ] DEBUG Engine               - appIcon: fxgl_icon.png
13:14:10.605 [FXGL Background Thread 3 ] DEBUG Engine               - applicationMode: DEVELOPER
13:14:10.605 [FXGL Background Thread 3 ] DEBUG Engine               - cSSList: [fxgl_dark.css]
13:14:10.605 [FXGL Background Thread 3 ] DEBUG Engine               - collisionDetectionStrategy: BRUTE_FORCE
13:14:10.605 [FXGL Background Thread 3 ] DEBUG Engine               - configClass: Optional.empty
13:14:10.605 [FXGL Background Thread 3 ] DEBUG Engine               - credits: []
13:14:10.605 [FXGL Background Thread 3 ] DEBUG Engine               - defaultCursor: CursorInfo(imageName=fxgl_default_cursor.png, hotspotX=7.0, hotspotY=6.0)
13:14:10.605 [FXGL Background Thread 3 ] DEBUG Engine               - devBBoxColorProperty: ObjectProperty [value: 0xff0000ff]
13:14:10.605 [FXGL Background Thread 3 ] DEBUG Engine               - devEnableDebugCameraProperty: BooleanProperty [value: false]
13:14:10.606 [FXGL Background Thread 3 ] DEBUG Engine               - devSensorColorProperty: ObjectProperty [value: 0xffff00ff]
13:14:10.606 [FXGL Background Thread 3 ] DEBUG Engine               - devShowBBoxProperty: BooleanProperty [value: false]
13:14:10.606 [FXGL Background Thread 3 ] DEBUG Engine               - devShowPositionProperty: BooleanProperty [value: false]
13:14:10.606 [FXGL Background Thread 3 ] DEBUG Engine               - enabledMenuItems: []
13:14:10.606 [FXGL Background Thread 3 ] DEBUG Engine               - engineServices: [class com.almasb.fxgl.app.services.FXGLAssetLoaderService, class com.almasb.fxgl.app.FXGLApplication$GameApplicationService, class com.almasb.fxgl.app.services.FXGLDialogService, class com.almasb.fxgl.app.services.IOTaskExecutorService, class com.almasb.fxgl.io.FileSystemService, class com.almasb.fxgl.localization.LocalizationService, class com.almasb.fxgl.app.services.SystemBundleService, class com.almasb.fxgl.profile.SaveLoadService, class com.almasb.fxgl.ui.FXGLUIFactoryServiceProvider, class com.almasb.fxgl.ui.FXGLDialogFactoryServiceProvider, class com.almasb.fxgl.audio.AudioPlayer, class com.almasb.fxgl.notification.impl.NotificationServiceProvider, class com.almasb.fxgl.achievement.AchievementService, class com.almasb.fxgl.cutscene.CutsceneService, class com.almasb.fxgl.minigames.MiniGameService, class com.almasb.fxgl.net.NetService, class com.almasb.fxgl.app.services.UpdaterService, class com.almasb.fxgl.dev.DevService]
13:14:10.606 [FXGL Background Thread 3 ] DEBUG Engine               - fontGame: Abel-Regular.ttf
13:14:10.606 [FXGL Background Thread 3 ] DEBUG Engine               - fontMono: TerminalLandMono-Regular.otf
13:14:10.606 [FXGL Background Thread 3 ] DEBUG Engine               - fontSizeScaleUI: 1.0
13:14:10.606 [FXGL Background Thread 3 ] DEBUG Engine               - fontText: Courier-Prime.ttf
13:14:10.606 [FXGL Background Thread 3 ] DEBUG Engine               - fontUI: VarelaRound-Regular.ttf
13:14:10.606 [FXGL Background Thread 3 ] DEBUG Engine               - fullScreen: BooleanProperty [value: false]
13:14:10.606 [FXGL Background Thread 3 ] DEBUG Engine               - gameDifficulty: MEDIUM
13:14:10.606 [FXGL Background Thread 3 ] DEBUG Engine               - gameDifficultyProperty: ObjectProperty [value: MEDIUM]
13:14:10.606 [FXGL Background Thread 3 ] DEBUG Engine               - globalMusicVolume: 0.5
13:14:10.606 [FXGL Background Thread 3 ] DEBUG Engine               - globalMusicVolumeProperty: DoubleProperty [value: 0.4]
13:14:10.607 [FXGL Background Thread 3 ] DEBUG Engine               - globalSoundVolume: 0.5
13:14:10.607 [FXGL Background Thread 3 ] DEBUG Engine               - globalSoundVolumeProperty: DoubleProperty [value: 0.5]
13:14:10.607 [FXGL Background Thread 3 ] DEBUG Engine               - height: 800
13:14:10.607 [FXGL Background Thread 3 ] DEBUG Engine               - is3D: false
13:14:10.607 [FXGL Background Thread 3 ] DEBUG Engine               - isAndroid: false
13:14:10.607 [FXGL Background Thread 3 ] DEBUG Engine               - isBrowser: false
13:14:10.607 [FXGL Background Thread 3 ] DEBUG Engine               - isClickFeedbackEnabled: false
13:14:10.607 [FXGL Background Thread 3 ] DEBUG Engine               - isCloseConfirmation: false
13:14:10.607 [FXGL Background Thread 3 ] DEBUG Engine               - isDesktop: true
13:14:10.607 [FXGL Background Thread 3 ] DEBUG Engine               - isDeveloperMenuEnabled: false
13:14:10.607 [FXGL Background Thread 3 ] DEBUG Engine               - isEmbedded: false
13:14:10.607 [FXGL Background Thread 3 ] DEBUG Engine               - isEntityPreloadEnabled: true
13:14:10.607 [FXGL Background Thread 3 ] DEBUG Engine               - isExperimentalTiledLargeMap: false
13:14:10.607 [FXGL Background Thread 3 ] DEBUG Engine               - isFileSystemWriteAllowed: true
13:14:10.607 [FXGL Background Thread 3 ] DEBUG Engine               - isFullScreenAllowed: false
13:14:10.607 [FXGL Background Thread 3 ] DEBUG Engine               - isFullScreenFromStart: false
13:14:10.607 [FXGL Background Thread 3 ] DEBUG Engine               - isGameMenuEnabled: true
13:14:10.607 [FXGL Background Thread 3 ] DEBUG Engine               - isIOS: false
13:14:10.607 [FXGL Background Thread 3 ] DEBUG Engine               - isIntroEnabled: false
13:14:10.607 [FXGL Background Thread 3 ] DEBUG Engine               - isLinux: false
13:14:10.607 [FXGL Background Thread 3 ] DEBUG Engine               - isMac: false
13:14:10.607 [FXGL Background Thread 3 ] DEBUG Engine               - isMainMenuEnabled: false
13:14:10.607 [FXGL Background Thread 3 ] DEBUG Engine               - isManualResizeEnabled: false
13:14:10.607 [FXGL Background Thread 3 ] DEBUG Engine               - isMobile: false
13:14:10.607 [FXGL Background Thread 3 ] DEBUG Engine               - isNative: false
13:14:10.607 [FXGL Background Thread 3 ] DEBUG Engine               - isPauseMusicWhenMinimized: true
13:14:10.607 [FXGL Background Thread 3 ] DEBUG Engine               - isPreserveResizeRatio: false
13:14:10.607 [FXGL Background Thread 3 ] DEBUG Engine               - isProfilingEnabled: false
13:14:10.607 [FXGL Background Thread 3 ] DEBUG Engine               - isScaleAffectedOnResize: true
13:14:10.607 [FXGL Background Thread 3 ] DEBUG Engine               - isSingleStep: false
13:14:10.607 [FXGL Background Thread 3 ] DEBUG Engine               - isUserProfileEnabled: false
13:14:10.607 [FXGL Background Thread 3 ] DEBUG Engine               - isWindows: true
13:14:10.607 [FXGL Background Thread 3 ] DEBUG Engine               - language: ObjectProperty [value: ENGLISH]
13:14:10.607 [FXGL Background Thread 3 ] DEBUG Engine               - menuKey: ESCAPE
13:14:10.607 [FXGL Background Thread 3 ] DEBUG Engine               - mouseSensitivity: 0.2
13:14:10.607 [FXGL Background Thread 3 ] DEBUG Engine               - notificationViewClass: class com.almasb.fxgl.notification.view.XboxNotificationView
13:14:10.607 [FXGL Background Thread 3 ] DEBUG Engine               - pixelsPerMeter: 50.0
13:14:10.607 [FXGL Background Thread 3 ] DEBUG Engine               - platform: WINDOWS
13:14:10.607 [FXGL Background Thread 3 ] DEBUG Engine               - prefHeightProperty: ReadOnlyDoubleProperty [value: 800.0]
13:14:10.607 [FXGL Background Thread 3 ] DEBUG Engine               - prefWidthProperty: ReadOnlyDoubleProperty [value: 1152.0]
13:14:10.607 [FXGL Background Thread 3 ] DEBUG Engine               - profileDir: profiles/
13:14:10.607 [FXGL Background Thread 3 ] DEBUG Engine               - profileName: StringProperty [value: DEFAULT]
13:14:10.607 [FXGL Background Thread 3 ] DEBUG Engine               - randomSeed: -1
13:14:10.608 [FXGL Background Thread 3 ] DEBUG Engine               - runtimeInfo: RuntimeInfo(platform=WINDOWS, version=21, build=28.12.2023 13.35)
13:14:10.608 [FXGL Background Thread 3 ] DEBUG Engine               - saveFileExt: sav
13:14:10.608 [FXGL Background Thread 3 ] DEBUG Engine               - scaledHeightProp$fxgl: DoubleProperty [bound, value: 800.0]
13:14:10.608 [FXGL Background Thread 3 ] DEBUG Engine               - scaledWidthProp$fxgl: DoubleProperty [bound, value: 1152.0]
13:14:10.608 [FXGL Background Thread 3 ] DEBUG Engine               - sceneFactory: com.almasb.fxgl.app.scene.SceneFactory@64a5647f
13:14:10.608 [FXGL Background Thread 3 ] DEBUG Engine               - secondsIn24h: 60
13:14:10.608 [FXGL Background Thread 3 ] DEBUG Engine               - soundMenuBack: menu/back.wav
13:14:10.608 [FXGL Background Thread 3 ] DEBUG Engine               - soundMenuPress: menu/press.wav
13:14:10.608 [FXGL Background Thread 3 ] DEBUG Engine               - soundMenuSelect: menu/select.wav
13:14:10.608 [FXGL Background Thread 3 ] DEBUG Engine               - soundNotification: core/notification.wav
13:14:10.608 [FXGL Background Thread 3 ] DEBUG Engine               - stageStyle: DECORATED
13:14:10.608 [FXGL Background Thread 3 ] DEBUG Engine               - supportedLanguages: [ENGLISH, FRENCH, GERMAN, HUNGARIAN, RUSSIAN]
13:14:10.608 [FXGL Background Thread 3 ] DEBUG Engine               - ticksPerSecond: -1
13:14:10.608 [FXGL Background Thread 3 ] DEBUG Engine               - title: Pokemon
13:14:10.608 [FXGL Background Thread 3 ] DEBUG Engine               - urlGithub: https://github.com/AlmasB/FXGL
13:14:10.608 [FXGL Background Thread 3 ] DEBUG Engine               - urlLeaderboard: http://fxgl-top.herokuapp.com/
13:14:10.608 [FXGL Background Thread 3 ] DEBUG Engine               - urlPOM: https://raw.githubusercontent.com/AlmasB/FXGL/release/README.md
13:14:10.608 [FXGL Background Thread 3 ] DEBUG Engine               - userAppClass: class org.example.pokemon.map.GameApp
13:14:10.608 [FXGL Background Thread 3 ] DEBUG Engine               - version: 0.1
13:14:10.608 [FXGL Background Thread 3 ] DEBUG Engine               - versionCheckDays: 7
13:14:10.608 [FXGL Background Thread 3 ] DEBUG Engine               - width: 1152
13:14:10.608 [FXGL Background Thread 3 ] DEBUG Engine               - Logging services
13:14:10.608 [FXGL Background Thread 3 ] DEBUG Engine               - class com.almasb.fxgl.app.services.FXGLAssetLoaderService
13:14:10.608 [FXGL Background Thread 3 ] DEBUG Engine               - class com.almasb.fxgl.app.FXGLApplication$GameApplicationService
13:14:10.608 [FXGL Background Thread 3 ] DEBUG Engine               - class com.almasb.fxgl.app.services.FXGLDialogService
13:14:10.608 [FXGL Background Thread 3 ] DEBUG Engine               - class com.almasb.fxgl.app.services.IOTaskExecutorService
13:14:10.608 [FXGL Background Thread 3 ] DEBUG Engine               - class com.almasb.fxgl.io.FileSystemService
13:14:10.608 [FXGL Background Thread 3 ] DEBUG Engine               - class com.almasb.fxgl.localization.LocalizationService
13:14:10.608 [FXGL Background Thread 3 ] DEBUG Engine               - class com.almasb.fxgl.app.services.SystemBundleService
13:14:10.608 [FXGL Background Thread 3 ] DEBUG Engine               - class com.almasb.fxgl.profile.SaveLoadService
13:14:10.608 [FXGL Background Thread 3 ] DEBUG Engine               - class com.almasb.fxgl.ui.FXGLUIFactoryServiceProvider
13:14:10.608 [FXGL Background Thread 3 ] DEBUG Engine               - class com.almasb.fxgl.ui.FXGLDialogFactoryServiceProvider
13:14:10.608 [FXGL Background Thread 3 ] DEBUG Engine               - class com.almasb.fxgl.audio.AudioPlayer
13:14:10.608 [FXGL Background Thread 3 ] DEBUG Engine               - class com.almasb.fxgl.notification.impl.NotificationServiceProvider
13:14:10.608 [FXGL Background Thread 3 ] DEBUG Engine               - class com.almasb.fxgl.achievement.AchievementService
13:14:10.608 [FXGL Background Thread 3 ] DEBUG Engine               - class com.almasb.fxgl.cutscene.CutsceneService
13:14:10.608 [FXGL Background Thread 3 ] DEBUG Engine               - class com.almasb.fxgl.minigames.MiniGameService
13:14:10.608 [FXGL Background Thread 3 ] DEBUG Engine               - class com.almasb.fxgl.net.NetService
13:14:10.608 [FXGL Background Thread 3 ] DEBUG Engine               - class com.almasb.fxgl.app.services.UpdaterService
13:14:10.608 [FXGL Background Thread 3 ] DEBUG Engine               - class com.almasb.fxgl.dev.DevService
13:14:19.750 [JavaFX Application Thread] DEBUG FXGLApplication      - Exiting FXGL
13:14:19.750 [JavaFX Application Thread] DEBUG Async                - Shutting down background threads
13:14:19.751 [JavaFX Application Thread] DEBUG PrimaryStageWindow   - Closing main window
13:14:19.762 [JavaFX Application Thread] DEBUG Logger               - Closing Logger
