18:54:42.622 [main                     ] DEBUG Logger               - Configured Logger
18:54:42.655 [main                     ] DEBUG GameApplication      - Logging settings
Title: Pokemon
Version: 0.1
Width: 1024
Height: 800
Fullscreen: false
Intro: false
Profiling: false
Single step:false
App Mode: DEVELOPER
Menu Key: ESCAPE
Stage Style: DECORATED
Scene Factory: class org.example.pokemon.map.GameApp$1

18:54:42.957 [JavaFX Application Thread] DEBUG FXGLApplication      - Initializing FXGL
18:54:42.962 [JavaFX Application Thread] INFO  Engine               - FXGL-21 (28.12.2023 13.35) on WINDOWS (J:21.0.4 FX:21)
18:54:42.962 [JavaFX Application Thread] DEBUG Engine               - JRE Vendor Name: Oracle Corporation
18:54:42.962 [JavaFX Application Thread] DEBUG Engine               - Running on OS: Windows 11 version 10.0
18:54:42.963 [JavaFX Application Thread] DEBUG Engine               - Architecture: amd64
18:54:42.963 [JavaFX Application Thread] INFO  Engine               - Source code and latest versions at: https://github.com/AlmasB/FXGL
18:54:42.963 [JavaFX Application Thread] INFO  Engine               -       Ask questions and discuss at: https://github.com/AlmasB/FXGL/discussions
18:54:42.963 [JavaFX Application Thread] INFO  Engine               -              Join the FXGL chat at: https://gitter.im/AlmasB/FXGL
18:54:43.043 [JavaFX Application Thread] DEBUG PrimaryStageWindow   - Creating a JavaFX scene
18:54:43.076 [JavaFX Application Thread] DEBUG PrimaryStageWindow   - Target settings size: 1024.0 x 800.0
18:54:43.077 [JavaFX Application Thread] DEBUG PrimaryStageWindow   - Scaled scene size:    1024.0 x 800.0
18:54:43.077 [JavaFX Application Thread] DEBUG PrimaryStageWindow   - Scaled ratio: (1.0, 1.0)
18:54:43.078 [JavaFX Application Thread] DEBUG PrimaryStageWindow   - Set initial scene to FXGLStartupScene
18:54:43.080 [JavaFX Application Thread] DEBUG PrimaryStageWindow   - Opening main window
18:54:43.158 [JavaFX Application Thread] DEBUG PrimaryStageWindow   - Window border size: (14.6666259765625, 37.33331298828125)
18:54:43.159 [JavaFX Application Thread] DEBUG PrimaryStageWindow   - Scaled size: 1024.0 x 800.0
18:54:43.159 [JavaFX Application Thread] DEBUG PrimaryStageWindow   - Scaled ratio: (1.0, 1.0)
18:54:43.159 [JavaFX Application Thread] DEBUG PrimaryStageWindow   - Scene size: 1024.0 x 800.0
18:54:43.159 [JavaFX Application Thread] DEBUG PrimaryStageWindow   - Stage size: 1038.6666259765625 x 837.3333129882812
18:54:43.164 [FXGL Background Thread 1 ] DEBUG Engine               - Initializing environment variables
18:54:43.221 [FXGL Background Thread 1 ] DEBUG FXGLAssetLoaderServi - User app class for loading assets: class org.example.pokemon.map.GameApp
18:54:43.222 [FXGL Background Thread 1 ] DEBUG GameApplicationServi - Applying CSS: fxgl_dark.css
18:54:43.222 [FXGL Background Thread 1 ] DEBUG FXGLAssetLoaderServi - Loading from file system: jar:file:///C:/Java%20Lib/apache-maven-3.8.8/repo/com/github/almasb/fxgl/21/fxgl-21.jar!/fxglassets/ui/css/fxgl_dark.css
18:54:43.263 [FXGL Background Thread 1 ] DEBUG GameApplicationServi - Initializing application scenes
18:54:43.361 [FXGL Background Thread 1 ] DEBUG GameWorld            - Game world initialized
18:54:43.419 [FXGL Background Thread 1 ] DEBUG PhysicsWorld         - Physics world initialized: appHeight=800, physics.ppm=50.0
18:54:43.419 [FXGL Background Thread 1 ] DEBUG PhysicsWorld         - Using strategy: BRUTE_FORCE
18:54:43.423 [FXGL Background Thread 1 ] DEBUG GameScene            - Game scene initialized: 1024x800
18:54:43.628 [FXGL Background Thread 1 ] DEBUG FXGL.DefaultMenu     - createMenuBodyGameMenu()
18:54:43.636 [FXGL Background Thread 1 ] DEBUG FXGL.DefaultMenu     - createOptionsMenu()
18:54:43.645 [FXGL Background Thread 1 ] DEBUG FXGLAssetLoaderServi - Loading from file system: jar:file:///C:/Java%20Lib/apache-maven-3.8.8/repo/com/github/almasb/fxgl/21/fxgl-21.jar!/fxglassets/textures/particles/smoke.png
18:54:43.770 [FXGL Background Thread 1 ] DEBUG FXGLAssetLoaderServi - Loading from file system: jar:file:///C:/Java%20Lib/apache-maven-3.8.8/repo/com/github/almasb/fxgl/21/fxgl-21.jar!/fxglassets/textures/particles/trace_horizontal.png
18:54:43.791 [FXGL Background Thread 1 ] DEBUG GameApplicationServi - Application scenes initialized
18:54:43.801 [FXGL Background Thread 1 ] DEBUG SystemBundleService  - Loading FXGL system data
18:54:43.804 [FXGL Background Thread 1 ] DEBUG FileSystemAccess     - Reading from: D:\Repo\Pokemon\system\fxgl.bundle
18:54:43.813 [FXGL Background Thread 1 ] DEBUG SystemBundleService  - Bundle FXGL: {}
18:54:43.813 [FXGL Background Thread 1 ] DEBUG UpdaterService       - Checking for updates
18:54:43.817 [FXGL Background Thread 4 ] DEBUG FXGLApplication      - Loading fonts
18:54:43.817 [FXGL Background Thread 4 ] DEBUG FXGLAssetLoaderServi - Loading from file system: jar:file:///C:/Java%20Lib/apache-maven-3.8.8/repo/com/github/almasb/fxgl/21/fxgl-21.jar!/fxglassets/ui/fonts/VarelaRound-Regular.ttf
18:54:43.817 [FXGL Background Thread 1 ] DEBUG FXGLApplication      - Loading default localization
18:54:43.818 [FXGL Background Thread 1 ] DEBUG FXGLAssetLoaderServi - Loading from file system: jar:file:///C:/Java%20Lib/apache-maven-3.8.8/repo/com/github/almasb/fxgl/21/fxgl-21.jar!/fxglassets/languages/english.lang
18:54:43.855 [FXGL Background Thread 4 ] DEBUG FXGLAssetLoaderServi - Loading from file system: jar:file:///C:/Java%20Lib/apache-maven-3.8.8/repo/com/github/almasb/fxgl/21/fxgl-21.jar!/fxglassets/ui/fonts/Abel-Regular.ttf
18:54:43.859 [FXGL Background Thread 4 ] DEBUG FXGLAssetLoaderServi - Loading from file system: jar:file:///C:/Java%20Lib/apache-maven-3.8.8/repo/com/github/almasb/fxgl/21/fxgl-21.jar!/fxglassets/ui/fonts/TerminalLandMono-Regular.otf
18:54:43.863 [FXGL Background Thread 4 ] DEBUG FXGLAssetLoaderServi - Loading from file system: jar:file:///C:/Java%20Lib/apache-maven-3.8.8/repo/com/github/almasb/fxgl/21/fxgl-21.jar!/fxglassets/ui/fonts/Courier-Prime.ttf
18:54:43.870 [JavaFX Application Thread] DEBUG FXGLApplication      - Registering font factories with UI factory
18:54:43.895 [FXGL Background Thread 1 ] INFO  FXGLApplication      - FXGL initialization took: 0.732 sec
18:54:43.924 [JavaFX Application Thread] DEBUG Input                - Registered new binding: action0 - W
18:54:43.926 [JavaFX Application Thread] DEBUG Input                - Registered new binding: action1 - A
18:54:43.928 [JavaFX Application Thread] DEBUG Input                - Registered new binding: action2 - S
18:54:43.929 [JavaFX Application Thread] DEBUG Input                - Registered new binding: action3 - D
18:54:43.930 [JavaFX Application Thread] DEBUG Input                - Registered new binding: action4 - Up
18:54:43.932 [JavaFX Application Thread] DEBUG Input                - Registered new binding: action5 - Left
18:54:43.933 [JavaFX Application Thread] DEBUG Input                - Registered new binding: action6 - Down
18:54:43.933 [JavaFX Application Thread] DEBUG Input                - Registered new binding: action7 - Right
18:54:43.934 [JavaFX Application Thread] DEBUG Input                - Registered new binding: action8 - J
18:54:43.934 [JavaFX Application Thread] DEBUG FXGLAssetLoaderServi - Loading from file system: file:/D:/Repo/Pokemon/target/classes/assets/music/BGM.mp3
18:54:44.089 [JavaFX Application Thread] DEBUG AudioPlayer          - Playing music com.almasb.fxgl.audio.Music@159910c2
18:54:44.089 [JavaFX Application Thread] DEBUG FXGLAssetLoaderServi - Loading from file system: file:/D:/Repo/Pokemon/target/classes/assets/textures/icon.png
18:54:44.099 [JavaFX Application Thread] DEBUG FXGLAssetLoaderServi - Loading from file system: jar:file:///C:/Java%20Lib/apache-maven-3.8.8/repo/com/github/almasb/fxgl/21/fxgl-21.jar!/fxglassets/textures/fxgl_default_cursor.png
18:54:44.107 [JavaFX Application Thread] DEBUG Input                - Registered new binding: Screenshot - CTRL+8
18:54:44.109 [JavaFX Application Thread] DEBUG Input                - Registered new binding: System info dump - CTRL+9
18:54:44.110 [JavaFX Application Thread] DEBUG Input                - Registered new binding: Restart - CTRL+R
18:54:44.113 [JavaFX Application Thread] DEBUG Input                - Registered new binding: Toggle Debug Camera - CTRL+7
18:54:44.124 [JavaFX Application Thread] DEBUG LoopRunner           - Starting loop
18:54:44.124 [JavaFX Application Thread] DEBUG LoopRunner           - Initializing JavaFX AnimationTimerLoop
18:54:44.131 [JavaFX Application Thread] DEBUG Input                - Clearing active input actions
18:54:44.140 [JavaFX Application Thread] DEBUG GameApplicationServi - Removing overlay from FXGLStartupScene and adding to FXGLMainMenuDummyScene
18:54:44.140 [JavaFX Application Thread] DEBUG PrimaryStageWindow   - FXGLStartupScene -> FXGLMainMenuDummyScene
18:54:44.140 [JavaFX Application Thread] DEBUG PrimaryStageWindow   - Push state: TestMainMenu
18:54:44.141 [JavaFX Application Thread] DEBUG Input                - Clearing active input actions
18:54:44.152 [JavaFX Application Thread] DEBUG GameApplicationServi - Removing overlay from FXGLMainMenuDummyScene and adding to TestMainMenu
18:54:44.152 [JavaFX Application Thread] DEBUG PrimaryStageWindow   - FXGLMainMenuDummyScene -> TestMainMenu
18:54:46.603 [FXGL Background Thread 2 ] INFO  UpdaterService       - Your current version:  21
18:54:46.604 [FXGL Background Thread 2 ] INFO  UpdaterService       - Latest stable version: 21.1
18:54:46.815 [FXGL Background Thread 3 ] DEBUG Engine               - Logging environment variables
18:54:46.816 [FXGL Background Thread 3 ] DEBUG Engine               - achievements: []
18:54:46.816 [FXGL Background Thread 3 ] DEBUG Engine               - actualHeight: 800.0
18:54:46.816 [FXGL Background Thread 3 ] DEBUG Engine               - actualHeightProperty: ReadOnlyDoubleProperty [value: 800.0]
18:54:46.816 [FXGL Background Thread 3 ] DEBUG Engine               - actualWidth: 1024.0
18:54:46.816 [FXGL Background Thread 3 ] DEBUG Engine               - actualWidthProperty: ReadOnlyDoubleProperty [value: 1024.0]
18:54:46.816 [FXGL Background Thread 3 ] DEBUG Engine               - appIcon: icon.png
18:54:46.817 [FXGL Background Thread 3 ] DEBUG Engine               - applicationMode: DEVELOPER
18:54:46.817 [FXGL Background Thread 3 ] DEBUG Engine               - cSSList: [fxgl_dark.css]
18:54:46.817 [FXGL Background Thread 3 ] DEBUG Engine               - collisionDetectionStrategy: BRUTE_FORCE
18:54:46.817 [FXGL Background Thread 3 ] DEBUG Engine               - configClass: Optional.empty
18:54:46.817 [FXGL Background Thread 3 ] DEBUG Engine               - credits: []
18:54:46.819 [FXGL Background Thread 3 ] DEBUG Engine               - defaultCursor: CursorInfo(imageName=fxgl_default_cursor.png, hotspotX=7.0, hotspotY=6.0)
18:54:46.819 [FXGL Background Thread 3 ] DEBUG Engine               - devBBoxColorProperty: ObjectProperty [value: 0xff0000ff]
18:54:46.819 [FXGL Background Thread 3 ] DEBUG Engine               - devEnableDebugCameraProperty: BooleanProperty [value: false]
18:54:46.820 [FXGL Background Thread 3 ] DEBUG Engine               - devSensorColorProperty: ObjectProperty [value: 0xffff00ff]
18:54:46.820 [FXGL Background Thread 3 ] DEBUG Engine               - devShowBBoxProperty: BooleanProperty [value: false]
18:54:46.820 [FXGL Background Thread 3 ] DEBUG Engine               - devShowPositionProperty: BooleanProperty [value: false]
18:54:46.820 [FXGL Background Thread 3 ] DEBUG Engine               - enabledMenuItems: []
18:54:46.820 [FXGL Background Thread 3 ] DEBUG Engine               - engineServices: [class com.almasb.fxgl.app.services.FXGLAssetLoaderService, class com.almasb.fxgl.app.FXGLApplication$GameApplicationService, class com.almasb.fxgl.app.services.FXGLDialogService, class com.almasb.fxgl.app.services.IOTaskExecutorService, class com.almasb.fxgl.io.FileSystemService, class com.almasb.fxgl.localization.LocalizationService, class com.almasb.fxgl.app.services.SystemBundleService, class com.almasb.fxgl.profile.SaveLoadService, class com.almasb.fxgl.ui.FXGLUIFactoryServiceProvider, class com.almasb.fxgl.ui.FXGLDialogFactoryServiceProvider, class com.almasb.fxgl.audio.AudioPlayer, class com.almasb.fxgl.notification.impl.NotificationServiceProvider, class com.almasb.fxgl.achievement.AchievementService, class com.almasb.fxgl.cutscene.CutsceneService, class com.almasb.fxgl.minigames.MiniGameService, class com.almasb.fxgl.net.NetService, class com.almasb.fxgl.app.services.UpdaterService, class com.almasb.fxgl.dev.DevService]
18:54:46.820 [FXGL Background Thread 3 ] DEBUG Engine               - fontGame: Abel-Regular.ttf
18:54:46.820 [FXGL Background Thread 3 ] DEBUG Engine               - fontMono: TerminalLandMono-Regular.otf
18:54:46.820 [FXGL Background Thread 3 ] DEBUG Engine               - fontSizeScaleUI: 1.0
18:54:46.820 [FXGL Background Thread 3 ] DEBUG Engine               - fontText: Courier-Prime.ttf
18:54:46.820 [FXGL Background Thread 3 ] DEBUG Engine               - fontUI: VarelaRound-Regular.ttf
18:54:46.820 [FXGL Background Thread 3 ] DEBUG Engine               - fullScreen: BooleanProperty [value: false]
18:54:46.820 [FXGL Background Thread 3 ] DEBUG Engine               - gameDifficulty: MEDIUM
18:54:46.820 [FXGL Background Thread 3 ] DEBUG Engine               - gameDifficultyProperty: ObjectProperty [value: MEDIUM]
18:54:46.820 [FXGL Background Thread 3 ] DEBUG Engine               - globalMusicVolume: 0.5
18:54:46.821 [FXGL Background Thread 3 ] DEBUG Engine               - globalMusicVolumeProperty: DoubleProperty [value: 0.1]
18:54:46.821 [FXGL Background Thread 3 ] DEBUG Engine               - globalSoundVolume: 0.5
18:54:46.821 [FXGL Background Thread 3 ] DEBUG Engine               - globalSoundVolumeProperty: DoubleProperty [value: 0.5]
18:54:46.821 [FXGL Background Thread 3 ] DEBUG Engine               - height: 800
18:54:46.821 [FXGL Background Thread 3 ] DEBUG Engine               - is3D: false
18:54:46.821 [FXGL Background Thread 3 ] DEBUG Engine               - isAndroid: false
18:54:46.821 [FXGL Background Thread 3 ] DEBUG Engine               - isBrowser: false
18:54:46.821 [FXGL Background Thread 3 ] DEBUG Engine               - isClickFeedbackEnabled: false
18:54:46.822 [FXGL Background Thread 3 ] DEBUG Engine               - isCloseConfirmation: false
18:54:46.822 [FXGL Background Thread 3 ] DEBUG Engine               - isDesktop: true
18:54:46.822 [FXGL Background Thread 3 ] DEBUG Engine               - isDeveloperMenuEnabled: false
18:54:46.822 [FXGL Background Thread 3 ] DEBUG Engine               - isEmbedded: false
18:54:46.822 [FXGL Background Thread 3 ] DEBUG Engine               - isEntityPreloadEnabled: true
18:54:46.822 [FXGL Background Thread 3 ] DEBUG Engine               - isExperimentalTiledLargeMap: false
18:54:46.822 [FXGL Background Thread 3 ] DEBUG Engine               - isFileSystemWriteAllowed: true
18:54:46.822 [FXGL Background Thread 3 ] DEBUG Engine               - isFullScreenAllowed: false
18:54:46.822 [FXGL Background Thread 3 ] DEBUG Engine               - isFullScreenFromStart: false
18:54:46.822 [FXGL Background Thread 3 ] DEBUG Engine               - isGameMenuEnabled: true
18:54:46.822 [FXGL Background Thread 3 ] DEBUG Engine               - isIOS: false
18:54:46.822 [FXGL Background Thread 3 ] DEBUG Engine               - isIntroEnabled: false
18:54:46.822 [FXGL Background Thread 3 ] DEBUG Engine               - isLinux: false
18:54:46.822 [FXGL Background Thread 3 ] DEBUG Engine               - isMac: false
18:54:46.822 [FXGL Background Thread 3 ] DEBUG Engine               - isMainMenuEnabled: true
18:54:46.822 [FXGL Background Thread 3 ] DEBUG Engine               - isManualResizeEnabled: false
18:54:46.822 [FXGL Background Thread 3 ] DEBUG Engine               - isMobile: false
18:54:46.822 [FXGL Background Thread 3 ] DEBUG Engine               - isNative: false
18:54:46.822 [FXGL Background Thread 3 ] DEBUG Engine               - isPauseMusicWhenMinimized: true
18:54:46.822 [FXGL Background Thread 3 ] DEBUG Engine               - isPreserveResizeRatio: false
18:54:46.822 [FXGL Background Thread 3 ] DEBUG Engine               - isProfilingEnabled: false
18:54:46.823 [FXGL Background Thread 3 ] DEBUG Engine               - isScaleAffectedOnResize: true
18:54:46.823 [FXGL Background Thread 3 ] DEBUG Engine               - isSingleStep: false
18:54:46.823 [FXGL Background Thread 3 ] DEBUG Engine               - isUserProfileEnabled: false
18:54:46.823 [FXGL Background Thread 3 ] DEBUG Engine               - isWindows: true
18:54:46.823 [FXGL Background Thread 3 ] DEBUG Engine               - language: ObjectProperty [value: ENGLISH]
18:54:46.823 [FXGL Background Thread 3 ] DEBUG Engine               - menuKey: ESCAPE
18:54:46.823 [FXGL Background Thread 3 ] DEBUG Engine               - mouseSensitivity: 0.2
18:54:46.824 [FXGL Background Thread 3 ] DEBUG Engine               - notificationViewClass: class com.almasb.fxgl.notification.view.XboxNotificationView
18:54:46.824 [FXGL Background Thread 3 ] DEBUG Engine               - pixelsPerMeter: 50.0
18:54:46.824 [FXGL Background Thread 3 ] DEBUG Engine               - platform: WINDOWS
18:54:46.824 [FXGL Background Thread 3 ] DEBUG Engine               - prefHeightProperty: ReadOnlyDoubleProperty [value: 800.0]
18:54:46.824 [FXGL Background Thread 3 ] DEBUG Engine               - prefWidthProperty: ReadOnlyDoubleProperty [value: 1024.0]
18:54:46.824 [FXGL Background Thread 3 ] DEBUG Engine               - profileDir: profiles/
18:54:46.824 [FXGL Background Thread 3 ] DEBUG Engine               - profileName: StringProperty [value: DEFAULT]
18:54:46.824 [FXGL Background Thread 3 ] DEBUG Engine               - randomSeed: -1
18:54:46.825 [FXGL Background Thread 3 ] DEBUG Engine               - runtimeInfo: RuntimeInfo(platform=WINDOWS, version=21, build=28.12.2023 13.35)
18:54:46.825 [FXGL Background Thread 3 ] DEBUG Engine               - saveFileExt: sav
18:54:46.825 [FXGL Background Thread 3 ] DEBUG Engine               - scaledHeightProp$fxgl: DoubleProperty [bound, value: 800.0]
18:54:46.825 [FXGL Background Thread 3 ] DEBUG Engine               - scaledWidthProp$fxgl: DoubleProperty [bound, value: 1024.0]
18:54:46.825 [FXGL Background Thread 3 ] DEBUG Engine               - sceneFactory: org.example.pokemon.map.GameApp$1@150bdc41
18:54:46.825 [FXGL Background Thread 3 ] DEBUG Engine               - secondsIn24h: 60
18:54:46.825 [FXGL Background Thread 3 ] DEBUG Engine               - soundMenuBack: menu/back.wav
18:54:46.825 [FXGL Background Thread 3 ] DEBUG Engine               - soundMenuPress: menu/press.wav
18:54:46.825 [FXGL Background Thread 3 ] DEBUG Engine               - soundMenuSelect: menu/select.wav
18:54:46.825 [FXGL Background Thread 3 ] DEBUG Engine               - soundNotification: core/notification.wav
18:54:46.825 [FXGL Background Thread 3 ] DEBUG Engine               - stageStyle: DECORATED
18:54:46.825 [FXGL Background Thread 3 ] DEBUG Engine               - supportedLanguages: [ENGLISH, FRENCH, GERMAN, HUNGARIAN, RUSSIAN]
18:54:46.825 [FXGL Background Thread 3 ] DEBUG Engine               - ticksPerSecond: -1
18:54:46.825 [FXGL Background Thread 3 ] DEBUG Engine               - title: Pokemon
18:54:46.825 [FXGL Background Thread 3 ] DEBUG Engine               - urlGithub: https://github.com/AlmasB/FXGL
18:54:46.825 [FXGL Background Thread 3 ] DEBUG Engine               - urlLeaderboard: http://fxgl-top.herokuapp.com/
18:54:46.825 [FXGL Background Thread 3 ] DEBUG Engine               - urlPOM: https://raw.githubusercontent.com/AlmasB/FXGL/release/README.md
18:54:46.825 [FXGL Background Thread 3 ] DEBUG Engine               - userAppClass: class org.example.pokemon.map.GameApp
18:54:46.825 [FXGL Background Thread 3 ] DEBUG Engine               - version: 0.1
18:54:46.825 [FXGL Background Thread 3 ] DEBUG Engine               - versionCheckDays: 7
18:54:46.825 [FXGL Background Thread 3 ] DEBUG Engine               - width: 1024
18:54:46.825 [FXGL Background Thread 3 ] DEBUG Engine               - Logging services
18:54:46.825 [FXGL Background Thread 3 ] DEBUG Engine               - class com.almasb.fxgl.app.services.FXGLAssetLoaderService
18:54:46.825 [FXGL Background Thread 3 ] DEBUG Engine               - class com.almasb.fxgl.app.FXGLApplication$GameApplicationService
18:54:46.825 [FXGL Background Thread 3 ] DEBUG Engine               - class com.almasb.fxgl.app.services.FXGLDialogService
18:54:46.825 [FXGL Background Thread 3 ] DEBUG Engine               - class com.almasb.fxgl.app.services.IOTaskExecutorService
18:54:46.825 [FXGL Background Thread 3 ] DEBUG Engine               - class com.almasb.fxgl.io.FileSystemService
18:54:46.825 [FXGL Background Thread 3 ] DEBUG Engine               - class com.almasb.fxgl.localization.LocalizationService
18:54:46.825 [FXGL Background Thread 3 ] DEBUG Engine               - class com.almasb.fxgl.app.services.SystemBundleService
18:54:46.825 [FXGL Background Thread 3 ] DEBUG Engine               - class com.almasb.fxgl.profile.SaveLoadService
18:54:46.825 [FXGL Background Thread 3 ] DEBUG Engine               - class com.almasb.fxgl.ui.FXGLUIFactoryServiceProvider
18:54:46.825 [FXGL Background Thread 3 ] DEBUG Engine               - class com.almasb.fxgl.ui.FXGLDialogFactoryServiceProvider
18:54:46.825 [FXGL Background Thread 3 ] DEBUG Engine               - class com.almasb.fxgl.audio.AudioPlayer
18:54:46.826 [FXGL Background Thread 3 ] DEBUG Engine               - class com.almasb.fxgl.notification.impl.NotificationServiceProvider
18:54:46.826 [FXGL Background Thread 3 ] DEBUG Engine               - class com.almasb.fxgl.achievement.AchievementService
18:54:46.826 [FXGL Background Thread 3 ] DEBUG Engine               - class com.almasb.fxgl.cutscene.CutsceneService
18:54:46.826 [FXGL Background Thread 3 ] DEBUG Engine               - class com.almasb.fxgl.minigames.MiniGameService
18:54:46.826 [FXGL Background Thread 3 ] DEBUG Engine               - class com.almasb.fxgl.net.NetService
18:54:46.826 [FXGL Background Thread 3 ] DEBUG Engine               - class com.almasb.fxgl.app.services.UpdaterService
18:54:46.826 [FXGL Background Thread 3 ] DEBUG Engine               - class com.almasb.fxgl.dev.DevService
18:54:57.828 [JavaFX Application Thread] DEBUG GameApplicationServi - Starting new game
18:54:57.829 [JavaFX Application Thread] DEBUG PrimaryStageWindow   - Pop state: TestMainMenu
18:54:57.829 [JavaFX Application Thread] DEBUG Input                - Clearing active input actions
18:54:57.829 [JavaFX Application Thread] DEBUG GameApplicationServi - Removing overlay from TestMainMenu and adding to FXGLMainMenuDummyScene
18:54:57.829 [JavaFX Application Thread] DEBUG PrimaryStageWindow   - FXGLMainMenuDummyScene <- TestMainMenu
18:54:57.829 [JavaFX Application Thread] DEBUG Input                - Clearing active input actions
18:54:57.833 [JavaFX Application Thread] DEBUG GameApplicationServi - Removing overlay from FXGLMainMenuDummyScene and adding to FXGLLoadingScene
18:54:57.833 [JavaFX Application Thread] DEBUG PrimaryStageWindow   - FXGLMainMenuDummyScene -> FXGLLoadingScene
18:54:57.833 [JavaFX Application Thread] DEBUG GameApplicationServi - Clearing previous game
18:54:57.833 [JavaFX Application Thread] DEBUG GameScene            - Clearing game scene
18:54:57.833 [JavaFX Application Thread] DEBUG GameWorld            - Clearing game world
18:54:57.833 [JavaFX Application Thread] DEBUG PhysicsWorld         - Clearing physics world
18:54:57.836 [FXGL Background Thread 2 ] DEBUG FXGLApplication      - Initializing game
18:54:57.847 [FXGL Background Thread 2 ] WARN  TMXLevelLoader       - TiledMap generated from 1.8.4. Supported version: 1.9.0. Some features may not be parsed fully.
18:54:57.868 [FXGL Background Thread 2 ] DEBUG TMXLevelLoader       - Parsed TiledMap: file:/D:/Repo/Pokemon/target/classes/assets/levels/level1.tmx
18:54:57.869 [FXGL Background Thread 2 ] DEBUG TMXLevelLoader       - Creating tile layer entities
18:54:57.871 [FXGL Background Thread 2 ] DEBUG TilesetLoader        - Loading view for layer 图块层 1
18:54:57.872 [FXGL Background Thread 2 ] DEBUG TilesetLoader        - Created buffer with size 1024.0x800.0
18:54:57.890 [FXGL Background Thread 2 ] DEBUG TMXLevelLoader       - Creating object layer entities
18:54:57.996 [FXGL Background Thread 2 ] DEBUG FXGLAssetLoaderServi - Loading from file system: file:/D:/Repo/Pokemon/target/classes/assets/textures/flower.png
18:54:58.024 [FXGL Background Thread 2 ] DEBUG GameWorld            - Clearing removable entities
18:54:58.026 [FXGL Background Thread 2 ] DEBUG GameWorld            - Setting level: com.almasb.fxgl.entity.level.Level@686d6454
18:54:58.038 [FXGL Background Thread 2 ] DEBUG FXGLAssetLoaderServi - Loading from file system: file:/D:/Repo/Pokemon/target/classes/assets/textures/buLunDan2.png
18:54:58.047 [FXGL Background Thread 2 ] DEBUG FXGLAssetLoaderServi - Loading from file system: file:/D:/Repo/Pokemon/target/classes/assets/textures/RacketTeam.png
18:54:58.051 [FXGL Background Thread 2 ] INFO  FXGLApplication      - Game initialization took: 0.215 sec
18:54:58.058 [JavaFX Application Thread] DEBUG Input                - Clearing active input actions
18:54:58.070 [JavaFX Application Thread] DEBUG GameApplicationServi - Removing overlay from FXGLLoadingScene and adding to GameScene
18:54:58.070 [JavaFX Application Thread] DEBUG PrimaryStageWindow   - FXGLLoadingScene -> GameScene
18:55:53.882 [JavaFX Application Thread] DEBUG FXGLAssetLoaderServi - Loading from file system: file:/D:/Repo/Pokemon/target/classes/assets/textures/hint.png
18:55:54.864 [JavaFX Application Thread] DEBUG PrimaryStageWindow   - Push state: DialogSubScene
18:55:54.864 [JavaFX Application Thread] DEBUG Input                - Clearing active input actions
18:55:54.865 [JavaFX Application Thread] DEBUG GameApplicationServi - Removing overlay from GameScene and adding to DialogSubScene
18:55:54.865 [JavaFX Application Thread] DEBUG PrimaryStageWindow   - GameScene -> DialogSubScene
18:55:56.083 [JavaFX Application Thread] DEBUG PrimaryStageWindow   - Pop state: DialogSubScene
18:55:56.083 [JavaFX Application Thread] DEBUG Input                - Clearing active input actions
18:55:56.083 [JavaFX Application Thread] DEBUG GameApplicationServi - Removing overlay from DialogSubScene and adding to GameScene
18:55:56.083 [JavaFX Application Thread] DEBUG PrimaryStageWindow   - GameScene <- DialogSubScene
18:55:58.586 [Thread-8834              ] DEBUG LoopRunner           - Stopping loop
18:55:58.592 [Thread-8834              ] FATAL FXGLApplication      - Uncaught Exception:
java.lang.NullPointerException: Input stream must not be null
	at javafx.graphics@21/javafx.scene.image.Image.validateInputStream(Image.java:1140)
	at javafx.graphics@21/javafx.scene.image.Image.<init>(Image.java:707)
	at org.example.pokemon/org.example.pokemon.battle.Battle.showPet(Battle.java:477)
	at org.example.pokemon/org.example.pokemon.battle.Battle.act(Battle.java:146)
	at org.example.pokemon/org.example.pokemon.battle.Battle.battleStart(Battle.java:99)
	at org.example.pokemon/org.example.pokemon.battle.Battle.lambda$initBattle$0(Battle.java:46)
	at java.base/java.lang.Thread.run(Thread.java:1583)

18:55:58.594 [Thread-8834              ] FATAL FXGLApplication      - Application will now exit
18:55:58.621 [Thread-8834              ] DEBUG PrimaryStageWindow   - Push state: ErrorSubScene
18:55:58.622 [Thread-8834              ] DEBUG Input                - Clearing active input actions
18:56:07.370 [JavaFX Application Thread] DEBUG FXGLApplication      - Exiting FXGL
18:56:07.370 [JavaFX Application Thread] DEBUG Async                - Shutting down background threads
18:56:07.370 [JavaFX Application Thread] DEBUG PrimaryStageWindow   - Closing main window
18:56:07.391 [JavaFX Application Thread] DEBUG Logger               - Closing Logger
