10:50:09.505 [main                     ] DEBUG Logger               - Configured Logger
10:50:09.536 [main                     ] DEBUG GameApplication      - Logging settings
Title: Pokemon
Version: 0.1
Width: 1152
Height: 800
Fullscreen: false
Intro: false
Profiling: false
Single step:false
App Mode: DEVELOPER
Menu Key: ESCAPE
Stage Style: DECORATED
Scene Factory: class com.almasb.fxgl.app.scene.SceneFactory

10:50:09.789 [JavaFX Application Thread] DEBUG FXGLApplication      - Initializing FXGL
10:50:09.792 [JavaFX Application Thread] INFO  Engine               - FXGL-21 (28.12.2023 13.35) on WINDOWS (J:21.0.4 FX:21)
10:50:09.792 [JavaFX Application Thread] DEBUG Engine               - JRE Vendor Name: Oracle Corporation
10:50:09.792 [JavaFX Application Thread] DEBUG Engine               - Running on OS: Windows 11 version 10.0
10:50:09.792 [JavaFX Application Thread] DEBUG Engine               - Architecture: amd64
10:50:09.792 [JavaFX Application Thread] INFO  Engine               - Source code and latest versions at: https://github.com/AlmasB/FXGL
10:50:09.792 [JavaFX Application Thread] INFO  Engine               -       Ask questions and discuss at: https://github.com/AlmasB/FXGL/discussions
10:50:09.792 [JavaFX Application Thread] INFO  Engine               -              Join the FXGL chat at: https://gitter.im/AlmasB/FXGL
10:50:09.849 [JavaFX Application Thread] DEBUG PrimaryStageWindow   - Creating a JavaFX scene
10:50:09.881 [JavaFX Application Thread] DEBUG PrimaryStageWindow   - Target settings size: 1152.0 x 800.0
10:50:09.881 [JavaFX Application Thread] DEBUG PrimaryStageWindow   - Scaled scene size:    1152.0 x 800.0
10:50:09.881 [JavaFX Application Thread] DEBUG PrimaryStageWindow   - Scaled ratio: (1.0, 1.0)
10:50:09.882 [JavaFX Application Thread] DEBUG PrimaryStageWindow   - Set initial scene to FXGLStartupScene
10:50:09.884 [JavaFX Application Thread] DEBUG PrimaryStageWindow   - Opening main window
10:50:09.945 [JavaFX Application Thread] DEBUG PrimaryStageWindow   - Window border size: (13.7142333984375, 36.5714111328125)
10:50:09.945 [JavaFX Application Thread] DEBUG PrimaryStageWindow   - Scaled size: 1152.0 x 800.0
10:50:09.945 [JavaFX Application Thread] DEBUG PrimaryStageWindow   - Scaled ratio: (1.0, 1.0)
10:50:09.945 [JavaFX Application Thread] DEBUG PrimaryStageWindow   - Scene size: 1152.0 x 800.0
10:50:09.945 [JavaFX Application Thread] DEBUG PrimaryStageWindow   - Stage size: 1165.7142333984375 x 836.5714111328125
10:50:09.952 [FXGL Background Thread 1 ] DEBUG Engine               - Initializing environment variables
10:50:09.997 [FXGL Background Thread 1 ] DEBUG FXGLAssetLoaderServi - User app class for loading assets: class org.example.pokemon.map.GameApp
10:50:09.998 [FXGL Background Thread 1 ] DEBUG GameApplicationServi - Applying CSS: fxgl_dark.css
10:50:09.998 [FXGL Background Thread 1 ] DEBUG FXGLAssetLoaderServi - Loading from file system: jar:file:///D:/Maven/apache-maven-3.8.8/mavenRepository/com/github/almasb/fxgl/21/fxgl-21.jar!/fxglassets/ui/css/fxgl_dark.css
10:50:10.035 [FXGL Background Thread 1 ] DEBUG GameApplicationServi - Initializing application scenes
10:50:10.100 [FXGL Background Thread 1 ] DEBUG GameWorld            - Game world initialized
10:50:10.139 [FXGL Background Thread 1 ] DEBUG PhysicsWorld         - Physics world initialized: appHeight=800, physics.ppm=50.0
10:50:10.139 [FXGL Background Thread 1 ] DEBUG PhysicsWorld         - Using strategy: BRUTE_FORCE
10:50:10.142 [FXGL Background Thread 1 ] DEBUG GameScene            - Game scene initialized: 1152x800
10:50:10.148 [FXGL Background Thread 1 ] DEBUG FXGL.DefaultMenu     - createMenuBodyGameMenu()
10:50:10.156 [FXGL Background Thread 1 ] DEBUG FXGL.DefaultMenu     - createOptionsMenu()
10:50:10.163 [FXGL Background Thread 1 ] DEBUG FXGLAssetLoaderServi - Loading from file system: jar:file:///D:/Maven/apache-maven-3.8.8/mavenRepository/com/github/almasb/fxgl/21/fxgl-21.jar!/fxglassets/textures/particles/smoke.png
10:50:10.231 [FXGL Background Thread 1 ] DEBUG FXGLAssetLoaderServi - Loading from file system: jar:file:///D:/Maven/apache-maven-3.8.8/mavenRepository/com/github/almasb/fxgl/21/fxgl-21.jar!/fxglassets/textures/particles/trace_horizontal.png
10:50:10.248 [FXGL Background Thread 1 ] DEBUG GameApplicationServi - Application scenes initialized
10:50:10.257 [FXGL Background Thread 1 ] DEBUG SystemBundleService  - Loading FXGL system data
10:50:10.261 [FXGL Background Thread 1 ] DEBUG FileSystemAccess     - Reading from: C:\Users\Kilig\Desktop\Pokemon\system\fxgl.bundle
10:50:10.267 [FXGL Background Thread 1 ] DEBUG SystemBundleService  - Bundle FXGL: {}
10:50:10.267 [FXGL Background Thread 1 ] DEBUG UpdaterService       - Checking for updates
10:50:10.270 [FXGL Background Thread 4 ] DEBUG FXGLApplication      - Loading fonts
10:50:10.270 [FXGL Background Thread 1 ] DEBUG FXGLApplication      - Loading default localization
10:50:10.270 [FXGL Background Thread 4 ] DEBUG FXGLAssetLoaderServi - Loading from file system: jar:file:///D:/Maven/apache-maven-3.8.8/mavenRepository/com/github/almasb/fxgl/21/fxgl-21.jar!/fxglassets/ui/fonts/VarelaRound-Regular.ttf
10:50:10.270 [FXGL Background Thread 1 ] DEBUG FXGLAssetLoaderServi - Loading from file system: jar:file:///D:/Maven/apache-maven-3.8.8/mavenRepository/com/github/almasb/fxgl/21/fxgl-21.jar!/fxglassets/languages/english.lang
10:50:10.296 [FXGL Background Thread 4 ] DEBUG FXGLAssetLoaderServi - Loading from file system: jar:file:///D:/Maven/apache-maven-3.8.8/mavenRepository/com/github/almasb/fxgl/21/fxgl-21.jar!/fxglassets/ui/fonts/Abel-Regular.ttf
10:50:10.299 [FXGL Background Thread 1 ] INFO  FXGLApplication      - FXGL initialization took: 0.346 sec
10:50:10.304 [FXGL Background Thread 4 ] DEBUG FXGLAssetLoaderServi - Loading from file system: jar:file:///D:/Maven/apache-maven-3.8.8/mavenRepository/com/github/almasb/fxgl/21/fxgl-21.jar!/fxglassets/ui/fonts/TerminalLandMono-Regular.otf
10:50:10.307 [JavaFX Application Thread] DEBUG Input                - Registered new binding: action0 - W
10:50:10.308 [JavaFX Application Thread] DEBUG Input                - Registered new binding: action1 - A
10:50:10.308 [JavaFX Application Thread] DEBUG Input                - Registered new binding: action2 - S
10:50:10.308 [JavaFX Application Thread] DEBUG Input                - Registered new binding: action3 - D
10:50:10.308 [JavaFX Application Thread] DEBUG Input                - Registered new binding: action4 - Up
10:50:10.309 [JavaFX Application Thread] DEBUG Input                - Registered new binding: action5 - Left
10:50:10.309 [JavaFX Application Thread] DEBUG Input                - Registered new binding: action6 - Down
10:50:10.309 [JavaFX Application Thread] DEBUG Input                - Registered new binding: action7 - Right
10:50:10.309 [JavaFX Application Thread] DEBUG FXGLAssetLoaderServi - Loading from file system: jar:file:///D:/Maven/apache-maven-3.8.8/mavenRepository/com/github/almasb/fxgl/21/fxgl-21.jar!/fxglassets/textures/fxgl_icon.png
10:50:10.311 [FXGL Background Thread 4 ] DEBUG FXGLAssetLoaderServi - Loading from file system: jar:file:///D:/Maven/apache-maven-3.8.8/mavenRepository/com/github/almasb/fxgl/21/fxgl-21.jar!/fxglassets/ui/fonts/Courier-Prime.ttf
10:50:10.322 [JavaFX Application Thread] DEBUG FXGLAssetLoaderServi - Loading from file system: jar:file:///D:/Maven/apache-maven-3.8.8/mavenRepository/com/github/almasb/fxgl/21/fxgl-21.jar!/fxglassets/textures/fxgl_default_cursor.png
10:50:10.324 [JavaFX Application Thread] DEBUG Input                - Registered new binding: Screenshot - CTRL+8
10:50:10.324 [JavaFX Application Thread] DEBUG Input                - Registered new binding: System info dump - CTRL+9
10:50:10.324 [JavaFX Application Thread] DEBUG Input                - Registered new binding: Restart - CTRL+R
10:50:10.325 [JavaFX Application Thread] DEBUG Input                - Registered new binding: Toggle Debug Camera - CTRL+7
10:50:10.327 [JavaFX Application Thread] DEBUG LoopRunner           - Starting loop
10:50:10.327 [JavaFX Application Thread] DEBUG LoopRunner           - Initializing JavaFX AnimationTimerLoop
10:50:10.328 [JavaFX Application Thread] DEBUG GameApplicationServi - Starting new game
10:50:10.329 [JavaFX Application Thread] DEBUG Input                - Clearing active input actions
10:50:10.338 [JavaFX Application Thread] DEBUG GameApplicationServi - Removing overlay from FXGLStartupScene and adding to FXGLLoadingScene
10:50:10.339 [JavaFX Application Thread] DEBUG PrimaryStageWindow   - FXGLStartupScene -> FXGLLoadingScene
10:50:10.339 [JavaFX Application Thread] DEBUG GameApplicationServi - Clearing previous game
10:50:10.339 [JavaFX Application Thread] DEBUG GameScene            - Clearing game scene
10:50:10.339 [JavaFX Application Thread] DEBUG GameWorld            - Clearing game world
10:50:10.339 [JavaFX Application Thread] DEBUG PhysicsWorld         - Clearing physics world
10:50:10.341 [FXGL Background Thread 4 ] DEBUG FXGLApplication      - Initializing game
10:50:10.341 [JavaFX Application Thread] DEBUG FXGLApplication      - Registering font factories with UI factory
10:50:10.410 [FXGL Background Thread 4 ] WARN  TMXLevelLoader       - TiledMap generated from 1.8.4. Supported version: 1.9.0. Some features may not be parsed fully.
10:50:10.422 [FXGL Background Thread 4 ] DEBUG TMXLevelLoader       - Parsed TiledMap: file:/C:/Users/Kilig/Desktop/Pokemon/target/classes/assets/levels/level1.tmx
10:50:10.424 [FXGL Background Thread 4 ] DEBUG TMXLevelLoader       - Creating tile layer entities
10:50:10.426 [FXGL Background Thread 4 ] DEBUG TilesetLoader        - Loading view for layer 图块层 1
10:50:10.431 [FXGL Background Thread 4 ] DEBUG TilesetLoader        - Created buffer with size 1024.0x800.0
10:50:10.441 [FXGL Background Thread 4 ] DEBUG TMXLevelLoader       - Creating object layer entities
10:50:10.487 [FXGL Background Thread 4 ] DEBUG GameWorld            - Clearing removable entities
10:50:10.488 [FXGL Background Thread 4 ] DEBUG GameWorld            - Setting level: com.almasb.fxgl.entity.level.Level@42f93ed6
10:50:10.495 [FXGL Background Thread 4 ] DEBUG FXGLAssetLoaderServi - Loading from file system: file:/C:/Users/Kilig/Desktop/Pokemon/target/classes/assets/textures/BuLunDan.png
10:50:10.505 [FXGL Background Thread 4 ] DEBUG FXGLAssetLoaderServi - Loading from file system: file:/C:/Users/Kilig/Desktop/Pokemon/target/classes/assets/textures/RacketTeam.png
10:50:10.507 [FXGL Background Thread 4 ] INFO  FXGLApplication      - Game initialization took: 0.167 sec
10:50:10.508 [JavaFX Application Thread] DEBUG Input                - Clearing active input actions
10:50:10.516 [JavaFX Application Thread] DEBUG GameApplicationServi - Removing overlay from FXGLLoadingScene and adding to GameScene
10:50:10.516 [JavaFX Application Thread] DEBUG PrimaryStageWindow   - FXGLLoadingScene -> GameScene
10:50:11.133 [FXGL Background Thread 2 ] INFO  UpdaterService       - Your current version:  21
10:50:11.134 [FXGL Background Thread 2 ] INFO  UpdaterService       - Latest stable version: 21.1
10:50:12.957 [JavaFX Application Thread] DEBUG FXGLApplication      - Exiting FXGL
10:50:12.957 [JavaFX Application Thread] DEBUG LoopRunner           - Stopping loop
10:50:12.957 [JavaFX Application Thread] DEBUG SystemBundleService  - Saving FXGL system data
10:50:12.959 [JavaFX Application Thread] DEBUG FileSystemAccess     - Writing to: C:\Users\Kilig\Desktop\Pokemon\system\fxgl.bundle
10:50:12.962 [JavaFX Application Thread] DEBUG Async                - Shutting down background threads
10:50:12.962 [JavaFX Application Thread] DEBUG PrimaryStageWindow   - Closing main window
10:50:12.979 [JavaFX Application Thread] DEBUG Logger               - Closing Logger
