16:19:17.427 [main                     ] DEBUG Logger               - Configured Logger
16:19:17.450 [main                     ] DEBUG GameApplication      - Logging settings
Title: Pokemon
Version: 0.1
Width: 1024
Height: 800
Fullscreen: false
Intro: false
Profiling: false
Single step:false
App Mode: DEVELOPER
Menu Key: ESCAPE
Stage Style: DECORATED
Scene Factory: class org.example.pokemon.map.GameApp$1

16:19:18.014 [JavaFX Application Thread] DEBUG FXGLApplication      - Initializing FXGL
16:19:18.016 [JavaFX Application Thread] INFO  Engine               - FXGL-21 (28.12.2023 13.35) on WINDOWS (J:21.0.1 FX:21)
16:19:18.016 [JavaFX Application Thread] DEBUG Engine               - JRE Vendor Name: Oracle Corporation
16:19:18.016 [JavaFX Application Thread] DEBUG Engine               - Running on OS: Windows 11 version 10.0
16:19:18.016 [JavaFX Application Thread] DEBUG Engine               - Architecture: amd64
16:19:18.016 [JavaFX Application Thread] INFO  Engine               - Source code and latest versions at: https://github.com/AlmasB/FXGL
16:19:18.016 [JavaFX Application Thread] INFO  Engine               -       Ask questions and discuss at: https://github.com/AlmasB/FXGL/discussions
16:19:18.016 [JavaFX Application Thread] INFO  Engine               -              Join the FXGL chat at: https://gitter.im/AlmasB/FXGL
16:19:18.085 [JavaFX Application Thread] DEBUG PrimaryStageWindow   - Creating a JavaFX scene
16:19:18.131 [JavaFX Application Thread] DEBUG PrimaryStageWindow   - Target settings size: 1024.0 x 800.0
16:19:18.131 [JavaFX Application Thread] DEBUG PrimaryStageWindow   - Scaled scene size:    1024.0 x 800.0
16:19:18.131 [JavaFX Application Thread] DEBUG PrimaryStageWindow   - Scaled ratio: (1.0, 1.0)
16:19:18.132 [JavaFX Application Thread] DEBUG PrimaryStageWindow   - Set initial scene to FXGLStartupScene
16:19:18.134 [JavaFX Application Thread] DEBUG PrimaryStageWindow   - Opening main window
16:19:18.221 [JavaFX Application Thread] DEBUG PrimaryStageWindow   - Window border size: (14.6666259765625, 37.33331298828125)
16:19:18.221 [JavaFX Application Thread] DEBUG PrimaryStageWindow   - Scaled size: 1024.0 x 800.0
16:19:18.221 [JavaFX Application Thread] DEBUG PrimaryStageWindow   - Scaled ratio: (1.0, 1.0)
16:19:18.222 [JavaFX Application Thread] DEBUG PrimaryStageWindow   - Scene size: 1024.0 x 800.0
16:19:18.222 [JavaFX Application Thread] DEBUG PrimaryStageWindow   - Stage size: 1038.6666259765625 x 837.3333129882812
16:19:18.229 [FXGL Background Thread 1 ] DEBUG Engine               - Initializing environment variables
16:19:18.287 [FXGL Background Thread 1 ] DEBUG FXGLAssetLoaderServi - User app class for loading assets: class org.example.pokemon.map.GameApp
16:19:18.287 [FXGL Background Thread 1 ] DEBUG GameApplicationServi - Applying CSS: fxgl_dark.css
16:19:18.288 [FXGL Background Thread 1 ] DEBUG FXGLAssetLoaderServi - Loading from file system: jar:file:///D:/JAVA%20IDE%20WORKPLACE/localRepo/com/github/almasb/fxgl/21/fxgl-21.jar!/fxglassets/ui/css/fxgl_dark.css
16:19:18.339 [FXGL Background Thread 1 ] DEBUG GameApplicationServi - Initializing application scenes
16:19:18.414 [FXGL Background Thread 1 ] DEBUG GameWorld            - Game world initialized
16:19:18.454 [FXGL Background Thread 1 ] DEBUG PhysicsWorld         - Physics world initialized: appHeight=800, physics.ppm=50.0
16:19:18.454 [FXGL Background Thread 1 ] DEBUG PhysicsWorld         - Using strategy: BRUTE_FORCE
16:19:18.457 [FXGL Background Thread 1 ] DEBUG GameScene            - Game scene initialized: 1024x800
16:19:18.611 [FXGL Background Thread 1 ] DEBUG FXGL.DefaultMenu     - createMenuBodyGameMenu()
16:19:18.618 [FXGL Background Thread 1 ] DEBUG FXGL.DefaultMenu     - createOptionsMenu()
16:19:18.624 [FXGL Background Thread 1 ] DEBUG FXGLAssetLoaderServi - Loading from file system: jar:file:///D:/JAVA%20IDE%20WORKPLACE/localRepo/com/github/almasb/fxgl/21/fxgl-21.jar!/fxglassets/textures/particles/smoke.png
16:19:18.720 [FXGL Background Thread 1 ] DEBUG FXGLAssetLoaderServi - Loading from file system: jar:file:///D:/JAVA%20IDE%20WORKPLACE/localRepo/com/github/almasb/fxgl/21/fxgl-21.jar!/fxglassets/textures/particles/trace_horizontal.png
16:19:18.738 [FXGL Background Thread 1 ] DEBUG GameApplicationServi - Application scenes initialized
16:19:18.746 [FXGL Background Thread 1 ] DEBUG SystemBundleService  - Loading FXGL system data
16:19:18.750 [FXGL Background Thread 1 ] DEBUG FileSystemAccess     - Reading from: D:\Programs\Pokemon_Liu2.0\Pokemon\system\fxgl.bundle
16:19:18.756 [FXGL Background Thread 1 ] DEBUG SystemBundleService  - Bundle FXGL: {}
16:19:18.756 [FXGL Background Thread 1 ] DEBUG UpdaterService       - Checking for updates
16:19:18.761 [FXGL Background Thread 4 ] DEBUG FXGLApplication      - Loading fonts
16:19:18.761 [FXGL Background Thread 4 ] DEBUG FXGLAssetLoaderServi - Loading from file system: jar:file:///D:/JAVA%20IDE%20WORKPLACE/localRepo/com/github/almasb/fxgl/21/fxgl-21.jar!/fxglassets/ui/fonts/VarelaRound-Regular.ttf
16:19:18.762 [FXGL Background Thread 1 ] DEBUG FXGLApplication      - Loading default localization
16:19:18.762 [FXGL Background Thread 1 ] DEBUG FXGLAssetLoaderServi - Loading from file system: jar:file:///D:/JAVA%20IDE%20WORKPLACE/localRepo/com/github/almasb/fxgl/21/fxgl-21.jar!/fxglassets/languages/english.lang
16:19:18.836 [FXGL Background Thread 4 ] DEBUG FXGLAssetLoaderServi - Loading from file system: jar:file:///D:/JAVA%20IDE%20WORKPLACE/localRepo/com/github/almasb/fxgl/21/fxgl-21.jar!/fxglassets/ui/fonts/Abel-Regular.ttf
16:19:18.847 [FXGL Background Thread 4 ] DEBUG FXGLAssetLoaderServi - Loading from file system: jar:file:///D:/JAVA%20IDE%20WORKPLACE/localRepo/com/github/almasb/fxgl/21/fxgl-21.jar!/fxglassets/ui/fonts/TerminalLandMono-Regular.otf
16:19:18.859 [FXGL Background Thread 1 ] INFO  FXGLApplication      - FXGL initialization took: 0.631 sec
16:19:18.864 [FXGL Background Thread 4 ] DEBUG FXGLAssetLoaderServi - Loading from file system: jar:file:///D:/JAVA%20IDE%20WORKPLACE/localRepo/com/github/almasb/fxgl/21/fxgl-21.jar!/fxglassets/ui/fonts/Courier-Prime.ttf
16:19:18.871 [JavaFX Application Thread] DEBUG Input                - Registered new binding: action0 - W
16:19:18.871 [JavaFX Application Thread] DEBUG Input                - Registered new binding: action1 - A
16:19:18.871 [JavaFX Application Thread] DEBUG Input                - Registered new binding: action2 - S
16:19:18.872 [JavaFX Application Thread] DEBUG Input                - Registered new binding: action3 - D
16:19:18.872 [JavaFX Application Thread] DEBUG Input                - Registered new binding: action4 - Up
16:19:18.872 [JavaFX Application Thread] DEBUG Input                - Registered new binding: action5 - Left
16:19:18.872 [JavaFX Application Thread] DEBUG Input                - Registered new binding: action6 - Down
16:19:18.874 [JavaFX Application Thread] DEBUG Input                - Registered new binding: action7 - Right
16:19:18.874 [JavaFX Application Thread] DEBUG Input                - Registered new binding: action8 - J
16:19:18.874 [JavaFX Application Thread] DEBUG FXGLAssetLoaderServi - Loading from file system: file:/D:/Programs/Pokemon_Liu2.0/Pokemon/target/classes/assets/music/BGM.mp3
16:19:19.109 [FXGL Background Thread 2 ] WARN  UpdaterService       - Failed to find updates: java.net.UnknownHostException: raw.githubusercontent.com
16:19:19.297 [JavaFX Application Thread] DEBUG AudioPlayer          - Playing music com.almasb.fxgl.audio.Music@76e59903
16:19:19.297 [JavaFX Application Thread] DEBUG FXGLAssetLoaderServi - Loading from file system: file:/D:/Programs/Pokemon_Liu2.0/Pokemon/target/classes/assets/textures/icon.png
16:19:19.303 [JavaFX Application Thread] DEBUG FXGLAssetLoaderServi - Loading from file system: jar:file:///D:/JAVA%20IDE%20WORKPLACE/localRepo/com/github/almasb/fxgl/21/fxgl-21.jar!/fxglassets/textures/fxgl_default_cursor.png
16:19:19.304 [JavaFX Application Thread] DEBUG Input                - Registered new binding: Screenshot - CTRL+8
16:19:19.305 [JavaFX Application Thread] DEBUG Input                - Registered new binding: System info dump - CTRL+9
16:19:19.325 [JavaFX Application Thread] DEBUG Input                - Registered new binding: Restart - CTRL+R
16:19:19.327 [JavaFX Application Thread] DEBUG Input                - Registered new binding: Toggle Debug Camera - CTRL+7
16:19:19.328 [JavaFX Application Thread] DEBUG LoopRunner           - Starting loop
16:19:19.328 [JavaFX Application Thread] DEBUG LoopRunner           - Initializing JavaFX AnimationTimerLoop
16:19:19.330 [JavaFX Application Thread] DEBUG Input                - Clearing active input actions
16:19:19.337 [JavaFX Application Thread] DEBUG GameApplicationServi - Removing overlay from FXGLStartupScene and adding to FXGLMainMenuDummyScene
16:19:19.337 [JavaFX Application Thread] DEBUG PrimaryStageWindow   - FXGLStartupScene -> FXGLMainMenuDummyScene
16:19:19.337 [JavaFX Application Thread] DEBUG PrimaryStageWindow   - Push state: TestMainMenu
16:19:19.338 [JavaFX Application Thread] DEBUG Input                - Clearing active input actions
16:19:19.345 [JavaFX Application Thread] DEBUG GameApplicationServi - Removing overlay from FXGLMainMenuDummyScene and adding to TestMainMenu
16:19:19.345 [JavaFX Application Thread] DEBUG PrimaryStageWindow   - FXGLMainMenuDummyScene -> TestMainMenu
16:19:19.539 [JavaFX Application Thread] DEBUG FXGLApplication      - Registering font factories with UI factory
16:19:21.761 [FXGL Background Thread 3 ] DEBUG Engine               - Logging environment variables
16:19:21.761 [FXGL Background Thread 3 ] DEBUG Engine               - achievements: []
16:19:21.761 [FXGL Background Thread 3 ] DEBUG Engine               - actualHeight: 800.0
16:19:21.761 [FXGL Background Thread 3 ] DEBUG Engine               - actualHeightProperty: ReadOnlyDoubleProperty [value: 800.0]
16:19:21.761 [FXGL Background Thread 3 ] DEBUG Engine               - actualWidth: 1024.0
16:19:21.761 [FXGL Background Thread 3 ] DEBUG Engine               - actualWidthProperty: ReadOnlyDoubleProperty [value: 1024.0]
16:19:21.761 [FXGL Background Thread 3 ] DEBUG Engine               - appIcon: icon.png
16:19:21.761 [FXGL Background Thread 3 ] DEBUG Engine               - applicationMode: DEVELOPER
16:19:21.761 [FXGL Background Thread 3 ] DEBUG Engine               - cSSList: [fxgl_dark.css]
16:19:21.761 [FXGL Background Thread 3 ] DEBUG Engine               - collisionDetectionStrategy: BRUTE_FORCE
16:19:21.761 [FXGL Background Thread 3 ] DEBUG Engine               - configClass: Optional.empty
16:19:21.761 [FXGL Background Thread 3 ] DEBUG Engine               - credits: []
16:19:21.762 [FXGL Background Thread 3 ] DEBUG Engine               - defaultCursor: CursorInfo(imageName=fxgl_default_cursor.png, hotspotX=7.0, hotspotY=6.0)
16:19:21.762 [FXGL Background Thread 3 ] DEBUG Engine               - devBBoxColorProperty: ObjectProperty [value: 0xff0000ff]
16:19:21.762 [FXGL Background Thread 3 ] DEBUG Engine               - devEnableDebugCameraProperty: BooleanProperty [value: false]
16:19:21.762 [FXGL Background Thread 3 ] DEBUG Engine               - devSensorColorProperty: ObjectProperty [value: 0xffff00ff]
16:19:21.762 [FXGL Background Thread 3 ] DEBUG Engine               - devShowBBoxProperty: BooleanProperty [value: false]
16:19:21.762 [FXGL Background Thread 3 ] DEBUG Engine               - devShowPositionProperty: BooleanProperty [value: false]
16:19:21.763 [FXGL Background Thread 3 ] DEBUG Engine               - enabledMenuItems: []
16:19:21.763 [FXGL Background Thread 3 ] DEBUG Engine               - engineServices: [class com.almasb.fxgl.app.services.FXGLAssetLoaderService, class com.almasb.fxgl.app.FXGLApplication$GameApplicationService, class com.almasb.fxgl.app.services.FXGLDialogService, class com.almasb.fxgl.app.services.IOTaskExecutorService, class com.almasb.fxgl.io.FileSystemService, class com.almasb.fxgl.localization.LocalizationService, class com.almasb.fxgl.app.services.SystemBundleService, class com.almasb.fxgl.profile.SaveLoadService, class com.almasb.fxgl.ui.FXGLUIFactoryServiceProvider, class com.almasb.fxgl.ui.FXGLDialogFactoryServiceProvider, class com.almasb.fxgl.audio.AudioPlayer, class com.almasb.fxgl.notification.impl.NotificationServiceProvider, class com.almasb.fxgl.achievement.AchievementService, class com.almasb.fxgl.cutscene.CutsceneService, class com.almasb.fxgl.minigames.MiniGameService, class com.almasb.fxgl.net.NetService, class com.almasb.fxgl.app.services.UpdaterService, class com.almasb.fxgl.dev.DevService]
16:19:21.763 [FXGL Background Thread 3 ] DEBUG Engine               - fontGame: Abel-Regular.ttf
16:19:21.763 [FXGL Background Thread 3 ] DEBUG Engine               - fontMono: TerminalLandMono-Regular.otf
16:19:21.763 [FXGL Background Thread 3 ] DEBUG Engine               - fontSizeScaleUI: 1.0
16:19:21.763 [FXGL Background Thread 3 ] DEBUG Engine               - fontText: Courier-Prime.ttf
16:19:21.763 [FXGL Background Thread 3 ] DEBUG Engine               - fontUI: VarelaRound-Regular.ttf
16:19:21.763 [FXGL Background Thread 3 ] DEBUG Engine               - fullScreen: BooleanProperty [value: false]
16:19:21.763 [FXGL Background Thread 3 ] DEBUG Engine               - gameDifficulty: MEDIUM
16:19:21.763 [FXGL Background Thread 3 ] DEBUG Engine               - gameDifficultyProperty: ObjectProperty [value: MEDIUM]
16:19:21.763 [FXGL Background Thread 3 ] DEBUG Engine               - globalMusicVolume: 0.5
16:19:21.763 [FXGL Background Thread 3 ] DEBUG Engine               - globalMusicVolumeProperty: DoubleProperty [value: 0.1]
16:19:21.763 [FXGL Background Thread 3 ] DEBUG Engine               - globalSoundVolume: 0.5
16:19:21.763 [FXGL Background Thread 3 ] DEBUG Engine               - globalSoundVolumeProperty: DoubleProperty [value: 0.5]
16:19:21.763 [FXGL Background Thread 3 ] DEBUG Engine               - height: 800
16:19:21.763 [FXGL Background Thread 3 ] DEBUG Engine               - is3D: false
16:19:21.763 [FXGL Background Thread 3 ] DEBUG Engine               - isAndroid: false
16:19:21.763 [FXGL Background Thread 3 ] DEBUG Engine               - isBrowser: false
16:19:21.763 [FXGL Background Thread 3 ] DEBUG Engine               - isClickFeedbackEnabled: false
16:19:21.763 [FXGL Background Thread 3 ] DEBUG Engine               - isCloseConfirmation: false
16:19:21.763 [FXGL Background Thread 3 ] DEBUG Engine               - isDesktop: true
16:19:21.763 [FXGL Background Thread 3 ] DEBUG Engine               - isDeveloperMenuEnabled: false
16:19:21.763 [FXGL Background Thread 3 ] DEBUG Engine               - isEmbedded: false
16:19:21.763 [FXGL Background Thread 3 ] DEBUG Engine               - isEntityPreloadEnabled: true
16:19:21.763 [FXGL Background Thread 3 ] DEBUG Engine               - isExperimentalTiledLargeMap: false
16:19:21.763 [FXGL Background Thread 3 ] DEBUG Engine               - isFileSystemWriteAllowed: true
16:19:21.763 [FXGL Background Thread 3 ] DEBUG Engine               - isFullScreenAllowed: false
16:19:21.763 [FXGL Background Thread 3 ] DEBUG Engine               - isFullScreenFromStart: false
16:19:21.763 [FXGL Background Thread 3 ] DEBUG Engine               - isGameMenuEnabled: true
16:19:21.763 [FXGL Background Thread 3 ] DEBUG Engine               - isIOS: false
16:19:21.763 [FXGL Background Thread 3 ] DEBUG Engine               - isIntroEnabled: false
16:19:21.763 [FXGL Background Thread 3 ] DEBUG Engine               - isLinux: false
16:19:21.763 [FXGL Background Thread 3 ] DEBUG Engine               - isMac: false
16:19:21.764 [FXGL Background Thread 3 ] DEBUG Engine               - isMainMenuEnabled: true
16:19:21.764 [FXGL Background Thread 3 ] DEBUG Engine               - isManualResizeEnabled: false
16:19:21.764 [FXGL Background Thread 3 ] DEBUG Engine               - isMobile: false
16:19:21.764 [FXGL Background Thread 3 ] DEBUG Engine               - isNative: false
16:19:21.764 [FXGL Background Thread 3 ] DEBUG Engine               - isPauseMusicWhenMinimized: true
16:19:21.764 [FXGL Background Thread 3 ] DEBUG Engine               - isPreserveResizeRatio: false
16:19:21.764 [FXGL Background Thread 3 ] DEBUG Engine               - isProfilingEnabled: false
16:19:21.764 [FXGL Background Thread 3 ] DEBUG Engine               - isScaleAffectedOnResize: true
16:19:21.764 [FXGL Background Thread 3 ] DEBUG Engine               - isSingleStep: false
16:19:21.764 [FXGL Background Thread 3 ] DEBUG Engine               - isUserProfileEnabled: false
16:19:21.764 [FXGL Background Thread 3 ] DEBUG Engine               - isWindows: true
16:19:21.764 [FXGL Background Thread 3 ] DEBUG Engine               - language: ObjectProperty [value: ENGLISH]
16:19:21.764 [FXGL Background Thread 3 ] DEBUG Engine               - menuKey: ESCAPE
16:19:21.764 [FXGL Background Thread 3 ] DEBUG Engine               - mouseSensitivity: 0.2
16:19:21.764 [FXGL Background Thread 3 ] DEBUG Engine               - notificationViewClass: class com.almasb.fxgl.notification.view.XboxNotificationView
16:19:21.764 [FXGL Background Thread 3 ] DEBUG Engine               - pixelsPerMeter: 50.0
16:19:21.764 [FXGL Background Thread 3 ] DEBUG Engine               - platform: WINDOWS
16:19:21.764 [FXGL Background Thread 3 ] DEBUG Engine               - prefHeightProperty: ReadOnlyDoubleProperty [value: 800.0]
16:19:21.764 [FXGL Background Thread 3 ] DEBUG Engine               - prefWidthProperty: ReadOnlyDoubleProperty [value: 1024.0]
16:19:21.764 [FXGL Background Thread 3 ] DEBUG Engine               - profileDir: profiles/
16:19:21.764 [FXGL Background Thread 3 ] DEBUG Engine               - profileName: StringProperty [value: DEFAULT]
16:19:21.764 [FXGL Background Thread 3 ] DEBUG Engine               - randomSeed: -1
16:19:21.765 [FXGL Background Thread 3 ] DEBUG Engine               - runtimeInfo: RuntimeInfo(platform=WINDOWS, version=21, build=28.12.2023 13.35)
16:19:21.765 [FXGL Background Thread 3 ] DEBUG Engine               - saveFileExt: sav
16:19:21.765 [FXGL Background Thread 3 ] DEBUG Engine               - scaledHeightProp$fxgl: DoubleProperty [bound, value: 800.0]
16:19:21.765 [FXGL Background Thread 3 ] DEBUG Engine               - scaledWidthProp$fxgl: DoubleProperty [bound, value: 1024.0]
16:19:21.765 [FXGL Background Thread 3 ] DEBUG Engine               - sceneFactory: org.example.pokemon.map.GameApp$1@15f1a434
16:19:21.765 [FXGL Background Thread 3 ] DEBUG Engine               - secondsIn24h: 60
16:19:21.765 [FXGL Background Thread 3 ] DEBUG Engine               - soundMenuBack: menu/back.wav
16:19:21.765 [FXGL Background Thread 3 ] DEBUG Engine               - soundMenuPress: menu/press.wav
16:19:21.765 [FXGL Background Thread 3 ] DEBUG Engine               - soundMenuSelect: menu/select.wav
16:19:21.765 [FXGL Background Thread 3 ] DEBUG Engine               - soundNotification: core/notification.wav
16:19:21.765 [FXGL Background Thread 3 ] DEBUG Engine               - stageStyle: DECORATED
16:19:21.765 [FXGL Background Thread 3 ] DEBUG Engine               - supportedLanguages: [ENGLISH, FRENCH, GERMAN, HUNGARIAN, RUSSIAN]
16:19:21.765 [FXGL Background Thread 3 ] DEBUG Engine               - ticksPerSecond: -1
16:19:21.765 [FXGL Background Thread 3 ] DEBUG Engine               - title: Pokemon
16:19:21.765 [FXGL Background Thread 3 ] DEBUG Engine               - urlGithub: https://github.com/AlmasB/FXGL
16:19:21.765 [FXGL Background Thread 3 ] DEBUG Engine               - urlLeaderboard: http://fxgl-top.herokuapp.com/
16:19:21.765 [FXGL Background Thread 3 ] DEBUG Engine               - urlPOM: https://raw.githubusercontent.com/AlmasB/FXGL/release/README.md
16:19:21.765 [FXGL Background Thread 3 ] DEBUG Engine               - userAppClass: class org.example.pokemon.map.GameApp
16:19:21.765 [FXGL Background Thread 3 ] DEBUG Engine               - version: 0.1
16:19:21.765 [FXGL Background Thread 3 ] DEBUG Engine               - versionCheckDays: 7
16:19:21.765 [FXGL Background Thread 3 ] DEBUG Engine               - width: 1024
16:19:21.765 [FXGL Background Thread 3 ] DEBUG Engine               - Logging services
16:19:21.765 [FXGL Background Thread 3 ] DEBUG Engine               - class com.almasb.fxgl.app.services.FXGLAssetLoaderService
16:19:21.765 [FXGL Background Thread 3 ] DEBUG Engine               - class com.almasb.fxgl.app.FXGLApplication$GameApplicationService
16:19:21.765 [FXGL Background Thread 3 ] DEBUG Engine               - class com.almasb.fxgl.app.services.FXGLDialogService
16:19:21.765 [FXGL Background Thread 3 ] DEBUG Engine               - class com.almasb.fxgl.app.services.IOTaskExecutorService
16:19:21.765 [FXGL Background Thread 3 ] DEBUG Engine               - class com.almasb.fxgl.io.FileSystemService
16:19:21.765 [FXGL Background Thread 3 ] DEBUG Engine               - class com.almasb.fxgl.localization.LocalizationService
16:19:21.765 [FXGL Background Thread 3 ] DEBUG Engine               - class com.almasb.fxgl.app.services.SystemBundleService
16:19:21.765 [FXGL Background Thread 3 ] DEBUG Engine               - class com.almasb.fxgl.profile.SaveLoadService
16:19:21.765 [FXGL Background Thread 3 ] DEBUG Engine               - class com.almasb.fxgl.ui.FXGLUIFactoryServiceProvider
16:19:21.765 [FXGL Background Thread 3 ] DEBUG Engine               - class com.almasb.fxgl.ui.FXGLDialogFactoryServiceProvider
16:19:21.765 [FXGL Background Thread 3 ] DEBUG Engine               - class com.almasb.fxgl.audio.AudioPlayer
16:19:21.765 [FXGL Background Thread 3 ] DEBUG Engine               - class com.almasb.fxgl.notification.impl.NotificationServiceProvider
16:19:21.765 [FXGL Background Thread 3 ] DEBUG Engine               - class com.almasb.fxgl.achievement.AchievementService
16:19:21.765 [FXGL Background Thread 3 ] DEBUG Engine               - class com.almasb.fxgl.cutscene.CutsceneService
16:19:21.765 [FXGL Background Thread 3 ] DEBUG Engine               - class com.almasb.fxgl.minigames.MiniGameService
16:19:21.765 [FXGL Background Thread 3 ] DEBUG Engine               - class com.almasb.fxgl.net.NetService
16:19:21.765 [FXGL Background Thread 3 ] DEBUG Engine               - class com.almasb.fxgl.app.services.UpdaterService
16:19:21.765 [FXGL Background Thread 3 ] DEBUG Engine               - class com.almasb.fxgl.dev.DevService
16:19:31.810 [JavaFX Application Thread] DEBUG GameApplicationServi - Starting new game
16:19:31.811 [JavaFX Application Thread] DEBUG PrimaryStageWindow   - Pop state: TestMainMenu
16:19:31.811 [JavaFX Application Thread] DEBUG Input                - Clearing active input actions
16:19:31.811 [JavaFX Application Thread] DEBUG GameApplicationServi - Removing overlay from TestMainMenu and adding to FXGLMainMenuDummyScene
16:19:31.811 [JavaFX Application Thread] DEBUG PrimaryStageWindow   - FXGLMainMenuDummyScene <- TestMainMenu
16:19:31.812 [JavaFX Application Thread] DEBUG Input                - Clearing active input actions
16:19:31.815 [JavaFX Application Thread] DEBUG GameApplicationServi - Removing overlay from FXGLMainMenuDummyScene and adding to FXGLLoadingScene
16:19:31.815 [JavaFX Application Thread] DEBUG PrimaryStageWindow   - FXGLMainMenuDummyScene -> FXGLLoadingScene
16:19:31.815 [JavaFX Application Thread] DEBUG GameApplicationServi - Clearing previous game
16:19:31.815 [JavaFX Application Thread] DEBUG GameScene            - Clearing game scene
16:19:31.815 [JavaFX Application Thread] DEBUG GameWorld            - Clearing game world
16:19:31.815 [JavaFX Application Thread] DEBUG PhysicsWorld         - Clearing physics world
16:19:31.817 [FXGL Background Thread 2 ] DEBUG FXGLApplication      - Initializing game
16:19:31.841 [FXGL Background Thread 2 ] WARN  TMXLevelLoader       - TiledMap generated from 1.8.4. Supported version: 1.9.0. Some features may not be parsed fully.
16:19:31.859 [FXGL Background Thread 2 ] DEBUG TMXLevelLoader       - Parsed TiledMap: file:/D:/Programs/Pokemon_Liu2.0/Pokemon/target/classes/assets/levels/level1.tmx
16:19:31.861 [FXGL Background Thread 2 ] DEBUG TMXLevelLoader       - Creating tile layer entities
16:19:31.863 [FXGL Background Thread 2 ] DEBUG TilesetLoader        - Loading view for layer 图块层 1
16:19:31.870 [FXGL Background Thread 2 ] DEBUG TilesetLoader        - Created buffer with size 1024.0x800.0
16:19:31.887 [FXGL Background Thread 2 ] DEBUG TMXLevelLoader       - Creating object layer entities
16:19:31.977 [FXGL Background Thread 2 ] DEBUG FXGLAssetLoaderServi - Loading from file system: file:/D:/Programs/Pokemon_Liu2.0/Pokemon/target/classes/assets/textures/flower.png
16:19:32.002 [FXGL Background Thread 2 ] DEBUG GameWorld            - Clearing removable entities
16:19:32.002 [FXGL Background Thread 2 ] DEBUG GameWorld            - Setting level: com.almasb.fxgl.entity.level.Level@2e2e0d9b
16:19:32.011 [FXGL Background Thread 2 ] DEBUG FXGLAssetLoaderServi - Loading from file system: file:/D:/Programs/Pokemon_Liu2.0/Pokemon/target/classes/assets/textures/buLunDan2.png
16:19:32.018 [FXGL Background Thread 2 ] DEBUG FXGLAssetLoaderServi - Loading from file system: file:/D:/Programs/Pokemon_Liu2.0/Pokemon/target/classes/assets/textures/RacketTeam.png
16:19:32.021 [FXGL Background Thread 2 ] INFO  FXGLApplication      - Game initialization took: 0.203 sec
16:19:32.021 [JavaFX Application Thread] DEBUG Input                - Clearing active input actions
16:19:32.029 [JavaFX Application Thread] DEBUG GameApplicationServi - Removing overlay from FXGLLoadingScene and adding to GameScene
16:19:32.029 [JavaFX Application Thread] DEBUG PrimaryStageWindow   - FXGLLoadingScene -> GameScene
16:19:40.421 [JavaFX Application Thread] DEBUG FXGLAssetLoaderServi - Loading from file system: file:/D:/Programs/Pokemon_Liu2.0/Pokemon/target/classes/assets/textures/hint.png
16:19:41.527 [JavaFX Application Thread] DEBUG PrimaryStageWindow   - Push state: DialogSubScene
16:19:41.527 [JavaFX Application Thread] DEBUG Input                - Clearing active input actions
16:19:41.528 [JavaFX Application Thread] DEBUG GameApplicationServi - Removing overlay from GameScene and adding to DialogSubScene
16:19:41.528 [JavaFX Application Thread] DEBUG PrimaryStageWindow   - GameScene -> DialogSubScene
16:19:42.855 [JavaFX Application Thread] DEBUG PrimaryStageWindow   - Pop state: DialogSubScene
16:19:42.857 [JavaFX Application Thread] DEBUG Input                - Clearing active input actions
16:19:42.857 [JavaFX Application Thread] DEBUG GameApplicationServi - Removing overlay from DialogSubScene and adding to GameScene
16:19:42.857 [JavaFX Application Thread] DEBUG PrimaryStageWindow   - GameScene <- DialogSubScene
16:19:44.077 [Thread-8774              ] DEBUG LoopRunner           - Stopping loop
16:19:44.078 [Thread-8774              ] FATAL FXGLApplication      - Uncaught Exception:
java.lang.NullPointerException: Input stream must not be null
	at javafx.graphics@21/javafx.scene.image.Image.validateInputStream(Image.java:1140)
	at javafx.graphics@21/javafx.scene.image.Image.<init>(Image.java:707)
	at org.example.pokemon/org.example.pokemon.battle.Battle.showPet(Battle.java:479)
	at org.example.pokemon/org.example.pokemon.battle.Battle.act(Battle.java:146)
	at org.example.pokemon/org.example.pokemon.battle.Battle.battleStart(Battle.java:73)
	at org.example.pokemon/org.example.pokemon.battle.Battle.lambda$initBattle$0(Battle.java:46)
	at java.base/java.lang.Thread.run(Thread.java:1583)

16:19:44.078 [Thread-8774              ] FATAL FXGLApplication      - Application will now exit
16:19:44.094 [Thread-8774              ] DEBUG PrimaryStageWindow   - Push state: ErrorSubScene
16:19:44.094 [Thread-8774              ] DEBUG Input                - Clearing active input actions
16:19:55.249 [JavaFX Application Thread] DEBUG FXGLApplication      - Exiting FXGL
16:19:55.249 [JavaFX Application Thread] DEBUG Async                - Shutting down background threads
16:19:55.249 [JavaFX Application Thread] DEBUG PrimaryStageWindow   - Closing main window
16:19:55.273 [JavaFX Application Thread] DEBUG Logger               - Closing Logger
