16:47:36.514 [main                     ] DEBUG Logger               - Configured Logger
16:47:36.534 [main                     ] DEBUG GameApplication      - Logging settings
Title: Pokemon
Version: 0.1
Width: 1024
Height: 800
Fullscreen: false
Intro: false
Profiling: false
Single step:false
App Mode: DEVELOPER
Menu Key: ESCAPE
Stage Style: DECORATED
Scene Factory: class org.example.pokemon.map.GameApp$1

16:47:37.069 [JavaFX Application Thread] DEBUG FXGLApplication      - Initializing FXGL
16:47:37.071 [JavaFX Application Thread] INFO  Engine               - FXGL-21 (28.12.2023 13.35) on WINDOWS (J:21.0.1 FX:21)
16:47:37.071 [JavaFX Application Thread] DEBUG Engine               - JRE Vendor Name: Oracle Corporation
16:47:37.071 [JavaFX Application Thread] DEBUG Engine               - Running on OS: Windows 11 version 10.0
16:47:37.071 [JavaFX Application Thread] DEBUG Engine               - Architecture: amd64
16:47:37.071 [JavaFX Application Thread] INFO  Engine               - Source code and latest versions at: https://github.com/AlmasB/FXGL
16:47:37.072 [JavaFX Application Thread] INFO  Engine               -       Ask questions and discuss at: https://github.com/AlmasB/FXGL/discussions
16:47:37.072 [JavaFX Application Thread] INFO  Engine               -              Join the FXGL chat at: https://gitter.im/AlmasB/FXGL
16:47:37.126 [JavaFX Application Thread] DEBUG PrimaryStageWindow   - Creating a JavaFX scene
16:47:37.158 [JavaFX Application Thread] DEBUG PrimaryStageWindow   - Target settings size: 1024.0 x 800.0
16:47:37.158 [JavaFX Application Thread] DEBUG PrimaryStageWindow   - Scaled scene size:    1024.0 x 800.0
16:47:37.158 [JavaFX Application Thread] DEBUG PrimaryStageWindow   - Scaled ratio: (1.0, 1.0)
16:47:37.159 [JavaFX Application Thread] DEBUG PrimaryStageWindow   - Set initial scene to FXGLStartupScene
16:47:37.161 [JavaFX Application Thread] DEBUG PrimaryStageWindow   - Opening main window
16:47:37.402 [JavaFX Application Thread] DEBUG PrimaryStageWindow   - Window border size: (14.6666259765625, 37.33331298828125)
16:47:37.402 [JavaFX Application Thread] DEBUG PrimaryStageWindow   - Scaled size: 1024.0 x 800.0
16:47:37.402 [JavaFX Application Thread] DEBUG PrimaryStageWindow   - Scaled ratio: (1.0, 1.0)
16:47:37.403 [JavaFX Application Thread] DEBUG PrimaryStageWindow   - Scene size: 1024.0 x 800.0
16:47:37.403 [JavaFX Application Thread] DEBUG PrimaryStageWindow   - Stage size: 1038.6666259765625 x 837.3333129882812
16:47:37.406 [FXGL Background Thread 1 ] DEBUG Engine               - Initializing environment variables
16:47:37.441 [FXGL Background Thread 1 ] DEBUG FXGLAssetLoaderServi - User app class for loading assets: class org.example.pokemon.map.GameApp
16:47:37.441 [FXGL Background Thread 1 ] DEBUG GameApplicationServi - Applying CSS: fxgl_dark.css
16:47:37.441 [FXGL Background Thread 1 ] DEBUG FXGLAssetLoaderServi - Loading from file system: jar:file:///D:/JAVA%20IDE%20WORKPLACE/localRepoNew/com/github/almasb/fxgl/21/fxgl-21.jar!/fxglassets/ui/css/fxgl_dark.css
16:47:37.477 [FXGL Background Thread 1 ] DEBUG GameApplicationServi - Initializing application scenes
16:47:37.553 [FXGL Background Thread 1 ] DEBUG GameWorld            - Game world initialized
16:47:37.594 [FXGL Background Thread 1 ] DEBUG PhysicsWorld         - Physics world initialized: appHeight=800, physics.ppm=50.0
16:47:37.594 [FXGL Background Thread 1 ] DEBUG PhysicsWorld         - Using strategy: BRUTE_FORCE
16:47:37.597 [FXGL Background Thread 1 ] DEBUG GameScene            - Game scene initialized: 1024x800
16:47:37.777 [FXGL Background Thread 1 ] DEBUG FXGL.DefaultMenu     - createMenuBodyGameMenu()
16:47:37.788 [FXGL Background Thread 1 ] DEBUG FXGL.DefaultMenu     - createOptionsMenu()
16:47:37.795 [FXGL Background Thread 1 ] DEBUG FXGLAssetLoaderServi - Loading from file system: jar:file:///D:/JAVA%20IDE%20WORKPLACE/localRepoNew/com/github/almasb/fxgl/21/fxgl-21.jar!/fxglassets/textures/particles/smoke.png
16:47:37.883 [FXGL Background Thread 1 ] DEBUG FXGLAssetLoaderServi - Loading from file system: jar:file:///D:/JAVA%20IDE%20WORKPLACE/localRepoNew/com/github/almasb/fxgl/21/fxgl-21.jar!/fxglassets/textures/particles/trace_horizontal.png
16:47:37.900 [FXGL Background Thread 1 ] DEBUG GameApplicationServi - Application scenes initialized
16:47:37.907 [FXGL Background Thread 1 ] DEBUG SystemBundleService  - Loading FXGL system data
16:47:37.911 [FXGL Background Thread 1 ] DEBUG FileSystemAccess     - Reading from: D:\Programs\Pokemon_Liu1.5\Pokemon\system\fxgl.bundle
16:47:37.918 [FXGL Background Thread 1 ] DEBUG SystemBundleService  - Bundle FXGL: {}
16:47:37.918 [FXGL Background Thread 1 ] DEBUG UpdaterService       - Checking for updates
16:47:37.921 [FXGL Background Thread 4 ] DEBUG FXGLApplication      - Loading fonts
16:47:37.922 [FXGL Background Thread 4 ] DEBUG FXGLAssetLoaderServi - Loading from file system: jar:file:///D:/JAVA%20IDE%20WORKPLACE/localRepoNew/com/github/almasb/fxgl/21/fxgl-21.jar!/fxglassets/ui/fonts/VarelaRound-Regular.ttf
16:47:37.922 [FXGL Background Thread 1 ] DEBUG FXGLApplication      - Loading default localization
16:47:37.922 [FXGL Background Thread 1 ] DEBUG FXGLAssetLoaderServi - Loading from file system: jar:file:///D:/JAVA%20IDE%20WORKPLACE/localRepoNew/com/github/almasb/fxgl/21/fxgl-21.jar!/fxglassets/languages/english.lang
16:47:37.971 [FXGL Background Thread 4 ] DEBUG FXGLAssetLoaderServi - Loading from file system: jar:file:///D:/JAVA%20IDE%20WORKPLACE/localRepoNew/com/github/almasb/fxgl/21/fxgl-21.jar!/fxglassets/ui/fonts/Abel-Regular.ttf
16:47:37.981 [FXGL Background Thread 1 ] INFO  FXGLApplication      - FXGL initialization took: 0.574 sec
16:47:37.984 [FXGL Background Thread 4 ] DEBUG FXGLAssetLoaderServi - Loading from file system: jar:file:///D:/JAVA%20IDE%20WORKPLACE/localRepoNew/com/github/almasb/fxgl/21/fxgl-21.jar!/fxglassets/ui/fonts/TerminalLandMono-Regular.otf
16:47:37.992 [JavaFX Application Thread] DEBUG Input                - Registered new binding: action0 - W
16:47:37.992 [JavaFX Application Thread] DEBUG Input                - Registered new binding: action1 - A
16:47:37.992 [JavaFX Application Thread] DEBUG Input                - Registered new binding: action2 - S
16:47:37.993 [FXGL Background Thread 4 ] DEBUG FXGLAssetLoaderServi - Loading from file system: jar:file:///D:/JAVA%20IDE%20WORKPLACE/localRepoNew/com/github/almasb/fxgl/21/fxgl-21.jar!/fxglassets/ui/fonts/Courier-Prime.ttf
16:47:37.993 [JavaFX Application Thread] DEBUG Input                - Registered new binding: action3 - D
16:47:37.995 [JavaFX Application Thread] DEBUG Input                - Registered new binding: action4 - Up
16:47:37.995 [JavaFX Application Thread] DEBUG Input                - Registered new binding: action5 - Left
16:47:37.996 [JavaFX Application Thread] DEBUG Input                - Registered new binding: action6 - Down
16:47:37.997 [JavaFX Application Thread] DEBUG Input                - Registered new binding: action7 - Right
16:47:37.997 [JavaFX Application Thread] DEBUG Input                - Registered new binding: action8 - J
16:47:37.998 [JavaFX Application Thread] DEBUG FXGLAssetLoaderServi - Loading from file system: file:/D:/Programs/Pokemon_Liu1.5/Pokemon/target/classes/assets/music/BGM.mp3
16:47:38.258 [FXGL Background Thread 2 ] WARN  UpdaterService       - Failed to find updates: java.net.UnknownHostException: raw.githubusercontent.com
16:47:38.367 [JavaFX Application Thread] DEBUG AudioPlayer          - Playing music com.almasb.fxgl.audio.Music@5519dd61
16:47:38.367 [JavaFX Application Thread] DEBUG FXGLAssetLoaderServi - Loading from file system: file:/D:/Programs/Pokemon_Liu1.5/Pokemon/target/classes/assets/textures/icon.png
16:47:38.376 [JavaFX Application Thread] DEBUG FXGLAssetLoaderServi - Loading from file system: jar:file:///D:/JAVA%20IDE%20WORKPLACE/localRepoNew/com/github/almasb/fxgl/21/fxgl-21.jar!/fxglassets/textures/fxgl_default_cursor.png
16:47:38.377 [JavaFX Application Thread] DEBUG Input                - Registered new binding: Screenshot - CTRL+8
16:47:38.378 [JavaFX Application Thread] DEBUG Input                - Registered new binding: System info dump - CTRL+9
16:47:38.378 [JavaFX Application Thread] DEBUG Input                - Registered new binding: Restart - CTRL+R
16:47:38.378 [JavaFX Application Thread] DEBUG Input                - Registered new binding: Toggle Debug Camera - CTRL+7
16:47:38.381 [JavaFX Application Thread] DEBUG LoopRunner           - Starting loop
16:47:38.381 [JavaFX Application Thread] DEBUG LoopRunner           - Initializing JavaFX AnimationTimerLoop
16:47:38.382 [JavaFX Application Thread] DEBUG Input                - Clearing active input actions
16:47:38.389 [JavaFX Application Thread] DEBUG GameApplicationServi - Removing overlay from FXGLStartupScene and adding to FXGLMainMenuDummyScene
16:47:38.389 [JavaFX Application Thread] DEBUG PrimaryStageWindow   - FXGLStartupScene -> FXGLMainMenuDummyScene
16:47:38.389 [JavaFX Application Thread] DEBUG PrimaryStageWindow   - Push state: TestMainMenu
16:47:38.390 [JavaFX Application Thread] DEBUG Input                - Clearing active input actions
16:47:38.398 [JavaFX Application Thread] DEBUG GameApplicationServi - Removing overlay from FXGLMainMenuDummyScene and adding to TestMainMenu
16:47:38.398 [JavaFX Application Thread] DEBUG PrimaryStageWindow   - FXGLMainMenuDummyScene -> TestMainMenu
16:47:38.399 [JavaFX Application Thread] DEBUG FXGLApplication      - Registering font factories with UI factory
16:47:40.922 [FXGL Background Thread 3 ] DEBUG Engine               - Logging environment variables
16:47:40.922 [FXGL Background Thread 3 ] DEBUG Engine               - achievements: []
16:47:40.922 [FXGL Background Thread 3 ] DEBUG Engine               - actualHeight: 800.0
16:47:40.922 [FXGL Background Thread 3 ] DEBUG Engine               - actualHeightProperty: ReadOnlyDoubleProperty [value: 800.0]
16:47:40.923 [FXGL Background Thread 3 ] DEBUG Engine               - actualWidth: 1024.0
16:47:40.923 [FXGL Background Thread 3 ] DEBUG Engine               - actualWidthProperty: ReadOnlyDoubleProperty [value: 1024.0]
16:47:40.923 [FXGL Background Thread 3 ] DEBUG Engine               - appIcon: icon.png
16:47:40.923 [FXGL Background Thread 3 ] DEBUG Engine               - applicationMode: DEVELOPER
16:47:40.923 [FXGL Background Thread 3 ] DEBUG Engine               - cSSList: [fxgl_dark.css]
16:47:40.923 [FXGL Background Thread 3 ] DEBUG Engine               - collisionDetectionStrategy: BRUTE_FORCE
16:47:40.923 [FXGL Background Thread 3 ] DEBUG Engine               - configClass: Optional.empty
16:47:40.923 [FXGL Background Thread 3 ] DEBUG Engine               - credits: []
16:47:40.923 [FXGL Background Thread 3 ] DEBUG Engine               - defaultCursor: CursorInfo(imageName=fxgl_default_cursor.png, hotspotX=7.0, hotspotY=6.0)
16:47:40.923 [FXGL Background Thread 3 ] DEBUG Engine               - devBBoxColorProperty: ObjectProperty [value: 0xff0000ff]
16:47:40.923 [FXGL Background Thread 3 ] DEBUG Engine               - devEnableDebugCameraProperty: BooleanProperty [value: false]
16:47:40.923 [FXGL Background Thread 3 ] DEBUG Engine               - devSensorColorProperty: ObjectProperty [value: 0xffff00ff]
16:47:40.923 [FXGL Background Thread 3 ] DEBUG Engine               - devShowBBoxProperty: BooleanProperty [value: false]
16:47:40.923 [FXGL Background Thread 3 ] DEBUG Engine               - devShowPositionProperty: BooleanProperty [value: false]
16:47:40.924 [FXGL Background Thread 3 ] DEBUG Engine               - enabledMenuItems: []
16:47:40.924 [FXGL Background Thread 3 ] DEBUG Engine               - engineServices: [class com.almasb.fxgl.app.services.FXGLAssetLoaderService, class com.almasb.fxgl.app.FXGLApplication$GameApplicationService, class com.almasb.fxgl.app.services.FXGLDialogService, class com.almasb.fxgl.app.services.IOTaskExecutorService, class com.almasb.fxgl.io.FileSystemService, class com.almasb.fxgl.localization.LocalizationService, class com.almasb.fxgl.app.services.SystemBundleService, class com.almasb.fxgl.profile.SaveLoadService, class com.almasb.fxgl.ui.FXGLUIFactoryServiceProvider, class com.almasb.fxgl.ui.FXGLDialogFactoryServiceProvider, class com.almasb.fxgl.audio.AudioPlayer, class com.almasb.fxgl.notification.impl.NotificationServiceProvider, class com.almasb.fxgl.achievement.AchievementService, class com.almasb.fxgl.cutscene.CutsceneService, class com.almasb.fxgl.minigames.MiniGameService, class com.almasb.fxgl.net.NetService, class com.almasb.fxgl.app.services.UpdaterService, class com.almasb.fxgl.dev.DevService]
16:47:40.924 [FXGL Background Thread 3 ] DEBUG Engine               - fontGame: Abel-Regular.ttf
16:47:40.924 [FXGL Background Thread 3 ] DEBUG Engine               - fontMono: TerminalLandMono-Regular.otf
16:47:40.924 [FXGL Background Thread 3 ] DEBUG Engine               - fontSizeScaleUI: 1.0
16:47:40.924 [FXGL Background Thread 3 ] DEBUG Engine               - fontText: Courier-Prime.ttf
16:47:40.924 [FXGL Background Thread 3 ] DEBUG Engine               - fontUI: VarelaRound-Regular.ttf
16:47:40.924 [FXGL Background Thread 3 ] DEBUG Engine               - fullScreen: BooleanProperty [value: false]
16:47:40.924 [FXGL Background Thread 3 ] DEBUG Engine               - gameDifficulty: MEDIUM
16:47:40.924 [FXGL Background Thread 3 ] DEBUG Engine               - gameDifficultyProperty: ObjectProperty [value: MEDIUM]
16:47:40.924 [FXGL Background Thread 3 ] DEBUG Engine               - globalMusicVolume: 0.5
16:47:40.924 [FXGL Background Thread 3 ] DEBUG Engine               - globalMusicVolumeProperty: DoubleProperty [value: 0.1]
16:47:40.924 [FXGL Background Thread 3 ] DEBUG Engine               - globalSoundVolume: 0.5
16:47:40.924 [FXGL Background Thread 3 ] DEBUG Engine               - globalSoundVolumeProperty: DoubleProperty [value: 0.5]
16:47:40.924 [FXGL Background Thread 3 ] DEBUG Engine               - height: 800
16:47:40.924 [FXGL Background Thread 3 ] DEBUG Engine               - is3D: false
16:47:40.924 [FXGL Background Thread 3 ] DEBUG Engine               - isAndroid: false
16:47:40.924 [FXGL Background Thread 3 ] DEBUG Engine               - isBrowser: false
16:47:40.924 [FXGL Background Thread 3 ] DEBUG Engine               - isClickFeedbackEnabled: false
16:47:40.924 [FXGL Background Thread 3 ] DEBUG Engine               - isCloseConfirmation: false
16:47:40.924 [FXGL Background Thread 3 ] DEBUG Engine               - isDesktop: true
16:47:40.924 [FXGL Background Thread 3 ] DEBUG Engine               - isDeveloperMenuEnabled: false
16:47:40.924 [FXGL Background Thread 3 ] DEBUG Engine               - isEmbedded: false
16:47:40.924 [FXGL Background Thread 3 ] DEBUG Engine               - isEntityPreloadEnabled: true
16:47:40.924 [FXGL Background Thread 3 ] DEBUG Engine               - isExperimentalTiledLargeMap: false
16:47:40.924 [FXGL Background Thread 3 ] DEBUG Engine               - isFileSystemWriteAllowed: true
16:47:40.924 [FXGL Background Thread 3 ] DEBUG Engine               - isFullScreenAllowed: false
16:47:40.924 [FXGL Background Thread 3 ] DEBUG Engine               - isFullScreenFromStart: false
16:47:40.924 [FXGL Background Thread 3 ] DEBUG Engine               - isGameMenuEnabled: true
16:47:40.924 [FXGL Background Thread 3 ] DEBUG Engine               - isIOS: false
16:47:40.924 [FXGL Background Thread 3 ] DEBUG Engine               - isIntroEnabled: false
16:47:40.924 [FXGL Background Thread 3 ] DEBUG Engine               - isLinux: false
16:47:40.924 [FXGL Background Thread 3 ] DEBUG Engine               - isMac: false
16:47:40.924 [FXGL Background Thread 3 ] DEBUG Engine               - isMainMenuEnabled: true
16:47:40.924 [FXGL Background Thread 3 ] DEBUG Engine               - isManualResizeEnabled: false
16:47:40.925 [FXGL Background Thread 3 ] DEBUG Engine               - isMobile: false
16:47:40.925 [FXGL Background Thread 3 ] DEBUG Engine               - isNative: false
16:47:40.925 [FXGL Background Thread 3 ] DEBUG Engine               - isPauseMusicWhenMinimized: true
16:47:40.925 [FXGL Background Thread 3 ] DEBUG Engine               - isPreserveResizeRatio: false
16:47:40.925 [FXGL Background Thread 3 ] DEBUG Engine               - isProfilingEnabled: false
16:47:40.925 [FXGL Background Thread 3 ] DEBUG Engine               - isScaleAffectedOnResize: true
16:47:40.925 [FXGL Background Thread 3 ] DEBUG Engine               - isSingleStep: false
16:47:40.925 [FXGL Background Thread 3 ] DEBUG Engine               - isUserProfileEnabled: false
16:47:40.925 [FXGL Background Thread 3 ] DEBUG Engine               - isWindows: true
16:47:40.925 [FXGL Background Thread 3 ] DEBUG Engine               - language: ObjectProperty [value: ENGLISH]
16:47:40.925 [FXGL Background Thread 3 ] DEBUG Engine               - menuKey: ESCAPE
16:47:40.925 [FXGL Background Thread 3 ] DEBUG Engine               - mouseSensitivity: 0.2
16:47:40.925 [FXGL Background Thread 3 ] DEBUG Engine               - notificationViewClass: class com.almasb.fxgl.notification.view.XboxNotificationView
16:47:40.925 [FXGL Background Thread 3 ] DEBUG Engine               - pixelsPerMeter: 50.0
16:47:40.925 [FXGL Background Thread 3 ] DEBUG Engine               - platform: WINDOWS
16:47:40.925 [FXGL Background Thread 3 ] DEBUG Engine               - prefHeightProperty: ReadOnlyDoubleProperty [value: 800.0]
16:47:40.925 [FXGL Background Thread 3 ] DEBUG Engine               - prefWidthProperty: ReadOnlyDoubleProperty [value: 1024.0]
16:47:40.925 [FXGL Background Thread 3 ] DEBUG Engine               - profileDir: profiles/
16:47:40.925 [FXGL Background Thread 3 ] DEBUG Engine               - profileName: StringProperty [value: DEFAULT]
16:47:40.925 [FXGL Background Thread 3 ] DEBUG Engine               - randomSeed: -1
16:47:40.926 [FXGL Background Thread 3 ] DEBUG Engine               - runtimeInfo: RuntimeInfo(platform=WINDOWS, version=21, build=28.12.2023 13.35)
16:47:40.926 [FXGL Background Thread 3 ] DEBUG Engine               - saveFileExt: sav
16:47:40.926 [FXGL Background Thread 3 ] DEBUG Engine               - scaledHeightProp$fxgl: DoubleProperty [bound, value: 800.0]
16:47:40.926 [FXGL Background Thread 3 ] DEBUG Engine               - scaledWidthProp$fxgl: DoubleProperty [bound, value: 1024.0]
16:47:40.926 [FXGL Background Thread 3 ] DEBUG Engine               - sceneFactory: org.example.pokemon.map.GameApp$1@518fb888
16:47:40.926 [FXGL Background Thread 3 ] DEBUG Engine               - secondsIn24h: 60
16:47:40.926 [FXGL Background Thread 3 ] DEBUG Engine               - soundMenuBack: menu/back.wav
16:47:40.926 [FXGL Background Thread 3 ] DEBUG Engine               - soundMenuPress: menu/press.wav
16:47:40.926 [FXGL Background Thread 3 ] DEBUG Engine               - soundMenuSelect: menu/select.wav
16:47:40.926 [FXGL Background Thread 3 ] DEBUG Engine               - soundNotification: core/notification.wav
16:47:40.926 [FXGL Background Thread 3 ] DEBUG Engine               - stageStyle: DECORATED
16:47:40.926 [FXGL Background Thread 3 ] DEBUG Engine               - supportedLanguages: [ENGLISH, FRENCH, GERMAN, HUNGARIAN, RUSSIAN]
16:47:40.926 [FXGL Background Thread 3 ] DEBUG Engine               - ticksPerSecond: -1
16:47:40.926 [FXGL Background Thread 3 ] DEBUG Engine               - title: Pokemon
16:47:40.926 [FXGL Background Thread 3 ] DEBUG Engine               - urlGithub: https://github.com/AlmasB/FXGL
16:47:40.926 [FXGL Background Thread 3 ] DEBUG Engine               - urlLeaderboard: http://fxgl-top.herokuapp.com/
16:47:40.926 [FXGL Background Thread 3 ] DEBUG Engine               - urlPOM: https://raw.githubusercontent.com/AlmasB/FXGL/release/README.md
16:47:40.926 [FXGL Background Thread 3 ] DEBUG Engine               - userAppClass: class org.example.pokemon.map.GameApp
16:47:40.926 [FXGL Background Thread 3 ] DEBUG Engine               - version: 0.1
16:47:40.926 [FXGL Background Thread 3 ] DEBUG Engine               - versionCheckDays: 7
16:47:40.926 [FXGL Background Thread 3 ] DEBUG Engine               - width: 1024
16:47:40.926 [FXGL Background Thread 3 ] DEBUG Engine               - Logging services
16:47:40.926 [FXGL Background Thread 3 ] DEBUG Engine               - class com.almasb.fxgl.app.services.FXGLAssetLoaderService
16:47:40.926 [FXGL Background Thread 3 ] DEBUG Engine               - class com.almasb.fxgl.app.FXGLApplication$GameApplicationService
16:47:40.926 [FXGL Background Thread 3 ] DEBUG Engine               - class com.almasb.fxgl.app.services.FXGLDialogService
16:47:40.926 [FXGL Background Thread 3 ] DEBUG Engine               - class com.almasb.fxgl.app.services.IOTaskExecutorService
16:47:40.926 [FXGL Background Thread 3 ] DEBUG Engine               - class com.almasb.fxgl.io.FileSystemService
16:47:40.926 [FXGL Background Thread 3 ] DEBUG Engine               - class com.almasb.fxgl.localization.LocalizationService
16:47:40.926 [FXGL Background Thread 3 ] DEBUG Engine               - class com.almasb.fxgl.app.services.SystemBundleService
16:47:40.926 [FXGL Background Thread 3 ] DEBUG Engine               - class com.almasb.fxgl.profile.SaveLoadService
16:47:40.926 [FXGL Background Thread 3 ] DEBUG Engine               - class com.almasb.fxgl.ui.FXGLUIFactoryServiceProvider
16:47:40.926 [FXGL Background Thread 3 ] DEBUG Engine               - class com.almasb.fxgl.ui.FXGLDialogFactoryServiceProvider
16:47:40.926 [FXGL Background Thread 3 ] DEBUG Engine               - class com.almasb.fxgl.audio.AudioPlayer
16:47:40.926 [FXGL Background Thread 3 ] DEBUG Engine               - class com.almasb.fxgl.notification.impl.NotificationServiceProvider
16:47:40.926 [FXGL Background Thread 3 ] DEBUG Engine               - class com.almasb.fxgl.achievement.AchievementService
16:47:40.926 [FXGL Background Thread 3 ] DEBUG Engine               - class com.almasb.fxgl.cutscene.CutsceneService
16:47:40.926 [FXGL Background Thread 3 ] DEBUG Engine               - class com.almasb.fxgl.minigames.MiniGameService
16:47:40.926 [FXGL Background Thread 3 ] DEBUG Engine               - class com.almasb.fxgl.net.NetService
16:47:40.926 [FXGL Background Thread 3 ] DEBUG Engine               - class com.almasb.fxgl.app.services.UpdaterService
16:47:40.926 [FXGL Background Thread 3 ] DEBUG Engine               - class com.almasb.fxgl.dev.DevService
16:47:59.138 [JavaFX Application Thread] DEBUG GameApplicationServi - Starting new game
16:47:59.139 [JavaFX Application Thread] DEBUG PrimaryStageWindow   - Pop state: TestMainMenu
16:47:59.139 [JavaFX Application Thread] DEBUG Input                - Clearing active input actions
16:47:59.139 [JavaFX Application Thread] DEBUG GameApplicationServi - Removing overlay from TestMainMenu and adding to FXGLMainMenuDummyScene
16:47:59.139 [JavaFX Application Thread] DEBUG PrimaryStageWindow   - FXGLMainMenuDummyScene <- TestMainMenu
16:47:59.139 [JavaFX Application Thread] DEBUG Input                - Clearing active input actions
16:47:59.142 [JavaFX Application Thread] DEBUG GameApplicationServi - Removing overlay from FXGLMainMenuDummyScene and adding to FXGLLoadingScene
16:47:59.142 [JavaFX Application Thread] DEBUG PrimaryStageWindow   - FXGLMainMenuDummyScene -> FXGLLoadingScene
16:47:59.142 [JavaFX Application Thread] DEBUG GameApplicationServi - Clearing previous game
16:47:59.142 [JavaFX Application Thread] DEBUG GameScene            - Clearing game scene
16:47:59.142 [JavaFX Application Thread] DEBUG GameWorld            - Clearing game world
16:47:59.142 [JavaFX Application Thread] DEBUG PhysicsWorld         - Clearing physics world
16:47:59.143 [FXGL Background Thread 2 ] DEBUG FXGLApplication      - Initializing game
16:47:59.173 [FXGL Background Thread 2 ] WARN  TMXLevelLoader       - TiledMap generated from 1.8.4. Supported version: 1.9.0. Some features may not be parsed fully.
16:47:59.187 [FXGL Background Thread 2 ] DEBUG TMXLevelLoader       - Parsed TiledMap: file:/D:/Programs/Pokemon_Liu1.5/Pokemon/target/classes/assets/levels/level1.tmx
16:47:59.190 [FXGL Background Thread 2 ] DEBUG TMXLevelLoader       - Creating tile layer entities
16:47:59.191 [FXGL Background Thread 2 ] DEBUG TilesetLoader        - Loading view for layer 图块层 1
16:47:59.192 [FXGL Background Thread 2 ] DEBUG TilesetLoader        - Created buffer with size 1024.0x800.0
16:47:59.205 [FXGL Background Thread 2 ] DEBUG TMXLevelLoader       - Creating object layer entities
16:47:59.267 [FXGL Background Thread 2 ] DEBUG FXGLAssetLoaderServi - Loading from file system: file:/D:/Programs/Pokemon_Liu1.5/Pokemon/target/classes/assets/textures/flower.png
16:47:59.285 [FXGL Background Thread 2 ] DEBUG GameWorld            - Clearing removable entities
16:47:59.286 [FXGL Background Thread 2 ] DEBUG GameWorld            - Setting level: com.almasb.fxgl.entity.level.Level@2ee033f3
16:47:59.305 [FXGL Background Thread 2 ] DEBUG FXGLAssetLoaderServi - Loading from file system: file:/D:/Programs/Pokemon_Liu1.5/Pokemon/target/classes/assets/textures/buLunDan2.png
16:47:59.323 [FXGL Background Thread 2 ] DEBUG FXGLAssetLoaderServi - Loading from file system: file:/D:/Programs/Pokemon_Liu1.5/Pokemon/target/classes/assets/textures/RacketTeam.png
16:47:59.325 [FXGL Background Thread 2 ] INFO  FXGLApplication      - Game initialization took: 0.182 sec
16:47:59.325 [JavaFX Application Thread] DEBUG Input                - Clearing active input actions
16:47:59.332 [JavaFX Application Thread] DEBUG GameApplicationServi - Removing overlay from FXGLLoadingScene and adding to GameScene
16:47:59.332 [JavaFX Application Thread] DEBUG PrimaryStageWindow   - FXGLLoadingScene -> GameScene
16:48:11.154 [JavaFX Application Thread] DEBUG FXGLAssetLoaderServi - Loading from file system: file:/D:/Programs/Pokemon_Liu1.5/Pokemon/target/classes/assets/textures/hint.png
16:48:11.895 [JavaFX Application Thread] DEBUG PrimaryStageWindow   - Push state: DialogSubScene
16:48:11.896 [JavaFX Application Thread] DEBUG Input                - Clearing active input actions
16:48:11.896 [JavaFX Application Thread] DEBUG GameApplicationServi - Removing overlay from GameScene and adding to DialogSubScene
16:48:11.896 [JavaFX Application Thread] DEBUG PrimaryStageWindow   - GameScene -> DialogSubScene
16:48:13.307 [JavaFX Application Thread] DEBUG PrimaryStageWindow   - Pop state: DialogSubScene
16:48:13.307 [JavaFX Application Thread] DEBUG Input                - Clearing active input actions
16:48:13.309 [JavaFX Application Thread] DEBUG GameApplicationServi - Removing overlay from DialogSubScene and adding to GameScene
16:48:13.309 [JavaFX Application Thread] DEBUG PrimaryStageWindow   - GameScene <- DialogSubScene
16:48:48.429 [JavaFX Application Thread] DEBUG FXGLApplication      - Exiting FXGL
16:48:48.429 [JavaFX Application Thread] DEBUG LoopRunner           - Stopping loop
16:48:48.429 [JavaFX Application Thread] DEBUG SystemBundleService  - Saving FXGL system data
16:48:48.431 [JavaFX Application Thread] DEBUG FileSystemAccess     - Writing to: D:\Programs\Pokemon_Liu1.5\Pokemon\system\fxgl.bundle
16:48:48.432 [JavaFX Application Thread] DEBUG Async                - Shutting down background threads
16:48:48.432 [JavaFX Application Thread] DEBUG PrimaryStageWindow   - Closing main window
16:48:48.456 [JavaFX Application Thread] DEBUG Logger               - Closing Logger
