15:13:41.138 [main                     ] DEBUG Logger               - Configured Logger
15:13:41.161 [main                     ] DEBUG GameApplication      - Logging settings
Title: Pokemon
Version: 0.1
Width: 1024
Height: 800
Fullscreen: false
Intro: false
Profiling: false
Single step:false
App Mode: DEVELOPER
Menu Key: ESCAPE
Stage Style: DECORATED
Scene Factory: class com.almasb.fxgl.app.scene.SceneFactory

15:13:41.416 [JavaFX Application Thread] DEBUG FXGLApplication      - Initializing FXGL
15:13:41.420 [JavaFX Application Thread] INFO  Engine               - FXGL-21 (28.12.2023 13.35) on WINDOWS (J:21.0.4 FX:21)
15:13:41.420 [JavaFX Application Thread] DEBUG Engine               - JRE Vendor Name: Oracle Corporation
15:13:41.420 [JavaFX Application Thread] DEBUG Engine               - Running on OS: Windows 11 version 10.0
15:13:41.420 [JavaFX Application Thread] DEBUG Engine               - Architecture: amd64
15:13:41.420 [JavaFX Application Thread] INFO  Engine               - Source code and latest versions at: https://github.com/AlmasB/FXGL
15:13:41.420 [JavaFX Application Thread] INFO  Engine               -       Ask questions and discuss at: https://github.com/AlmasB/FXGL/discussions
15:13:41.420 [JavaFX Application Thread] INFO  Engine               -              Join the FXGL chat at: https://gitter.im/AlmasB/FXGL
15:13:41.475 [JavaFX Application Thread] DEBUG PrimaryStageWindow   - Creating a JavaFX scene
15:13:41.508 [JavaFX Application Thread] DEBUG PrimaryStageWindow   - Target settings size: 1024.0 x 800.0
15:13:41.508 [JavaFX Application Thread] DEBUG PrimaryStageWindow   - Scaled scene size:    1024.0 x 800.0
15:13:41.508 [JavaFX Application Thread] DEBUG PrimaryStageWindow   - Scaled ratio: (1.0, 1.0)
15:13:41.509 [JavaFX Application Thread] DEBUG PrimaryStageWindow   - Set initial scene to FXGLStartupScene
15:13:41.512 [JavaFX Application Thread] DEBUG PrimaryStageWindow   - Opening main window
15:13:41.561 [JavaFX Application Thread] DEBUG PrimaryStageWindow   - Window border size: (13.7142333984375, 36.5714111328125)
15:13:41.561 [JavaFX Application Thread] DEBUG PrimaryStageWindow   - Scaled size: 1024.0 x 800.0
15:13:41.561 [JavaFX Application Thread] DEBUG PrimaryStageWindow   - Scaled ratio: (1.0, 1.0)
15:13:41.561 [JavaFX Application Thread] DEBUG PrimaryStageWindow   - Scene size: 1024.0 x 800.0
15:13:41.561 [JavaFX Application Thread] DEBUG PrimaryStageWindow   - Stage size: 1037.7142333984375 x 836.5714111328125
15:13:41.567 [FXGL Background Thread 1 ] DEBUG Engine               - Initializing environment variables
15:13:41.615 [FXGL Background Thread 1 ] DEBUG FXGLAssetLoaderServi - User app class for loading assets: class org.example.pokemon.map.GameApp
15:13:41.615 [FXGL Background Thread 1 ] DEBUG GameApplicationServi - Applying CSS: fxgl_dark.css
15:13:41.616 [FXGL Background Thread 1 ] DEBUG FXGLAssetLoaderServi - Loading from file system: jar:file:///C:/Users/Kilig/.m2/repository/com/github/almasb/fxgl/21/fxgl-21.jar!/fxglassets/ui/css/fxgl_dark.css
15:13:41.648 [FXGL Background Thread 1 ] DEBUG GameApplicationServi - Initializing application scenes
15:13:41.697 [FXGL Background Thread 1 ] DEBUG GameWorld            - Game world initialized
15:13:41.730 [FXGL Background Thread 1 ] DEBUG PhysicsWorld         - Physics world initialized: appHeight=800, physics.ppm=50.0
15:13:41.731 [FXGL Background Thread 1 ] DEBUG PhysicsWorld         - Using strategy: BRUTE_FORCE
15:13:41.733 [FXGL Background Thread 1 ] DEBUG GameScene            - Game scene initialized: 1024x800
15:13:41.739 [FXGL Background Thread 1 ] DEBUG FXGL.DefaultMenu     - createMenuBodyGameMenu()
15:13:41.747 [FXGL Background Thread 1 ] DEBUG FXGL.DefaultMenu     - createOptionsMenu()
15:13:41.754 [FXGL Background Thread 1 ] DEBUG FXGLAssetLoaderServi - Loading from file system: jar:file:///C:/Users/Kilig/.m2/repository/com/github/almasb/fxgl/21/fxgl-21.jar!/fxglassets/textures/particles/smoke.png
15:13:41.815 [FXGL Background Thread 1 ] DEBUG FXGLAssetLoaderServi - Loading from file system: jar:file:///C:/Users/Kilig/.m2/repository/com/github/almasb/fxgl/21/fxgl-21.jar!/fxglassets/textures/particles/trace_horizontal.png
15:13:41.830 [FXGL Background Thread 1 ] DEBUG GameApplicationServi - Application scenes initialized
15:13:41.838 [FXGL Background Thread 1 ] DEBUG SystemBundleService  - Loading FXGL system data
15:13:41.841 [FXGL Background Thread 1 ] DEBUG FileSystemAccess     - Reading from: C:\Users\Kilig\Desktop\Pokemon\system\fxgl.bundle
15:13:41.848 [FXGL Background Thread 1 ] DEBUG SystemBundleService  - Bundle FXGL: {}
15:13:41.848 [FXGL Background Thread 1 ] DEBUG UpdaterService       - Checking for updates
15:13:41.849 [FXGL Background Thread 4 ] DEBUG FXGLApplication      - Loading fonts
15:13:41.850 [FXGL Background Thread 1 ] DEBUG FXGLApplication      - Loading default localization
15:13:41.850 [FXGL Background Thread 4 ] DEBUG FXGLAssetLoaderServi - Loading from file system: jar:file:///C:/Users/Kilig/.m2/repository/com/github/almasb/fxgl/21/fxgl-21.jar!/fxglassets/ui/fonts/VarelaRound-Regular.ttf
15:13:41.850 [FXGL Background Thread 1 ] DEBUG FXGLAssetLoaderServi - Loading from file system: jar:file:///C:/Users/Kilig/.m2/repository/com/github/almasb/fxgl/21/fxgl-21.jar!/fxglassets/languages/english.lang
15:13:41.880 [FXGL Background Thread 4 ] DEBUG FXGLAssetLoaderServi - Loading from file system: jar:file:///C:/Users/Kilig/.m2/repository/com/github/almasb/fxgl/21/fxgl-21.jar!/fxglassets/ui/fonts/Abel-Regular.ttf
15:13:41.883 [FXGL Background Thread 1 ] INFO  FXGLApplication      - FXGL initialization took: 0.316 sec
15:13:41.889 [JavaFX Application Thread] DEBUG Input                - Registered new binding: action0 - W
15:13:41.889 [JavaFX Application Thread] DEBUG Input                - Registered new binding: action1 - A
15:13:41.889 [JavaFX Application Thread] DEBUG Input                - Registered new binding: action2 - S
15:13:41.889 [FXGL Background Thread 4 ] DEBUG FXGLAssetLoaderServi - Loading from file system: jar:file:///C:/Users/Kilig/.m2/repository/com/github/almasb/fxgl/21/fxgl-21.jar!/fxglassets/ui/fonts/TerminalLandMono-Regular.otf
15:13:41.889 [JavaFX Application Thread] DEBUG Input                - Registered new binding: action3 - D
15:13:41.889 [JavaFX Application Thread] DEBUG Input                - Registered new binding: action4 - Up
15:13:41.889 [JavaFX Application Thread] DEBUG Input                - Registered new binding: action5 - Left
15:13:41.889 [JavaFX Application Thread] DEBUG Input                - Registered new binding: action6 - Down
15:13:41.890 [JavaFX Application Thread] DEBUG Input                - Registered new binding: action7 - Right
15:13:41.890 [JavaFX Application Thread] DEBUG FXGLAssetLoaderServi - Loading from file system: file:/C:/Users/Kilig/Desktop/Pokemon/target/classes/assets/music/BGM.mp3
15:13:41.897 [FXGL Background Thread 4 ] DEBUG FXGLAssetLoaderServi - Loading from file system: jar:file:///C:/Users/Kilig/.m2/repository/com/github/almasb/fxgl/21/fxgl-21.jar!/fxglassets/ui/fonts/Courier-Prime.ttf
15:13:41.983 [JavaFX Application Thread] DEBUG AudioPlayer          - Playing music com.almasb.fxgl.audio.Music@cf4c934
15:13:41.984 [JavaFX Application Thread] DEBUG FXGLAssetLoaderServi - Loading from file system: jar:file:///C:/Users/Kilig/.m2/repository/com/github/almasb/fxgl/21/fxgl-21.jar!/fxglassets/textures/fxgl_icon.png
15:13:42.000 [JavaFX Application Thread] DEBUG FXGLAssetLoaderServi - Loading from file system: jar:file:///C:/Users/Kilig/.m2/repository/com/github/almasb/fxgl/21/fxgl-21.jar!/fxglassets/textures/fxgl_default_cursor.png
15:13:42.002 [JavaFX Application Thread] DEBUG Input                - Registered new binding: Screenshot - CTRL+8
15:13:42.002 [JavaFX Application Thread] DEBUG Input                - Registered new binding: System info dump - CTRL+9
15:13:42.002 [JavaFX Application Thread] DEBUG Input                - Registered new binding: Restart - CTRL+R
15:13:42.003 [JavaFX Application Thread] DEBUG Input                - Registered new binding: Toggle Debug Camera - CTRL+7
15:13:42.005 [JavaFX Application Thread] DEBUG LoopRunner           - Starting loop
15:13:42.005 [JavaFX Application Thread] DEBUG LoopRunner           - Initializing JavaFX AnimationTimerLoop
15:13:42.006 [JavaFX Application Thread] DEBUG GameApplicationServi - Starting new game
15:13:42.006 [JavaFX Application Thread] DEBUG Input                - Clearing active input actions
15:13:42.026 [JavaFX Application Thread] DEBUG GameApplicationServi - Removing overlay from FXGLStartupScene and adding to FXGLLoadingScene
15:13:42.026 [JavaFX Application Thread] DEBUG PrimaryStageWindow   - FXGLStartupScene -> FXGLLoadingScene
15:13:42.027 [JavaFX Application Thread] DEBUG GameApplicationServi - Clearing previous game
15:13:42.027 [JavaFX Application Thread] DEBUG GameScene            - Clearing game scene
15:13:42.027 [JavaFX Application Thread] DEBUG GameWorld            - Clearing game world
15:13:42.027 [JavaFX Application Thread] DEBUG PhysicsWorld         - Clearing physics world
15:13:42.028 [FXGL Background Thread 4 ] DEBUG FXGLApplication      - Initializing game
15:13:42.032 [JavaFX Application Thread] DEBUG FXGLApplication      - Registering font factories with UI factory
15:13:42.052 [FXGL Background Thread 4 ] WARN  TMXLevelLoader       - TiledMap generated from 1.8.4. Supported version: 1.9.0. Some features may not be parsed fully.
15:13:42.081 [FXGL Background Thread 4 ] DEBUG TMXLevelLoader       - Parsed TiledMap: file:/C:/Users/Kilig/Desktop/Pokemon/target/classes/assets/levels/level2.tmx
15:13:42.082 [FXGL Background Thread 4 ] DEBUG TMXLevelLoader       - Creating tile layer entities
15:13:42.084 [FXGL Background Thread 4 ] DEBUG TilesetLoader        - Loading view for layer 图块层 1
15:13:42.086 [FXGL Background Thread 4 ] DEBUG TilesetLoader        - Created buffer with size 1024.0x800.0
15:13:42.094 [FXGL Background Thread 4 ] DEBUG TMXLevelLoader       - Creating object layer entities
15:13:42.097 [FXGL Background Thread 4 ] DEBUG FXGLAssetLoaderServi - Loading from file system: file:/C:/Users/Kilig/Desktop/Pokemon/target/classes/assets/textures/ssea.png
15:13:42.247 [FXGL Background Thread 4 ] DEBUG GameWorld            - Clearing removable entities
15:13:42.247 [FXGL Background Thread 4 ] DEBUG GameWorld            - Setting level: com.almasb.fxgl.entity.level.Level@465b3d57
15:13:42.270 [FXGL Background Thread 4 ] DEBUG FXGLAssetLoaderServi - Loading from file system: file:/C:/Users/Kilig/Desktop/Pokemon/target/classes/assets/textures/buLunDan2.png
15:13:42.281 [FXGL Background Thread 4 ] DEBUG FXGLAssetLoaderServi - Loading from file system: file:/C:/Users/Kilig/Desktop/Pokemon/target/classes/assets/textures/RacketTeam.png
15:13:42.285 [FXGL Background Thread 4 ] INFO  FXGLApplication      - Game initialization took: 0.257 sec
15:13:42.285 [JavaFX Application Thread] DEBUG Input                - Clearing active input actions
15:13:42.296 [JavaFX Application Thread] DEBUG GameApplicationServi - Removing overlay from FXGLLoadingScene and adding to GameScene
15:13:42.296 [JavaFX Application Thread] DEBUG PrimaryStageWindow   - FXGLLoadingScene -> GameScene
15:13:44.850 [FXGL Background Thread 3 ] DEBUG Engine               - Logging environment variables
15:13:44.850 [FXGL Background Thread 3 ] DEBUG Engine               - achievements: []
15:13:44.850 [FXGL Background Thread 3 ] DEBUG Engine               - actualHeight: 800.0
15:13:44.850 [FXGL Background Thread 3 ] DEBUG Engine               - actualHeightProperty: ReadOnlyDoubleProperty [value: 800.0]
15:13:44.850 [FXGL Background Thread 3 ] DEBUG Engine               - actualWidth: 1024.0
15:13:44.850 [FXGL Background Thread 3 ] DEBUG Engine               - actualWidthProperty: ReadOnlyDoubleProperty [value: 1024.0]
15:13:44.850 [FXGL Background Thread 3 ] DEBUG Engine               - appIcon: fxgl_icon.png
15:13:44.850 [FXGL Background Thread 3 ] DEBUG Engine               - applicationMode: DEVELOPER
15:13:44.850 [FXGL Background Thread 3 ] DEBUG Engine               - cSSList: [fxgl_dark.css]
15:13:44.851 [FXGL Background Thread 3 ] DEBUG Engine               - collisionDetectionStrategy: BRUTE_FORCE
15:13:44.851 [FXGL Background Thread 3 ] DEBUG Engine               - configClass: Optional.empty
15:13:44.851 [FXGL Background Thread 3 ] DEBUG Engine               - credits: []
15:13:44.851 [FXGL Background Thread 3 ] DEBUG Engine               - defaultCursor: CursorInfo(imageName=fxgl_default_cursor.png, hotspotX=7.0, hotspotY=6.0)
15:13:44.851 [FXGL Background Thread 3 ] DEBUG Engine               - devBBoxColorProperty: ObjectProperty [value: 0xff0000ff]
15:13:44.851 [FXGL Background Thread 3 ] DEBUG Engine               - devEnableDebugCameraProperty: BooleanProperty [value: false]
15:13:44.851 [FXGL Background Thread 3 ] DEBUG Engine               - devSensorColorProperty: ObjectProperty [value: 0xffff00ff]
15:13:44.851 [FXGL Background Thread 3 ] DEBUG Engine               - devShowBBoxProperty: BooleanProperty [value: false]
15:13:44.851 [FXGL Background Thread 3 ] DEBUG Engine               - devShowPositionProperty: BooleanProperty [value: false]
15:13:44.851 [FXGL Background Thread 3 ] DEBUG Engine               - enabledMenuItems: []
15:13:44.851 [FXGL Background Thread 3 ] DEBUG Engine               - engineServices: [class com.almasb.fxgl.app.services.FXGLAssetLoaderService, class com.almasb.fxgl.app.FXGLApplication$GameApplicationService, class com.almasb.fxgl.app.services.FXGLDialogService, class com.almasb.fxgl.app.services.IOTaskExecutorService, class com.almasb.fxgl.io.FileSystemService, class com.almasb.fxgl.localization.LocalizationService, class com.almasb.fxgl.app.services.SystemBundleService, class com.almasb.fxgl.profile.SaveLoadService, class com.almasb.fxgl.ui.FXGLUIFactoryServiceProvider, class com.almasb.fxgl.ui.FXGLDialogFactoryServiceProvider, class com.almasb.fxgl.audio.AudioPlayer, class com.almasb.fxgl.notification.impl.NotificationServiceProvider, class com.almasb.fxgl.achievement.AchievementService, class com.almasb.fxgl.cutscene.CutsceneService, class com.almasb.fxgl.minigames.MiniGameService, class com.almasb.fxgl.net.NetService, class com.almasb.fxgl.app.services.UpdaterService, class com.almasb.fxgl.dev.DevService]
15:13:44.851 [FXGL Background Thread 3 ] DEBUG Engine               - fontGame: Abel-Regular.ttf
15:13:44.851 [FXGL Background Thread 3 ] DEBUG Engine               - fontMono: TerminalLandMono-Regular.otf
15:13:44.851 [FXGL Background Thread 3 ] DEBUG Engine               - fontSizeScaleUI: 1.0
15:13:44.851 [FXGL Background Thread 3 ] DEBUG Engine               - fontText: Courier-Prime.ttf
15:13:44.852 [FXGL Background Thread 3 ] DEBUG Engine               - fontUI: VarelaRound-Regular.ttf
15:13:44.852 [FXGL Background Thread 3 ] DEBUG Engine               - fullScreen: BooleanProperty [value: false]
15:13:44.852 [FXGL Background Thread 3 ] DEBUG Engine               - gameDifficulty: MEDIUM
15:13:44.852 [FXGL Background Thread 3 ] DEBUG Engine               - gameDifficultyProperty: ObjectProperty [value: MEDIUM]
15:13:44.852 [FXGL Background Thread 3 ] DEBUG Engine               - globalMusicVolume: 0.5
15:13:44.852 [FXGL Background Thread 3 ] DEBUG Engine               - globalMusicVolumeProperty: DoubleProperty [value: 0.4]
15:13:44.852 [FXGL Background Thread 3 ] DEBUG Engine               - globalSoundVolume: 0.5
15:13:44.852 [FXGL Background Thread 3 ] DEBUG Engine               - globalSoundVolumeProperty: DoubleProperty [value: 0.5]
15:13:44.852 [FXGL Background Thread 3 ] DEBUG Engine               - height: 800
15:13:44.852 [FXGL Background Thread 3 ] DEBUG Engine               - is3D: false
15:13:44.852 [FXGL Background Thread 3 ] DEBUG Engine               - isAndroid: false
15:13:44.852 [FXGL Background Thread 3 ] DEBUG Engine               - isBrowser: false
15:13:44.852 [FXGL Background Thread 3 ] DEBUG Engine               - isClickFeedbackEnabled: false
15:13:44.852 [FXGL Background Thread 3 ] DEBUG Engine               - isCloseConfirmation: false
15:13:44.852 [FXGL Background Thread 3 ] DEBUG Engine               - isDesktop: true
15:13:44.852 [FXGL Background Thread 3 ] DEBUG Engine               - isDeveloperMenuEnabled: false
15:13:44.852 [FXGL Background Thread 3 ] DEBUG Engine               - isEmbedded: false
15:13:44.852 [FXGL Background Thread 3 ] DEBUG Engine               - isEntityPreloadEnabled: true
15:13:44.852 [FXGL Background Thread 3 ] DEBUG Engine               - isExperimentalTiledLargeMap: false
15:13:44.852 [FXGL Background Thread 3 ] DEBUG Engine               - isFileSystemWriteAllowed: true
15:13:44.852 [FXGL Background Thread 3 ] DEBUG Engine               - isFullScreenAllowed: false
15:13:44.852 [FXGL Background Thread 3 ] DEBUG Engine               - isFullScreenFromStart: false
15:13:44.852 [FXGL Background Thread 3 ] DEBUG Engine               - isGameMenuEnabled: true
15:13:44.852 [FXGL Background Thread 3 ] DEBUG Engine               - isIOS: false
15:13:44.853 [FXGL Background Thread 3 ] DEBUG Engine               - isIntroEnabled: false
15:13:44.853 [FXGL Background Thread 3 ] DEBUG Engine               - isLinux: false
15:13:44.853 [FXGL Background Thread 3 ] DEBUG Engine               - isMac: false
15:13:44.853 [FXGL Background Thread 3 ] DEBUG Engine               - isMainMenuEnabled: false
15:13:44.853 [FXGL Background Thread 3 ] DEBUG Engine               - isManualResizeEnabled: false
15:13:44.853 [FXGL Background Thread 3 ] DEBUG Engine               - isMobile: false
15:13:44.853 [FXGL Background Thread 3 ] DEBUG Engine               - isNative: false
15:13:44.853 [FXGL Background Thread 3 ] DEBUG Engine               - isPauseMusicWhenMinimized: true
15:13:44.853 [FXGL Background Thread 3 ] DEBUG Engine               - isPreserveResizeRatio: false
15:13:44.853 [FXGL Background Thread 3 ] DEBUG Engine               - isProfilingEnabled: false
15:13:44.853 [FXGL Background Thread 3 ] DEBUG Engine               - isScaleAffectedOnResize: true
15:13:44.853 [FXGL Background Thread 3 ] DEBUG Engine               - isSingleStep: false
15:13:44.853 [FXGL Background Thread 3 ] DEBUG Engine               - isUserProfileEnabled: false
15:13:44.853 [FXGL Background Thread 3 ] DEBUG Engine               - isWindows: true
15:13:44.853 [FXGL Background Thread 3 ] DEBUG Engine               - language: ObjectProperty [value: ENGLISH]
15:13:44.853 [FXGL Background Thread 3 ] DEBUG Engine               - menuKey: ESCAPE
15:13:44.853 [FXGL Background Thread 3 ] DEBUG Engine               - mouseSensitivity: 0.2
15:13:44.853 [FXGL Background Thread 3 ] DEBUG Engine               - notificationViewClass: class com.almasb.fxgl.notification.view.XboxNotificationView
15:13:44.853 [FXGL Background Thread 3 ] DEBUG Engine               - pixelsPerMeter: 50.0
15:13:44.853 [FXGL Background Thread 3 ] DEBUG Engine               - platform: WINDOWS
15:13:44.853 [FXGL Background Thread 3 ] DEBUG Engine               - prefHeightProperty: ReadOnlyDoubleProperty [value: 800.0]
15:13:44.853 [FXGL Background Thread 3 ] DEBUG Engine               - prefWidthProperty: ReadOnlyDoubleProperty [value: 1024.0]
15:13:44.853 [FXGL Background Thread 3 ] DEBUG Engine               - profileDir: profiles/
15:13:44.853 [FXGL Background Thread 3 ] DEBUG Engine               - profileName: StringProperty [value: DEFAULT]
15:13:44.853 [FXGL Background Thread 3 ] DEBUG Engine               - randomSeed: -1
15:13:44.853 [FXGL Background Thread 3 ] DEBUG Engine               - runtimeInfo: RuntimeInfo(platform=WINDOWS, version=21, build=28.12.2023 13.35)
15:13:44.853 [FXGL Background Thread 3 ] DEBUG Engine               - saveFileExt: sav
15:13:44.853 [FXGL Background Thread 3 ] DEBUG Engine               - scaledHeightProp$fxgl: DoubleProperty [bound, value: 800.0]
15:13:44.853 [FXGL Background Thread 3 ] DEBUG Engine               - scaledWidthProp$fxgl: DoubleProperty [bound, value: 1024.0]
15:13:44.853 [FXGL Background Thread 3 ] DEBUG Engine               - sceneFactory: com.almasb.fxgl.app.scene.SceneFactory@3cb56c5a
15:13:44.853 [FXGL Background Thread 3 ] DEBUG Engine               - secondsIn24h: 60
15:13:44.853 [FXGL Background Thread 3 ] DEBUG Engine               - soundMenuBack: menu/back.wav
15:13:44.853 [FXGL Background Thread 3 ] DEBUG Engine               - soundMenuPress: menu/press.wav
15:13:44.853 [FXGL Background Thread 3 ] DEBUG Engine               - soundMenuSelect: menu/select.wav
15:13:44.853 [FXGL Background Thread 3 ] DEBUG Engine               - soundNotification: core/notification.wav
15:13:44.853 [FXGL Background Thread 3 ] DEBUG Engine               - stageStyle: DECORATED
15:13:44.853 [FXGL Background Thread 3 ] DEBUG Engine               - supportedLanguages: [ENGLISH, FRENCH, GERMAN, HUNGARIAN, RUSSIAN]
15:13:44.853 [FXGL Background Thread 3 ] DEBUG Engine               - ticksPerSecond: -1
15:13:44.853 [FXGL Background Thread 3 ] DEBUG Engine               - title: Pokemon
15:13:44.853 [FXGL Background Thread 3 ] DEBUG Engine               - urlGithub: https://github.com/AlmasB/FXGL
15:13:44.853 [FXGL Background Thread 3 ] DEBUG Engine               - urlLeaderboard: http://fxgl-top.herokuapp.com/
15:13:44.853 [FXGL Background Thread 3 ] DEBUG Engine               - urlPOM: https://raw.githubusercontent.com/AlmasB/FXGL/release/README.md
15:13:44.853 [FXGL Background Thread 3 ] DEBUG Engine               - userAppClass: class org.example.pokemon.map.GameApp
15:13:44.854 [FXGL Background Thread 3 ] DEBUG Engine               - version: 0.1
15:13:44.854 [FXGL Background Thread 3 ] DEBUG Engine               - versionCheckDays: 7
15:13:44.854 [FXGL Background Thread 3 ] DEBUG Engine               - width: 1024
15:13:44.854 [FXGL Background Thread 3 ] DEBUG Engine               - Logging services
15:13:44.854 [FXGL Background Thread 3 ] DEBUG Engine               - class com.almasb.fxgl.app.services.FXGLAssetLoaderService
15:13:44.854 [FXGL Background Thread 3 ] DEBUG Engine               - class com.almasb.fxgl.app.FXGLApplication$GameApplicationService
15:13:44.854 [FXGL Background Thread 3 ] DEBUG Engine               - class com.almasb.fxgl.app.services.FXGLDialogService
15:13:44.854 [FXGL Background Thread 3 ] DEBUG Engine               - class com.almasb.fxgl.app.services.IOTaskExecutorService
15:13:44.854 [FXGL Background Thread 3 ] DEBUG Engine               - class com.almasb.fxgl.io.FileSystemService
15:13:44.854 [FXGL Background Thread 3 ] DEBUG Engine               - class com.almasb.fxgl.localization.LocalizationService
15:13:44.854 [FXGL Background Thread 3 ] DEBUG Engine               - class com.almasb.fxgl.app.services.SystemBundleService
15:13:44.854 [FXGL Background Thread 3 ] DEBUG Engine               - class com.almasb.fxgl.profile.SaveLoadService
15:13:44.854 [FXGL Background Thread 3 ] DEBUG Engine               - class com.almasb.fxgl.ui.FXGLUIFactoryServiceProvider
15:13:44.854 [FXGL Background Thread 3 ] DEBUG Engine               - class com.almasb.fxgl.ui.FXGLDialogFactoryServiceProvider
15:13:44.854 [FXGL Background Thread 3 ] DEBUG Engine               - class com.almasb.fxgl.audio.AudioPlayer
15:13:44.854 [FXGL Background Thread 3 ] DEBUG Engine               - class com.almasb.fxgl.notification.impl.NotificationServiceProvider
15:13:44.854 [FXGL Background Thread 3 ] DEBUG Engine               - class com.almasb.fxgl.achievement.AchievementService
15:13:44.854 [FXGL Background Thread 3 ] DEBUG Engine               - class com.almasb.fxgl.cutscene.CutsceneService
15:13:44.854 [FXGL Background Thread 3 ] DEBUG Engine               - class com.almasb.fxgl.minigames.MiniGameService
15:13:44.854 [FXGL Background Thread 3 ] DEBUG Engine               - class com.almasb.fxgl.net.NetService
15:13:44.854 [FXGL Background Thread 3 ] DEBUG Engine               - class com.almasb.fxgl.app.services.UpdaterService
15:13:44.854 [FXGL Background Thread 3 ] DEBUG Engine               - class com.almasb.fxgl.dev.DevService
15:14:05.283 [JavaFX Application Thread] DEBUG FXGLApplication      - Exiting FXGL
15:14:05.283 [JavaFX Application Thread] DEBUG LoopRunner           - Stopping loop
15:14:05.283 [JavaFX Application Thread] DEBUG SystemBundleService  - Saving FXGL system data
15:14:05.285 [JavaFX Application Thread] DEBUG FileSystemAccess     - Writing to: C:\Users\Kilig\Desktop\Pokemon\system\fxgl.bundle
15:14:05.287 [JavaFX Application Thread] DEBUG Async                - Shutting down background threads
15:14:05.287 [JavaFX Application Thread] DEBUG PrimaryStageWindow   - Closing main window
15:14:05.297 [JavaFX Application Thread] DEBUG Logger               - Closing Logger
