08:05:00.409 [main                     ] DEBUG Logger               - Configured Logger
08:05:00.436 [main                     ] DEBUG GameApplication      - Logging settings
Title: Pokemon
Version: 0.1
Width: 1024
Height: 800
Fullscreen: false
Intro: false
Profiling: false
Single step:false
App Mode: DEVELOPER
Menu Key: ESCAPE
Stage Style: DECORATED
Scene Factory: class org.example.pokemon.map.GameApp$1

08:05:00.679 [JavaFX Application Thread] DEBUG FXGLApplication      - Initializing FXGL
08:05:00.683 [JavaFX Application Thread] INFO  Engine               - FXGL-21 (28.12.2023 13.35) on WINDOWS (J:21.0.4 FX:21)
08:05:00.684 [JavaFX Application Thread] DEBUG Engine               - JRE Vendor Name: Oracle Corporation
08:05:00.684 [JavaFX Application Thread] DEBUG Engine               - Running on OS: Windows 11 version 10.0
08:05:00.684 [JavaFX Application Thread] DEBUG Engine               - Architecture: amd64
08:05:00.684 [JavaFX Application Thread] INFO  Engine               - Source code and latest versions at: https://github.com/AlmasB/FXGL
08:05:00.684 [JavaFX Application Thread] INFO  Engine               -       Ask questions and discuss at: https://github.com/AlmasB/FXGL/discussions
08:05:00.684 [JavaFX Application Thread] INFO  Engine               -              Join the FXGL chat at: https://gitter.im/AlmasB/FXGL
08:05:00.734 [JavaFX Application Thread] DEBUG PrimaryStageWindow   - Creating a JavaFX scene
08:05:00.765 [JavaFX Application Thread] DEBUG PrimaryStageWindow   - Target settings size: 1024.0 x 800.0
08:05:00.765 [JavaFX Application Thread] DEBUG PrimaryStageWindow   - Scaled scene size:    1024.0 x 800.0
08:05:00.765 [JavaFX Application Thread] DEBUG PrimaryStageWindow   - Scaled ratio: (1.0, 1.0)
08:05:00.766 [JavaFX Application Thread] DEBUG PrimaryStageWindow   - Set initial scene to FXGLStartupScene
08:05:00.768 [JavaFX Application Thread] DEBUG PrimaryStageWindow   - Opening main window
08:05:00.834 [JavaFX Application Thread] DEBUG PrimaryStageWindow   - Window border size: (14.6666259765625, 37.33331298828125)
08:05:00.834 [JavaFX Application Thread] DEBUG PrimaryStageWindow   - Scaled size: 1024.0 x 800.0
08:05:00.834 [JavaFX Application Thread] DEBUG PrimaryStageWindow   - Scaled ratio: (1.0, 1.0)
08:05:00.834 [JavaFX Application Thread] DEBUG PrimaryStageWindow   - Scene size: 1024.0 x 800.0
08:05:00.834 [JavaFX Application Thread] DEBUG PrimaryStageWindow   - Stage size: 1038.6666259765625 x 837.3333129882812
08:05:00.838 [FXGL Background Thread 1 ] DEBUG Engine               - Initializing environment variables
08:05:00.888 [FXGL Background Thread 1 ] DEBUG FXGLAssetLoaderServi - User app class for loading assets: class org.example.pokemon.map.GameApp
08:05:00.889 [FXGL Background Thread 1 ] DEBUG GameApplicationServi - Applying CSS: fxgl_dark.css
08:05:00.889 [FXGL Background Thread 1 ] DEBUG FXGLAssetLoaderServi - Loading from file system: jar:file:///C:/Java%20Lib/apache-maven-3.8.8/repo/com/github/almasb/fxgl/21/fxgl-21.jar!/fxglassets/ui/css/fxgl_dark.css
08:05:00.932 [FXGL Background Thread 1 ] DEBUG GameApplicationServi - Initializing application scenes
08:05:01.007 [FXGL Background Thread 1 ] DEBUG GameWorld            - Game world initialized
08:05:01.051 [FXGL Background Thread 1 ] DEBUG PhysicsWorld         - Physics world initialized: appHeight=800, physics.ppm=50.0
08:05:01.051 [FXGL Background Thread 1 ] DEBUG PhysicsWorld         - Using strategy: BRUTE_FORCE
08:05:01.055 [FXGL Background Thread 1 ] DEBUG GameScene            - Game scene initialized: 1024x800
08:05:01.211 [FXGL Background Thread 1 ] DEBUG FXGL.DefaultMenu     - createMenuBodyGameMenu()
08:05:01.216 [FXGL Background Thread 1 ] DEBUG FXGL.DefaultMenu     - createOptionsMenu()
08:05:01.222 [FXGL Background Thread 1 ] DEBUG FXGLAssetLoaderServi - Loading from file system: jar:file:///C:/Java%20Lib/apache-maven-3.8.8/repo/com/github/almasb/fxgl/21/fxgl-21.jar!/fxglassets/textures/particles/smoke.png
08:05:01.331 [FXGL Background Thread 1 ] DEBUG FXGLAssetLoaderServi - Loading from file system: jar:file:///C:/Java%20Lib/apache-maven-3.8.8/repo/com/github/almasb/fxgl/21/fxgl-21.jar!/fxglassets/textures/particles/trace_horizontal.png
08:05:01.355 [FXGL Background Thread 1 ] DEBUG GameApplicationServi - Application scenes initialized
08:05:01.365 [FXGL Background Thread 1 ] DEBUG SystemBundleService  - Loading FXGL system data
08:05:01.369 [FXGL Background Thread 1 ] DEBUG FileSystemAccess     - Reading from: D:\Repo\Pokemon\system\fxgl.bundle
08:05:01.374 [FXGL Background Thread 1 ] DEBUG SystemBundleService  - Bundle FXGL: {}
08:05:01.374 [FXGL Background Thread 1 ] DEBUG UpdaterService       - Checking for updates
08:05:01.377 [FXGL Background Thread 4 ] DEBUG FXGLApplication      - Loading fonts
08:05:01.378 [FXGL Background Thread 4 ] DEBUG FXGLAssetLoaderServi - Loading from file system: jar:file:///C:/Java%20Lib/apache-maven-3.8.8/repo/com/github/almasb/fxgl/21/fxgl-21.jar!/fxglassets/ui/fonts/VarelaRound-Regular.ttf
08:05:01.378 [FXGL Background Thread 1 ] DEBUG FXGLApplication      - Loading default localization
08:05:01.378 [FXGL Background Thread 1 ] DEBUG FXGLAssetLoaderServi - Loading from file system: jar:file:///C:/Java%20Lib/apache-maven-3.8.8/repo/com/github/almasb/fxgl/21/fxgl-21.jar!/fxglassets/languages/english.lang
08:05:01.405 [FXGL Background Thread 4 ] DEBUG FXGLAssetLoaderServi - Loading from file system: jar:file:///C:/Java%20Lib/apache-maven-3.8.8/repo/com/github/almasb/fxgl/21/fxgl-21.jar!/fxglassets/ui/fonts/Abel-Regular.ttf
08:05:01.408 [FXGL Background Thread 4 ] DEBUG FXGLAssetLoaderServi - Loading from file system: jar:file:///C:/Java%20Lib/apache-maven-3.8.8/repo/com/github/almasb/fxgl/21/fxgl-21.jar!/fxglassets/ui/fonts/TerminalLandMono-Regular.otf
08:05:01.410 [FXGL Background Thread 4 ] DEBUG FXGLAssetLoaderServi - Loading from file system: jar:file:///C:/Java%20Lib/apache-maven-3.8.8/repo/com/github/almasb/fxgl/21/fxgl-21.jar!/fxglassets/ui/fonts/Courier-Prime.ttf
08:05:01.419 [JavaFX Application Thread] DEBUG FXGLApplication      - Registering font factories with UI factory
08:05:01.435 [FXGL Background Thread 1 ] INFO  FXGLApplication      - FXGL initialization took: 0.597 sec
08:05:01.457 [JavaFX Application Thread] DEBUG Input                - Registered new binding: action0 - W
08:05:01.458 [JavaFX Application Thread] DEBUG Input                - Registered new binding: action1 - A
08:05:01.459 [JavaFX Application Thread] DEBUG Input                - Registered new binding: action2 - S
08:05:01.460 [JavaFX Application Thread] DEBUG Input                - Registered new binding: action3 - D
08:05:01.461 [JavaFX Application Thread] DEBUG Input                - Registered new binding: action4 - Up
08:05:01.462 [JavaFX Application Thread] DEBUG Input                - Registered new binding: action5 - Left
08:05:01.462 [JavaFX Application Thread] DEBUG Input                - Registered new binding: action6 - Down
08:05:01.463 [JavaFX Application Thread] DEBUG Input                - Registered new binding: action7 - Right
08:05:01.464 [JavaFX Application Thread] DEBUG Input                - Registered new binding: action8 - J
08:05:01.464 [JavaFX Application Thread] DEBUG FXGLAssetLoaderServi - Loading from file system: file:/D:/Repo/Pokemon/target/classes/assets/music/BGM.mp3
08:05:01.571 [JavaFX Application Thread] DEBUG AudioPlayer          - Playing music com.almasb.fxgl.audio.Music@10200c91
08:05:01.571 [JavaFX Application Thread] DEBUG FXGLAssetLoaderServi - Loading from file system: jar:file:///C:/Java%20Lib/apache-maven-3.8.8/repo/com/github/almasb/fxgl/21/fxgl-21.jar!/fxglassets/textures/fxgl_icon.png
08:05:01.590 [JavaFX Application Thread] DEBUG FXGLAssetLoaderServi - Loading from file system: jar:file:///C:/Java%20Lib/apache-maven-3.8.8/repo/com/github/almasb/fxgl/21/fxgl-21.jar!/fxglassets/textures/fxgl_default_cursor.png
08:05:01.597 [JavaFX Application Thread] DEBUG Input                - Registered new binding: Screenshot - CTRL+8
08:05:01.599 [JavaFX Application Thread] DEBUG Input                - Registered new binding: System info dump - CTRL+9
08:05:01.600 [JavaFX Application Thread] DEBUG Input                - Registered new binding: Restart - CTRL+R
08:05:01.603 [JavaFX Application Thread] DEBUG Input                - Registered new binding: Toggle Debug Camera - CTRL+7
08:05:01.612 [JavaFX Application Thread] DEBUG LoopRunner           - Starting loop
08:05:01.612 [JavaFX Application Thread] DEBUG LoopRunner           - Initializing JavaFX AnimationTimerLoop
08:05:01.621 [JavaFX Application Thread] DEBUG Input                - Clearing active input actions
08:05:01.628 [JavaFX Application Thread] DEBUG GameApplicationServi - Removing overlay from FXGLStartupScene and adding to FXGLMainMenuDummyScene
08:05:01.628 [JavaFX Application Thread] DEBUG PrimaryStageWindow   - FXGLStartupScene -> FXGLMainMenuDummyScene
08:05:01.628 [JavaFX Application Thread] DEBUG PrimaryStageWindow   - Push state: TestMainMenu
08:05:01.629 [JavaFX Application Thread] DEBUG Input                - Clearing active input actions
08:05:01.640 [JavaFX Application Thread] DEBUG GameApplicationServi - Removing overlay from FXGLMainMenuDummyScene and adding to TestMainMenu
08:05:01.640 [JavaFX Application Thread] DEBUG PrimaryStageWindow   - FXGLMainMenuDummyScene -> TestMainMenu
08:05:03.342 [FXGL Background Thread 2 ] INFO  UpdaterService       - Your current version:  21
08:05:03.342 [FXGL Background Thread 2 ] INFO  UpdaterService       - Latest stable version: 21.1
08:05:03.991 [JavaFX Application Thread] DEBUG LoopRunner           - Stopping loop
08:05:03.994 [JavaFX Application Thread] FATAL FXGLApplication      - Uncaught Exception:
java.lang.ClassCastException: class org.example.pokemon.controller.RegisterController cannot be cast to class org.example.pokemon.controller.HomepageController (org.example.pokemon.controller.RegisterController and org.example.pokemon.controller.HomepageController are in module org.example.pokemon of loader 'app')
	at org.example.pokemon/org.example.pokemon.ui.TestMainMenu.Load(TestMainMenu.java:56)
	at org.example.pokemon/org.example.pokemon.ui.TestMainMenu.lambda$new$1(TestMainMenu.java:38)
	at javafx.base@21/com.sun.javafx.event.CompositeEventHandler.dispatchBubblingEvent(CompositeEventHandler.java:86)
	at javafx.base@21/com.sun.javafx.event.EventHandlerManager.dispatchBubblingEvent(EventHandlerManager.java:232)
	at javafx.base@21/com.sun.javafx.event.EventHandlerManager.dispatchBubblingEvent(EventHandlerManager.java:189)
	at javafx.base@21/com.sun.javafx.event.CompositeEventDispatcher.dispatchBubblingEvent(CompositeEventDispatcher.java:59)
	at javafx.base@21/com.sun.javafx.event.BasicEventDispatcher.dispatchEvent(BasicEventDispatcher.java:58)
	at javafx.base@21/com.sun.javafx.event.EventDispatchChainImpl.dispatchEvent(EventDispatchChainImpl.java:114)
	at javafx.base@21/com.sun.javafx.event.BasicEventDispatcher.dispatchEvent(BasicEventDispatcher.java:56)
	at javafx.base@21/com.sun.javafx.event.EventDispatchChainImpl.dispatchEvent(EventDispatchChainImpl.java:114)
	at javafx.base@21/com.sun.javafx.event.BasicEventDispatcher.dispatchEvent(BasicEventDispatcher.java:56)
	at javafx.base@21/com.sun.javafx.event.EventDispatchChainImpl.dispatchEvent(EventDispatchChainImpl.java:114)
	at javafx.base@21/com.sun.javafx.event.EventUtil.fireEventImpl(EventUtil.java:74)
	at javafx.base@21/com.sun.javafx.event.EventUtil.fireEvent(EventUtil.java:54)
	at javafx.base@21/javafx.event.Event.fireEvent(Event.java:198)
	at javafx.graphics@21/javafx.scene.Scene$ClickGenerator.postProcess(Scene.java:3688)
	at javafx.graphics@21/javafx.scene.Scene$MouseHandler.process(Scene.java:3993)
	at javafx.graphics@21/javafx.scene.Scene.processMouseEvent(Scene.java:1890)
	at javafx.graphics@21/javafx.scene.Scene$ScenePeerListener.mouseEvent(Scene.java:2708)
	at javafx.graphics@21/com.sun.javafx.tk.quantum.GlassViewEventHandler$MouseEventNotification.run(GlassViewEventHandler.java:411)
	at javafx.graphics@21/com.sun.javafx.tk.quantum.GlassViewEventHandler$MouseEventNotification.run(GlassViewEventHandler.java:301)
	at java.base/java.security.AccessController.doPrivileged(AccessController.java:400)
	at javafx.graphics@21/com.sun.javafx.tk.quantum.GlassViewEventHandler.lambda$handleMouseEvent$2(GlassViewEventHandler.java:450)
	at javafx.graphics@21/com.sun.javafx.tk.quantum.QuantumToolkit.runWithoutRenderLock(QuantumToolkit.java:424)
	at javafx.graphics@21/com.sun.javafx.tk.quantum.GlassViewEventHandler.handleMouseEvent(GlassViewEventHandler.java:449)
	at javafx.graphics@21/com.sun.glass.ui.View.handleMouseEvent(View.java:551)
	at javafx.graphics@21/com.sun.glass.ui.View.notifyMouse(View.java:937)
	at javafx.graphics@21/com.sun.glass.ui.win.WinApplication._runLoop(Native Method)
	at javafx.graphics@21/com.sun.glass.ui.win.WinApplication.lambda$runLoop$3(WinApplication.java:185)
	at java.base/java.lang.Thread.run(Thread.java:1583)

08:05:03.994 [JavaFX Application Thread] FATAL FXGLApplication      - Application will now exit
08:05:04.002 [JavaFX Application Thread] DEBUG PrimaryStageWindow   - Push state: ErrorSubScene
08:05:04.002 [JavaFX Application Thread] DEBUG Input                - Clearing active input actions
08:05:04.003 [JavaFX Application Thread] DEBUG GameApplicationServi - Removing overlay from TestMainMenu and adding to ErrorSubScene
08:05:04.004 [JavaFX Application Thread] DEBUG PrimaryStageWindow   - TestMainMenu -> ErrorSubScene
08:05:04.376 [FXGL Background Thread 3 ] DEBUG Engine               - Logging environment variables
08:05:04.377 [FXGL Background Thread 3 ] DEBUG Engine               - achievements: []
08:05:04.377 [FXGL Background Thread 3 ] DEBUG Engine               - actualHeight: 800.0
08:05:04.377 [FXGL Background Thread 3 ] DEBUG Engine               - actualHeightProperty: ReadOnlyDoubleProperty [value: 800.0]
08:05:04.377 [FXGL Background Thread 3 ] DEBUG Engine               - actualWidth: 1024.0
08:05:04.377 [FXGL Background Thread 3 ] DEBUG Engine               - actualWidthProperty: ReadOnlyDoubleProperty [value: 1024.0]
08:05:04.377 [FXGL Background Thread 3 ] DEBUG Engine               - appIcon: fxgl_icon.png
08:05:04.377 [FXGL Background Thread 3 ] DEBUG Engine               - applicationMode: DEVELOPER
08:05:04.377 [FXGL Background Thread 3 ] DEBUG Engine               - cSSList: [fxgl_dark.css]
08:05:04.377 [FXGL Background Thread 3 ] DEBUG Engine               - collisionDetectionStrategy: BRUTE_FORCE
08:05:04.377 [FXGL Background Thread 3 ] DEBUG Engine               - configClass: Optional.empty
08:05:04.377 [FXGL Background Thread 3 ] DEBUG Engine               - credits: []
08:05:04.377 [FXGL Background Thread 3 ] DEBUG Engine               - defaultCursor: CursorInfo(imageName=fxgl_default_cursor.png, hotspotX=7.0, hotspotY=6.0)
08:05:04.377 [FXGL Background Thread 3 ] DEBUG Engine               - devBBoxColorProperty: ObjectProperty [value: 0xff0000ff]
08:05:04.377 [FXGL Background Thread 3 ] DEBUG Engine               - devEnableDebugCameraProperty: BooleanProperty [value: false]
08:05:04.377 [FXGL Background Thread 3 ] DEBUG Engine               - devSensorColorProperty: ObjectProperty [value: 0xffff00ff]
08:05:04.377 [FXGL Background Thread 3 ] DEBUG Engine               - devShowBBoxProperty: BooleanProperty [value: false]
08:05:04.377 [FXGL Background Thread 3 ] DEBUG Engine               - devShowPositionProperty: BooleanProperty [value: false]
08:05:04.377 [FXGL Background Thread 3 ] DEBUG Engine               - enabledMenuItems: []
08:05:04.377 [FXGL Background Thread 3 ] DEBUG Engine               - engineServices: [class com.almasb.fxgl.app.services.FXGLAssetLoaderService, class com.almasb.fxgl.app.FXGLApplication$GameApplicationService, class com.almasb.fxgl.app.services.FXGLDialogService, class com.almasb.fxgl.app.services.IOTaskExecutorService, class com.almasb.fxgl.io.FileSystemService, class com.almasb.fxgl.localization.LocalizationService, class com.almasb.fxgl.app.services.SystemBundleService, class com.almasb.fxgl.profile.SaveLoadService, class com.almasb.fxgl.ui.FXGLUIFactoryServiceProvider, class com.almasb.fxgl.ui.FXGLDialogFactoryServiceProvider, class com.almasb.fxgl.audio.AudioPlayer, class com.almasb.fxgl.notification.impl.NotificationServiceProvider, class com.almasb.fxgl.achievement.AchievementService, class com.almasb.fxgl.cutscene.CutsceneService, class com.almasb.fxgl.minigames.MiniGameService, class com.almasb.fxgl.net.NetService, class com.almasb.fxgl.app.services.UpdaterService, class com.almasb.fxgl.dev.DevService]
08:05:04.377 [FXGL Background Thread 3 ] DEBUG Engine               - fontGame: Abel-Regular.ttf
08:05:04.378 [FXGL Background Thread 3 ] DEBUG Engine               - fontMono: TerminalLandMono-Regular.otf
08:05:04.378 [FXGL Background Thread 3 ] DEBUG Engine               - fontSizeScaleUI: 1.0
08:05:04.378 [FXGL Background Thread 3 ] DEBUG Engine               - fontText: Courier-Prime.ttf
08:05:04.378 [FXGL Background Thread 3 ] DEBUG Engine               - fontUI: VarelaRound-Regular.ttf
08:05:04.378 [FXGL Background Thread 3 ] DEBUG Engine               - fullScreen: BooleanProperty [value: false]
08:05:04.378 [FXGL Background Thread 3 ] DEBUG Engine               - gameDifficulty: MEDIUM
08:05:04.378 [FXGL Background Thread 3 ] DEBUG Engine               - gameDifficultyProperty: ObjectProperty [value: MEDIUM]
08:05:04.378 [FXGL Background Thread 3 ] DEBUG Engine               - globalMusicVolume: 0.5
08:05:04.378 [FXGL Background Thread 3 ] DEBUG Engine               - globalMusicVolumeProperty: DoubleProperty [value: 0.2]
08:05:04.378 [FXGL Background Thread 3 ] DEBUG Engine               - globalSoundVolume: 0.5
08:05:04.378 [FXGL Background Thread 3 ] DEBUG Engine               - globalSoundVolumeProperty: DoubleProperty [value: 0.5]
08:05:04.378 [FXGL Background Thread 3 ] DEBUG Engine               - height: 800
08:05:04.378 [FXGL Background Thread 3 ] DEBUG Engine               - is3D: false
08:05:04.378 [FXGL Background Thread 3 ] DEBUG Engine               - isAndroid: false
08:05:04.378 [FXGL Background Thread 3 ] DEBUG Engine               - isBrowser: false
08:05:04.378 [FXGL Background Thread 3 ] DEBUG Engine               - isClickFeedbackEnabled: false
08:05:04.378 [FXGL Background Thread 3 ] DEBUG Engine               - isCloseConfirmation: false
08:05:04.378 [FXGL Background Thread 3 ] DEBUG Engine               - isDesktop: true
08:05:04.378 [FXGL Background Thread 3 ] DEBUG Engine               - isDeveloperMenuEnabled: false
08:05:04.378 [FXGL Background Thread 3 ] DEBUG Engine               - isEmbedded: false
08:05:04.378 [FXGL Background Thread 3 ] DEBUG Engine               - isEntityPreloadEnabled: true
08:05:04.378 [FXGL Background Thread 3 ] DEBUG Engine               - isExperimentalTiledLargeMap: false
08:05:04.378 [FXGL Background Thread 3 ] DEBUG Engine               - isFileSystemWriteAllowed: true
08:05:04.378 [FXGL Background Thread 3 ] DEBUG Engine               - isFullScreenAllowed: false
08:05:04.378 [FXGL Background Thread 3 ] DEBUG Engine               - isFullScreenFromStart: false
08:05:04.378 [FXGL Background Thread 3 ] DEBUG Engine               - isGameMenuEnabled: true
08:05:04.378 [FXGL Background Thread 3 ] DEBUG Engine               - isIOS: false
08:05:04.378 [FXGL Background Thread 3 ] DEBUG Engine               - isIntroEnabled: false
08:05:04.378 [FXGL Background Thread 3 ] DEBUG Engine               - isLinux: false
08:05:04.378 [FXGL Background Thread 3 ] DEBUG Engine               - isMac: false
08:05:04.378 [FXGL Background Thread 3 ] DEBUG Engine               - isMainMenuEnabled: true
08:05:04.378 [FXGL Background Thread 3 ] DEBUG Engine               - isManualResizeEnabled: false
08:05:04.378 [FXGL Background Thread 3 ] DEBUG Engine               - isMobile: false
08:05:04.378 [FXGL Background Thread 3 ] DEBUG Engine               - isNative: false
08:05:04.378 [FXGL Background Thread 3 ] DEBUG Engine               - isPauseMusicWhenMinimized: true
08:05:04.378 [FXGL Background Thread 3 ] DEBUG Engine               - isPreserveResizeRatio: false
08:05:04.378 [FXGL Background Thread 3 ] DEBUG Engine               - isProfilingEnabled: false
08:05:04.378 [FXGL Background Thread 3 ] DEBUG Engine               - isScaleAffectedOnResize: true
08:05:04.378 [FXGL Background Thread 3 ] DEBUG Engine               - isSingleStep: false
08:05:04.378 [FXGL Background Thread 3 ] DEBUG Engine               - isUserProfileEnabled: false
08:05:04.378 [FXGL Background Thread 3 ] DEBUG Engine               - isWindows: true
08:05:04.378 [FXGL Background Thread 3 ] DEBUG Engine               - language: ObjectProperty [value: ENGLISH]
08:05:04.378 [FXGL Background Thread 3 ] DEBUG Engine               - menuKey: ESCAPE
08:05:04.378 [FXGL Background Thread 3 ] DEBUG Engine               - mouseSensitivity: 0.2
08:05:04.378 [FXGL Background Thread 3 ] DEBUG Engine               - notificationViewClass: class com.almasb.fxgl.notification.view.XboxNotificationView
08:05:04.378 [FXGL Background Thread 3 ] DEBUG Engine               - pixelsPerMeter: 50.0
08:05:04.378 [FXGL Background Thread 3 ] DEBUG Engine               - platform: WINDOWS
08:05:04.378 [FXGL Background Thread 3 ] DEBUG Engine               - prefHeightProperty: ReadOnlyDoubleProperty [value: 800.0]
08:05:04.378 [FXGL Background Thread 3 ] DEBUG Engine               - prefWidthProperty: ReadOnlyDoubleProperty [value: 1024.0]
08:05:04.378 [FXGL Background Thread 3 ] DEBUG Engine               - profileDir: profiles/
08:05:04.378 [FXGL Background Thread 3 ] DEBUG Engine               - profileName: StringProperty [value: DEFAULT]
08:05:04.378 [FXGL Background Thread 3 ] DEBUG Engine               - randomSeed: -1
08:05:04.378 [FXGL Background Thread 3 ] DEBUG Engine               - runtimeInfo: RuntimeInfo(platform=WINDOWS, version=21, build=28.12.2023 13.35)
08:05:04.378 [FXGL Background Thread 3 ] DEBUG Engine               - saveFileExt: sav
08:05:04.378 [FXGL Background Thread 3 ] DEBUG Engine               - scaledHeightProp$fxgl: DoubleProperty [bound, value: 800.0]
08:05:04.379 [FXGL Background Thread 3 ] DEBUG Engine               - scaledWidthProp$fxgl: DoubleProperty [bound, value: 1024.0]
08:05:04.379 [FXGL Background Thread 3 ] DEBUG Engine               - sceneFactory: org.example.pokemon.map.GameApp$1@2e4d217c
08:05:04.379 [FXGL Background Thread 3 ] DEBUG Engine               - secondsIn24h: 60
08:05:04.379 [FXGL Background Thread 3 ] DEBUG Engine               - soundMenuBack: menu/back.wav
08:05:04.379 [FXGL Background Thread 3 ] DEBUG Engine               - soundMenuPress: menu/press.wav
08:05:04.379 [FXGL Background Thread 3 ] DEBUG Engine               - soundMenuSelect: menu/select.wav
08:05:04.379 [FXGL Background Thread 3 ] DEBUG Engine               - soundNotification: core/notification.wav
08:05:04.379 [FXGL Background Thread 3 ] DEBUG Engine               - stageStyle: DECORATED
08:05:04.379 [FXGL Background Thread 3 ] DEBUG Engine               - supportedLanguages: [ENGLISH, FRENCH, GERMAN, HUNGARIAN, RUSSIAN]
08:05:04.379 [FXGL Background Thread 3 ] DEBUG Engine               - ticksPerSecond: -1
08:05:04.379 [FXGL Background Thread 3 ] DEBUG Engine               - title: Pokemon
08:05:04.379 [FXGL Background Thread 3 ] DEBUG Engine               - urlGithub: https://github.com/AlmasB/FXGL
08:05:04.379 [FXGL Background Thread 3 ] DEBUG Engine               - urlLeaderboard: http://fxgl-top.herokuapp.com/
08:05:04.379 [FXGL Background Thread 3 ] DEBUG Engine               - urlPOM: https://raw.githubusercontent.com/AlmasB/FXGL/release/README.md
08:05:04.379 [FXGL Background Thread 3 ] DEBUG Engine               - userAppClass: class org.example.pokemon.map.GameApp
08:05:04.379 [FXGL Background Thread 3 ] DEBUG Engine               - version: 0.1
08:05:04.379 [FXGL Background Thread 3 ] DEBUG Engine               - versionCheckDays: 7
08:05:04.379 [FXGL Background Thread 3 ] DEBUG Engine               - width: 1024
08:05:04.379 [FXGL Background Thread 3 ] DEBUG Engine               - Logging services
08:05:04.379 [FXGL Background Thread 3 ] DEBUG Engine               - class com.almasb.fxgl.app.services.FXGLAssetLoaderService
08:05:04.379 [FXGL Background Thread 3 ] DEBUG Engine               - class com.almasb.fxgl.app.FXGLApplication$GameApplicationService
08:05:04.379 [FXGL Background Thread 3 ] DEBUG Engine               - class com.almasb.fxgl.app.services.FXGLDialogService
08:05:04.379 [FXGL Background Thread 3 ] DEBUG Engine               - class com.almasb.fxgl.app.services.IOTaskExecutorService
08:05:04.379 [FXGL Background Thread 3 ] DEBUG Engine               - class com.almasb.fxgl.io.FileSystemService
08:05:04.379 [FXGL Background Thread 3 ] DEBUG Engine               - class com.almasb.fxgl.localization.LocalizationService
08:05:04.379 [FXGL Background Thread 3 ] DEBUG Engine               - class com.almasb.fxgl.app.services.SystemBundleService
08:05:04.379 [FXGL Background Thread 3 ] DEBUG Engine               - class com.almasb.fxgl.profile.SaveLoadService
08:05:04.379 [FXGL Background Thread 3 ] DEBUG Engine               - class com.almasb.fxgl.ui.FXGLUIFactoryServiceProvider
08:05:04.379 [FXGL Background Thread 3 ] DEBUG Engine               - class com.almasb.fxgl.ui.FXGLDialogFactoryServiceProvider
08:05:04.379 [FXGL Background Thread 3 ] DEBUG Engine               - class com.almasb.fxgl.audio.AudioPlayer
08:05:04.379 [FXGL Background Thread 3 ] DEBUG Engine               - class com.almasb.fxgl.notification.impl.NotificationServiceProvider
08:05:04.379 [FXGL Background Thread 3 ] DEBUG Engine               - class com.almasb.fxgl.achievement.AchievementService
08:05:04.379 [FXGL Background Thread 3 ] DEBUG Engine               - class com.almasb.fxgl.cutscene.CutsceneService
08:05:04.379 [FXGL Background Thread 3 ] DEBUG Engine               - class com.almasb.fxgl.minigames.MiniGameService
08:05:04.379 [FXGL Background Thread 3 ] DEBUG Engine               - class com.almasb.fxgl.net.NetService
08:05:04.379 [FXGL Background Thread 3 ] DEBUG Engine               - class com.almasb.fxgl.app.services.UpdaterService
08:05:04.379 [FXGL Background Thread 3 ] DEBUG Engine               - class com.almasb.fxgl.dev.DevService
08:05:46.205 [JavaFX Application Thread] DEBUG FXGLApplication      - Exiting FXGL
08:05:46.205 [JavaFX Application Thread] DEBUG Async                - Shutting down background threads
08:05:46.205 [JavaFX Application Thread] DEBUG PrimaryStageWindow   - Closing main window
08:05:46.216 [JavaFX Application Thread] DEBUG Logger               - Closing Logger
