19:06:10.496 [main                     ] DEBUG Logger               - Configured Logger
19:06:10.544 [main                     ] DEBUG GameApplication      - Logging settings
Title: Pokemon
Version: 0.1
Width: 1024
Height: 800
Fullscreen: false
Intro: false
Profiling: false
Single step:false
App Mode: DEVELOPER
Menu Key: ESCAPE
Stage Style: DECORATED
Scene Factory: class org.example.pokemon.map.GameApp$1

19:06:10.898 [JavaFX Application Thread] DEBUG FXGLApplication      - Initializing FXGL
19:06:10.905 [JavaFX Application Thread] INFO  Engine               - FXGL-21 (28.12.2023 13.35) on WINDOWS (J:21.0.4 FX:21)
19:06:10.905 [JavaFX Application Thread] DEBUG Engine               - JRE Vendor Name: Oracle Corporation
19:06:10.905 [JavaFX Application Thread] DEBUG Engine               - Running on OS: Windows 11 version 10.0
19:06:10.906 [JavaFX Application Thread] DEBUG Engine               - Architecture: amd64
19:06:10.906 [JavaFX Application Thread] INFO  Engine               - Source code and latest versions at: https://github.com/AlmasB/FXGL
19:06:10.906 [JavaFX Application Thread] INFO  Engine               -       Ask questions and discuss at: https://github.com/AlmasB/FXGL/discussions
19:06:10.906 [JavaFX Application Thread] INFO  Engine               -              Join the FXGL chat at: https://gitter.im/AlmasB/FXGL
19:06:10.968 [JavaFX Application Thread] DEBUG PrimaryStageWindow   - Creating a JavaFX scene
19:06:11.006 [JavaFX Application Thread] DEBUG PrimaryStageWindow   - Target settings size: 1024.0 x 800.0
19:06:11.006 [JavaFX Application Thread] DEBUG PrimaryStageWindow   - Scaled scene size:    1024.0 x 800.0
19:06:11.007 [JavaFX Application Thread] DEBUG PrimaryStageWindow   - Scaled ratio: (1.0, 1.0)
19:06:11.007 [JavaFX Application Thread] DEBUG PrimaryStageWindow   - Set initial scene to FXGLStartupScene
19:06:11.010 [JavaFX Application Thread] DEBUG PrimaryStageWindow   - Opening main window
19:06:11.095 [JavaFX Application Thread] DEBUG PrimaryStageWindow   - Window border size: (14.6666259765625, 37.33331298828125)
19:06:11.095 [JavaFX Application Thread] DEBUG PrimaryStageWindow   - Scaled size: 1024.0 x 800.0
19:06:11.095 [JavaFX Application Thread] DEBUG PrimaryStageWindow   - Scaled ratio: (1.0, 1.0)
19:06:11.095 [JavaFX Application Thread] DEBUG PrimaryStageWindow   - Scene size: 1024.0 x 800.0
19:06:11.096 [JavaFX Application Thread] DEBUG PrimaryStageWindow   - Stage size: 1038.6666259765625 x 837.3333129882812
19:06:11.102 [FXGL Background Thread 1 ] DEBUG Engine               - Initializing environment variables
19:06:11.150 [FXGL Background Thread 1 ] DEBUG FXGLAssetLoaderServi - User app class for loading assets: class org.example.pokemon.map.GameApp
19:06:11.152 [FXGL Background Thread 1 ] DEBUG GameApplicationServi - Applying CSS: fxgl_dark.css
19:06:11.152 [FXGL Background Thread 1 ] DEBUG FXGLAssetLoaderServi - Loading from file system: jar:file:///C:/Java%20Lib/apache-maven-3.8.8/repo/com/github/almasb/fxgl/21/fxgl-21.jar!/fxglassets/ui/css/fxgl_dark.css
19:06:11.190 [FXGL Background Thread 1 ] DEBUG GameApplicationServi - Initializing application scenes
19:06:11.277 [FXGL Background Thread 1 ] DEBUG GameWorld            - Game world initialized
19:06:11.332 [FXGL Background Thread 1 ] DEBUG PhysicsWorld         - Physics world initialized: appHeight=800, physics.ppm=50.0
19:06:11.332 [FXGL Background Thread 1 ] DEBUG PhysicsWorld         - Using strategy: BRUTE_FORCE
19:06:11.336 [FXGL Background Thread 1 ] DEBUG GameScene            - Game scene initialized: 1024x800
19:06:11.512 [FXGL Background Thread 1 ] DEBUG FXGL.DefaultMenu     - createMenuBodyGameMenu()
19:06:11.519 [FXGL Background Thread 1 ] DEBUG FXGL.DefaultMenu     - createOptionsMenu()
19:06:11.525 [FXGL Background Thread 1 ] DEBUG FXGLAssetLoaderServi - Loading from file system: jar:file:///C:/Java%20Lib/apache-maven-3.8.8/repo/com/github/almasb/fxgl/21/fxgl-21.jar!/fxglassets/textures/particles/smoke.png
19:06:11.652 [FXGL Background Thread 1 ] DEBUG FXGLAssetLoaderServi - Loading from file system: jar:file:///C:/Java%20Lib/apache-maven-3.8.8/repo/com/github/almasb/fxgl/21/fxgl-21.jar!/fxglassets/textures/particles/trace_horizontal.png
19:06:11.696 [FXGL Background Thread 1 ] DEBUG GameApplicationServi - Application scenes initialized
19:06:11.704 [FXGL Background Thread 1 ] DEBUG SystemBundleService  - Loading FXGL system data
19:06:11.707 [FXGL Background Thread 1 ] DEBUG FileSystemAccess     - Reading from: D:\Repo\Pokemon\system\fxgl.bundle
19:06:11.715 [FXGL Background Thread 1 ] DEBUG SystemBundleService  - Bundle FXGL: {}
19:06:11.715 [FXGL Background Thread 1 ] DEBUG UpdaterService       - Checking for updates
19:06:11.720 [FXGL Background Thread 4 ] DEBUG FXGLApplication      - Loading fonts
19:06:11.721 [FXGL Background Thread 4 ] DEBUG FXGLAssetLoaderServi - Loading from file system: jar:file:///C:/Java%20Lib/apache-maven-3.8.8/repo/com/github/almasb/fxgl/21/fxgl-21.jar!/fxglassets/ui/fonts/VarelaRound-Regular.ttf
19:06:11.721 [FXGL Background Thread 1 ] DEBUG FXGLApplication      - Loading default localization
19:06:11.722 [FXGL Background Thread 1 ] DEBUG FXGLAssetLoaderServi - Loading from file system: jar:file:///C:/Java%20Lib/apache-maven-3.8.8/repo/com/github/almasb/fxgl/21/fxgl-21.jar!/fxglassets/languages/english.lang
19:06:11.763 [FXGL Background Thread 4 ] DEBUG FXGLAssetLoaderServi - Loading from file system: jar:file:///C:/Java%20Lib/apache-maven-3.8.8/repo/com/github/almasb/fxgl/21/fxgl-21.jar!/fxglassets/ui/fonts/Abel-Regular.ttf
19:06:11.767 [FXGL Background Thread 4 ] DEBUG FXGLAssetLoaderServi - Loading from file system: jar:file:///C:/Java%20Lib/apache-maven-3.8.8/repo/com/github/almasb/fxgl/21/fxgl-21.jar!/fxglassets/ui/fonts/TerminalLandMono-Regular.otf
19:06:11.771 [FXGL Background Thread 4 ] DEBUG FXGLAssetLoaderServi - Loading from file system: jar:file:///C:/Java%20Lib/apache-maven-3.8.8/repo/com/github/almasb/fxgl/21/fxgl-21.jar!/fxglassets/ui/fonts/Courier-Prime.ttf
19:06:11.781 [JavaFX Application Thread] DEBUG FXGLApplication      - Registering font factories with UI factory
19:06:11.786 [FXGL Background Thread 1 ] INFO  FXGLApplication      - FXGL initialization took: 0.684 sec
19:06:11.813 [JavaFX Application Thread] DEBUG Input                - Registered new binding: action0 - W
19:06:11.813 [JavaFX Application Thread] DEBUG Input                - Registered new binding: action1 - A
19:06:11.815 [JavaFX Application Thread] DEBUG Input                - Registered new binding: action2 - S
19:06:11.816 [JavaFX Application Thread] DEBUG Input                - Registered new binding: action3 - D
19:06:11.817 [JavaFX Application Thread] DEBUG Input                - Registered new binding: action4 - Up
19:06:11.818 [JavaFX Application Thread] DEBUG Input                - Registered new binding: action5 - Left
19:06:11.819 [JavaFX Application Thread] DEBUG Input                - Registered new binding: action6 - Down
19:06:11.820 [JavaFX Application Thread] DEBUG Input                - Registered new binding: action7 - Right
19:06:11.820 [JavaFX Application Thread] DEBUG Input                - Registered new binding: action8 - J
19:06:11.822 [JavaFX Application Thread] DEBUG FXGLAssetLoaderServi - Loading from file system: file:/D:/Repo/Pokemon/target/classes/assets/music/BGM.mp3
19:06:11.964 [JavaFX Application Thread] DEBUG AudioPlayer          - Playing music com.almasb.fxgl.audio.Music@4e891a73
19:06:11.964 [JavaFX Application Thread] DEBUG FXGLAssetLoaderServi - Loading from file system: file:/D:/Repo/Pokemon/target/classes/assets/textures/icon.png
19:06:11.979 [JavaFX Application Thread] DEBUG FXGLAssetLoaderServi - Loading from file system: jar:file:///C:/Java%20Lib/apache-maven-3.8.8/repo/com/github/almasb/fxgl/21/fxgl-21.jar!/fxglassets/textures/fxgl_default_cursor.png
19:06:11.985 [JavaFX Application Thread] DEBUG Input                - Registered new binding: Screenshot - CTRL+8
19:06:11.986 [JavaFX Application Thread] DEBUG Input                - Registered new binding: System info dump - CTRL+9
19:06:11.986 [JavaFX Application Thread] DEBUG Input                - Registered new binding: Restart - CTRL+R
19:06:11.991 [JavaFX Application Thread] DEBUG Input                - Registered new binding: Toggle Debug Camera - CTRL+7
19:06:12.004 [JavaFX Application Thread] DEBUG LoopRunner           - Starting loop
19:06:12.004 [JavaFX Application Thread] DEBUG LoopRunner           - Initializing JavaFX AnimationTimerLoop
19:06:12.008 [JavaFX Application Thread] DEBUG Input                - Clearing active input actions
19:06:12.016 [JavaFX Application Thread] DEBUG GameApplicationServi - Removing overlay from FXGLStartupScene and adding to FXGLMainMenuDummyScene
19:06:12.016 [JavaFX Application Thread] DEBUG PrimaryStageWindow   - FXGLStartupScene -> FXGLMainMenuDummyScene
19:06:12.016 [JavaFX Application Thread] DEBUG PrimaryStageWindow   - Push state: TestMainMenu
19:06:12.017 [JavaFX Application Thread] DEBUG Input                - Clearing active input actions
19:06:12.029 [JavaFX Application Thread] DEBUG GameApplicationServi - Removing overlay from FXGLMainMenuDummyScene and adding to TestMainMenu
19:06:12.029 [JavaFX Application Thread] DEBUG PrimaryStageWindow   - FXGLMainMenuDummyScene -> TestMainMenu
19:06:14.720 [FXGL Background Thread 3 ] DEBUG Engine               - Logging environment variables
19:06:14.720 [FXGL Background Thread 3 ] DEBUG Engine               - achievements: []
19:06:14.720 [FXGL Background Thread 3 ] DEBUG Engine               - actualHeight: 800.0
19:06:14.720 [FXGL Background Thread 3 ] DEBUG Engine               - actualHeightProperty: ReadOnlyDoubleProperty [value: 800.0]
19:06:14.720 [FXGL Background Thread 3 ] DEBUG Engine               - actualWidth: 1024.0
19:06:14.720 [FXGL Background Thread 3 ] DEBUG Engine               - actualWidthProperty: ReadOnlyDoubleProperty [value: 1024.0]
19:06:14.720 [FXGL Background Thread 3 ] DEBUG Engine               - appIcon: icon.png
19:06:14.720 [FXGL Background Thread 3 ] DEBUG Engine               - applicationMode: DEVELOPER
19:06:14.720 [FXGL Background Thread 3 ] DEBUG Engine               - cSSList: [fxgl_dark.css]
19:06:14.720 [FXGL Background Thread 3 ] DEBUG Engine               - collisionDetectionStrategy: BRUTE_FORCE
19:06:14.720 [FXGL Background Thread 3 ] DEBUG Engine               - configClass: Optional.empty
19:06:14.720 [FXGL Background Thread 3 ] DEBUG Engine               - credits: []
19:06:14.721 [FXGL Background Thread 3 ] DEBUG Engine               - defaultCursor: CursorInfo(imageName=fxgl_default_cursor.png, hotspotX=7.0, hotspotY=6.0)
19:06:14.721 [FXGL Background Thread 3 ] DEBUG Engine               - devBBoxColorProperty: ObjectProperty [value: 0xff0000ff]
19:06:14.721 [FXGL Background Thread 3 ] DEBUG Engine               - devEnableDebugCameraProperty: BooleanProperty [value: false]
19:06:14.721 [FXGL Background Thread 3 ] DEBUG Engine               - devSensorColorProperty: ObjectProperty [value: 0xffff00ff]
19:06:14.721 [FXGL Background Thread 3 ] DEBUG Engine               - devShowBBoxProperty: BooleanProperty [value: false]
19:06:14.721 [FXGL Background Thread 3 ] DEBUG Engine               - devShowPositionProperty: BooleanProperty [value: false]
19:06:14.721 [FXGL Background Thread 3 ] DEBUG Engine               - enabledMenuItems: []
19:06:14.721 [FXGL Background Thread 3 ] DEBUG Engine               - engineServices: [class com.almasb.fxgl.app.services.FXGLAssetLoaderService, class com.almasb.fxgl.app.FXGLApplication$GameApplicationService, class com.almasb.fxgl.app.services.FXGLDialogService, class com.almasb.fxgl.app.services.IOTaskExecutorService, class com.almasb.fxgl.io.FileSystemService, class com.almasb.fxgl.localization.LocalizationService, class com.almasb.fxgl.app.services.SystemBundleService, class com.almasb.fxgl.profile.SaveLoadService, class com.almasb.fxgl.ui.FXGLUIFactoryServiceProvider, class com.almasb.fxgl.ui.FXGLDialogFactoryServiceProvider, class com.almasb.fxgl.audio.AudioPlayer, class com.almasb.fxgl.notification.impl.NotificationServiceProvider, class com.almasb.fxgl.achievement.AchievementService, class com.almasb.fxgl.cutscene.CutsceneService, class com.almasb.fxgl.minigames.MiniGameService, class com.almasb.fxgl.net.NetService, class com.almasb.fxgl.app.services.UpdaterService, class com.almasb.fxgl.dev.DevService]
19:06:14.721 [FXGL Background Thread 3 ] DEBUG Engine               - fontGame: Abel-Regular.ttf
19:06:14.721 [FXGL Background Thread 3 ] DEBUG Engine               - fontMono: TerminalLandMono-Regular.otf
19:06:14.722 [FXGL Background Thread 3 ] DEBUG Engine               - fontSizeScaleUI: 1.0
19:06:14.722 [FXGL Background Thread 3 ] DEBUG Engine               - fontText: Courier-Prime.ttf
19:06:14.722 [FXGL Background Thread 3 ] DEBUG Engine               - fontUI: VarelaRound-Regular.ttf
19:06:14.722 [FXGL Background Thread 3 ] DEBUG Engine               - fullScreen: BooleanProperty [value: false]
19:06:14.722 [FXGL Background Thread 3 ] DEBUG Engine               - gameDifficulty: MEDIUM
19:06:14.722 [FXGL Background Thread 3 ] DEBUG Engine               - gameDifficultyProperty: ObjectProperty [value: MEDIUM]
19:06:14.722 [FXGL Background Thread 3 ] DEBUG Engine               - globalMusicVolume: 0.5
19:06:14.722 [FXGL Background Thread 3 ] DEBUG Engine               - globalMusicVolumeProperty: DoubleProperty [value: 0.1]
19:06:14.722 [FXGL Background Thread 3 ] DEBUG Engine               - globalSoundVolume: 0.5
19:06:14.722 [FXGL Background Thread 3 ] DEBUG Engine               - globalSoundVolumeProperty: DoubleProperty [value: 0.5]
19:06:14.722 [FXGL Background Thread 3 ] DEBUG Engine               - height: 800
19:06:14.722 [FXGL Background Thread 3 ] DEBUG Engine               - is3D: false
19:06:14.722 [FXGL Background Thread 3 ] DEBUG Engine               - isAndroid: false
19:06:14.723 [FXGL Background Thread 3 ] DEBUG Engine               - isBrowser: false
19:06:14.723 [FXGL Background Thread 3 ] DEBUG Engine               - isClickFeedbackEnabled: false
19:06:14.723 [FXGL Background Thread 3 ] DEBUG Engine               - isCloseConfirmation: false
19:06:14.723 [FXGL Background Thread 3 ] DEBUG Engine               - isDesktop: true
19:06:14.723 [FXGL Background Thread 3 ] DEBUG Engine               - isDeveloperMenuEnabled: false
19:06:14.723 [FXGL Background Thread 3 ] DEBUG Engine               - isEmbedded: false
19:06:14.723 [FXGL Background Thread 3 ] DEBUG Engine               - isEntityPreloadEnabled: true
19:06:14.723 [FXGL Background Thread 3 ] DEBUG Engine               - isExperimentalTiledLargeMap: false
19:06:14.723 [FXGL Background Thread 3 ] DEBUG Engine               - isFileSystemWriteAllowed: true
19:06:14.723 [FXGL Background Thread 3 ] DEBUG Engine               - isFullScreenAllowed: false
19:06:14.723 [FXGL Background Thread 3 ] DEBUG Engine               - isFullScreenFromStart: false
19:06:14.723 [FXGL Background Thread 3 ] DEBUG Engine               - isGameMenuEnabled: true
19:06:14.723 [FXGL Background Thread 3 ] DEBUG Engine               - isIOS: false
19:06:14.723 [FXGL Background Thread 3 ] DEBUG Engine               - isIntroEnabled: false
19:06:14.723 [FXGL Background Thread 3 ] DEBUG Engine               - isLinux: false
19:06:14.723 [FXGL Background Thread 3 ] DEBUG Engine               - isMac: false
19:06:14.723 [FXGL Background Thread 3 ] DEBUG Engine               - isMainMenuEnabled: true
19:06:14.723 [FXGL Background Thread 3 ] DEBUG Engine               - isManualResizeEnabled: false
19:06:14.723 [FXGL Background Thread 3 ] DEBUG Engine               - isMobile: false
19:06:14.723 [FXGL Background Thread 3 ] DEBUG Engine               - isNative: false
19:06:14.723 [FXGL Background Thread 3 ] DEBUG Engine               - isPauseMusicWhenMinimized: true
19:06:14.723 [FXGL Background Thread 3 ] DEBUG Engine               - isPreserveResizeRatio: false
19:06:14.724 [FXGL Background Thread 3 ] DEBUG Engine               - isProfilingEnabled: false
19:06:14.724 [FXGL Background Thread 3 ] DEBUG Engine               - isScaleAffectedOnResize: true
19:06:14.724 [FXGL Background Thread 3 ] DEBUG Engine               - isSingleStep: false
19:06:14.724 [FXGL Background Thread 3 ] DEBUG Engine               - isUserProfileEnabled: false
19:06:14.724 [FXGL Background Thread 3 ] DEBUG Engine               - isWindows: true
19:06:14.724 [FXGL Background Thread 3 ] DEBUG Engine               - language: ObjectProperty [value: ENGLISH]
19:06:14.724 [FXGL Background Thread 3 ] DEBUG Engine               - menuKey: ESCAPE
19:06:14.724 [FXGL Background Thread 3 ] DEBUG Engine               - mouseSensitivity: 0.2
19:06:14.724 [FXGL Background Thread 3 ] DEBUG Engine               - notificationViewClass: class com.almasb.fxgl.notification.view.XboxNotificationView
19:06:14.724 [FXGL Background Thread 3 ] DEBUG Engine               - pixelsPerMeter: 50.0
19:06:14.724 [FXGL Background Thread 3 ] DEBUG Engine               - platform: WINDOWS
19:06:14.724 [FXGL Background Thread 3 ] DEBUG Engine               - prefHeightProperty: ReadOnlyDoubleProperty [value: 800.0]
19:06:14.724 [FXGL Background Thread 3 ] DEBUG Engine               - prefWidthProperty: ReadOnlyDoubleProperty [value: 1024.0]
19:06:14.724 [FXGL Background Thread 3 ] DEBUG Engine               - profileDir: profiles/
19:06:14.724 [FXGL Background Thread 3 ] DEBUG Engine               - profileName: StringProperty [value: DEFAULT]
19:06:14.724 [FXGL Background Thread 3 ] DEBUG Engine               - randomSeed: -1
19:06:14.724 [FXGL Background Thread 3 ] DEBUG Engine               - runtimeInfo: RuntimeInfo(platform=WINDOWS, version=21, build=28.12.2023 13.35)
19:06:14.724 [FXGL Background Thread 3 ] DEBUG Engine               - saveFileExt: sav
19:06:14.725 [FXGL Background Thread 3 ] DEBUG Engine               - scaledHeightProp$fxgl: DoubleProperty [bound, value: 800.0]
19:06:14.725 [FXGL Background Thread 3 ] DEBUG Engine               - scaledWidthProp$fxgl: DoubleProperty [bound, value: 1024.0]
19:06:14.725 [FXGL Background Thread 3 ] DEBUG Engine               - sceneFactory: org.example.pokemon.map.GameApp$1@53e8a0e2
19:06:14.725 [FXGL Background Thread 3 ] DEBUG Engine               - secondsIn24h: 60
19:06:14.725 [FXGL Background Thread 3 ] DEBUG Engine               - soundMenuBack: menu/back.wav
19:06:14.725 [FXGL Background Thread 3 ] DEBUG Engine               - soundMenuPress: menu/press.wav
19:06:14.725 [FXGL Background Thread 3 ] DEBUG Engine               - soundMenuSelect: menu/select.wav
19:06:14.725 [FXGL Background Thread 3 ] DEBUG Engine               - soundNotification: core/notification.wav
19:06:14.725 [FXGL Background Thread 3 ] DEBUG Engine               - stageStyle: DECORATED
19:06:14.725 [FXGL Background Thread 3 ] DEBUG Engine               - supportedLanguages: [ENGLISH, FRENCH, GERMAN, HUNGARIAN, RUSSIAN]
19:06:14.725 [FXGL Background Thread 3 ] DEBUG Engine               - ticksPerSecond: -1
19:06:14.725 [FXGL Background Thread 3 ] DEBUG Engine               - title: Pokemon
19:06:14.725 [FXGL Background Thread 3 ] DEBUG Engine               - urlGithub: https://github.com/AlmasB/FXGL
19:06:14.725 [FXGL Background Thread 3 ] DEBUG Engine               - urlLeaderboard: http://fxgl-top.herokuapp.com/
19:06:14.725 [FXGL Background Thread 3 ] DEBUG Engine               - urlPOM: https://raw.githubusercontent.com/AlmasB/FXGL/release/README.md
19:06:14.725 [FXGL Background Thread 3 ] DEBUG Engine               - userAppClass: class org.example.pokemon.map.GameApp
19:06:14.725 [FXGL Background Thread 3 ] DEBUG Engine               - version: 0.1
19:06:14.725 [FXGL Background Thread 3 ] DEBUG Engine               - versionCheckDays: 7
19:06:14.725 [FXGL Background Thread 3 ] DEBUG Engine               - width: 1024
19:06:14.725 [FXGL Background Thread 3 ] DEBUG Engine               - Logging services
19:06:14.725 [FXGL Background Thread 3 ] DEBUG Engine               - class com.almasb.fxgl.app.services.FXGLAssetLoaderService
19:06:14.725 [FXGL Background Thread 3 ] DEBUG Engine               - class com.almasb.fxgl.app.FXGLApplication$GameApplicationService
19:06:14.725 [FXGL Background Thread 3 ] DEBUG Engine               - class com.almasb.fxgl.app.services.FXGLDialogService
19:06:14.725 [FXGL Background Thread 3 ] DEBUG Engine               - class com.almasb.fxgl.app.services.IOTaskExecutorService
19:06:14.725 [FXGL Background Thread 3 ] DEBUG Engine               - class com.almasb.fxgl.io.FileSystemService
19:06:14.725 [FXGL Background Thread 3 ] DEBUG Engine               - class com.almasb.fxgl.localization.LocalizationService
19:06:14.725 [FXGL Background Thread 3 ] DEBUG Engine               - class com.almasb.fxgl.app.services.SystemBundleService
19:06:14.725 [FXGL Background Thread 3 ] DEBUG Engine               - class com.almasb.fxgl.profile.SaveLoadService
19:06:14.725 [FXGL Background Thread 3 ] DEBUG Engine               - class com.almasb.fxgl.ui.FXGLUIFactoryServiceProvider
19:06:14.725 [FXGL Background Thread 3 ] DEBUG Engine               - class com.almasb.fxgl.ui.FXGLDialogFactoryServiceProvider
19:06:14.725 [FXGL Background Thread 3 ] DEBUG Engine               - class com.almasb.fxgl.audio.AudioPlayer
19:06:14.725 [FXGL Background Thread 3 ] DEBUG Engine               - class com.almasb.fxgl.notification.impl.NotificationServiceProvider
19:06:14.725 [FXGL Background Thread 3 ] DEBUG Engine               - class com.almasb.fxgl.achievement.AchievementService
19:06:14.725 [FXGL Background Thread 3 ] DEBUG Engine               - class com.almasb.fxgl.cutscene.CutsceneService
19:06:14.725 [FXGL Background Thread 3 ] DEBUG Engine               - class com.almasb.fxgl.minigames.MiniGameService
19:06:14.725 [FXGL Background Thread 3 ] DEBUG Engine               - class com.almasb.fxgl.net.NetService
19:06:14.725 [FXGL Background Thread 3 ] DEBUG Engine               - class com.almasb.fxgl.app.services.UpdaterService
19:06:14.725 [FXGL Background Thread 3 ] DEBUG Engine               - class com.almasb.fxgl.dev.DevService
19:06:15.968 [JavaFX Application Thread] DEBUG FXGLApplication      - Exiting FXGL
19:06:15.969 [JavaFX Application Thread] DEBUG LoopRunner           - Stopping loop
19:06:15.969 [JavaFX Application Thread] DEBUG SystemBundleService  - Saving FXGL system data
19:06:15.971 [JavaFX Application Thread] DEBUG FileSystemAccess     - Writing to: D:\Repo\Pokemon\system\fxgl.bundle
19:06:15.973 [JavaFX Application Thread] DEBUG Async                - Shutting down background threads
19:06:15.973 [JavaFX Application Thread] DEBUG PrimaryStageWindow   - Closing main window
19:06:15.988 [JavaFX Application Thread] DEBUG Logger               - Closing Logger
