08:48:10.160 [main                     ] DEBUG Logger               - Configured Logger
08:48:10.183 [main                     ] DEBUG GameApplication      - Logging settings
Title: Pokemon
Version: 0.1
Width: 1120
Height: 800
Fullscreen: false
Intro: false
Profiling: false
Single step:false
App Mode: DEVELOPER
Menu Key: ESCAPE
Stage Style: DECORATED
Scene Factory: class com.almasb.fxgl.app.scene.SceneFactory

08:48:10.494 [JavaFX Application Thread] DEBUG FXGLApplication      - Initializing FXGL
08:48:10.497 [JavaFX Application Thread] INFO  Engine               - FXGL-21 (28.12.2023 13.35) on WINDOWS (J:21.0.4 FX:21)
08:48:10.497 [JavaFX Application Thread] DEBUG Engine               - JRE Vendor Name: Oracle Corporation
08:48:10.497 [JavaFX Application Thread] DEBUG Engine               - Running on OS: Windows 11 version 10.0
08:48:10.497 [JavaFX Application Thread] DEBUG Engine               - Architecture: amd64
08:48:10.497 [JavaFX Application Thread] INFO  Engine               - Source code and latest versions at: https://github.com/AlmasB/FXGL
08:48:10.497 [JavaFX Application Thread] INFO  Engine               -       Ask questions and discuss at: https://github.com/AlmasB/FXGL/discussions
08:48:10.497 [JavaFX Application Thread] INFO  Engine               -              Join the FXGL chat at: https://gitter.im/AlmasB/FXGL
08:48:10.564 [JavaFX Application Thread] DEBUG PrimaryStageWindow   - Creating a JavaFX scene
08:48:10.604 [JavaFX Application Thread] DEBUG PrimaryStageWindow   - Target settings size: 1120.0 x 800.0
08:48:10.604 [JavaFX Application Thread] DEBUG PrimaryStageWindow   - Scaled scene size:    1120.0 x 800.0
08:48:10.604 [JavaFX Application Thread] DEBUG PrimaryStageWindow   - Scaled ratio: (1.0, 1.0)
08:48:10.605 [JavaFX Application Thread] DEBUG PrimaryStageWindow   - Set initial scene to FXGLStartupScene
08:48:10.607 [JavaFX Application Thread] DEBUG PrimaryStageWindow   - Opening main window
08:48:10.674 [JavaFX Application Thread] DEBUG PrimaryStageWindow   - Window border size: (13.7142333984375, 36.5714111328125)
08:48:10.675 [JavaFX Application Thread] DEBUG PrimaryStageWindow   - Scaled size: 1120.0 x 800.0
08:48:10.675 [JavaFX Application Thread] DEBUG PrimaryStageWindow   - Scaled ratio: (1.0, 1.0)
08:48:10.675 [JavaFX Application Thread] DEBUG PrimaryStageWindow   - Scene size: 1120.0 x 800.0
08:48:10.675 [JavaFX Application Thread] DEBUG PrimaryStageWindow   - Stage size: 1133.7142333984375 x 836.5714111328125
08:48:10.680 [FXGL Background Thread 1 ] DEBUG Engine               - Initializing environment variables
08:48:10.720 [FXGL Background Thread 1 ] DEBUG FXGLAssetLoaderServi - User app class for loading assets: class org.example.pokemon.map.GameApp
08:48:10.720 [FXGL Background Thread 1 ] DEBUG GameApplicationServi - Applying CSS: fxgl_dark.css
08:48:10.721 [FXGL Background Thread 1 ] DEBUG FXGLAssetLoaderServi - Loading from file system: jar:file:///D:/Maven/apache-maven-3.8.8/mavenRepository/com/github/almasb/fxgl/21/fxgl-21.jar!/fxglassets/ui/css/fxgl_dark.css
08:48:10.761 [FXGL Background Thread 1 ] DEBUG GameApplicationServi - Initializing application scenes
08:48:10.810 [FXGL Background Thread 1 ] DEBUG GameWorld            - Game world initialized
08:48:10.851 [FXGL Background Thread 1 ] DEBUG PhysicsWorld         - Physics world initialized: appHeight=800, physics.ppm=50.0
08:48:10.851 [FXGL Background Thread 1 ] DEBUG PhysicsWorld         - Using strategy: BRUTE_FORCE
08:48:10.854 [FXGL Background Thread 1 ] DEBUG GameScene            - Game scene initialized: 1120x800
08:48:10.862 [FXGL Background Thread 1 ] DEBUG FXGL.DefaultMenu     - createMenuBodyGameMenu()
08:48:10.871 [FXGL Background Thread 1 ] DEBUG FXGL.DefaultMenu     - createOptionsMenu()
08:48:10.877 [FXGL Background Thread 1 ] DEBUG FXGLAssetLoaderServi - Loading from file system: jar:file:///D:/Maven/apache-maven-3.8.8/mavenRepository/com/github/almasb/fxgl/21/fxgl-21.jar!/fxglassets/textures/particles/smoke.png
08:48:10.947 [FXGL Background Thread 1 ] DEBUG FXGLAssetLoaderServi - Loading from file system: jar:file:///D:/Maven/apache-maven-3.8.8/mavenRepository/com/github/almasb/fxgl/21/fxgl-21.jar!/fxglassets/textures/particles/trace_horizontal.png
08:48:10.968 [FXGL Background Thread 1 ] DEBUG GameApplicationServi - Application scenes initialized
08:48:10.978 [FXGL Background Thread 1 ] DEBUG SystemBundleService  - Loading FXGL system data
08:48:10.983 [FXGL Background Thread 1 ] DEBUG FileSystemAccess     - Reading from: C:\Users\Kilig\Desktop\Pokemon\system\fxgl.bundle
08:48:10.991 [FXGL Background Thread 1 ] DEBUG SystemBundleService  - Bundle FXGL: {}
08:48:10.991 [FXGL Background Thread 1 ] DEBUG UpdaterService       - Checking for updates
08:48:10.996 [FXGL Background Thread 4 ] DEBUG FXGLApplication      - Loading fonts
08:48:10.996 [FXGL Background Thread 1 ] DEBUG FXGLApplication      - Loading default localization
08:48:10.996 [FXGL Background Thread 4 ] DEBUG FXGLAssetLoaderServi - Loading from file system: jar:file:///D:/Maven/apache-maven-3.8.8/mavenRepository/com/github/almasb/fxgl/21/fxgl-21.jar!/fxglassets/ui/fonts/VarelaRound-Regular.ttf
08:48:10.996 [FXGL Background Thread 1 ] DEBUG FXGLAssetLoaderServi - Loading from file system: jar:file:///D:/Maven/apache-maven-3.8.8/mavenRepository/com/github/almasb/fxgl/21/fxgl-21.jar!/fxglassets/languages/english.lang
08:48:11.020 [FXGL Background Thread 1 ] INFO  FXGLApplication      - FXGL initialization took: 0.338 sec
08:48:11.029 [FXGL Background Thread 4 ] DEBUG FXGLAssetLoaderServi - Loading from file system: jar:file:///D:/Maven/apache-maven-3.8.8/mavenRepository/com/github/almasb/fxgl/21/fxgl-21.jar!/fxglassets/ui/fonts/Abel-Regular.ttf
08:48:11.029 [JavaFX Application Thread] DEBUG Input                - Registered new binding: action0 - W
08:48:11.030 [JavaFX Application Thread] DEBUG Input                - Registered new binding: action1 - A
08:48:11.030 [JavaFX Application Thread] DEBUG Input                - Registered new binding: action2 - S
08:48:11.030 [JavaFX Application Thread] DEBUG Input                - Registered new binding: action3 - D
08:48:11.030 [JavaFX Application Thread] DEBUG Input                - Registered new binding: action4 - Up
08:48:11.031 [JavaFX Application Thread] DEBUG Input                - Registered new binding: action5 - Left
08:48:11.031 [JavaFX Application Thread] DEBUG Input                - Registered new binding: action6 - Down
08:48:11.031 [JavaFX Application Thread] DEBUG Input                - Registered new binding: action7 - Right
08:48:11.033 [JavaFX Application Thread] DEBUG FXGLAssetLoaderServi - Loading from file system: jar:file:///D:/Maven/apache-maven-3.8.8/mavenRepository/com/github/almasb/fxgl/21/fxgl-21.jar!/fxglassets/textures/fxgl_icon.png
08:48:11.039 [FXGL Background Thread 4 ] DEBUG FXGLAssetLoaderServi - Loading from file system: jar:file:///D:/Maven/apache-maven-3.8.8/mavenRepository/com/github/almasb/fxgl/21/fxgl-21.jar!/fxglassets/ui/fonts/TerminalLandMono-Regular.otf
08:48:11.047 [JavaFX Application Thread] DEBUG FXGLAssetLoaderServi - Loading from file system: jar:file:///D:/Maven/apache-maven-3.8.8/mavenRepository/com/github/almasb/fxgl/21/fxgl-21.jar!/fxglassets/textures/fxgl_default_cursor.png
08:48:11.050 [JavaFX Application Thread] DEBUG Input                - Registered new binding: Screenshot - CTRL+8
08:48:11.050 [FXGL Background Thread 4 ] DEBUG FXGLAssetLoaderServi - Loading from file system: jar:file:///D:/Maven/apache-maven-3.8.8/mavenRepository/com/github/almasb/fxgl/21/fxgl-21.jar!/fxglassets/ui/fonts/Courier-Prime.ttf
08:48:11.050 [JavaFX Application Thread] DEBUG Input                - Registered new binding: System info dump - CTRL+9
08:48:11.051 [JavaFX Application Thread] DEBUG Input                - Registered new binding: Restart - CTRL+R
08:48:11.051 [JavaFX Application Thread] DEBUG Input                - Registered new binding: Toggle Debug Camera - CTRL+7
08:48:11.056 [JavaFX Application Thread] DEBUG LoopRunner           - Starting loop
08:48:11.056 [JavaFX Application Thread] DEBUG LoopRunner           - Initializing JavaFX AnimationTimerLoop
08:48:11.057 [JavaFX Application Thread] DEBUG GameApplicationServi - Starting new game
08:48:11.057 [JavaFX Application Thread] DEBUG Input                - Clearing active input actions
08:48:11.070 [JavaFX Application Thread] DEBUG GameApplicationServi - Removing overlay from FXGLStartupScene and adding to FXGLLoadingScene
08:48:11.071 [JavaFX Application Thread] DEBUG PrimaryStageWindow   - FXGLStartupScene -> FXGLLoadingScene
08:48:11.071 [JavaFX Application Thread] DEBUG GameApplicationServi - Clearing previous game
08:48:11.071 [JavaFX Application Thread] DEBUG GameScene            - Clearing game scene
08:48:11.071 [JavaFX Application Thread] DEBUG GameWorld            - Clearing game world
08:48:11.071 [JavaFX Application Thread] DEBUG PhysicsWorld         - Clearing physics world
08:48:11.072 [FXGL Background Thread 4 ] DEBUG FXGLApplication      - Initializing game
08:48:11.094 [FXGL Background Thread 4 ] DEBUG FXGLAssetLoaderServi - Loading from file system: file:/C:/Users/Kilig/Desktop/Pokemon/target/classes/assets/textures/BuLunDan.png
08:48:11.122 [JavaFX Application Thread] DEBUG FXGLApplication      - Registering font factories with UI factory
08:48:11.176 [FXGL Background Thread 4 ] WARN  TMXLevelLoader       - TiledMap generated from 1.8.4. Supported version: 1.9.0. Some features may not be parsed fully.
08:48:11.189 [FXGL Background Thread 4 ] DEBUG TMXLevelLoader       - Parsed TiledMap: file:/C:/Users/Kilig/Desktop/Pokemon/target/classes/assets/levels/level1.tmx
08:48:11.192 [FXGL Background Thread 4 ] DEBUG TMXLevelLoader       - Creating tile layer entities
08:48:11.193 [FXGL Background Thread 4 ] DEBUG TilesetLoader        - Loading view for layer 图块层 1
08:48:11.196 [FXGL Background Thread 4 ] DEBUG TilesetLoader        - Created buffer with size 1024.0x800.0
08:48:11.207 [FXGL Background Thread 4 ] DEBUG TMXLevelLoader       - Creating object layer entities
08:48:11.240 [FXGL Background Thread 4 ] DEBUG GameWorld            - Clearing removable entities
08:48:11.243 [FXGL Background Thread 4 ] DEBUG GameWorld            - Setting level: com.almasb.fxgl.entity.level.Level@64b85477
08:48:11.247 [FXGL Background Thread 4 ] INFO  FXGLApplication      - Game initialization took: 0.173 sec
08:48:11.248 [JavaFX Application Thread] DEBUG Input                - Clearing active input actions
08:48:11.253 [JavaFX Application Thread] DEBUG GameApplicationServi - Removing overlay from FXGLLoadingScene and adding to GameScene
08:48:11.253 [JavaFX Application Thread] DEBUG PrimaryStageWindow   - FXGLLoadingScene -> GameScene
08:48:11.635 [FXGL Background Thread 2 ] INFO  UpdaterService       - Your current version:  21
08:48:11.635 [FXGL Background Thread 2 ] INFO  UpdaterService       - Latest stable version: 21.1
08:48:13.995 [FXGL Background Thread 3 ] DEBUG Engine               - Logging environment variables
08:48:13.997 [FXGL Background Thread 3 ] DEBUG Engine               - achievements: []
08:48:13.997 [FXGL Background Thread 3 ] DEBUG Engine               - actualHeight: 800.0
08:48:13.997 [FXGL Background Thread 3 ] DEBUG Engine               - actualHeightProperty: ReadOnlyDoubleProperty [value: 800.0]
08:48:13.997 [FXGL Background Thread 3 ] DEBUG Engine               - actualWidth: 1120.0
08:48:13.997 [FXGL Background Thread 3 ] DEBUG Engine               - actualWidthProperty: ReadOnlyDoubleProperty [value: 1120.0]
08:48:13.998 [FXGL Background Thread 3 ] DEBUG Engine               - appIcon: fxgl_icon.png
08:48:13.998 [FXGL Background Thread 3 ] DEBUG Engine               - applicationMode: DEVELOPER
08:48:13.998 [FXGL Background Thread 3 ] DEBUG Engine               - cSSList: [fxgl_dark.css]
08:48:13.998 [FXGL Background Thread 3 ] DEBUG Engine               - collisionDetectionStrategy: BRUTE_FORCE
08:48:13.998 [FXGL Background Thread 3 ] DEBUG Engine               - configClass: Optional.empty
08:48:13.998 [FXGL Background Thread 3 ] DEBUG Engine               - credits: []
08:48:13.998 [FXGL Background Thread 3 ] DEBUG Engine               - defaultCursor: CursorInfo(imageName=fxgl_default_cursor.png, hotspotX=7.0, hotspotY=6.0)
08:48:13.999 [FXGL Background Thread 3 ] DEBUG Engine               - devBBoxColorProperty: ObjectProperty [value: 0xff0000ff]
08:48:13.999 [FXGL Background Thread 3 ] DEBUG Engine               - devEnableDebugCameraProperty: BooleanProperty [value: false]
08:48:13.999 [FXGL Background Thread 3 ] DEBUG Engine               - devSensorColorProperty: ObjectProperty [value: 0xffff00ff]
08:48:13.999 [FXGL Background Thread 3 ] DEBUG Engine               - devShowBBoxProperty: BooleanProperty [value: false]
08:48:13.999 [FXGL Background Thread 3 ] DEBUG Engine               - devShowPositionProperty: BooleanProperty [value: false]
08:48:13.999 [FXGL Background Thread 3 ] DEBUG Engine               - enabledMenuItems: []
08:48:13.999 [FXGL Background Thread 3 ] DEBUG Engine               - engineServices: [class com.almasb.fxgl.app.services.FXGLAssetLoaderService, class com.almasb.fxgl.app.FXGLApplication$GameApplicationService, class com.almasb.fxgl.app.services.FXGLDialogService, class com.almasb.fxgl.app.services.IOTaskExecutorService, class com.almasb.fxgl.io.FileSystemService, class com.almasb.fxgl.localization.LocalizationService, class com.almasb.fxgl.app.services.SystemBundleService, class com.almasb.fxgl.profile.SaveLoadService, class com.almasb.fxgl.ui.FXGLUIFactoryServiceProvider, class com.almasb.fxgl.ui.FXGLDialogFactoryServiceProvider, class com.almasb.fxgl.audio.AudioPlayer, class com.almasb.fxgl.notification.impl.NotificationServiceProvider, class com.almasb.fxgl.achievement.AchievementService, class com.almasb.fxgl.cutscene.CutsceneService, class com.almasb.fxgl.minigames.MiniGameService, class com.almasb.fxgl.net.NetService, class com.almasb.fxgl.app.services.UpdaterService, class com.almasb.fxgl.dev.DevService]
08:48:13.999 [FXGL Background Thread 3 ] DEBUG Engine               - fontGame: Abel-Regular.ttf
08:48:13.999 [FXGL Background Thread 3 ] DEBUG Engine               - fontMono: TerminalLandMono-Regular.otf
08:48:13.999 [FXGL Background Thread 3 ] DEBUG Engine               - fontSizeScaleUI: 1.0
08:48:13.999 [FXGL Background Thread 3 ] DEBUG Engine               - fontText: Courier-Prime.ttf
08:48:13.999 [FXGL Background Thread 3 ] DEBUG Engine               - fontUI: VarelaRound-Regular.ttf
08:48:13.999 [FXGL Background Thread 3 ] DEBUG Engine               - fullScreen: BooleanProperty [value: false]
08:48:13.999 [FXGL Background Thread 3 ] DEBUG Engine               - gameDifficulty: MEDIUM
08:48:14.000 [FXGL Background Thread 3 ] DEBUG Engine               - gameDifficultyProperty: ObjectProperty [value: MEDIUM]
08:48:14.000 [FXGL Background Thread 3 ] DEBUG Engine               - globalMusicVolume: 0.5
08:48:14.000 [FXGL Background Thread 3 ] DEBUG Engine               - globalMusicVolumeProperty: DoubleProperty [value: 0.5]
08:48:14.000 [FXGL Background Thread 3 ] DEBUG Engine               - globalSoundVolume: 0.5
08:48:14.000 [FXGL Background Thread 3 ] DEBUG Engine               - globalSoundVolumeProperty: DoubleProperty [value: 0.5]
08:48:14.000 [FXGL Background Thread 3 ] DEBUG Engine               - height: 800
08:48:14.000 [FXGL Background Thread 3 ] DEBUG Engine               - is3D: false
08:48:14.000 [FXGL Background Thread 3 ] DEBUG Engine               - isAndroid: false
08:48:14.000 [FXGL Background Thread 3 ] DEBUG Engine               - isBrowser: false
08:48:14.000 [FXGL Background Thread 3 ] DEBUG Engine               - isClickFeedbackEnabled: false
08:48:14.000 [FXGL Background Thread 3 ] DEBUG Engine               - isCloseConfirmation: false
08:48:14.000 [FXGL Background Thread 3 ] DEBUG Engine               - isDesktop: true
08:48:14.000 [FXGL Background Thread 3 ] DEBUG Engine               - isDeveloperMenuEnabled: false
08:48:14.000 [FXGL Background Thread 3 ] DEBUG Engine               - isEmbedded: false
08:48:14.000 [FXGL Background Thread 3 ] DEBUG Engine               - isEntityPreloadEnabled: true
08:48:14.001 [FXGL Background Thread 3 ] DEBUG Engine               - isExperimentalTiledLargeMap: false
08:48:14.001 [FXGL Background Thread 3 ] DEBUG Engine               - isFileSystemWriteAllowed: true
08:48:14.001 [FXGL Background Thread 3 ] DEBUG Engine               - isFullScreenAllowed: false
08:48:14.001 [FXGL Background Thread 3 ] DEBUG Engine               - isFullScreenFromStart: false
08:48:14.001 [FXGL Background Thread 3 ] DEBUG Engine               - isGameMenuEnabled: true
08:48:14.001 [FXGL Background Thread 3 ] DEBUG Engine               - isIOS: false
08:48:14.001 [FXGL Background Thread 3 ] DEBUG Engine               - isIntroEnabled: false
08:48:14.001 [FXGL Background Thread 3 ] DEBUG Engine               - isLinux: false
08:48:14.001 [FXGL Background Thread 3 ] DEBUG Engine               - isMac: false
08:48:14.001 [FXGL Background Thread 3 ] DEBUG Engine               - isMainMenuEnabled: false
08:48:14.001 [FXGL Background Thread 3 ] DEBUG Engine               - isManualResizeEnabled: false
08:48:14.001 [FXGL Background Thread 3 ] DEBUG Engine               - isMobile: false
08:48:14.001 [FXGL Background Thread 3 ] DEBUG Engine               - isNative: false
08:48:14.001 [FXGL Background Thread 3 ] DEBUG Engine               - isPauseMusicWhenMinimized: true
08:48:14.001 [FXGL Background Thread 3 ] DEBUG Engine               - isPreserveResizeRatio: false
08:48:14.001 [FXGL Background Thread 3 ] DEBUG Engine               - isProfilingEnabled: false
08:48:14.001 [FXGL Background Thread 3 ] DEBUG Engine               - isScaleAffectedOnResize: true
08:48:14.001 [FXGL Background Thread 3 ] DEBUG Engine               - isSingleStep: false
08:48:14.001 [FXGL Background Thread 3 ] DEBUG Engine               - isUserProfileEnabled: false
08:48:14.001 [FXGL Background Thread 3 ] DEBUG Engine               - isWindows: true
08:48:14.001 [FXGL Background Thread 3 ] DEBUG Engine               - language: ObjectProperty [value: ENGLISH]
08:48:14.002 [FXGL Background Thread 3 ] DEBUG Engine               - menuKey: ESCAPE
08:48:14.002 [FXGL Background Thread 3 ] DEBUG Engine               - mouseSensitivity: 0.2
08:48:14.002 [FXGL Background Thread 3 ] DEBUG Engine               - notificationViewClass: class com.almasb.fxgl.notification.view.XboxNotificationView
08:48:14.002 [FXGL Background Thread 3 ] DEBUG Engine               - pixelsPerMeter: 50.0
08:48:14.002 [FXGL Background Thread 3 ] DEBUG Engine               - platform: WINDOWS
08:48:14.002 [FXGL Background Thread 3 ] DEBUG Engine               - prefHeightProperty: ReadOnlyDoubleProperty [value: 800.0]
08:48:14.002 [FXGL Background Thread 3 ] DEBUG Engine               - prefWidthProperty: ReadOnlyDoubleProperty [value: 1120.0]
08:48:14.002 [FXGL Background Thread 3 ] DEBUG Engine               - profileDir: profiles/
08:48:14.002 [FXGL Background Thread 3 ] DEBUG Engine               - profileName: StringProperty [value: DEFAULT]
08:48:14.002 [FXGL Background Thread 3 ] DEBUG Engine               - randomSeed: -1
08:48:14.002 [FXGL Background Thread 3 ] DEBUG Engine               - runtimeInfo: RuntimeInfo(platform=WINDOWS, version=21, build=28.12.2023 13.35)
08:48:14.002 [FXGL Background Thread 3 ] DEBUG Engine               - saveFileExt: sav
08:48:14.002 [FXGL Background Thread 3 ] DEBUG Engine               - scaledHeightProp$fxgl: DoubleProperty [bound, value: 800.0]
08:48:14.002 [FXGL Background Thread 3 ] DEBUG Engine               - scaledWidthProp$fxgl: DoubleProperty [bound, value: 1120.0]
08:48:14.003 [FXGL Background Thread 3 ] DEBUG Engine               - sceneFactory: com.almasb.fxgl.app.scene.SceneFactory@2db4404a
08:48:14.003 [FXGL Background Thread 3 ] DEBUG Engine               - secondsIn24h: 60
08:48:14.003 [FXGL Background Thread 3 ] DEBUG Engine               - soundMenuBack: menu/back.wav
08:48:14.003 [FXGL Background Thread 3 ] DEBUG Engine               - soundMenuPress: menu/press.wav
08:48:14.003 [FXGL Background Thread 3 ] DEBUG Engine               - soundMenuSelect: menu/select.wav
08:48:14.003 [FXGL Background Thread 3 ] DEBUG Engine               - soundNotification: core/notification.wav
08:48:14.003 [FXGL Background Thread 3 ] DEBUG Engine               - stageStyle: DECORATED
08:48:14.003 [FXGL Background Thread 3 ] DEBUG Engine               - supportedLanguages: [ENGLISH, FRENCH, GERMAN, HUNGARIAN, RUSSIAN]
08:48:14.003 [FXGL Background Thread 3 ] DEBUG Engine               - ticksPerSecond: -1
08:48:14.003 [FXGL Background Thread 3 ] DEBUG Engine               - title: Pokemon
08:48:14.003 [FXGL Background Thread 3 ] DEBUG Engine               - urlGithub: https://github.com/AlmasB/FXGL
08:48:14.003 [FXGL Background Thread 3 ] DEBUG Engine               - urlLeaderboard: http://fxgl-top.herokuapp.com/
08:48:14.003 [FXGL Background Thread 3 ] DEBUG Engine               - urlPOM: https://raw.githubusercontent.com/AlmasB/FXGL/release/README.md
08:48:14.003 [FXGL Background Thread 3 ] DEBUG Engine               - userAppClass: class org.example.pokemon.map.GameApp
08:48:14.003 [FXGL Background Thread 3 ] DEBUG Engine               - version: 0.1
08:48:14.003 [FXGL Background Thread 3 ] DEBUG Engine               - versionCheckDays: 7
08:48:14.003 [FXGL Background Thread 3 ] DEBUG Engine               - width: 1120
08:48:14.003 [FXGL Background Thread 3 ] DEBUG Engine               - Logging services
08:48:14.003 [FXGL Background Thread 3 ] DEBUG Engine               - class com.almasb.fxgl.app.services.FXGLAssetLoaderService
08:48:14.003 [FXGL Background Thread 3 ] DEBUG Engine               - class com.almasb.fxgl.app.FXGLApplication$GameApplicationService
08:48:14.003 [FXGL Background Thread 3 ] DEBUG Engine               - class com.almasb.fxgl.app.services.FXGLDialogService
08:48:14.003 [FXGL Background Thread 3 ] DEBUG Engine               - class com.almasb.fxgl.app.services.IOTaskExecutorService
08:48:14.003 [FXGL Background Thread 3 ] DEBUG Engine               - class com.almasb.fxgl.io.FileSystemService
08:48:14.003 [FXGL Background Thread 3 ] DEBUG Engine               - class com.almasb.fxgl.localization.LocalizationService
08:48:14.003 [FXGL Background Thread 3 ] DEBUG Engine               - class com.almasb.fxgl.app.services.SystemBundleService
08:48:14.003 [FXGL Background Thread 3 ] DEBUG Engine               - class com.almasb.fxgl.profile.SaveLoadService
08:48:14.003 [FXGL Background Thread 3 ] DEBUG Engine               - class com.almasb.fxgl.ui.FXGLUIFactoryServiceProvider
08:48:14.003 [FXGL Background Thread 3 ] DEBUG Engine               - class com.almasb.fxgl.ui.FXGLDialogFactoryServiceProvider
08:48:14.004 [FXGL Background Thread 3 ] DEBUG Engine               - class com.almasb.fxgl.audio.AudioPlayer
08:48:14.004 [FXGL Background Thread 3 ] DEBUG Engine               - class com.almasb.fxgl.notification.impl.NotificationServiceProvider
08:48:14.004 [FXGL Background Thread 3 ] DEBUG Engine               - class com.almasb.fxgl.achievement.AchievementService
08:48:14.004 [FXGL Background Thread 3 ] DEBUG Engine               - class com.almasb.fxgl.cutscene.CutsceneService
08:48:14.004 [FXGL Background Thread 3 ] DEBUG Engine               - class com.almasb.fxgl.minigames.MiniGameService
08:48:14.004 [FXGL Background Thread 3 ] DEBUG Engine               - class com.almasb.fxgl.net.NetService
08:48:14.004 [FXGL Background Thread 3 ] DEBUG Engine               - class com.almasb.fxgl.app.services.UpdaterService
08:48:14.004 [FXGL Background Thread 3 ] DEBUG Engine               - class com.almasb.fxgl.dev.DevService
08:48:33.064 [JavaFX Application Thread] DEBUG FXGLApplication      - Exiting FXGL
08:48:33.065 [JavaFX Application Thread] DEBUG LoopRunner           - Stopping loop
08:48:33.065 [JavaFX Application Thread] DEBUG SystemBundleService  - Saving FXGL system data
08:48:33.067 [JavaFX Application Thread] DEBUG FileSystemAccess     - Writing to: C:\Users\Kilig\Desktop\Pokemon\system\fxgl.bundle
08:48:33.070 [JavaFX Application Thread] DEBUG Async                - Shutting down background threads
08:48:33.070 [JavaFX Application Thread] DEBUG PrimaryStageWindow   - Closing main window
08:48:33.092 [JavaFX Application Thread] DEBUG Logger               - Closing Logger
