17:01:33.492 [main                     ] DEBUG Logger               - Configured Logger
17:01:33.507 [main                     ] DEBUG GameApplication      - Logging settings
Title: Pokemon
Version: 0.1
Width: 1024
Height: 800
Fullscreen: false
Intro: false
Profiling: false
Single step:false
App Mode: DEVELOPER
Menu Key: ESCAPE
Stage Style: DECORATED
Scene Factory: class org.example.pokemon.map.GameApp$1

17:01:34.015 [JavaFX Application Thread] DEBUG FXGLApplication      - Initializing FXGL
17:01:34.019 [JavaFX Application Thread] INFO  Engine               - FXGL-21 (28.12.2023 13.35) on WINDOWS (J:21.0.1 FX:21)
17:01:34.020 [JavaFX Application Thread] DEBUG Engine               - JRE Vendor Name: Oracle Corporation
17:01:34.020 [JavaFX Application Thread] DEBUG Engine               - Running on OS: Windows 11 version 10.0
17:01:34.020 [JavaFX Application Thread] DEBUG Engine               - Architecture: amd64
17:01:34.020 [JavaFX Application Thread] INFO  Engine               - Source code and latest versions at: https://github.com/AlmasB/FXGL
17:01:34.020 [JavaFX Application Thread] INFO  Engine               -       Ask questions and discuss at: https://github.com/AlmasB/FXGL/discussions
17:01:34.020 [JavaFX Application Thread] INFO  Engine               -              Join the FXGL chat at: https://gitter.im/AlmasB/FXGL
17:01:34.084 [JavaFX Application Thread] DEBUG PrimaryStageWindow   - Creating a JavaFX scene
17:01:34.125 [JavaFX Application Thread] DEBUG PrimaryStageWindow   - Target settings size: 1024.0 x 800.0
17:01:34.125 [JavaFX Application Thread] DEBUG PrimaryStageWindow   - Scaled scene size:    1024.0 x 800.0
17:01:34.125 [JavaFX Application Thread] DEBUG PrimaryStageWindow   - Scaled ratio: (1.0, 1.0)
17:01:34.126 [JavaFX Application Thread] DEBUG PrimaryStageWindow   - Set initial scene to FXGLStartupScene
17:01:34.128 [JavaFX Application Thread] DEBUG PrimaryStageWindow   - Opening main window
17:01:34.213 [JavaFX Application Thread] DEBUG PrimaryStageWindow   - Window border size: (14.6666259765625, 37.33331298828125)
17:01:34.213 [JavaFX Application Thread] DEBUG PrimaryStageWindow   - Scaled size: 1024.0 x 800.0
17:01:34.213 [JavaFX Application Thread] DEBUG PrimaryStageWindow   - Scaled ratio: (1.0, 1.0)
17:01:34.213 [JavaFX Application Thread] DEBUG PrimaryStageWindow   - Scene size: 1024.0 x 800.0
17:01:34.214 [JavaFX Application Thread] DEBUG PrimaryStageWindow   - Stage size: 1038.6666259765625 x 837.3333129882812
17:01:34.218 [FXGL Background Thread 1 ] DEBUG Engine               - Initializing environment variables
17:01:34.276 [FXGL Background Thread 1 ] DEBUG FXGLAssetLoaderServi - User app class for loading assets: class org.example.pokemon.map.GameApp
17:01:34.278 [FXGL Background Thread 1 ] DEBUG GameApplicationServi - Applying CSS: fxgl_dark.css
17:01:34.280 [FXGL Background Thread 1 ] DEBUG FXGLAssetLoaderServi - Loading from file system: jar:file:///D:/JAVA%20IDE%20WORKPLACE/localRepoNew/com/github/almasb/fxgl/21/fxgl-21.jar!/fxglassets/ui/css/fxgl_dark.css
17:01:34.331 [FXGL Background Thread 1 ] DEBUG GameApplicationServi - Initializing application scenes
17:01:34.404 [FXGL Background Thread 1 ] DEBUG GameWorld            - Game world initialized
17:01:34.440 [FXGL Background Thread 1 ] DEBUG PhysicsWorld         - Physics world initialized: appHeight=800, physics.ppm=50.0
17:01:34.441 [FXGL Background Thread 1 ] DEBUG PhysicsWorld         - Using strategy: BRUTE_FORCE
17:01:34.444 [FXGL Background Thread 1 ] DEBUG GameScene            - Game scene initialized: 1024x800
17:01:34.600 [FXGL Background Thread 1 ] DEBUG FXGL.DefaultMenu     - createMenuBodyGameMenu()
17:01:34.606 [FXGL Background Thread 1 ] DEBUG FXGL.DefaultMenu     - createOptionsMenu()
17:01:34.613 [FXGL Background Thread 1 ] DEBUG FXGLAssetLoaderServi - Loading from file system: jar:file:///D:/JAVA%20IDE%20WORKPLACE/localRepoNew/com/github/almasb/fxgl/21/fxgl-21.jar!/fxglassets/textures/particles/smoke.png
17:01:34.699 [FXGL Background Thread 1 ] DEBUG FXGLAssetLoaderServi - Loading from file system: jar:file:///D:/JAVA%20IDE%20WORKPLACE/localRepoNew/com/github/almasb/fxgl/21/fxgl-21.jar!/fxglassets/textures/particles/trace_horizontal.png
17:01:34.717 [FXGL Background Thread 1 ] DEBUG GameApplicationServi - Application scenes initialized
17:01:34.724 [FXGL Background Thread 1 ] DEBUG SystemBundleService  - Loading FXGL system data
17:01:34.726 [FXGL Background Thread 1 ] DEBUG FileSystemAccess     - Reading from: D:\Programs\Pokemon_Liu1.5\Pokemon\system\fxgl.bundle
17:01:34.731 [FXGL Background Thread 1 ] DEBUG SystemBundleService  - Bundle FXGL: {}
17:01:34.731 [FXGL Background Thread 1 ] DEBUG UpdaterService       - Checking for updates
17:01:34.733 [FXGL Background Thread 4 ] DEBUG FXGLApplication      - Loading fonts
17:01:34.735 [FXGL Background Thread 4 ] DEBUG FXGLAssetLoaderServi - Loading from file system: jar:file:///D:/JAVA%20IDE%20WORKPLACE/localRepoNew/com/github/almasb/fxgl/21/fxgl-21.jar!/fxglassets/ui/fonts/VarelaRound-Regular.ttf
17:01:34.736 [FXGL Background Thread 1 ] DEBUG FXGLApplication      - Loading default localization
17:01:34.736 [FXGL Background Thread 1 ] DEBUG FXGLAssetLoaderServi - Loading from file system: jar:file:///D:/JAVA%20IDE%20WORKPLACE/localRepoNew/com/github/almasb/fxgl/21/fxgl-21.jar!/fxglassets/languages/english.lang
17:01:34.787 [FXGL Background Thread 4 ] DEBUG FXGLAssetLoaderServi - Loading from file system: jar:file:///D:/JAVA%20IDE%20WORKPLACE/localRepoNew/com/github/almasb/fxgl/21/fxgl-21.jar!/fxglassets/ui/fonts/Abel-Regular.ttf
17:01:34.796 [FXGL Background Thread 4 ] DEBUG FXGLAssetLoaderServi - Loading from file system: jar:file:///D:/JAVA%20IDE%20WORKPLACE/localRepoNew/com/github/almasb/fxgl/21/fxgl-21.jar!/fxglassets/ui/fonts/TerminalLandMono-Regular.otf
17:01:34.808 [FXGL Background Thread 4 ] DEBUG FXGLAssetLoaderServi - Loading from file system: jar:file:///D:/JAVA%20IDE%20WORKPLACE/localRepoNew/com/github/almasb/fxgl/21/fxgl-21.jar!/fxglassets/ui/fonts/Courier-Prime.ttf
17:01:34.844 [JavaFX Application Thread] DEBUG FXGLApplication      - Registering font factories with UI factory
17:01:34.848 [FXGL Background Thread 1 ] INFO  FXGLApplication      - FXGL initialization took: 0.629 sec
17:01:34.858 [JavaFX Application Thread] DEBUG Input                - Registered new binding: action0 - W
17:01:34.858 [JavaFX Application Thread] DEBUG Input                - Registered new binding: action1 - A
17:01:34.858 [JavaFX Application Thread] DEBUG Input                - Registered new binding: action2 - S
17:01:34.859 [JavaFX Application Thread] DEBUG Input                - Registered new binding: action3 - D
17:01:34.859 [JavaFX Application Thread] DEBUG Input                - Registered new binding: action4 - Up
17:01:34.859 [JavaFX Application Thread] DEBUG Input                - Registered new binding: action5 - Left
17:01:34.859 [JavaFX Application Thread] DEBUG Input                - Registered new binding: action6 - Down
17:01:34.860 [JavaFX Application Thread] DEBUG Input                - Registered new binding: action7 - Right
17:01:34.860 [JavaFX Application Thread] DEBUG Input                - Registered new binding: action8 - J
17:01:34.860 [JavaFX Application Thread] DEBUG FXGLAssetLoaderServi - Loading from file system: file:/D:/Programs/Pokemon_Liu1.5/Pokemon/target/classes/assets/music/BGM.mp3
17:01:35.055 [FXGL Background Thread 2 ] WARN  UpdaterService       - Failed to find updates: java.net.UnknownHostException: raw.githubusercontent.com
17:01:35.209 [JavaFX Application Thread] DEBUG AudioPlayer          - Playing music com.almasb.fxgl.audio.Music@58ecfbd1
17:01:35.209 [JavaFX Application Thread] DEBUG FXGLAssetLoaderServi - Loading from file system: file:/D:/Programs/Pokemon_Liu1.5/Pokemon/target/classes/assets/textures/icon.png
17:01:35.222 [JavaFX Application Thread] DEBUG FXGLAssetLoaderServi - Loading from file system: jar:file:///D:/JAVA%20IDE%20WORKPLACE/localRepoNew/com/github/almasb/fxgl/21/fxgl-21.jar!/fxglassets/textures/fxgl_default_cursor.png
17:01:35.223 [JavaFX Application Thread] DEBUG Input                - Registered new binding: Screenshot - CTRL+8
17:01:35.223 [JavaFX Application Thread] DEBUG Input                - Registered new binding: System info dump - CTRL+9
17:01:35.225 [JavaFX Application Thread] DEBUG Input                - Registered new binding: Restart - CTRL+R
17:01:35.226 [JavaFX Application Thread] DEBUG Input                - Registered new binding: Toggle Debug Camera - CTRL+7
17:01:35.227 [JavaFX Application Thread] DEBUG LoopRunner           - Starting loop
17:01:35.227 [JavaFX Application Thread] DEBUG LoopRunner           - Initializing JavaFX AnimationTimerLoop
17:01:35.229 [JavaFX Application Thread] DEBUG Input                - Clearing active input actions
17:01:35.235 [JavaFX Application Thread] DEBUG GameApplicationServi - Removing overlay from FXGLStartupScene and adding to FXGLMainMenuDummyScene
17:01:35.235 [JavaFX Application Thread] DEBUG PrimaryStageWindow   - FXGLStartupScene -> FXGLMainMenuDummyScene
17:01:35.235 [JavaFX Application Thread] DEBUG PrimaryStageWindow   - Push state: TestMainMenu
17:01:35.236 [JavaFX Application Thread] DEBUG Input                - Clearing active input actions
17:01:35.245 [JavaFX Application Thread] DEBUG GameApplicationServi - Removing overlay from FXGLMainMenuDummyScene and adding to TestMainMenu
17:01:35.245 [JavaFX Application Thread] DEBUG PrimaryStageWindow   - FXGLMainMenuDummyScene -> TestMainMenu
17:01:37.735 [FXGL Background Thread 3 ] DEBUG Engine               - Logging environment variables
17:01:37.735 [FXGL Background Thread 3 ] DEBUG Engine               - achievements: []
17:01:37.735 [FXGL Background Thread 3 ] DEBUG Engine               - actualHeight: 800.0
17:01:37.736 [FXGL Background Thread 3 ] DEBUG Engine               - actualHeightProperty: ReadOnlyDoubleProperty [value: 800.0]
17:01:37.736 [FXGL Background Thread 3 ] DEBUG Engine               - actualWidth: 1024.0
17:01:37.736 [FXGL Background Thread 3 ] DEBUG Engine               - actualWidthProperty: ReadOnlyDoubleProperty [value: 1024.0]
17:01:37.736 [FXGL Background Thread 3 ] DEBUG Engine               - appIcon: icon.png
17:01:37.736 [FXGL Background Thread 3 ] DEBUG Engine               - applicationMode: DEVELOPER
17:01:37.736 [FXGL Background Thread 3 ] DEBUG Engine               - cSSList: [fxgl_dark.css]
17:01:37.736 [FXGL Background Thread 3 ] DEBUG Engine               - collisionDetectionStrategy: BRUTE_FORCE
17:01:37.736 [FXGL Background Thread 3 ] DEBUG Engine               - configClass: Optional.empty
17:01:37.736 [FXGL Background Thread 3 ] DEBUG Engine               - credits: []
17:01:37.736 [FXGL Background Thread 3 ] DEBUG Engine               - defaultCursor: CursorInfo(imageName=fxgl_default_cursor.png, hotspotX=7.0, hotspotY=6.0)
17:01:37.736 [FXGL Background Thread 3 ] DEBUG Engine               - devBBoxColorProperty: ObjectProperty [value: 0xff0000ff]
17:01:37.736 [FXGL Background Thread 3 ] DEBUG Engine               - devEnableDebugCameraProperty: BooleanProperty [value: false]
17:01:37.736 [FXGL Background Thread 3 ] DEBUG Engine               - devSensorColorProperty: ObjectProperty [value: 0xffff00ff]
17:01:37.736 [FXGL Background Thread 3 ] DEBUG Engine               - devShowBBoxProperty: BooleanProperty [value: false]
17:01:37.736 [FXGL Background Thread 3 ] DEBUG Engine               - devShowPositionProperty: BooleanProperty [value: false]
17:01:37.736 [FXGL Background Thread 3 ] DEBUG Engine               - enabledMenuItems: []
17:01:37.736 [FXGL Background Thread 3 ] DEBUG Engine               - engineServices: [class com.almasb.fxgl.app.services.FXGLAssetLoaderService, class com.almasb.fxgl.app.FXGLApplication$GameApplicationService, class com.almasb.fxgl.app.services.FXGLDialogService, class com.almasb.fxgl.app.services.IOTaskExecutorService, class com.almasb.fxgl.io.FileSystemService, class com.almasb.fxgl.localization.LocalizationService, class com.almasb.fxgl.app.services.SystemBundleService, class com.almasb.fxgl.profile.SaveLoadService, class com.almasb.fxgl.ui.FXGLUIFactoryServiceProvider, class com.almasb.fxgl.ui.FXGLDialogFactoryServiceProvider, class com.almasb.fxgl.audio.AudioPlayer, class com.almasb.fxgl.notification.impl.NotificationServiceProvider, class com.almasb.fxgl.achievement.AchievementService, class com.almasb.fxgl.cutscene.CutsceneService, class com.almasb.fxgl.minigames.MiniGameService, class com.almasb.fxgl.net.NetService, class com.almasb.fxgl.app.services.UpdaterService, class com.almasb.fxgl.dev.DevService]
17:01:37.736 [FXGL Background Thread 3 ] DEBUG Engine               - fontGame: Abel-Regular.ttf
17:01:37.736 [FXGL Background Thread 3 ] DEBUG Engine               - fontMono: TerminalLandMono-Regular.otf
17:01:37.736 [FXGL Background Thread 3 ] DEBUG Engine               - fontSizeScaleUI: 1.0
17:01:37.736 [FXGL Background Thread 3 ] DEBUG Engine               - fontText: Courier-Prime.ttf
17:01:37.736 [FXGL Background Thread 3 ] DEBUG Engine               - fontUI: VarelaRound-Regular.ttf
17:01:37.736 [FXGL Background Thread 3 ] DEBUG Engine               - fullScreen: BooleanProperty [value: false]
17:01:37.737 [FXGL Background Thread 3 ] DEBUG Engine               - gameDifficulty: MEDIUM
17:01:37.737 [FXGL Background Thread 3 ] DEBUG Engine               - gameDifficultyProperty: ObjectProperty [value: MEDIUM]
17:01:37.737 [FXGL Background Thread 3 ] DEBUG Engine               - globalMusicVolume: 0.5
17:01:37.737 [FXGL Background Thread 3 ] DEBUG Engine               - globalMusicVolumeProperty: DoubleProperty [value: 0.1]
17:01:37.737 [FXGL Background Thread 3 ] DEBUG Engine               - globalSoundVolume: 0.5
17:01:37.737 [FXGL Background Thread 3 ] DEBUG Engine               - globalSoundVolumeProperty: DoubleProperty [value: 0.5]
17:01:37.737 [FXGL Background Thread 3 ] DEBUG Engine               - height: 800
17:01:37.737 [FXGL Background Thread 3 ] DEBUG Engine               - is3D: false
17:01:37.737 [FXGL Background Thread 3 ] DEBUG Engine               - isAndroid: false
17:01:37.737 [FXGL Background Thread 3 ] DEBUG Engine               - isBrowser: false
17:01:37.737 [FXGL Background Thread 3 ] DEBUG Engine               - isClickFeedbackEnabled: false
17:01:37.737 [FXGL Background Thread 3 ] DEBUG Engine               - isCloseConfirmation: false
17:01:37.737 [FXGL Background Thread 3 ] DEBUG Engine               - isDesktop: true
17:01:37.737 [FXGL Background Thread 3 ] DEBUG Engine               - isDeveloperMenuEnabled: false
17:01:37.737 [FXGL Background Thread 3 ] DEBUG Engine               - isEmbedded: false
17:01:37.737 [FXGL Background Thread 3 ] DEBUG Engine               - isEntityPreloadEnabled: true
17:01:37.737 [FXGL Background Thread 3 ] DEBUG Engine               - isExperimentalTiledLargeMap: false
17:01:37.737 [FXGL Background Thread 3 ] DEBUG Engine               - isFileSystemWriteAllowed: true
17:01:37.737 [FXGL Background Thread 3 ] DEBUG Engine               - isFullScreenAllowed: false
17:01:37.737 [FXGL Background Thread 3 ] DEBUG Engine               - isFullScreenFromStart: false
17:01:37.737 [FXGL Background Thread 3 ] DEBUG Engine               - isGameMenuEnabled: true
17:01:37.737 [FXGL Background Thread 3 ] DEBUG Engine               - isIOS: false
17:01:37.737 [FXGL Background Thread 3 ] DEBUG Engine               - isIntroEnabled: false
17:01:37.737 [FXGL Background Thread 3 ] DEBUG Engine               - isLinux: false
17:01:37.737 [FXGL Background Thread 3 ] DEBUG Engine               - isMac: false
17:01:37.737 [FXGL Background Thread 3 ] DEBUG Engine               - isMainMenuEnabled: true
17:01:37.737 [FXGL Background Thread 3 ] DEBUG Engine               - isManualResizeEnabled: false
17:01:37.737 [FXGL Background Thread 3 ] DEBUG Engine               - isMobile: false
17:01:37.737 [FXGL Background Thread 3 ] DEBUG Engine               - isNative: false
17:01:37.737 [FXGL Background Thread 3 ] DEBUG Engine               - isPauseMusicWhenMinimized: true
17:01:37.737 [FXGL Background Thread 3 ] DEBUG Engine               - isPreserveResizeRatio: false
17:01:37.737 [FXGL Background Thread 3 ] DEBUG Engine               - isProfilingEnabled: false
17:01:37.737 [FXGL Background Thread 3 ] DEBUG Engine               - isScaleAffectedOnResize: true
17:01:37.737 [FXGL Background Thread 3 ] DEBUG Engine               - isSingleStep: false
17:01:37.737 [FXGL Background Thread 3 ] DEBUG Engine               - isUserProfileEnabled: false
17:01:37.737 [FXGL Background Thread 3 ] DEBUG Engine               - isWindows: true
17:01:37.737 [FXGL Background Thread 3 ] DEBUG Engine               - language: ObjectProperty [value: ENGLISH]
17:01:37.737 [FXGL Background Thread 3 ] DEBUG Engine               - menuKey: ESCAPE
17:01:37.737 [FXGL Background Thread 3 ] DEBUG Engine               - mouseSensitivity: 0.2
17:01:37.737 [FXGL Background Thread 3 ] DEBUG Engine               - notificationViewClass: class com.almasb.fxgl.notification.view.XboxNotificationView
17:01:37.737 [FXGL Background Thread 3 ] DEBUG Engine               - pixelsPerMeter: 50.0
17:01:37.737 [FXGL Background Thread 3 ] DEBUG Engine               - platform: WINDOWS
17:01:37.737 [FXGL Background Thread 3 ] DEBUG Engine               - prefHeightProperty: ReadOnlyDoubleProperty [value: 800.0]
17:01:37.737 [FXGL Background Thread 3 ] DEBUG Engine               - prefWidthProperty: ReadOnlyDoubleProperty [value: 1024.0]
17:01:37.737 [FXGL Background Thread 3 ] DEBUG Engine               - profileDir: profiles/
17:01:37.737 [FXGL Background Thread 3 ] DEBUG Engine               - profileName: StringProperty [value: DEFAULT]
17:01:37.737 [FXGL Background Thread 3 ] DEBUG Engine               - randomSeed: -1
17:01:37.737 [FXGL Background Thread 3 ] DEBUG Engine               - runtimeInfo: RuntimeInfo(platform=WINDOWS, version=21, build=28.12.2023 13.35)
17:01:37.737 [FXGL Background Thread 3 ] DEBUG Engine               - saveFileExt: sav
17:01:37.737 [FXGL Background Thread 3 ] DEBUG Engine               - scaledHeightProp$fxgl: DoubleProperty [bound, value: 800.0]
17:01:37.737 [FXGL Background Thread 3 ] DEBUG Engine               - scaledWidthProp$fxgl: DoubleProperty [bound, value: 1024.0]
17:01:37.737 [FXGL Background Thread 3 ] DEBUG Engine               - sceneFactory: org.example.pokemon.map.GameApp$1@752668ca
17:01:37.737 [FXGL Background Thread 3 ] DEBUG Engine               - secondsIn24h: 60
17:01:37.737 [FXGL Background Thread 3 ] DEBUG Engine               - soundMenuBack: menu/back.wav
17:01:37.737 [FXGL Background Thread 3 ] DEBUG Engine               - soundMenuPress: menu/press.wav
17:01:37.737 [FXGL Background Thread 3 ] DEBUG Engine               - soundMenuSelect: menu/select.wav
17:01:37.737 [FXGL Background Thread 3 ] DEBUG Engine               - soundNotification: core/notification.wav
17:01:37.737 [FXGL Background Thread 3 ] DEBUG Engine               - stageStyle: DECORATED
17:01:37.737 [FXGL Background Thread 3 ] DEBUG Engine               - supportedLanguages: [ENGLISH, FRENCH, GERMAN, HUNGARIAN, RUSSIAN]
17:01:37.737 [FXGL Background Thread 3 ] DEBUG Engine               - ticksPerSecond: -1
17:01:37.737 [FXGL Background Thread 3 ] DEBUG Engine               - title: Pokemon
17:01:37.737 [FXGL Background Thread 3 ] DEBUG Engine               - urlGithub: https://github.com/AlmasB/FXGL
17:01:37.737 [FXGL Background Thread 3 ] DEBUG Engine               - urlLeaderboard: http://fxgl-top.herokuapp.com/
17:01:37.739 [FXGL Background Thread 3 ] DEBUG Engine               - urlPOM: https://raw.githubusercontent.com/AlmasB/FXGL/release/README.md
17:01:37.739 [FXGL Background Thread 3 ] DEBUG Engine               - userAppClass: class org.example.pokemon.map.GameApp
17:01:37.739 [FXGL Background Thread 3 ] DEBUG Engine               - version: 0.1
17:01:37.739 [FXGL Background Thread 3 ] DEBUG Engine               - versionCheckDays: 7
17:01:37.739 [FXGL Background Thread 3 ] DEBUG Engine               - width: 1024
17:01:37.739 [FXGL Background Thread 3 ] DEBUG Engine               - Logging services
17:01:37.739 [FXGL Background Thread 3 ] DEBUG Engine               - class com.almasb.fxgl.app.services.FXGLAssetLoaderService
17:01:37.739 [FXGL Background Thread 3 ] DEBUG Engine               - class com.almasb.fxgl.app.FXGLApplication$GameApplicationService
17:01:37.739 [FXGL Background Thread 3 ] DEBUG Engine               - class com.almasb.fxgl.app.services.FXGLDialogService
17:01:37.739 [FXGL Background Thread 3 ] DEBUG Engine               - class com.almasb.fxgl.app.services.IOTaskExecutorService
17:01:37.739 [FXGL Background Thread 3 ] DEBUG Engine               - class com.almasb.fxgl.io.FileSystemService
17:01:37.739 [FXGL Background Thread 3 ] DEBUG Engine               - class com.almasb.fxgl.localization.LocalizationService
17:01:37.739 [FXGL Background Thread 3 ] DEBUG Engine               - class com.almasb.fxgl.app.services.SystemBundleService
17:01:37.739 [FXGL Background Thread 3 ] DEBUG Engine               - class com.almasb.fxgl.profile.SaveLoadService
17:01:37.739 [FXGL Background Thread 3 ] DEBUG Engine               - class com.almasb.fxgl.ui.FXGLUIFactoryServiceProvider
17:01:37.739 [FXGL Background Thread 3 ] DEBUG Engine               - class com.almasb.fxgl.ui.FXGLDialogFactoryServiceProvider
17:01:37.739 [FXGL Background Thread 3 ] DEBUG Engine               - class com.almasb.fxgl.audio.AudioPlayer
17:01:37.739 [FXGL Background Thread 3 ] DEBUG Engine               - class com.almasb.fxgl.notification.impl.NotificationServiceProvider
17:01:37.739 [FXGL Background Thread 3 ] DEBUG Engine               - class com.almasb.fxgl.achievement.AchievementService
17:01:37.739 [FXGL Background Thread 3 ] DEBUG Engine               - class com.almasb.fxgl.cutscene.CutsceneService
17:01:37.739 [FXGL Background Thread 3 ] DEBUG Engine               - class com.almasb.fxgl.minigames.MiniGameService
17:01:37.739 [FXGL Background Thread 3 ] DEBUG Engine               - class com.almasb.fxgl.net.NetService
17:01:37.739 [FXGL Background Thread 3 ] DEBUG Engine               - class com.almasb.fxgl.app.services.UpdaterService
17:01:37.739 [FXGL Background Thread 3 ] DEBUG Engine               - class com.almasb.fxgl.dev.DevService
17:01:37.801 [JavaFX Application Thread] DEBUG GameApplicationServi - Starting new game
17:01:37.802 [JavaFX Application Thread] DEBUG PrimaryStageWindow   - Pop state: TestMainMenu
17:01:37.802 [JavaFX Application Thread] DEBUG Input                - Clearing active input actions
17:01:37.802 [JavaFX Application Thread] DEBUG GameApplicationServi - Removing overlay from TestMainMenu and adding to FXGLMainMenuDummyScene
17:01:37.804 [JavaFX Application Thread] DEBUG PrimaryStageWindow   - FXGLMainMenuDummyScene <- TestMainMenu
17:01:37.804 [JavaFX Application Thread] DEBUG Input                - Clearing active input actions
17:01:37.808 [JavaFX Application Thread] DEBUG GameApplicationServi - Removing overlay from FXGLMainMenuDummyScene and adding to FXGLLoadingScene
17:01:37.808 [JavaFX Application Thread] DEBUG PrimaryStageWindow   - FXGLMainMenuDummyScene -> FXGLLoadingScene
17:01:37.808 [JavaFX Application Thread] DEBUG GameApplicationServi - Clearing previous game
17:01:37.808 [JavaFX Application Thread] DEBUG GameScene            - Clearing game scene
17:01:37.808 [JavaFX Application Thread] DEBUG GameWorld            - Clearing game world
17:01:37.808 [JavaFX Application Thread] DEBUG PhysicsWorld         - Clearing physics world
17:01:37.810 [FXGL Background Thread 2 ] DEBUG FXGLApplication      - Initializing game
17:01:37.821 [FXGL Background Thread 2 ] WARN  TMXLevelLoader       - TiledMap generated from 1.8.4. Supported version: 1.9.0. Some features may not be parsed fully.
17:01:37.836 [FXGL Background Thread 2 ] DEBUG TMXLevelLoader       - Parsed TiledMap: file:/D:/Programs/Pokemon_Liu1.5/Pokemon/target/classes/assets/levels/level1.tmx
17:01:37.839 [FXGL Background Thread 2 ] DEBUG TMXLevelLoader       - Creating tile layer entities
17:01:37.841 [FXGL Background Thread 2 ] DEBUG TilesetLoader        - Loading view for layer 图块层 1
17:01:37.843 [FXGL Background Thread 2 ] DEBUG TilesetLoader        - Created buffer with size 1024.0x800.0
17:01:37.857 [FXGL Background Thread 2 ] DEBUG TMXLevelLoader       - Creating object layer entities
17:01:37.925 [FXGL Background Thread 2 ] DEBUG FXGLAssetLoaderServi - Loading from file system: file:/D:/Programs/Pokemon_Liu1.5/Pokemon/target/classes/assets/textures/flower.png
17:01:37.948 [FXGL Background Thread 2 ] DEBUG GameWorld            - Clearing removable entities
17:01:37.949 [FXGL Background Thread 2 ] DEBUG GameWorld            - Setting level: com.almasb.fxgl.entity.level.Level@25c30533
17:01:37.956 [FXGL Background Thread 2 ] DEBUG FXGLAssetLoaderServi - Loading from file system: file:/D:/Programs/Pokemon_Liu1.5/Pokemon/target/classes/assets/textures/buLunDan2.png
17:01:37.962 [FXGL Background Thread 2 ] DEBUG FXGLAssetLoaderServi - Loading from file system: file:/D:/Programs/Pokemon_Liu1.5/Pokemon/target/classes/assets/textures/RacketTeam.png
17:01:37.965 [FXGL Background Thread 2 ] INFO  FXGLApplication      - Game initialization took: 0.155 sec
17:01:37.966 [JavaFX Application Thread] DEBUG Input                - Clearing active input actions
17:01:37.974 [JavaFX Application Thread] DEBUG GameApplicationServi - Removing overlay from FXGLLoadingScene and adding to GameScene
17:01:37.974 [JavaFX Application Thread] DEBUG PrimaryStageWindow   - FXGLLoadingScene -> GameScene
17:01:46.675 [JavaFX Application Thread] DEBUG FXGLAssetLoaderServi - Loading from file system: file:/D:/Programs/Pokemon_Liu1.5/Pokemon/target/classes/assets/textures/hint.png
17:01:46.744 [JavaFX Application Thread] DEBUG PrimaryStageWindow   - Push state: DialogSubScene
17:01:46.744 [JavaFX Application Thread] DEBUG Input                - Clearing active input actions
17:01:46.745 [JavaFX Application Thread] DEBUG GameApplicationServi - Removing overlay from GameScene and adding to DialogSubScene
17:01:46.745 [JavaFX Application Thread] DEBUG PrimaryStageWindow   - GameScene -> DialogSubScene
17:01:48.329 [JavaFX Application Thread] DEBUG PrimaryStageWindow   - Pop state: DialogSubScene
17:01:48.331 [JavaFX Application Thread] DEBUG Input                - Clearing active input actions
17:01:48.331 [JavaFX Application Thread] DEBUG GameApplicationServi - Removing overlay from DialogSubScene and adding to GameScene
17:01:48.331 [JavaFX Application Thread] DEBUG PrimaryStageWindow   - GameScene <- DialogSubScene
17:02:29.070 [JavaFX Application Thread] DEBUG FXGLApplication      - Exiting FXGL
17:02:29.070 [JavaFX Application Thread] DEBUG LoopRunner           - Stopping loop
17:02:29.070 [JavaFX Application Thread] DEBUG SystemBundleService  - Saving FXGL system data
17:02:29.072 [JavaFX Application Thread] DEBUG FileSystemAccess     - Writing to: D:\Programs\Pokemon_Liu1.5\Pokemon\system\fxgl.bundle
17:02:29.074 [JavaFX Application Thread] DEBUG Async                - Shutting down background threads
17:02:29.074 [JavaFX Application Thread] DEBUG PrimaryStageWindow   - Closing main window
17:02:29.091 [JavaFX Application Thread] DEBUG Logger               - Closing Logger
