13:01:57.945 [main                     ] DEBUG Logger               - Configured Logger
13:01:57.975 [main                     ] DEBUG GameApplication      - Logging settings
Title: Pokemon
Version: 0.1
Width: 1024
Height: 800
Fullscreen: false
Intro: false
Profiling: false
Single step:false
App Mode: DEVELOPER
Menu Key: ESCAPE
Stage Style: DECORATED
Scene Factory: class org.example.pokemon.map.GameApp$1

13:01:58.319 [JavaFX Application Thread] DEBUG FXGLApplication      - Initializing FXGL
13:01:58.323 [JavaFX Application Thread] INFO  Engine               - FXGL-21 (28.12.2023 13.35) on WINDOWS (J:21.0.4 FX:21)
13:01:58.324 [JavaFX Application Thread] DEBUG Engine               - JRE Vendor Name: Oracle Corporation
13:01:58.324 [JavaFX Application Thread] DEBUG Engine               - Running on OS: Windows 11 version 10.0
13:01:58.324 [JavaFX Application Thread] DEBUG Engine               - Architecture: amd64
13:01:58.324 [JavaFX Application Thread] INFO  Engine               - Source code and latest versions at: https://github.com/AlmasB/FXGL
13:01:58.324 [JavaFX Application Thread] INFO  Engine               -       Ask questions and discuss at: https://github.com/AlmasB/FXGL/discussions
13:01:58.325 [JavaFX Application Thread] INFO  Engine               -              Join the FXGL chat at: https://gitter.im/AlmasB/FXGL
13:01:58.408 [JavaFX Application Thread] DEBUG PrimaryStageWindow   - Creating a JavaFX scene
13:01:58.446 [JavaFX Application Thread] DEBUG PrimaryStageWindow   - Target settings size: 1024.0 x 800.0
13:01:58.447 [JavaFX Application Thread] DEBUG PrimaryStageWindow   - Scaled scene size:    1024.0 x 800.0
13:01:58.447 [JavaFX Application Thread] DEBUG PrimaryStageWindow   - Scaled ratio: (1.0, 1.0)
13:01:58.448 [JavaFX Application Thread] DEBUG PrimaryStageWindow   - Set initial scene to FXGLStartupScene
13:01:58.452 [JavaFX Application Thread] DEBUG PrimaryStageWindow   - Opening main window
13:01:58.540 [JavaFX Application Thread] DEBUG PrimaryStageWindow   - Window border size: (14.6666259765625, 37.33331298828125)
13:01:58.540 [JavaFX Application Thread] DEBUG PrimaryStageWindow   - Scaled size: 1024.0 x 800.0
13:01:58.541 [JavaFX Application Thread] DEBUG PrimaryStageWindow   - Scaled ratio: (1.0, 1.0)
13:01:58.541 [JavaFX Application Thread] DEBUG PrimaryStageWindow   - Scene size: 1024.0 x 800.0
13:01:58.541 [JavaFX Application Thread] DEBUG PrimaryStageWindow   - Stage size: 1038.6666259765625 x 837.3333129882812
13:01:58.551 [FXGL Background Thread 1 ] DEBUG Engine               - Initializing environment variables
13:01:58.612 [FXGL Background Thread 1 ] DEBUG FXGLAssetLoaderServi - User app class for loading assets: class org.example.pokemon.map.GameApp
13:01:58.612 [FXGL Background Thread 1 ] DEBUG GameApplicationServi - Applying CSS: fxgl_dark.css
13:01:58.613 [FXGL Background Thread 1 ] DEBUG FXGLAssetLoaderServi - Loading from file system: jar:file:///C:/Java%20Lib/apache-maven-3.8.8/repo/com/github/almasb/fxgl/21/fxgl-21.jar!/fxglassets/ui/css/fxgl_dark.css
13:01:58.654 [FXGL Background Thread 1 ] DEBUG GameApplicationServi - Initializing application scenes
13:01:58.750 [FXGL Background Thread 1 ] DEBUG GameWorld            - Game world initialized
13:01:58.801 [FXGL Background Thread 1 ] DEBUG PhysicsWorld         - Physics world initialized: appHeight=800, physics.ppm=50.0
13:01:58.801 [FXGL Background Thread 1 ] DEBUG PhysicsWorld         - Using strategy: BRUTE_FORCE
13:01:58.805 [FXGL Background Thread 1 ] DEBUG GameScene            - Game scene initialized: 1024x800
13:01:58.998 [FXGL Background Thread 1 ] DEBUG FXGL.DefaultMenu     - createMenuBodyGameMenu()
13:01:59.006 [FXGL Background Thread 1 ] DEBUG FXGL.DefaultMenu     - createOptionsMenu()
13:01:59.012 [FXGL Background Thread 1 ] DEBUG FXGLAssetLoaderServi - Loading from file system: jar:file:///C:/Java%20Lib/apache-maven-3.8.8/repo/com/github/almasb/fxgl/21/fxgl-21.jar!/fxglassets/textures/particles/smoke.png
13:01:59.127 [FXGL Background Thread 1 ] DEBUG FXGLAssetLoaderServi - Loading from file system: jar:file:///C:/Java%20Lib/apache-maven-3.8.8/repo/com/github/almasb/fxgl/21/fxgl-21.jar!/fxglassets/textures/particles/trace_horizontal.png
13:01:59.151 [FXGL Background Thread 1 ] DEBUG GameApplicationServi - Application scenes initialized
13:01:59.160 [FXGL Background Thread 1 ] DEBUG SystemBundleService  - Loading FXGL system data
13:01:59.164 [FXGL Background Thread 1 ] DEBUG FileSystemAccess     - Reading from: D:\Repo\Pokemon\system\fxgl.bundle
13:01:59.171 [FXGL Background Thread 1 ] DEBUG SystemBundleService  - Bundle FXGL: {}
13:01:59.171 [FXGL Background Thread 1 ] DEBUG UpdaterService       - Checking for updates
13:01:59.175 [FXGL Background Thread 4 ] DEBUG FXGLApplication      - Loading fonts
13:01:59.176 [FXGL Background Thread 4 ] DEBUG FXGLAssetLoaderServi - Loading from file system: jar:file:///C:/Java%20Lib/apache-maven-3.8.8/repo/com/github/almasb/fxgl/21/fxgl-21.jar!/fxglassets/ui/fonts/VarelaRound-Regular.ttf
13:01:59.176 [FXGL Background Thread 1 ] DEBUG FXGLApplication      - Loading default localization
13:01:59.176 [FXGL Background Thread 1 ] DEBUG FXGLAssetLoaderServi - Loading from file system: jar:file:///C:/Java%20Lib/apache-maven-3.8.8/repo/com/github/almasb/fxgl/21/fxgl-21.jar!/fxglassets/languages/english.lang
13:01:59.220 [FXGL Background Thread 4 ] DEBUG FXGLAssetLoaderServi - Loading from file system: jar:file:///C:/Java%20Lib/apache-maven-3.8.8/repo/com/github/almasb/fxgl/21/fxgl-21.jar!/fxglassets/ui/fonts/Abel-Regular.ttf
13:01:59.224 [FXGL Background Thread 4 ] DEBUG FXGLAssetLoaderServi - Loading from file system: jar:file:///C:/Java%20Lib/apache-maven-3.8.8/repo/com/github/almasb/fxgl/21/fxgl-21.jar!/fxglassets/ui/fonts/TerminalLandMono-Regular.otf
13:01:59.226 [FXGL Background Thread 4 ] DEBUG FXGLAssetLoaderServi - Loading from file system: jar:file:///C:/Java%20Lib/apache-maven-3.8.8/repo/com/github/almasb/fxgl/21/fxgl-21.jar!/fxglassets/ui/fonts/Courier-Prime.ttf
13:01:59.228 [FXGL Background Thread 1 ] INFO  FXGLApplication      - FXGL initialization took: 0.678 sec
13:01:59.260 [JavaFX Application Thread] DEBUG Input                - Registered new binding: action0 - W
13:01:59.261 [JavaFX Application Thread] DEBUG Input                - Registered new binding: action1 - A
13:01:59.261 [JavaFX Application Thread] DEBUG Input                - Registered new binding: action2 - S
13:01:59.262 [JavaFX Application Thread] DEBUG Input                - Registered new binding: action3 - D
13:01:59.264 [JavaFX Application Thread] DEBUG Input                - Registered new binding: action4 - Up
13:01:59.265 [JavaFX Application Thread] DEBUG Input                - Registered new binding: action5 - Left
13:01:59.265 [JavaFX Application Thread] DEBUG Input                - Registered new binding: action6 - Down
13:01:59.266 [JavaFX Application Thread] DEBUG Input                - Registered new binding: action7 - Right
13:01:59.267 [JavaFX Application Thread] DEBUG Input                - Registered new binding: action8 - J
13:01:59.267 [JavaFX Application Thread] DEBUG FXGLAssetLoaderServi - Loading from file system: file:/D:/Repo/Pokemon/target/classes/assets/music/BGM.mp3
13:01:59.415 [JavaFX Application Thread] DEBUG AudioPlayer          - Playing music com.almasb.fxgl.audio.Music@54cb83c0
13:01:59.424 [JavaFX Application Thread] DEBUG FXGLAssetLoaderServi - Loading from file system: jar:file:///C:/Java%20Lib/apache-maven-3.8.8/repo/com/github/almasb/fxgl/21/fxgl-21.jar!/fxglassets/textures/fxgl_icon.png
13:01:59.451 [JavaFX Application Thread] DEBUG FXGLAssetLoaderServi - Loading from file system: jar:file:///C:/Java%20Lib/apache-maven-3.8.8/repo/com/github/almasb/fxgl/21/fxgl-21.jar!/fxglassets/textures/fxgl_default_cursor.png
13:01:59.457 [JavaFX Application Thread] DEBUG Input                - Registered new binding: Screenshot - CTRL+8
13:01:59.459 [JavaFX Application Thread] DEBUG Input                - Registered new binding: System info dump - CTRL+9
13:01:59.460 [JavaFX Application Thread] DEBUG Input                - Registered new binding: Restart - CTRL+R
13:01:59.464 [JavaFX Application Thread] DEBUG Input                - Registered new binding: Toggle Debug Camera - CTRL+7
13:01:59.478 [JavaFX Application Thread] DEBUG LoopRunner           - Starting loop
13:01:59.478 [JavaFX Application Thread] DEBUG LoopRunner           - Initializing JavaFX AnimationTimerLoop
13:01:59.487 [JavaFX Application Thread] DEBUG Input                - Clearing active input actions
13:01:59.497 [JavaFX Application Thread] DEBUG GameApplicationServi - Removing overlay from FXGLStartupScene and adding to FXGLMainMenuDummyScene
13:01:59.497 [JavaFX Application Thread] DEBUG PrimaryStageWindow   - FXGLStartupScene -> FXGLMainMenuDummyScene
13:01:59.497 [JavaFX Application Thread] DEBUG PrimaryStageWindow   - Push state: TestMainMenu
13:01:59.498 [JavaFX Application Thread] DEBUG Input                - Clearing active input actions
13:01:59.511 [JavaFX Application Thread] DEBUG GameApplicationServi - Removing overlay from FXGLMainMenuDummyScene and adding to TestMainMenu
13:01:59.511 [JavaFX Application Thread] DEBUG PrimaryStageWindow   - FXGLMainMenuDummyScene -> TestMainMenu
13:01:59.511 [JavaFX Application Thread] DEBUG FXGLApplication      - Registering font factories with UI factory
13:02:02.174 [FXGL Background Thread 3 ] DEBUG Engine               - Logging environment variables
13:02:02.175 [FXGL Background Thread 3 ] DEBUG Engine               - achievements: []
13:02:02.175 [FXGL Background Thread 3 ] DEBUG Engine               - actualHeight: 800.0
13:02:02.176 [FXGL Background Thread 3 ] DEBUG Engine               - actualHeightProperty: ReadOnlyDoubleProperty [value: 800.0]
13:02:02.177 [FXGL Background Thread 3 ] DEBUG Engine               - actualWidth: 1024.0
13:02:02.177 [FXGL Background Thread 3 ] DEBUG Engine               - actualWidthProperty: ReadOnlyDoubleProperty [value: 1024.0]
13:02:02.177 [FXGL Background Thread 3 ] DEBUG Engine               - appIcon: fxgl_icon.png
13:02:02.178 [FXGL Background Thread 3 ] DEBUG Engine               - applicationMode: DEVELOPER
13:02:02.178 [FXGL Background Thread 3 ] DEBUG Engine               - cSSList: [fxgl_dark.css]
13:02:02.178 [FXGL Background Thread 3 ] DEBUG Engine               - collisionDetectionStrategy: BRUTE_FORCE
13:02:02.178 [FXGL Background Thread 3 ] DEBUG Engine               - configClass: Optional.empty
13:02:02.178 [FXGL Background Thread 3 ] DEBUG Engine               - credits: []
13:02:02.181 [FXGL Background Thread 3 ] DEBUG Engine               - defaultCursor: CursorInfo(imageName=fxgl_default_cursor.png, hotspotX=7.0, hotspotY=6.0)
13:02:02.181 [FXGL Background Thread 3 ] DEBUG Engine               - devBBoxColorProperty: ObjectProperty [value: 0xff0000ff]
13:02:02.181 [FXGL Background Thread 3 ] DEBUG Engine               - devEnableDebugCameraProperty: BooleanProperty [value: false]
13:02:02.181 [FXGL Background Thread 3 ] DEBUG Engine               - devSensorColorProperty: ObjectProperty [value: 0xffff00ff]
13:02:02.181 [FXGL Background Thread 3 ] DEBUG Engine               - devShowBBoxProperty: BooleanProperty [value: false]
13:02:02.181 [FXGL Background Thread 3 ] DEBUG Engine               - devShowPositionProperty: BooleanProperty [value: false]
13:02:02.181 [FXGL Background Thread 3 ] DEBUG Engine               - enabledMenuItems: []
13:02:02.181 [FXGL Background Thread 3 ] DEBUG Engine               - engineServices: [class com.almasb.fxgl.app.services.FXGLAssetLoaderService, class com.almasb.fxgl.app.FXGLApplication$GameApplicationService, class com.almasb.fxgl.app.services.FXGLDialogService, class com.almasb.fxgl.app.services.IOTaskExecutorService, class com.almasb.fxgl.io.FileSystemService, class com.almasb.fxgl.localization.LocalizationService, class com.almasb.fxgl.app.services.SystemBundleService, class com.almasb.fxgl.profile.SaveLoadService, class com.almasb.fxgl.ui.FXGLUIFactoryServiceProvider, class com.almasb.fxgl.ui.FXGLDialogFactoryServiceProvider, class com.almasb.fxgl.audio.AudioPlayer, class com.almasb.fxgl.notification.impl.NotificationServiceProvider, class com.almasb.fxgl.achievement.AchievementService, class com.almasb.fxgl.cutscene.CutsceneService, class com.almasb.fxgl.minigames.MiniGameService, class com.almasb.fxgl.net.NetService, class com.almasb.fxgl.app.services.UpdaterService, class com.almasb.fxgl.dev.DevService]
13:02:02.181 [FXGL Background Thread 3 ] DEBUG Engine               - fontGame: Abel-Regular.ttf
13:02:02.181 [FXGL Background Thread 3 ] DEBUG Engine               - fontMono: TerminalLandMono-Regular.otf
13:02:02.181 [FXGL Background Thread 3 ] DEBUG Engine               - fontSizeScaleUI: 1.0
13:02:02.181 [FXGL Background Thread 3 ] DEBUG Engine               - fontText: Courier-Prime.ttf
13:02:02.181 [FXGL Background Thread 3 ] DEBUG Engine               - fontUI: VarelaRound-Regular.ttf
13:02:02.181 [FXGL Background Thread 3 ] DEBUG Engine               - fullScreen: BooleanProperty [value: false]
13:02:02.181 [FXGL Background Thread 3 ] DEBUG Engine               - gameDifficulty: MEDIUM
13:02:02.181 [FXGL Background Thread 3 ] DEBUG Engine               - gameDifficultyProperty: ObjectProperty [value: MEDIUM]
13:02:02.181 [FXGL Background Thread 3 ] DEBUG Engine               - globalMusicVolume: 0.5
13:02:02.181 [FXGL Background Thread 3 ] DEBUG Engine               - globalMusicVolumeProperty: DoubleProperty [value: 0.1]
13:02:02.181 [FXGL Background Thread 3 ] DEBUG Engine               - globalSoundVolume: 0.5
13:02:02.182 [FXGL Background Thread 3 ] DEBUG Engine               - globalSoundVolumeProperty: DoubleProperty [value: 0.5]
13:02:02.182 [FXGL Background Thread 3 ] DEBUG Engine               - height: 800
13:02:02.182 [FXGL Background Thread 3 ] DEBUG Engine               - is3D: false
13:02:02.182 [FXGL Background Thread 3 ] DEBUG Engine               - isAndroid: false
13:02:02.182 [FXGL Background Thread 3 ] DEBUG Engine               - isBrowser: false
13:02:02.182 [FXGL Background Thread 3 ] DEBUG Engine               - isClickFeedbackEnabled: false
13:02:02.182 [FXGL Background Thread 3 ] DEBUG Engine               - isCloseConfirmation: false
13:02:02.182 [FXGL Background Thread 3 ] DEBUG Engine               - isDesktop: true
13:02:02.182 [FXGL Background Thread 3 ] DEBUG Engine               - isDeveloperMenuEnabled: false
13:02:02.182 [FXGL Background Thread 3 ] DEBUG Engine               - isEmbedded: false
13:02:02.182 [FXGL Background Thread 3 ] DEBUG Engine               - isEntityPreloadEnabled: true
13:02:02.182 [FXGL Background Thread 3 ] DEBUG Engine               - isExperimentalTiledLargeMap: false
13:02:02.182 [FXGL Background Thread 3 ] DEBUG Engine               - isFileSystemWriteAllowed: true
13:02:02.182 [FXGL Background Thread 3 ] DEBUG Engine               - isFullScreenAllowed: false
13:02:02.182 [FXGL Background Thread 3 ] DEBUG Engine               - isFullScreenFromStart: false
13:02:02.182 [FXGL Background Thread 3 ] DEBUG Engine               - isGameMenuEnabled: true
13:02:02.182 [FXGL Background Thread 3 ] DEBUG Engine               - isIOS: false
13:02:02.182 [FXGL Background Thread 3 ] DEBUG Engine               - isIntroEnabled: false
13:02:02.182 [FXGL Background Thread 3 ] DEBUG Engine               - isLinux: false
13:02:02.182 [FXGL Background Thread 3 ] DEBUG Engine               - isMac: false
13:02:02.182 [FXGL Background Thread 3 ] DEBUG Engine               - isMainMenuEnabled: true
13:02:02.182 [FXGL Background Thread 3 ] DEBUG Engine               - isManualResizeEnabled: false
13:02:02.182 [FXGL Background Thread 3 ] DEBUG Engine               - isMobile: false
13:02:02.182 [FXGL Background Thread 3 ] DEBUG Engine               - isNative: false
13:02:02.182 [FXGL Background Thread 3 ] DEBUG Engine               - isPauseMusicWhenMinimized: true
13:02:02.182 [FXGL Background Thread 3 ] DEBUG Engine               - isPreserveResizeRatio: false
13:02:02.182 [FXGL Background Thread 3 ] DEBUG Engine               - isProfilingEnabled: false
13:02:02.182 [FXGL Background Thread 3 ] DEBUG Engine               - isScaleAffectedOnResize: true
13:02:02.182 [FXGL Background Thread 3 ] DEBUG Engine               - isSingleStep: false
13:02:02.182 [FXGL Background Thread 3 ] DEBUG Engine               - isUserProfileEnabled: false
13:02:02.182 [FXGL Background Thread 3 ] DEBUG Engine               - isWindows: true
13:02:02.183 [FXGL Background Thread 3 ] DEBUG Engine               - language: ObjectProperty [value: ENGLISH]
13:02:02.183 [FXGL Background Thread 3 ] DEBUG Engine               - menuKey: ESCAPE
13:02:02.183 [FXGL Background Thread 3 ] DEBUG Engine               - mouseSensitivity: 0.2
13:02:02.183 [FXGL Background Thread 3 ] DEBUG Engine               - notificationViewClass: class com.almasb.fxgl.notification.view.XboxNotificationView
13:02:02.183 [FXGL Background Thread 3 ] DEBUG Engine               - pixelsPerMeter: 50.0
13:02:02.183 [FXGL Background Thread 3 ] DEBUG Engine               - platform: WINDOWS
13:02:02.183 [FXGL Background Thread 3 ] DEBUG Engine               - prefHeightProperty: ReadOnlyDoubleProperty [value: 800.0]
13:02:02.183 [FXGL Background Thread 3 ] DEBUG Engine               - prefWidthProperty: ReadOnlyDoubleProperty [value: 1024.0]
13:02:02.183 [FXGL Background Thread 3 ] DEBUG Engine               - profileDir: profiles/
13:02:02.183 [FXGL Background Thread 3 ] DEBUG Engine               - profileName: StringProperty [value: DEFAULT]
13:02:02.183 [FXGL Background Thread 3 ] DEBUG Engine               - randomSeed: -1
13:02:02.183 [FXGL Background Thread 3 ] DEBUG Engine               - runtimeInfo: RuntimeInfo(platform=WINDOWS, version=21, build=28.12.2023 13.35)
13:02:02.183 [FXGL Background Thread 3 ] DEBUG Engine               - saveFileExt: sav
13:02:02.183 [FXGL Background Thread 3 ] DEBUG Engine               - scaledHeightProp$fxgl: DoubleProperty [bound, value: 800.0]
13:02:02.183 [FXGL Background Thread 3 ] DEBUG Engine               - scaledWidthProp$fxgl: DoubleProperty [bound, value: 1024.0]
13:02:02.183 [FXGL Background Thread 3 ] DEBUG Engine               - sceneFactory: org.example.pokemon.map.GameApp$1@1950a5fd
13:02:02.183 [FXGL Background Thread 3 ] DEBUG Engine               - secondsIn24h: 60
13:02:02.184 [FXGL Background Thread 3 ] DEBUG Engine               - soundMenuBack: menu/back.wav
13:02:02.184 [FXGL Background Thread 3 ] DEBUG Engine               - soundMenuPress: menu/press.wav
13:02:02.184 [FXGL Background Thread 3 ] DEBUG Engine               - soundMenuSelect: menu/select.wav
13:02:02.184 [FXGL Background Thread 3 ] DEBUG Engine               - soundNotification: core/notification.wav
13:02:02.184 [FXGL Background Thread 3 ] DEBUG Engine               - stageStyle: DECORATED
13:02:02.184 [FXGL Background Thread 3 ] DEBUG Engine               - supportedLanguages: [ENGLISH, FRENCH, GERMAN, HUNGARIAN, RUSSIAN]
13:02:02.184 [FXGL Background Thread 3 ] DEBUG Engine               - ticksPerSecond: -1
13:02:02.184 [FXGL Background Thread 3 ] DEBUG Engine               - title: Pokemon
13:02:02.184 [FXGL Background Thread 3 ] DEBUG Engine               - urlGithub: https://github.com/AlmasB/FXGL
13:02:02.184 [FXGL Background Thread 3 ] DEBUG Engine               - urlLeaderboard: http://fxgl-top.herokuapp.com/
13:02:02.184 [FXGL Background Thread 3 ] DEBUG Engine               - urlPOM: https://raw.githubusercontent.com/AlmasB/FXGL/release/README.md
13:02:02.184 [FXGL Background Thread 3 ] DEBUG Engine               - userAppClass: class org.example.pokemon.map.GameApp
13:02:02.184 [FXGL Background Thread 3 ] DEBUG Engine               - version: 0.1
13:02:02.184 [FXGL Background Thread 3 ] DEBUG Engine               - versionCheckDays: 7
13:02:02.184 [FXGL Background Thread 3 ] DEBUG Engine               - width: 1024
13:02:02.184 [FXGL Background Thread 3 ] DEBUG Engine               - Logging services
13:02:02.184 [FXGL Background Thread 3 ] DEBUG Engine               - class com.almasb.fxgl.app.services.FXGLAssetLoaderService
13:02:02.184 [FXGL Background Thread 3 ] DEBUG Engine               - class com.almasb.fxgl.app.FXGLApplication$GameApplicationService
13:02:02.184 [FXGL Background Thread 3 ] DEBUG Engine               - class com.almasb.fxgl.app.services.FXGLDialogService
13:02:02.184 [FXGL Background Thread 3 ] DEBUG Engine               - class com.almasb.fxgl.app.services.IOTaskExecutorService
13:02:02.184 [FXGL Background Thread 3 ] DEBUG Engine               - class com.almasb.fxgl.io.FileSystemService
13:02:02.184 [FXGL Background Thread 3 ] DEBUG Engine               - class com.almasb.fxgl.localization.LocalizationService
13:02:02.184 [FXGL Background Thread 3 ] DEBUG Engine               - class com.almasb.fxgl.app.services.SystemBundleService
13:02:02.184 [FXGL Background Thread 3 ] DEBUG Engine               - class com.almasb.fxgl.profile.SaveLoadService
13:02:02.184 [FXGL Background Thread 3 ] DEBUG Engine               - class com.almasb.fxgl.ui.FXGLUIFactoryServiceProvider
13:02:02.184 [FXGL Background Thread 3 ] DEBUG Engine               - class com.almasb.fxgl.ui.FXGLDialogFactoryServiceProvider
13:02:02.184 [FXGL Background Thread 3 ] DEBUG Engine               - class com.almasb.fxgl.audio.AudioPlayer
13:02:02.184 [FXGL Background Thread 3 ] DEBUG Engine               - class com.almasb.fxgl.notification.impl.NotificationServiceProvider
13:02:02.184 [FXGL Background Thread 3 ] DEBUG Engine               - class com.almasb.fxgl.achievement.AchievementService
13:02:02.184 [FXGL Background Thread 3 ] DEBUG Engine               - class com.almasb.fxgl.cutscene.CutsceneService
13:02:02.184 [FXGL Background Thread 3 ] DEBUG Engine               - class com.almasb.fxgl.minigames.MiniGameService
13:02:02.185 [FXGL Background Thread 3 ] DEBUG Engine               - class com.almasb.fxgl.net.NetService
13:02:02.185 [FXGL Background Thread 3 ] DEBUG Engine               - class com.almasb.fxgl.app.services.UpdaterService
13:02:02.185 [FXGL Background Thread 3 ] DEBUG Engine               - class com.almasb.fxgl.dev.DevService
13:02:02.741 [FXGL Background Thread 2 ] INFO  UpdaterService       - Your current version:  21
13:02:02.741 [FXGL Background Thread 2 ] INFO  UpdaterService       - Latest stable version: 21.1
13:02:28.010 [JavaFX Application Thread] DEBUG GameApplicationServi - Starting new game
13:02:28.010 [JavaFX Application Thread] DEBUG PrimaryStageWindow   - Pop state: TestMainMenu
13:02:28.010 [JavaFX Application Thread] DEBUG Input                - Clearing active input actions
13:02:28.011 [JavaFX Application Thread] DEBUG GameApplicationServi - Removing overlay from TestMainMenu and adding to FXGLMainMenuDummyScene
13:02:28.011 [JavaFX Application Thread] DEBUG PrimaryStageWindow   - FXGLMainMenuDummyScene <- TestMainMenu
13:02:28.011 [JavaFX Application Thread] DEBUG Input                - Clearing active input actions
13:02:28.016 [JavaFX Application Thread] DEBUG GameApplicationServi - Removing overlay from FXGLMainMenuDummyScene and adding to FXGLLoadingScene
13:02:28.016 [JavaFX Application Thread] DEBUG PrimaryStageWindow   - FXGLMainMenuDummyScene -> FXGLLoadingScene
13:02:28.016 [JavaFX Application Thread] DEBUG GameApplicationServi - Clearing previous game
13:02:28.016 [JavaFX Application Thread] DEBUG GameScene            - Clearing game scene
13:02:28.016 [JavaFX Application Thread] DEBUG GameWorld            - Clearing game world
13:02:28.016 [JavaFX Application Thread] DEBUG PhysicsWorld         - Clearing physics world
13:02:28.018 [FXGL Background Thread 2 ] DEBUG FXGLApplication      - Initializing game
13:02:28.037 [FXGL Background Thread 2 ] WARN  TMXLevelLoader       - TiledMap generated from 1.8.4. Supported version: 1.9.0. Some features may not be parsed fully.
13:02:28.064 [FXGL Background Thread 2 ] DEBUG TMXLevelLoader       - Parsed TiledMap: file:/D:/Repo/Pokemon/target/classes/assets/levels/level1.tmx
13:02:28.065 [FXGL Background Thread 2 ] DEBUG TMXLevelLoader       - Creating tile layer entities
13:02:28.067 [FXGL Background Thread 2 ] DEBUG TilesetLoader        - Loading view for layer 图块层 1
13:02:28.067 [FXGL Background Thread 2 ] DEBUG TilesetLoader        - Created buffer with size 1024.0x800.0
13:02:28.086 [FXGL Background Thread 2 ] DEBUG TMXLevelLoader       - Creating object layer entities
13:02:28.189 [FXGL Background Thread 2 ] DEBUG FXGLAssetLoaderServi - Loading from file system: file:/D:/Repo/Pokemon/target/classes/assets/textures/flower.png
13:02:28.215 [FXGL Background Thread 2 ] DEBUG GameWorld            - Clearing removable entities
13:02:28.216 [FXGL Background Thread 2 ] DEBUG GameWorld            - Setting level: com.almasb.fxgl.entity.level.Level@c50a757
13:02:28.226 [FXGL Background Thread 2 ] DEBUG FXGLAssetLoaderServi - Loading from file system: file:/D:/Repo/Pokemon/target/classes/assets/textures/buLunDan2.png
13:02:28.233 [FXGL Background Thread 2 ] DEBUG FXGLAssetLoaderServi - Loading from file system: file:/D:/Repo/Pokemon/target/classes/assets/textures/RacketTeam.png
13:02:28.238 [FXGL Background Thread 2 ] INFO  FXGLApplication      - Game initialization took: 0.220 sec
13:02:28.239 [JavaFX Application Thread] DEBUG Input                - Clearing active input actions
13:02:28.250 [JavaFX Application Thread] DEBUG GameApplicationServi - Removing overlay from FXGLLoadingScene and adding to GameScene
13:02:28.251 [JavaFX Application Thread] DEBUG PrimaryStageWindow   - FXGLLoadingScene -> GameScene
13:02:35.896 [JavaFX Application Thread] DEBUG FXGLApplication      - Exiting FXGL
13:02:35.897 [JavaFX Application Thread] DEBUG LoopRunner           - Stopping loop
13:02:35.897 [JavaFX Application Thread] DEBUG SystemBundleService  - Saving FXGL system data
13:02:35.898 [JavaFX Application Thread] DEBUG FileSystemAccess     - Writing to: D:\Repo\Pokemon\system\fxgl.bundle
13:02:35.900 [JavaFX Application Thread] DEBUG Async                - Shutting down background threads
13:02:35.900 [JavaFX Application Thread] DEBUG PrimaryStageWindow   - Closing main window
13:02:35.913 [JavaFX Application Thread] DEBUG Logger               - Closing Logger
