11:51:34.731 [main                     ] DEBUG Logger               - Configured Logger
11:51:34.762 [main                     ] DEBUG GameApplication      - Logging settings
Title: Pokemon
Version: 0.1
Width: 1024
Height: 800
Fullscreen: false
Intro: false
Profiling: false
Single step:false
App Mode: DEVELOPER
Menu Key: ESCAPE
Stage Style: DECORATED
Scene Factory: class org.example.pokemon.map.GameApp$1

11:51:35.249 [JavaFX Application Thread] DEBUG FXGLApplication      - Initializing FXGL
11:51:35.253 [JavaFX Application Thread] INFO  Engine               - FXGL-21 (28.12.2023 13.35) on WINDOWS (J:21.0.4 FX:21)
11:51:35.253 [JavaFX Application Thread] DEBUG Engine               - JRE Vendor Name: Oracle Corporation
11:51:35.253 [JavaFX Application Thread] DEBUG Engine               - Running on OS: Windows 11 version 10.0
11:51:35.253 [JavaFX Application Thread] DEBUG Engine               - Architecture: amd64
11:51:35.253 [JavaFX Application Thread] INFO  Engine               - Source code and latest versions at: https://github.com/AlmasB/FXGL
11:51:35.253 [JavaFX Application Thread] INFO  Engine               -       Ask questions and discuss at: https://github.com/AlmasB/FXGL/discussions
11:51:35.254 [JavaFX Application Thread] INFO  Engine               -              Join the FXGL chat at: https://gitter.im/AlmasB/FXGL
11:51:35.357 [JavaFX Application Thread] DEBUG PrimaryStageWindow   - Creating a JavaFX scene
11:51:35.409 [JavaFX Application Thread] DEBUG PrimaryStageWindow   - Target settings size: 1024.0 x 800.0
11:51:35.409 [JavaFX Application Thread] DEBUG PrimaryStageWindow   - Scaled scene size:    1024.0 x 800.0
11:51:35.409 [JavaFX Application Thread] DEBUG PrimaryStageWindow   - Scaled ratio: (1.0, 1.0)
11:51:35.410 [JavaFX Application Thread] DEBUG PrimaryStageWindow   - Set initial scene to FXGLStartupScene
11:51:35.412 [JavaFX Application Thread] DEBUG PrimaryStageWindow   - Opening main window
11:51:35.504 [JavaFX Application Thread] DEBUG PrimaryStageWindow   - Window border size: (14.6666259765625, 37.33331298828125)
11:51:35.504 [JavaFX Application Thread] DEBUG PrimaryStageWindow   - Scaled size: 1024.0 x 800.0
11:51:35.504 [JavaFX Application Thread] DEBUG PrimaryStageWindow   - Scaled ratio: (1.0, 1.0)
11:51:35.504 [JavaFX Application Thread] DEBUG PrimaryStageWindow   - Scene size: 1024.0 x 800.0
11:51:35.504 [JavaFX Application Thread] DEBUG PrimaryStageWindow   - Stage size: 1038.6666259765625 x 837.3333129882812
11:51:35.514 [FXGL Background Thread 1 ] DEBUG Engine               - Initializing environment variables
11:51:35.564 [FXGL Background Thread 1 ] DEBUG FXGLAssetLoaderServi - User app class for loading assets: class org.example.pokemon.map.GameApp
11:51:35.565 [FXGL Background Thread 1 ] DEBUG GameApplicationServi - Applying CSS: fxgl_dark.css
11:51:35.565 [FXGL Background Thread 1 ] DEBUG FXGLAssetLoaderServi - Loading from file system: jar:file:///C:/Java%20Lib/apache-maven-3.8.8/repo/com/github/almasb/fxgl/21/fxgl-21.jar!/fxglassets/ui/css/fxgl_dark.css
11:51:35.610 [FXGL Background Thread 1 ] DEBUG GameApplicationServi - Initializing application scenes
11:51:35.706 [FXGL Background Thread 1 ] DEBUG GameWorld            - Game world initialized
11:51:35.767 [FXGL Background Thread 1 ] DEBUG PhysicsWorld         - Physics world initialized: appHeight=800, physics.ppm=50.0
11:51:35.767 [FXGL Background Thread 1 ] DEBUG PhysicsWorld         - Using strategy: BRUTE_FORCE
11:51:35.771 [FXGL Background Thread 1 ] DEBUG GameScene            - Game scene initialized: 1024x800
11:51:36.025 [FXGL Background Thread 1 ] DEBUG FXGL.DefaultMenu     - createMenuBodyGameMenu()
11:51:36.047 [FXGL Background Thread 1 ] DEBUG FXGL.DefaultMenu     - createOptionsMenu()
11:51:36.054 [FXGL Background Thread 1 ] DEBUG FXGLAssetLoaderServi - Loading from file system: jar:file:///C:/Java%20Lib/apache-maven-3.8.8/repo/com/github/almasb/fxgl/21/fxgl-21.jar!/fxglassets/textures/particles/smoke.png
11:51:36.178 [FXGL Background Thread 1 ] DEBUG FXGLAssetLoaderServi - Loading from file system: jar:file:///C:/Java%20Lib/apache-maven-3.8.8/repo/com/github/almasb/fxgl/21/fxgl-21.jar!/fxglassets/textures/particles/trace_horizontal.png
11:51:36.202 [FXGL Background Thread 1 ] DEBUG GameApplicationServi - Application scenes initialized
11:51:36.212 [FXGL Background Thread 1 ] DEBUG SystemBundleService  - Loading FXGL system data
11:51:36.218 [FXGL Background Thread 1 ] DEBUG FileSystemAccess     - Reading from: D:\Repo\Pokemon\system\fxgl.bundle
11:51:36.227 [FXGL Background Thread 1 ] DEBUG SystemBundleService  - Bundle FXGL: {}
11:51:36.227 [FXGL Background Thread 1 ] DEBUG UpdaterService       - Checking for updates
11:51:36.229 [FXGL Background Thread 4 ] DEBUG FXGLApplication      - Loading fonts
11:51:36.231 [FXGL Background Thread 1 ] DEBUG FXGLApplication      - Loading default localization
11:51:36.231 [FXGL Background Thread 4 ] DEBUG FXGLAssetLoaderServi - Loading from file system: jar:file:///C:/Java%20Lib/apache-maven-3.8.8/repo/com/github/almasb/fxgl/21/fxgl-21.jar!/fxglassets/ui/fonts/VarelaRound-Regular.ttf
11:51:36.231 [FXGL Background Thread 1 ] DEBUG FXGLAssetLoaderServi - Loading from file system: jar:file:///C:/Java%20Lib/apache-maven-3.8.8/repo/com/github/almasb/fxgl/21/fxgl-21.jar!/fxglassets/languages/english.lang
11:51:36.265 [FXGL Background Thread 4 ] DEBUG FXGLAssetLoaderServi - Loading from file system: jar:file:///C:/Java%20Lib/apache-maven-3.8.8/repo/com/github/almasb/fxgl/21/fxgl-21.jar!/fxglassets/ui/fonts/Abel-Regular.ttf
11:51:36.269 [FXGL Background Thread 4 ] DEBUG FXGLAssetLoaderServi - Loading from file system: jar:file:///C:/Java%20Lib/apache-maven-3.8.8/repo/com/github/almasb/fxgl/21/fxgl-21.jar!/fxglassets/ui/fonts/TerminalLandMono-Regular.otf
11:51:36.273 [FXGL Background Thread 4 ] DEBUG FXGLAssetLoaderServi - Loading from file system: jar:file:///C:/Java%20Lib/apache-maven-3.8.8/repo/com/github/almasb/fxgl/21/fxgl-21.jar!/fxglassets/ui/fonts/Courier-Prime.ttf
11:51:36.282 [JavaFX Application Thread] DEBUG FXGLApplication      - Registering font factories with UI factory
11:51:36.294 [FXGL Background Thread 1 ] INFO  FXGLApplication      - FXGL initialization took: 0.780 sec
11:51:36.316 [JavaFX Application Thread] DEBUG Input                - Registered new binding: action0 - W
11:51:36.318 [JavaFX Application Thread] DEBUG Input                - Registered new binding: action1 - A
11:51:36.319 [JavaFX Application Thread] DEBUG Input                - Registered new binding: action2 - S
11:51:36.320 [JavaFX Application Thread] DEBUG Input                - Registered new binding: action3 - D
11:51:36.320 [JavaFX Application Thread] DEBUG Input                - Registered new binding: action4 - Up
11:51:36.322 [JavaFX Application Thread] DEBUG Input                - Registered new binding: action5 - Left
11:51:36.323 [JavaFX Application Thread] DEBUG Input                - Registered new binding: action6 - Down
11:51:36.324 [JavaFX Application Thread] DEBUG Input                - Registered new binding: action7 - Right
11:51:36.324 [JavaFX Application Thread] DEBUG Input                - Registered new binding: action8 - J
11:51:36.324 [JavaFX Application Thread] DEBUG FXGLAssetLoaderServi - Loading from file system: file:/D:/Repo/Pokemon/target/classes/assets/music/BGM.mp3
11:51:36.464 [JavaFX Application Thread] DEBUG AudioPlayer          - Playing music com.almasb.fxgl.audio.Music@551d2cff
11:51:36.465 [JavaFX Application Thread] DEBUG FXGLAssetLoaderServi - Loading from file system: jar:file:///C:/Java%20Lib/apache-maven-3.8.8/repo/com/github/almasb/fxgl/21/fxgl-21.jar!/fxglassets/textures/fxgl_icon.png
11:51:36.484 [JavaFX Application Thread] DEBUG FXGLAssetLoaderServi - Loading from file system: jar:file:///C:/Java%20Lib/apache-maven-3.8.8/repo/com/github/almasb/fxgl/21/fxgl-21.jar!/fxglassets/textures/fxgl_default_cursor.png
11:51:36.490 [JavaFX Application Thread] DEBUG Input                - Registered new binding: Screenshot - CTRL+8
11:51:36.490 [JavaFX Application Thread] DEBUG Input                - Registered new binding: System info dump - CTRL+9
11:51:36.492 [JavaFX Application Thread] DEBUG Input                - Registered new binding: Restart - CTRL+R
11:51:36.494 [JavaFX Application Thread] DEBUG Input                - Registered new binding: Toggle Debug Camera - CTRL+7
11:51:36.503 [JavaFX Application Thread] DEBUG LoopRunner           - Starting loop
11:51:36.503 [JavaFX Application Thread] DEBUG LoopRunner           - Initializing JavaFX AnimationTimerLoop
11:51:36.514 [JavaFX Application Thread] DEBUG Input                - Clearing active input actions
11:51:36.523 [JavaFX Application Thread] DEBUG GameApplicationServi - Removing overlay from FXGLStartupScene and adding to FXGLMainMenuDummyScene
11:51:36.524 [JavaFX Application Thread] DEBUG PrimaryStageWindow   - FXGLStartupScene -> FXGLMainMenuDummyScene
11:51:36.524 [JavaFX Application Thread] DEBUG PrimaryStageWindow   - Push state: TestMainMenu
11:51:36.525 [JavaFX Application Thread] DEBUG Input                - Clearing active input actions
11:51:36.536 [JavaFX Application Thread] DEBUG GameApplicationServi - Removing overlay from FXGLMainMenuDummyScene and adding to TestMainMenu
11:51:36.538 [JavaFX Application Thread] DEBUG PrimaryStageWindow   - FXGLMainMenuDummyScene -> TestMainMenu
11:51:39.231 [FXGL Background Thread 3 ] DEBUG Engine               - Logging environment variables
11:51:39.232 [FXGL Background Thread 3 ] DEBUG Engine               - achievements: []
11:51:39.232 [FXGL Background Thread 3 ] DEBUG Engine               - actualHeight: 800.0
11:51:39.232 [FXGL Background Thread 3 ] DEBUG Engine               - actualHeightProperty: ReadOnlyDoubleProperty [value: 800.0]
11:51:39.232 [FXGL Background Thread 3 ] DEBUG Engine               - actualWidth: 1024.0
11:51:39.232 [FXGL Background Thread 3 ] DEBUG Engine               - actualWidthProperty: ReadOnlyDoubleProperty [value: 1024.0]
11:51:39.232 [FXGL Background Thread 3 ] DEBUG Engine               - appIcon: fxgl_icon.png
11:51:39.232 [FXGL Background Thread 3 ] DEBUG Engine               - applicationMode: DEVELOPER
11:51:39.232 [FXGL Background Thread 3 ] DEBUG Engine               - cSSList: [fxgl_dark.css]
11:51:39.232 [FXGL Background Thread 3 ] DEBUG Engine               - collisionDetectionStrategy: BRUTE_FORCE
11:51:39.232 [FXGL Background Thread 3 ] DEBUG Engine               - configClass: Optional.empty
11:51:39.232 [FXGL Background Thread 3 ] DEBUG Engine               - credits: []
11:51:39.232 [FXGL Background Thread 3 ] DEBUG Engine               - defaultCursor: CursorInfo(imageName=fxgl_default_cursor.png, hotspotX=7.0, hotspotY=6.0)
11:51:39.233 [FXGL Background Thread 3 ] DEBUG Engine               - devBBoxColorProperty: ObjectProperty [value: 0xff0000ff]
11:51:39.233 [FXGL Background Thread 3 ] DEBUG Engine               - devEnableDebugCameraProperty: BooleanProperty [value: false]
11:51:39.233 [FXGL Background Thread 3 ] DEBUG Engine               - devSensorColorProperty: ObjectProperty [value: 0xffff00ff]
11:51:39.233 [FXGL Background Thread 3 ] DEBUG Engine               - devShowBBoxProperty: BooleanProperty [value: false]
11:51:39.233 [FXGL Background Thread 3 ] DEBUG Engine               - devShowPositionProperty: BooleanProperty [value: false]
11:51:39.233 [FXGL Background Thread 3 ] DEBUG Engine               - enabledMenuItems: []
11:51:39.233 [FXGL Background Thread 3 ] DEBUG Engine               - engineServices: [class com.almasb.fxgl.app.services.FXGLAssetLoaderService, class com.almasb.fxgl.app.FXGLApplication$GameApplicationService, class com.almasb.fxgl.app.services.FXGLDialogService, class com.almasb.fxgl.app.services.IOTaskExecutorService, class com.almasb.fxgl.io.FileSystemService, class com.almasb.fxgl.localization.LocalizationService, class com.almasb.fxgl.app.services.SystemBundleService, class com.almasb.fxgl.profile.SaveLoadService, class com.almasb.fxgl.ui.FXGLUIFactoryServiceProvider, class com.almasb.fxgl.ui.FXGLDialogFactoryServiceProvider, class com.almasb.fxgl.audio.AudioPlayer, class com.almasb.fxgl.notification.impl.NotificationServiceProvider, class com.almasb.fxgl.achievement.AchievementService, class com.almasb.fxgl.cutscene.CutsceneService, class com.almasb.fxgl.minigames.MiniGameService, class com.almasb.fxgl.net.NetService, class com.almasb.fxgl.app.services.UpdaterService, class com.almasb.fxgl.dev.DevService]
11:51:39.233 [FXGL Background Thread 3 ] DEBUG Engine               - fontGame: Abel-Regular.ttf
11:51:39.233 [FXGL Background Thread 3 ] DEBUG Engine               - fontMono: TerminalLandMono-Regular.otf
11:51:39.233 [FXGL Background Thread 3 ] DEBUG Engine               - fontSizeScaleUI: 1.0
11:51:39.233 [FXGL Background Thread 3 ] DEBUG Engine               - fontText: Courier-Prime.ttf
11:51:39.233 [FXGL Background Thread 3 ] DEBUG Engine               - fontUI: VarelaRound-Regular.ttf
11:51:39.233 [FXGL Background Thread 3 ] DEBUG Engine               - fullScreen: BooleanProperty [value: false]
11:51:39.233 [FXGL Background Thread 3 ] DEBUG Engine               - gameDifficulty: MEDIUM
11:51:39.233 [FXGL Background Thread 3 ] DEBUG Engine               - gameDifficultyProperty: ObjectProperty [value: MEDIUM]
11:51:39.233 [FXGL Background Thread 3 ] DEBUG Engine               - globalMusicVolume: 0.5
11:51:39.234 [FXGL Background Thread 3 ] DEBUG Engine               - globalMusicVolumeProperty: DoubleProperty [value: 0.2]
11:51:39.234 [FXGL Background Thread 3 ] DEBUG Engine               - globalSoundVolume: 0.5
11:51:39.234 [FXGL Background Thread 3 ] DEBUG Engine               - globalSoundVolumeProperty: DoubleProperty [value: 0.5]
11:51:39.234 [FXGL Background Thread 3 ] DEBUG Engine               - height: 800
11:51:39.234 [FXGL Background Thread 3 ] DEBUG Engine               - is3D: false
11:51:39.234 [FXGL Background Thread 3 ] DEBUG Engine               - isAndroid: false
11:51:39.234 [FXGL Background Thread 3 ] DEBUG Engine               - isBrowser: false
11:51:39.234 [FXGL Background Thread 3 ] DEBUG Engine               - isClickFeedbackEnabled: false
11:51:39.234 [FXGL Background Thread 3 ] DEBUG Engine               - isCloseConfirmation: false
11:51:39.234 [FXGL Background Thread 3 ] DEBUG Engine               - isDesktop: true
11:51:39.234 [FXGL Background Thread 3 ] DEBUG Engine               - isDeveloperMenuEnabled: false
11:51:39.234 [FXGL Background Thread 3 ] DEBUG Engine               - isEmbedded: false
11:51:39.234 [FXGL Background Thread 3 ] DEBUG Engine               - isEntityPreloadEnabled: true
11:51:39.234 [FXGL Background Thread 3 ] DEBUG Engine               - isExperimentalTiledLargeMap: false
11:51:39.234 [FXGL Background Thread 3 ] DEBUG Engine               - isFileSystemWriteAllowed: true
11:51:39.234 [FXGL Background Thread 3 ] DEBUG Engine               - isFullScreenAllowed: false
11:51:39.234 [FXGL Background Thread 3 ] DEBUG Engine               - isFullScreenFromStart: false
11:51:39.234 [FXGL Background Thread 3 ] DEBUG Engine               - isGameMenuEnabled: true
11:51:39.234 [FXGL Background Thread 3 ] DEBUG Engine               - isIOS: false
11:51:39.234 [FXGL Background Thread 3 ] DEBUG Engine               - isIntroEnabled: false
11:51:39.234 [FXGL Background Thread 3 ] DEBUG Engine               - isLinux: false
11:51:39.234 [FXGL Background Thread 3 ] DEBUG Engine               - isMac: false
11:51:39.235 [FXGL Background Thread 3 ] DEBUG Engine               - isMainMenuEnabled: true
11:51:39.235 [FXGL Background Thread 3 ] DEBUG Engine               - isManualResizeEnabled: false
11:51:39.235 [FXGL Background Thread 3 ] DEBUG Engine               - isMobile: false
11:51:39.235 [FXGL Background Thread 3 ] DEBUG Engine               - isNative: false
11:51:39.235 [FXGL Background Thread 3 ] DEBUG Engine               - isPauseMusicWhenMinimized: true
11:51:39.235 [FXGL Background Thread 3 ] DEBUG Engine               - isPreserveResizeRatio: false
11:51:39.235 [FXGL Background Thread 3 ] DEBUG Engine               - isProfilingEnabled: false
11:51:39.235 [FXGL Background Thread 3 ] DEBUG Engine               - isScaleAffectedOnResize: true
11:51:39.235 [FXGL Background Thread 3 ] DEBUG Engine               - isSingleStep: false
11:51:39.235 [FXGL Background Thread 3 ] DEBUG Engine               - isUserProfileEnabled: false
11:51:39.235 [FXGL Background Thread 3 ] DEBUG Engine               - isWindows: true
11:51:39.235 [FXGL Background Thread 3 ] DEBUG Engine               - language: ObjectProperty [value: ENGLISH]
11:51:39.235 [FXGL Background Thread 3 ] DEBUG Engine               - menuKey: ESCAPE
11:51:39.235 [FXGL Background Thread 3 ] DEBUG Engine               - mouseSensitivity: 0.2
11:51:39.235 [FXGL Background Thread 3 ] DEBUG Engine               - notificationViewClass: class com.almasb.fxgl.notification.view.XboxNotificationView
11:51:39.235 [FXGL Background Thread 3 ] DEBUG Engine               - pixelsPerMeter: 50.0
11:51:39.235 [FXGL Background Thread 3 ] DEBUG Engine               - platform: WINDOWS
11:51:39.235 [FXGL Background Thread 3 ] DEBUG Engine               - prefHeightProperty: ReadOnlyDoubleProperty [value: 800.0]
11:51:39.235 [FXGL Background Thread 3 ] DEBUG Engine               - prefWidthProperty: ReadOnlyDoubleProperty [value: 1024.0]
11:51:39.235 [FXGL Background Thread 3 ] DEBUG Engine               - profileDir: profiles/
11:51:39.235 [FXGL Background Thread 3 ] DEBUG Engine               - profileName: StringProperty [value: DEFAULT]
11:51:39.235 [FXGL Background Thread 3 ] DEBUG Engine               - randomSeed: -1
11:51:39.236 [FXGL Background Thread 3 ] DEBUG Engine               - runtimeInfo: RuntimeInfo(platform=WINDOWS, version=21, build=28.12.2023 13.35)
11:51:39.236 [FXGL Background Thread 3 ] DEBUG Engine               - saveFileExt: sav
11:51:39.236 [FXGL Background Thread 3 ] DEBUG Engine               - scaledHeightProp$fxgl: DoubleProperty [bound, value: 800.0]
11:51:39.236 [FXGL Background Thread 3 ] DEBUG Engine               - scaledWidthProp$fxgl: DoubleProperty [bound, value: 1024.0]
11:51:39.236 [FXGL Background Thread 3 ] DEBUG Engine               - sceneFactory: org.example.pokemon.map.GameApp$1@7a859438
11:51:39.236 [FXGL Background Thread 3 ] DEBUG Engine               - secondsIn24h: 60
11:51:39.236 [FXGL Background Thread 3 ] DEBUG Engine               - soundMenuBack: menu/back.wav
11:51:39.236 [FXGL Background Thread 3 ] DEBUG Engine               - soundMenuPress: menu/press.wav
11:51:39.236 [FXGL Background Thread 3 ] DEBUG Engine               - soundMenuSelect: menu/select.wav
11:51:39.236 [FXGL Background Thread 3 ] DEBUG Engine               - soundNotification: core/notification.wav
11:51:39.236 [FXGL Background Thread 3 ] DEBUG Engine               - stageStyle: DECORATED
11:51:39.236 [FXGL Background Thread 3 ] DEBUG Engine               - supportedLanguages: [ENGLISH, FRENCH, GERMAN, HUNGARIAN, RUSSIAN]
11:51:39.236 [FXGL Background Thread 3 ] DEBUG Engine               - ticksPerSecond: -1
11:51:39.236 [FXGL Background Thread 3 ] DEBUG Engine               - title: Pokemon
11:51:39.236 [FXGL Background Thread 3 ] DEBUG Engine               - urlGithub: https://github.com/AlmasB/FXGL
11:51:39.236 [FXGL Background Thread 3 ] DEBUG Engine               - urlLeaderboard: http://fxgl-top.herokuapp.com/
11:51:39.236 [FXGL Background Thread 3 ] DEBUG Engine               - urlPOM: https://raw.githubusercontent.com/AlmasB/FXGL/release/README.md
11:51:39.236 [FXGL Background Thread 3 ] DEBUG Engine               - userAppClass: class org.example.pokemon.map.GameApp
11:51:39.236 [FXGL Background Thread 3 ] DEBUG Engine               - version: 0.1
11:51:39.236 [FXGL Background Thread 3 ] DEBUG Engine               - versionCheckDays: 7
11:51:39.236 [FXGL Background Thread 3 ] DEBUG Engine               - width: 1024
11:51:39.236 [FXGL Background Thread 3 ] DEBUG Engine               - Logging services
11:51:39.236 [FXGL Background Thread 3 ] DEBUG Engine               - class com.almasb.fxgl.app.services.FXGLAssetLoaderService
11:51:39.236 [FXGL Background Thread 3 ] DEBUG Engine               - class com.almasb.fxgl.app.FXGLApplication$GameApplicationService
11:51:39.236 [FXGL Background Thread 3 ] DEBUG Engine               - class com.almasb.fxgl.app.services.FXGLDialogService
11:51:39.236 [FXGL Background Thread 3 ] DEBUG Engine               - class com.almasb.fxgl.app.services.IOTaskExecutorService
11:51:39.236 [FXGL Background Thread 3 ] DEBUG Engine               - class com.almasb.fxgl.io.FileSystemService
11:51:39.236 [FXGL Background Thread 3 ] DEBUG Engine               - class com.almasb.fxgl.localization.LocalizationService
11:51:39.236 [FXGL Background Thread 3 ] DEBUG Engine               - class com.almasb.fxgl.app.services.SystemBundleService
11:51:39.236 [FXGL Background Thread 3 ] DEBUG Engine               - class com.almasb.fxgl.profile.SaveLoadService
11:51:39.236 [FXGL Background Thread 3 ] DEBUG Engine               - class com.almasb.fxgl.ui.FXGLUIFactoryServiceProvider
11:51:39.236 [FXGL Background Thread 3 ] DEBUG Engine               - class com.almasb.fxgl.ui.FXGLDialogFactoryServiceProvider
11:51:39.236 [FXGL Background Thread 3 ] DEBUG Engine               - class com.almasb.fxgl.audio.AudioPlayer
11:51:39.236 [FXGL Background Thread 3 ] DEBUG Engine               - class com.almasb.fxgl.notification.impl.NotificationServiceProvider
11:51:39.236 [FXGL Background Thread 3 ] DEBUG Engine               - class com.almasb.fxgl.achievement.AchievementService
11:51:39.236 [FXGL Background Thread 3 ] DEBUG Engine               - class com.almasb.fxgl.cutscene.CutsceneService
11:51:39.236 [FXGL Background Thread 3 ] DEBUG Engine               - class com.almasb.fxgl.minigames.MiniGameService
11:51:39.236 [FXGL Background Thread 3 ] DEBUG Engine               - class com.almasb.fxgl.net.NetService
11:51:39.236 [FXGL Background Thread 3 ] DEBUG Engine               - class com.almasb.fxgl.app.services.UpdaterService
11:51:39.236 [FXGL Background Thread 3 ] DEBUG Engine               - class com.almasb.fxgl.dev.DevService
11:51:57.835 [FXGL Background Thread 2 ] WARN  UpdaterService       - Failed to find updates: java.net.ConnectException: Connection timed out: connect
11:51:57.917 [JavaFX Application Thread] DEBUG GameApplicationServi - Starting new game
11:51:57.917 [JavaFX Application Thread] DEBUG PrimaryStageWindow   - Pop state: TestMainMenu
11:51:57.917 [JavaFX Application Thread] DEBUG Input                - Clearing active input actions
11:51:57.919 [JavaFX Application Thread] DEBUG GameApplicationServi - Removing overlay from TestMainMenu and adding to FXGLMainMenuDummyScene
11:51:57.920 [JavaFX Application Thread] DEBUG PrimaryStageWindow   - FXGLMainMenuDummyScene <- TestMainMenu
11:51:57.920 [JavaFX Application Thread] DEBUG Input                - Clearing active input actions
11:51:57.928 [JavaFX Application Thread] DEBUG GameApplicationServi - Removing overlay from FXGLMainMenuDummyScene and adding to FXGLLoadingScene
11:51:57.928 [JavaFX Application Thread] DEBUG PrimaryStageWindow   - FXGLMainMenuDummyScene -> FXGLLoadingScene
11:51:57.928 [JavaFX Application Thread] DEBUG GameApplicationServi - Clearing previous game
11:51:57.928 [JavaFX Application Thread] DEBUG GameScene            - Clearing game scene
11:51:57.928 [JavaFX Application Thread] DEBUG GameWorld            - Clearing game world
11:51:57.928 [JavaFX Application Thread] DEBUG PhysicsWorld         - Clearing physics world
11:51:57.929 [FXGL Background Thread 2 ] DEBUG FXGLApplication      - Initializing game
11:51:57.963 [FXGL Background Thread 2 ] WARN  TMXLevelLoader       - TiledMap generated from 1.8.4. Supported version: 1.9.0. Some features may not be parsed fully.
11:51:57.998 [FXGL Background Thread 2 ] DEBUG TMXLevelLoader       - Parsed TiledMap: file:/D:/Repo/Pokemon/target/classes/assets/levels/level1.tmx
11:51:58.000 [FXGL Background Thread 2 ] DEBUG TMXLevelLoader       - Creating tile layer entities
11:51:58.002 [FXGL Background Thread 2 ] DEBUG TilesetLoader        - Loading view for layer 图块层 1
11:51:58.005 [FXGL Background Thread 2 ] DEBUG TilesetLoader        - Created buffer with size 1024.0x800.0
11:51:58.030 [FXGL Background Thread 2 ] DEBUG TMXLevelLoader       - Creating object layer entities
11:51:58.156 [FXGL Background Thread 2 ] DEBUG FXGLAssetLoaderServi - Loading from file system: file:/D:/Repo/Pokemon/target/classes/assets/textures/flower.png
11:51:58.182 [FXGL Background Thread 2 ] DEBUG GameWorld            - Clearing removable entities
11:51:58.183 [FXGL Background Thread 2 ] DEBUG GameWorld            - Setting level: com.almasb.fxgl.entity.level.Level@517f5057
11:51:58.193 [FXGL Background Thread 2 ] DEBUG FXGLAssetLoaderServi - Loading from file system: file:/D:/Repo/Pokemon/target/classes/assets/textures/buLunDan2.png
11:51:58.205 [FXGL Background Thread 2 ] DEBUG FXGLAssetLoaderServi - Loading from file system: file:/D:/Repo/Pokemon/target/classes/assets/textures/RacketTeam.png
11:51:58.208 [FXGL Background Thread 2 ] INFO  FXGLApplication      - Game initialization took: 0.278 sec
11:51:58.208 [JavaFX Application Thread] DEBUG Input                - Clearing active input actions
11:51:58.219 [JavaFX Application Thread] DEBUG GameApplicationServi - Removing overlay from FXGLLoadingScene and adding to GameScene
11:51:58.221 [JavaFX Application Thread] DEBUG PrimaryStageWindow   - FXGLLoadingScene -> GameScene
11:52:09.039 [JavaFX Application Thread] DEBUG FXGLAssetLoaderServi - Loading from file system: file:/D:/Repo/Pokemon/target/classes/assets/textures/hint.png
11:52:10.331 [JavaFX Application Thread] DEBUG PrimaryStageWindow   - Push state: DialogSubScene
11:52:10.331 [JavaFX Application Thread] DEBUG Input                - Clearing active input actions
11:52:10.332 [JavaFX Application Thread] DEBUG GameApplicationServi - Removing overlay from GameScene and adding to DialogSubScene
11:52:10.332 [JavaFX Application Thread] DEBUG PrimaryStageWindow   - GameScene -> DialogSubScene
11:52:14.205 [JavaFX Application Thread] DEBUG PrimaryStageWindow   - Pop state: DialogSubScene
11:52:14.205 [JavaFX Application Thread] DEBUG Input                - Clearing active input actions
11:52:14.205 [JavaFX Application Thread] DEBUG GameApplicationServi - Removing overlay from DialogSubScene and adding to GameScene
11:52:14.205 [JavaFX Application Thread] DEBUG PrimaryStageWindow   - GameScene <- DialogSubScene
11:53:06.423 [JavaFX Application Thread] DEBUG PrimaryStageWindow   - Push state: DialogSubScene
11:53:06.423 [JavaFX Application Thread] DEBUG Input                - Clearing active input actions
11:53:06.424 [JavaFX Application Thread] DEBUG GameApplicationServi - Removing overlay from GameScene and adding to DialogSubScene
11:53:06.424 [JavaFX Application Thread] DEBUG PrimaryStageWindow   - GameScene -> DialogSubScene
11:53:29.881 [JavaFX Application Thread] DEBUG PrimaryStageWindow   - Pop state: DialogSubScene
11:53:29.881 [JavaFX Application Thread] DEBUG Input                - Clearing active input actions
11:53:29.881 [JavaFX Application Thread] DEBUG GameApplicationServi - Removing overlay from DialogSubScene and adding to GameScene
11:53:29.881 [JavaFX Application Thread] DEBUG PrimaryStageWindow   - GameScene <- DialogSubScene
11:54:06.657 [JavaFX Application Thread] WARN  TMXLevelLoader       - TiledMap generated from 1.8.4. Supported version: 1.9.0. Some features may not be parsed fully.
11:54:06.662 [JavaFX Application Thread] DEBUG TMXLevelLoader       - Parsed TiledMap: file:/D:/Repo/Pokemon/target/classes/assets/levels/level3.tmx
11:54:06.662 [JavaFX Application Thread] DEBUG TMXLevelLoader       - Creating tile layer entities
11:54:06.662 [JavaFX Application Thread] DEBUG TilesetLoader        - Loading view for layer 图块层 1
11:54:06.663 [JavaFX Application Thread] DEBUG TilesetLoader        - Created buffer with size 1024.0x800.0
11:54:06.669 [JavaFX Application Thread] DEBUG TMXLevelLoader       - Creating object layer entities
11:54:06.697 [JavaFX Application Thread] DEBUG GameWorld            - Clearing removable entities
11:54:06.711 [JavaFX Application Thread] DEBUG GameWorld            - Setting level: com.almasb.fxgl.entity.level.Level@6adcbe0a
11:54:06.715 [JavaFX Application Thread] DEBUG FXGLAssetLoaderServi - Loading from file system: file:/D:/Repo/Pokemon/target/classes/assets/textures/Nurse2.png
11:54:06.718 [JavaFX Application Thread] DEBUG FXGLAssetLoaderServi - Loading from file system: file:/D:/Repo/Pokemon/target/classes/assets/textures/Nurse_stand.png
11:54:12.593 [JavaFX Application Thread] DEBUG PrimaryStageWindow   - Push state: DialogSubScene
11:54:12.593 [JavaFX Application Thread] DEBUG Input                - Clearing active input actions
11:54:12.594 [JavaFX Application Thread] DEBUG GameApplicationServi - Removing overlay from GameScene and adding to DialogSubScene
11:54:12.594 [JavaFX Application Thread] DEBUG PrimaryStageWindow   - GameScene -> DialogSubScene
11:54:14.556 [JavaFX Application Thread] DEBUG PrimaryStageWindow   - Pop state: DialogSubScene
11:54:14.556 [JavaFX Application Thread] DEBUG Input                - Clearing active input actions
11:54:14.557 [JavaFX Application Thread] DEBUG GameApplicationServi - Removing overlay from DialogSubScene and adding to GameScene
11:54:14.557 [JavaFX Application Thread] DEBUG PrimaryStageWindow   - GameScene <- DialogSubScene
11:54:23.899 [JavaFX Application Thread] DEBUG FXGLApplication      - Exiting FXGL
11:54:23.899 [JavaFX Application Thread] DEBUG LoopRunner           - Stopping loop
11:54:23.900 [JavaFX Application Thread] DEBUG SystemBundleService  - Saving FXGL system data
11:54:23.914 [JavaFX Application Thread] DEBUG FileSystemAccess     - Writing to: D:\Repo\Pokemon\system\fxgl.bundle
11:54:23.917 [JavaFX Application Thread] DEBUG Async                - Shutting down background threads
11:54:23.917 [JavaFX Application Thread] DEBUG PrimaryStageWindow   - Closing main window
11:54:23.931 [JavaFX Application Thread] DEBUG Logger               - Closing Logger
