08:06:24.564 [main                     ] DEBUG Logger               - Configured Logger
08:06:24.589 [main                     ] DEBUG GameApplication      - Logging settings
Title: Pokemon
Version: 0.1
Width: 1024
Height: 800
Fullscreen: false
Intro: false
Profiling: false
Single step:false
App Mode: DEVELOPER
Menu Key: ESCAPE
Stage Style: DECORATED
Scene Factory: class org.example.pokemon.map.GameApp$1

08:06:24.820 [JavaFX Application Thread] DEBUG FXGLApplication      - Initializing FXGL
08:06:24.823 [JavaFX Application Thread] INFO  Engine               - FXGL-21 (28.12.2023 13.35) on WINDOWS (J:21.0.4 FX:21)
08:06:24.824 [JavaFX Application Thread] DEBUG Engine               - JRE Vendor Name: Oracle Corporation
08:06:24.824 [JavaFX Application Thread] DEBUG Engine               - Running on OS: Windows 11 version 10.0
08:06:24.824 [JavaFX Application Thread] DEBUG Engine               - Architecture: amd64
08:06:24.824 [JavaFX Application Thread] INFO  Engine               - Source code and latest versions at: https://github.com/AlmasB/FXGL
08:06:24.824 [JavaFX Application Thread] INFO  Engine               -       Ask questions and discuss at: https://github.com/AlmasB/FXGL/discussions
08:06:24.825 [JavaFX Application Thread] INFO  Engine               -              Join the FXGL chat at: https://gitter.im/AlmasB/FXGL
08:06:24.875 [JavaFX Application Thread] DEBUG PrimaryStageWindow   - Creating a JavaFX scene
08:06:24.900 [JavaFX Application Thread] DEBUG PrimaryStageWindow   - Target settings size: 1024.0 x 800.0
08:06:24.900 [JavaFX Application Thread] DEBUG PrimaryStageWindow   - Scaled scene size:    1024.0 x 800.0
08:06:24.900 [JavaFX Application Thread] DEBUG PrimaryStageWindow   - Scaled ratio: (1.0, 1.0)
08:06:24.901 [JavaFX Application Thread] DEBUG PrimaryStageWindow   - Set initial scene to FXGLStartupScene
08:06:24.902 [JavaFX Application Thread] DEBUG PrimaryStageWindow   - Opening main window
08:06:24.967 [JavaFX Application Thread] DEBUG PrimaryStageWindow   - Window border size: (14.6666259765625, 37.33331298828125)
08:06:24.967 [JavaFX Application Thread] DEBUG PrimaryStageWindow   - Scaled size: 1024.0 x 800.0
08:06:24.967 [JavaFX Application Thread] DEBUG PrimaryStageWindow   - Scaled ratio: (1.0, 1.0)
08:06:24.967 [JavaFX Application Thread] DEBUG PrimaryStageWindow   - Scene size: 1024.0 x 800.0
08:06:24.967 [JavaFX Application Thread] DEBUG PrimaryStageWindow   - Stage size: 1038.6666259765625 x 837.3333129882812
08:06:24.971 [FXGL Background Thread 1 ] DEBUG Engine               - Initializing environment variables
08:06:25.027 [FXGL Background Thread 1 ] DEBUG FXGLAssetLoaderServi - User app class for loading assets: class org.example.pokemon.map.GameApp
08:06:25.028 [FXGL Background Thread 1 ] DEBUG GameApplicationServi - Applying CSS: fxgl_dark.css
08:06:25.028 [FXGL Background Thread 1 ] DEBUG FXGLAssetLoaderServi - Loading from file system: jar:file:///C:/Java%20Lib/apache-maven-3.8.8/repo/com/github/almasb/fxgl/21/fxgl-21.jar!/fxglassets/ui/css/fxgl_dark.css
08:06:25.069 [FXGL Background Thread 1 ] DEBUG GameApplicationServi - Initializing application scenes
08:06:25.145 [FXGL Background Thread 1 ] DEBUG GameWorld            - Game world initialized
08:06:25.186 [FXGL Background Thread 1 ] DEBUG PhysicsWorld         - Physics world initialized: appHeight=800, physics.ppm=50.0
08:06:25.186 [FXGL Background Thread 1 ] DEBUG PhysicsWorld         - Using strategy: BRUTE_FORCE
08:06:25.190 [FXGL Background Thread 1 ] DEBUG GameScene            - Game scene initialized: 1024x800
08:06:25.347 [FXGL Background Thread 1 ] DEBUG FXGL.DefaultMenu     - createMenuBodyGameMenu()
08:06:25.353 [FXGL Background Thread 1 ] DEBUG FXGL.DefaultMenu     - createOptionsMenu()
08:06:25.359 [FXGL Background Thread 1 ] DEBUG FXGLAssetLoaderServi - Loading from file system: jar:file:///C:/Java%20Lib/apache-maven-3.8.8/repo/com/github/almasb/fxgl/21/fxgl-21.jar!/fxglassets/textures/particles/smoke.png
08:06:25.468 [FXGL Background Thread 1 ] DEBUG FXGLAssetLoaderServi - Loading from file system: jar:file:///C:/Java%20Lib/apache-maven-3.8.8/repo/com/github/almasb/fxgl/21/fxgl-21.jar!/fxglassets/textures/particles/trace_horizontal.png
08:06:25.487 [FXGL Background Thread 1 ] DEBUG GameApplicationServi - Application scenes initialized
08:06:25.496 [FXGL Background Thread 1 ] DEBUG SystemBundleService  - Loading FXGL system data
08:06:25.500 [FXGL Background Thread 1 ] DEBUG FileSystemAccess     - Reading from: D:\Repo\Pokemon\system\fxgl.bundle
08:06:25.506 [FXGL Background Thread 1 ] DEBUG SystemBundleService  - Bundle FXGL: {}
08:06:25.506 [FXGL Background Thread 1 ] DEBUG UpdaterService       - Checking for updates
08:06:25.509 [FXGL Background Thread 4 ] DEBUG FXGLApplication      - Loading fonts
08:06:25.509 [FXGL Background Thread 4 ] DEBUG FXGLAssetLoaderServi - Loading from file system: jar:file:///C:/Java%20Lib/apache-maven-3.8.8/repo/com/github/almasb/fxgl/21/fxgl-21.jar!/fxglassets/ui/fonts/VarelaRound-Regular.ttf
08:06:25.511 [FXGL Background Thread 1 ] DEBUG FXGLApplication      - Loading default localization
08:06:25.511 [FXGL Background Thread 1 ] DEBUG FXGLAssetLoaderServi - Loading from file system: jar:file:///C:/Java%20Lib/apache-maven-3.8.8/repo/com/github/almasb/fxgl/21/fxgl-21.jar!/fxglassets/languages/english.lang
08:06:25.543 [FXGL Background Thread 4 ] DEBUG FXGLAssetLoaderServi - Loading from file system: jar:file:///C:/Java%20Lib/apache-maven-3.8.8/repo/com/github/almasb/fxgl/21/fxgl-21.jar!/fxglassets/ui/fonts/Abel-Regular.ttf
08:06:25.546 [FXGL Background Thread 4 ] DEBUG FXGLAssetLoaderServi - Loading from file system: jar:file:///C:/Java%20Lib/apache-maven-3.8.8/repo/com/github/almasb/fxgl/21/fxgl-21.jar!/fxglassets/ui/fonts/TerminalLandMono-Regular.otf
08:06:25.548 [FXGL Background Thread 4 ] DEBUG FXGLAssetLoaderServi - Loading from file system: jar:file:///C:/Java%20Lib/apache-maven-3.8.8/repo/com/github/almasb/fxgl/21/fxgl-21.jar!/fxglassets/ui/fonts/Courier-Prime.ttf
08:06:25.557 [JavaFX Application Thread] DEBUG FXGLApplication      - Registering font factories with UI factory
08:06:25.574 [FXGL Background Thread 1 ] INFO  FXGLApplication      - FXGL initialization took: 0.603 sec
08:06:25.596 [JavaFX Application Thread] DEBUG Input                - Registered new binding: action0 - W
08:06:25.596 [JavaFX Application Thread] DEBUG Input                - Registered new binding: action1 - A
08:06:25.598 [JavaFX Application Thread] DEBUG Input                - Registered new binding: action2 - S
08:06:25.599 [JavaFX Application Thread] DEBUG Input                - Registered new binding: action3 - D
08:06:25.600 [JavaFX Application Thread] DEBUG Input                - Registered new binding: action4 - Up
08:06:25.600 [JavaFX Application Thread] DEBUG Input                - Registered new binding: action5 - Left
08:06:25.601 [JavaFX Application Thread] DEBUG Input                - Registered new binding: action6 - Down
08:06:25.602 [JavaFX Application Thread] DEBUG Input                - Registered new binding: action7 - Right
08:06:25.602 [JavaFX Application Thread] DEBUG Input                - Registered new binding: action8 - J
08:06:25.602 [JavaFX Application Thread] DEBUG FXGLAssetLoaderServi - Loading from file system: file:/D:/Repo/Pokemon/target/classes/assets/music/BGM.mp3
08:06:25.711 [JavaFX Application Thread] DEBUG AudioPlayer          - Playing music com.almasb.fxgl.audio.Music@c2a3367
08:06:25.711 [JavaFX Application Thread] DEBUG FXGLAssetLoaderServi - Loading from file system: jar:file:///C:/Java%20Lib/apache-maven-3.8.8/repo/com/github/almasb/fxgl/21/fxgl-21.jar!/fxglassets/textures/fxgl_icon.png
08:06:25.733 [JavaFX Application Thread] DEBUG FXGLAssetLoaderServi - Loading from file system: jar:file:///C:/Java%20Lib/apache-maven-3.8.8/repo/com/github/almasb/fxgl/21/fxgl-21.jar!/fxglassets/textures/fxgl_default_cursor.png
08:06:25.739 [JavaFX Application Thread] DEBUG Input                - Registered new binding: Screenshot - CTRL+8
08:06:25.740 [JavaFX Application Thread] DEBUG Input                - Registered new binding: System info dump - CTRL+9
08:06:25.742 [JavaFX Application Thread] DEBUG Input                - Registered new binding: Restart - CTRL+R
08:06:25.744 [JavaFX Application Thread] DEBUG Input                - Registered new binding: Toggle Debug Camera - CTRL+7
08:06:25.753 [JavaFX Application Thread] DEBUG LoopRunner           - Starting loop
08:06:25.754 [JavaFX Application Thread] DEBUG LoopRunner           - Initializing JavaFX AnimationTimerLoop
08:06:25.763 [JavaFX Application Thread] DEBUG Input                - Clearing active input actions
08:06:25.770 [JavaFX Application Thread] DEBUG GameApplicationServi - Removing overlay from FXGLStartupScene and adding to FXGLMainMenuDummyScene
08:06:25.770 [JavaFX Application Thread] DEBUG PrimaryStageWindow   - FXGLStartupScene -> FXGLMainMenuDummyScene
08:06:25.770 [JavaFX Application Thread] DEBUG PrimaryStageWindow   - Push state: TestMainMenu
08:06:25.772 [JavaFX Application Thread] DEBUG Input                - Clearing active input actions
08:06:25.782 [JavaFX Application Thread] DEBUG GameApplicationServi - Removing overlay from FXGLMainMenuDummyScene and adding to TestMainMenu
08:06:25.783 [JavaFX Application Thread] DEBUG PrimaryStageWindow   - FXGLMainMenuDummyScene -> TestMainMenu
08:06:28.508 [FXGL Background Thread 3 ] DEBUG Engine               - Logging environment variables
08:06:28.509 [FXGL Background Thread 3 ] DEBUG Engine               - achievements: []
08:06:28.509 [FXGL Background Thread 3 ] DEBUG Engine               - actualHeight: 800.0
08:06:28.509 [FXGL Background Thread 3 ] DEBUG Engine               - actualHeightProperty: ReadOnlyDoubleProperty [value: 800.0]
08:06:28.509 [FXGL Background Thread 3 ] DEBUG Engine               - actualWidth: 1024.0
08:06:28.509 [FXGL Background Thread 3 ] DEBUG Engine               - actualWidthProperty: ReadOnlyDoubleProperty [value: 1024.0]
08:06:28.509 [FXGL Background Thread 3 ] DEBUG Engine               - appIcon: fxgl_icon.png
08:06:28.509 [FXGL Background Thread 3 ] DEBUG Engine               - applicationMode: DEVELOPER
08:06:28.509 [FXGL Background Thread 3 ] DEBUG Engine               - cSSList: [fxgl_dark.css]
08:06:28.509 [FXGL Background Thread 3 ] DEBUG Engine               - collisionDetectionStrategy: BRUTE_FORCE
08:06:28.509 [FXGL Background Thread 3 ] DEBUG Engine               - configClass: Optional.empty
08:06:28.509 [FXGL Background Thread 3 ] DEBUG Engine               - credits: []
08:06:28.509 [FXGL Background Thread 3 ] DEBUG Engine               - defaultCursor: CursorInfo(imageName=fxgl_default_cursor.png, hotspotX=7.0, hotspotY=6.0)
08:06:28.509 [FXGL Background Thread 3 ] DEBUG Engine               - devBBoxColorProperty: ObjectProperty [value: 0xff0000ff]
08:06:28.509 [FXGL Background Thread 3 ] DEBUG Engine               - devEnableDebugCameraProperty: BooleanProperty [value: false]
08:06:28.509 [FXGL Background Thread 3 ] DEBUG Engine               - devSensorColorProperty: ObjectProperty [value: 0xffff00ff]
08:06:28.509 [FXGL Background Thread 3 ] DEBUG Engine               - devShowBBoxProperty: BooleanProperty [value: false]
08:06:28.509 [FXGL Background Thread 3 ] DEBUG Engine               - devShowPositionProperty: BooleanProperty [value: false]
08:06:28.509 [FXGL Background Thread 3 ] DEBUG Engine               - enabledMenuItems: []
08:06:28.509 [FXGL Background Thread 3 ] DEBUG Engine               - engineServices: [class com.almasb.fxgl.app.services.FXGLAssetLoaderService, class com.almasb.fxgl.app.FXGLApplication$GameApplicationService, class com.almasb.fxgl.app.services.FXGLDialogService, class com.almasb.fxgl.app.services.IOTaskExecutorService, class com.almasb.fxgl.io.FileSystemService, class com.almasb.fxgl.localization.LocalizationService, class com.almasb.fxgl.app.services.SystemBundleService, class com.almasb.fxgl.profile.SaveLoadService, class com.almasb.fxgl.ui.FXGLUIFactoryServiceProvider, class com.almasb.fxgl.ui.FXGLDialogFactoryServiceProvider, class com.almasb.fxgl.audio.AudioPlayer, class com.almasb.fxgl.notification.impl.NotificationServiceProvider, class com.almasb.fxgl.achievement.AchievementService, class com.almasb.fxgl.cutscene.CutsceneService, class com.almasb.fxgl.minigames.MiniGameService, class com.almasb.fxgl.net.NetService, class com.almasb.fxgl.app.services.UpdaterService, class com.almasb.fxgl.dev.DevService]
08:06:28.509 [FXGL Background Thread 3 ] DEBUG Engine               - fontGame: Abel-Regular.ttf
08:06:28.509 [FXGL Background Thread 3 ] DEBUG Engine               - fontMono: TerminalLandMono-Regular.otf
08:06:28.509 [FXGL Background Thread 3 ] DEBUG Engine               - fontSizeScaleUI: 1.0
08:06:28.509 [FXGL Background Thread 3 ] DEBUG Engine               - fontText: Courier-Prime.ttf
08:06:28.509 [FXGL Background Thread 3 ] DEBUG Engine               - fontUI: VarelaRound-Regular.ttf
08:06:28.509 [FXGL Background Thread 3 ] DEBUG Engine               - fullScreen: BooleanProperty [value: false]
08:06:28.509 [FXGL Background Thread 3 ] DEBUG Engine               - gameDifficulty: MEDIUM
08:06:28.509 [FXGL Background Thread 3 ] DEBUG Engine               - gameDifficultyProperty: ObjectProperty [value: MEDIUM]
08:06:28.509 [FXGL Background Thread 3 ] DEBUG Engine               - globalMusicVolume: 0.5
08:06:28.509 [FXGL Background Thread 3 ] DEBUG Engine               - globalMusicVolumeProperty: DoubleProperty [value: 0.2]
08:06:28.509 [FXGL Background Thread 3 ] DEBUG Engine               - globalSoundVolume: 0.5
08:06:28.509 [FXGL Background Thread 3 ] DEBUG Engine               - globalSoundVolumeProperty: DoubleProperty [value: 0.5]
08:06:28.509 [FXGL Background Thread 3 ] DEBUG Engine               - height: 800
08:06:28.509 [FXGL Background Thread 3 ] DEBUG Engine               - is3D: false
08:06:28.509 [FXGL Background Thread 3 ] DEBUG Engine               - isAndroid: false
08:06:28.509 [FXGL Background Thread 3 ] DEBUG Engine               - isBrowser: false
08:06:28.511 [FXGL Background Thread 3 ] DEBUG Engine               - isClickFeedbackEnabled: false
08:06:28.511 [FXGL Background Thread 3 ] DEBUG Engine               - isCloseConfirmation: false
08:06:28.511 [FXGL Background Thread 3 ] DEBUG Engine               - isDesktop: true
08:06:28.511 [FXGL Background Thread 3 ] DEBUG Engine               - isDeveloperMenuEnabled: false
08:06:28.511 [FXGL Background Thread 3 ] DEBUG Engine               - isEmbedded: false
08:06:28.511 [FXGL Background Thread 3 ] DEBUG Engine               - isEntityPreloadEnabled: true
08:06:28.511 [FXGL Background Thread 3 ] DEBUG Engine               - isExperimentalTiledLargeMap: false
08:06:28.511 [FXGL Background Thread 3 ] DEBUG Engine               - isFileSystemWriteAllowed: true
08:06:28.511 [FXGL Background Thread 3 ] DEBUG Engine               - isFullScreenAllowed: false
08:06:28.511 [FXGL Background Thread 3 ] DEBUG Engine               - isFullScreenFromStart: false
08:06:28.511 [FXGL Background Thread 3 ] DEBUG Engine               - isGameMenuEnabled: true
08:06:28.511 [FXGL Background Thread 3 ] DEBUG Engine               - isIOS: false
08:06:28.511 [FXGL Background Thread 3 ] DEBUG Engine               - isIntroEnabled: false
08:06:28.511 [FXGL Background Thread 3 ] DEBUG Engine               - isLinux: false
08:06:28.511 [FXGL Background Thread 3 ] DEBUG Engine               - isMac: false
08:06:28.511 [FXGL Background Thread 3 ] DEBUG Engine               - isMainMenuEnabled: true
08:06:28.511 [FXGL Background Thread 3 ] DEBUG Engine               - isManualResizeEnabled: false
08:06:28.511 [FXGL Background Thread 3 ] DEBUG Engine               - isMobile: false
08:06:28.511 [FXGL Background Thread 3 ] DEBUG Engine               - isNative: false
08:06:28.511 [FXGL Background Thread 3 ] DEBUG Engine               - isPauseMusicWhenMinimized: true
08:06:28.511 [FXGL Background Thread 3 ] DEBUG Engine               - isPreserveResizeRatio: false
08:06:28.511 [FXGL Background Thread 3 ] DEBUG Engine               - isProfilingEnabled: false
08:06:28.511 [FXGL Background Thread 3 ] DEBUG Engine               - isScaleAffectedOnResize: true
08:06:28.511 [FXGL Background Thread 3 ] DEBUG Engine               - isSingleStep: false
08:06:28.511 [FXGL Background Thread 3 ] DEBUG Engine               - isUserProfileEnabled: false
08:06:28.511 [FXGL Background Thread 3 ] DEBUG Engine               - isWindows: true
08:06:28.511 [FXGL Background Thread 3 ] DEBUG Engine               - language: ObjectProperty [value: ENGLISH]
08:06:28.511 [FXGL Background Thread 3 ] DEBUG Engine               - menuKey: ESCAPE
08:06:28.511 [FXGL Background Thread 3 ] DEBUG Engine               - mouseSensitivity: 0.2
08:06:28.511 [FXGL Background Thread 3 ] DEBUG Engine               - notificationViewClass: class com.almasb.fxgl.notification.view.XboxNotificationView
08:06:28.511 [FXGL Background Thread 3 ] DEBUG Engine               - pixelsPerMeter: 50.0
08:06:28.511 [FXGL Background Thread 3 ] DEBUG Engine               - platform: WINDOWS
08:06:28.511 [FXGL Background Thread 3 ] DEBUG Engine               - prefHeightProperty: ReadOnlyDoubleProperty [value: 800.0]
08:06:28.511 [FXGL Background Thread 3 ] DEBUG Engine               - prefWidthProperty: ReadOnlyDoubleProperty [value: 1024.0]
08:06:28.511 [FXGL Background Thread 3 ] DEBUG Engine               - profileDir: profiles/
08:06:28.511 [FXGL Background Thread 3 ] DEBUG Engine               - profileName: StringProperty [value: DEFAULT]
08:06:28.511 [FXGL Background Thread 3 ] DEBUG Engine               - randomSeed: -1
08:06:28.511 [FXGL Background Thread 3 ] DEBUG Engine               - runtimeInfo: RuntimeInfo(platform=WINDOWS, version=21, build=28.12.2023 13.35)
08:06:28.512 [FXGL Background Thread 3 ] DEBUG Engine               - saveFileExt: sav
08:06:28.512 [FXGL Background Thread 3 ] DEBUG Engine               - scaledHeightProp$fxgl: DoubleProperty [bound, value: 800.0]
08:06:28.512 [FXGL Background Thread 3 ] DEBUG Engine               - scaledWidthProp$fxgl: DoubleProperty [bound, value: 1024.0]
08:06:28.512 [FXGL Background Thread 3 ] DEBUG Engine               - sceneFactory: org.example.pokemon.map.GameApp$1@3b3ebcdc
08:06:28.512 [FXGL Background Thread 3 ] DEBUG Engine               - secondsIn24h: 60
08:06:28.512 [FXGL Background Thread 3 ] DEBUG Engine               - soundMenuBack: menu/back.wav
08:06:28.512 [FXGL Background Thread 3 ] DEBUG Engine               - soundMenuPress: menu/press.wav
08:06:28.512 [FXGL Background Thread 3 ] DEBUG Engine               - soundMenuSelect: menu/select.wav
08:06:28.512 [FXGL Background Thread 3 ] DEBUG Engine               - soundNotification: core/notification.wav
08:06:28.512 [FXGL Background Thread 3 ] DEBUG Engine               - stageStyle: DECORATED
08:06:28.512 [FXGL Background Thread 3 ] DEBUG Engine               - supportedLanguages: [ENGLISH, FRENCH, GERMAN, HUNGARIAN, RUSSIAN]
08:06:28.512 [FXGL Background Thread 3 ] DEBUG Engine               - ticksPerSecond: -1
08:06:28.512 [FXGL Background Thread 3 ] DEBUG Engine               - title: Pokemon
08:06:28.512 [FXGL Background Thread 3 ] DEBUG Engine               - urlGithub: https://github.com/AlmasB/FXGL
08:06:28.512 [FXGL Background Thread 3 ] DEBUG Engine               - urlLeaderboard: http://fxgl-top.herokuapp.com/
08:06:28.512 [FXGL Background Thread 3 ] DEBUG Engine               - urlPOM: https://raw.githubusercontent.com/AlmasB/FXGL/release/README.md
08:06:28.512 [FXGL Background Thread 3 ] DEBUG Engine               - userAppClass: class org.example.pokemon.map.GameApp
08:06:28.512 [FXGL Background Thread 3 ] DEBUG Engine               - version: 0.1
08:06:28.512 [FXGL Background Thread 3 ] DEBUG Engine               - versionCheckDays: 7
08:06:28.512 [FXGL Background Thread 3 ] DEBUG Engine               - width: 1024
08:06:28.512 [FXGL Background Thread 3 ] DEBUG Engine               - Logging services
08:06:28.512 [FXGL Background Thread 3 ] DEBUG Engine               - class com.almasb.fxgl.app.services.FXGLAssetLoaderService
08:06:28.512 [FXGL Background Thread 3 ] DEBUG Engine               - class com.almasb.fxgl.app.FXGLApplication$GameApplicationService
08:06:28.512 [FXGL Background Thread 3 ] DEBUG Engine               - class com.almasb.fxgl.app.services.FXGLDialogService
08:06:28.512 [FXGL Background Thread 3 ] DEBUG Engine               - class com.almasb.fxgl.app.services.IOTaskExecutorService
08:06:28.512 [FXGL Background Thread 3 ] DEBUG Engine               - class com.almasb.fxgl.io.FileSystemService
08:06:28.512 [FXGL Background Thread 3 ] DEBUG Engine               - class com.almasb.fxgl.localization.LocalizationService
08:06:28.512 [FXGL Background Thread 3 ] DEBUG Engine               - class com.almasb.fxgl.app.services.SystemBundleService
08:06:28.512 [FXGL Background Thread 3 ] DEBUG Engine               - class com.almasb.fxgl.profile.SaveLoadService
08:06:28.512 [FXGL Background Thread 3 ] DEBUG Engine               - class com.almasb.fxgl.ui.FXGLUIFactoryServiceProvider
08:06:28.512 [FXGL Background Thread 3 ] DEBUG Engine               - class com.almasb.fxgl.ui.FXGLDialogFactoryServiceProvider
08:06:28.512 [FXGL Background Thread 3 ] DEBUG Engine               - class com.almasb.fxgl.audio.AudioPlayer
08:06:28.512 [FXGL Background Thread 3 ] DEBUG Engine               - class com.almasb.fxgl.notification.impl.NotificationServiceProvider
08:06:28.512 [FXGL Background Thread 3 ] DEBUG Engine               - class com.almasb.fxgl.achievement.AchievementService
08:06:28.512 [FXGL Background Thread 3 ] DEBUG Engine               - class com.almasb.fxgl.cutscene.CutsceneService
08:06:28.512 [FXGL Background Thread 3 ] DEBUG Engine               - class com.almasb.fxgl.minigames.MiniGameService
08:06:28.512 [FXGL Background Thread 3 ] DEBUG Engine               - class com.almasb.fxgl.net.NetService
08:06:28.512 [FXGL Background Thread 3 ] DEBUG Engine               - class com.almasb.fxgl.app.services.UpdaterService
08:06:28.512 [FXGL Background Thread 3 ] DEBUG Engine               - class com.almasb.fxgl.dev.DevService
08:06:33.828 [FXGL Background Thread 2 ] INFO  UpdaterService       - Your current version:  21
08:06:33.828 [FXGL Background Thread 2 ] INFO  UpdaterService       - Latest stable version: 21.1
08:06:42.836 [JavaFX Application Thread] DEBUG FXGLApplication      - Exiting FXGL
08:06:42.836 [JavaFX Application Thread] DEBUG LoopRunner           - Stopping loop
08:06:42.836 [JavaFX Application Thread] DEBUG SystemBundleService  - Saving FXGL system data
08:06:42.838 [JavaFX Application Thread] DEBUG FileSystemAccess     - Writing to: D:\Repo\Pokemon\system\fxgl.bundle
08:06:42.839 [JavaFX Application Thread] DEBUG Async                - Shutting down background threads
08:06:42.839 [JavaFX Application Thread] DEBUG PrimaryStageWindow   - Closing main window
08:06:42.850 [JavaFX Application Thread] DEBUG Logger               - Closing Logger
