23:51:40.555 [main                     ] DEBUG Logger               - Configured Logger
23:51:40.579 [main                     ] DEBUG GameApplication      - Logging settings
Title: Pokemon
Version: 0.1
Width: 1024
Height: 800
Fullscreen: false
Intro: false
Profiling: false
Single step:false
App Mode: DEVELOPER
Menu Key: ESCAPE
Stage Style: DECORATED
Scene Factory: class org.example.pokemon.map.GameApp$1

23:51:40.865 [JavaFX Application Thread] DEBUG FXGLApplication      - Initializing FXGL
23:51:40.868 [JavaFX Application Thread] INFO  Engine               - FXGL-21 (28.12.2023 13.35) on WINDOWS (J:21.0.4 FX:21)
23:51:40.869 [JavaFX Application Thread] DEBUG Engine               - JRE Vendor Name: Oracle Corporation
23:51:40.869 [JavaFX Application Thread] DEBUG Engine               - Running on OS: Windows 11 version 10.0
23:51:40.869 [JavaFX Application Thread] DEBUG Engine               - Architecture: amd64
23:51:40.869 [JavaFX Application Thread] INFO  Engine               - Source code and latest versions at: https://github.com/AlmasB/FXGL
23:51:40.869 [JavaFX Application Thread] INFO  Engine               -       Ask questions and discuss at: https://github.com/AlmasB/FXGL/discussions
23:51:40.869 [JavaFX Application Thread] INFO  Engine               -              Join the FXGL chat at: https://gitter.im/AlmasB/FXGL
23:51:40.937 [JavaFX Application Thread] DEBUG PrimaryStageWindow   - Creating a JavaFX scene
23:51:40.980 [JavaFX Application Thread] DEBUG PrimaryStageWindow   - Target settings size: 1024.0 x 800.0
23:51:40.980 [JavaFX Application Thread] DEBUG PrimaryStageWindow   - Scaled scene size:    1024.0 x 800.0
23:51:40.980 [JavaFX Application Thread] DEBUG PrimaryStageWindow   - Scaled ratio: (1.0, 1.0)
23:51:40.981 [JavaFX Application Thread] DEBUG PrimaryStageWindow   - Set initial scene to FXGLStartupScene
23:51:40.985 [JavaFX Application Thread] DEBUG PrimaryStageWindow   - Opening main window
23:51:41.055 [JavaFX Application Thread] DEBUG PrimaryStageWindow   - Window border size: (14.6666259765625, 37.33331298828125)
23:51:41.056 [JavaFX Application Thread] DEBUG PrimaryStageWindow   - Scaled size: 1024.0 x 800.0
23:51:41.056 [JavaFX Application Thread] DEBUG PrimaryStageWindow   - Scaled ratio: (1.0, 1.0)
23:51:41.056 [JavaFX Application Thread] DEBUG PrimaryStageWindow   - Scene size: 1024.0 x 800.0
23:51:41.056 [JavaFX Application Thread] DEBUG PrimaryStageWindow   - Stage size: 1038.6666259765625 x 837.3333129882812
23:51:41.061 [FXGL Background Thread 1 ] DEBUG Engine               - Initializing environment variables
23:51:41.106 [FXGL Background Thread 1 ] DEBUG FXGLAssetLoaderServi - User app class for loading assets: class org.example.pokemon.map.GameApp
23:51:41.106 [FXGL Background Thread 1 ] DEBUG GameApplicationServi - Applying CSS: fxgl_dark.css
23:51:41.107 [FXGL Background Thread 1 ] DEBUG FXGLAssetLoaderServi - Loading from file system: jar:file:///C:/Java%20Lib/apache-maven-3.8.8/repo/com/github/almasb/fxgl/21/fxgl-21.jar!/fxglassets/ui/css/fxgl_dark.css
23:51:41.142 [FXGL Background Thread 1 ] DEBUG GameApplicationServi - Initializing application scenes
23:51:41.219 [FXGL Background Thread 1 ] DEBUG GameWorld            - Game world initialized
23:51:41.272 [FXGL Background Thread 1 ] DEBUG PhysicsWorld         - Physics world initialized: appHeight=800, physics.ppm=50.0
23:51:41.272 [FXGL Background Thread 1 ] DEBUG PhysicsWorld         - Using strategy: BRUTE_FORCE
23:51:41.275 [FXGL Background Thread 1 ] DEBUG GameScene            - Game scene initialized: 1024x800
23:51:41.432 [FXGL Background Thread 1 ] DEBUG FXGL.DefaultMenu     - createMenuBodyGameMenu()
23:51:41.437 [FXGL Background Thread 1 ] DEBUG FXGL.DefaultMenu     - createOptionsMenu()
23:51:41.443 [FXGL Background Thread 1 ] DEBUG FXGLAssetLoaderServi - Loading from file system: jar:file:///C:/Java%20Lib/apache-maven-3.8.8/repo/com/github/almasb/fxgl/21/fxgl-21.jar!/fxglassets/textures/particles/smoke.png
23:51:41.553 [FXGL Background Thread 1 ] DEBUG FXGLAssetLoaderServi - Loading from file system: jar:file:///C:/Java%20Lib/apache-maven-3.8.8/repo/com/github/almasb/fxgl/21/fxgl-21.jar!/fxglassets/textures/particles/trace_horizontal.png
23:51:41.570 [FXGL Background Thread 1 ] DEBUG GameApplicationServi - Application scenes initialized
23:51:41.577 [FXGL Background Thread 1 ] DEBUG SystemBundleService  - Loading FXGL system data
23:51:41.581 [FXGL Background Thread 1 ] DEBUG FileSystemAccess     - Reading from: C:\Users\19871\Desktop\Pokemon\system\fxgl.bundle
23:51:41.587 [FXGL Background Thread 1 ] DEBUG SystemBundleService  - Bundle FXGL: {}
23:51:41.587 [FXGL Background Thread 1 ] DEBUG UpdaterService       - Checking for updates
23:51:41.590 [FXGL Background Thread 4 ] DEBUG FXGLApplication      - Loading fonts
23:51:41.590 [FXGL Background Thread 4 ] DEBUG FXGLAssetLoaderServi - Loading from file system: jar:file:///C:/Java%20Lib/apache-maven-3.8.8/repo/com/github/almasb/fxgl/21/fxgl-21.jar!/fxglassets/ui/fonts/VarelaRound-Regular.ttf
23:51:41.591 [FXGL Background Thread 1 ] DEBUG FXGLApplication      - Loading default localization
23:51:41.591 [FXGL Background Thread 1 ] DEBUG FXGLAssetLoaderServi - Loading from file system: jar:file:///C:/Java%20Lib/apache-maven-3.8.8/repo/com/github/almasb/fxgl/21/fxgl-21.jar!/fxglassets/languages/english.lang
23:51:41.621 [FXGL Background Thread 4 ] DEBUG FXGLAssetLoaderServi - Loading from file system: jar:file:///C:/Java%20Lib/apache-maven-3.8.8/repo/com/github/almasb/fxgl/21/fxgl-21.jar!/fxglassets/ui/fonts/Abel-Regular.ttf
23:51:41.624 [FXGL Background Thread 4 ] DEBUG FXGLAssetLoaderServi - Loading from file system: jar:file:///C:/Java%20Lib/apache-maven-3.8.8/repo/com/github/almasb/fxgl/21/fxgl-21.jar!/fxglassets/ui/fonts/TerminalLandMono-Regular.otf
23:51:41.626 [FXGL Background Thread 4 ] DEBUG FXGLAssetLoaderServi - Loading from file system: jar:file:///C:/Java%20Lib/apache-maven-3.8.8/repo/com/github/almasb/fxgl/21/fxgl-21.jar!/fxglassets/ui/fonts/Courier-Prime.ttf
23:51:41.634 [JavaFX Application Thread] DEBUG FXGLApplication      - Registering font factories with UI factory
23:51:41.657 [FXGL Background Thread 1 ] INFO  FXGLApplication      - FXGL initialization took: 0.596 sec
23:51:41.682 [JavaFX Application Thread] DEBUG Input                - Registered new binding: action0 - W
23:51:41.684 [JavaFX Application Thread] DEBUG Input                - Registered new binding: action1 - A
23:51:41.685 [JavaFX Application Thread] DEBUG Input                - Registered new binding: action2 - S
23:51:41.685 [JavaFX Application Thread] DEBUG Input                - Registered new binding: action3 - D
23:51:41.686 [JavaFX Application Thread] DEBUG Input                - Registered new binding: action4 - Up
23:51:41.687 [JavaFX Application Thread] DEBUG Input                - Registered new binding: action5 - Left
23:51:41.687 [JavaFX Application Thread] DEBUG Input                - Registered new binding: action6 - Down
23:51:41.689 [JavaFX Application Thread] DEBUG Input                - Registered new binding: action7 - Right
23:51:41.690 [JavaFX Application Thread] DEBUG Input                - Registered new binding: action8 - J
23:51:41.690 [JavaFX Application Thread] DEBUG FXGLAssetLoaderServi - Loading from file system: file:/C:/Users/19871/Desktop/Pokemon/target/classes/assets/music/BGM.mp3
23:51:41.821 [JavaFX Application Thread] DEBUG AudioPlayer          - Playing music com.almasb.fxgl.audio.Music@7d524d2e
23:51:41.822 [JavaFX Application Thread] DEBUG FXGLAssetLoaderServi - Loading from file system: file:/C:/Users/19871/Desktop/Pokemon/target/classes/assets/textures/icon.png
23:51:41.835 [JavaFX Application Thread] DEBUG FXGLAssetLoaderServi - Loading from file system: jar:file:///C:/Java%20Lib/apache-maven-3.8.8/repo/com/github/almasb/fxgl/21/fxgl-21.jar!/fxglassets/textures/fxgl_default_cursor.png
23:51:41.840 [JavaFX Application Thread] DEBUG Input                - Registered new binding: Screenshot - CTRL+8
23:51:41.845 [JavaFX Application Thread] DEBUG Input                - Registered new binding: System info dump - CTRL+9
23:51:41.846 [JavaFX Application Thread] DEBUG Input                - Registered new binding: Restart - CTRL+R
23:51:41.848 [JavaFX Application Thread] DEBUG Input                - Registered new binding: Toggle Debug Camera - CTRL+7
23:51:41.852 [JavaFX Application Thread] DEBUG LoopRunner           - Starting loop
23:51:41.852 [JavaFX Application Thread] DEBUG LoopRunner           - Initializing JavaFX AnimationTimerLoop
23:51:41.854 [JavaFX Application Thread] DEBUG Input                - Clearing active input actions
23:51:41.860 [JavaFX Application Thread] DEBUG GameApplicationServi - Removing overlay from FXGLStartupScene and adding to FXGLMainMenuDummyScene
23:51:41.860 [JavaFX Application Thread] DEBUG PrimaryStageWindow   - FXGLStartupScene -> FXGLMainMenuDummyScene
23:51:41.860 [JavaFX Application Thread] DEBUG PrimaryStageWindow   - Push state: TestMainMenu
23:51:41.861 [JavaFX Application Thread] DEBUG Input                - Clearing active input actions
23:51:41.873 [JavaFX Application Thread] DEBUG GameApplicationServi - Removing overlay from FXGLMainMenuDummyScene and adding to TestMainMenu
23:51:41.873 [JavaFX Application Thread] DEBUG PrimaryStageWindow   - FXGLMainMenuDummyScene -> TestMainMenu
23:51:43.216 [FXGL Background Thread 2 ] INFO  UpdaterService       - Your current version:  21
23:51:43.216 [FXGL Background Thread 2 ] INFO  UpdaterService       - Latest stable version: 21.1
23:51:44.589 [FXGL Background Thread 3 ] DEBUG Engine               - Logging environment variables
23:51:44.590 [FXGL Background Thread 3 ] DEBUG Engine               - achievements: []
23:51:44.590 [FXGL Background Thread 3 ] DEBUG Engine               - actualHeight: 800.0
23:51:44.590 [FXGL Background Thread 3 ] DEBUG Engine               - actualHeightProperty: ReadOnlyDoubleProperty [value: 800.0]
23:51:44.590 [FXGL Background Thread 3 ] DEBUG Engine               - actualWidth: 1024.0
23:51:44.590 [FXGL Background Thread 3 ] DEBUG Engine               - actualWidthProperty: ReadOnlyDoubleProperty [value: 1024.0]
23:51:44.590 [FXGL Background Thread 3 ] DEBUG Engine               - appIcon: icon.png
23:51:44.590 [FXGL Background Thread 3 ] DEBUG Engine               - applicationMode: DEVELOPER
23:51:44.590 [FXGL Background Thread 3 ] DEBUG Engine               - cSSList: [fxgl_dark.css]
23:51:44.590 [FXGL Background Thread 3 ] DEBUG Engine               - collisionDetectionStrategy: BRUTE_FORCE
23:51:44.590 [FXGL Background Thread 3 ] DEBUG Engine               - configClass: Optional.empty
23:51:44.590 [FXGL Background Thread 3 ] DEBUG Engine               - credits: []
23:51:44.590 [FXGL Background Thread 3 ] DEBUG Engine               - defaultCursor: CursorInfo(imageName=fxgl_default_cursor.png, hotspotX=7.0, hotspotY=6.0)
23:51:44.591 [FXGL Background Thread 3 ] DEBUG Engine               - devBBoxColorProperty: ObjectProperty [value: 0xff0000ff]
23:51:44.591 [FXGL Background Thread 3 ] DEBUG Engine               - devEnableDebugCameraProperty: BooleanProperty [value: false]
23:51:44.591 [FXGL Background Thread 3 ] DEBUG Engine               - devSensorColorProperty: ObjectProperty [value: 0xffff00ff]
23:51:44.591 [FXGL Background Thread 3 ] DEBUG Engine               - devShowBBoxProperty: BooleanProperty [value: false]
23:51:44.591 [FXGL Background Thread 3 ] DEBUG Engine               - devShowPositionProperty: BooleanProperty [value: false]
23:51:44.591 [FXGL Background Thread 3 ] DEBUG Engine               - enabledMenuItems: []
23:51:44.591 [FXGL Background Thread 3 ] DEBUG Engine               - engineServices: [class com.almasb.fxgl.app.services.FXGLAssetLoaderService, class com.almasb.fxgl.app.FXGLApplication$GameApplicationService, class com.almasb.fxgl.app.services.FXGLDialogService, class com.almasb.fxgl.app.services.IOTaskExecutorService, class com.almasb.fxgl.io.FileSystemService, class com.almasb.fxgl.localization.LocalizationService, class com.almasb.fxgl.app.services.SystemBundleService, class com.almasb.fxgl.profile.SaveLoadService, class com.almasb.fxgl.ui.FXGLUIFactoryServiceProvider, class com.almasb.fxgl.ui.FXGLDialogFactoryServiceProvider, class com.almasb.fxgl.audio.AudioPlayer, class com.almasb.fxgl.notification.impl.NotificationServiceProvider, class com.almasb.fxgl.achievement.AchievementService, class com.almasb.fxgl.cutscene.CutsceneService, class com.almasb.fxgl.minigames.MiniGameService, class com.almasb.fxgl.net.NetService, class com.almasb.fxgl.app.services.UpdaterService, class com.almasb.fxgl.dev.DevService]
23:51:44.591 [FXGL Background Thread 3 ] DEBUG Engine               - fontGame: Abel-Regular.ttf
23:51:44.591 [FXGL Background Thread 3 ] DEBUG Engine               - fontMono: TerminalLandMono-Regular.otf
23:51:44.591 [FXGL Background Thread 3 ] DEBUG Engine               - fontSizeScaleUI: 1.0
23:51:44.591 [FXGL Background Thread 3 ] DEBUG Engine               - fontText: Courier-Prime.ttf
23:51:44.591 [FXGL Background Thread 3 ] DEBUG Engine               - fontUI: VarelaRound-Regular.ttf
23:51:44.591 [FXGL Background Thread 3 ] DEBUG Engine               - fullScreen: BooleanProperty [value: false]
23:51:44.591 [FXGL Background Thread 3 ] DEBUG Engine               - gameDifficulty: MEDIUM
23:51:44.591 [FXGL Background Thread 3 ] DEBUG Engine               - gameDifficultyProperty: ObjectProperty [value: MEDIUM]
23:51:44.591 [FXGL Background Thread 3 ] DEBUG Engine               - globalMusicVolume: 0.5
23:51:44.591 [FXGL Background Thread 3 ] DEBUG Engine               - globalMusicVolumeProperty: DoubleProperty [value: 0.1]
23:51:44.591 [FXGL Background Thread 3 ] DEBUG Engine               - globalSoundVolume: 0.5
23:51:44.591 [FXGL Background Thread 3 ] DEBUG Engine               - globalSoundVolumeProperty: DoubleProperty [value: 0.5]
23:51:44.591 [FXGL Background Thread 3 ] DEBUG Engine               - height: 800
23:51:44.591 [FXGL Background Thread 3 ] DEBUG Engine               - is3D: false
23:51:44.591 [FXGL Background Thread 3 ] DEBUG Engine               - isAndroid: false
23:51:44.591 [FXGL Background Thread 3 ] DEBUG Engine               - isBrowser: false
23:51:44.591 [FXGL Background Thread 3 ] DEBUG Engine               - isClickFeedbackEnabled: false
23:51:44.591 [FXGL Background Thread 3 ] DEBUG Engine               - isCloseConfirmation: false
23:51:44.591 [FXGL Background Thread 3 ] DEBUG Engine               - isDesktop: true
23:51:44.591 [FXGL Background Thread 3 ] DEBUG Engine               - isDeveloperMenuEnabled: false
23:51:44.591 [FXGL Background Thread 3 ] DEBUG Engine               - isEmbedded: false
23:51:44.591 [FXGL Background Thread 3 ] DEBUG Engine               - isEntityPreloadEnabled: true
23:51:44.591 [FXGL Background Thread 3 ] DEBUG Engine               - isExperimentalTiledLargeMap: false
23:51:44.591 [FXGL Background Thread 3 ] DEBUG Engine               - isFileSystemWriteAllowed: true
23:51:44.591 [FXGL Background Thread 3 ] DEBUG Engine               - isFullScreenAllowed: false
23:51:44.591 [FXGL Background Thread 3 ] DEBUG Engine               - isFullScreenFromStart: false
23:51:44.591 [FXGL Background Thread 3 ] DEBUG Engine               - isGameMenuEnabled: true
23:51:44.591 [FXGL Background Thread 3 ] DEBUG Engine               - isIOS: false
23:51:44.591 [FXGL Background Thread 3 ] DEBUG Engine               - isIntroEnabled: false
23:51:44.591 [FXGL Background Thread 3 ] DEBUG Engine               - isLinux: false
23:51:44.591 [FXGL Background Thread 3 ] DEBUG Engine               - isMac: false
23:51:44.591 [FXGL Background Thread 3 ] DEBUG Engine               - isMainMenuEnabled: true
23:51:44.591 [FXGL Background Thread 3 ] DEBUG Engine               - isManualResizeEnabled: false
23:51:44.591 [FXGL Background Thread 3 ] DEBUG Engine               - isMobile: false
23:51:44.591 [FXGL Background Thread 3 ] DEBUG Engine               - isNative: false
23:51:44.591 [FXGL Background Thread 3 ] DEBUG Engine               - isPauseMusicWhenMinimized: true
23:51:44.591 [FXGL Background Thread 3 ] DEBUG Engine               - isPreserveResizeRatio: false
23:51:44.591 [FXGL Background Thread 3 ] DEBUG Engine               - isProfilingEnabled: false
23:51:44.591 [FXGL Background Thread 3 ] DEBUG Engine               - isScaleAffectedOnResize: true
23:51:44.592 [FXGL Background Thread 3 ] DEBUG Engine               - isSingleStep: false
23:51:44.592 [FXGL Background Thread 3 ] DEBUG Engine               - isUserProfileEnabled: false
23:51:44.592 [FXGL Background Thread 3 ] DEBUG Engine               - isWindows: true
23:51:44.592 [FXGL Background Thread 3 ] DEBUG Engine               - language: ObjectProperty [value: ENGLISH]
23:51:44.592 [FXGL Background Thread 3 ] DEBUG Engine               - menuKey: ESCAPE
23:51:44.592 [FXGL Background Thread 3 ] DEBUG Engine               - mouseSensitivity: 0.2
23:51:44.592 [FXGL Background Thread 3 ] DEBUG Engine               - notificationViewClass: class com.almasb.fxgl.notification.view.XboxNotificationView
23:51:44.592 [FXGL Background Thread 3 ] DEBUG Engine               - pixelsPerMeter: 50.0
23:51:44.592 [FXGL Background Thread 3 ] DEBUG Engine               - platform: WINDOWS
23:51:44.592 [FXGL Background Thread 3 ] DEBUG Engine               - prefHeightProperty: ReadOnlyDoubleProperty [value: 800.0]
23:51:44.592 [FXGL Background Thread 3 ] DEBUG Engine               - prefWidthProperty: ReadOnlyDoubleProperty [value: 1024.0]
23:51:44.592 [FXGL Background Thread 3 ] DEBUG Engine               - profileDir: profiles/
23:51:44.592 [FXGL Background Thread 3 ] DEBUG Engine               - profileName: StringProperty [value: DEFAULT]
23:51:44.592 [FXGL Background Thread 3 ] DEBUG Engine               - randomSeed: -1
23:51:44.592 [FXGL Background Thread 3 ] DEBUG Engine               - runtimeInfo: RuntimeInfo(platform=WINDOWS, version=21, build=28.12.2023 13.35)
23:51:44.592 [FXGL Background Thread 3 ] DEBUG Engine               - saveFileExt: sav
23:51:44.592 [FXGL Background Thread 3 ] DEBUG Engine               - scaledHeightProp$fxgl: DoubleProperty [bound, value: 800.0]
23:51:44.592 [FXGL Background Thread 3 ] DEBUG Engine               - scaledWidthProp$fxgl: DoubleProperty [bound, value: 1024.0]
23:51:44.592 [FXGL Background Thread 3 ] DEBUG Engine               - sceneFactory: org.example.pokemon.map.GameApp$1@1790f003
23:51:44.592 [FXGL Background Thread 3 ] DEBUG Engine               - secondsIn24h: 60
23:51:44.592 [FXGL Background Thread 3 ] DEBUG Engine               - soundMenuBack: menu/back.wav
23:51:44.592 [FXGL Background Thread 3 ] DEBUG Engine               - soundMenuPress: menu/press.wav
23:51:44.592 [FXGL Background Thread 3 ] DEBUG Engine               - soundMenuSelect: menu/select.wav
23:51:44.592 [FXGL Background Thread 3 ] DEBUG Engine               - soundNotification: core/notification.wav
23:51:44.592 [FXGL Background Thread 3 ] DEBUG Engine               - stageStyle: DECORATED
23:51:44.592 [FXGL Background Thread 3 ] DEBUG Engine               - supportedLanguages: [ENGLISH, FRENCH, GERMAN, HUNGARIAN, RUSSIAN]
23:51:44.592 [FXGL Background Thread 3 ] DEBUG Engine               - ticksPerSecond: -1
23:51:44.592 [FXGL Background Thread 3 ] DEBUG Engine               - title: Pokemon
23:51:44.592 [FXGL Background Thread 3 ] DEBUG Engine               - urlGithub: https://github.com/AlmasB/FXGL
23:51:44.592 [FXGL Background Thread 3 ] DEBUG Engine               - urlLeaderboard: http://fxgl-top.herokuapp.com/
23:51:44.592 [FXGL Background Thread 3 ] DEBUG Engine               - urlPOM: https://raw.githubusercontent.com/AlmasB/FXGL/release/README.md
23:51:44.592 [FXGL Background Thread 3 ] DEBUG Engine               - userAppClass: class org.example.pokemon.map.GameApp
23:51:44.592 [FXGL Background Thread 3 ] DEBUG Engine               - version: 0.1
23:51:44.592 [FXGL Background Thread 3 ] DEBUG Engine               - versionCheckDays: 7
23:51:44.592 [FXGL Background Thread 3 ] DEBUG Engine               - width: 1024
23:51:44.592 [FXGL Background Thread 3 ] DEBUG Engine               - Logging services
23:51:44.592 [FXGL Background Thread 3 ] DEBUG Engine               - class com.almasb.fxgl.app.services.FXGLAssetLoaderService
23:51:44.592 [FXGL Background Thread 3 ] DEBUG Engine               - class com.almasb.fxgl.app.FXGLApplication$GameApplicationService
23:51:44.592 [FXGL Background Thread 3 ] DEBUG Engine               - class com.almasb.fxgl.app.services.FXGLDialogService
23:51:44.592 [FXGL Background Thread 3 ] DEBUG Engine               - class com.almasb.fxgl.app.services.IOTaskExecutorService
23:51:44.592 [FXGL Background Thread 3 ] DEBUG Engine               - class com.almasb.fxgl.io.FileSystemService
23:51:44.592 [FXGL Background Thread 3 ] DEBUG Engine               - class com.almasb.fxgl.localization.LocalizationService
23:51:44.592 [FXGL Background Thread 3 ] DEBUG Engine               - class com.almasb.fxgl.app.services.SystemBundleService
23:51:44.592 [FXGL Background Thread 3 ] DEBUG Engine               - class com.almasb.fxgl.profile.SaveLoadService
23:51:44.592 [FXGL Background Thread 3 ] DEBUG Engine               - class com.almasb.fxgl.ui.FXGLUIFactoryServiceProvider
23:51:44.592 [FXGL Background Thread 3 ] DEBUG Engine               - class com.almasb.fxgl.ui.FXGLDialogFactoryServiceProvider
23:51:44.592 [FXGL Background Thread 3 ] DEBUG Engine               - class com.almasb.fxgl.audio.AudioPlayer
23:51:44.592 [FXGL Background Thread 3 ] DEBUG Engine               - class com.almasb.fxgl.notification.impl.NotificationServiceProvider
23:51:44.592 [FXGL Background Thread 3 ] DEBUG Engine               - class com.almasb.fxgl.achievement.AchievementService
23:51:44.592 [FXGL Background Thread 3 ] DEBUG Engine               - class com.almasb.fxgl.cutscene.CutsceneService
23:51:44.592 [FXGL Background Thread 3 ] DEBUG Engine               - class com.almasb.fxgl.minigames.MiniGameService
23:51:44.593 [FXGL Background Thread 3 ] DEBUG Engine               - class com.almasb.fxgl.net.NetService
23:51:44.593 [FXGL Background Thread 3 ] DEBUG Engine               - class com.almasb.fxgl.app.services.UpdaterService
23:51:44.593 [FXGL Background Thread 3 ] DEBUG Engine               - class com.almasb.fxgl.dev.DevService
23:51:48.255 [JavaFX Application Thread] DEBUG GameApplicationServi - Starting new game
23:51:48.255 [JavaFX Application Thread] DEBUG PrimaryStageWindow   - Pop state: TestMainMenu
23:51:48.255 [JavaFX Application Thread] DEBUG Input                - Clearing active input actions
23:51:48.255 [JavaFX Application Thread] DEBUG GameApplicationServi - Removing overlay from TestMainMenu and adding to FXGLMainMenuDummyScene
23:51:48.255 [JavaFX Application Thread] DEBUG PrimaryStageWindow   - FXGLMainMenuDummyScene <- TestMainMenu
23:51:48.255 [JavaFX Application Thread] DEBUG Input                - Clearing active input actions
23:51:48.259 [JavaFX Application Thread] DEBUG GameApplicationServi - Removing overlay from FXGLMainMenuDummyScene and adding to FXGLLoadingScene
23:51:48.260 [JavaFX Application Thread] DEBUG PrimaryStageWindow   - FXGLMainMenuDummyScene -> FXGLLoadingScene
23:51:48.260 [JavaFX Application Thread] DEBUG GameApplicationServi - Clearing previous game
23:51:48.260 [JavaFX Application Thread] DEBUG GameScene            - Clearing game scene
23:51:48.260 [JavaFX Application Thread] DEBUG GameWorld            - Clearing game world
23:51:48.260 [JavaFX Application Thread] DEBUG PhysicsWorld         - Clearing physics world
23:51:48.262 [FXGL Background Thread 2 ] DEBUG FXGLApplication      - Initializing game
23:51:48.272 [FXGL Background Thread 2 ] WARN  TMXLevelLoader       - TiledMap generated from 1.8.4. Supported version: 1.9.0. Some features may not be parsed fully.
23:51:48.287 [FXGL Background Thread 2 ] DEBUG TMXLevelLoader       - Parsed TiledMap: file:/C:/Users/19871/Desktop/Pokemon/target/classes/assets/levels/level1.tmx
23:51:48.289 [FXGL Background Thread 2 ] DEBUG TMXLevelLoader       - Creating tile layer entities
23:51:48.293 [FXGL Background Thread 2 ] DEBUG TilesetLoader        - Loading view for layer 图块层 1
23:51:48.294 [FXGL Background Thread 2 ] DEBUG TilesetLoader        - Created buffer with size 1024.0x800.0
23:51:48.305 [FXGL Background Thread 2 ] DEBUG TMXLevelLoader       - Creating object layer entities
23:51:48.360 [FXGL Background Thread 2 ] DEBUG FXGLAssetLoaderServi - Loading from file system: file:/C:/Users/19871/Desktop/Pokemon/target/classes/assets/textures/flower.png
23:51:48.386 [FXGL Background Thread 2 ] DEBUG GameWorld            - Clearing removable entities
23:51:48.387 [FXGL Background Thread 2 ] DEBUG GameWorld            - Setting level: com.almasb.fxgl.entity.level.Level@6b2cda82
23:51:48.397 [FXGL Background Thread 2 ] DEBUG FXGLAssetLoaderServi - Loading from file system: file:/C:/Users/19871/Desktop/Pokemon/target/classes/assets/textures/buLunDan2.png
23:51:48.400 [FXGL Background Thread 2 ] DEBUG FXGLAssetLoaderServi - Loading from file system: file:/C:/Users/19871/Desktop/Pokemon/target/classes/assets/textures/RacketTeam.png
23:51:48.401 [FXGL Background Thread 2 ] INFO  FXGLApplication      - Game initialization took: 0.140 sec
23:51:48.402 [JavaFX Application Thread] DEBUG Input                - Clearing active input actions
23:51:48.408 [JavaFX Application Thread] DEBUG GameApplicationServi - Removing overlay from FXGLLoadingScene and adding to GameScene
23:51:48.408 [JavaFX Application Thread] DEBUG PrimaryStageWindow   - FXGLLoadingScene -> GameScene
23:51:50.259 [JavaFX Application Thread] DEBUG FXGLAssetLoaderServi - Loading from file system: file:/C:/Users/19871/Desktop/Pokemon/target/classes/assets/textures/hint.png
23:51:51.834 [JavaFX Application Thread] WARN  TMXLevelLoader       - TiledMap generated from 1.8.4. Supported version: 1.9.0. Some features may not be parsed fully.
23:51:51.838 [JavaFX Application Thread] DEBUG TMXLevelLoader       - Parsed TiledMap: file:/C:/Users/19871/Desktop/Pokemon/target/classes/assets/levels/level4.tmx
23:51:51.838 [JavaFX Application Thread] DEBUG TMXLevelLoader       - Creating tile layer entities
23:51:51.838 [JavaFX Application Thread] DEBUG TilesetLoader        - Loading view for layer 图块层 1
23:51:51.838 [JavaFX Application Thread] DEBUG TilesetLoader        - Created buffer with size 1024.0x800.0
23:51:51.842 [JavaFX Application Thread] DEBUG TMXLevelLoader       - Creating object layer entities
23:51:51.858 [JavaFX Application Thread] DEBUG GameWorld            - Clearing removable entities
23:51:51.868 [JavaFX Application Thread] DEBUG GameWorld            - Setting level: com.almasb.fxgl.entity.level.Level@5b41b9f6
23:51:51.871 [JavaFX Application Thread] DEBUG FXGLAssetLoaderServi - Loading from file system: file:/C:/Users/19871/Desktop/Pokemon/target/classes/assets/textures/bigWood.png
23:51:52.904 [JavaFX Application Thread] DEBUG PrimaryStageWindow   - Push state: DialogSubScene
23:51:52.905 [JavaFX Application Thread] DEBUG Input                - Clearing active input actions
23:51:52.905 [JavaFX Application Thread] DEBUG GameApplicationServi - Removing overlay from GameScene and adding to DialogSubScene
23:51:52.905 [JavaFX Application Thread] DEBUG PrimaryStageWindow   - GameScene -> DialogSubScene
23:51:54.208 [JavaFX Application Thread] DEBUG PrimaryStageWindow   - Pop state: DialogSubScene
23:51:54.209 [JavaFX Application Thread] DEBUG Input                - Clearing active input actions
23:51:54.209 [JavaFX Application Thread] DEBUG GameApplicationServi - Removing overlay from DialogSubScene and adding to GameScene
23:51:54.209 [JavaFX Application Thread] DEBUG PrimaryStageWindow   - GameScene <- DialogSubScene
23:51:55.834 [JavaFX Application Thread] WARN  TMXLevelLoader       - TiledMap generated from 1.8.4. Supported version: 1.9.0. Some features may not be parsed fully.
23:51:55.838 [JavaFX Application Thread] DEBUG TMXLevelLoader       - Parsed TiledMap: file:/C:/Users/19871/Desktop/Pokemon/target/classes/assets/levels/level1.tmx
23:51:55.838 [JavaFX Application Thread] DEBUG TMXLevelLoader       - Creating tile layer entities
23:51:55.838 [JavaFX Application Thread] DEBUG TilesetLoader        - Loading view for layer 图块层 1
23:51:55.838 [JavaFX Application Thread] DEBUG TilesetLoader        - Created buffer with size 1024.0x800.0
23:51:55.842 [JavaFX Application Thread] DEBUG TMXLevelLoader       - Creating object layer entities
23:51:55.862 [JavaFX Application Thread] DEBUG GameWorld            - Clearing removable entities
23:51:55.864 [JavaFX Application Thread] DEBUG GameWorld            - Setting level: com.almasb.fxgl.entity.level.Level@359f5c1d
23:51:59.529 [JavaFX Application Thread] DEBUG FXGLAssetLoaderServi - Loading from file system: file:/C:/Users/19871/Desktop/Pokemon/target/classes/assets/textures/hint2.png
23:51:59.592 [JavaFX Application Thread] WARN  TMXLevelLoader       - TiledMap generated from 1.8.4. Supported version: 1.9.0. Some features may not be parsed fully.
23:51:59.594 [JavaFX Application Thread] DEBUG TMXLevelLoader       - Parsed TiledMap: file:/C:/Users/19871/Desktop/Pokemon/target/classes/assets/levels/level2.tmx
23:51:59.594 [JavaFX Application Thread] DEBUG TMXLevelLoader       - Creating tile layer entities
23:51:59.595 [JavaFX Application Thread] DEBUG TilesetLoader        - Loading view for layer 图块层 1
23:51:59.595 [JavaFX Application Thread] DEBUG TilesetLoader        - Created buffer with size 1024.0x800.0
23:51:59.598 [JavaFX Application Thread] DEBUG TMXLevelLoader       - Creating object layer entities
23:51:59.599 [JavaFX Application Thread] DEBUG FXGLAssetLoaderServi - Loading from file system: file:/C:/Users/19871/Desktop/Pokemon/target/classes/assets/textures/ocean.png
23:51:59.655 [JavaFX Application Thread] DEBUG FXGLAssetLoaderServi - Loading from file system: file:/C:/Users/19871/Desktop/Pokemon/target/classes/assets/textures/sandTree2.png
23:51:59.658 [JavaFX Application Thread] DEBUG GameWorld            - Clearing removable entities
23:51:59.661 [JavaFX Application Thread] DEBUG GameWorld            - Setting level: com.almasb.fxgl.entity.level.Level@4a566800
23:52:03.482 [JavaFX Application Thread] DEBUG PrimaryStageWindow   - Push state: DialogSubScene
23:52:03.482 [JavaFX Application Thread] DEBUG Input                - Clearing active input actions
23:52:03.483 [JavaFX Application Thread] DEBUG GameApplicationServi - Removing overlay from GameScene and adding to DialogSubScene
23:52:03.483 [JavaFX Application Thread] DEBUG PrimaryStageWindow   - GameScene -> DialogSubScene
23:52:04.876 [JavaFX Application Thread] DEBUG PrimaryStageWindow   - Pop state: DialogSubScene
23:52:04.876 [JavaFX Application Thread] DEBUG Input                - Clearing active input actions
23:52:04.876 [JavaFX Application Thread] DEBUG GameApplicationServi - Removing overlay from DialogSubScene and adding to GameScene
23:52:04.876 [JavaFX Application Thread] DEBUG PrimaryStageWindow   - GameScene <- DialogSubScene
23:52:34.663 [JavaFX Application Thread] DEBUG FXGLApplication      - Exiting FXGL
23:52:34.664 [JavaFX Application Thread] DEBUG LoopRunner           - Stopping loop
23:52:34.664 [JavaFX Application Thread] DEBUG SystemBundleService  - Saving FXGL system data
23:52:34.665 [JavaFX Application Thread] DEBUG FileSystemAccess     - Writing to: C:\Users\19871\Desktop\Pokemon\system\fxgl.bundle
23:52:34.667 [JavaFX Application Thread] DEBUG Async                - Shutting down background threads
23:52:34.667 [JavaFX Application Thread] DEBUG PrimaryStageWindow   - Closing main window
23:52:34.679 [JavaFX Application Thread] DEBUG Logger               - Closing Logger
