23:21:14.871 [main                     ] DEBUG Logger               - Configured Logger
23:21:14.894 [main                     ] DEBUG GameApplication      - Logging settings
Title: Pokemon
Version: 0.1
Width: 1024
Height: 800
Fullscreen: false
Intro: false
Profiling: false
Single step:false
App Mode: DEVELOPER
Menu Key: ESCAPE
Stage Style: DECORATED
Scene Factory: class org.example.pokemon.map.GameApp$1

23:21:15.128 [JavaFX Application Thread] DEBUG FXGLApplication      - Initializing FXGL
23:21:15.132 [JavaFX Application Thread] INFO  Engine               - FXGL-21 (28.12.2023 13.35) on WINDOWS (J:21.0.4 FX:21)
23:21:15.133 [JavaFX Application Thread] DEBUG Engine               - JRE Vendor Name: Oracle Corporation
23:21:15.133 [JavaFX Application Thread] DEBUG Engine               - Running on OS: Windows 11 version 10.0
23:21:15.133 [JavaFX Application Thread] DEBUG Engine               - Architecture: amd64
23:21:15.133 [JavaFX Application Thread] INFO  Engine               - Source code and latest versions at: https://github.com/AlmasB/FXGL
23:21:15.133 [JavaFX Application Thread] INFO  Engine               -       Ask questions and discuss at: https://github.com/AlmasB/FXGL/discussions
23:21:15.133 [JavaFX Application Thread] INFO  Engine               -              Join the FXGL chat at: https://gitter.im/AlmasB/FXGL
23:21:15.179 [JavaFX Application Thread] DEBUG PrimaryStageWindow   - Creating a JavaFX scene
23:21:15.205 [JavaFX Application Thread] DEBUG PrimaryStageWindow   - Target settings size: 1024.0 x 800.0
23:21:15.205 [JavaFX Application Thread] DEBUG PrimaryStageWindow   - Scaled scene size:    1024.0 x 800.0
23:21:15.205 [JavaFX Application Thread] DEBUG PrimaryStageWindow   - Scaled ratio: (1.0, 1.0)
23:21:15.205 [JavaFX Application Thread] DEBUG PrimaryStageWindow   - Set initial scene to FXGLStartupScene
23:21:15.208 [JavaFX Application Thread] DEBUG PrimaryStageWindow   - Opening main window
23:21:15.270 [JavaFX Application Thread] DEBUG PrimaryStageWindow   - Window border size: (14.6666259765625, 37.33331298828125)
23:21:15.271 [JavaFX Application Thread] DEBUG PrimaryStageWindow   - Scaled size: 1024.0 x 800.0
23:21:15.271 [JavaFX Application Thread] DEBUG PrimaryStageWindow   - Scaled ratio: (1.0, 1.0)
23:21:15.271 [JavaFX Application Thread] DEBUG PrimaryStageWindow   - Scene size: 1024.0 x 800.0
23:21:15.271 [JavaFX Application Thread] DEBUG PrimaryStageWindow   - Stage size: 1038.6666259765625 x 837.3333129882812
23:21:15.275 [FXGL Background Thread 1 ] DEBUG Engine               - Initializing environment variables
23:21:15.311 [FXGL Background Thread 1 ] DEBUG FXGLAssetLoaderServi - User app class for loading assets: class org.example.pokemon.map.GameApp
23:21:15.312 [FXGL Background Thread 1 ] DEBUG GameApplicationServi - Applying CSS: fxgl_dark.css
23:21:15.313 [FXGL Background Thread 1 ] DEBUG FXGLAssetLoaderServi - Loading from file system: jar:file:///C:/Java%20Lib/apache-maven-3.8.8/repo/com/github/almasb/fxgl/21/fxgl-21.jar!/fxglassets/ui/css/fxgl_dark.css
23:21:15.359 [FXGL Background Thread 1 ] DEBUG GameApplicationServi - Initializing application scenes
23:21:15.438 [FXGL Background Thread 1 ] DEBUG GameWorld            - Game world initialized
23:21:15.483 [FXGL Background Thread 1 ] DEBUG PhysicsWorld         - Physics world initialized: appHeight=800, physics.ppm=50.0
23:21:15.484 [FXGL Background Thread 1 ] DEBUG PhysicsWorld         - Using strategy: BRUTE_FORCE
23:21:15.487 [FXGL Background Thread 1 ] DEBUG GameScene            - Game scene initialized: 1024x800
23:21:15.631 [FXGL Background Thread 1 ] DEBUG FXGL.DefaultMenu     - createMenuBodyGameMenu()
23:21:15.637 [FXGL Background Thread 1 ] DEBUG FXGL.DefaultMenu     - createOptionsMenu()
23:21:15.651 [FXGL Background Thread 1 ] DEBUG FXGLAssetLoaderServi - Loading from file system: jar:file:///C:/Java%20Lib/apache-maven-3.8.8/repo/com/github/almasb/fxgl/21/fxgl-21.jar!/fxglassets/textures/particles/smoke.png
23:21:15.758 [FXGL Background Thread 1 ] DEBUG FXGLAssetLoaderServi - Loading from file system: jar:file:///C:/Java%20Lib/apache-maven-3.8.8/repo/com/github/almasb/fxgl/21/fxgl-21.jar!/fxglassets/textures/particles/trace_horizontal.png
23:21:15.776 [FXGL Background Thread 1 ] DEBUG GameApplicationServi - Application scenes initialized
23:21:15.784 [FXGL Background Thread 1 ] DEBUG SystemBundleService  - Loading FXGL system data
23:21:15.788 [FXGL Background Thread 1 ] DEBUG FileSystemAccess     - Reading from: D:\Repo\Pokemon\system\fxgl.bundle
23:21:15.793 [FXGL Background Thread 1 ] DEBUG SystemBundleService  - Bundle FXGL: {}
23:21:15.793 [FXGL Background Thread 1 ] DEBUG UpdaterService       - Checking for updates
23:21:15.797 [FXGL Background Thread 4 ] DEBUG FXGLApplication      - Loading fonts
23:21:15.798 [FXGL Background Thread 4 ] DEBUG FXGLAssetLoaderServi - Loading from file system: jar:file:///C:/Java%20Lib/apache-maven-3.8.8/repo/com/github/almasb/fxgl/21/fxgl-21.jar!/fxglassets/ui/fonts/VarelaRound-Regular.ttf
23:21:15.798 [FXGL Background Thread 1 ] DEBUG FXGLApplication      - Loading default localization
23:21:15.798 [FXGL Background Thread 1 ] DEBUG FXGLAssetLoaderServi - Loading from file system: jar:file:///C:/Java%20Lib/apache-maven-3.8.8/repo/com/github/almasb/fxgl/21/fxgl-21.jar!/fxglassets/languages/english.lang
23:21:15.835 [FXGL Background Thread 4 ] DEBUG FXGLAssetLoaderServi - Loading from file system: jar:file:///C:/Java%20Lib/apache-maven-3.8.8/repo/com/github/almasb/fxgl/21/fxgl-21.jar!/fxglassets/ui/fonts/Abel-Regular.ttf
23:21:15.837 [FXGL Background Thread 4 ] DEBUG FXGLAssetLoaderServi - Loading from file system: jar:file:///C:/Java%20Lib/apache-maven-3.8.8/repo/com/github/almasb/fxgl/21/fxgl-21.jar!/fxglassets/ui/fonts/TerminalLandMono-Regular.otf
23:21:15.840 [FXGL Background Thread 4 ] DEBUG FXGLAssetLoaderServi - Loading from file system: jar:file:///C:/Java%20Lib/apache-maven-3.8.8/repo/com/github/almasb/fxgl/21/fxgl-21.jar!/fxglassets/ui/fonts/Courier-Prime.ttf
23:21:15.850 [JavaFX Application Thread] DEBUG FXGLApplication      - Registering font factories with UI factory
23:21:15.883 [FXGL Background Thread 1 ] INFO  FXGLApplication      - FXGL initialization took: 0.608 sec
23:21:15.908 [JavaFX Application Thread] DEBUG Input                - Registered new binding: action0 - W
23:21:15.909 [JavaFX Application Thread] DEBUG Input                - Registered new binding: action1 - A
23:21:15.910 [JavaFX Application Thread] DEBUG Input                - Registered new binding: action2 - S
23:21:15.912 [JavaFX Application Thread] DEBUG Input                - Registered new binding: action3 - D
23:21:15.912 [JavaFX Application Thread] DEBUG Input                - Registered new binding: action4 - Up
23:21:15.913 [JavaFX Application Thread] DEBUG Input                - Registered new binding: action5 - Left
23:21:15.914 [JavaFX Application Thread] DEBUG Input                - Registered new binding: action6 - Down
23:21:15.915 [JavaFX Application Thread] DEBUG Input                - Registered new binding: action7 - Right
23:21:15.916 [JavaFX Application Thread] DEBUG Input                - Registered new binding: action8 - J
23:21:15.916 [JavaFX Application Thread] DEBUG FXGLAssetLoaderServi - Loading from file system: file:/D:/Repo/Pokemon/target/classes/assets/music/BGM.mp3
23:21:16.041 [JavaFX Application Thread] DEBUG AudioPlayer          - Playing music com.almasb.fxgl.audio.Music@4d1c096f
23:21:16.042 [JavaFX Application Thread] DEBUG FXGLAssetLoaderServi - Loading from file system: file:/D:/Repo/Pokemon/target/classes/assets/textures/icon.png
23:21:16.054 [JavaFX Application Thread] DEBUG FXGLAssetLoaderServi - Loading from file system: jar:file:///C:/Java%20Lib/apache-maven-3.8.8/repo/com/github/almasb/fxgl/21/fxgl-21.jar!/fxglassets/textures/fxgl_default_cursor.png
23:21:16.058 [JavaFX Application Thread] DEBUG Input                - Registered new binding: Screenshot - CTRL+8
23:21:16.058 [JavaFX Application Thread] DEBUG Input                - Registered new binding: System info dump - CTRL+9
23:21:16.059 [JavaFX Application Thread] DEBUG Input                - Registered new binding: Restart - CTRL+R
23:21:16.060 [JavaFX Application Thread] DEBUG Input                - Registered new binding: Toggle Debug Camera - CTRL+7
23:21:16.069 [JavaFX Application Thread] DEBUG LoopRunner           - Starting loop
23:21:16.069 [JavaFX Application Thread] DEBUG LoopRunner           - Initializing JavaFX AnimationTimerLoop
23:21:16.073 [JavaFX Application Thread] DEBUG Input                - Clearing active input actions
23:21:16.080 [JavaFX Application Thread] DEBUG GameApplicationServi - Removing overlay from FXGLStartupScene and adding to FXGLMainMenuDummyScene
23:21:16.080 [JavaFX Application Thread] DEBUG PrimaryStageWindow   - FXGLStartupScene -> FXGLMainMenuDummyScene
23:21:16.080 [JavaFX Application Thread] DEBUG PrimaryStageWindow   - Push state: TestMainMenu
23:21:16.082 [JavaFX Application Thread] DEBUG Input                - Clearing active input actions
23:21:16.092 [JavaFX Application Thread] DEBUG GameApplicationServi - Removing overlay from FXGLMainMenuDummyScene and adding to TestMainMenu
23:21:16.092 [JavaFX Application Thread] DEBUG PrimaryStageWindow   - FXGLMainMenuDummyScene -> TestMainMenu
23:21:18.798 [FXGL Background Thread 3 ] DEBUG Engine               - Logging environment variables
23:21:18.799 [FXGL Background Thread 3 ] DEBUG Engine               - achievements: []
23:21:18.799 [FXGL Background Thread 3 ] DEBUG Engine               - actualHeight: 800.0
23:21:18.799 [FXGL Background Thread 3 ] DEBUG Engine               - actualHeightProperty: ReadOnlyDoubleProperty [value: 800.0]
23:21:18.799 [FXGL Background Thread 3 ] DEBUG Engine               - actualWidth: 1024.0
23:21:18.799 [FXGL Background Thread 3 ] DEBUG Engine               - actualWidthProperty: ReadOnlyDoubleProperty [value: 1024.0]
23:21:18.799 [FXGL Background Thread 3 ] DEBUG Engine               - appIcon: icon.png
23:21:18.799 [FXGL Background Thread 3 ] DEBUG Engine               - applicationMode: DEVELOPER
23:21:18.799 [FXGL Background Thread 3 ] DEBUG Engine               - cSSList: [fxgl_dark.css]
23:21:18.799 [FXGL Background Thread 3 ] DEBUG Engine               - collisionDetectionStrategy: BRUTE_FORCE
23:21:18.799 [FXGL Background Thread 3 ] DEBUG Engine               - configClass: Optional.empty
23:21:18.799 [FXGL Background Thread 3 ] DEBUG Engine               - credits: []
23:21:18.799 [FXGL Background Thread 3 ] DEBUG Engine               - defaultCursor: CursorInfo(imageName=fxgl_default_cursor.png, hotspotX=7.0, hotspotY=6.0)
23:21:18.799 [FXGL Background Thread 3 ] DEBUG Engine               - devBBoxColorProperty: ObjectProperty [value: 0xff0000ff]
23:21:18.799 [FXGL Background Thread 3 ] DEBUG Engine               - devEnableDebugCameraProperty: BooleanProperty [value: false]
23:21:18.799 [FXGL Background Thread 3 ] DEBUG Engine               - devSensorColorProperty: ObjectProperty [value: 0xffff00ff]
23:21:18.799 [FXGL Background Thread 3 ] DEBUG Engine               - devShowBBoxProperty: BooleanProperty [value: false]
23:21:18.799 [FXGL Background Thread 3 ] DEBUG Engine               - devShowPositionProperty: BooleanProperty [value: false]
23:21:18.799 [FXGL Background Thread 3 ] DEBUG Engine               - enabledMenuItems: []
23:21:18.799 [FXGL Background Thread 3 ] DEBUG Engine               - engineServices: [class com.almasb.fxgl.app.services.FXGLAssetLoaderService, class com.almasb.fxgl.app.FXGLApplication$GameApplicationService, class com.almasb.fxgl.app.services.FXGLDialogService, class com.almasb.fxgl.app.services.IOTaskExecutorService, class com.almasb.fxgl.io.FileSystemService, class com.almasb.fxgl.localization.LocalizationService, class com.almasb.fxgl.app.services.SystemBundleService, class com.almasb.fxgl.profile.SaveLoadService, class com.almasb.fxgl.ui.FXGLUIFactoryServiceProvider, class com.almasb.fxgl.ui.FXGLDialogFactoryServiceProvider, class com.almasb.fxgl.audio.AudioPlayer, class com.almasb.fxgl.notification.impl.NotificationServiceProvider, class com.almasb.fxgl.achievement.AchievementService, class com.almasb.fxgl.cutscene.CutsceneService, class com.almasb.fxgl.minigames.MiniGameService, class com.almasb.fxgl.net.NetService, class com.almasb.fxgl.app.services.UpdaterService, class com.almasb.fxgl.dev.DevService]
23:21:18.799 [FXGL Background Thread 3 ] DEBUG Engine               - fontGame: Abel-Regular.ttf
23:21:18.799 [FXGL Background Thread 3 ] DEBUG Engine               - fontMono: TerminalLandMono-Regular.otf
23:21:18.799 [FXGL Background Thread 3 ] DEBUG Engine               - fontSizeScaleUI: 1.0
23:21:18.799 [FXGL Background Thread 3 ] DEBUG Engine               - fontText: Courier-Prime.ttf
23:21:18.799 [FXGL Background Thread 3 ] DEBUG Engine               - fontUI: VarelaRound-Regular.ttf
23:21:18.799 [FXGL Background Thread 3 ] DEBUG Engine               - fullScreen: BooleanProperty [value: false]
23:21:18.799 [FXGL Background Thread 3 ] DEBUG Engine               - gameDifficulty: MEDIUM
23:21:18.799 [FXGL Background Thread 3 ] DEBUG Engine               - gameDifficultyProperty: ObjectProperty [value: MEDIUM]
23:21:18.799 [FXGL Background Thread 3 ] DEBUG Engine               - globalMusicVolume: 0.5
23:21:18.799 [FXGL Background Thread 3 ] DEBUG Engine               - globalMusicVolumeProperty: DoubleProperty [value: 0.1]
23:21:18.799 [FXGL Background Thread 3 ] DEBUG Engine               - globalSoundVolume: 0.5
23:21:18.799 [FXGL Background Thread 3 ] DEBUG Engine               - globalSoundVolumeProperty: DoubleProperty [value: 0.5]
23:21:18.799 [FXGL Background Thread 3 ] DEBUG Engine               - height: 800
23:21:18.800 [FXGL Background Thread 3 ] DEBUG Engine               - is3D: false
23:21:18.800 [FXGL Background Thread 3 ] DEBUG Engine               - isAndroid: false
23:21:18.800 [FXGL Background Thread 3 ] DEBUG Engine               - isBrowser: false
23:21:18.800 [FXGL Background Thread 3 ] DEBUG Engine               - isClickFeedbackEnabled: false
23:21:18.800 [FXGL Background Thread 3 ] DEBUG Engine               - isCloseConfirmation: false
23:21:18.800 [FXGL Background Thread 3 ] DEBUG Engine               - isDesktop: true
23:21:18.800 [FXGL Background Thread 3 ] DEBUG Engine               - isDeveloperMenuEnabled: false
23:21:18.800 [FXGL Background Thread 3 ] DEBUG Engine               - isEmbedded: false
23:21:18.800 [FXGL Background Thread 3 ] DEBUG Engine               - isEntityPreloadEnabled: true
23:21:18.800 [FXGL Background Thread 3 ] DEBUG Engine               - isExperimentalTiledLargeMap: false
23:21:18.800 [FXGL Background Thread 3 ] DEBUG Engine               - isFileSystemWriteAllowed: true
23:21:18.800 [FXGL Background Thread 3 ] DEBUG Engine               - isFullScreenAllowed: false
23:21:18.800 [FXGL Background Thread 3 ] DEBUG Engine               - isFullScreenFromStart: false
23:21:18.800 [FXGL Background Thread 3 ] DEBUG Engine               - isGameMenuEnabled: true
23:21:18.800 [FXGL Background Thread 3 ] DEBUG Engine               - isIOS: false
23:21:18.800 [FXGL Background Thread 3 ] DEBUG Engine               - isIntroEnabled: false
23:21:18.800 [FXGL Background Thread 3 ] DEBUG Engine               - isLinux: false
23:21:18.800 [FXGL Background Thread 3 ] DEBUG Engine               - isMac: false
23:21:18.800 [FXGL Background Thread 3 ] DEBUG Engine               - isMainMenuEnabled: true
23:21:18.800 [FXGL Background Thread 3 ] DEBUG Engine               - isManualResizeEnabled: false
23:21:18.800 [FXGL Background Thread 3 ] DEBUG Engine               - isMobile: false
23:21:18.800 [FXGL Background Thread 3 ] DEBUG Engine               - isNative: false
23:21:18.800 [FXGL Background Thread 3 ] DEBUG Engine               - isPauseMusicWhenMinimized: true
23:21:18.800 [FXGL Background Thread 3 ] DEBUG Engine               - isPreserveResizeRatio: false
23:21:18.800 [FXGL Background Thread 3 ] DEBUG Engine               - isProfilingEnabled: false
23:21:18.800 [FXGL Background Thread 3 ] DEBUG Engine               - isScaleAffectedOnResize: true
23:21:18.800 [FXGL Background Thread 3 ] DEBUG Engine               - isSingleStep: false
23:21:18.800 [FXGL Background Thread 3 ] DEBUG Engine               - isUserProfileEnabled: false
23:21:18.800 [FXGL Background Thread 3 ] DEBUG Engine               - isWindows: true
23:21:18.800 [FXGL Background Thread 3 ] DEBUG Engine               - language: ObjectProperty [value: ENGLISH]
23:21:18.800 [FXGL Background Thread 3 ] DEBUG Engine               - menuKey: ESCAPE
23:21:18.800 [FXGL Background Thread 3 ] DEBUG Engine               - mouseSensitivity: 0.2
23:21:18.800 [FXGL Background Thread 3 ] DEBUG Engine               - notificationViewClass: class com.almasb.fxgl.notification.view.XboxNotificationView
23:21:18.800 [FXGL Background Thread 3 ] DEBUG Engine               - pixelsPerMeter: 50.0
23:21:18.800 [FXGL Background Thread 3 ] DEBUG Engine               - platform: WINDOWS
23:21:18.800 [FXGL Background Thread 3 ] DEBUG Engine               - prefHeightProperty: ReadOnlyDoubleProperty [value: 800.0]
23:21:18.800 [FXGL Background Thread 3 ] DEBUG Engine               - prefWidthProperty: ReadOnlyDoubleProperty [value: 1024.0]
23:21:18.800 [FXGL Background Thread 3 ] DEBUG Engine               - profileDir: profiles/
23:21:18.800 [FXGL Background Thread 3 ] DEBUG Engine               - profileName: StringProperty [value: DEFAULT]
23:21:18.800 [FXGL Background Thread 3 ] DEBUG Engine               - randomSeed: -1
23:21:18.801 [FXGL Background Thread 3 ] DEBUG Engine               - runtimeInfo: RuntimeInfo(platform=WINDOWS, version=21, build=28.12.2023 13.35)
23:21:18.801 [FXGL Background Thread 3 ] DEBUG Engine               - saveFileExt: sav
23:21:18.801 [FXGL Background Thread 3 ] DEBUG Engine               - scaledHeightProp$fxgl: DoubleProperty [bound, value: 800.0]
23:21:18.801 [FXGL Background Thread 3 ] DEBUG Engine               - scaledWidthProp$fxgl: DoubleProperty [bound, value: 1024.0]
23:21:18.801 [FXGL Background Thread 3 ] DEBUG Engine               - sceneFactory: org.example.pokemon.map.GameApp$1@7f23017
23:21:18.801 [FXGL Background Thread 3 ] DEBUG Engine               - secondsIn24h: 60
23:21:18.801 [FXGL Background Thread 3 ] DEBUG Engine               - soundMenuBack: menu/back.wav
23:21:18.801 [FXGL Background Thread 3 ] DEBUG Engine               - soundMenuPress: menu/press.wav
23:21:18.801 [FXGL Background Thread 3 ] DEBUG Engine               - soundMenuSelect: menu/select.wav
23:21:18.801 [FXGL Background Thread 3 ] DEBUG Engine               - soundNotification: core/notification.wav
23:21:18.801 [FXGL Background Thread 3 ] DEBUG Engine               - stageStyle: DECORATED
23:21:18.801 [FXGL Background Thread 3 ] DEBUG Engine               - supportedLanguages: [ENGLISH, FRENCH, GERMAN, HUNGARIAN, RUSSIAN]
23:21:18.801 [FXGL Background Thread 3 ] DEBUG Engine               - ticksPerSecond: -1
23:21:18.801 [FXGL Background Thread 3 ] DEBUG Engine               - title: Pokemon
23:21:18.801 [FXGL Background Thread 3 ] DEBUG Engine               - urlGithub: https://github.com/AlmasB/FXGL
23:21:18.801 [FXGL Background Thread 3 ] DEBUG Engine               - urlLeaderboard: http://fxgl-top.herokuapp.com/
23:21:18.801 [FXGL Background Thread 3 ] DEBUG Engine               - urlPOM: https://raw.githubusercontent.com/AlmasB/FXGL/release/README.md
23:21:18.801 [FXGL Background Thread 3 ] DEBUG Engine               - userAppClass: class org.example.pokemon.map.GameApp
23:21:18.801 [FXGL Background Thread 3 ] DEBUG Engine               - version: 0.1
23:21:18.801 [FXGL Background Thread 3 ] DEBUG Engine               - versionCheckDays: 7
23:21:18.801 [FXGL Background Thread 3 ] DEBUG Engine               - width: 1024
23:21:18.801 [FXGL Background Thread 3 ] DEBUG Engine               - Logging services
23:21:18.801 [FXGL Background Thread 3 ] DEBUG Engine               - class com.almasb.fxgl.app.services.FXGLAssetLoaderService
23:21:18.801 [FXGL Background Thread 3 ] DEBUG Engine               - class com.almasb.fxgl.app.FXGLApplication$GameApplicationService
23:21:18.801 [FXGL Background Thread 3 ] DEBUG Engine               - class com.almasb.fxgl.app.services.FXGLDialogService
23:21:18.801 [FXGL Background Thread 3 ] DEBUG Engine               - class com.almasb.fxgl.app.services.IOTaskExecutorService
23:21:18.801 [FXGL Background Thread 3 ] DEBUG Engine               - class com.almasb.fxgl.io.FileSystemService
23:21:18.801 [FXGL Background Thread 3 ] DEBUG Engine               - class com.almasb.fxgl.localization.LocalizationService
23:21:18.801 [FXGL Background Thread 3 ] DEBUG Engine               - class com.almasb.fxgl.app.services.SystemBundleService
23:21:18.801 [FXGL Background Thread 3 ] DEBUG Engine               - class com.almasb.fxgl.profile.SaveLoadService
23:21:18.801 [FXGL Background Thread 3 ] DEBUG Engine               - class com.almasb.fxgl.ui.FXGLUIFactoryServiceProvider
23:21:18.801 [FXGL Background Thread 3 ] DEBUG Engine               - class com.almasb.fxgl.ui.FXGLDialogFactoryServiceProvider
23:21:18.801 [FXGL Background Thread 3 ] DEBUG Engine               - class com.almasb.fxgl.audio.AudioPlayer
23:21:18.801 [FXGL Background Thread 3 ] DEBUG Engine               - class com.almasb.fxgl.notification.impl.NotificationServiceProvider
23:21:18.801 [FXGL Background Thread 3 ] DEBUG Engine               - class com.almasb.fxgl.achievement.AchievementService
23:21:18.801 [FXGL Background Thread 3 ] DEBUG Engine               - class com.almasb.fxgl.cutscene.CutsceneService
23:21:18.801 [FXGL Background Thread 3 ] DEBUG Engine               - class com.almasb.fxgl.minigames.MiniGameService
23:21:18.801 [FXGL Background Thread 3 ] DEBUG Engine               - class com.almasb.fxgl.net.NetService
23:21:18.802 [FXGL Background Thread 3 ] DEBUG Engine               - class com.almasb.fxgl.app.services.UpdaterService
23:21:18.802 [FXGL Background Thread 3 ] DEBUG Engine               - class com.almasb.fxgl.dev.DevService
23:21:37.250 [FXGL Background Thread 2 ] WARN  UpdaterService       - Failed to find updates: java.net.ConnectException: Connection timed out: connect
23:23:20.796 [JavaFX Application Thread] DEBUG GameApplicationServi - Starting new game
23:23:20.797 [JavaFX Application Thread] DEBUG PrimaryStageWindow   - Pop state: TestMainMenu
23:23:20.797 [JavaFX Application Thread] DEBUG Input                - Clearing active input actions
23:23:20.797 [JavaFX Application Thread] DEBUG GameApplicationServi - Removing overlay from TestMainMenu and adding to FXGLMainMenuDummyScene
23:23:20.798 [JavaFX Application Thread] DEBUG PrimaryStageWindow   - FXGLMainMenuDummyScene <- TestMainMenu
23:23:20.798 [JavaFX Application Thread] DEBUG Input                - Clearing active input actions
23:23:20.801 [JavaFX Application Thread] DEBUG GameApplicationServi - Removing overlay from FXGLMainMenuDummyScene and adding to FXGLLoadingScene
23:23:20.801 [JavaFX Application Thread] DEBUG PrimaryStageWindow   - FXGLMainMenuDummyScene -> FXGLLoadingScene
23:23:20.801 [JavaFX Application Thread] DEBUG GameApplicationServi - Clearing previous game
23:23:20.801 [JavaFX Application Thread] DEBUG GameScene            - Clearing game scene
23:23:20.801 [JavaFX Application Thread] DEBUG GameWorld            - Clearing game world
23:23:20.801 [JavaFX Application Thread] DEBUG PhysicsWorld         - Clearing physics world
23:23:20.803 [FXGL Background Thread 5 ] DEBUG FXGLApplication      - Initializing game
23:23:20.821 [FXGL Background Thread 5 ] WARN  TMXLevelLoader       - TiledMap generated from 1.8.4. Supported version: 1.9.0. Some features may not be parsed fully.
23:23:20.838 [FXGL Background Thread 5 ] DEBUG TMXLevelLoader       - Parsed TiledMap: file:/D:/Repo/Pokemon/target/classes/assets/levels/level1.tmx
23:23:20.839 [FXGL Background Thread 5 ] DEBUG TMXLevelLoader       - Creating tile layer entities
23:23:20.844 [FXGL Background Thread 5 ] DEBUG TilesetLoader        - Loading view for layer 图块层 1
23:23:20.844 [FXGL Background Thread 5 ] DEBUG TilesetLoader        - Created buffer with size 1024.0x800.0
23:23:20.857 [FXGL Background Thread 5 ] DEBUG TMXLevelLoader       - Creating object layer entities
23:23:20.926 [FXGL Background Thread 5 ] DEBUG FXGLAssetLoaderServi - Loading from file system: file:/D:/Repo/Pokemon/target/classes/assets/textures/flower.png
23:23:20.954 [FXGL Background Thread 5 ] DEBUG GameWorld            - Clearing removable entities
23:23:20.956 [FXGL Background Thread 5 ] DEBUG GameWorld            - Setting level: com.almasb.fxgl.entity.level.Level@6b111321
23:23:20.972 [FXGL Background Thread 5 ] DEBUG FXGLAssetLoaderServi - Loading from file system: file:/D:/Repo/Pokemon/target/classes/assets/textures/buLunDan2.png
23:23:20.980 [FXGL Background Thread 5 ] DEBUG FXGLAssetLoaderServi - Loading from file system: file:/D:/Repo/Pokemon/target/classes/assets/textures/RacketTeam.png
23:23:20.982 [FXGL Background Thread 5 ] INFO  FXGLApplication      - Game initialization took: 0.179 sec
23:23:20.982 [JavaFX Application Thread] DEBUG Input                - Clearing active input actions
23:23:20.986 [JavaFX Application Thread] DEBUG GameApplicationServi - Removing overlay from FXGLLoadingScene and adding to GameScene
23:23:20.988 [JavaFX Application Thread] DEBUG PrimaryStageWindow   - FXGLLoadingScene -> GameScene
23:23:23.913 [JavaFX Application Thread] DEBUG FXGLApplication      - Exiting FXGL
23:23:23.913 [JavaFX Application Thread] DEBUG LoopRunner           - Stopping loop
23:23:23.914 [JavaFX Application Thread] DEBUG SystemBundleService  - Saving FXGL system data
23:23:23.915 [JavaFX Application Thread] DEBUG FileSystemAccess     - Writing to: D:\Repo\Pokemon\system\fxgl.bundle
23:23:23.917 [JavaFX Application Thread] DEBUG Async                - Shutting down background threads
23:23:23.917 [JavaFX Application Thread] DEBUG PrimaryStageWindow   - Closing main window
23:23:23.925 [JavaFX Application Thread] DEBUG Logger               - Closing Logger
