13:10:49.269 [main                     ] DEBUG Logger               - Configured Logger
13:10:49.294 [main                     ] DEBUG GameApplication      - Logging settings
Title: Pokemon
Version: 0.1
Width: 1024
Height: 800
Fullscreen: false
Intro: false
Profiling: false
Single step:false
App Mode: DEVELOPER
Menu Key: ESCAPE
Stage Style: DECORATED
Scene Factory: class org.example.pokemon.map.GameApp$1

13:10:49.554 [JavaFX Application Thread] DEBUG FXGLApplication      - Initializing FXGL
13:10:49.557 [JavaFX Application Thread] INFO  Engine               - FXGL-21 (28.12.2023 13.35) on WINDOWS (J:21.0.4 FX:21)
13:10:49.558 [JavaFX Application Thread] DEBUG Engine               - JRE Vendor Name: Oracle Corporation
13:10:49.558 [JavaFX Application Thread] DEBUG Engine               - Running on OS: Windows 11 version 10.0
13:10:49.558 [JavaFX Application Thread] DEBUG Engine               - Architecture: amd64
13:10:49.558 [JavaFX Application Thread] INFO  Engine               - Source code and latest versions at: https://github.com/AlmasB/FXGL
13:10:49.558 [JavaFX Application Thread] INFO  Engine               -       Ask questions and discuss at: https://github.com/AlmasB/FXGL/discussions
13:10:49.558 [JavaFX Application Thread] INFO  Engine               -              Join the FXGL chat at: https://gitter.im/AlmasB/FXGL
13:10:49.612 [JavaFX Application Thread] DEBUG PrimaryStageWindow   - Creating a JavaFX scene
13:10:49.646 [JavaFX Application Thread] DEBUG PrimaryStageWindow   - Target settings size: 1024.0 x 800.0
13:10:49.647 [JavaFX Application Thread] DEBUG PrimaryStageWindow   - Scaled scene size:    1024.0 x 800.0
13:10:49.647 [JavaFX Application Thread] DEBUG PrimaryStageWindow   - Scaled ratio: (1.0, 1.0)
13:10:49.648 [JavaFX Application Thread] DEBUG PrimaryStageWindow   - Set initial scene to FXGLStartupScene
13:10:49.649 [JavaFX Application Thread] DEBUG PrimaryStageWindow   - Opening main window
13:10:49.724 [JavaFX Application Thread] DEBUG PrimaryStageWindow   - Window border size: (14.6666259765625, 37.33331298828125)
13:10:49.724 [JavaFX Application Thread] DEBUG PrimaryStageWindow   - Scaled size: 1024.0 x 800.0
13:10:49.724 [JavaFX Application Thread] DEBUG PrimaryStageWindow   - Scaled ratio: (1.0, 1.0)
13:10:49.724 [JavaFX Application Thread] DEBUG PrimaryStageWindow   - Scene size: 1024.0 x 800.0
13:10:49.724 [JavaFX Application Thread] DEBUG PrimaryStageWindow   - Stage size: 1038.6666259765625 x 837.3333129882812
13:10:49.727 [FXGL Background Thread 1 ] DEBUG Engine               - Initializing environment variables
13:10:49.776 [FXGL Background Thread 1 ] DEBUG FXGLAssetLoaderServi - User app class for loading assets: class org.example.pokemon.map.GameApp
13:10:49.776 [FXGL Background Thread 1 ] DEBUG GameApplicationServi - Applying CSS: fxgl_dark.css
13:10:49.776 [FXGL Background Thread 1 ] DEBUG FXGLAssetLoaderServi - Loading from file system: jar:file:///C:/Java%20Lib/apache-maven-3.8.8/repo/com/github/almasb/fxgl/21/fxgl-21.jar!/fxglassets/ui/css/fxgl_dark.css
13:10:49.821 [FXGL Background Thread 1 ] DEBUG GameApplicationServi - Initializing application scenes
13:10:49.904 [FXGL Background Thread 1 ] DEBUG GameWorld            - Game world initialized
13:10:49.949 [FXGL Background Thread 1 ] DEBUG PhysicsWorld         - Physics world initialized: appHeight=800, physics.ppm=50.0
13:10:49.949 [FXGL Background Thread 1 ] DEBUG PhysicsWorld         - Using strategy: BRUTE_FORCE
13:10:49.953 [FXGL Background Thread 1 ] DEBUG GameScene            - Game scene initialized: 1024x800
13:10:50.102 [FXGL Background Thread 1 ] DEBUG FXGL.DefaultMenu     - createMenuBodyGameMenu()
13:10:50.109 [FXGL Background Thread 1 ] DEBUG FXGL.DefaultMenu     - createOptionsMenu()
13:10:50.116 [FXGL Background Thread 1 ] DEBUG FXGLAssetLoaderServi - Loading from file system: jar:file:///C:/Java%20Lib/apache-maven-3.8.8/repo/com/github/almasb/fxgl/21/fxgl-21.jar!/fxglassets/textures/particles/smoke.png
13:10:50.237 [FXGL Background Thread 1 ] DEBUG FXGLAssetLoaderServi - Loading from file system: jar:file:///C:/Java%20Lib/apache-maven-3.8.8/repo/com/github/almasb/fxgl/21/fxgl-21.jar!/fxglassets/textures/particles/trace_horizontal.png
13:10:50.254 [FXGL Background Thread 1 ] DEBUG GameApplicationServi - Application scenes initialized
13:10:50.261 [FXGL Background Thread 1 ] DEBUG SystemBundleService  - Loading FXGL system data
13:10:50.265 [FXGL Background Thread 1 ] DEBUG FileSystemAccess     - Reading from: D:\Repo\Pokemon\system\fxgl.bundle
13:10:50.272 [FXGL Background Thread 1 ] DEBUG SystemBundleService  - Bundle FXGL: {}
13:10:50.272 [FXGL Background Thread 1 ] DEBUG UpdaterService       - Checking for updates
13:10:50.274 [FXGL Background Thread 4 ] DEBUG FXGLApplication      - Loading fonts
13:10:50.275 [FXGL Background Thread 4 ] DEBUG FXGLAssetLoaderServi - Loading from file system: jar:file:///C:/Java%20Lib/apache-maven-3.8.8/repo/com/github/almasb/fxgl/21/fxgl-21.jar!/fxglassets/ui/fonts/VarelaRound-Regular.ttf
13:10:50.275 [FXGL Background Thread 1 ] DEBUG FXGLApplication      - Loading default localization
13:10:50.277 [FXGL Background Thread 1 ] DEBUG FXGLAssetLoaderServi - Loading from file system: jar:file:///C:/Java%20Lib/apache-maven-3.8.8/repo/com/github/almasb/fxgl/21/fxgl-21.jar!/fxglassets/languages/english.lang
13:10:50.305 [FXGL Background Thread 4 ] DEBUG FXGLAssetLoaderServi - Loading from file system: jar:file:///C:/Java%20Lib/apache-maven-3.8.8/repo/com/github/almasb/fxgl/21/fxgl-21.jar!/fxglassets/ui/fonts/Abel-Regular.ttf
13:10:50.309 [FXGL Background Thread 4 ] DEBUG FXGLAssetLoaderServi - Loading from file system: jar:file:///C:/Java%20Lib/apache-maven-3.8.8/repo/com/github/almasb/fxgl/21/fxgl-21.jar!/fxglassets/ui/fonts/TerminalLandMono-Regular.otf
13:10:50.311 [FXGL Background Thread 4 ] DEBUG FXGLAssetLoaderServi - Loading from file system: jar:file:///C:/Java%20Lib/apache-maven-3.8.8/repo/com/github/almasb/fxgl/21/fxgl-21.jar!/fxglassets/ui/fonts/Courier-Prime.ttf
13:10:50.319 [JavaFX Application Thread] DEBUG FXGLApplication      - Registering font factories with UI factory
13:10:50.345 [FXGL Background Thread 1 ] INFO  FXGLApplication      - FXGL initialization took: 0.617 sec
13:10:50.365 [JavaFX Application Thread] DEBUG Input                - Registered new binding: action0 - W
13:10:50.367 [JavaFX Application Thread] DEBUG Input                - Registered new binding: action1 - A
13:10:50.367 [JavaFX Application Thread] DEBUG Input                - Registered new binding: action2 - S
13:10:50.368 [JavaFX Application Thread] DEBUG Input                - Registered new binding: action3 - D
13:10:50.368 [JavaFX Application Thread] DEBUG Input                - Registered new binding: action4 - Up
13:10:50.369 [JavaFX Application Thread] DEBUG Input                - Registered new binding: action5 - Left
13:10:50.369 [JavaFX Application Thread] DEBUG Input                - Registered new binding: action6 - Down
13:10:50.369 [JavaFX Application Thread] DEBUG Input                - Registered new binding: action7 - Right
13:10:50.369 [JavaFX Application Thread] DEBUG Input                - Registered new binding: action8 - J
13:10:50.370 [JavaFX Application Thread] DEBUG FXGLAssetLoaderServi - Loading from file system: file:/D:/Repo/Pokemon/target/classes/assets/music/BGM.mp3
13:10:50.487 [JavaFX Application Thread] DEBUG AudioPlayer          - Playing music com.almasb.fxgl.audio.Music@10beea7
13:10:50.488 [JavaFX Application Thread] DEBUG FXGLAssetLoaderServi - Loading from file system: file:/D:/Repo/Pokemon/target/classes/assets/textures/icon.png
13:10:50.500 [JavaFX Application Thread] DEBUG FXGLAssetLoaderServi - Loading from file system: jar:file:///C:/Java%20Lib/apache-maven-3.8.8/repo/com/github/almasb/fxgl/21/fxgl-21.jar!/fxglassets/textures/fxgl_default_cursor.png
13:10:50.506 [JavaFX Application Thread] DEBUG Input                - Registered new binding: Screenshot - CTRL+8
13:10:50.506 [JavaFX Application Thread] DEBUG Input                - Registered new binding: System info dump - CTRL+9
13:10:50.511 [JavaFX Application Thread] DEBUG Input                - Registered new binding: Restart - CTRL+R
13:10:50.513 [JavaFX Application Thread] DEBUG Input                - Registered new binding: Toggle Debug Camera - CTRL+7
13:10:50.517 [JavaFX Application Thread] DEBUG LoopRunner           - Starting loop
13:10:50.517 [JavaFX Application Thread] DEBUG LoopRunner           - Initializing JavaFX AnimationTimerLoop
13:10:50.518 [JavaFX Application Thread] DEBUG Input                - Clearing active input actions
13:10:50.525 [JavaFX Application Thread] DEBUG GameApplicationServi - Removing overlay from FXGLStartupScene and adding to FXGLMainMenuDummyScene
13:10:50.525 [JavaFX Application Thread] DEBUG PrimaryStageWindow   - FXGLStartupScene -> FXGLMainMenuDummyScene
13:10:50.525 [JavaFX Application Thread] DEBUG PrimaryStageWindow   - Push state: TestMainMenu
13:10:50.528 [JavaFX Application Thread] DEBUG Input                - Clearing active input actions
13:10:50.537 [JavaFX Application Thread] DEBUG GameApplicationServi - Removing overlay from FXGLMainMenuDummyScene and adding to TestMainMenu
13:10:50.537 [JavaFX Application Thread] DEBUG PrimaryStageWindow   - FXGLMainMenuDummyScene -> TestMainMenu
13:10:52.972 [FXGL Background Thread 2 ] INFO  UpdaterService       - Your current version:  21
13:10:52.972 [FXGL Background Thread 2 ] INFO  UpdaterService       - Latest stable version: 21.1
13:10:53.275 [FXGL Background Thread 3 ] DEBUG Engine               - Logging environment variables
13:10:53.275 [FXGL Background Thread 3 ] DEBUG Engine               - achievements: []
13:10:53.275 [FXGL Background Thread 3 ] DEBUG Engine               - actualHeight: 800.0
13:10:53.276 [FXGL Background Thread 3 ] DEBUG Engine               - actualHeightProperty: ReadOnlyDoubleProperty [value: 800.0]
13:10:53.276 [FXGL Background Thread 3 ] DEBUG Engine               - actualWidth: 1024.0
13:10:53.276 [FXGL Background Thread 3 ] DEBUG Engine               - actualWidthProperty: ReadOnlyDoubleProperty [value: 1024.0]
13:10:53.276 [FXGL Background Thread 3 ] DEBUG Engine               - appIcon: icon.png
13:10:53.276 [FXGL Background Thread 3 ] DEBUG Engine               - applicationMode: DEVELOPER
13:10:53.276 [FXGL Background Thread 3 ] DEBUG Engine               - cSSList: [fxgl_dark.css]
13:10:53.276 [FXGL Background Thread 3 ] DEBUG Engine               - collisionDetectionStrategy: BRUTE_FORCE
13:10:53.276 [FXGL Background Thread 3 ] DEBUG Engine               - configClass: Optional.empty
13:10:53.276 [FXGL Background Thread 3 ] DEBUG Engine               - credits: []
13:10:53.276 [FXGL Background Thread 3 ] DEBUG Engine               - defaultCursor: CursorInfo(imageName=fxgl_default_cursor.png, hotspotX=7.0, hotspotY=6.0)
13:10:53.276 [FXGL Background Thread 3 ] DEBUG Engine               - devBBoxColorProperty: ObjectProperty [value: 0xff0000ff]
13:10:53.276 [FXGL Background Thread 3 ] DEBUG Engine               - devEnableDebugCameraProperty: BooleanProperty [value: false]
13:10:53.276 [FXGL Background Thread 3 ] DEBUG Engine               - devSensorColorProperty: ObjectProperty [value: 0xffff00ff]
13:10:53.276 [FXGL Background Thread 3 ] DEBUG Engine               - devShowBBoxProperty: BooleanProperty [value: false]
13:10:53.276 [FXGL Background Thread 3 ] DEBUG Engine               - devShowPositionProperty: BooleanProperty [value: false]
13:10:53.276 [FXGL Background Thread 3 ] DEBUG Engine               - enabledMenuItems: []
13:10:53.276 [FXGL Background Thread 3 ] DEBUG Engine               - engineServices: [class com.almasb.fxgl.app.services.FXGLAssetLoaderService, class com.almasb.fxgl.app.FXGLApplication$GameApplicationService, class com.almasb.fxgl.app.services.FXGLDialogService, class com.almasb.fxgl.app.services.IOTaskExecutorService, class com.almasb.fxgl.io.FileSystemService, class com.almasb.fxgl.localization.LocalizationService, class com.almasb.fxgl.app.services.SystemBundleService, class com.almasb.fxgl.profile.SaveLoadService, class com.almasb.fxgl.ui.FXGLUIFactoryServiceProvider, class com.almasb.fxgl.ui.FXGLDialogFactoryServiceProvider, class com.almasb.fxgl.audio.AudioPlayer, class com.almasb.fxgl.notification.impl.NotificationServiceProvider, class com.almasb.fxgl.achievement.AchievementService, class com.almasb.fxgl.cutscene.CutsceneService, class com.almasb.fxgl.minigames.MiniGameService, class com.almasb.fxgl.net.NetService, class com.almasb.fxgl.app.services.UpdaterService, class com.almasb.fxgl.dev.DevService]
13:10:53.276 [FXGL Background Thread 3 ] DEBUG Engine               - fontGame: Abel-Regular.ttf
13:10:53.276 [FXGL Background Thread 3 ] DEBUG Engine               - fontMono: TerminalLandMono-Regular.otf
13:10:53.276 [FXGL Background Thread 3 ] DEBUG Engine               - fontSizeScaleUI: 1.0
13:10:53.276 [FXGL Background Thread 3 ] DEBUG Engine               - fontText: Courier-Prime.ttf
13:10:53.276 [FXGL Background Thread 3 ] DEBUG Engine               - fontUI: VarelaRound-Regular.ttf
13:10:53.276 [FXGL Background Thread 3 ] DEBUG Engine               - fullScreen: BooleanProperty [value: false]
13:10:53.276 [FXGL Background Thread 3 ] DEBUG Engine               - gameDifficulty: MEDIUM
13:10:53.276 [FXGL Background Thread 3 ] DEBUG Engine               - gameDifficultyProperty: ObjectProperty [value: MEDIUM]
13:10:53.277 [FXGL Background Thread 3 ] DEBUG Engine               - globalMusicVolume: 0.5
13:10:53.277 [FXGL Background Thread 3 ] DEBUG Engine               - globalMusicVolumeProperty: DoubleProperty [value: 0.1]
13:10:53.277 [FXGL Background Thread 3 ] DEBUG Engine               - globalSoundVolume: 0.5
13:10:53.277 [FXGL Background Thread 3 ] DEBUG Engine               - globalSoundVolumeProperty: DoubleProperty [value: 0.5]
13:10:53.277 [FXGL Background Thread 3 ] DEBUG Engine               - height: 800
13:10:53.277 [FXGL Background Thread 3 ] DEBUG Engine               - is3D: false
13:10:53.277 [FXGL Background Thread 3 ] DEBUG Engine               - isAndroid: false
13:10:53.277 [FXGL Background Thread 3 ] DEBUG Engine               - isBrowser: false
13:10:53.277 [FXGL Background Thread 3 ] DEBUG Engine               - isClickFeedbackEnabled: false
13:10:53.277 [FXGL Background Thread 3 ] DEBUG Engine               - isCloseConfirmation: false
13:10:53.277 [FXGL Background Thread 3 ] DEBUG Engine               - isDesktop: true
13:10:53.277 [FXGL Background Thread 3 ] DEBUG Engine               - isDeveloperMenuEnabled: false
13:10:53.277 [FXGL Background Thread 3 ] DEBUG Engine               - isEmbedded: false
13:10:53.277 [FXGL Background Thread 3 ] DEBUG Engine               - isEntityPreloadEnabled: true
13:10:53.277 [FXGL Background Thread 3 ] DEBUG Engine               - isExperimentalTiledLargeMap: false
13:10:53.277 [FXGL Background Thread 3 ] DEBUG Engine               - isFileSystemWriteAllowed: true
13:10:53.277 [FXGL Background Thread 3 ] DEBUG Engine               - isFullScreenAllowed: false
13:10:53.277 [FXGL Background Thread 3 ] DEBUG Engine               - isFullScreenFromStart: false
13:10:53.277 [FXGL Background Thread 3 ] DEBUG Engine               - isGameMenuEnabled: true
13:10:53.277 [FXGL Background Thread 3 ] DEBUG Engine               - isIOS: false
13:10:53.277 [FXGL Background Thread 3 ] DEBUG Engine               - isIntroEnabled: false
13:10:53.277 [FXGL Background Thread 3 ] DEBUG Engine               - isLinux: false
13:10:53.277 [FXGL Background Thread 3 ] DEBUG Engine               - isMac: false
13:10:53.277 [FXGL Background Thread 3 ] DEBUG Engine               - isMainMenuEnabled: true
13:10:53.277 [FXGL Background Thread 3 ] DEBUG Engine               - isManualResizeEnabled: false
13:10:53.277 [FXGL Background Thread 3 ] DEBUG Engine               - isMobile: false
13:10:53.277 [FXGL Background Thread 3 ] DEBUG Engine               - isNative: false
13:10:53.277 [FXGL Background Thread 3 ] DEBUG Engine               - isPauseMusicWhenMinimized: true
13:10:53.277 [FXGL Background Thread 3 ] DEBUG Engine               - isPreserveResizeRatio: false
13:10:53.277 [FXGL Background Thread 3 ] DEBUG Engine               - isProfilingEnabled: false
13:10:53.277 [FXGL Background Thread 3 ] DEBUG Engine               - isScaleAffectedOnResize: true
13:10:53.277 [FXGL Background Thread 3 ] DEBUG Engine               - isSingleStep: false
13:10:53.277 [FXGL Background Thread 3 ] DEBUG Engine               - isUserProfileEnabled: false
13:10:53.277 [FXGL Background Thread 3 ] DEBUG Engine               - isWindows: true
13:10:53.277 [FXGL Background Thread 3 ] DEBUG Engine               - language: ObjectProperty [value: ENGLISH]
13:10:53.277 [FXGL Background Thread 3 ] DEBUG Engine               - menuKey: ESCAPE
13:10:53.277 [FXGL Background Thread 3 ] DEBUG Engine               - mouseSensitivity: 0.2
13:10:53.277 [FXGL Background Thread 3 ] DEBUG Engine               - notificationViewClass: class com.almasb.fxgl.notification.view.XboxNotificationView
13:10:53.277 [FXGL Background Thread 3 ] DEBUG Engine               - pixelsPerMeter: 50.0
13:10:53.277 [FXGL Background Thread 3 ] DEBUG Engine               - platform: WINDOWS
13:10:53.277 [FXGL Background Thread 3 ] DEBUG Engine               - prefHeightProperty: ReadOnlyDoubleProperty [value: 800.0]
13:10:53.277 [FXGL Background Thread 3 ] DEBUG Engine               - prefWidthProperty: ReadOnlyDoubleProperty [value: 1024.0]
13:10:53.277 [FXGL Background Thread 3 ] DEBUG Engine               - profileDir: profiles/
13:10:53.277 [FXGL Background Thread 3 ] DEBUG Engine               - profileName: StringProperty [value: DEFAULT]
13:10:53.278 [FXGL Background Thread 3 ] DEBUG Engine               - randomSeed: -1
13:10:53.278 [FXGL Background Thread 3 ] DEBUG Engine               - runtimeInfo: RuntimeInfo(platform=WINDOWS, version=21, build=28.12.2023 13.35)
13:10:53.278 [FXGL Background Thread 3 ] DEBUG Engine               - saveFileExt: sav
13:10:53.278 [FXGL Background Thread 3 ] DEBUG Engine               - scaledHeightProp$fxgl: DoubleProperty [bound, value: 800.0]
13:10:53.278 [FXGL Background Thread 3 ] DEBUG Engine               - scaledWidthProp$fxgl: DoubleProperty [bound, value: 1024.0]
13:10:53.278 [FXGL Background Thread 3 ] DEBUG Engine               - sceneFactory: org.example.pokemon.map.GameApp$1@3544dfde
13:10:53.278 [FXGL Background Thread 3 ] DEBUG Engine               - secondsIn24h: 60
13:10:53.278 [FXGL Background Thread 3 ] DEBUG Engine               - soundMenuBack: menu/back.wav
13:10:53.278 [FXGL Background Thread 3 ] DEBUG Engine               - soundMenuPress: menu/press.wav
13:10:53.278 [FXGL Background Thread 3 ] DEBUG Engine               - soundMenuSelect: menu/select.wav
13:10:53.278 [FXGL Background Thread 3 ] DEBUG Engine               - soundNotification: core/notification.wav
13:10:53.278 [FXGL Background Thread 3 ] DEBUG Engine               - stageStyle: DECORATED
13:10:53.278 [FXGL Background Thread 3 ] DEBUG Engine               - supportedLanguages: [ENGLISH, FRENCH, GERMAN, HUNGARIAN, RUSSIAN]
13:10:53.278 [FXGL Background Thread 3 ] DEBUG Engine               - ticksPerSecond: -1
13:10:53.278 [FXGL Background Thread 3 ] DEBUG Engine               - title: Pokemon
13:10:53.278 [FXGL Background Thread 3 ] DEBUG Engine               - urlGithub: https://github.com/AlmasB/FXGL
13:10:53.278 [FXGL Background Thread 3 ] DEBUG Engine               - urlLeaderboard: http://fxgl-top.herokuapp.com/
13:10:53.278 [FXGL Background Thread 3 ] DEBUG Engine               - urlPOM: https://raw.githubusercontent.com/AlmasB/FXGL/release/README.md
13:10:53.278 [FXGL Background Thread 3 ] DEBUG Engine               - userAppClass: class org.example.pokemon.map.GameApp
13:10:53.278 [FXGL Background Thread 3 ] DEBUG Engine               - version: 0.1
13:10:53.278 [FXGL Background Thread 3 ] DEBUG Engine               - versionCheckDays: 7
13:10:53.278 [FXGL Background Thread 3 ] DEBUG Engine               - width: 1024
13:10:53.278 [FXGL Background Thread 3 ] DEBUG Engine               - Logging services
13:10:53.278 [FXGL Background Thread 3 ] DEBUG Engine               - class com.almasb.fxgl.app.services.FXGLAssetLoaderService
13:10:53.278 [FXGL Background Thread 3 ] DEBUG Engine               - class com.almasb.fxgl.app.FXGLApplication$GameApplicationService
13:10:53.278 [FXGL Background Thread 3 ] DEBUG Engine               - class com.almasb.fxgl.app.services.FXGLDialogService
13:10:53.278 [FXGL Background Thread 3 ] DEBUG Engine               - class com.almasb.fxgl.app.services.IOTaskExecutorService
13:10:53.278 [FXGL Background Thread 3 ] DEBUG Engine               - class com.almasb.fxgl.io.FileSystemService
13:10:53.278 [FXGL Background Thread 3 ] DEBUG Engine               - class com.almasb.fxgl.localization.LocalizationService
13:10:53.278 [FXGL Background Thread 3 ] DEBUG Engine               - class com.almasb.fxgl.app.services.SystemBundleService
13:10:53.278 [FXGL Background Thread 3 ] DEBUG Engine               - class com.almasb.fxgl.profile.SaveLoadService
13:10:53.278 [FXGL Background Thread 3 ] DEBUG Engine               - class com.almasb.fxgl.ui.FXGLUIFactoryServiceProvider
13:10:53.278 [FXGL Background Thread 3 ] DEBUG Engine               - class com.almasb.fxgl.ui.FXGLDialogFactoryServiceProvider
13:10:53.278 [FXGL Background Thread 3 ] DEBUG Engine               - class com.almasb.fxgl.audio.AudioPlayer
13:10:53.278 [FXGL Background Thread 3 ] DEBUG Engine               - class com.almasb.fxgl.notification.impl.NotificationServiceProvider
13:10:53.278 [FXGL Background Thread 3 ] DEBUG Engine               - class com.almasb.fxgl.achievement.AchievementService
13:10:53.278 [FXGL Background Thread 3 ] DEBUG Engine               - class com.almasb.fxgl.cutscene.CutsceneService
13:10:53.278 [FXGL Background Thread 3 ] DEBUG Engine               - class com.almasb.fxgl.minigames.MiniGameService
13:10:53.278 [FXGL Background Thread 3 ] DEBUG Engine               - class com.almasb.fxgl.net.NetService
13:10:53.278 [FXGL Background Thread 3 ] DEBUG Engine               - class com.almasb.fxgl.app.services.UpdaterService
13:10:53.278 [FXGL Background Thread 3 ] DEBUG Engine               - class com.almasb.fxgl.dev.DevService
13:34:14.814 [JavaFX Application Thread] DEBUG FXGLApplication      - Exiting FXGL
13:34:14.814 [JavaFX Application Thread] DEBUG LoopRunner           - Stopping loop
13:34:14.814 [JavaFX Application Thread] DEBUG SystemBundleService  - Saving FXGL system data
13:34:14.816 [JavaFX Application Thread] DEBUG FileSystemAccess     - Writing to: D:\Repo\Pokemon\system\fxgl.bundle
13:34:14.818 [JavaFX Application Thread] DEBUG Async                - Shutting down background threads
13:34:14.818 [JavaFX Application Thread] DEBUG PrimaryStageWindow   - Closing main window
13:34:14.830 [JavaFX Application Thread] DEBUG Logger               - Closing Logger
