13:34:06.391 [main                     ] DEBUG Logger               - Configured Logger
13:34:06.407 [main                     ] DEBUG GameApplication      - Logging settings
Title: Pokemon
Version: 0.1
Width: 1152
Height: 800
Fullscreen: false
Intro: false
Profiling: false
Single step:false
App Mode: DEVELOPER
Menu Key: ESCAPE
Stage Style: DECORATED
Scene Factory: class com.almasb.fxgl.app.scene.SceneFactory

13:34:06.666 [JavaFX Application Thread] DEBUG FXGLApplication      - Initializing FXGL
13:34:06.668 [JavaFX Application Thread] INFO  Engine               - FXGL-21 (28.12.2023 13.35) on WINDOWS (J:21.0.4 FX:21)
13:34:06.669 [JavaFX Application Thread] DEBUG Engine               - JRE Vendor Name: Oracle Corporation
13:34:06.669 [JavaFX Application Thread] DEBUG Engine               - Running on OS: Windows 11 version 10.0
13:34:06.669 [JavaFX Application Thread] DEBUG Engine               - Architecture: amd64
13:34:06.669 [JavaFX Application Thread] INFO  Engine               - Source code and latest versions at: https://github.com/AlmasB/FXGL
13:34:06.669 [JavaFX Application Thread] INFO  Engine               -       Ask questions and discuss at: https://github.com/AlmasB/FXGL/discussions
13:34:06.669 [JavaFX Application Thread] INFO  Engine               -              Join the FXGL chat at: https://gitter.im/AlmasB/FXGL
13:34:06.726 [JavaFX Application Thread] DEBUG PrimaryStageWindow   - Creating a JavaFX scene
13:34:06.758 [JavaFX Application Thread] DEBUG PrimaryStageWindow   - Target settings size: 1152.0 x 800.0
13:34:06.758 [JavaFX Application Thread] DEBUG PrimaryStageWindow   - Scaled scene size:    1152.0 x 800.0
13:34:06.758 [JavaFX Application Thread] DEBUG PrimaryStageWindow   - Scaled ratio: (1.0, 1.0)
13:34:06.759 [JavaFX Application Thread] DEBUG PrimaryStageWindow   - Set initial scene to FXGLStartupScene
13:34:06.762 [JavaFX Application Thread] DEBUG PrimaryStageWindow   - Opening main window
13:34:06.812 [JavaFX Application Thread] DEBUG PrimaryStageWindow   - Window border size: (13.7142333984375, 36.5714111328125)
13:34:06.813 [JavaFX Application Thread] DEBUG PrimaryStageWindow   - Scaled size: 1152.0 x 800.0
13:34:06.813 [JavaFX Application Thread] DEBUG PrimaryStageWindow   - Scaled ratio: (1.0, 1.0)
13:34:06.813 [JavaFX Application Thread] DEBUG PrimaryStageWindow   - Scene size: 1152.0 x 800.0
13:34:06.813 [JavaFX Application Thread] DEBUG PrimaryStageWindow   - Stage size: 1165.7142333984375 x 836.5714111328125
13:34:06.819 [FXGL Background Thread 1 ] DEBUG Engine               - Initializing environment variables
13:34:06.859 [FXGL Background Thread 1 ] DEBUG FXGLAssetLoaderServi - User app class for loading assets: class org.example.pokemon.map.GameApp
13:34:06.860 [FXGL Background Thread 1 ] DEBUG GameApplicationServi - Applying CSS: fxgl_dark.css
13:34:06.860 [FXGL Background Thread 1 ] DEBUG FXGLAssetLoaderServi - Loading from file system: jar:file:///C:/Users/Kilig/.m2/repository/com/github/almasb/fxgl/21/fxgl-21.jar!/fxglassets/ui/css/fxgl_dark.css
13:34:06.902 [FXGL Background Thread 1 ] DEBUG GameApplicationServi - Initializing application scenes
13:34:06.953 [FXGL Background Thread 1 ] DEBUG GameWorld            - Game world initialized
13:34:06.986 [FXGL Background Thread 1 ] DEBUG PhysicsWorld         - Physics world initialized: appHeight=800, physics.ppm=50.0
13:34:06.986 [FXGL Background Thread 1 ] DEBUG PhysicsWorld         - Using strategy: BRUTE_FORCE
13:34:06.989 [FXGL Background Thread 1 ] DEBUG GameScene            - Game scene initialized: 1152x800
13:34:06.995 [FXGL Background Thread 1 ] DEBUG FXGL.DefaultMenu     - createMenuBodyGameMenu()
13:34:07.002 [FXGL Background Thread 1 ] DEBUG FXGL.DefaultMenu     - createOptionsMenu()
13:34:07.007 [FXGL Background Thread 1 ] DEBUG FXGLAssetLoaderServi - Loading from file system: jar:file:///C:/Users/Kilig/.m2/repository/com/github/almasb/fxgl/21/fxgl-21.jar!/fxglassets/textures/particles/smoke.png
13:34:07.075 [FXGL Background Thread 1 ] DEBUG FXGLAssetLoaderServi - Loading from file system: jar:file:///C:/Users/Kilig/.m2/repository/com/github/almasb/fxgl/21/fxgl-21.jar!/fxglassets/textures/particles/trace_horizontal.png
13:34:07.093 [FXGL Background Thread 1 ] DEBUG GameApplicationServi - Application scenes initialized
13:34:07.102 [FXGL Background Thread 1 ] DEBUG SystemBundleService  - Loading FXGL system data
13:34:07.104 [FXGL Background Thread 1 ] DEBUG FileSystemAccess     - Reading from: C:\Users\Kilig\Desktop\Pokemon\system\fxgl.bundle
13:34:07.110 [FXGL Background Thread 1 ] DEBUG SystemBundleService  - Bundle FXGL: {}
13:34:07.110 [FXGL Background Thread 1 ] DEBUG UpdaterService       - Checking for updates
13:34:07.113 [FXGL Background Thread 4 ] DEBUG FXGLApplication      - Loading fonts
13:34:07.114 [FXGL Background Thread 1 ] DEBUG FXGLApplication      - Loading default localization
13:34:07.114 [FXGL Background Thread 4 ] DEBUG FXGLAssetLoaderServi - Loading from file system: jar:file:///C:/Users/Kilig/.m2/repository/com/github/almasb/fxgl/21/fxgl-21.jar!/fxglassets/ui/fonts/VarelaRound-Regular.ttf
13:34:07.115 [FXGL Background Thread 1 ] DEBUG FXGLAssetLoaderServi - Loading from file system: jar:file:///C:/Users/Kilig/.m2/repository/com/github/almasb/fxgl/21/fxgl-21.jar!/fxglassets/languages/english.lang
13:34:07.141 [FXGL Background Thread 1 ] INFO  FXGLApplication      - FXGL initialization took: 0.322 sec
13:34:07.145 [FXGL Background Thread 4 ] DEBUG FXGLAssetLoaderServi - Loading from file system: jar:file:///C:/Users/Kilig/.m2/repository/com/github/almasb/fxgl/21/fxgl-21.jar!/fxglassets/ui/fonts/Abel-Regular.ttf
13:34:07.151 [JavaFX Application Thread] DEBUG Input                - Registered new binding: action0 - W
13:34:07.151 [JavaFX Application Thread] DEBUG Input                - Registered new binding: action1 - A
13:34:07.152 [JavaFX Application Thread] DEBUG Input                - Registered new binding: action2 - S
13:34:07.152 [JavaFX Application Thread] DEBUG Input                - Registered new binding: action3 - D
13:34:07.152 [JavaFX Application Thread] DEBUG Input                - Registered new binding: action4 - Up
13:34:07.152 [JavaFX Application Thread] DEBUG Input                - Registered new binding: action5 - Left
13:34:07.152 [JavaFX Application Thread] DEBUG Input                - Registered new binding: action6 - Down
13:34:07.153 [JavaFX Application Thread] DEBUG Input                - Registered new binding: action7 - Right
13:34:07.153 [FXGL Background Thread 4 ] DEBUG FXGLAssetLoaderServi - Loading from file system: jar:file:///C:/Users/Kilig/.m2/repository/com/github/almasb/fxgl/21/fxgl-21.jar!/fxglassets/ui/fonts/TerminalLandMono-Regular.otf
13:34:07.153 [JavaFX Application Thread] DEBUG FXGLAssetLoaderServi - Loading from file system: file:/C:/Users/Kilig/Desktop/Pokemon/target/classes/assets/music/BGM.mp3
13:34:07.160 [FXGL Background Thread 4 ] DEBUG FXGLAssetLoaderServi - Loading from file system: jar:file:///C:/Users/Kilig/.m2/repository/com/github/almasb/fxgl/21/fxgl-21.jar!/fxglassets/ui/fonts/Courier-Prime.ttf
13:34:07.252 [JavaFX Application Thread] DEBUG AudioPlayer          - Playing music com.almasb.fxgl.audio.Music@5f904aa
13:34:07.253 [JavaFX Application Thread] DEBUG FXGLAssetLoaderServi - Loading from file system: jar:file:///C:/Users/Kilig/.m2/repository/com/github/almasb/fxgl/21/fxgl-21.jar!/fxglassets/textures/fxgl_icon.png
13:34:07.271 [JavaFX Application Thread] DEBUG FXGLAssetLoaderServi - Loading from file system: jar:file:///C:/Users/Kilig/.m2/repository/com/github/almasb/fxgl/21/fxgl-21.jar!/fxglassets/textures/fxgl_default_cursor.png
13:34:07.273 [JavaFX Application Thread] DEBUG Input                - Registered new binding: Screenshot - CTRL+8
13:34:07.274 [JavaFX Application Thread] DEBUG Input                - Registered new binding: System info dump - CTRL+9
13:34:07.274 [JavaFX Application Thread] DEBUG Input                - Registered new binding: Restart - CTRL+R
13:34:07.274 [JavaFX Application Thread] DEBUG Input                - Registered new binding: Toggle Debug Camera - CTRL+7
13:34:07.277 [JavaFX Application Thread] DEBUG LoopRunner           - Starting loop
13:34:07.277 [JavaFX Application Thread] DEBUG LoopRunner           - Initializing JavaFX AnimationTimerLoop
13:34:07.281 [JavaFX Application Thread] DEBUG GameApplicationServi - Starting new game
13:34:07.281 [JavaFX Application Thread] DEBUG Input                - Clearing active input actions
13:34:07.294 [JavaFX Application Thread] DEBUG GameApplicationServi - Removing overlay from FXGLStartupScene and adding to FXGLLoadingScene
13:34:07.294 [JavaFX Application Thread] DEBUG PrimaryStageWindow   - FXGLStartupScene -> FXGLLoadingScene
13:34:07.294 [JavaFX Application Thread] DEBUG GameApplicationServi - Clearing previous game
13:34:07.294 [JavaFX Application Thread] DEBUG GameScene            - Clearing game scene
13:34:07.295 [JavaFX Application Thread] DEBUG GameWorld            - Clearing game world
13:34:07.295 [JavaFX Application Thread] DEBUG PhysicsWorld         - Clearing physics world
13:34:07.296 [JavaFX Application Thread] DEBUG FXGLApplication      - Registering font factories with UI factory
13:34:07.296 [FXGL Background Thread 4 ] DEBUG FXGLApplication      - Initializing game
13:34:07.324 [FXGL Background Thread 4 ] WARN  TMXLevelLoader       - TiledMap generated from 1.8.4. Supported version: 1.9.0. Some features may not be parsed fully.
13:34:07.344 [FXGL Background Thread 4 ] DEBUG TMXLevelLoader       - Parsed TiledMap: file:/C:/Users/Kilig/Desktop/Pokemon/target/classes/assets/levels/level1.tmx
13:34:07.347 [FXGL Background Thread 4 ] DEBUG TMXLevelLoader       - Creating tile layer entities
13:34:07.349 [FXGL Background Thread 4 ] DEBUG TilesetLoader        - Loading view for layer 图块层 1
13:34:07.350 [FXGL Background Thread 4 ] DEBUG TilesetLoader        - Created buffer with size 1024.0x800.0
13:34:07.363 [FXGL Background Thread 4 ] DEBUG TMXLevelLoader       - Creating object layer entities
13:34:07.429 [FXGL Background Thread 4 ] DEBUG GameWorld            - Clearing removable entities
13:34:07.429 [FXGL Background Thread 4 ] DEBUG GameWorld            - Setting level: com.almasb.fxgl.entity.level.Level@73f3fd6c
13:34:07.437 [FXGL Background Thread 4 ] DEBUG FXGLAssetLoaderServi - Loading from file system: file:/C:/Users/Kilig/Desktop/Pokemon/target/classes/assets/textures/buLunDan2.png
13:34:07.445 [FXGL Background Thread 4 ] DEBUG FXGLAssetLoaderServi - Loading from file system: file:/C:/Users/Kilig/Desktop/Pokemon/target/classes/assets/textures/RacketTeam.png
13:34:07.451 [FXGL Background Thread 4 ] INFO  FXGLApplication      - Game initialization took: 0.154 sec
13:34:07.451 [JavaFX Application Thread] DEBUG Input                - Clearing active input actions
13:34:07.460 [JavaFX Application Thread] DEBUG GameApplicationServi - Removing overlay from FXGLLoadingScene and adding to GameScene
13:34:07.461 [JavaFX Application Thread] DEBUG PrimaryStageWindow   - FXGLLoadingScene -> GameScene
13:34:10.113 [FXGL Background Thread 3 ] DEBUG Engine               - Logging environment variables
13:34:10.114 [FXGL Background Thread 3 ] DEBUG Engine               - achievements: []
13:34:10.114 [FXGL Background Thread 3 ] DEBUG Engine               - actualHeight: 800.0
13:34:10.114 [FXGL Background Thread 3 ] DEBUG Engine               - actualHeightProperty: ReadOnlyDoubleProperty [value: 800.0]
13:34:10.114 [FXGL Background Thread 3 ] DEBUG Engine               - actualWidth: 1152.0
13:34:10.114 [FXGL Background Thread 3 ] DEBUG Engine               - actualWidthProperty: ReadOnlyDoubleProperty [value: 1152.0]
13:34:10.114 [FXGL Background Thread 3 ] DEBUG Engine               - appIcon: fxgl_icon.png
13:34:10.115 [FXGL Background Thread 3 ] DEBUG Engine               - applicationMode: DEVELOPER
13:34:10.115 [FXGL Background Thread 3 ] DEBUG Engine               - cSSList: [fxgl_dark.css]
13:34:10.115 [FXGL Background Thread 3 ] DEBUG Engine               - collisionDetectionStrategy: BRUTE_FORCE
13:34:10.115 [FXGL Background Thread 3 ] DEBUG Engine               - configClass: Optional.empty
13:34:10.115 [FXGL Background Thread 3 ] DEBUG Engine               - credits: []
13:34:10.115 [FXGL Background Thread 3 ] DEBUG Engine               - defaultCursor: CursorInfo(imageName=fxgl_default_cursor.png, hotspotX=7.0, hotspotY=6.0)
13:34:10.116 [FXGL Background Thread 3 ] DEBUG Engine               - devBBoxColorProperty: ObjectProperty [value: 0xff0000ff]
13:34:10.116 [FXGL Background Thread 3 ] DEBUG Engine               - devEnableDebugCameraProperty: BooleanProperty [value: false]
13:34:10.116 [FXGL Background Thread 3 ] DEBUG Engine               - devSensorColorProperty: ObjectProperty [value: 0xffff00ff]
13:34:10.116 [FXGL Background Thread 3 ] DEBUG Engine               - devShowBBoxProperty: BooleanProperty [value: false]
13:34:10.116 [FXGL Background Thread 3 ] DEBUG Engine               - devShowPositionProperty: BooleanProperty [value: false]
13:34:10.116 [FXGL Background Thread 3 ] DEBUG Engine               - enabledMenuItems: []
13:34:10.116 [FXGL Background Thread 3 ] DEBUG Engine               - engineServices: [class com.almasb.fxgl.app.services.FXGLAssetLoaderService, class com.almasb.fxgl.app.FXGLApplication$GameApplicationService, class com.almasb.fxgl.app.services.FXGLDialogService, class com.almasb.fxgl.app.services.IOTaskExecutorService, class com.almasb.fxgl.io.FileSystemService, class com.almasb.fxgl.localization.LocalizationService, class com.almasb.fxgl.app.services.SystemBundleService, class com.almasb.fxgl.profile.SaveLoadService, class com.almasb.fxgl.ui.FXGLUIFactoryServiceProvider, class com.almasb.fxgl.ui.FXGLDialogFactoryServiceProvider, class com.almasb.fxgl.audio.AudioPlayer, class com.almasb.fxgl.notification.impl.NotificationServiceProvider, class com.almasb.fxgl.achievement.AchievementService, class com.almasb.fxgl.cutscene.CutsceneService, class com.almasb.fxgl.minigames.MiniGameService, class com.almasb.fxgl.net.NetService, class com.almasb.fxgl.app.services.UpdaterService, class com.almasb.fxgl.dev.DevService]
13:34:10.116 [FXGL Background Thread 3 ] DEBUG Engine               - fontGame: Abel-Regular.ttf
13:34:10.116 [FXGL Background Thread 3 ] DEBUG Engine               - fontMono: TerminalLandMono-Regular.otf
13:34:10.117 [FXGL Background Thread 3 ] DEBUG Engine               - fontSizeScaleUI: 1.0
13:34:10.117 [FXGL Background Thread 3 ] DEBUG Engine               - fontText: Courier-Prime.ttf
13:34:10.117 [FXGL Background Thread 3 ] DEBUG Engine               - fontUI: VarelaRound-Regular.ttf
13:34:10.117 [FXGL Background Thread 3 ] DEBUG Engine               - fullScreen: BooleanProperty [value: false]
13:34:10.117 [FXGL Background Thread 3 ] DEBUG Engine               - gameDifficulty: MEDIUM
13:34:10.117 [FXGL Background Thread 3 ] DEBUG Engine               - gameDifficultyProperty: ObjectProperty [value: MEDIUM]
13:34:10.117 [FXGL Background Thread 3 ] DEBUG Engine               - globalMusicVolume: 0.5
13:34:10.117 [FXGL Background Thread 3 ] DEBUG Engine               - globalMusicVolumeProperty: DoubleProperty [value: 0.4]
13:34:10.117 [FXGL Background Thread 3 ] DEBUG Engine               - globalSoundVolume: 0.5
13:34:10.117 [FXGL Background Thread 3 ] DEBUG Engine               - globalSoundVolumeProperty: DoubleProperty [value: 0.5]
13:34:10.117 [FXGL Background Thread 3 ] DEBUG Engine               - height: 800
13:34:10.117 [FXGL Background Thread 3 ] DEBUG Engine               - is3D: false
13:34:10.117 [FXGL Background Thread 3 ] DEBUG Engine               - isAndroid: false
13:34:10.117 [FXGL Background Thread 3 ] DEBUG Engine               - isBrowser: false
13:34:10.117 [FXGL Background Thread 3 ] DEBUG Engine               - isClickFeedbackEnabled: false
13:34:10.117 [FXGL Background Thread 3 ] DEBUG Engine               - isCloseConfirmation: false
13:34:10.117 [FXGL Background Thread 3 ] DEBUG Engine               - isDesktop: true
13:34:10.118 [FXGL Background Thread 3 ] DEBUG Engine               - isDeveloperMenuEnabled: false
13:34:10.118 [FXGL Background Thread 3 ] DEBUG Engine               - isEmbedded: false
13:34:10.118 [FXGL Background Thread 3 ] DEBUG Engine               - isEntityPreloadEnabled: true
13:34:10.118 [FXGL Background Thread 3 ] DEBUG Engine               - isExperimentalTiledLargeMap: false
13:34:10.118 [FXGL Background Thread 3 ] DEBUG Engine               - isFileSystemWriteAllowed: true
13:34:10.118 [FXGL Background Thread 3 ] DEBUG Engine               - isFullScreenAllowed: false
13:34:10.118 [FXGL Background Thread 3 ] DEBUG Engine               - isFullScreenFromStart: false
13:34:10.118 [FXGL Background Thread 3 ] DEBUG Engine               - isGameMenuEnabled: true
13:34:10.118 [FXGL Background Thread 3 ] DEBUG Engine               - isIOS: false
13:34:10.118 [FXGL Background Thread 3 ] DEBUG Engine               - isIntroEnabled: false
13:34:10.118 [FXGL Background Thread 3 ] DEBUG Engine               - isLinux: false
13:34:10.118 [FXGL Background Thread 3 ] DEBUG Engine               - isMac: false
13:34:10.118 [FXGL Background Thread 3 ] DEBUG Engine               - isMainMenuEnabled: false
13:34:10.118 [FXGL Background Thread 3 ] DEBUG Engine               - isManualResizeEnabled: false
13:34:10.118 [FXGL Background Thread 3 ] DEBUG Engine               - isMobile: false
13:34:10.118 [FXGL Background Thread 3 ] DEBUG Engine               - isNative: false
13:34:10.118 [FXGL Background Thread 3 ] DEBUG Engine               - isPauseMusicWhenMinimized: true
13:34:10.118 [FXGL Background Thread 3 ] DEBUG Engine               - isPreserveResizeRatio: false
13:34:10.118 [FXGL Background Thread 3 ] DEBUG Engine               - isProfilingEnabled: false
13:34:10.118 [FXGL Background Thread 3 ] DEBUG Engine               - isScaleAffectedOnResize: true
13:34:10.118 [FXGL Background Thread 3 ] DEBUG Engine               - isSingleStep: false
13:34:10.118 [FXGL Background Thread 3 ] DEBUG Engine               - isUserProfileEnabled: false
13:34:10.118 [FXGL Background Thread 3 ] DEBUG Engine               - isWindows: true
13:34:10.118 [FXGL Background Thread 3 ] DEBUG Engine               - language: ObjectProperty [value: ENGLISH]
13:34:10.118 [FXGL Background Thread 3 ] DEBUG Engine               - menuKey: ESCAPE
13:34:10.118 [FXGL Background Thread 3 ] DEBUG Engine               - mouseSensitivity: 0.2
13:34:10.118 [FXGL Background Thread 3 ] DEBUG Engine               - notificationViewClass: class com.almasb.fxgl.notification.view.XboxNotificationView
13:34:10.118 [FXGL Background Thread 3 ] DEBUG Engine               - pixelsPerMeter: 50.0
13:34:10.119 [FXGL Background Thread 3 ] DEBUG Engine               - platform: WINDOWS
13:34:10.119 [FXGL Background Thread 3 ] DEBUG Engine               - prefHeightProperty: ReadOnlyDoubleProperty [value: 800.0]
13:34:10.119 [FXGL Background Thread 3 ] DEBUG Engine               - prefWidthProperty: ReadOnlyDoubleProperty [value: 1152.0]
13:34:10.119 [FXGL Background Thread 3 ] DEBUG Engine               - profileDir: profiles/
13:34:10.119 [FXGL Background Thread 3 ] DEBUG Engine               - profileName: StringProperty [value: DEFAULT]
13:34:10.119 [FXGL Background Thread 3 ] DEBUG Engine               - randomSeed: -1
13:34:10.119 [FXGL Background Thread 3 ] DEBUG Engine               - runtimeInfo: RuntimeInfo(platform=WINDOWS, version=21, build=28.12.2023 13.35)
13:34:10.119 [FXGL Background Thread 3 ] DEBUG Engine               - saveFileExt: sav
13:34:10.119 [FXGL Background Thread 3 ] DEBUG Engine               - scaledHeightProp$fxgl: DoubleProperty [bound, value: 800.0]
13:34:10.119 [FXGL Background Thread 3 ] DEBUG Engine               - scaledWidthProp$fxgl: DoubleProperty [bound, value: 1152.0]
13:34:10.119 [FXGL Background Thread 3 ] DEBUG Engine               - sceneFactory: com.almasb.fxgl.app.scene.SceneFactory@11724c56
13:34:10.119 [FXGL Background Thread 3 ] DEBUG Engine               - secondsIn24h: 60
13:34:10.119 [FXGL Background Thread 3 ] DEBUG Engine               - soundMenuBack: menu/back.wav
13:34:10.119 [FXGL Background Thread 3 ] DEBUG Engine               - soundMenuPress: menu/press.wav
13:34:10.119 [FXGL Background Thread 3 ] DEBUG Engine               - soundMenuSelect: menu/select.wav
13:34:10.119 [FXGL Background Thread 3 ] DEBUG Engine               - soundNotification: core/notification.wav
13:34:10.119 [FXGL Background Thread 3 ] DEBUG Engine               - stageStyle: DECORATED
13:34:10.119 [FXGL Background Thread 3 ] DEBUG Engine               - supportedLanguages: [ENGLISH, FRENCH, GERMAN, HUNGARIAN, RUSSIAN]
13:34:10.119 [FXGL Background Thread 3 ] DEBUG Engine               - ticksPerSecond: -1
13:34:10.119 [FXGL Background Thread 3 ] DEBUG Engine               - title: Pokemon
13:34:10.119 [FXGL Background Thread 3 ] DEBUG Engine               - urlGithub: https://github.com/AlmasB/FXGL
13:34:10.119 [FXGL Background Thread 3 ] DEBUG Engine               - urlLeaderboard: http://fxgl-top.herokuapp.com/
13:34:10.119 [FXGL Background Thread 3 ] DEBUG Engine               - urlPOM: https://raw.githubusercontent.com/AlmasB/FXGL/release/README.md
13:34:10.119 [FXGL Background Thread 3 ] DEBUG Engine               - userAppClass: class org.example.pokemon.map.GameApp
13:34:10.119 [FXGL Background Thread 3 ] DEBUG Engine               - version: 0.1
13:34:10.119 [FXGL Background Thread 3 ] DEBUG Engine               - versionCheckDays: 7
13:34:10.119 [FXGL Background Thread 3 ] DEBUG Engine               - width: 1152
13:34:10.119 [FXGL Background Thread 3 ] DEBUG Engine               - Logging services
13:34:10.119 [FXGL Background Thread 3 ] DEBUG Engine               - class com.almasb.fxgl.app.services.FXGLAssetLoaderService
13:34:10.119 [FXGL Background Thread 3 ] DEBUG Engine               - class com.almasb.fxgl.app.FXGLApplication$GameApplicationService
13:34:10.119 [FXGL Background Thread 3 ] DEBUG Engine               - class com.almasb.fxgl.app.services.FXGLDialogService
13:34:10.119 [FXGL Background Thread 3 ] DEBUG Engine               - class com.almasb.fxgl.app.services.IOTaskExecutorService
13:34:10.119 [FXGL Background Thread 3 ] DEBUG Engine               - class com.almasb.fxgl.io.FileSystemService
13:34:10.119 [FXGL Background Thread 3 ] DEBUG Engine               - class com.almasb.fxgl.localization.LocalizationService
13:34:10.119 [FXGL Background Thread 3 ] DEBUG Engine               - class com.almasb.fxgl.app.services.SystemBundleService
13:34:10.119 [FXGL Background Thread 3 ] DEBUG Engine               - class com.almasb.fxgl.profile.SaveLoadService
13:34:10.119 [FXGL Background Thread 3 ] DEBUG Engine               - class com.almasb.fxgl.ui.FXGLUIFactoryServiceProvider
13:34:10.119 [FXGL Background Thread 3 ] DEBUG Engine               - class com.almasb.fxgl.ui.FXGLDialogFactoryServiceProvider
13:34:10.119 [FXGL Background Thread 3 ] DEBUG Engine               - class com.almasb.fxgl.audio.AudioPlayer
13:34:10.119 [FXGL Background Thread 3 ] DEBUG Engine               - class com.almasb.fxgl.notification.impl.NotificationServiceProvider
13:34:10.119 [FXGL Background Thread 3 ] DEBUG Engine               - class com.almasb.fxgl.achievement.AchievementService
13:34:10.120 [FXGL Background Thread 3 ] DEBUG Engine               - class com.almasb.fxgl.cutscene.CutsceneService
13:34:10.120 [FXGL Background Thread 3 ] DEBUG Engine               - class com.almasb.fxgl.minigames.MiniGameService
13:34:10.120 [FXGL Background Thread 3 ] DEBUG Engine               - class com.almasb.fxgl.net.NetService
13:34:10.120 [FXGL Background Thread 3 ] DEBUG Engine               - class com.almasb.fxgl.app.services.UpdaterService
13:34:10.120 [FXGL Background Thread 3 ] DEBUG Engine               - class com.almasb.fxgl.dev.DevService
13:34:28.286 [FXGL Background Thread 2 ] WARN  UpdaterService       - Failed to find updates: java.net.ConnectException: Connection timed out: connect
13:34:39.609 [JavaFX Application Thread] DEBUG FXGLApplication      - Exiting FXGL
13:34:39.609 [JavaFX Application Thread] DEBUG LoopRunner           - Stopping loop
13:34:39.609 [JavaFX Application Thread] DEBUG SystemBundleService  - Saving FXGL system data
13:34:39.611 [JavaFX Application Thread] DEBUG FileSystemAccess     - Writing to: C:\Users\Kilig\Desktop\Pokemon\system\fxgl.bundle
13:34:39.614 [JavaFX Application Thread] DEBUG Async                - Shutting down background threads
13:34:39.614 [JavaFX Application Thread] DEBUG PrimaryStageWindow   - Closing main window
13:34:39.628 [JavaFX Application Thread] DEBUG Logger               - Closing Logger
