13:24:08.172 [main                     ] DEBUG Logger               - Configured Logger
13:24:08.199 [main                     ] DEBUG GameApplication      - Logging settings
Title: Pokemon
Version: 0.1
Width: 1152
Height: 800
Fullscreen: false
Intro: false
Profiling: false
Single step:false
App Mode: DEVELOPER
Menu Key: ESCAPE
Stage Style: DECORATED
Scene Factory: class com.almasb.fxgl.app.scene.SceneFactory

13:24:08.485 [JavaFX Application Thread] DEBUG FXGLApplication      - Initializing FXGL
13:24:08.489 [JavaFX Application Thread] INFO  Engine               - FXGL-21 (28.12.2023 13.35) on WINDOWS (J:21.0.4 FX:21)
13:24:08.489 [JavaFX Application Thread] DEBUG Engine               - JRE Vendor Name: Oracle Corporation
13:24:08.489 [JavaFX Application Thread] DEBUG Engine               - Running on OS: Windows 11 version 10.0
13:24:08.489 [JavaFX Application Thread] DEBUG Engine               - Architecture: amd64
13:24:08.489 [JavaFX Application Thread] INFO  Engine               - Source code and latest versions at: https://github.com/AlmasB/FXGL
13:24:08.489 [JavaFX Application Thread] INFO  Engine               -       Ask questions and discuss at: https://github.com/AlmasB/FXGL/discussions
13:24:08.489 [JavaFX Application Thread] INFO  Engine               -              Join the FXGL chat at: https://gitter.im/AlmasB/FXGL
13:24:08.543 [JavaFX Application Thread] DEBUG PrimaryStageWindow   - Creating a JavaFX scene
13:24:08.573 [JavaFX Application Thread] DEBUG PrimaryStageWindow   - Target settings size: 1152.0 x 800.0
13:24:08.573 [JavaFX Application Thread] DEBUG PrimaryStageWindow   - Scaled scene size:    1152.0 x 800.0
13:24:08.573 [JavaFX Application Thread] DEBUG PrimaryStageWindow   - Scaled ratio: (1.0, 1.0)
13:24:08.574 [JavaFX Application Thread] DEBUG PrimaryStageWindow   - Set initial scene to FXGLStartupScene
13:24:08.576 [JavaFX Application Thread] DEBUG PrimaryStageWindow   - Opening main window
13:24:08.645 [JavaFX Application Thread] DEBUG PrimaryStageWindow   - Window border size: (14.6666259765625, 37.33331298828125)
13:24:08.646 [JavaFX Application Thread] DEBUG PrimaryStageWindow   - Scaled size: 1152.0 x 800.0
13:24:08.646 [JavaFX Application Thread] DEBUG PrimaryStageWindow   - Scaled ratio: (1.0, 1.0)
13:24:08.646 [JavaFX Application Thread] DEBUG PrimaryStageWindow   - Scene size: 1152.0 x 800.0
13:24:08.646 [JavaFX Application Thread] DEBUG PrimaryStageWindow   - Stage size: 1166.6666259765625 x 837.3333129882812
13:24:08.652 [FXGL Background Thread 1 ] DEBUG Engine               - Initializing environment variables
13:24:08.687 [FXGL Background Thread 1 ] DEBUG FXGLAssetLoaderServi - User app class for loading assets: class org.example.pokemon.map.GameApp
13:24:08.687 [FXGL Background Thread 1 ] DEBUG GameApplicationServi - Applying CSS: fxgl_dark.css
13:24:08.687 [FXGL Background Thread 1 ] DEBUG FXGLAssetLoaderServi - Loading from file system: jar:file:///C:/Java%20Lib/apache-maven-3.8.8/repo/com/github/almasb/fxgl/21/fxgl-21.jar!/fxglassets/ui/css/fxgl_dark.css
13:24:08.738 [FXGL Background Thread 1 ] DEBUG GameApplicationServi - Initializing application scenes
13:24:08.819 [FXGL Background Thread 1 ] DEBUG GameWorld            - Game world initialized
13:24:08.863 [FXGL Background Thread 1 ] DEBUG PhysicsWorld         - Physics world initialized: appHeight=800, physics.ppm=50.0
13:24:08.863 [FXGL Background Thread 1 ] DEBUG PhysicsWorld         - Using strategy: BRUTE_FORCE
13:24:08.868 [FXGL Background Thread 1 ] DEBUG GameScene            - Game scene initialized: 1152x800
13:24:08.878 [FXGL Background Thread 1 ] DEBUG FXGL.DefaultMenu     - createMenuBodyGameMenu()
13:24:08.885 [FXGL Background Thread 1 ] DEBUG FXGL.DefaultMenu     - createOptionsMenu()
13:24:08.893 [FXGL Background Thread 1 ] DEBUG FXGLAssetLoaderServi - Loading from file system: jar:file:///C:/Java%20Lib/apache-maven-3.8.8/repo/com/github/almasb/fxgl/21/fxgl-21.jar!/fxglassets/textures/particles/smoke.png
13:24:09.001 [FXGL Background Thread 1 ] DEBUG FXGLAssetLoaderServi - Loading from file system: jar:file:///C:/Java%20Lib/apache-maven-3.8.8/repo/com/github/almasb/fxgl/21/fxgl-21.jar!/fxglassets/textures/particles/trace_horizontal.png
13:24:09.027 [FXGL Background Thread 1 ] DEBUG GameApplicationServi - Application scenes initialized
13:24:09.036 [FXGL Background Thread 1 ] DEBUG SystemBundleService  - Loading FXGL system data
13:24:09.039 [FXGL Background Thread 1 ] DEBUG FileSystemAccess     - Reading from: D:\Repo\Pokemon\system\fxgl.bundle
13:24:09.049 [FXGL Background Thread 1 ] DEBUG SystemBundleService  - Bundle FXGL: {}
13:24:09.049 [FXGL Background Thread 1 ] DEBUG UpdaterService       - Checking for updates
13:24:09.051 [FXGL Background Thread 4 ] DEBUG FXGLApplication      - Loading fonts
13:24:09.051 [FXGL Background Thread 1 ] DEBUG FXGLApplication      - Loading default localization
13:24:09.051 [FXGL Background Thread 4 ] DEBUG FXGLAssetLoaderServi - Loading from file system: jar:file:///C:/Java%20Lib/apache-maven-3.8.8/repo/com/github/almasb/fxgl/21/fxgl-21.jar!/fxglassets/ui/fonts/VarelaRound-Regular.ttf
13:24:09.051 [FXGL Background Thread 1 ] DEBUG FXGLAssetLoaderServi - Loading from file system: jar:file:///C:/Java%20Lib/apache-maven-3.8.8/repo/com/github/almasb/fxgl/21/fxgl-21.jar!/fxglassets/languages/english.lang
13:24:09.083 [FXGL Background Thread 4 ] DEBUG FXGLAssetLoaderServi - Loading from file system: jar:file:///C:/Java%20Lib/apache-maven-3.8.8/repo/com/github/almasb/fxgl/21/fxgl-21.jar!/fxglassets/ui/fonts/Abel-Regular.ttf
13:24:09.085 [FXGL Background Thread 4 ] DEBUG FXGLAssetLoaderServi - Loading from file system: jar:file:///C:/Java%20Lib/apache-maven-3.8.8/repo/com/github/almasb/fxgl/21/fxgl-21.jar!/fxglassets/ui/fonts/TerminalLandMono-Regular.otf
13:24:09.086 [FXGL Background Thread 4 ] DEBUG FXGLAssetLoaderServi - Loading from file system: jar:file:///C:/Java%20Lib/apache-maven-3.8.8/repo/com/github/almasb/fxgl/21/fxgl-21.jar!/fxglassets/ui/fonts/Courier-Prime.ttf
13:24:09.093 [JavaFX Application Thread] DEBUG FXGLApplication      - Registering font factories with UI factory
13:24:09.107 [FXGL Background Thread 1 ] INFO  FXGLApplication      - FXGL initialization took: 0.454 sec
13:24:09.116 [JavaFX Application Thread] DEBUG Input                - Registered new binding: action0 - W
13:24:09.116 [JavaFX Application Thread] DEBUG Input                - Registered new binding: action1 - A
13:24:09.116 [JavaFX Application Thread] DEBUG Input                - Registered new binding: action2 - S
13:24:09.116 [JavaFX Application Thread] DEBUG Input                - Registered new binding: action3 - D
13:24:09.118 [JavaFX Application Thread] DEBUG Input                - Registered new binding: action4 - Up
13:24:09.118 [JavaFX Application Thread] DEBUG Input                - Registered new binding: action5 - Left
13:24:09.119 [JavaFX Application Thread] DEBUG Input                - Registered new binding: action6 - Down
13:24:09.119 [JavaFX Application Thread] DEBUG Input                - Registered new binding: action7 - Right
13:24:09.121 [JavaFX Application Thread] DEBUG FXGLAssetLoaderServi - Loading from file system: file:/D:/Repo/Pokemon/target/classes/assets/music/BGM.mp3
13:24:09.392 [JavaFX Application Thread] DEBUG AudioPlayer          - Playing music com.almasb.fxgl.audio.Music@3bf48f36
13:24:09.392 [JavaFX Application Thread] DEBUG FXGLAssetLoaderServi - Loading from file system: jar:file:///C:/Java%20Lib/apache-maven-3.8.8/repo/com/github/almasb/fxgl/21/fxgl-21.jar!/fxglassets/textures/fxgl_icon.png
13:24:09.413 [JavaFX Application Thread] DEBUG FXGLAssetLoaderServi - Loading from file system: jar:file:///C:/Java%20Lib/apache-maven-3.8.8/repo/com/github/almasb/fxgl/21/fxgl-21.jar!/fxglassets/textures/fxgl_default_cursor.png
13:24:09.415 [JavaFX Application Thread] DEBUG Input                - Registered new binding: Screenshot - CTRL+8
13:24:09.415 [JavaFX Application Thread] DEBUG Input                - Registered new binding: System info dump - CTRL+9
13:24:09.415 [JavaFX Application Thread] DEBUG Input                - Registered new binding: Restart - CTRL+R
13:24:09.416 [JavaFX Application Thread] DEBUG Input                - Registered new binding: Toggle Debug Camera - CTRL+7
13:24:09.419 [JavaFX Application Thread] DEBUG LoopRunner           - Starting loop
13:24:09.419 [JavaFX Application Thread] DEBUG LoopRunner           - Initializing JavaFX AnimationTimerLoop
13:24:09.420 [JavaFX Application Thread] DEBUG GameApplicationServi - Starting new game
13:24:09.420 [JavaFX Application Thread] DEBUG Input                - Clearing active input actions
13:24:09.446 [JavaFX Application Thread] DEBUG GameApplicationServi - Removing overlay from FXGLStartupScene and adding to FXGLLoadingScene
13:24:09.446 [JavaFX Application Thread] DEBUG PrimaryStageWindow   - FXGLStartupScene -> FXGLLoadingScene
13:24:09.446 [JavaFX Application Thread] DEBUG GameApplicationServi - Clearing previous game
13:24:09.446 [JavaFX Application Thread] DEBUG GameScene            - Clearing game scene
13:24:09.446 [JavaFX Application Thread] DEBUG GameWorld            - Clearing game world
13:24:09.446 [JavaFX Application Thread] DEBUG PhysicsWorld         - Clearing physics world
13:24:09.449 [FXGL Background Thread 1 ] DEBUG FXGLApplication      - Initializing game
13:24:09.534 [FXGL Background Thread 1 ] WARN  TMXLevelLoader       - TiledMap generated from 1.8.4. Supported version: 1.9.0. Some features may not be parsed fully.
13:24:09.553 [FXGL Background Thread 1 ] DEBUG TMXLevelLoader       - Parsed TiledMap: file:/D:/Repo/Pokemon/target/classes/assets/levels/level1.tmx
13:24:09.558 [FXGL Background Thread 1 ] DEBUG TMXLevelLoader       - Creating tile layer entities
13:24:09.562 [FXGL Background Thread 1 ] DEBUG TilesetLoader        - Loading view for layer 图块层 1
13:24:09.565 [FXGL Background Thread 1 ] DEBUG TilesetLoader        - Created buffer with size 1024.0x800.0
13:24:09.578 [FXGL Background Thread 1 ] DEBUG TMXLevelLoader       - Creating object layer entities
13:24:09.662 [FXGL Background Thread 1 ] DEBUG GameWorld            - Clearing removable entities
13:24:09.664 [FXGL Background Thread 1 ] DEBUG GameWorld            - Setting level: com.almasb.fxgl.entity.level.Level@982a716
13:24:09.695 [FXGL Background Thread 1 ] DEBUG FXGLAssetLoaderServi - Loading from file system: file:/D:/Repo/Pokemon/target/classes/assets/textures/BuLunDan.png
13:24:09.728 [FXGL Background Thread 1 ] DEBUG FXGLAssetLoaderServi - Loading from file system: file:/D:/Repo/Pokemon/target/classes/assets/textures/RacketTeam.png
13:24:09.731 [FXGL Background Thread 1 ] INFO  FXGLApplication      - Game initialization took: 0.281 sec
13:24:09.732 [JavaFX Application Thread] DEBUG Input                - Clearing active input actions
13:24:09.740 [JavaFX Application Thread] DEBUG GameApplicationServi - Removing overlay from FXGLLoadingScene and adding to GameScene
13:24:09.742 [JavaFX Application Thread] DEBUG PrimaryStageWindow   - FXGLLoadingScene -> GameScene
13:24:12.052 [FXGL Background Thread 3 ] DEBUG Engine               - Logging environment variables
13:24:12.052 [FXGL Background Thread 3 ] DEBUG Engine               - achievements: []
13:24:12.052 [FXGL Background Thread 3 ] DEBUG Engine               - actualHeight: 800.0
13:24:12.053 [FXGL Background Thread 3 ] DEBUG Engine               - actualHeightProperty: ReadOnlyDoubleProperty [value: 800.0]
13:24:12.053 [FXGL Background Thread 3 ] DEBUG Engine               - actualWidth: 1152.0
13:24:12.053 [FXGL Background Thread 3 ] DEBUG Engine               - actualWidthProperty: ReadOnlyDoubleProperty [value: 1152.0]
13:24:12.053 [FXGL Background Thread 3 ] DEBUG Engine               - appIcon: fxgl_icon.png
13:24:12.053 [FXGL Background Thread 3 ] DEBUG Engine               - applicationMode: DEVELOPER
13:24:12.053 [FXGL Background Thread 3 ] DEBUG Engine               - cSSList: [fxgl_dark.css]
13:24:12.053 [FXGL Background Thread 3 ] DEBUG Engine               - collisionDetectionStrategy: BRUTE_FORCE
13:24:12.053 [FXGL Background Thread 3 ] DEBUG Engine               - configClass: Optional.empty
13:24:12.053 [FXGL Background Thread 3 ] DEBUG Engine               - credits: []
13:24:12.053 [FXGL Background Thread 3 ] DEBUG Engine               - defaultCursor: CursorInfo(imageName=fxgl_default_cursor.png, hotspotX=7.0, hotspotY=6.0)
13:24:12.053 [FXGL Background Thread 3 ] DEBUG Engine               - devBBoxColorProperty: ObjectProperty [value: 0xff0000ff]
13:24:12.053 [FXGL Background Thread 3 ] DEBUG Engine               - devEnableDebugCameraProperty: BooleanProperty [value: false]
13:24:12.054 [FXGL Background Thread 3 ] DEBUG Engine               - devSensorColorProperty: ObjectProperty [value: 0xffff00ff]
13:24:12.054 [FXGL Background Thread 3 ] DEBUG Engine               - devShowBBoxProperty: BooleanProperty [value: false]
13:24:12.054 [FXGL Background Thread 3 ] DEBUG Engine               - devShowPositionProperty: BooleanProperty [value: false]
13:24:12.054 [FXGL Background Thread 3 ] DEBUG Engine               - enabledMenuItems: []
13:24:12.054 [FXGL Background Thread 3 ] DEBUG Engine               - engineServices: [class com.almasb.fxgl.app.services.FXGLAssetLoaderService, class com.almasb.fxgl.app.FXGLApplication$GameApplicationService, class com.almasb.fxgl.app.services.FXGLDialogService, class com.almasb.fxgl.app.services.IOTaskExecutorService, class com.almasb.fxgl.io.FileSystemService, class com.almasb.fxgl.localization.LocalizationService, class com.almasb.fxgl.app.services.SystemBundleService, class com.almasb.fxgl.profile.SaveLoadService, class com.almasb.fxgl.ui.FXGLUIFactoryServiceProvider, class com.almasb.fxgl.ui.FXGLDialogFactoryServiceProvider, class com.almasb.fxgl.audio.AudioPlayer, class com.almasb.fxgl.notification.impl.NotificationServiceProvider, class com.almasb.fxgl.achievement.AchievementService, class com.almasb.fxgl.cutscene.CutsceneService, class com.almasb.fxgl.minigames.MiniGameService, class com.almasb.fxgl.net.NetService, class com.almasb.fxgl.app.services.UpdaterService, class com.almasb.fxgl.dev.DevService]
13:24:12.054 [FXGL Background Thread 3 ] DEBUG Engine               - fontGame: Abel-Regular.ttf
13:24:12.054 [FXGL Background Thread 3 ] DEBUG Engine               - fontMono: TerminalLandMono-Regular.otf
13:24:12.054 [FXGL Background Thread 3 ] DEBUG Engine               - fontSizeScaleUI: 1.0
13:24:12.054 [FXGL Background Thread 3 ] DEBUG Engine               - fontText: Courier-Prime.ttf
13:24:12.054 [FXGL Background Thread 3 ] DEBUG Engine               - fontUI: VarelaRound-Regular.ttf
13:24:12.054 [FXGL Background Thread 3 ] DEBUG Engine               - fullScreen: BooleanProperty [value: false]
13:24:12.054 [FXGL Background Thread 3 ] DEBUG Engine               - gameDifficulty: MEDIUM
13:24:12.054 [FXGL Background Thread 3 ] DEBUG Engine               - gameDifficultyProperty: ObjectProperty [value: MEDIUM]
13:24:12.054 [FXGL Background Thread 3 ] DEBUG Engine               - globalMusicVolume: 0.5
13:24:12.054 [FXGL Background Thread 3 ] DEBUG Engine               - globalMusicVolumeProperty: DoubleProperty [value: 0.4]
13:24:12.054 [FXGL Background Thread 3 ] DEBUG Engine               - globalSoundVolume: 0.5
13:24:12.054 [FXGL Background Thread 3 ] DEBUG Engine               - globalSoundVolumeProperty: DoubleProperty [value: 0.5]
13:24:12.054 [FXGL Background Thread 3 ] DEBUG Engine               - height: 800
13:24:12.054 [FXGL Background Thread 3 ] DEBUG Engine               - is3D: false
13:24:12.055 [FXGL Background Thread 3 ] DEBUG Engine               - isAndroid: false
13:24:12.055 [FXGL Background Thread 3 ] DEBUG Engine               - isBrowser: false
13:24:12.055 [FXGL Background Thread 3 ] DEBUG Engine               - isClickFeedbackEnabled: false
13:24:12.055 [FXGL Background Thread 3 ] DEBUG Engine               - isCloseConfirmation: false
13:24:12.055 [FXGL Background Thread 3 ] DEBUG Engine               - isDesktop: true
13:24:12.055 [FXGL Background Thread 3 ] DEBUG Engine               - isDeveloperMenuEnabled: false
13:24:12.055 [FXGL Background Thread 3 ] DEBUG Engine               - isEmbedded: false
13:24:12.055 [FXGL Background Thread 3 ] DEBUG Engine               - isEntityPreloadEnabled: true
13:24:12.055 [FXGL Background Thread 3 ] DEBUG Engine               - isExperimentalTiledLargeMap: false
13:24:12.055 [FXGL Background Thread 3 ] DEBUG Engine               - isFileSystemWriteAllowed: true
13:24:12.055 [FXGL Background Thread 3 ] DEBUG Engine               - isFullScreenAllowed: false
13:24:12.055 [FXGL Background Thread 3 ] DEBUG Engine               - isFullScreenFromStart: false
13:24:12.055 [FXGL Background Thread 3 ] DEBUG Engine               - isGameMenuEnabled: true
13:24:12.055 [FXGL Background Thread 3 ] DEBUG Engine               - isIOS: false
13:24:12.055 [FXGL Background Thread 3 ] DEBUG Engine               - isIntroEnabled: false
13:24:12.055 [FXGL Background Thread 3 ] DEBUG Engine               - isLinux: false
13:24:12.055 [FXGL Background Thread 3 ] DEBUG Engine               - isMac: false
13:24:12.055 [FXGL Background Thread 3 ] DEBUG Engine               - isMainMenuEnabled: false
13:24:12.055 [FXGL Background Thread 3 ] DEBUG Engine               - isManualResizeEnabled: false
13:24:12.055 [FXGL Background Thread 3 ] DEBUG Engine               - isMobile: false
13:24:12.055 [FXGL Background Thread 3 ] DEBUG Engine               - isNative: false
13:24:12.055 [FXGL Background Thread 3 ] DEBUG Engine               - isPauseMusicWhenMinimized: true
13:24:12.055 [FXGL Background Thread 3 ] DEBUG Engine               - isPreserveResizeRatio: false
13:24:12.055 [FXGL Background Thread 3 ] DEBUG Engine               - isProfilingEnabled: false
13:24:12.055 [FXGL Background Thread 3 ] DEBUG Engine               - isScaleAffectedOnResize: true
13:24:12.055 [FXGL Background Thread 3 ] DEBUG Engine               - isSingleStep: false
13:24:12.055 [FXGL Background Thread 3 ] DEBUG Engine               - isUserProfileEnabled: false
13:24:12.055 [FXGL Background Thread 3 ] DEBUG Engine               - isWindows: true
13:24:12.055 [FXGL Background Thread 3 ] DEBUG Engine               - language: ObjectProperty [value: ENGLISH]
13:24:12.055 [FXGL Background Thread 3 ] DEBUG Engine               - menuKey: ESCAPE
13:24:12.055 [FXGL Background Thread 3 ] DEBUG Engine               - mouseSensitivity: 0.2
13:24:12.055 [FXGL Background Thread 3 ] DEBUG Engine               - notificationViewClass: class com.almasb.fxgl.notification.view.XboxNotificationView
13:24:12.055 [FXGL Background Thread 3 ] DEBUG Engine               - pixelsPerMeter: 50.0
13:24:12.055 [FXGL Background Thread 3 ] DEBUG Engine               - platform: WINDOWS
13:24:12.056 [FXGL Background Thread 3 ] DEBUG Engine               - prefHeightProperty: ReadOnlyDoubleProperty [value: 800.0]
13:24:12.056 [FXGL Background Thread 3 ] DEBUG Engine               - prefWidthProperty: ReadOnlyDoubleProperty [value: 1152.0]
13:24:12.056 [FXGL Background Thread 3 ] DEBUG Engine               - profileDir: profiles/
13:24:12.056 [FXGL Background Thread 3 ] DEBUG Engine               - profileName: StringProperty [value: DEFAULT]
13:24:12.056 [FXGL Background Thread 3 ] DEBUG Engine               - randomSeed: -1
13:24:12.057 [FXGL Background Thread 3 ] DEBUG Engine               - runtimeInfo: RuntimeInfo(platform=WINDOWS, version=21, build=28.12.2023 13.35)
13:24:12.057 [FXGL Background Thread 3 ] DEBUG Engine               - saveFileExt: sav
13:24:12.057 [FXGL Background Thread 3 ] DEBUG Engine               - scaledHeightProp$fxgl: DoubleProperty [bound, value: 800.0]
13:24:12.057 [FXGL Background Thread 3 ] DEBUG Engine               - scaledWidthProp$fxgl: DoubleProperty [bound, value: 1152.0]
13:24:12.057 [FXGL Background Thread 3 ] DEBUG Engine               - sceneFactory: com.almasb.fxgl.app.scene.SceneFactory@add2be0
13:24:12.057 [FXGL Background Thread 3 ] DEBUG Engine               - secondsIn24h: 60
13:24:12.057 [FXGL Background Thread 3 ] DEBUG Engine               - soundMenuBack: menu/back.wav
13:24:12.057 [FXGL Background Thread 3 ] DEBUG Engine               - soundMenuPress: menu/press.wav
13:24:12.057 [FXGL Background Thread 3 ] DEBUG Engine               - soundMenuSelect: menu/select.wav
13:24:12.057 [FXGL Background Thread 3 ] DEBUG Engine               - soundNotification: core/notification.wav
13:24:12.057 [FXGL Background Thread 3 ] DEBUG Engine               - stageStyle: DECORATED
13:24:12.057 [FXGL Background Thread 3 ] DEBUG Engine               - supportedLanguages: [ENGLISH, FRENCH, GERMAN, HUNGARIAN, RUSSIAN]
13:24:12.057 [FXGL Background Thread 3 ] DEBUG Engine               - ticksPerSecond: -1
13:24:12.057 [FXGL Background Thread 3 ] DEBUG Engine               - title: Pokemon
13:24:12.057 [FXGL Background Thread 3 ] DEBUG Engine               - urlGithub: https://github.com/AlmasB/FXGL
13:24:12.057 [FXGL Background Thread 3 ] DEBUG Engine               - urlLeaderboard: http://fxgl-top.herokuapp.com/
13:24:12.057 [FXGL Background Thread 3 ] DEBUG Engine               - urlPOM: https://raw.githubusercontent.com/AlmasB/FXGL/release/README.md
13:24:12.057 [FXGL Background Thread 3 ] DEBUG Engine               - userAppClass: class org.example.pokemon.map.GameApp
13:24:12.057 [FXGL Background Thread 3 ] DEBUG Engine               - version: 0.1
13:24:12.057 [FXGL Background Thread 3 ] DEBUG Engine               - versionCheckDays: 7
13:24:12.057 [FXGL Background Thread 3 ] DEBUG Engine               - width: 1152
13:24:12.057 [FXGL Background Thread 3 ] DEBUG Engine               - Logging services
13:24:12.057 [FXGL Background Thread 3 ] DEBUG Engine               - class com.almasb.fxgl.app.services.FXGLAssetLoaderService
13:24:12.057 [FXGL Background Thread 3 ] DEBUG Engine               - class com.almasb.fxgl.app.FXGLApplication$GameApplicationService
13:24:12.057 [FXGL Background Thread 3 ] DEBUG Engine               - class com.almasb.fxgl.app.services.FXGLDialogService
13:24:12.057 [FXGL Background Thread 3 ] DEBUG Engine               - class com.almasb.fxgl.app.services.IOTaskExecutorService
13:24:12.057 [FXGL Background Thread 3 ] DEBUG Engine               - class com.almasb.fxgl.io.FileSystemService
13:24:12.057 [FXGL Background Thread 3 ] DEBUG Engine               - class com.almasb.fxgl.localization.LocalizationService
13:24:12.057 [FXGL Background Thread 3 ] DEBUG Engine               - class com.almasb.fxgl.app.services.SystemBundleService
13:24:12.057 [FXGL Background Thread 3 ] DEBUG Engine               - class com.almasb.fxgl.profile.SaveLoadService
13:24:12.057 [FXGL Background Thread 3 ] DEBUG Engine               - class com.almasb.fxgl.ui.FXGLUIFactoryServiceProvider
13:24:12.057 [FXGL Background Thread 3 ] DEBUG Engine               - class com.almasb.fxgl.ui.FXGLDialogFactoryServiceProvider
13:24:12.057 [FXGL Background Thread 3 ] DEBUG Engine               - class com.almasb.fxgl.audio.AudioPlayer
13:24:12.057 [FXGL Background Thread 3 ] DEBUG Engine               - class com.almasb.fxgl.notification.impl.NotificationServiceProvider
13:24:12.057 [FXGL Background Thread 3 ] DEBUG Engine               - class com.almasb.fxgl.achievement.AchievementService
13:24:12.057 [FXGL Background Thread 3 ] DEBUG Engine               - class com.almasb.fxgl.cutscene.CutsceneService
13:24:12.057 [FXGL Background Thread 3 ] DEBUG Engine               - class com.almasb.fxgl.minigames.MiniGameService
13:24:12.057 [FXGL Background Thread 3 ] DEBUG Engine               - class com.almasb.fxgl.net.NetService
13:24:12.057 [FXGL Background Thread 3 ] DEBUG Engine               - class com.almasb.fxgl.app.services.UpdaterService
13:24:12.057 [FXGL Background Thread 3 ] DEBUG Engine               - class com.almasb.fxgl.dev.DevService
13:24:15.133 [FXGL Background Thread 2 ] INFO  UpdaterService       - Your current version:  21
13:24:15.133 [FXGL Background Thread 2 ] INFO  UpdaterService       - Latest stable version: 21.1
13:24:45.085 [JavaFX Application Thread] DEBUG FXGLApplication      - Exiting FXGL
13:24:45.085 [JavaFX Application Thread] DEBUG LoopRunner           - Stopping loop
13:24:45.085 [JavaFX Application Thread] DEBUG SystemBundleService  - Saving FXGL system data
13:24:45.086 [JavaFX Application Thread] DEBUG FileSystemAccess     - Writing to: D:\Repo\Pokemon\system\fxgl.bundle
13:24:45.088 [JavaFX Application Thread] DEBUG Async                - Shutting down background threads
13:24:45.089 [JavaFX Application Thread] DEBUG PrimaryStageWindow   - Closing main window
13:24:45.102 [JavaFX Application Thread] DEBUG Logger               - Closing Logger
