10:23:25.453 [main                     ] DEBUG Logger               - Configured Logger
10:23:25.478 [main                     ] DEBUG GameApplication      - Logging settings
Title: Pokemon
Version: 0.1
Width: 1024
Height: 800
Fullscreen: false
Intro: false
Profiling: false
Single step:false
App Mode: DEVELOPER
Menu Key: ESCAPE
Stage Style: DECORATED
Scene Factory: class org.example.pokemon.map.GameApp$1

10:23:25.793 [JavaFX Application Thread] DEBUG FXGLApplication      - Initializing FXGL
10:23:25.796 [JavaFX Application Thread] INFO  Engine               - FXGL-21 (28.12.2023 13.35) on WINDOWS (J:21.0.4 FX:21)
10:23:25.797 [JavaFX Application Thread] DEBUG Engine               - JRE Vendor Name: Oracle Corporation
10:23:25.797 [JavaFX Application Thread] DEBUG Engine               - Running on OS: Windows 11 version 10.0
10:23:25.797 [JavaFX Application Thread] DEBUG Engine               - Architecture: amd64
10:23:25.797 [JavaFX Application Thread] INFO  Engine               - Source code and latest versions at: https://github.com/AlmasB/FXGL
10:23:25.797 [JavaFX Application Thread] INFO  Engine               -       Ask questions and discuss at: https://github.com/AlmasB/FXGL/discussions
10:23:25.797 [JavaFX Application Thread] INFO  Engine               -              Join the FXGL chat at: https://gitter.im/AlmasB/FXGL
10:23:25.865 [JavaFX Application Thread] DEBUG PrimaryStageWindow   - Creating a JavaFX scene
10:23:25.897 [JavaFX Application Thread] DEBUG PrimaryStageWindow   - Target settings size: 1024.0 x 800.0
10:23:25.898 [JavaFX Application Thread] DEBUG PrimaryStageWindow   - Scaled scene size:    1024.0 x 800.0
10:23:25.898 [JavaFX Application Thread] DEBUG PrimaryStageWindow   - Scaled ratio: (1.0, 1.0)
10:23:25.899 [JavaFX Application Thread] DEBUG PrimaryStageWindow   - Set initial scene to FXGLStartupScene
10:23:25.900 [JavaFX Application Thread] DEBUG PrimaryStageWindow   - Opening main window
10:23:25.976 [JavaFX Application Thread] DEBUG PrimaryStageWindow   - Window border size: (14.6666259765625, 37.33331298828125)
10:23:25.976 [JavaFX Application Thread] DEBUG PrimaryStageWindow   - Scaled size: 1024.0 x 800.0
10:23:25.976 [JavaFX Application Thread] DEBUG PrimaryStageWindow   - Scaled ratio: (1.0, 1.0)
10:23:25.976 [JavaFX Application Thread] DEBUG PrimaryStageWindow   - Scene size: 1024.0 x 800.0
10:23:25.976 [JavaFX Application Thread] DEBUG PrimaryStageWindow   - Stage size: 1038.6666259765625 x 837.3333129882812
10:23:25.981 [FXGL Background Thread 1 ] DEBUG Engine               - Initializing environment variables
10:23:26.019 [FXGL Background Thread 1 ] DEBUG FXGLAssetLoaderServi - User app class for loading assets: class org.example.pokemon.map.GameApp
10:23:26.019 [FXGL Background Thread 1 ] DEBUG GameApplicationServi - Applying CSS: fxgl_dark.css
10:23:26.020 [FXGL Background Thread 1 ] DEBUG FXGLAssetLoaderServi - Loading from file system: jar:file:///C:/Java%20Lib/apache-maven-3.8.8/repo/com/github/almasb/fxgl/21/fxgl-21.jar!/fxglassets/ui/css/fxgl_dark.css
10:23:26.056 [FXGL Background Thread 1 ] DEBUG GameApplicationServi - Initializing application scenes
10:23:26.129 [FXGL Background Thread 1 ] DEBUG GameWorld            - Game world initialized
10:23:26.171 [FXGL Background Thread 1 ] DEBUG PhysicsWorld         - Physics world initialized: appHeight=800, physics.ppm=50.0
10:23:26.171 [FXGL Background Thread 1 ] DEBUG PhysicsWorld         - Using strategy: BRUTE_FORCE
10:23:26.173 [FXGL Background Thread 1 ] DEBUG GameScene            - Game scene initialized: 1024x800
10:23:26.322 [FXGL Background Thread 1 ] DEBUG FXGL.DefaultMenu     - createMenuBodyGameMenu()
10:23:26.328 [FXGL Background Thread 1 ] DEBUG FXGL.DefaultMenu     - createOptionsMenu()
10:23:26.335 [FXGL Background Thread 1 ] DEBUG FXGLAssetLoaderServi - Loading from file system: jar:file:///C:/Java%20Lib/apache-maven-3.8.8/repo/com/github/almasb/fxgl/21/fxgl-21.jar!/fxglassets/textures/particles/smoke.png
10:23:26.432 [FXGL Background Thread 1 ] DEBUG FXGLAssetLoaderServi - Loading from file system: jar:file:///C:/Java%20Lib/apache-maven-3.8.8/repo/com/github/almasb/fxgl/21/fxgl-21.jar!/fxglassets/textures/particles/trace_horizontal.png
10:23:26.456 [FXGL Background Thread 1 ] DEBUG GameApplicationServi - Application scenes initialized
10:23:26.462 [FXGL Background Thread 1 ] DEBUG SystemBundleService  - Loading FXGL system data
10:23:26.466 [FXGL Background Thread 1 ] DEBUG FileSystemAccess     - Reading from: D:\Repo\Pokemon\system\fxgl.bundle
10:23:26.472 [FXGL Background Thread 1 ] DEBUG SystemBundleService  - Bundle FXGL: {}
10:23:26.472 [FXGL Background Thread 1 ] DEBUG UpdaterService       - Checking for updates
10:23:26.475 [FXGL Background Thread 4 ] DEBUG FXGLApplication      - Loading fonts
10:23:26.476 [FXGL Background Thread 4 ] DEBUG FXGLAssetLoaderServi - Loading from file system: jar:file:///C:/Java%20Lib/apache-maven-3.8.8/repo/com/github/almasb/fxgl/21/fxgl-21.jar!/fxglassets/ui/fonts/VarelaRound-Regular.ttf
10:23:26.476 [FXGL Background Thread 1 ] DEBUG FXGLApplication      - Loading default localization
10:23:26.476 [FXGL Background Thread 1 ] DEBUG FXGLAssetLoaderServi - Loading from file system: jar:file:///C:/Java%20Lib/apache-maven-3.8.8/repo/com/github/almasb/fxgl/21/fxgl-21.jar!/fxglassets/languages/english.lang
10:23:26.507 [FXGL Background Thread 4 ] DEBUG FXGLAssetLoaderServi - Loading from file system: jar:file:///C:/Java%20Lib/apache-maven-3.8.8/repo/com/github/almasb/fxgl/21/fxgl-21.jar!/fxglassets/ui/fonts/Abel-Regular.ttf
10:23:26.511 [FXGL Background Thread 4 ] DEBUG FXGLAssetLoaderServi - Loading from file system: jar:file:///C:/Java%20Lib/apache-maven-3.8.8/repo/com/github/almasb/fxgl/21/fxgl-21.jar!/fxglassets/ui/fonts/TerminalLandMono-Regular.otf
10:23:26.514 [FXGL Background Thread 4 ] DEBUG FXGLAssetLoaderServi - Loading from file system: jar:file:///C:/Java%20Lib/apache-maven-3.8.8/repo/com/github/almasb/fxgl/21/fxgl-21.jar!/fxglassets/ui/fonts/Courier-Prime.ttf
10:23:26.522 [JavaFX Application Thread] DEBUG FXGLApplication      - Registering font factories with UI factory
10:23:26.542 [FXGL Background Thread 1 ] INFO  FXGLApplication      - FXGL initialization took: 0.561 sec
10:23:26.567 [JavaFX Application Thread] DEBUG Input                - Registered new binding: action0 - W
10:23:26.568 [JavaFX Application Thread] DEBUG Input                - Registered new binding: action1 - A
10:23:26.569 [JavaFX Application Thread] DEBUG Input                - Registered new binding: action2 - S
10:23:26.570 [JavaFX Application Thread] DEBUG Input                - Registered new binding: action3 - D
10:23:26.571 [JavaFX Application Thread] DEBUG Input                - Registered new binding: action4 - Up
10:23:26.571 [JavaFX Application Thread] DEBUG Input                - Registered new binding: action5 - Left
10:23:26.572 [JavaFX Application Thread] DEBUG Input                - Registered new binding: action6 - Down
10:23:26.573 [JavaFX Application Thread] DEBUG Input                - Registered new binding: action7 - Right
10:23:26.574 [JavaFX Application Thread] DEBUG Input                - Registered new binding: action8 - J
10:23:26.574 [JavaFX Application Thread] DEBUG FXGLAssetLoaderServi - Loading from file system: file:/D:/Repo/Pokemon/target/classes/assets/music/BGM.mp3
10:23:26.696 [JavaFX Application Thread] DEBUG AudioPlayer          - Playing music com.almasb.fxgl.audio.Music@26f8be8
10:23:26.696 [JavaFX Application Thread] DEBUG FXGLAssetLoaderServi - Loading from file system: file:/D:/Repo/Pokemon/target/classes/assets/textures/icon.png
10:23:26.707 [JavaFX Application Thread] DEBUG FXGLAssetLoaderServi - Loading from file system: jar:file:///C:/Java%20Lib/apache-maven-3.8.8/repo/com/github/almasb/fxgl/21/fxgl-21.jar!/fxglassets/textures/fxgl_default_cursor.png
10:23:26.711 [JavaFX Application Thread] DEBUG Input                - Registered new binding: Screenshot - CTRL+8
10:23:26.712 [JavaFX Application Thread] DEBUG Input                - Registered new binding: System info dump - CTRL+9
10:23:26.714 [JavaFX Application Thread] DEBUG Input                - Registered new binding: Restart - CTRL+R
10:23:26.715 [JavaFX Application Thread] DEBUG Input                - Registered new binding: Toggle Debug Camera - CTRL+7
10:23:26.722 [JavaFX Application Thread] DEBUG LoopRunner           - Starting loop
10:23:26.722 [JavaFX Application Thread] DEBUG LoopRunner           - Initializing JavaFX AnimationTimerLoop
10:23:26.729 [JavaFX Application Thread] DEBUG Input                - Clearing active input actions
10:23:26.736 [JavaFX Application Thread] DEBUG GameApplicationServi - Removing overlay from FXGLStartupScene and adding to FXGLMainMenuDummyScene
10:23:26.736 [JavaFX Application Thread] DEBUG PrimaryStageWindow   - FXGLStartupScene -> FXGLMainMenuDummyScene
10:23:26.736 [JavaFX Application Thread] DEBUG PrimaryStageWindow   - Push state: TestMainMenu
10:23:26.737 [JavaFX Application Thread] DEBUG Input                - Clearing active input actions
10:23:26.747 [JavaFX Application Thread] DEBUG GameApplicationServi - Removing overlay from FXGLMainMenuDummyScene and adding to TestMainMenu
10:23:26.747 [JavaFX Application Thread] DEBUG PrimaryStageWindow   - FXGLMainMenuDummyScene -> TestMainMenu
10:23:29.474 [FXGL Background Thread 3 ] DEBUG Engine               - Logging environment variables
10:23:29.474 [FXGL Background Thread 3 ] DEBUG Engine               - achievements: []
10:23:29.474 [FXGL Background Thread 3 ] DEBUG Engine               - actualHeight: 800.0
10:23:29.474 [FXGL Background Thread 3 ] DEBUG Engine               - actualHeightProperty: ReadOnlyDoubleProperty [value: 800.0]
10:23:29.474 [FXGL Background Thread 3 ] DEBUG Engine               - actualWidth: 1024.0
10:23:29.474 [FXGL Background Thread 3 ] DEBUG Engine               - actualWidthProperty: ReadOnlyDoubleProperty [value: 1024.0]
10:23:29.474 [FXGL Background Thread 3 ] DEBUG Engine               - appIcon: icon.png
10:23:29.474 [FXGL Background Thread 3 ] DEBUG Engine               - applicationMode: DEVELOPER
10:23:29.474 [FXGL Background Thread 3 ] DEBUG Engine               - cSSList: [fxgl_dark.css]
10:23:29.474 [FXGL Background Thread 3 ] DEBUG Engine               - collisionDetectionStrategy: BRUTE_FORCE
10:23:29.475 [FXGL Background Thread 3 ] DEBUG Engine               - configClass: Optional.empty
10:23:29.475 [FXGL Background Thread 3 ] DEBUG Engine               - credits: []
10:23:29.475 [FXGL Background Thread 3 ] DEBUG Engine               - defaultCursor: CursorInfo(imageName=fxgl_default_cursor.png, hotspotX=7.0, hotspotY=6.0)
10:23:29.475 [FXGL Background Thread 3 ] DEBUG Engine               - devBBoxColorProperty: ObjectProperty [value: 0xff0000ff]
10:23:29.475 [FXGL Background Thread 3 ] DEBUG Engine               - devEnableDebugCameraProperty: BooleanProperty [value: false]
10:23:29.475 [FXGL Background Thread 3 ] DEBUG Engine               - devSensorColorProperty: ObjectProperty [value: 0xffff00ff]
10:23:29.475 [FXGL Background Thread 3 ] DEBUG Engine               - devShowBBoxProperty: BooleanProperty [value: false]
10:23:29.475 [FXGL Background Thread 3 ] DEBUG Engine               - devShowPositionProperty: BooleanProperty [value: false]
10:23:29.475 [FXGL Background Thread 3 ] DEBUG Engine               - enabledMenuItems: []
10:23:29.475 [FXGL Background Thread 3 ] DEBUG Engine               - engineServices: [class com.almasb.fxgl.app.services.FXGLAssetLoaderService, class com.almasb.fxgl.app.FXGLApplication$GameApplicationService, class com.almasb.fxgl.app.services.FXGLDialogService, class com.almasb.fxgl.app.services.IOTaskExecutorService, class com.almasb.fxgl.io.FileSystemService, class com.almasb.fxgl.localization.LocalizationService, class com.almasb.fxgl.app.services.SystemBundleService, class com.almasb.fxgl.profile.SaveLoadService, class com.almasb.fxgl.ui.FXGLUIFactoryServiceProvider, class com.almasb.fxgl.ui.FXGLDialogFactoryServiceProvider, class com.almasb.fxgl.audio.AudioPlayer, class com.almasb.fxgl.notification.impl.NotificationServiceProvider, class com.almasb.fxgl.achievement.AchievementService, class com.almasb.fxgl.cutscene.CutsceneService, class com.almasb.fxgl.minigames.MiniGameService, class com.almasb.fxgl.net.NetService, class com.almasb.fxgl.app.services.UpdaterService, class com.almasb.fxgl.dev.DevService]
10:23:29.475 [FXGL Background Thread 3 ] DEBUG Engine               - fontGame: Abel-Regular.ttf
10:23:29.475 [FXGL Background Thread 3 ] DEBUG Engine               - fontMono: TerminalLandMono-Regular.otf
10:23:29.475 [FXGL Background Thread 3 ] DEBUG Engine               - fontSizeScaleUI: 1.0
10:23:29.475 [FXGL Background Thread 3 ] DEBUG Engine               - fontText: Courier-Prime.ttf
10:23:29.475 [FXGL Background Thread 3 ] DEBUG Engine               - fontUI: VarelaRound-Regular.ttf
10:23:29.475 [FXGL Background Thread 3 ] DEBUG Engine               - fullScreen: BooleanProperty [value: false]
10:23:29.475 [FXGL Background Thread 3 ] DEBUG Engine               - gameDifficulty: MEDIUM
10:23:29.475 [FXGL Background Thread 3 ] DEBUG Engine               - gameDifficultyProperty: ObjectProperty [value: MEDIUM]
10:23:29.475 [FXGL Background Thread 3 ] DEBUG Engine               - globalMusicVolume: 0.5
10:23:29.475 [FXGL Background Thread 3 ] DEBUG Engine               - globalMusicVolumeProperty: DoubleProperty [value: 0.1]
10:23:29.475 [FXGL Background Thread 3 ] DEBUG Engine               - globalSoundVolume: 0.5
10:23:29.475 [FXGL Background Thread 3 ] DEBUG Engine               - globalSoundVolumeProperty: DoubleProperty [value: 0.5]
10:23:29.475 [FXGL Background Thread 3 ] DEBUG Engine               - height: 800
10:23:29.475 [FXGL Background Thread 3 ] DEBUG Engine               - is3D: false
10:23:29.475 [FXGL Background Thread 3 ] DEBUG Engine               - isAndroid: false
10:23:29.475 [FXGL Background Thread 3 ] DEBUG Engine               - isBrowser: false
10:23:29.475 [FXGL Background Thread 3 ] DEBUG Engine               - isClickFeedbackEnabled: false
10:23:29.475 [FXGL Background Thread 3 ] DEBUG Engine               - isCloseConfirmation: false
10:23:29.475 [FXGL Background Thread 3 ] DEBUG Engine               - isDesktop: true
10:23:29.475 [FXGL Background Thread 3 ] DEBUG Engine               - isDeveloperMenuEnabled: false
10:23:29.475 [FXGL Background Thread 3 ] DEBUG Engine               - isEmbedded: false
10:23:29.475 [FXGL Background Thread 3 ] DEBUG Engine               - isEntityPreloadEnabled: true
10:23:29.475 [FXGL Background Thread 3 ] DEBUG Engine               - isExperimentalTiledLargeMap: false
10:23:29.475 [FXGL Background Thread 3 ] DEBUG Engine               - isFileSystemWriteAllowed: true
10:23:29.475 [FXGL Background Thread 3 ] DEBUG Engine               - isFullScreenAllowed: false
10:23:29.475 [FXGL Background Thread 3 ] DEBUG Engine               - isFullScreenFromStart: false
10:23:29.475 [FXGL Background Thread 3 ] DEBUG Engine               - isGameMenuEnabled: true
10:23:29.475 [FXGL Background Thread 3 ] DEBUG Engine               - isIOS: false
10:23:29.475 [FXGL Background Thread 3 ] DEBUG Engine               - isIntroEnabled: false
10:23:29.475 [FXGL Background Thread 3 ] DEBUG Engine               - isLinux: false
10:23:29.475 [FXGL Background Thread 3 ] DEBUG Engine               - isMac: false
10:23:29.475 [FXGL Background Thread 3 ] DEBUG Engine               - isMainMenuEnabled: true
10:23:29.475 [FXGL Background Thread 3 ] DEBUG Engine               - isManualResizeEnabled: false
10:23:29.477 [FXGL Background Thread 3 ] DEBUG Engine               - isMobile: false
10:23:29.477 [FXGL Background Thread 3 ] DEBUG Engine               - isNative: false
10:23:29.477 [FXGL Background Thread 3 ] DEBUG Engine               - isPauseMusicWhenMinimized: true
10:23:29.477 [FXGL Background Thread 3 ] DEBUG Engine               - isPreserveResizeRatio: false
10:23:29.477 [FXGL Background Thread 3 ] DEBUG Engine               - isProfilingEnabled: false
10:23:29.477 [FXGL Background Thread 3 ] DEBUG Engine               - isScaleAffectedOnResize: true
10:23:29.477 [FXGL Background Thread 3 ] DEBUG Engine               - isSingleStep: false
10:23:29.477 [FXGL Background Thread 3 ] DEBUG Engine               - isUserProfileEnabled: false
10:23:29.477 [FXGL Background Thread 3 ] DEBUG Engine               - isWindows: true
10:23:29.477 [FXGL Background Thread 3 ] DEBUG Engine               - language: ObjectProperty [value: ENGLISH]
10:23:29.477 [FXGL Background Thread 3 ] DEBUG Engine               - menuKey: ESCAPE
10:23:29.477 [FXGL Background Thread 3 ] DEBUG Engine               - mouseSensitivity: 0.2
10:23:29.477 [FXGL Background Thread 3 ] DEBUG Engine               - notificationViewClass: class com.almasb.fxgl.notification.view.XboxNotificationView
10:23:29.477 [FXGL Background Thread 3 ] DEBUG Engine               - pixelsPerMeter: 50.0
10:23:29.477 [FXGL Background Thread 3 ] DEBUG Engine               - platform: WINDOWS
10:23:29.477 [FXGL Background Thread 3 ] DEBUG Engine               - prefHeightProperty: ReadOnlyDoubleProperty [value: 800.0]
10:23:29.477 [FXGL Background Thread 3 ] DEBUG Engine               - prefWidthProperty: ReadOnlyDoubleProperty [value: 1024.0]
10:23:29.477 [FXGL Background Thread 3 ] DEBUG Engine               - profileDir: profiles/
10:23:29.477 [FXGL Background Thread 3 ] DEBUG Engine               - profileName: StringProperty [value: DEFAULT]
10:23:29.477 [FXGL Background Thread 3 ] DEBUG Engine               - randomSeed: -1
10:23:29.477 [FXGL Background Thread 3 ] DEBUG Engine               - runtimeInfo: RuntimeInfo(platform=WINDOWS, version=21, build=28.12.2023 13.35)
10:23:29.477 [FXGL Background Thread 3 ] DEBUG Engine               - saveFileExt: sav
10:23:29.477 [FXGL Background Thread 3 ] DEBUG Engine               - scaledHeightProp$fxgl: DoubleProperty [bound, value: 800.0]
10:23:29.477 [FXGL Background Thread 3 ] DEBUG Engine               - scaledWidthProp$fxgl: DoubleProperty [bound, value: 1024.0]
10:23:29.477 [FXGL Background Thread 3 ] DEBUG Engine               - sceneFactory: org.example.pokemon.map.GameApp$1@6d470b34
10:23:29.477 [FXGL Background Thread 3 ] DEBUG Engine               - secondsIn24h: 60
10:23:29.477 [FXGL Background Thread 3 ] DEBUG Engine               - soundMenuBack: menu/back.wav
10:23:29.477 [FXGL Background Thread 3 ] DEBUG Engine               - soundMenuPress: menu/press.wav
10:23:29.477 [FXGL Background Thread 3 ] DEBUG Engine               - soundMenuSelect: menu/select.wav
10:23:29.477 [FXGL Background Thread 3 ] DEBUG Engine               - soundNotification: core/notification.wav
10:23:29.477 [FXGL Background Thread 3 ] DEBUG Engine               - stageStyle: DECORATED
10:23:29.477 [FXGL Background Thread 3 ] DEBUG Engine               - supportedLanguages: [ENGLISH, FRENCH, GERMAN, HUNGARIAN, RUSSIAN]
10:23:29.477 [FXGL Background Thread 3 ] DEBUG Engine               - ticksPerSecond: -1
10:23:29.477 [FXGL Background Thread 3 ] DEBUG Engine               - title: Pokemon
10:23:29.477 [FXGL Background Thread 3 ] DEBUG Engine               - urlGithub: https://github.com/AlmasB/FXGL
10:23:29.477 [FXGL Background Thread 3 ] DEBUG Engine               - urlLeaderboard: http://fxgl-top.herokuapp.com/
10:23:29.477 [FXGL Background Thread 3 ] DEBUG Engine               - urlPOM: https://raw.githubusercontent.com/AlmasB/FXGL/release/README.md
10:23:29.477 [FXGL Background Thread 3 ] DEBUG Engine               - userAppClass: class org.example.pokemon.map.GameApp
10:23:29.477 [FXGL Background Thread 3 ] DEBUG Engine               - version: 0.1
10:23:29.477 [FXGL Background Thread 3 ] DEBUG Engine               - versionCheckDays: 7
10:23:29.477 [FXGL Background Thread 3 ] DEBUG Engine               - width: 1024
10:23:29.477 [FXGL Background Thread 3 ] DEBUG Engine               - Logging services
10:23:29.477 [FXGL Background Thread 3 ] DEBUG Engine               - class com.almasb.fxgl.app.services.FXGLAssetLoaderService
10:23:29.477 [FXGL Background Thread 3 ] DEBUG Engine               - class com.almasb.fxgl.app.FXGLApplication$GameApplicationService
10:23:29.477 [FXGL Background Thread 3 ] DEBUG Engine               - class com.almasb.fxgl.app.services.FXGLDialogService
10:23:29.477 [FXGL Background Thread 3 ] DEBUG Engine               - class com.almasb.fxgl.app.services.IOTaskExecutorService
10:23:29.478 [FXGL Background Thread 3 ] DEBUG Engine               - class com.almasb.fxgl.io.FileSystemService
10:23:29.478 [FXGL Background Thread 3 ] DEBUG Engine               - class com.almasb.fxgl.localization.LocalizationService
10:23:29.478 [FXGL Background Thread 3 ] DEBUG Engine               - class com.almasb.fxgl.app.services.SystemBundleService
10:23:29.478 [FXGL Background Thread 3 ] DEBUG Engine               - class com.almasb.fxgl.profile.SaveLoadService
10:23:29.478 [FXGL Background Thread 3 ] DEBUG Engine               - class com.almasb.fxgl.ui.FXGLUIFactoryServiceProvider
10:23:29.478 [FXGL Background Thread 3 ] DEBUG Engine               - class com.almasb.fxgl.ui.FXGLDialogFactoryServiceProvider
10:23:29.478 [FXGL Background Thread 3 ] DEBUG Engine               - class com.almasb.fxgl.audio.AudioPlayer
10:23:29.478 [FXGL Background Thread 3 ] DEBUG Engine               - class com.almasb.fxgl.notification.impl.NotificationServiceProvider
10:23:29.478 [FXGL Background Thread 3 ] DEBUG Engine               - class com.almasb.fxgl.achievement.AchievementService
10:23:29.478 [FXGL Background Thread 3 ] DEBUG Engine               - class com.almasb.fxgl.cutscene.CutsceneService
10:23:29.478 [FXGL Background Thread 3 ] DEBUG Engine               - class com.almasb.fxgl.minigames.MiniGameService
10:23:29.478 [FXGL Background Thread 3 ] DEBUG Engine               - class com.almasb.fxgl.net.NetService
10:23:29.478 [FXGL Background Thread 3 ] DEBUG Engine               - class com.almasb.fxgl.app.services.UpdaterService
10:23:29.478 [FXGL Background Thread 3 ] DEBUG Engine               - class com.almasb.fxgl.dev.DevService
10:23:47.958 [FXGL Background Thread 2 ] WARN  UpdaterService       - Failed to find updates: java.net.ConnectException: Connection timed out: connect
10:25:05.483 [JavaFX Application Thread] DEBUG FXGLApplication      - Exiting FXGL
10:25:05.484 [JavaFX Application Thread] DEBUG LoopRunner           - Stopping loop
10:25:05.484 [JavaFX Application Thread] DEBUG SystemBundleService  - Saving FXGL system data
10:25:05.488 [JavaFX Application Thread] DEBUG FileSystemAccess     - Writing to: D:\Repo\Pokemon\system\fxgl.bundle
10:25:05.490 [JavaFX Application Thread] DEBUG Async                - Shutting down background threads
10:25:05.491 [JavaFX Application Thread] DEBUG PrimaryStageWindow   - Closing main window
10:25:05.504 [JavaFX Application Thread] DEBUG Logger               - Closing Logger
