15:53:32.161 [main                     ] DEBUG Logger               - Configured Logger
15:53:32.185 [main                     ] DEBUG GameApplication      - Logging settings
Title: Pokemon
Version: 0.1
Width: 1024
Height: 800
Fullscreen: false
Intro: false
Profiling: false
Single step:false
App Mode: DEVELOPER
Menu Key: ESCAPE
Stage Style: DECORATED
Scene Factory: class org.example.pokemon.map.GameApp$1

15:53:32.903 [JavaFX Application Thread] DEBUG FXGLApplication      - Initializing FXGL
15:53:32.906 [JavaFX Application Thread] INFO  Engine               - FXGL-21 (28.12.2023 13.35) on WINDOWS (J:21.0.1 FX:21)
15:53:32.907 [JavaFX Application Thread] DEBUG Engine               - JRE Vendor Name: Oracle Corporation
15:53:32.907 [JavaFX Application Thread] DEBUG Engine               - Running on OS: Windows 11 version 10.0
15:53:32.907 [JavaFX Application Thread] DEBUG Engine               - Architecture: amd64
15:53:32.907 [JavaFX Application Thread] INFO  Engine               - Source code and latest versions at: https://github.com/AlmasB/FXGL
15:53:32.907 [JavaFX Application Thread] INFO  Engine               -       Ask questions and discuss at: https://github.com/AlmasB/FXGL/discussions
15:53:32.907 [JavaFX Application Thread] INFO  Engine               -              Join the FXGL chat at: https://gitter.im/AlmasB/FXGL
15:53:32.977 [JavaFX Application Thread] DEBUG PrimaryStageWindow   - Creating a JavaFX scene
15:53:33.022 [JavaFX Application Thread] DEBUG PrimaryStageWindow   - Target settings size: 1024.0 x 800.0
15:53:33.022 [JavaFX Application Thread] DEBUG PrimaryStageWindow   - Scaled scene size:    1024.0 x 800.0
15:53:33.022 [JavaFX Application Thread] DEBUG PrimaryStageWindow   - Scaled ratio: (1.0, 1.0)
15:53:33.023 [JavaFX Application Thread] DEBUG PrimaryStageWindow   - Set initial scene to FXGLStartupScene
15:53:33.025 [JavaFX Application Thread] DEBUG PrimaryStageWindow   - Opening main window
15:53:33.355 [JavaFX Application Thread] DEBUG PrimaryStageWindow   - Window border size: (14.6666259765625, 37.33331298828125)
15:53:33.355 [JavaFX Application Thread] DEBUG PrimaryStageWindow   - Scaled size: 1024.0 x 800.0
15:53:33.355 [JavaFX Application Thread] DEBUG PrimaryStageWindow   - Scaled ratio: (1.0, 1.0)
15:53:33.357 [JavaFX Application Thread] DEBUG PrimaryStageWindow   - Scene size: 1024.0 x 800.0
15:53:33.357 [JavaFX Application Thread] DEBUG PrimaryStageWindow   - Stage size: 1038.6666259765625 x 837.3333129882812
15:53:33.362 [FXGL Background Thread 1 ] DEBUG Engine               - Initializing environment variables
15:53:33.403 [FXGL Background Thread 1 ] DEBUG FXGLAssetLoaderServi - User app class for loading assets: class org.example.pokemon.map.GameApp
15:53:33.405 [FXGL Background Thread 1 ] DEBUG GameApplicationServi - Applying CSS: fxgl_dark.css
15:53:33.405 [FXGL Background Thread 1 ] DEBUG FXGLAssetLoaderServi - Loading from file system: jar:file:///D:/JAVA%20IDE%20WORKPLACE/localRepo/com/github/almasb/fxgl/21/fxgl-21.jar!/fxglassets/ui/css/fxgl_dark.css
15:53:33.452 [FXGL Background Thread 1 ] DEBUG GameApplicationServi - Initializing application scenes
15:53:33.525 [FXGL Background Thread 1 ] DEBUG GameWorld            - Game world initialized
15:53:33.572 [FXGL Background Thread 1 ] DEBUG PhysicsWorld         - Physics world initialized: appHeight=800, physics.ppm=50.0
15:53:33.572 [FXGL Background Thread 1 ] DEBUG PhysicsWorld         - Using strategy: BRUTE_FORCE
15:53:33.575 [FXGL Background Thread 1 ] DEBUG GameScene            - Game scene initialized: 1024x800
15:53:33.770 [FXGL Background Thread 1 ] DEBUG FXGL.DefaultMenu     - createMenuBodyGameMenu()
15:53:33.780 [FXGL Background Thread 1 ] DEBUG FXGL.DefaultMenu     - createOptionsMenu()
15:53:33.788 [FXGL Background Thread 1 ] DEBUG FXGLAssetLoaderServi - Loading from file system: jar:file:///D:/JAVA%20IDE%20WORKPLACE/localRepo/com/github/almasb/fxgl/21/fxgl-21.jar!/fxglassets/textures/particles/smoke.png
15:53:33.866 [FXGL Background Thread 1 ] DEBUG FXGLAssetLoaderServi - Loading from file system: jar:file:///D:/JAVA%20IDE%20WORKPLACE/localRepo/com/github/almasb/fxgl/21/fxgl-21.jar!/fxglassets/textures/particles/trace_horizontal.png
15:53:33.885 [FXGL Background Thread 1 ] DEBUG GameApplicationServi - Application scenes initialized
15:53:33.892 [FXGL Background Thread 1 ] DEBUG SystemBundleService  - Loading FXGL system data
15:53:33.897 [FXGL Background Thread 1 ] DEBUG FileSystemAccess     - Reading from: D:\Programs\Pokemon_Liu2.0\Pokemon\system\fxgl.bundle
15:53:33.905 [FXGL Background Thread 1 ] DEBUG SystemBundleService  - Bundle FXGL: {}
15:53:33.906 [FXGL Background Thread 1 ] DEBUG UpdaterService       - Checking for updates
15:53:33.909 [FXGL Background Thread 4 ] DEBUG FXGLApplication      - Loading fonts
15:53:33.911 [FXGL Background Thread 4 ] DEBUG FXGLAssetLoaderServi - Loading from file system: jar:file:///D:/JAVA%20IDE%20WORKPLACE/localRepo/com/github/almasb/fxgl/21/fxgl-21.jar!/fxglassets/ui/fonts/VarelaRound-Regular.ttf
15:53:33.912 [FXGL Background Thread 1 ] DEBUG FXGLApplication      - Loading default localization
15:53:33.912 [FXGL Background Thread 1 ] DEBUG FXGLAssetLoaderServi - Loading from file system: jar:file:///D:/JAVA%20IDE%20WORKPLACE/localRepo/com/github/almasb/fxgl/21/fxgl-21.jar!/fxglassets/languages/english.lang
15:53:33.961 [FXGL Background Thread 4 ] DEBUG FXGLAssetLoaderServi - Loading from file system: jar:file:///D:/JAVA%20IDE%20WORKPLACE/localRepo/com/github/almasb/fxgl/21/fxgl-21.jar!/fxglassets/ui/fonts/Abel-Regular.ttf
15:53:33.964 [FXGL Background Thread 1 ] INFO  FXGLApplication      - FXGL initialization took: 0.603 sec
15:53:33.972 [FXGL Background Thread 4 ] DEBUG FXGLAssetLoaderServi - Loading from file system: jar:file:///D:/JAVA%20IDE%20WORKPLACE/localRepo/com/github/almasb/fxgl/21/fxgl-21.jar!/fxglassets/ui/fonts/TerminalLandMono-Regular.otf
15:53:33.978 [JavaFX Application Thread] DEBUG Input                - Registered new binding: action0 - W
15:53:33.979 [JavaFX Application Thread] DEBUG Input                - Registered new binding: action1 - A
15:53:33.980 [JavaFX Application Thread] DEBUG Input                - Registered new binding: action2 - S
15:53:33.980 [JavaFX Application Thread] DEBUG Input                - Registered new binding: action3 - D
15:53:33.981 [JavaFX Application Thread] DEBUG Input                - Registered new binding: action4 - Up
15:53:33.981 [JavaFX Application Thread] DEBUG Input                - Registered new binding: action5 - Left
15:53:33.982 [JavaFX Application Thread] DEBUG Input                - Registered new binding: action6 - Down
15:53:33.982 [JavaFX Application Thread] DEBUG Input                - Registered new binding: action7 - Right
15:53:33.982 [JavaFX Application Thread] DEBUG Input                - Registered new binding: action8 - J
15:53:33.982 [JavaFX Application Thread] DEBUG FXGLAssetLoaderServi - Loading from file system: file:/D:/Programs/Pokemon_Liu2.0/Pokemon/target/classes/assets/music/BGM.mp3
15:53:33.983 [FXGL Background Thread 4 ] DEBUG FXGLAssetLoaderServi - Loading from file system: jar:file:///D:/JAVA%20IDE%20WORKPLACE/localRepo/com/github/almasb/fxgl/21/fxgl-21.jar!/fxglassets/ui/fonts/Courier-Prime.ttf
15:53:34.113 [FXGL Background Thread 2 ] WARN  UpdaterService       - Failed to find updates: java.net.UnknownHostException: raw.githubusercontent.com
15:53:34.439 [JavaFX Application Thread] DEBUG AudioPlayer          - Playing music com.almasb.fxgl.audio.Music@2fa724
15:53:34.439 [JavaFX Application Thread] DEBUG FXGLAssetLoaderServi - Loading from file system: file:/D:/Programs/Pokemon_Liu2.0/Pokemon/target/classes/assets/textures/icon.png
15:53:34.446 [JavaFX Application Thread] DEBUG FXGLAssetLoaderServi - Loading from file system: jar:file:///D:/JAVA%20IDE%20WORKPLACE/localRepo/com/github/almasb/fxgl/21/fxgl-21.jar!/fxglassets/textures/fxgl_default_cursor.png
15:53:34.455 [JavaFX Application Thread] DEBUG Input                - Registered new binding: Screenshot - CTRL+8
15:53:34.456 [JavaFX Application Thread] DEBUG Input                - Registered new binding: System info dump - CTRL+9
15:53:34.456 [JavaFX Application Thread] DEBUG Input                - Registered new binding: Restart - CTRL+R
15:53:34.456 [JavaFX Application Thread] DEBUG Input                - Registered new binding: Toggle Debug Camera - CTRL+7
15:53:34.459 [JavaFX Application Thread] DEBUG LoopRunner           - Starting loop
15:53:34.459 [JavaFX Application Thread] DEBUG LoopRunner           - Initializing JavaFX AnimationTimerLoop
15:53:34.460 [JavaFX Application Thread] DEBUG Input                - Clearing active input actions
15:53:34.470 [JavaFX Application Thread] DEBUG GameApplicationServi - Removing overlay from FXGLStartupScene and adding to FXGLMainMenuDummyScene
15:53:34.471 [JavaFX Application Thread] DEBUG PrimaryStageWindow   - FXGLStartupScene -> FXGLMainMenuDummyScene
15:53:34.471 [JavaFX Application Thread] DEBUG PrimaryStageWindow   - Push state: TestMainMenu
15:53:34.472 [JavaFX Application Thread] DEBUG Input                - Clearing active input actions
15:53:34.485 [JavaFX Application Thread] DEBUG GameApplicationServi - Removing overlay from FXGLMainMenuDummyScene and adding to TestMainMenu
15:53:34.485 [JavaFX Application Thread] DEBUG PrimaryStageWindow   - FXGLMainMenuDummyScene -> TestMainMenu
15:53:34.487 [JavaFX Application Thread] DEBUG FXGLApplication      - Registering font factories with UI factory
15:53:36.909 [FXGL Background Thread 3 ] DEBUG Engine               - Logging environment variables
15:53:36.910 [FXGL Background Thread 3 ] DEBUG Engine               - achievements: []
15:53:36.910 [FXGL Background Thread 3 ] DEBUG Engine               - actualHeight: 800.0
15:53:36.910 [FXGL Background Thread 3 ] DEBUG Engine               - actualHeightProperty: ReadOnlyDoubleProperty [value: 800.0]
15:53:36.910 [FXGL Background Thread 3 ] DEBUG Engine               - actualWidth: 1024.0
15:53:36.910 [FXGL Background Thread 3 ] DEBUG Engine               - actualWidthProperty: ReadOnlyDoubleProperty [value: 1024.0]
15:53:36.910 [FXGL Background Thread 3 ] DEBUG Engine               - appIcon: icon.png
15:53:36.910 [FXGL Background Thread 3 ] DEBUG Engine               - applicationMode: DEVELOPER
15:53:36.910 [FXGL Background Thread 3 ] DEBUG Engine               - cSSList: [fxgl_dark.css]
15:53:36.910 [FXGL Background Thread 3 ] DEBUG Engine               - collisionDetectionStrategy: BRUTE_FORCE
15:53:36.910 [FXGL Background Thread 3 ] DEBUG Engine               - configClass: Optional.empty
15:53:36.910 [FXGL Background Thread 3 ] DEBUG Engine               - credits: []
15:53:36.910 [FXGL Background Thread 3 ] DEBUG Engine               - defaultCursor: CursorInfo(imageName=fxgl_default_cursor.png, hotspotX=7.0, hotspotY=6.0)
15:53:36.911 [FXGL Background Thread 3 ] DEBUG Engine               - devBBoxColorProperty: ObjectProperty [value: 0xff0000ff]
15:53:36.911 [FXGL Background Thread 3 ] DEBUG Engine               - devEnableDebugCameraProperty: BooleanProperty [value: false]
15:53:36.911 [FXGL Background Thread 3 ] DEBUG Engine               - devSensorColorProperty: ObjectProperty [value: 0xffff00ff]
15:53:36.911 [FXGL Background Thread 3 ] DEBUG Engine               - devShowBBoxProperty: BooleanProperty [value: false]
15:53:36.911 [FXGL Background Thread 3 ] DEBUG Engine               - devShowPositionProperty: BooleanProperty [value: false]
15:53:36.911 [FXGL Background Thread 3 ] DEBUG Engine               - enabledMenuItems: []
15:53:36.911 [FXGL Background Thread 3 ] DEBUG Engine               - engineServices: [class com.almasb.fxgl.app.services.FXGLAssetLoaderService, class com.almasb.fxgl.app.FXGLApplication$GameApplicationService, class com.almasb.fxgl.app.services.FXGLDialogService, class com.almasb.fxgl.app.services.IOTaskExecutorService, class com.almasb.fxgl.io.FileSystemService, class com.almasb.fxgl.localization.LocalizationService, class com.almasb.fxgl.app.services.SystemBundleService, class com.almasb.fxgl.profile.SaveLoadService, class com.almasb.fxgl.ui.FXGLUIFactoryServiceProvider, class com.almasb.fxgl.ui.FXGLDialogFactoryServiceProvider, class com.almasb.fxgl.audio.AudioPlayer, class com.almasb.fxgl.notification.impl.NotificationServiceProvider, class com.almasb.fxgl.achievement.AchievementService, class com.almasb.fxgl.cutscene.CutsceneService, class com.almasb.fxgl.minigames.MiniGameService, class com.almasb.fxgl.net.NetService, class com.almasb.fxgl.app.services.UpdaterService, class com.almasb.fxgl.dev.DevService]
15:53:36.911 [FXGL Background Thread 3 ] DEBUG Engine               - fontGame: Abel-Regular.ttf
15:53:36.911 [FXGL Background Thread 3 ] DEBUG Engine               - fontMono: TerminalLandMono-Regular.otf
15:53:36.911 [FXGL Background Thread 3 ] DEBUG Engine               - fontSizeScaleUI: 1.0
15:53:36.911 [FXGL Background Thread 3 ] DEBUG Engine               - fontText: Courier-Prime.ttf
15:53:36.911 [FXGL Background Thread 3 ] DEBUG Engine               - fontUI: VarelaRound-Regular.ttf
15:53:36.911 [FXGL Background Thread 3 ] DEBUG Engine               - fullScreen: BooleanProperty [value: false]
15:53:36.911 [FXGL Background Thread 3 ] DEBUG Engine               - gameDifficulty: MEDIUM
15:53:36.911 [FXGL Background Thread 3 ] DEBUG Engine               - gameDifficultyProperty: ObjectProperty [value: MEDIUM]
15:53:36.911 [FXGL Background Thread 3 ] DEBUG Engine               - globalMusicVolume: 0.5
15:53:36.911 [FXGL Background Thread 3 ] DEBUG Engine               - globalMusicVolumeProperty: DoubleProperty [value: 0.1]
15:53:36.911 [FXGL Background Thread 3 ] DEBUG Engine               - globalSoundVolume: 0.5
15:53:36.911 [FXGL Background Thread 3 ] DEBUG Engine               - globalSoundVolumeProperty: DoubleProperty [value: 0.5]
15:53:36.912 [FXGL Background Thread 3 ] DEBUG Engine               - height: 800
15:53:36.912 [FXGL Background Thread 3 ] DEBUG Engine               - is3D: false
15:53:36.912 [FXGL Background Thread 3 ] DEBUG Engine               - isAndroid: false
15:53:36.912 [FXGL Background Thread 3 ] DEBUG Engine               - isBrowser: false
15:53:36.912 [FXGL Background Thread 3 ] DEBUG Engine               - isClickFeedbackEnabled: false
15:53:36.912 [FXGL Background Thread 3 ] DEBUG Engine               - isCloseConfirmation: false
15:53:36.912 [FXGL Background Thread 3 ] DEBUG Engine               - isDesktop: true
15:53:36.912 [FXGL Background Thread 3 ] DEBUG Engine               - isDeveloperMenuEnabled: false
15:53:36.912 [FXGL Background Thread 3 ] DEBUG Engine               - isEmbedded: false
15:53:36.912 [FXGL Background Thread 3 ] DEBUG Engine               - isEntityPreloadEnabled: true
15:53:36.912 [FXGL Background Thread 3 ] DEBUG Engine               - isExperimentalTiledLargeMap: false
15:53:36.912 [FXGL Background Thread 3 ] DEBUG Engine               - isFileSystemWriteAllowed: true
15:53:36.912 [FXGL Background Thread 3 ] DEBUG Engine               - isFullScreenAllowed: false
15:53:36.912 [FXGL Background Thread 3 ] DEBUG Engine               - isFullScreenFromStart: false
15:53:36.912 [FXGL Background Thread 3 ] DEBUG Engine               - isGameMenuEnabled: true
15:53:36.912 [FXGL Background Thread 3 ] DEBUG Engine               - isIOS: false
15:53:36.912 [FXGL Background Thread 3 ] DEBUG Engine               - isIntroEnabled: false
15:53:36.912 [FXGL Background Thread 3 ] DEBUG Engine               - isLinux: false
15:53:36.912 [FXGL Background Thread 3 ] DEBUG Engine               - isMac: false
15:53:36.912 [FXGL Background Thread 3 ] DEBUG Engine               - isMainMenuEnabled: true
15:53:36.912 [FXGL Background Thread 3 ] DEBUG Engine               - isManualResizeEnabled: false
15:53:36.912 [FXGL Background Thread 3 ] DEBUG Engine               - isMobile: false
15:53:36.912 [FXGL Background Thread 3 ] DEBUG Engine               - isNative: false
15:53:36.912 [FXGL Background Thread 3 ] DEBUG Engine               - isPauseMusicWhenMinimized: true
15:53:36.912 [FXGL Background Thread 3 ] DEBUG Engine               - isPreserveResizeRatio: false
15:53:36.912 [FXGL Background Thread 3 ] DEBUG Engine               - isProfilingEnabled: false
15:53:36.912 [FXGL Background Thread 3 ] DEBUG Engine               - isScaleAffectedOnResize: true
15:53:36.912 [FXGL Background Thread 3 ] DEBUG Engine               - isSingleStep: false
15:53:36.912 [FXGL Background Thread 3 ] DEBUG Engine               - isUserProfileEnabled: false
15:53:36.913 [FXGL Background Thread 3 ] DEBUG Engine               - isWindows: true
15:53:36.913 [FXGL Background Thread 3 ] DEBUG Engine               - language: ObjectProperty [value: ENGLISH]
15:53:36.913 [FXGL Background Thread 3 ] DEBUG Engine               - menuKey: ESCAPE
15:53:36.913 [FXGL Background Thread 3 ] DEBUG Engine               - mouseSensitivity: 0.2
15:53:36.913 [FXGL Background Thread 3 ] DEBUG Engine               - notificationViewClass: class com.almasb.fxgl.notification.view.XboxNotificationView
15:53:36.913 [FXGL Background Thread 3 ] DEBUG Engine               - pixelsPerMeter: 50.0
15:53:36.913 [FXGL Background Thread 3 ] DEBUG Engine               - platform: WINDOWS
15:53:36.913 [FXGL Background Thread 3 ] DEBUG Engine               - prefHeightProperty: ReadOnlyDoubleProperty [value: 800.0]
15:53:36.913 [FXGL Background Thread 3 ] DEBUG Engine               - prefWidthProperty: ReadOnlyDoubleProperty [value: 1024.0]
15:53:36.913 [FXGL Background Thread 3 ] DEBUG Engine               - profileDir: profiles/
15:53:36.913 [FXGL Background Thread 3 ] DEBUG Engine               - profileName: StringProperty [value: DEFAULT]
15:53:36.913 [FXGL Background Thread 3 ] DEBUG Engine               - randomSeed: -1
15:53:36.913 [FXGL Background Thread 3 ] DEBUG Engine               - runtimeInfo: RuntimeInfo(platform=WINDOWS, version=21, build=28.12.2023 13.35)
15:53:36.913 [FXGL Background Thread 3 ] DEBUG Engine               - saveFileExt: sav
15:53:36.913 [FXGL Background Thread 3 ] DEBUG Engine               - scaledHeightProp$fxgl: DoubleProperty [bound, value: 800.0]
15:53:36.913 [FXGL Background Thread 3 ] DEBUG Engine               - scaledWidthProp$fxgl: DoubleProperty [bound, value: 1024.0]
15:53:36.913 [FXGL Background Thread 3 ] DEBUG Engine               - sceneFactory: org.example.pokemon.map.GameApp$1@5065e29f
15:53:36.913 [FXGL Background Thread 3 ] DEBUG Engine               - secondsIn24h: 60
15:53:36.913 [FXGL Background Thread 3 ] DEBUG Engine               - soundMenuBack: menu/back.wav
15:53:36.913 [FXGL Background Thread 3 ] DEBUG Engine               - soundMenuPress: menu/press.wav
15:53:36.913 [FXGL Background Thread 3 ] DEBUG Engine               - soundMenuSelect: menu/select.wav
15:53:36.913 [FXGL Background Thread 3 ] DEBUG Engine               - soundNotification: core/notification.wav
15:53:36.913 [FXGL Background Thread 3 ] DEBUG Engine               - stageStyle: DECORATED
15:53:36.913 [FXGL Background Thread 3 ] DEBUG Engine               - supportedLanguages: [ENGLISH, FRENCH, GERMAN, HUNGARIAN, RUSSIAN]
15:53:36.913 [FXGL Background Thread 3 ] DEBUG Engine               - ticksPerSecond: -1
15:53:36.913 [FXGL Background Thread 3 ] DEBUG Engine               - title: Pokemon
15:53:36.913 [FXGL Background Thread 3 ] DEBUG Engine               - urlGithub: https://github.com/AlmasB/FXGL
15:53:36.913 [FXGL Background Thread 3 ] DEBUG Engine               - urlLeaderboard: http://fxgl-top.herokuapp.com/
15:53:36.915 [FXGL Background Thread 3 ] DEBUG Engine               - urlPOM: https://raw.githubusercontent.com/AlmasB/FXGL/release/README.md
15:53:36.915 [FXGL Background Thread 3 ] DEBUG Engine               - userAppClass: class org.example.pokemon.map.GameApp
15:53:36.915 [FXGL Background Thread 3 ] DEBUG Engine               - version: 0.1
15:53:36.915 [FXGL Background Thread 3 ] DEBUG Engine               - versionCheckDays: 7
15:53:36.915 [FXGL Background Thread 3 ] DEBUG Engine               - width: 1024
15:53:36.915 [FXGL Background Thread 3 ] DEBUG Engine               - Logging services
15:53:36.915 [FXGL Background Thread 3 ] DEBUG Engine               - class com.almasb.fxgl.app.services.FXGLAssetLoaderService
15:53:36.915 [FXGL Background Thread 3 ] DEBUG Engine               - class com.almasb.fxgl.app.FXGLApplication$GameApplicationService
15:53:36.915 [FXGL Background Thread 3 ] DEBUG Engine               - class com.almasb.fxgl.app.services.FXGLDialogService
15:53:36.915 [FXGL Background Thread 3 ] DEBUG Engine               - class com.almasb.fxgl.app.services.IOTaskExecutorService
15:53:36.915 [FXGL Background Thread 3 ] DEBUG Engine               - class com.almasb.fxgl.io.FileSystemService
15:53:36.915 [FXGL Background Thread 3 ] DEBUG Engine               - class com.almasb.fxgl.localization.LocalizationService
15:53:36.915 [FXGL Background Thread 3 ] DEBUG Engine               - class com.almasb.fxgl.app.services.SystemBundleService
15:53:36.915 [FXGL Background Thread 3 ] DEBUG Engine               - class com.almasb.fxgl.profile.SaveLoadService
15:53:36.915 [FXGL Background Thread 3 ] DEBUG Engine               - class com.almasb.fxgl.ui.FXGLUIFactoryServiceProvider
15:53:36.915 [FXGL Background Thread 3 ] DEBUG Engine               - class com.almasb.fxgl.ui.FXGLDialogFactoryServiceProvider
15:53:36.915 [FXGL Background Thread 3 ] DEBUG Engine               - class com.almasb.fxgl.audio.AudioPlayer
15:53:36.915 [FXGL Background Thread 3 ] DEBUG Engine               - class com.almasb.fxgl.notification.impl.NotificationServiceProvider
15:53:36.915 [FXGL Background Thread 3 ] DEBUG Engine               - class com.almasb.fxgl.achievement.AchievementService
15:53:36.915 [FXGL Background Thread 3 ] DEBUG Engine               - class com.almasb.fxgl.cutscene.CutsceneService
15:53:36.915 [FXGL Background Thread 3 ] DEBUG Engine               - class com.almasb.fxgl.minigames.MiniGameService
15:53:36.915 [FXGL Background Thread 3 ] DEBUG Engine               - class com.almasb.fxgl.net.NetService
15:53:36.915 [FXGL Background Thread 3 ] DEBUG Engine               - class com.almasb.fxgl.app.services.UpdaterService
15:53:36.915 [FXGL Background Thread 3 ] DEBUG Engine               - class com.almasb.fxgl.dev.DevService
15:54:08.522 [JavaFX Application Thread] DEBUG GameApplicationServi - Starting new game
15:54:08.523 [JavaFX Application Thread] DEBUG PrimaryStageWindow   - Pop state: TestMainMenu
15:54:08.523 [JavaFX Application Thread] DEBUG Input                - Clearing active input actions
15:54:08.523 [JavaFX Application Thread] DEBUG GameApplicationServi - Removing overlay from TestMainMenu and adding to FXGLMainMenuDummyScene
15:54:08.524 [JavaFX Application Thread] DEBUG PrimaryStageWindow   - FXGLMainMenuDummyScene <- TestMainMenu
15:54:08.524 [JavaFX Application Thread] DEBUG Input                - Clearing active input actions
15:54:08.530 [JavaFX Application Thread] DEBUG GameApplicationServi - Removing overlay from FXGLMainMenuDummyScene and adding to FXGLLoadingScene
15:54:08.530 [JavaFX Application Thread] DEBUG PrimaryStageWindow   - FXGLMainMenuDummyScene -> FXGLLoadingScene
15:54:08.530 [JavaFX Application Thread] DEBUG GameApplicationServi - Clearing previous game
15:54:08.530 [JavaFX Application Thread] DEBUG GameScene            - Clearing game scene
15:54:08.530 [JavaFX Application Thread] DEBUG GameWorld            - Clearing game world
15:54:08.530 [JavaFX Application Thread] DEBUG PhysicsWorld         - Clearing physics world
15:54:08.532 [FXGL Background Thread 2 ] DEBUG FXGLApplication      - Initializing game
15:54:08.550 [FXGL Background Thread 2 ] WARN  TMXLevelLoader       - TiledMap generated from 1.8.4. Supported version: 1.9.0. Some features may not be parsed fully.
15:54:08.572 [FXGL Background Thread 2 ] DEBUG TMXLevelLoader       - Parsed TiledMap: file:/D:/Programs/Pokemon_Liu2.0/Pokemon/target/classes/assets/levels/level1.tmx
15:54:08.573 [FXGL Background Thread 2 ] DEBUG TMXLevelLoader       - Creating tile layer entities
15:54:08.575 [FXGL Background Thread 2 ] DEBUG TilesetLoader        - Loading view for layer 图块层 1
15:54:08.576 [FXGL Background Thread 2 ] DEBUG TilesetLoader        - Created buffer with size 1024.0x800.0
15:54:08.600 [FXGL Background Thread 2 ] DEBUG TMXLevelLoader       - Creating object layer entities
15:54:08.698 [FXGL Background Thread 2 ] DEBUG FXGLAssetLoaderServi - Loading from file system: file:/D:/Programs/Pokemon_Liu2.0/Pokemon/target/classes/assets/textures/flower.png
15:54:08.721 [FXGL Background Thread 2 ] DEBUG GameWorld            - Clearing removable entities
15:54:08.721 [FXGL Background Thread 2 ] DEBUG GameWorld            - Setting level: com.almasb.fxgl.entity.level.Level@36321d01
15:54:08.733 [FXGL Background Thread 2 ] DEBUG FXGLAssetLoaderServi - Loading from file system: file:/D:/Programs/Pokemon_Liu2.0/Pokemon/target/classes/assets/textures/buLunDan2.png
15:54:08.740 [FXGL Background Thread 2 ] DEBUG FXGLAssetLoaderServi - Loading from file system: file:/D:/Programs/Pokemon_Liu2.0/Pokemon/target/classes/assets/textures/RacketTeam.png
15:54:08.743 [FXGL Background Thread 2 ] INFO  FXGLApplication      - Game initialization took: 0.212 sec
15:54:08.743 [JavaFX Application Thread] DEBUG Input                - Clearing active input actions
15:54:08.752 [JavaFX Application Thread] DEBUG GameApplicationServi - Removing overlay from FXGLLoadingScene and adding to GameScene
15:54:08.752 [JavaFX Application Thread] DEBUG PrimaryStageWindow   - FXGLLoadingScene -> GameScene
15:54:18.425 [JavaFX Application Thread] DEBUG FXGLAssetLoaderServi - Loading from file system: file:/D:/Programs/Pokemon_Liu2.0/Pokemon/target/classes/assets/textures/hint.png
15:54:18.457 [JavaFX Application Thread] DEBUG PrimaryStageWindow   - Push state: DialogSubScene
15:54:18.457 [JavaFX Application Thread] DEBUG Input                - Clearing active input actions
15:54:18.458 [JavaFX Application Thread] DEBUG GameApplicationServi - Removing overlay from GameScene and adding to DialogSubScene
15:54:18.458 [JavaFX Application Thread] DEBUG PrimaryStageWindow   - GameScene -> DialogSubScene
15:54:20.379 [JavaFX Application Thread] DEBUG PrimaryStageWindow   - Pop state: DialogSubScene
15:54:20.380 [JavaFX Application Thread] DEBUG Input                - Clearing active input actions
15:54:20.380 [JavaFX Application Thread] DEBUG GameApplicationServi - Removing overlay from DialogSubScene and adding to GameScene
15:54:20.380 [JavaFX Application Thread] DEBUG PrimaryStageWindow   - GameScene <- DialogSubScene
15:55:15.646 [JavaFX Application Thread] DEBUG PrimaryStageWindow   - Push state: DialogSubScene
15:55:15.648 [JavaFX Application Thread] DEBUG Input                - Clearing active input actions
15:55:15.648 [JavaFX Application Thread] DEBUG GameApplicationServi - Removing overlay from GameScene and adding to DialogSubScene
15:55:15.648 [JavaFX Application Thread] DEBUG PrimaryStageWindow   - GameScene -> DialogSubScene
15:55:17.124 [JavaFX Application Thread] DEBUG PrimaryStageWindow   - Pop state: DialogSubScene
15:55:17.125 [JavaFX Application Thread] DEBUG Input                - Clearing active input actions
15:55:17.125 [JavaFX Application Thread] DEBUG GameApplicationServi - Removing overlay from DialogSubScene and adding to GameScene
15:55:17.125 [JavaFX Application Thread] DEBUG PrimaryStageWindow   - GameScene <- DialogSubScene
15:55:17.261 [JavaFX Application Thread] DEBUG LoopRunner           - Stopping loop
15:55:17.262 [JavaFX Application Thread] FATAL FXGLApplication      - Uncaught Exception:
java.lang.NullPointerException: Cannot read field "ifCom" because "this.controller.client" is null
	at org.example.pokemon/org.example.pokemon.battle.BattleScene.start(BattleScene.java:61)
	at org.example.pokemon/org.example.pokemon.map.GameApp.lambda$initInput$8(GameApp.java:109)
	at com.almasb.fxgl.all@21/com.almasb.fxgl.app.services.FXGLDialogService.showChoiceBox$lambda$2(FXGLDialogService.kt:139)
	at com.almasb.fxgl.scene@21/com.almasb.fxgl.ui.FXGLDialogFactoryServiceProvider.choiceDialog$lambda$5$lambda$4(FXGLDialogFactoryServiceProvider.kt:134)
	at javafx.base@21/com.sun.javafx.event.CompositeEventHandler.dispatchBubblingEvent(CompositeEventHandler.java:86)
	at javafx.base@21/com.sun.javafx.event.EventHandlerManager.dispatchBubblingEvent(EventHandlerManager.java:232)
	at javafx.base@21/com.sun.javafx.event.EventHandlerManager.dispatchBubblingEvent(EventHandlerManager.java:189)
	at javafx.base@21/com.sun.javafx.event.CompositeEventDispatcher.dispatchBubblingEvent(CompositeEventDispatcher.java:59)
	at javafx.base@21/com.sun.javafx.event.BasicEventDispatcher.dispatchEvent(BasicEventDispatcher.java:58)
	at javafx.base@21/com.sun.javafx.event.EventDispatchChainImpl.dispatchEvent(EventDispatchChainImpl.java:114)
	at javafx.base@21/com.sun.javafx.event.BasicEventDispatcher.dispatchEvent(BasicEventDispatcher.java:56)
	at javafx.base@21/com.sun.javafx.event.EventDispatchChainImpl.dispatchEvent(EventDispatchChainImpl.java:114)
	at javafx.base@21/com.sun.javafx.event.BasicEventDispatcher.dispatchEvent(BasicEventDispatcher.java:56)
	at javafx.base@21/com.sun.javafx.event.EventDispatchChainImpl.dispatchEvent(EventDispatchChainImpl.java:114)
	at javafx.base@21/com.sun.javafx.event.BasicEventDispatcher.dispatchEvent(BasicEventDispatcher.java:56)
	at javafx.base@21/com.sun.javafx.event.EventDispatchChainImpl.dispatchEvent(EventDispatchChainImpl.java:114)
	at javafx.base@21/com.sun.javafx.event.EventUtil.fireEventImpl(EventUtil.java:74)
	at javafx.base@21/com.sun.javafx.event.EventUtil.fireEvent(EventUtil.java:49)
	at javafx.base@21/javafx.event.Event.fireEvent(Event.java:198)
	at javafx.graphics@21/javafx.scene.Node.fireEvent(Node.java:8875)
	at javafx.controls@21/javafx.scene.control.Button.fire(Button.java:203)
	at javafx.controls@21/com.sun.javafx.scene.control.behavior.ButtonBehavior.mouseReleased(ButtonBehavior.java:207)
	at javafx.controls@21/com.sun.javafx.scene.control.inputmap.InputMap.handle(InputMap.java:274)
	at javafx.base@21/com.sun.javafx.event.CompositeEventHandler$NormalEventHandlerRecord.handleBubblingEvent(CompositeEventHandler.java:247)
	at javafx.base@21/com.sun.javafx.event.CompositeEventHandler.dispatchBubblingEvent(CompositeEventHandler.java:80)
	at javafx.base@21/com.sun.javafx.event.EventHandlerManager.dispatchBubblingEvent(EventHandlerManager.java:232)
	at javafx.base@21/com.sun.javafx.event.EventHandlerManager.dispatchBubblingEvent(EventHandlerManager.java:189)
	at javafx.base@21/com.sun.javafx.event.CompositeEventDispatcher.dispatchBubblingEvent(CompositeEventDispatcher.java:59)
	at javafx.base@21/com.sun.javafx.event.BasicEventDispatcher.dispatchEvent(BasicEventDispatcher.java:58)
	at javafx.base@21/com.sun.javafx.event.EventDispatchChainImpl.dispatchEvent(EventDispatchChainImpl.java:114)
	at javafx.base@21/com.sun.javafx.event.BasicEventDispatcher.dispatchEvent(BasicEventDispatcher.java:56)
	at javafx.base@21/com.sun.javafx.event.EventDispatchChainImpl.dispatchEvent(EventDispatchChainImpl.java:114)
	at javafx.base@21/com.sun.javafx.event.BasicEventDispatcher.dispatchEvent(BasicEventDispatcher.java:56)
	at javafx.base@21/com.sun.javafx.event.EventDispatchChainImpl.dispatchEvent(EventDispatchChainImpl.java:114)
	at javafx.base@21/com.sun.javafx.event.BasicEventDispatcher.dispatchEvent(BasicEventDispatcher.java:56)
	at javafx.base@21/com.sun.javafx.event.EventDispatchChainImpl.dispatchEvent(EventDispatchChainImpl.java:114)
	at javafx.base@21/com.sun.javafx.event.EventUtil.fireEventImpl(EventUtil.java:74)
	at javafx.base@21/com.sun.javafx.event.EventUtil.fireEvent(EventUtil.java:54)
	at javafx.base@21/javafx.event.Event.fireEvent(Event.java:198)
	at javafx.graphics@21/javafx.scene.Scene$MouseHandler.process(Scene.java:3984)
	at javafx.graphics@21/javafx.scene.Scene.processMouseEvent(Scene.java:1890)
	at javafx.graphics@21/javafx.scene.Scene$ScenePeerListener.mouseEvent(Scene.java:2708)
	at javafx.graphics@21/com.sun.javafx.tk.quantum.GlassViewEventHandler$MouseEventNotification.run(GlassViewEventHandler.java:411)
	at javafx.graphics@21/com.sun.javafx.tk.quantum.GlassViewEventHandler$MouseEventNotification.run(GlassViewEventHandler.java:301)
	at java.base/java.security.AccessController.doPrivileged(AccessController.java:400)
	at javafx.graphics@21/com.sun.javafx.tk.quantum.GlassViewEventHandler.lambda$handleMouseEvent$2(GlassViewEventHandler.java:450)
	at javafx.graphics@21/com.sun.javafx.tk.quantum.QuantumToolkit.runWithoutRenderLock(QuantumToolkit.java:424)
	at javafx.graphics@21/com.sun.javafx.tk.quantum.GlassViewEventHandler.handleMouseEvent(GlassViewEventHandler.java:449)
	at javafx.graphics@21/com.sun.glass.ui.View.handleMouseEvent(View.java:551)
	at javafx.graphics@21/com.sun.glass.ui.View.notifyMouse(View.java:937)
	at javafx.graphics@21/com.sun.glass.ui.win.WinApplication._runLoop(Native Method)
	at javafx.graphics@21/com.sun.glass.ui.win.WinApplication.lambda$runLoop$3(WinApplication.java:185)
	at java.base/java.lang.Thread.run(Thread.java:1583)

15:55:17.262 [JavaFX Application Thread] FATAL FXGLApplication      - Application will now exit
15:55:17.274 [JavaFX Application Thread] DEBUG PrimaryStageWindow   - Push state: ErrorSubScene
15:55:17.274 [JavaFX Application Thread] DEBUG Input                - Clearing active input actions
15:55:17.274 [JavaFX Application Thread] DEBUG GameApplicationServi - Removing overlay from GameScene and adding to ErrorSubScene
15:55:17.274 [JavaFX Application Thread] DEBUG PrimaryStageWindow   - GameScene -> ErrorSubScene
15:55:37.478 [JavaFX Application Thread] DEBUG FXGLApplication      - Exiting FXGL
15:55:37.478 [JavaFX Application Thread] DEBUG Async                - Shutting down background threads
15:55:37.479 [JavaFX Application Thread] DEBUG PrimaryStageWindow   - Closing main window
15:55:37.517 [JavaFX Application Thread] DEBUG Logger               - Closing Logger
