14:54:31.874 [main                     ] DEBUG Logger               - Configured Logger
14:54:31.896 [main                     ] DEBUG GameApplication      - Logging settings
Title: Pokemon
Version: 0.1
Width: 1024
Height: 800
Fullscreen: false
Intro: false
Profiling: false
Single step:false
App Mode: DEVELOPER
Menu Key: ESCAPE
Stage Style: DECORATED
Scene Factory: class com.almasb.fxgl.app.scene.SceneFactory

14:54:32.151 [JavaFX Application Thread] DEBUG FXGLApplication      - Initializing FXGL
14:54:32.154 [JavaFX Application Thread] INFO  Engine               - FXGL-21 (28.12.2023 13.35) on WINDOWS (J:21.0.4 FX:21)
14:54:32.154 [JavaFX Application Thread] DEBUG Engine               - JRE Vendor Name: Oracle Corporation
14:54:32.155 [JavaFX Application Thread] DEBUG Engine               - Running on OS: Windows 11 version 10.0
14:54:32.155 [JavaFX Application Thread] DEBUG Engine               - Architecture: amd64
14:54:32.155 [JavaFX Application Thread] INFO  Engine               - Source code and latest versions at: https://github.com/AlmasB/FXGL
14:54:32.155 [JavaFX Application Thread] INFO  Engine               -       Ask questions and discuss at: https://github.com/AlmasB/FXGL/discussions
14:54:32.155 [JavaFX Application Thread] INFO  Engine               -              Join the FXGL chat at: https://gitter.im/AlmasB/FXGL
14:54:32.219 [JavaFX Application Thread] DEBUG PrimaryStageWindow   - Creating a JavaFX scene
14:54:32.261 [JavaFX Application Thread] DEBUG PrimaryStageWindow   - Target settings size: 1024.0 x 800.0
14:54:32.261 [JavaFX Application Thread] DEBUG PrimaryStageWindow   - Scaled scene size:    1024.0 x 800.0
14:54:32.261 [JavaFX Application Thread] DEBUG PrimaryStageWindow   - Scaled ratio: (1.0, 1.0)
14:54:32.262 [JavaFX Application Thread] DEBUG PrimaryStageWindow   - Set initial scene to FXGLStartupScene
14:54:32.264 [JavaFX Application Thread] DEBUG PrimaryStageWindow   - Opening main window
14:54:32.325 [JavaFX Application Thread] DEBUG PrimaryStageWindow   - Window border size: (13.7142333984375, 36.5714111328125)
14:54:32.325 [JavaFX Application Thread] DEBUG PrimaryStageWindow   - Scaled size: 1024.0 x 800.0
14:54:32.325 [JavaFX Application Thread] DEBUG PrimaryStageWindow   - Scaled ratio: (1.0, 1.0)
14:54:32.325 [JavaFX Application Thread] DEBUG PrimaryStageWindow   - Scene size: 1024.0 x 800.0
14:54:32.325 [JavaFX Application Thread] DEBUG PrimaryStageWindow   - Stage size: 1037.7142333984375 x 836.5714111328125
14:54:32.331 [FXGL Background Thread 1 ] DEBUG Engine               - Initializing environment variables
14:54:32.375 [FXGL Background Thread 1 ] DEBUG FXGLAssetLoaderServi - User app class for loading assets: class org.example.pokemon.map.GameApp
14:54:32.375 [FXGL Background Thread 1 ] DEBUG GameApplicationServi - Applying CSS: fxgl_dark.css
14:54:32.376 [FXGL Background Thread 1 ] DEBUG FXGLAssetLoaderServi - Loading from file system: jar:file:///C:/Users/Kilig/.m2/repository/com/github/almasb/fxgl/21/fxgl-21.jar!/fxglassets/ui/css/fxgl_dark.css
14:54:32.430 [FXGL Background Thread 1 ] DEBUG GameApplicationServi - Initializing application scenes
14:54:32.481 [FXGL Background Thread 1 ] DEBUG GameWorld            - Game world initialized
14:54:32.522 [FXGL Background Thread 1 ] DEBUG PhysicsWorld         - Physics world initialized: appHeight=800, physics.ppm=50.0
14:54:32.522 [FXGL Background Thread 1 ] DEBUG PhysicsWorld         - Using strategy: BRUTE_FORCE
14:54:32.525 [FXGL Background Thread 1 ] DEBUG GameScene            - Game scene initialized: 1024x800
14:54:32.532 [FXGL Background Thread 1 ] DEBUG FXGL.DefaultMenu     - createMenuBodyGameMenu()
14:54:32.540 [FXGL Background Thread 1 ] DEBUG FXGL.DefaultMenu     - createOptionsMenu()
14:54:32.546 [FXGL Background Thread 1 ] DEBUG FXGLAssetLoaderServi - Loading from file system: jar:file:///C:/Users/Kilig/.m2/repository/com/github/almasb/fxgl/21/fxgl-21.jar!/fxglassets/textures/particles/smoke.png
14:54:32.609 [FXGL Background Thread 1 ] DEBUG FXGLAssetLoaderServi - Loading from file system: jar:file:///C:/Users/Kilig/.m2/repository/com/github/almasb/fxgl/21/fxgl-21.jar!/fxglassets/textures/particles/trace_horizontal.png
14:54:32.626 [FXGL Background Thread 1 ] DEBUG GameApplicationServi - Application scenes initialized
14:54:32.635 [FXGL Background Thread 1 ] DEBUG SystemBundleService  - Loading FXGL system data
14:54:32.639 [FXGL Background Thread 1 ] DEBUG FileSystemAccess     - Reading from: C:\Users\Kilig\Desktop\Pokemon\system\fxgl.bundle
14:54:32.644 [FXGL Background Thread 1 ] DEBUG SystemBundleService  - Bundle FXGL: {}
14:54:32.644 [FXGL Background Thread 1 ] DEBUG UpdaterService       - Checking for updates
14:54:32.647 [FXGL Background Thread 4 ] DEBUG FXGLApplication      - Loading fonts
14:54:32.647 [FXGL Background Thread 1 ] DEBUG FXGLApplication      - Loading default localization
14:54:32.647 [FXGL Background Thread 4 ] DEBUG FXGLAssetLoaderServi - Loading from file system: jar:file:///C:/Users/Kilig/.m2/repository/com/github/almasb/fxgl/21/fxgl-21.jar!/fxglassets/ui/fonts/VarelaRound-Regular.ttf
14:54:32.647 [FXGL Background Thread 1 ] DEBUG FXGLAssetLoaderServi - Loading from file system: jar:file:///C:/Users/Kilig/.m2/repository/com/github/almasb/fxgl/21/fxgl-21.jar!/fxglassets/languages/english.lang
14:54:32.674 [FXGL Background Thread 1 ] INFO  FXGLApplication      - FXGL initialization took: 0.343 sec
14:54:32.678 [FXGL Background Thread 4 ] DEBUG FXGLAssetLoaderServi - Loading from file system: jar:file:///C:/Users/Kilig/.m2/repository/com/github/almasb/fxgl/21/fxgl-21.jar!/fxglassets/ui/fonts/Abel-Regular.ttf
14:54:32.680 [JavaFX Application Thread] DEBUG Input                - Registered new binding: action0 - W
14:54:32.680 [JavaFX Application Thread] DEBUG Input                - Registered new binding: action1 - A
14:54:32.681 [JavaFX Application Thread] DEBUG Input                - Registered new binding: action2 - S
14:54:32.681 [JavaFX Application Thread] DEBUG Input                - Registered new binding: action3 - D
14:54:32.681 [JavaFX Application Thread] DEBUG Input                - Registered new binding: action4 - Up
14:54:32.681 [JavaFX Application Thread] DEBUG Input                - Registered new binding: action5 - Left
14:54:32.682 [JavaFX Application Thread] DEBUG Input                - Registered new binding: action6 - Down
14:54:32.682 [JavaFX Application Thread] DEBUG Input                - Registered new binding: action7 - Right
14:54:32.682 [JavaFX Application Thread] DEBUG FXGLAssetLoaderServi - Loading from file system: file:/C:/Users/Kilig/Desktop/Pokemon/target/classes/assets/music/BGM.mp3
14:54:32.687 [FXGL Background Thread 4 ] DEBUG FXGLAssetLoaderServi - Loading from file system: jar:file:///C:/Users/Kilig/.m2/repository/com/github/almasb/fxgl/21/fxgl-21.jar!/fxglassets/ui/fonts/TerminalLandMono-Regular.otf
14:54:32.695 [FXGL Background Thread 4 ] DEBUG FXGLAssetLoaderServi - Loading from file system: jar:file:///C:/Users/Kilig/.m2/repository/com/github/almasb/fxgl/21/fxgl-21.jar!/fxglassets/ui/fonts/Courier-Prime.ttf
14:54:32.801 [JavaFX Application Thread] DEBUG AudioPlayer          - Playing music com.almasb.fxgl.audio.Music@17fdcc39
14:54:32.801 [JavaFX Application Thread] DEBUG FXGLAssetLoaderServi - Loading from file system: jar:file:///C:/Users/Kilig/.m2/repository/com/github/almasb/fxgl/21/fxgl-21.jar!/fxglassets/textures/fxgl_icon.png
14:54:32.833 [JavaFX Application Thread] DEBUG FXGLAssetLoaderServi - Loading from file system: jar:file:///C:/Users/Kilig/.m2/repository/com/github/almasb/fxgl/21/fxgl-21.jar!/fxglassets/textures/fxgl_default_cursor.png
14:54:32.835 [JavaFX Application Thread] DEBUG Input                - Registered new binding: Screenshot - CTRL+8
14:54:32.835 [JavaFX Application Thread] DEBUG Input                - Registered new binding: System info dump - CTRL+9
14:54:32.836 [JavaFX Application Thread] DEBUG Input                - Registered new binding: Restart - CTRL+R
14:54:32.836 [JavaFX Application Thread] DEBUG Input                - Registered new binding: Toggle Debug Camera - CTRL+7
14:54:32.839 [JavaFX Application Thread] DEBUG LoopRunner           - Starting loop
14:54:32.839 [JavaFX Application Thread] DEBUG LoopRunner           - Initializing JavaFX AnimationTimerLoop
14:54:32.841 [JavaFX Application Thread] DEBUG GameApplicationServi - Starting new game
14:54:32.841 [JavaFX Application Thread] DEBUG Input                - Clearing active input actions
14:54:32.855 [JavaFX Application Thread] DEBUG GameApplicationServi - Removing overlay from FXGLStartupScene and adding to FXGLLoadingScene
14:54:32.856 [JavaFX Application Thread] DEBUG PrimaryStageWindow   - FXGLStartupScene -> FXGLLoadingScene
14:54:32.856 [JavaFX Application Thread] DEBUG GameApplicationServi - Clearing previous game
14:54:32.856 [JavaFX Application Thread] DEBUG GameScene            - Clearing game scene
14:54:32.856 [JavaFX Application Thread] DEBUG GameWorld            - Clearing game world
14:54:32.857 [JavaFX Application Thread] DEBUG PhysicsWorld         - Clearing physics world
14:54:32.858 [JavaFX Application Thread] DEBUG FXGLApplication      - Registering font factories with UI factory
14:54:32.858 [FXGL Background Thread 4 ] DEBUG FXGLApplication      - Initializing game
14:54:32.899 [FXGL Background Thread 4 ] WARN  TMXLevelLoader       - TiledMap generated from 1.8.4. Supported version: 1.9.0. Some features may not be parsed fully.
14:54:32.902 [FXGL Background Thread 4 ] DEBUG TMXLevelLoader       - Parsed TiledMap: file:/C:/Users/Kilig/Desktop/Pokemon/target/classes/assets/levels/level2.tmx
14:54:32.903 [FXGL Background Thread 4 ] DEBUG TMXLevelLoader       - Creating tile layer entities
14:54:32.905 [FXGL Background Thread 4 ] DEBUG TilesetLoader        - Loading view for layer 图块层 1
14:54:32.907 [FXGL Background Thread 4 ] DEBUG TilesetLoader        - Created buffer with size 1024.0x800.0
14:54:32.913 [FXGL Background Thread 4 ] DEBUG TMXLevelLoader       - Creating object layer entities
14:54:32.913 [FXGL Background Thread 4 ] DEBUG GameWorld            - Clearing removable entities
14:54:32.914 [FXGL Background Thread 4 ] DEBUG GameWorld            - Setting level: com.almasb.fxgl.entity.level.Level@16d581e0
14:54:32.930 [FXGL Background Thread 4 ] DEBUG FXGLAssetLoaderServi - Loading from file system: file:/C:/Users/Kilig/Desktop/Pokemon/target/classes/assets/textures/buLunDan2.png
14:54:32.949 [FXGL Background Thread 4 ] DEBUG FXGLAssetLoaderServi - Loading from file system: file:/C:/Users/Kilig/Desktop/Pokemon/target/classes/assets/textures/RacketTeam.png
14:54:32.955 [FXGL Background Thread 4 ] INFO  FXGLApplication      - Game initialization took: 0.096 sec
14:54:32.955 [JavaFX Application Thread] DEBUG Input                - Clearing active input actions
14:54:32.961 [JavaFX Application Thread] DEBUG GameApplicationServi - Removing overlay from FXGLLoadingScene and adding to GameScene
14:54:32.962 [JavaFX Application Thread] DEBUG PrimaryStageWindow   - FXGLLoadingScene -> GameScene
14:54:35.647 [FXGL Background Thread 3 ] DEBUG Engine               - Logging environment variables
14:54:35.648 [FXGL Background Thread 3 ] DEBUG Engine               - achievements: []
14:54:35.648 [FXGL Background Thread 3 ] DEBUG Engine               - actualHeight: 800.0
14:54:35.648 [FXGL Background Thread 3 ] DEBUG Engine               - actualHeightProperty: ReadOnlyDoubleProperty [value: 800.0]
14:54:35.648 [FXGL Background Thread 3 ] DEBUG Engine               - actualWidth: 1024.0
14:54:35.648 [FXGL Background Thread 3 ] DEBUG Engine               - actualWidthProperty: ReadOnlyDoubleProperty [value: 1024.0]
14:54:35.648 [FXGL Background Thread 3 ] DEBUG Engine               - appIcon: fxgl_icon.png
14:54:35.648 [FXGL Background Thread 3 ] DEBUG Engine               - applicationMode: DEVELOPER
14:54:35.648 [FXGL Background Thread 3 ] DEBUG Engine               - cSSList: [fxgl_dark.css]
14:54:35.648 [FXGL Background Thread 3 ] DEBUG Engine               - collisionDetectionStrategy: BRUTE_FORCE
14:54:35.648 [FXGL Background Thread 3 ] DEBUG Engine               - configClass: Optional.empty
14:54:35.648 [FXGL Background Thread 3 ] DEBUG Engine               - credits: []
14:54:35.648 [FXGL Background Thread 3 ] DEBUG Engine               - defaultCursor: CursorInfo(imageName=fxgl_default_cursor.png, hotspotX=7.0, hotspotY=6.0)
14:54:35.649 [FXGL Background Thread 3 ] DEBUG Engine               - devBBoxColorProperty: ObjectProperty [value: 0xff0000ff]
14:54:35.649 [FXGL Background Thread 3 ] DEBUG Engine               - devEnableDebugCameraProperty: BooleanProperty [value: false]
14:54:35.649 [FXGL Background Thread 3 ] DEBUG Engine               - devSensorColorProperty: ObjectProperty [value: 0xffff00ff]
14:54:35.649 [FXGL Background Thread 3 ] DEBUG Engine               - devShowBBoxProperty: BooleanProperty [value: false]
14:54:35.649 [FXGL Background Thread 3 ] DEBUG Engine               - devShowPositionProperty: BooleanProperty [value: false]
14:54:35.649 [FXGL Background Thread 3 ] DEBUG Engine               - enabledMenuItems: []
14:54:35.649 [FXGL Background Thread 3 ] DEBUG Engine               - engineServices: [class com.almasb.fxgl.app.services.FXGLAssetLoaderService, class com.almasb.fxgl.app.FXGLApplication$GameApplicationService, class com.almasb.fxgl.app.services.FXGLDialogService, class com.almasb.fxgl.app.services.IOTaskExecutorService, class com.almasb.fxgl.io.FileSystemService, class com.almasb.fxgl.localization.LocalizationService, class com.almasb.fxgl.app.services.SystemBundleService, class com.almasb.fxgl.profile.SaveLoadService, class com.almasb.fxgl.ui.FXGLUIFactoryServiceProvider, class com.almasb.fxgl.ui.FXGLDialogFactoryServiceProvider, class com.almasb.fxgl.audio.AudioPlayer, class com.almasb.fxgl.notification.impl.NotificationServiceProvider, class com.almasb.fxgl.achievement.AchievementService, class com.almasb.fxgl.cutscene.CutsceneService, class com.almasb.fxgl.minigames.MiniGameService, class com.almasb.fxgl.net.NetService, class com.almasb.fxgl.app.services.UpdaterService, class com.almasb.fxgl.dev.DevService]
14:54:35.649 [FXGL Background Thread 3 ] DEBUG Engine               - fontGame: Abel-Regular.ttf
14:54:35.649 [FXGL Background Thread 3 ] DEBUG Engine               - fontMono: TerminalLandMono-Regular.otf
14:54:35.649 [FXGL Background Thread 3 ] DEBUG Engine               - fontSizeScaleUI: 1.0
14:54:35.649 [FXGL Background Thread 3 ] DEBUG Engine               - fontText: Courier-Prime.ttf
14:54:35.649 [FXGL Background Thread 3 ] DEBUG Engine               - fontUI: VarelaRound-Regular.ttf
14:54:35.649 [FXGL Background Thread 3 ] DEBUG Engine               - fullScreen: BooleanProperty [value: false]
14:54:35.649 [FXGL Background Thread 3 ] DEBUG Engine               - gameDifficulty: MEDIUM
14:54:35.649 [FXGL Background Thread 3 ] DEBUG Engine               - gameDifficultyProperty: ObjectProperty [value: MEDIUM]
14:54:35.649 [FXGL Background Thread 3 ] DEBUG Engine               - globalMusicVolume: 0.5
14:54:35.649 [FXGL Background Thread 3 ] DEBUG Engine               - globalMusicVolumeProperty: DoubleProperty [value: 0.4]
14:54:35.649 [FXGL Background Thread 3 ] DEBUG Engine               - globalSoundVolume: 0.5
14:54:35.649 [FXGL Background Thread 3 ] DEBUG Engine               - globalSoundVolumeProperty: DoubleProperty [value: 0.5]
14:54:35.650 [FXGL Background Thread 3 ] DEBUG Engine               - height: 800
14:54:35.650 [FXGL Background Thread 3 ] DEBUG Engine               - is3D: false
14:54:35.650 [FXGL Background Thread 3 ] DEBUG Engine               - isAndroid: false
14:54:35.650 [FXGL Background Thread 3 ] DEBUG Engine               - isBrowser: false
14:54:35.650 [FXGL Background Thread 3 ] DEBUG Engine               - isClickFeedbackEnabled: false
14:54:35.650 [FXGL Background Thread 3 ] DEBUG Engine               - isCloseConfirmation: false
14:54:35.650 [FXGL Background Thread 3 ] DEBUG Engine               - isDesktop: true
14:54:35.652 [FXGL Background Thread 3 ] DEBUG Engine               - isDeveloperMenuEnabled: false
14:54:35.652 [FXGL Background Thread 3 ] DEBUG Engine               - isEmbedded: false
14:54:35.652 [FXGL Background Thread 3 ] DEBUG Engine               - isEntityPreloadEnabled: true
14:54:35.652 [FXGL Background Thread 3 ] DEBUG Engine               - isExperimentalTiledLargeMap: false
14:54:35.652 [FXGL Background Thread 3 ] DEBUG Engine               - isFileSystemWriteAllowed: true
14:54:35.652 [FXGL Background Thread 3 ] DEBUG Engine               - isFullScreenAllowed: false
14:54:35.652 [FXGL Background Thread 3 ] DEBUG Engine               - isFullScreenFromStart: false
14:54:35.652 [FXGL Background Thread 3 ] DEBUG Engine               - isGameMenuEnabled: true
14:54:35.652 [FXGL Background Thread 3 ] DEBUG Engine               - isIOS: false
14:54:35.652 [FXGL Background Thread 3 ] DEBUG Engine               - isIntroEnabled: false
14:54:35.652 [FXGL Background Thread 3 ] DEBUG Engine               - isLinux: false
14:54:35.652 [FXGL Background Thread 3 ] DEBUG Engine               - isMac: false
14:54:35.652 [FXGL Background Thread 3 ] DEBUG Engine               - isMainMenuEnabled: false
14:54:35.652 [FXGL Background Thread 3 ] DEBUG Engine               - isManualResizeEnabled: false
14:54:35.652 [FXGL Background Thread 3 ] DEBUG Engine               - isMobile: false
14:54:35.652 [FXGL Background Thread 3 ] DEBUG Engine               - isNative: false
14:54:35.652 [FXGL Background Thread 3 ] DEBUG Engine               - isPauseMusicWhenMinimized: true
14:54:35.652 [FXGL Background Thread 3 ] DEBUG Engine               - isPreserveResizeRatio: false
14:54:35.652 [FXGL Background Thread 3 ] DEBUG Engine               - isProfilingEnabled: false
14:54:35.652 [FXGL Background Thread 3 ] DEBUG Engine               - isScaleAffectedOnResize: true
14:54:35.652 [FXGL Background Thread 3 ] DEBUG Engine               - isSingleStep: false
14:54:35.652 [FXGL Background Thread 3 ] DEBUG Engine               - isUserProfileEnabled: false
14:54:35.652 [FXGL Background Thread 3 ] DEBUG Engine               - isWindows: true
14:54:35.653 [FXGL Background Thread 3 ] DEBUG Engine               - language: ObjectProperty [value: ENGLISH]
14:54:35.653 [FXGL Background Thread 3 ] DEBUG Engine               - menuKey: ESCAPE
14:54:35.653 [FXGL Background Thread 3 ] DEBUG Engine               - mouseSensitivity: 0.2
14:54:35.653 [FXGL Background Thread 3 ] DEBUG Engine               - notificationViewClass: class com.almasb.fxgl.notification.view.XboxNotificationView
14:54:35.653 [FXGL Background Thread 3 ] DEBUG Engine               - pixelsPerMeter: 50.0
14:54:35.653 [FXGL Background Thread 3 ] DEBUG Engine               - platform: WINDOWS
14:54:35.653 [FXGL Background Thread 3 ] DEBUG Engine               - prefHeightProperty: ReadOnlyDoubleProperty [value: 800.0]
14:54:35.653 [FXGL Background Thread 3 ] DEBUG Engine               - prefWidthProperty: ReadOnlyDoubleProperty [value: 1024.0]
14:54:35.653 [FXGL Background Thread 3 ] DEBUG Engine               - profileDir: profiles/
14:54:35.653 [FXGL Background Thread 3 ] DEBUG Engine               - profileName: StringProperty [value: DEFAULT]
14:54:35.653 [FXGL Background Thread 3 ] DEBUG Engine               - randomSeed: -1
14:54:35.653 [FXGL Background Thread 3 ] DEBUG Engine               - runtimeInfo: RuntimeInfo(platform=WINDOWS, version=21, build=28.12.2023 13.35)
14:54:35.653 [FXGL Background Thread 3 ] DEBUG Engine               - saveFileExt: sav
14:54:35.653 [FXGL Background Thread 3 ] DEBUG Engine               - scaledHeightProp$fxgl: DoubleProperty [bound, value: 800.0]
14:54:35.653 [FXGL Background Thread 3 ] DEBUG Engine               - scaledWidthProp$fxgl: DoubleProperty [bound, value: 1024.0]
14:54:35.653 [FXGL Background Thread 3 ] DEBUG Engine               - sceneFactory: com.almasb.fxgl.app.scene.SceneFactory@37c918e9
14:54:35.653 [FXGL Background Thread 3 ] DEBUG Engine               - secondsIn24h: 60
14:54:35.653 [FXGL Background Thread 3 ] DEBUG Engine               - soundMenuBack: menu/back.wav
14:54:35.653 [FXGL Background Thread 3 ] DEBUG Engine               - soundMenuPress: menu/press.wav
14:54:35.653 [FXGL Background Thread 3 ] DEBUG Engine               - soundMenuSelect: menu/select.wav
14:54:35.653 [FXGL Background Thread 3 ] DEBUG Engine               - soundNotification: core/notification.wav
14:54:35.653 [FXGL Background Thread 3 ] DEBUG Engine               - stageStyle: DECORATED
14:54:35.653 [FXGL Background Thread 3 ] DEBUG Engine               - supportedLanguages: [ENGLISH, FRENCH, GERMAN, HUNGARIAN, RUSSIAN]
14:54:35.653 [FXGL Background Thread 3 ] DEBUG Engine               - ticksPerSecond: -1
14:54:35.653 [FXGL Background Thread 3 ] DEBUG Engine               - title: Pokemon
14:54:35.653 [FXGL Background Thread 3 ] DEBUG Engine               - urlGithub: https://github.com/AlmasB/FXGL
14:54:35.653 [FXGL Background Thread 3 ] DEBUG Engine               - urlLeaderboard: http://fxgl-top.herokuapp.com/
14:54:35.653 [FXGL Background Thread 3 ] DEBUG Engine               - urlPOM: https://raw.githubusercontent.com/AlmasB/FXGL/release/README.md
14:54:35.653 [FXGL Background Thread 3 ] DEBUG Engine               - userAppClass: class org.example.pokemon.map.GameApp
14:54:35.653 [FXGL Background Thread 3 ] DEBUG Engine               - version: 0.1
14:54:35.653 [FXGL Background Thread 3 ] DEBUG Engine               - versionCheckDays: 7
14:54:35.653 [FXGL Background Thread 3 ] DEBUG Engine               - width: 1024
14:54:35.653 [FXGL Background Thread 3 ] DEBUG Engine               - Logging services
14:54:35.653 [FXGL Background Thread 3 ] DEBUG Engine               - class com.almasb.fxgl.app.services.FXGLAssetLoaderService
14:54:35.653 [FXGL Background Thread 3 ] DEBUG Engine               - class com.almasb.fxgl.app.FXGLApplication$GameApplicationService
14:54:35.654 [FXGL Background Thread 3 ] DEBUG Engine               - class com.almasb.fxgl.app.services.FXGLDialogService
14:54:35.654 [FXGL Background Thread 3 ] DEBUG Engine               - class com.almasb.fxgl.app.services.IOTaskExecutorService
14:54:35.654 [FXGL Background Thread 3 ] DEBUG Engine               - class com.almasb.fxgl.io.FileSystemService
14:54:35.654 [FXGL Background Thread 3 ] DEBUG Engine               - class com.almasb.fxgl.localization.LocalizationService
14:54:35.654 [FXGL Background Thread 3 ] DEBUG Engine               - class com.almasb.fxgl.app.services.SystemBundleService
14:54:35.654 [FXGL Background Thread 3 ] DEBUG Engine               - class com.almasb.fxgl.profile.SaveLoadService
14:54:35.654 [FXGL Background Thread 3 ] DEBUG Engine               - class com.almasb.fxgl.ui.FXGLUIFactoryServiceProvider
14:54:35.654 [FXGL Background Thread 3 ] DEBUG Engine               - class com.almasb.fxgl.ui.FXGLDialogFactoryServiceProvider
14:54:35.654 [FXGL Background Thread 3 ] DEBUG Engine               - class com.almasb.fxgl.audio.AudioPlayer
14:54:35.654 [FXGL Background Thread 3 ] DEBUG Engine               - class com.almasb.fxgl.notification.impl.NotificationServiceProvider
14:54:35.654 [FXGL Background Thread 3 ] DEBUG Engine               - class com.almasb.fxgl.achievement.AchievementService
14:54:35.654 [FXGL Background Thread 3 ] DEBUG Engine               - class com.almasb.fxgl.cutscene.CutsceneService
14:54:35.654 [FXGL Background Thread 3 ] DEBUG Engine               - class com.almasb.fxgl.minigames.MiniGameService
14:54:35.654 [FXGL Background Thread 3 ] DEBUG Engine               - class com.almasb.fxgl.net.NetService
14:54:35.654 [FXGL Background Thread 3 ] DEBUG Engine               - class com.almasb.fxgl.app.services.UpdaterService
14:54:35.654 [FXGL Background Thread 3 ] DEBUG Engine               - class com.almasb.fxgl.dev.DevService
14:54:37.220 [JavaFX Application Thread] DEBUG FXGLApplication      - Exiting FXGL
14:54:37.220 [JavaFX Application Thread] DEBUG LoopRunner           - Stopping loop
14:54:37.220 [JavaFX Application Thread] DEBUG SystemBundleService  - Saving FXGL system data
14:54:37.223 [JavaFX Application Thread] DEBUG FileSystemAccess     - Writing to: C:\Users\Kilig\Desktop\Pokemon\system\fxgl.bundle
14:54:37.226 [JavaFX Application Thread] DEBUG Async                - Shutting down background threads
14:54:37.226 [JavaFX Application Thread] DEBUG PrimaryStageWindow   - Closing main window
14:54:37.240 [JavaFX Application Thread] DEBUG Logger               - Closing Logger
